[0.319s] DEBUG:colcon:Command line arguments: ['/usr/bin/colcon', 'build', '--packages-select', 'ydlidar_ros2_driver']
[0.319s] DEBUG:colcon:Parsed command line arguments: Namespace(allow_overriding=[], ament_cmake_args=None, base_paths=['.'], build_base='build', catkin_cmake_args=None, catkin_skip_building_tests=False, cmake_args=None, cmake_clean_cache=False, cmake_clean_first=False, cmake_force_configure=False, cmake_target=None, cmake_target_skip_unavailable=False, continue_on_error=False, event_handlers=None, executor='parallel', ignore_user_meta=False, install_base='install', log_base=None, log_level=None, main=<bound method BuildVerb.main of <colcon_core.verb.build.BuildVerb object at 0x7f39080e9d00>>, merge_install=False, metas=['./colcon.meta'], packages_above=None, packages_above_and_dependencies=None, packages_above_depth=None, packages_end=None, packages_ignore=None, packages_ignore_regex=None, packages_select=['ydlidar_ros2_driver'], packages_select_build_failed=False, packages_select_by_dep=None, packages_select_regex=None, packages_select_test_failures=False, packages_skip=None, packages_skip_build_finished=False, packages_skip_by_dep=None, packages_skip_regex=None, packages_skip_test_passed=False, packages_skip_up_to=None, packages_start=None, packages_up_to=None, packages_up_to_regex=None, parallel_workers=12, paths=None, symlink_install=False, test_result_base=None, verb_extension=<colcon_core.verb.build.BuildVerb object at 0x7f39080e9d00>, verb_name='build', verb_parser=<colcon_defaults.argument_parser.defaults.DefaultArgumentsDecorator object at 0x7f39080f6220>)
[0.629s] Level 1:colcon.colcon_core.package_discovery:discover_packages(colcon_meta) check parameters
[0.629s] Level 1:colcon.colcon_core.package_discovery:discover_packages(recursive) check parameters
[0.629s] Level 1:colcon.colcon_core.package_discovery:discover_packages(ignore) check parameters
[0.630s] Level 1:colcon.colcon_core.package_discovery:discover_packages(path) check parameters
[0.630s] Level 1:colcon.colcon_core.package_discovery:discover_packages(colcon_meta) discover
[0.630s] Level 1:colcon.colcon_core.package_discovery:discover_packages(recursive) discover
[0.630s] INFO:colcon.colcon_core.package_discovery:Crawling recursively for packages in '/home/jucy/ydlidar_ws_11_29'
[0.630s] Level 1:colcon.colcon_core.package_identification:_identify(.) by extensions ['ignore', 'ignore_ament_install']
[0.630s] Level 1:colcon.colcon_core.package_identification:_identify(.) by extension 'ignore'
[0.630s] Level 1:colcon.colcon_core.package_identification:_identify(.) by extension 'ignore_ament_install'
[0.630s] Level 1:colcon.colcon_core.package_identification:_identify(.) by extensions ['colcon_pkg']
[0.630s] Level 1:colcon.colcon_core.package_identification:_identify(.) by extension 'colcon_pkg'
[0.630s] Level 1:colcon.colcon_core.package_identification:_identify(.) by extensions ['colcon_meta']
[0.631s] Level 1:colcon.colcon_core.package_identification:_identify(.) by extension 'colcon_meta'
[0.631s] Level 1:colcon.colcon_core.package_identification:_identify(.) by extensions ['ros']
[0.631s] Level 1:colcon.colcon_core.package_identification:_identify(.) by extension 'ros'
[0.645s] Level 1:colcon.colcon_core.package_identification:_identify(.) by extensions ['cmake', 'python']
[0.645s] Level 1:colcon.colcon_core.package_identification:_identify(.) by extension 'cmake'
[0.645s] Level 1:colcon.colcon_core.package_identification:_identify(.) by extension 'python'
[0.645s] Level 1:colcon.colcon_core.package_identification:_identify(.) by extensions ['python_setup_py']
[0.645s] Level 1:colcon.colcon_core.package_identification:_identify(.) by extension 'python_setup_py'
[0.645s] Level 1:colcon.colcon_core.package_identification:_identify(build) by extensions ['ignore', 'ignore_ament_install']
[0.645s] Level 1:colcon.colcon_core.package_identification:_identify(build) by extension 'ignore'
[0.645s] Level 1:colcon.colcon_core.package_identification:_identify(build) ignored
[0.645s] Level 1:colcon.colcon_core.package_identification:_identify(install) by extensions ['ignore', 'ignore_ament_install']
[0.645s] Level 1:colcon.colcon_core.package_identification:_identify(install) by extension 'ignore'
[0.645s] Level 1:colcon.colcon_core.package_identification:_identify(install) ignored
[0.645s] Level 1:colcon.colcon_core.package_identification:_identify(log) by extensions ['ignore', 'ignore_ament_install']
[0.645s] Level 1:colcon.colcon_core.package_identification:_identify(log) by extension 'ignore'
[0.646s] Level 1:colcon.colcon_core.package_identification:_identify(log) ignored
[0.646s] Level 1:colcon.colcon_core.package_identification:_identify(ydlidar_ws) by extensions ['ignore', 'ignore_ament_install']
[0.646s] Level 1:colcon.colcon_core.package_identification:_identify(ydlidar_ws) by extension 'ignore'
[0.646s] Level 1:colcon.colcon_core.package_identification:_identify(ydlidar_ws) by extension 'ignore_ament_install'
[0.646s] Level 1:colcon.colcon_core.package_identification:_identify(ydlidar_ws) by extensions ['colcon_pkg']
[0.646s] Level 1:colcon.colcon_core.package_identification:_identify(ydlidar_ws) by extension 'colcon_pkg'
[0.646s] Level 1:colcon.colcon_core.package_identification:_identify(ydlidar_ws) by extensions ['colcon_meta']
[0.646s] Level 1:colcon.colcon_core.package_identification:_identify(ydlidar_ws) by extension 'colcon_meta'
[0.646s] Level 1:colcon.colcon_core.package_identification:_identify(ydlidar_ws) by extensions ['ros']
[0.646s] Level 1:colcon.colcon_core.package_identification:_identify(ydlidar_ws) by extension 'ros'
[0.646s] Level 1:colcon.colcon_core.package_identification:_identify(ydlidar_ws) by extensions ['cmake', 'python']
[0.646s] Level 1:colcon.colcon_core.package_identification:_identify(ydlidar_ws) by extension 'cmake'
[0.646s] Level 1:colcon.colcon_core.package_identification:_identify(ydlidar_ws) by extension 'python'
[0.646s] Level 1:colcon.colcon_core.package_identification:_identify(ydlidar_ws) by extensions ['python_setup_py']
[0.646s] Level 1:colcon.colcon_core.package_identification:_identify(ydlidar_ws) by extension 'python_setup_py'
[0.646s] Level 1:colcon.colcon_core.package_identification:_identify(ydlidar_ws/build) by extensions ['ignore', 'ignore_ament_install']
[0.646s] Level 1:colcon.colcon_core.package_identification:_identify(ydlidar_ws/build) by extension 'ignore'
[0.646s] Level 1:colcon.colcon_core.package_identification:_identify(ydlidar_ws/build) ignored
[0.647s] Level 1:colcon.colcon_core.package_identification:_identify(ydlidar_ws/install) by extensions ['ignore', 'ignore_ament_install']
[0.647s] Level 1:colcon.colcon_core.package_identification:_identify(ydlidar_ws/install) by extension 'ignore'
[0.647s] Level 1:colcon.colcon_core.package_identification:_identify(ydlidar_ws/install) ignored
[0.647s] Level 1:colcon.colcon_core.package_identification:_identify(ydlidar_ws/log) by extensions ['ignore', 'ignore_ament_install']
[0.647s] Level 1:colcon.colcon_core.package_identification:_identify(ydlidar_ws/log) by extension 'ignore'
[0.647s] Level 1:colcon.colcon_core.package_identification:_identify(ydlidar_ws/log) ignored
[0.647s] Level 1:colcon.colcon_core.package_identification:_identify(ydlidar_ws/src) by extensions ['ignore', 'ignore_ament_install']
[0.647s] Level 1:colcon.colcon_core.package_identification:_identify(ydlidar_ws/src) by extension 'ignore'
[0.647s] Level 1:colcon.colcon_core.package_identification:_identify(ydlidar_ws/src) by extension 'ignore_ament_install'
[0.647s] Level 1:colcon.colcon_core.package_identification:_identify(ydlidar_ws/src) by extensions ['colcon_pkg']
[0.647s] Level 1:colcon.colcon_core.package_identification:_identify(ydlidar_ws/src) by extension 'colcon_pkg'
[0.647s] Level 1:colcon.colcon_core.package_identification:_identify(ydlidar_ws/src) by extensions ['colcon_meta']
[0.647s] Level 1:colcon.colcon_core.package_identification:_identify(ydlidar_ws/src) by extension 'colcon_meta'
[0.647s] Level 1:colcon.colcon_core.package_identification:_identify(ydlidar_ws/src) by extensions ['ros']
[0.647s] Level 1:colcon.colcon_core.package_identification:_identify(ydlidar_ws/src) by extension 'ros'
[0.647s] Level 1:colcon.colcon_core.package_identification:_identify(ydlidar_ws/src) by extensions ['cmake', 'python']
[0.647s] Level 1:colcon.colcon_core.package_identification:_identify(ydlidar_ws/src) by extension 'cmake'
[0.647s] Level 1:colcon.colcon_core.package_identification:_identify(ydlidar_ws/src) by extension 'python'
[0.647s] Level 1:colcon.colcon_core.package_identification:_identify(ydlidar_ws/src) by extensions ['python_setup_py']
[0.648s] Level 1:colcon.colcon_core.package_identification:_identify(ydlidar_ws/src) by extension 'python_setup_py'
[0.648s] Level 1:colcon.colcon_core.package_identification:_identify(ydlidar_ws/src/jdamr200_node) by extensions ['ignore', 'ignore_ament_install']
[0.648s] Level 1:colcon.colcon_core.package_identification:_identify(ydlidar_ws/src/jdamr200_node) by extension 'ignore'
[0.648s] Level 1:colcon.colcon_core.package_identification:_identify(ydlidar_ws/src/jdamr200_node) by extension 'ignore_ament_install'
[0.648s] Level 1:colcon.colcon_core.package_identification:_identify(ydlidar_ws/src/jdamr200_node) by extensions ['colcon_pkg']
[0.648s] Level 1:colcon.colcon_core.package_identification:_identify(ydlidar_ws/src/jdamr200_node) by extension 'colcon_pkg'
[0.648s] Level 1:colcon.colcon_core.package_identification:_identify(ydlidar_ws/src/jdamr200_node) by extensions ['colcon_meta']
[0.648s] Level 1:colcon.colcon_core.package_identification:_identify(ydlidar_ws/src/jdamr200_node) by extension 'colcon_meta'
[0.648s] Level 1:colcon.colcon_core.package_identification:_identify(ydlidar_ws/src/jdamr200_node) by extensions ['ros']
[0.648s] Level 1:colcon.colcon_core.package_identification:_identify(ydlidar_ws/src/jdamr200_node) by extension 'ros'
[0.650s] DEBUG:colcon.colcon_core.package_identification:Package 'ydlidar_ws/src/jdamr200_node' with type 'ros.ament_python' and name 'jdamr200_node'
[0.650s] Level 1:colcon.colcon_core.package_identification:_identify(ydlidar_ws/src/myagv_bringup) by extensions ['ignore', 'ignore_ament_install']
[0.650s] Level 1:colcon.colcon_core.package_identification:_identify(ydlidar_ws/src/myagv_bringup) by extension 'ignore'
[0.651s] Level 1:colcon.colcon_core.package_identification:_identify(ydlidar_ws/src/myagv_bringup) by extension 'ignore_ament_install'
[0.651s] Level 1:colcon.colcon_core.package_identification:_identify(ydlidar_ws/src/myagv_bringup) by extensions ['colcon_pkg']
[0.651s] Level 1:colcon.colcon_core.package_identification:_identify(ydlidar_ws/src/myagv_bringup) by extension 'colcon_pkg'
[0.651s] Level 1:colcon.colcon_core.package_identification:_identify(ydlidar_ws/src/myagv_bringup) by extensions ['colcon_meta']
[0.651s] Level 1:colcon.colcon_core.package_identification:_identify(ydlidar_ws/src/myagv_bringup) by extension 'colcon_meta'
[0.651s] Level 1:colcon.colcon_core.package_identification:_identify(ydlidar_ws/src/myagv_bringup) by extensions ['ros']
[0.651s] Level 1:colcon.colcon_core.package_identification:_identify(ydlidar_ws/src/myagv_bringup) by extension 'ros'
[0.651s] DEBUG:colcon.colcon_core.package_identification:Package 'ydlidar_ws/src/myagv_bringup' with type 'ros.ament_cmake' and name 'myagv_bringup'
[0.651s] Level 1:colcon.colcon_core.package_identification:_identify(ydlidar_ws/src/myagv_description) by extensions ['ignore', 'ignore_ament_install']
[0.651s] Level 1:colcon.colcon_core.package_identification:_identify(ydlidar_ws/src/myagv_description) by extension 'ignore'
[0.651s] Level 1:colcon.colcon_core.package_identification:_identify(ydlidar_ws/src/myagv_description) by extension 'ignore_ament_install'
[0.652s] Level 1:colcon.colcon_core.package_identification:_identify(ydlidar_ws/src/myagv_description) by extensions ['colcon_pkg']
[0.652s] Level 1:colcon.colcon_core.package_identification:_identify(ydlidar_ws/src/myagv_description) by extension 'colcon_pkg'
[0.652s] Level 1:colcon.colcon_core.package_identification:_identify(ydlidar_ws/src/myagv_description) by extensions ['colcon_meta']
[0.652s] Level 1:colcon.colcon_core.package_identification:_identify(ydlidar_ws/src/myagv_description) by extension 'colcon_meta'
[0.652s] Level 1:colcon.colcon_core.package_identification:_identify(ydlidar_ws/src/myagv_description) by extensions ['ros']
[0.652s] Level 1:colcon.colcon_core.package_identification:_identify(ydlidar_ws/src/myagv_description) by extension 'ros'
[0.652s] DEBUG:colcon.colcon_core.package_identification:Package 'ydlidar_ws/src/myagv_description' with type 'ros.ament_cmake' and name 'myagv_description'
[0.652s] Level 1:colcon.colcon_core.package_identification:_identify(ydlidar_ws/src/myagv_navigation2) by extensions ['ignore', 'ignore_ament_install']
[0.652s] Level 1:colcon.colcon_core.package_identification:_identify(ydlidar_ws/src/myagv_navigation2) by extension 'ignore'
[0.653s] Level 1:colcon.colcon_core.package_identification:_identify(ydlidar_ws/src/myagv_navigation2) by extension 'ignore_ament_install'
[0.653s] Level 1:colcon.colcon_core.package_identification:_identify(ydlidar_ws/src/myagv_navigation2) by extensions ['colcon_pkg']
[0.653s] Level 1:colcon.colcon_core.package_identification:_identify(ydlidar_ws/src/myagv_navigation2) by extension 'colcon_pkg'
[0.653s] Level 1:colcon.colcon_core.package_identification:_identify(ydlidar_ws/src/myagv_navigation2) by extensions ['colcon_meta']
[0.653s] Level 1:colcon.colcon_core.package_identification:_identify(ydlidar_ws/src/myagv_navigation2) by extension 'colcon_meta'
[0.654s] Level 1:colcon.colcon_core.package_identification:_identify(ydlidar_ws/src/myagv_navigation2) by extensions ['ros']
[0.654s] Level 1:colcon.colcon_core.package_identification:_identify(ydlidar_ws/src/myagv_navigation2) by extension 'ros'
[0.656s] DEBUG:colcon.colcon_core.package_identification:Package 'ydlidar_ws/src/myagv_navigation2' with type 'ros.ament_cmake' and name 'myagv_navigation2'
[0.656s] Level 1:colcon.colcon_core.package_identification:_identify(ydlidar_ws/src/ydlidar_ros2_driver) by extensions ['ignore', 'ignore_ament_install']
[0.657s] Level 1:colcon.colcon_core.package_identification:_identify(ydlidar_ws/src/ydlidar_ros2_driver) by extension 'ignore'
[0.657s] Level 1:colcon.colcon_core.package_identification:_identify(ydlidar_ws/src/ydlidar_ros2_driver) by extension 'ignore_ament_install'
[0.658s] Level 1:colcon.colcon_core.package_identification:_identify(ydlidar_ws/src/ydlidar_ros2_driver) by extensions ['colcon_pkg']
[0.658s] Level 1:colcon.colcon_core.package_identification:_identify(ydlidar_ws/src/ydlidar_ros2_driver) by extension 'colcon_pkg'
[0.658s] Level 1:colcon.colcon_core.package_identification:_identify(ydlidar_ws/src/ydlidar_ros2_driver) by extensions ['colcon_meta']
[0.658s] Level 1:colcon.colcon_core.package_identification:_identify(ydlidar_ws/src/ydlidar_ros2_driver) by extension 'colcon_meta'
[0.658s] Level 1:colcon.colcon_core.package_identification:_identify(ydlidar_ws/src/ydlidar_ros2_driver) by extensions ['ros']
[0.659s] Level 1:colcon.colcon_core.package_identification:_identify(ydlidar_ws/src/ydlidar_ros2_driver) by extension 'ros'
[0.661s] DEBUG:colcon.colcon_core.package_identification:Package 'ydlidar_ws/src/ydlidar_ros2_driver' with type 'ros.ament_cmake' and name 'ydlidar_ros2_driver'
[0.662s] Level 1:colcon.colcon_core.package_discovery:discover_packages(recursive) using defaults
[0.662s] Level 1:colcon.colcon_core.package_discovery:discover_packages(ignore) discover
[0.662s] Level 1:colcon.colcon_core.package_discovery:discover_packages(ignore) using defaults
[0.662s] Level 1:colcon.colcon_core.package_discovery:discover_packages(path) discover
[0.662s] Level 1:colcon.colcon_core.package_discovery:discover_packages(path) using defaults
[0.692s] INFO:colcon.colcon_core.package_selection:Skipping not selected package 'jdamr200_node' in 'ydlidar_ws/src/jdamr200_node'
[0.692s] INFO:colcon.colcon_core.package_selection:Skipping not selected package 'myagv_description' in 'ydlidar_ws/src/myagv_description'
[0.692s] INFO:colcon.colcon_core.package_selection:Skipping not selected package 'myagv_navigation2' in 'ydlidar_ws/src/myagv_navigation2'
[0.692s] INFO:colcon.colcon_core.package_selection:Skipping not selected package 'myagv_bringup' in 'ydlidar_ws/src/myagv_bringup'
[0.692s] Level 1:colcon.colcon_core.package_discovery:discover_packages(prefix_path) check parameters
[0.692s] Level 1:colcon.colcon_core.package_discovery:discover_packages(prefix_path) discover
[0.696s] DEBUG:colcon.colcon_installed_package_information.package_discovery:Found 5 installed packages in /home/jucy/ydlidar_ws_11_29/install
[0.696s] DEBUG:colcon.colcon_installed_package_information.package_discovery:Found 2 installed packages in /home/jucy/new_ws/install
[0.697s] DEBUG:colcon.colcon_installed_package_information.package_discovery:Found 17 installed packages in /home/jucy/turtlebot3_ws/install
[0.698s] DEBUG:colcon.colcon_installed_package_information.package_discovery:Found 3 installed packages in /home/jucy/ros2_ws/install
[0.698s] DEBUG:colcon.colcon_installed_package_information.package_discovery:Found 7 installed packages in /home/jucy/ydlidar_ros2_ws/install
[0.699s] DEBUG:colcon.colcon_installed_package_information.package_discovery:Found 1 installed packages in /home/jucy/ydlidar_ros2_wss/install
[0.700s] DEBUG:colcon.colcon_installed_package_information.package_discovery:Found 332 installed packages in /opt/ros/foxy
[0.712s] Level 1:colcon.colcon_core.package_discovery:discover_packages(prefix_path) using defaults
[0.827s] Level 5:colcon.colcon_core.verb:set package 'ydlidar_ros2_driver' build argument 'cmake_args' from command line to 'None'
[0.827s] Level 5:colcon.colcon_core.verb:set package 'ydlidar_ros2_driver' build argument 'cmake_target' from command line to 'None'
[0.827s] Level 5:colcon.colcon_core.verb:set package 'ydlidar_ros2_driver' build argument 'cmake_target_skip_unavailable' from command line to 'False'
[0.827s] Level 5:colcon.colcon_core.verb:set package 'ydlidar_ros2_driver' build argument 'cmake_clean_cache' from command line to 'False'
[0.827s] Level 5:colcon.colcon_core.verb:set package 'ydlidar_ros2_driver' build argument 'cmake_clean_first' from command line to 'False'
[0.827s] Level 5:colcon.colcon_core.verb:set package 'ydlidar_ros2_driver' build argument 'cmake_force_configure' from command line to 'False'
[0.827s] Level 5:colcon.colcon_core.verb:set package 'ydlidar_ros2_driver' build argument 'ament_cmake_args' from command line to 'None'
[0.827s] Level 5:colcon.colcon_core.verb:set package 'ydlidar_ros2_driver' build argument 'catkin_cmake_args' from command line to 'None'
[0.827s] Level 5:colcon.colcon_core.verb:set package 'ydlidar_ros2_driver' build argument 'catkin_skip_building_tests' from command line to 'False'
[0.827s] DEBUG:colcon.colcon_core.verb:Building package 'ydlidar_ros2_driver' with the following arguments: {'ament_cmake_args': None, 'build_base': '/home/jucy/ydlidar_ws_11_29/build/ydlidar_ros2_driver', 'catkin_cmake_args': None, 'catkin_skip_building_tests': False, 'cmake_args': None, 'cmake_clean_cache': False, 'cmake_clean_first': False, 'cmake_force_configure': False, 'cmake_target': None, 'cmake_target_skip_unavailable': False, 'install_base': '/home/jucy/ydlidar_ws_11_29/install/ydlidar_ros2_driver', 'merge_install': False, 'path': '/home/jucy/ydlidar_ws_11_29/ydlidar_ws/src/ydlidar_ros2_driver', 'symlink_install': False, 'test_result_base': None}
[0.827s] INFO:colcon.colcon_core.executor:Executing jobs using 'parallel' executor
[0.828s] DEBUG:colcon.colcon_parallel_executor.executor.parallel:run_until_complete
[0.829s] INFO:colcon.colcon_ros.task.ament_cmake.build:Building ROS package in '/home/jucy/ydlidar_ws_11_29/ydlidar_ws/src/ydlidar_ros2_driver' with build type 'ament_cmake'
[0.829s] INFO:colcon.colcon_cmake.task.cmake.build:Building CMake package in '/home/jucy/ydlidar_ws_11_29/ydlidar_ws/src/ydlidar_ros2_driver'
[0.831s] INFO:colcon.colcon_core.plugin_system:Skipping extension 'colcon_core.shell.bat': Not used on non-Windows systems
[0.831s] INFO:colcon.colcon_core.shell:Skip shell extension 'powershell' for command environment: Not usable outside of PowerShell
[0.831s] DEBUG:colcon.colcon_core.shell:Skip shell extension 'dsv' for command environment
[0.844s] DEBUG:colcon.colcon_core.event_handler.log_command:Invoking command in '/home/jucy/ydlidar_ws_11_29/build/ydlidar_ros2_driver': CMAKE_PREFIX_PATH=${CMAKE_PREFIX_PATH}:/home/jucy/ydlidar_ros2_ws/install/jdamr200_teleop:/home/jucy/ydlidar_ros2_ws/install/jdamr200_node:/home/jucy/turtlebot3_ws/install/turtlebot3_teleop:/home/jucy/turtlebot3_ws/install/turtlebot3_example:/home/jucy/turtlebot3_ws/install/nav2_goal_pulisher_test:/home/jucy/turtlebot3_ws/install/nav2_goal_publisher:/home/jucy/ros2_ws/install/camera_udp_communication:/home/jucy/ros2_ws/install/agv_control_py:/home/jucy/ydlidar_ws_11_29/install/jdamr200_node /usr/bin/cmake --build /home/jucy/ydlidar_ws_11_29/build/ydlidar_ros2_driver -- -j12 -l12
[0.985s] DEBUG:colcon.colcon_core.event_handler.log_command:Invoked command in '/home/jucy/ydlidar_ws_11_29/build/ydlidar_ros2_driver' returned '0': CMAKE_PREFIX_PATH=${CMAKE_PREFIX_PATH}:/home/jucy/ydlidar_ros2_ws/install/jdamr200_teleop:/home/jucy/ydlidar_ros2_ws/install/jdamr200_node:/home/jucy/turtlebot3_ws/install/turtlebot3_teleop:/home/jucy/turtlebot3_ws/install/turtlebot3_example:/home/jucy/turtlebot3_ws/install/nav2_goal_pulisher_test:/home/jucy/turtlebot3_ws/install/nav2_goal_publisher:/home/jucy/ros2_ws/install/camera_udp_communication:/home/jucy/ros2_ws/install/agv_control_py:/home/jucy/ydlidar_ws_11_29/install/jdamr200_node /usr/bin/cmake --build /home/jucy/ydlidar_ws_11_29/build/ydlidar_ros2_driver -- -j12 -l12
[1.002s] DEBUG:colcon.colcon_core.event_handler.log_command:Invoking command in '/home/jucy/ydlidar_ws_11_29/build/ydlidar_ros2_driver': CMAKE_PREFIX_PATH=${CMAKE_PREFIX_PATH}:/home/jucy/ydlidar_ros2_ws/install/jdamr200_teleop:/home/jucy/ydlidar_ros2_ws/install/jdamr200_node:/home/jucy/turtlebot3_ws/install/turtlebot3_teleop:/home/jucy/turtlebot3_ws/install/turtlebot3_example:/home/jucy/turtlebot3_ws/install/nav2_goal_pulisher_test:/home/jucy/turtlebot3_ws/install/nav2_goal_publisher:/home/jucy/ros2_ws/install/camera_udp_communication:/home/jucy/ros2_ws/install/agv_control_py:/home/jucy/ydlidar_ws_11_29/install/jdamr200_node /usr/bin/cmake --install /home/jucy/ydlidar_ws_11_29/build/ydlidar_ros2_driver
[1.242s] Level 1:colcon.colcon_core.environment:create_environment_scripts_only(ydlidar_ros2_driver)
[1.246s] DEBUG:colcon.colcon_core.event_handler.log_command:Invoked command in '/home/jucy/ydlidar_ws_11_29/build/ydlidar_ros2_driver' returned '0': CMAKE_PREFIX_PATH=${CMAKE_PREFIX_PATH}:/home/jucy/ydlidar_ros2_ws/install/jdamr200_teleop:/home/jucy/ydlidar_ros2_ws/install/jdamr200_node:/home/jucy/turtlebot3_ws/install/turtlebot3_teleop:/home/jucy/turtlebot3_ws/install/turtlebot3_example:/home/jucy/turtlebot3_ws/install/nav2_goal_pulisher_test:/home/jucy/turtlebot3_ws/install/nav2_goal_publisher:/home/jucy/ros2_ws/install/camera_udp_communication:/home/jucy/ros2_ws/install/agv_control_py:/home/jucy/ydlidar_ws_11_29/install/jdamr200_node /usr/bin/cmake --install /home/jucy/ydlidar_ws_11_29/build/ydlidar_ros2_driver
[1.253s] Level 1:colcon.colcon_core.environment:checking '/home/jucy/ydlidar_ws_11_29/install/ydlidar_ros2_driver' for CMake module files
[1.254s] Level 1:colcon.colcon_core.environment:checking '/home/jucy/ydlidar_ws_11_29/install/ydlidar_ros2_driver' for CMake config files
[1.255s] Level 1:colcon.colcon_core.shell:create_environment_hook('ydlidar_ros2_driver', 'cmake_prefix_path')
[1.256s] INFO:colcon.colcon_core.shell:Creating environment hook '/home/jucy/ydlidar_ws_11_29/install/ydlidar_ros2_driver/share/ydlidar_ros2_driver/hook/cmake_prefix_path.ps1'
[1.257s] INFO:colcon.colcon_core.shell:Creating environment descriptor '/home/jucy/ydlidar_ws_11_29/install/ydlidar_ros2_driver/share/ydlidar_ros2_driver/hook/cmake_prefix_path.dsv'
[1.258s] INFO:colcon.colcon_core.shell:Creating environment hook '/home/jucy/ydlidar_ws_11_29/install/ydlidar_ros2_driver/share/ydlidar_ros2_driver/hook/cmake_prefix_path.sh'
[1.260s] Level 1:colcon.colcon_core.environment:checking '/home/jucy/ydlidar_ws_11_29/install/ydlidar_ros2_driver/lib'
[1.260s] Level 1:colcon.colcon_core.environment:checking '/home/jucy/ydlidar_ws_11_29/install/ydlidar_ros2_driver/bin'
[1.260s] Level 1:colcon.colcon_core.environment:checking '/home/jucy/ydlidar_ws_11_29/install/ydlidar_ros2_driver/lib/pkgconfig/ydlidar_ros2_driver.pc'
[1.261s] Level 1:colcon.colcon_core.environment:checking '/home/jucy/ydlidar_ws_11_29/install/ydlidar_ros2_driver/lib/python3.8/site-packages'
[1.261s] Level 1:colcon.colcon_core.environment:checking '/home/jucy/ydlidar_ws_11_29/install/ydlidar_ros2_driver/bin'
[1.261s] INFO:colcon.colcon_core.shell:Creating package script '/home/jucy/ydlidar_ws_11_29/install/ydlidar_ros2_driver/share/ydlidar_ros2_driver/package.ps1'
[1.263s] INFO:colcon.colcon_core.shell:Creating package descriptor '/home/jucy/ydlidar_ws_11_29/install/ydlidar_ros2_driver/share/ydlidar_ros2_driver/package.dsv'
[1.263s] INFO:colcon.colcon_core.shell:Creating package script '/home/jucy/ydlidar_ws_11_29/install/ydlidar_ros2_driver/share/ydlidar_ros2_driver/package.sh'
[1.264s] INFO:colcon.colcon_core.shell:Creating package script '/home/jucy/ydlidar_ws_11_29/install/ydlidar_ros2_driver/share/ydlidar_ros2_driver/package.bash'
[1.265s] INFO:colcon.colcon_core.shell:Creating package script '/home/jucy/ydlidar_ws_11_29/install/ydlidar_ros2_driver/share/ydlidar_ros2_driver/package.zsh'
[1.266s] Level 1:colcon.colcon_core.environment:create_file_with_runtime_dependencies(/home/jucy/ydlidar_ws_11_29/install/ydlidar_ros2_driver/share/colcon-core/packages/ydlidar_ros2_driver)
[1.267s] Level 1:colcon.colcon_core.environment:create_environment_scripts_only(ydlidar_ros2_driver)
[1.267s] Level 1:colcon.colcon_core.environment:checking '/home/jucy/ydlidar_ws_11_29/install/ydlidar_ros2_driver' for CMake module files
[1.268s] Level 1:colcon.colcon_core.environment:checking '/home/jucy/ydlidar_ws_11_29/install/ydlidar_ros2_driver' for CMake config files
[1.268s] Level 1:colcon.colcon_core.shell:create_environment_hook('ydlidar_ros2_driver', 'cmake_prefix_path')
[1.269s] INFO:colcon.colcon_core.shell:Creating environment hook '/home/jucy/ydlidar_ws_11_29/install/ydlidar_ros2_driver/share/ydlidar_ros2_driver/hook/cmake_prefix_path.ps1'
[1.269s] INFO:colcon.colcon_core.shell:Creating environment descriptor '/home/jucy/ydlidar_ws_11_29/install/ydlidar_ros2_driver/share/ydlidar_ros2_driver/hook/cmake_prefix_path.dsv'
[1.270s] INFO:colcon.colcon_core.shell:Creating environment hook '/home/jucy/ydlidar_ws_11_29/install/ydlidar_ros2_driver/share/ydlidar_ros2_driver/hook/cmake_prefix_path.sh'
[1.270s] Level 1:colcon.colcon_core.environment:checking '/home/jucy/ydlidar_ws_11_29/install/ydlidar_ros2_driver/lib'
[1.270s] Level 1:colcon.colcon_core.environment:checking '/home/jucy/ydlidar_ws_11_29/install/ydlidar_ros2_driver/bin'
[1.270s] Level 1:colcon.colcon_core.environment:checking '/home/jucy/ydlidar_ws_11_29/install/ydlidar_ros2_driver/lib/pkgconfig/ydlidar_ros2_driver.pc'
[1.270s] Level 1:colcon.colcon_core.environment:checking '/home/jucy/ydlidar_ws_11_29/install/ydlidar_ros2_driver/lib/python3.8/site-packages'
[1.271s] Level 1:colcon.colcon_core.environment:checking '/home/jucy/ydlidar_ws_11_29/install/ydlidar_ros2_driver/bin'
[1.271s] INFO:colcon.colcon_core.shell:Creating package script '/home/jucy/ydlidar_ws_11_29/install/ydlidar_ros2_driver/share/ydlidar_ros2_driver/package.ps1'
[1.272s] INFO:colcon.colcon_core.shell:Creating package descriptor '/home/jucy/ydlidar_ws_11_29/install/ydlidar_ros2_driver/share/ydlidar_ros2_driver/package.dsv'
[1.272s] INFO:colcon.colcon_core.shell:Creating package script '/home/jucy/ydlidar_ws_11_29/install/ydlidar_ros2_driver/share/ydlidar_ros2_driver/package.sh'
[1.272s] INFO:colcon.colcon_core.shell:Creating package script '/home/jucy/ydlidar_ws_11_29/install/ydlidar_ros2_driver/share/ydlidar_ros2_driver/package.bash'
[1.273s] INFO:colcon.colcon_core.shell:Creating package script '/home/jucy/ydlidar_ws_11_29/install/ydlidar_ros2_driver/share/ydlidar_ros2_driver/package.zsh'
[1.273s] Level 1:colcon.colcon_core.environment:create_file_with_runtime_dependencies(/home/jucy/ydlidar_ws_11_29/install/ydlidar_ros2_driver/share/colcon-core/packages/ydlidar_ros2_driver)
[1.274s] DEBUG:colcon.colcon_parallel_executor.executor.parallel:closing loop
[1.274s] DEBUG:colcon.colcon_parallel_executor.executor.parallel:loop closed
[1.274s] DEBUG:colcon.colcon_parallel_executor.executor.parallel:run_until_complete finished with '0'
[1.274s] DEBUG:colcon.colcon_core.event_reactor:joining thread
[1.280s] INFO:colcon.colcon_core.plugin_system:Skipping extension 'colcon_notification.desktop_notification.terminal_notifier': Not used on non-Darwin systems
[1.280s] INFO:colcon.colcon_core.plugin_system:Skipping extension 'colcon_notification.desktop_notification.win32': Not used on non-Windows systems
[1.280s] INFO:colcon.colcon_notification.desktop_notification:Sending desktop notification using 'notify2'
[1.297s] DEBUG:colcon.colcon_core.event_reactor:joined thread
[1.298s] INFO:colcon.colcon_core.shell:Creating prefix script '/home/jucy/ydlidar_ws_11_29/install/local_setup.ps1'
[1.303s] INFO:colcon.colcon_core.shell:Creating prefix util module '/home/jucy/ydlidar_ws_11_29/install/_local_setup_util_ps1.py'
[1.308s] INFO:colcon.colcon_core.shell:Creating prefix chain script '/home/jucy/ydlidar_ws_11_29/install/setup.ps1'
[1.316s] INFO:colcon.colcon_core.shell:Creating prefix script '/home/jucy/ydlidar_ws_11_29/install/local_setup.sh'
[1.317s] INFO:colcon.colcon_core.shell:Creating prefix util module '/home/jucy/ydlidar_ws_11_29/install/_local_setup_util_sh.py'
[1.318s] INFO:colcon.colcon_core.shell:Creating prefix chain script '/home/jucy/ydlidar_ws_11_29/install/setup.sh'
[1.322s] INFO:colcon.colcon_core.shell:Creating prefix script '/home/jucy/ydlidar_ws_11_29/install/local_setup.bash'
[1.323s] INFO:colcon.colcon_core.shell:Creating prefix chain script '/home/jucy/ydlidar_ws_11_29/install/setup.bash'
[1.326s] INFO:colcon.colcon_core.shell:Creating prefix script '/home/jucy/ydlidar_ws_11_29/install/local_setup.zsh'
[1.327s] INFO:colcon.colcon_core.shell:Creating prefix chain script '/home/jucy/ydlidar_ws_11_29/install/setup.zsh'
