[5.491s] Invoking command in '/home/jucy/ydlidar_ws_11_29/ydlidar_ws/src/navigation2/nav2_bringup/nav2_gazebo_spawner': PYTHONPATH=/home/jucy/ydlidar_ws_11_29/build/nav2_gazebo_spawner/prefix_override:/usr/lib/python3/dist-packages/colcon_core/task/python/colcon_distutils_commands:/home/jucy/ydlidar_ws_11_29/install/nav2_gazebo_spawner/lib/python3.8/site-packages:${PYTHONPATH} /usr/bin/python3 -W ignore:setup.py install is deprecated -W ignore:easy_install command is deprecated setup.py egg_info --egg-base ../../../../../build/nav2_gazebo_spawner build --build-base /home/jucy/ydlidar_ws_11_29/build/nav2_gazebo_spawner/build install --record /home/jucy/ydlidar_ws_11_29/build/nav2_gazebo_spawner/install.log --install-scripts $base/lib/nav2_gazebo_spawner --single-version-externally-managed install_data
[5.738s] running egg_info
[5.739s] writing ../../../../../build/nav2_gazebo_spawner/nav2_gazebo_spawner.egg-info/PKG-INFO
[5.739s] writing dependency_links to ../../../../../build/nav2_gazebo_spawner/nav2_gazebo_spawner.egg-info/dependency_links.txt
[5.739s] writing entry points to ../../../../../build/nav2_gazebo_spawner/nav2_gazebo_spawner.egg-info/entry_points.txt
[5.739s] writing requirements to ../../../../../build/nav2_gazebo_spawner/nav2_gazebo_spawner.egg-info/requires.txt
[5.739s] writing top-level names to ../../../../../build/nav2_gazebo_spawner/nav2_gazebo_spawner.egg-info/top_level.txt
[5.856s] reading manifest file '../../../../../build/nav2_gazebo_spawner/nav2_gazebo_spawner.egg-info/SOURCES.txt'
[5.896s] writing manifest file '../../../../../build/nav2_gazebo_spawner/nav2_gazebo_spawner.egg-info/SOURCES.txt'
[5.898s] running build
[5.898s] running build_py
[5.904s] running install
[5.905s] running install_lib
[5.908s] running install_data
[5.908s] running install_egg_info
[5.910s] removing '/home/jucy/ydlidar_ws_11_29/install/nav2_gazebo_spawner/lib/python3.8/site-packages/nav2_gazebo_spawner-0.3.0-py3.8.egg-info' (and everything under it)
[5.911s] Copying ../../../../../build/nav2_gazebo_spawner/nav2_gazebo_spawner.egg-info to /home/jucy/ydlidar_ws_11_29/install/nav2_gazebo_spawner/lib/python3.8/site-packages/nav2_gazebo_spawner-0.3.0-py3.8.egg-info
[5.924s] running install_scripts
[5.942s] Installing nav2_gazebo_spawner script to /home/jucy/ydlidar_ws_11_29/install/nav2_gazebo_spawner/lib/nav2_gazebo_spawner
[5.942s] writing list of installed files to '/home/jucy/ydlidar_ws_11_29/build/nav2_gazebo_spawner/install.log'
[6.189s] Invoked command in '/home/jucy/ydlidar_ws_11_29/ydlidar_ws/src/navigation2/nav2_bringup/nav2_gazebo_spawner' returned '0': PYTHONPATH=/home/jucy/ydlidar_ws_11_29/build/nav2_gazebo_spawner/prefix_override:/usr/lib/python3/dist-packages/colcon_core/task/python/colcon_distutils_commands:/home/jucy/ydlidar_ws_11_29/install/nav2_gazebo_spawner/lib/python3.8/site-packages:${PYTHONPATH} /usr/bin/python3 -W ignore:setup.py install is deprecated -W ignore:easy_install command is deprecated setup.py egg_info --egg-base ../../../../../build/nav2_gazebo_spawner build --build-base /home/jucy/ydlidar_ws_11_29/build/nav2_gazebo_spawner/build install --record /home/jucy/ydlidar_ws_11_29/build/nav2_gazebo_spawner/install.log --install-scripts $base/lib/nav2_gazebo_spawner --single-version-externally-managed install_data
