[0.251s] Invoking command in '/home/jucy/ydlidar_ws_11_29/build/nav2_behavior_tree': CMAKE_PREFIX_PATH=/home/jucy/ydlidar_ws_11_29/install/nav2_util:/home/jucy/ydlidar_ws_11_29/install/nav2_msgs:/home/jucy/ydlidar_ws_11_29/install/nav2_common:/home/jucy/ydlidar_ws_11_29/install/ydlidar_ros2_driver:/home/jucy/ydlidar_ws_11_29/install/nav2_system_tests:/home/jucy/ydlidar_ws_11_29/install/myagv_navigation2:/home/jucy/ydlidar_ws_11_29/install/nav2_bringup:/home/jucy/ydlidar_ws_11_29/install/navigation2:/home/jucy/ydlidar_ws_11_29/install/smac_planner:/home/jucy/ydlidar_ws_11_29/install/nav2_dwb_controller:/home/jucy/ydlidar_ws_11_29/install/nav2_controller:/home/jucy/ydlidar_ws_11_29/install/dwb_plugins:/home/jucy/ydlidar_ws_11_29/install/dwb_critics:/home/jucy/ydlidar_ws_11_29/install/dwb_core:/home/jucy/ydlidar_ws_11_29/install/nav_2d_utils:/home/jucy/ydlidar_ws_11_29/install/dwb_msgs:/home/jucy/ydlidar_ws_11_29/install/nav_2d_msgs:/home/jucy/ydlidar_ws_11_29/install/nav2_waypoint_follower:/home/jucy/ydlidar_ws_11_29/install/nav2_regulated_pure_pursuit_controller:/home/jucy/ydlidar_ws_11_29/install/nav2_recoveries:/home/jucy/ydlidar_ws_11_29/install/nav2_planner:/home/jucy/ydlidar_ws_11_29/install/nav2_navfn_planner:/home/jucy/ydlidar_ws_11_29/install/nav2_core:/home/jucy/ydlidar_ws_11_29/install/costmap_queue:/home/jucy/ydlidar_ws_11_29/install/nav2_costmap_2d:/home/jucy/ydlidar_ws_11_29/install/nav2_voxel_grid:/home/jucy/ydlidar_ws_11_29/install/nav2_rviz_plugins:/home/jucy/ydlidar_ws_11_29/install/nav2_map_server:/home/jucy/ydlidar_ws_11_29/install/nav2_lifecycle_manager:/home/jucy/ydlidar_ws_11_29/install/nav2_bt_navigator:/home/jucy/ydlidar_ws_11_29/install/nav2_behavior_tree:/home/jucy/ydlidar_ws_11_29/install/nav2_amcl:/home/jucy/ydlidar_ws_11_29/install/myagv_bringup:/home/jucy/ydlidar_ws_11_29/install/myagv_description:/home/jucy/new_ws/install/myagv_description:/home/jucy/new_ws/install/aseembly:/home/jucy/turtlebot3_ws/install/turtlebot3:/home/jucy/turtlebot3_ws/install/turtlebot3_simulations:/home/jucy/turtlebot3_ws/install/turtlebot3_bringup:/home/jucy/turtlebot3_ws/install/turtlebot3_node:/home/jucy/turtlebot3_ws/install/turtlebot3_navigation2:/home/jucy/turtlebot3_ws/install/turtlebot3_fake_node:/home/jucy/turtlebot3_ws/install/turtlebot3_msgs:/home/jucy/turtlebot3_ws/install/turtlebot3_gazebo:/home/jucy/turtlebot3_ws/install/turtlebot3_description:/home/jucy/turtlebot3_ws/install/turtlebot3_cartographer:/home/jucy/turtlebot3_ws/install/dynamixel_sdk_examples:/home/jucy/turtlebot3_ws/install/dynamixel_sdk_custom_interfaces:/home/jucy/turtlebot3_ws/install/dynamixel_sdk:/home/jucy/ros2_ws/install/ps2_controller:/home/jucy/ydlidar_ros2_ws/install/ydlidar_ros2_driver:/home/jucy/ydlidar_ros2_ws/install/ps2_controller:/home/jucy/ydlidar_ros2_ws/install/myagv_navigation2:/home/jucy/ydlidar_ros2_ws/install/myagv_bringup:/home/jucy/ydlidar_ros2_ws/install/myagv_description:/home/jucy/ydlidar_ros2_wss/install/ydlidar_ros2_driver:/opt/ros/foxy:/opt/ros/foxy:/home/jucy/ydlidar_ws_11_29/install/nav2_gazebo_spawner:/home/jucy/ydlidar_ws_11_29/install/jdamr200_node:/home/jucy/turtlebot3_ws/install/turtlebot3_teleop:/home/jucy/turtlebot3_ws/install/turtlebot3_example:/home/jucy/turtlebot3_ws/install/nav2_goal_pulisher_test:/home/jucy/turtlebot3_ws/install/nav2_goal_publisher:/home/jucy/ros2_ws/install/camera_udp_communication:/home/jucy/ros2_ws/install/agv_control_py:/home/jucy/ydlidar_ros2_ws/install/jdamr200_teleop:/home/jucy/ydlidar_ros2_ws/install/jdamr200_node LD_LIBRARY_PATH=/home/jucy/ydlidar_ws_11_29/install/nav2_util/lib:/home/jucy/ydlidar_ws_11_29/install/nav2_msgs/lib:/home/jucy/ydlidar_ws_11_29/install/smac_planner/lib:/home/jucy/ydlidar_ws_11_29/install/nav2_controller/lib:/home/jucy/ydlidar_ws_11_29/install/dwb_plugins/lib:/home/jucy/ydlidar_ws_11_29/install/dwb_critics/lib:/home/jucy/ydlidar_ws_11_29/install/dwb_core/lib:/home/jucy/ydlidar_ws_11_29/install/nav_2d_utils/lib:/home/jucy/ydlidar_ws_11_29/install/dwb_msgs/lib:/home/jucy/ydlidar_ws_11_29/install/nav_2d_msgs/lib:/home/jucy/ydlidar_ws_11_29/install/nav2_waypoint_follower/lib:/home/jucy/ydlidar_ws_11_29/install/nav2_regulated_pure_pursuit_controller/lib:/home/jucy/ydlidar_ws_11_29/install/nav2_recoveries/lib:/home/jucy/ydlidar_ws_11_29/install/nav2_planner/lib:/home/jucy/ydlidar_ws_11_29/install/nav2_navfn_planner/lib:/home/jucy/ydlidar_ws_11_29/install/costmap_queue/lib:/home/jucy/ydlidar_ws_11_29/install/nav2_costmap_2d/lib:/home/jucy/ydlidar_ws_11_29/install/nav2_voxel_grid/lib:/home/jucy/ydlidar_ws_11_29/install/nav2_rviz_plugins/lib:/home/jucy/ydlidar_ws_11_29/install/nav2_map_server/lib:/home/jucy/ydlidar_ws_11_29/install/nav2_lifecycle_manager/lib:/home/jucy/ydlidar_ws_11_29/install/nav2_bt_navigator/lib:/home/jucy/ydlidar_ws_11_29/install/nav2_behavior_tree/lib:/home/jucy/ydlidar_ws_11_29/install/nav2_amcl/lib:/home/jucy/turtlebot3_ws/install/turtlebot3_msgs/lib:/home/jucy/turtlebot3_ws/install/dynamixel_sdk_custom_interfaces/lib:/home/jucy/turtlebot3_ws/install/dynamixel_sdk/lib:/usr/lib/x86_64-linux-gnu/gazebo-11/plugins:/opt/ros/foxy/opt/yaml_cpp_vendor/lib:/opt/ros/foxy/opt/rviz_ogre_vendor/lib:/opt/ros/foxy/lib/x86_64-linux-gnu:/opt/ros/foxy/lib PYTHONPATH=/home/jucy/ydlidar_ws_11_29/install/nav2_msgs/lib/python3.8/site-packages:/home/jucy/ydlidar_ws_11_29/install/nav2_common/lib/python3.8/site-packages:/home/jucy/ydlidar_ws_11_29/install/dwb_msgs/lib/python3.8/site-packages:/home/jucy/ydlidar_ws_11_29/install/nav_2d_msgs/lib/python3.8/site-packages:/home/jucy/ydlidar_ws_11_29/install/nav2_gazebo_spawner/lib/python3.8/site-packages:/home/jucy/ydlidar_ws_11_29/install/jdamr200_node/lib/python3.8/site-packages:/home/jucy/turtlebot3_ws/install/turtlebot3_teleop/lib/python3.8/site-packages:/home/jucy/turtlebot3_ws/install/turtlebot3_example/lib/python3.8/site-packages:/home/jucy/turtlebot3_ws/install/turtlebot3_msgs/lib/python3.8/site-packages:/home/jucy/turtlebot3_ws/install/nav2_goal_pulisher_test/lib/python3.8/site-packages:/home/jucy/turtlebot3_ws/install/nav2_goal_publisher/lib/python3.8/site-packages:/home/jucy/turtlebot3_ws/install/dynamixel_sdk_custom_interfaces/lib/python3.8/site-packages:/home/jucy/ros2_ws/install/camera_udp_communication/lib/python3.8/site-packages:/home/jucy/ros2_ws/install/agv_control_py/lib/python3.8/site-packages:/home/jucy/ydlidar_ros2_ws/install/jdamr200_teleop/lib/python3.8/site-packages:/home/jucy/ydlidar_ros2_ws/install/jdamr200_node/lib/python3.8/site-packages:/usr/bin/python3.8:/opt/ros/foxy/lib/python3.8/site-packages /usr/bin/cmake --build /home/jucy/ydlidar_ws_11_29/build/nav2_behavior_tree -- -j12 -l12
[0.881s] [  2%] Built target nav2_is_stuck_condition_bt_node
[0.885s] [  4%] Built target nav2_transform_available_condition_bt_node
[0.888s] [  6%] Built target nav2_wait_action_bt_node
[0.888s] [  8%] Built target nav2_goal_reached_condition_bt_node
[0.889s] [ 10%] Built target nav2_initial_pose_received_condition_bt_node
[0.891s] [ 12%] Built target nav2_goal_updated_condition_bt_node
[0.893s] [ 14%] Built target nav2_pipeline_sequence_bt_node
[0.904s] [ 16%] Built target nav2_goal_updater_node_bt_node
[0.905s] [ 18%] Built target nav2_spin_action_bt_node
[0.916s] [ 20%] Built target nav2_compute_path_to_pose_action_bt_node
[0.916s] [ 22%] Built target nav2_behavior_tree
[0.919s] [ 24%] Built target nav2_follow_path_action_bt_node
[0.949s] [ 26%] Built target nav2_distance_traveled_condition_bt_node
[0.999s] [ 28%] Built target nav2_time_expired_condition_bt_node
[1.057s] [ 30%] Built target nav2_is_battery_low_condition_bt_node
[1.082s] [ 32%] Built target nav2_recovery_node_bt_node
[1.085s] [ 34%] Built target nav2_reinitialize_global_localization_service_bt_node
[1.143s] [ 36%] Built target nav2_distance_controller_bt_node
[1.144s] [ 38%] Built target nav2_rate_controller_bt_node
[1.151s] [ 40%] Built target nav2_round_robin_node_bt_node
[1.268s] [ 42%] Built target gtest
[1.306s] [ 44%] Built target nav2_clear_costmap_service_bt_node
[1.317s] [ 46%] Built target gtest_main
[1.326s] [ 48%] Built target nav2_speed_controller_bt_node
[1.332s] [ 51%] Built target nav2_truncate_path_action_bt_node
[1.340s] [ 53%] Built target nav2_navigate_to_pose_action_bt_node
[1.345s] [ 55%] Built target nav2_back_up_action_bt_node
[1.476s] [ 57%] Built target test_condition_distance_traveled
[1.481s] [ 59%] Built target test_condition_initial_pose_received
[1.482s] [ 61%] Built target test_condition_is_battery_low
[1.483s] [ 65%] Built target test_condition_goal_reached
[1.483s] [ 65%] Built target test_condition_time_expired
[1.483s] [ 67%] Built target test_condition_goal_updated
[1.486s] [ 69%] Built target test_goal_updater_node
[1.487s] [ 71%] Built target test_condition_transform_available
[1.491s] [ 73%] Built target test_decorator_speed_controller
[1.494s] [ 75%] Built target test_decorator_rate_controller
[1.498s] [ 77%] Built target test_condition_is_stuck
[1.513s] [ 79%] Built target test_bt_conversions
[1.580s] [ 81%] Built target test_control_round_robin_node
[1.581s] [ 83%] Built target test_decorator_distance_controller
[1.773s] [ 85%] Built target test_action_clear_costmap_service
[1.820s] [ 87%] Built target test_action_navigate_to_pose_action
[1.822s] [ 89%] Built target test_control_pipeline_sequence
[1.834s] [ 91%] Built target test_control_recovery_node
[1.836s] [ 93%] Built target test_truncate_path_action
[1.849s] [ 95%] Built target test_action_reinitialize_global_localization_service
[1.864s] [ 97%] Built target test_action_compute_path_to_pose_action
[1.868s] [100%] Built target test_action_follow_path_action
[1.885s] Invoked command in '/home/jucy/ydlidar_ws_11_29/build/nav2_behavior_tree' returned '0': CMAKE_PREFIX_PATH=/home/jucy/ydlidar_ws_11_29/install/nav2_util:/home/jucy/ydlidar_ws_11_29/install/nav2_msgs:/home/jucy/ydlidar_ws_11_29/install/nav2_common:/home/jucy/ydlidar_ws_11_29/install/ydlidar_ros2_driver:/home/jucy/ydlidar_ws_11_29/install/nav2_system_tests:/home/jucy/ydlidar_ws_11_29/install/myagv_navigation2:/home/jucy/ydlidar_ws_11_29/install/nav2_bringup:/home/jucy/ydlidar_ws_11_29/install/navigation2:/home/jucy/ydlidar_ws_11_29/install/smac_planner:/home/jucy/ydlidar_ws_11_29/install/nav2_dwb_controller:/home/jucy/ydlidar_ws_11_29/install/nav2_controller:/home/jucy/ydlidar_ws_11_29/install/dwb_plugins:/home/jucy/ydlidar_ws_11_29/install/dwb_critics:/home/jucy/ydlidar_ws_11_29/install/dwb_core:/home/jucy/ydlidar_ws_11_29/install/nav_2d_utils:/home/jucy/ydlidar_ws_11_29/install/dwb_msgs:/home/jucy/ydlidar_ws_11_29/install/nav_2d_msgs:/home/jucy/ydlidar_ws_11_29/install/nav2_waypoint_follower:/home/jucy/ydlidar_ws_11_29/install/nav2_regulated_pure_pursuit_controller:/home/jucy/ydlidar_ws_11_29/install/nav2_recoveries:/home/jucy/ydlidar_ws_11_29/install/nav2_planner:/home/jucy/ydlidar_ws_11_29/install/nav2_navfn_planner:/home/jucy/ydlidar_ws_11_29/install/nav2_core:/home/jucy/ydlidar_ws_11_29/install/costmap_queue:/home/jucy/ydlidar_ws_11_29/install/nav2_costmap_2d:/home/jucy/ydlidar_ws_11_29/install/nav2_voxel_grid:/home/jucy/ydlidar_ws_11_29/install/nav2_rviz_plugins:/home/jucy/ydlidar_ws_11_29/install/nav2_map_server:/home/jucy/ydlidar_ws_11_29/install/nav2_lifecycle_manager:/home/jucy/ydlidar_ws_11_29/install/nav2_bt_navigator:/home/jucy/ydlidar_ws_11_29/install/nav2_behavior_tree:/home/jucy/ydlidar_ws_11_29/install/nav2_amcl:/home/jucy/ydlidar_ws_11_29/install/myagv_bringup:/home/jucy/ydlidar_ws_11_29/install/myagv_description:/home/jucy/new_ws/install/myagv_description:/home/jucy/new_ws/install/aseembly:/home/jucy/turtlebot3_ws/install/turtlebot3:/home/jucy/turtlebot3_ws/install/turtlebot3_simulations:/home/jucy/turtlebot3_ws/install/turtlebot3_bringup:/home/jucy/turtlebot3_ws/install/turtlebot3_node:/home/jucy/turtlebot3_ws/install/turtlebot3_navigation2:/home/jucy/turtlebot3_ws/install/turtlebot3_fake_node:/home/jucy/turtlebot3_ws/install/turtlebot3_msgs:/home/jucy/turtlebot3_ws/install/turtlebot3_gazebo:/home/jucy/turtlebot3_ws/install/turtlebot3_description:/home/jucy/turtlebot3_ws/install/turtlebot3_cartographer:/home/jucy/turtlebot3_ws/install/dynamixel_sdk_examples:/home/jucy/turtlebot3_ws/install/dynamixel_sdk_custom_interfaces:/home/jucy/turtlebot3_ws/install/dynamixel_sdk:/home/jucy/ros2_ws/install/ps2_controller:/home/jucy/ydlidar_ros2_ws/install/ydlidar_ros2_driver:/home/jucy/ydlidar_ros2_ws/install/ps2_controller:/home/jucy/ydlidar_ros2_ws/install/myagv_navigation2:/home/jucy/ydlidar_ros2_ws/install/myagv_bringup:/home/jucy/ydlidar_ros2_ws/install/myagv_description:/home/jucy/ydlidar_ros2_wss/install/ydlidar_ros2_driver:/opt/ros/foxy:/opt/ros/foxy:/home/jucy/ydlidar_ws_11_29/install/nav2_gazebo_spawner:/home/jucy/ydlidar_ws_11_29/install/jdamr200_node:/home/jucy/turtlebot3_ws/install/turtlebot3_teleop:/home/jucy/turtlebot3_ws/install/turtlebot3_example:/home/jucy/turtlebot3_ws/install/nav2_goal_pulisher_test:/home/jucy/turtlebot3_ws/install/nav2_goal_publisher:/home/jucy/ros2_ws/install/camera_udp_communication:/home/jucy/ros2_ws/install/agv_control_py:/home/jucy/ydlidar_ros2_ws/install/jdamr200_teleop:/home/jucy/ydlidar_ros2_ws/install/jdamr200_node LD_LIBRARY_PATH=/home/jucy/ydlidar_ws_11_29/install/nav2_util/lib:/home/jucy/ydlidar_ws_11_29/install/nav2_msgs/lib:/home/jucy/ydlidar_ws_11_29/install/smac_planner/lib:/home/jucy/ydlidar_ws_11_29/install/nav2_controller/lib:/home/jucy/ydlidar_ws_11_29/install/dwb_plugins/lib:/home/jucy/ydlidar_ws_11_29/install/dwb_critics/lib:/home/jucy/ydlidar_ws_11_29/install/dwb_core/lib:/home/jucy/ydlidar_ws_11_29/install/nav_2d_utils/lib:/home/jucy/ydlidar_ws_11_29/install/dwb_msgs/lib:/home/jucy/ydlidar_ws_11_29/install/nav_2d_msgs/lib:/home/jucy/ydlidar_ws_11_29/install/nav2_waypoint_follower/lib:/home/jucy/ydlidar_ws_11_29/install/nav2_regulated_pure_pursuit_controller/lib:/home/jucy/ydlidar_ws_11_29/install/nav2_recoveries/lib:/home/jucy/ydlidar_ws_11_29/install/nav2_planner/lib:/home/jucy/ydlidar_ws_11_29/install/nav2_navfn_planner/lib:/home/jucy/ydlidar_ws_11_29/install/costmap_queue/lib:/home/jucy/ydlidar_ws_11_29/install/nav2_costmap_2d/lib:/home/jucy/ydlidar_ws_11_29/install/nav2_voxel_grid/lib:/home/jucy/ydlidar_ws_11_29/install/nav2_rviz_plugins/lib:/home/jucy/ydlidar_ws_11_29/install/nav2_map_server/lib:/home/jucy/ydlidar_ws_11_29/install/nav2_lifecycle_manager/lib:/home/jucy/ydlidar_ws_11_29/install/nav2_bt_navigator/lib:/home/jucy/ydlidar_ws_11_29/install/nav2_behavior_tree/lib:/home/jucy/ydlidar_ws_11_29/install/nav2_amcl/lib:/home/jucy/turtlebot3_ws/install/turtlebot3_msgs/lib:/home/jucy/turtlebot3_ws/install/dynamixel_sdk_custom_interfaces/lib:/home/jucy/turtlebot3_ws/install/dynamixel_sdk/lib:/usr/lib/x86_64-linux-gnu/gazebo-11/plugins:/opt/ros/foxy/opt/yaml_cpp_vendor/lib:/opt/ros/foxy/opt/rviz_ogre_vendor/lib:/opt/ros/foxy/lib/x86_64-linux-gnu:/opt/ros/foxy/lib PYTHONPATH=/home/jucy/ydlidar_ws_11_29/install/nav2_msgs/lib/python3.8/site-packages:/home/jucy/ydlidar_ws_11_29/install/nav2_common/lib/python3.8/site-packages:/home/jucy/ydlidar_ws_11_29/install/dwb_msgs/lib/python3.8/site-packages:/home/jucy/ydlidar_ws_11_29/install/nav_2d_msgs/lib/python3.8/site-packages:/home/jucy/ydlidar_ws_11_29/install/nav2_gazebo_spawner/lib/python3.8/site-packages:/home/jucy/ydlidar_ws_11_29/install/jdamr200_node/lib/python3.8/site-packages:/home/jucy/turtlebot3_ws/install/turtlebot3_teleop/lib/python3.8/site-packages:/home/jucy/turtlebot3_ws/install/turtlebot3_example/lib/python3.8/site-packages:/home/jucy/turtlebot3_ws/install/turtlebot3_msgs/lib/python3.8/site-packages:/home/jucy/turtlebot3_ws/install/nav2_goal_pulisher_test/lib/python3.8/site-packages:/home/jucy/turtlebot3_ws/install/nav2_goal_publisher/lib/python3.8/site-packages:/home/jucy/turtlebot3_ws/install/dynamixel_sdk_custom_interfaces/lib/python3.8/site-packages:/home/jucy/ros2_ws/install/camera_udp_communication/lib/python3.8/site-packages:/home/jucy/ros2_ws/install/agv_control_py/lib/python3.8/site-packages:/home/jucy/ydlidar_ros2_ws/install/jdamr200_teleop/lib/python3.8/site-packages:/home/jucy/ydlidar_ros2_ws/install/jdamr200_node/lib/python3.8/site-packages:/usr/bin/python3.8:/opt/ros/foxy/lib/python3.8/site-packages /usr/bin/cmake --build /home/jucy/ydlidar_ws_11_29/build/nav2_behavior_tree -- -j12 -l12
[2.022s] Invoking command in '/home/jucy/ydlidar_ws_11_29/build/nav2_behavior_tree': CMAKE_PREFIX_PATH=/home/jucy/ydlidar_ws_11_29/install/nav2_util:/home/jucy/ydlidar_ws_11_29/install/nav2_msgs:/home/jucy/ydlidar_ws_11_29/install/nav2_common:/home/jucy/ydlidar_ws_11_29/install/ydlidar_ros2_driver:/home/jucy/ydlidar_ws_11_29/install/nav2_system_tests:/home/jucy/ydlidar_ws_11_29/install/myagv_navigation2:/home/jucy/ydlidar_ws_11_29/install/nav2_bringup:/home/jucy/ydlidar_ws_11_29/install/navigation2:/home/jucy/ydlidar_ws_11_29/install/smac_planner:/home/jucy/ydlidar_ws_11_29/install/nav2_dwb_controller:/home/jucy/ydlidar_ws_11_29/install/nav2_controller:/home/jucy/ydlidar_ws_11_29/install/dwb_plugins:/home/jucy/ydlidar_ws_11_29/install/dwb_critics:/home/jucy/ydlidar_ws_11_29/install/dwb_core:/home/jucy/ydlidar_ws_11_29/install/nav_2d_utils:/home/jucy/ydlidar_ws_11_29/install/dwb_msgs:/home/jucy/ydlidar_ws_11_29/install/nav_2d_msgs:/home/jucy/ydlidar_ws_11_29/install/nav2_waypoint_follower:/home/jucy/ydlidar_ws_11_29/install/nav2_regulated_pure_pursuit_controller:/home/jucy/ydlidar_ws_11_29/install/nav2_recoveries:/home/jucy/ydlidar_ws_11_29/install/nav2_planner:/home/jucy/ydlidar_ws_11_29/install/nav2_navfn_planner:/home/jucy/ydlidar_ws_11_29/install/nav2_core:/home/jucy/ydlidar_ws_11_29/install/costmap_queue:/home/jucy/ydlidar_ws_11_29/install/nav2_costmap_2d:/home/jucy/ydlidar_ws_11_29/install/nav2_voxel_grid:/home/jucy/ydlidar_ws_11_29/install/nav2_rviz_plugins:/home/jucy/ydlidar_ws_11_29/install/nav2_map_server:/home/jucy/ydlidar_ws_11_29/install/nav2_lifecycle_manager:/home/jucy/ydlidar_ws_11_29/install/nav2_bt_navigator:/home/jucy/ydlidar_ws_11_29/install/nav2_behavior_tree:/home/jucy/ydlidar_ws_11_29/install/nav2_amcl:/home/jucy/ydlidar_ws_11_29/install/myagv_bringup:/home/jucy/ydlidar_ws_11_29/install/myagv_description:/home/jucy/new_ws/install/myagv_description:/home/jucy/new_ws/install/aseembly:/home/jucy/turtlebot3_ws/install/turtlebot3:/home/jucy/turtlebot3_ws/install/turtlebot3_simulations:/home/jucy/turtlebot3_ws/install/turtlebot3_bringup:/home/jucy/turtlebot3_ws/install/turtlebot3_node:/home/jucy/turtlebot3_ws/install/turtlebot3_navigation2:/home/jucy/turtlebot3_ws/install/turtlebot3_fake_node:/home/jucy/turtlebot3_ws/install/turtlebot3_msgs:/home/jucy/turtlebot3_ws/install/turtlebot3_gazebo:/home/jucy/turtlebot3_ws/install/turtlebot3_description:/home/jucy/turtlebot3_ws/install/turtlebot3_cartographer:/home/jucy/turtlebot3_ws/install/dynamixel_sdk_examples:/home/jucy/turtlebot3_ws/install/dynamixel_sdk_custom_interfaces:/home/jucy/turtlebot3_ws/install/dynamixel_sdk:/home/jucy/ros2_ws/install/ps2_controller:/home/jucy/ydlidar_ros2_ws/install/ydlidar_ros2_driver:/home/jucy/ydlidar_ros2_ws/install/ps2_controller:/home/jucy/ydlidar_ros2_ws/install/myagv_navigation2:/home/jucy/ydlidar_ros2_ws/install/myagv_bringup:/home/jucy/ydlidar_ros2_ws/install/myagv_description:/home/jucy/ydlidar_ros2_wss/install/ydlidar_ros2_driver:/opt/ros/foxy:/opt/ros/foxy:/home/jucy/ydlidar_ws_11_29/install/nav2_gazebo_spawner:/home/jucy/ydlidar_ws_11_29/install/jdamr200_node:/home/jucy/turtlebot3_ws/install/turtlebot3_teleop:/home/jucy/turtlebot3_ws/install/turtlebot3_example:/home/jucy/turtlebot3_ws/install/nav2_goal_pulisher_test:/home/jucy/turtlebot3_ws/install/nav2_goal_publisher:/home/jucy/ros2_ws/install/camera_udp_communication:/home/jucy/ros2_ws/install/agv_control_py:/home/jucy/ydlidar_ros2_ws/install/jdamr200_teleop:/home/jucy/ydlidar_ros2_ws/install/jdamr200_node LD_LIBRARY_PATH=/home/jucy/ydlidar_ws_11_29/install/nav2_util/lib:/home/jucy/ydlidar_ws_11_29/install/nav2_msgs/lib:/home/jucy/ydlidar_ws_11_29/install/smac_planner/lib:/home/jucy/ydlidar_ws_11_29/install/nav2_controller/lib:/home/jucy/ydlidar_ws_11_29/install/dwb_plugins/lib:/home/jucy/ydlidar_ws_11_29/install/dwb_critics/lib:/home/jucy/ydlidar_ws_11_29/install/dwb_core/lib:/home/jucy/ydlidar_ws_11_29/install/nav_2d_utils/lib:/home/jucy/ydlidar_ws_11_29/install/dwb_msgs/lib:/home/jucy/ydlidar_ws_11_29/install/nav_2d_msgs/lib:/home/jucy/ydlidar_ws_11_29/install/nav2_waypoint_follower/lib:/home/jucy/ydlidar_ws_11_29/install/nav2_regulated_pure_pursuit_controller/lib:/home/jucy/ydlidar_ws_11_29/install/nav2_recoveries/lib:/home/jucy/ydlidar_ws_11_29/install/nav2_planner/lib:/home/jucy/ydlidar_ws_11_29/install/nav2_navfn_planner/lib:/home/jucy/ydlidar_ws_11_29/install/costmap_queue/lib:/home/jucy/ydlidar_ws_11_29/install/nav2_costmap_2d/lib:/home/jucy/ydlidar_ws_11_29/install/nav2_voxel_grid/lib:/home/jucy/ydlidar_ws_11_29/install/nav2_rviz_plugins/lib:/home/jucy/ydlidar_ws_11_29/install/nav2_map_server/lib:/home/jucy/ydlidar_ws_11_29/install/nav2_lifecycle_manager/lib:/home/jucy/ydlidar_ws_11_29/install/nav2_bt_navigator/lib:/home/jucy/ydlidar_ws_11_29/install/nav2_behavior_tree/lib:/home/jucy/ydlidar_ws_11_29/install/nav2_amcl/lib:/home/jucy/turtlebot3_ws/install/turtlebot3_msgs/lib:/home/jucy/turtlebot3_ws/install/dynamixel_sdk_custom_interfaces/lib:/home/jucy/turtlebot3_ws/install/dynamixel_sdk/lib:/usr/lib/x86_64-linux-gnu/gazebo-11/plugins:/opt/ros/foxy/opt/yaml_cpp_vendor/lib:/opt/ros/foxy/opt/rviz_ogre_vendor/lib:/opt/ros/foxy/lib/x86_64-linux-gnu:/opt/ros/foxy/lib PYTHONPATH=/home/jucy/ydlidar_ws_11_29/install/nav2_msgs/lib/python3.8/site-packages:/home/jucy/ydlidar_ws_11_29/install/nav2_common/lib/python3.8/site-packages:/home/jucy/ydlidar_ws_11_29/install/dwb_msgs/lib/python3.8/site-packages:/home/jucy/ydlidar_ws_11_29/install/nav_2d_msgs/lib/python3.8/site-packages:/home/jucy/ydlidar_ws_11_29/install/nav2_gazebo_spawner/lib/python3.8/site-packages:/home/jucy/ydlidar_ws_11_29/install/jdamr200_node/lib/python3.8/site-packages:/home/jucy/turtlebot3_ws/install/turtlebot3_teleop/lib/python3.8/site-packages:/home/jucy/turtlebot3_ws/install/turtlebot3_example/lib/python3.8/site-packages:/home/jucy/turtlebot3_ws/install/turtlebot3_msgs/lib/python3.8/site-packages:/home/jucy/turtlebot3_ws/install/nav2_goal_pulisher_test/lib/python3.8/site-packages:/home/jucy/turtlebot3_ws/install/nav2_goal_publisher/lib/python3.8/site-packages:/home/jucy/turtlebot3_ws/install/dynamixel_sdk_custom_interfaces/lib/python3.8/site-packages:/home/jucy/ros2_ws/install/camera_udp_communication/lib/python3.8/site-packages:/home/jucy/ros2_ws/install/agv_control_py/lib/python3.8/site-packages:/home/jucy/ydlidar_ros2_ws/install/jdamr200_teleop/lib/python3.8/site-packages:/home/jucy/ydlidar_ros2_ws/install/jdamr200_node/lib/python3.8/site-packages:/usr/bin/python3.8:/opt/ros/foxy/lib/python3.8/site-packages /usr/bin/cmake --install /home/jucy/ydlidar_ws_11_29/build/nav2_behavior_tree
[2.038s] -- Install configuration: "Release"
[2.038s] -- Up-to-date: /home/jucy/ydlidar_ws_11_29/install/nav2_behavior_tree/lib/libnav2_behavior_tree.so
[2.038s] -- Up-to-date: /home/jucy/ydlidar_ws_11_29/install/nav2_behavior_tree/lib/libnav2_compute_path_to_pose_action_bt_node.so
[2.098s] -- Up-to-date: /home/jucy/ydlidar_ws_11_29/install/nav2_behavior_tree/lib/libnav2_follow_path_action_bt_node.so
[2.139s] -- Up-to-date: /home/jucy/ydlidar_ws_11_29/install/nav2_behavior_tree/lib/libnav2_back_up_action_bt_node.so
[2.256s] -- Up-to-date: /home/jucy/ydlidar_ws_11_29/install/nav2_behavior_tree/lib/libnav2_spin_action_bt_node.so
[2.301s] -- Up-to-date: /home/jucy/ydlidar_ws_11_29/install/nav2_behavior_tree/lib/libnav2_wait_action_bt_node.so
[2.312s] -- Up-to-date: /home/jucy/ydlidar_ws_11_29/install/nav2_behavior_tree/lib/libnav2_clear_costmap_service_bt_node.so
[2.329s] -- Up-to-date: /home/jucy/ydlidar_ws_11_29/install/nav2_behavior_tree/lib/libnav2_is_stuck_condition_bt_node.so
[2.339s] -- Up-to-date: /home/jucy/ydlidar_ws_11_29/install/nav2_behavior_tree/lib/libnav2_transform_available_condition_bt_node.so
[2.352s] -- Up-to-date: /home/jucy/ydlidar_ws_11_29/install/nav2_behavior_tree/lib/libnav2_goal_reached_condition_bt_node.so
[2.416s] -- Up-to-date: /home/jucy/ydlidar_ws_11_29/install/nav2_behavior_tree/lib/libnav2_goal_updated_condition_bt_node.so
[2.426s] -- Up-to-date: /home/jucy/ydlidar_ws_11_29/install/nav2_behavior_tree/lib/libnav2_time_expired_condition_bt_node.so
[2.686s] -- Up-to-date: /home/jucy/ydlidar_ws_11_29/install/nav2_behavior_tree/lib/libnav2_distance_traveled_condition_bt_node.so
[2.774s] -- Up-to-date: /home/jucy/ydlidar_ws_11_29/install/nav2_behavior_tree/lib/libnav2_initial_pose_received_condition_bt_node.so
[2.794s] -- Up-to-date: /home/jucy/ydlidar_ws_11_29/install/nav2_behavior_tree/lib/libnav2_is_battery_low_condition_bt_node.so
[2.814s] -- Up-to-date: /home/jucy/ydlidar_ws_11_29/install/nav2_behavior_tree/lib/libnav2_reinitialize_global_localization_service_bt_node.so
[2.832s] -- Up-to-date: /home/jucy/ydlidar_ws_11_29/install/nav2_behavior_tree/lib/libnav2_rate_controller_bt_node.so
[2.844s] -- Up-to-date: /home/jucy/ydlidar_ws_11_29/install/nav2_behavior_tree/lib/libnav2_distance_controller_bt_node.so
[2.859s] -- Up-to-date: /home/jucy/ydlidar_ws_11_29/install/nav2_behavior_tree/lib/libnav2_speed_controller_bt_node.so
[2.870s] -- Up-to-date: /home/jucy/ydlidar_ws_11_29/install/nav2_behavior_tree/lib/libnav2_truncate_path_action_bt_node.so
[2.897s] -- Up-to-date: /home/jucy/ydlidar_ws_11_29/install/nav2_behavior_tree/lib/libnav2_goal_updater_node_bt_node.so
[2.942s] -- Up-to-date: /home/jucy/ydlidar_ws_11_29/install/nav2_behavior_tree/lib/libnav2_recovery_node_bt_node.so
[3.040s] -- Up-to-date: /home/jucy/ydlidar_ws_11_29/install/nav2_behavior_tree/lib/libnav2_navigate_to_pose_action_bt_node.so
[3.043s] -- Up-to-date: /home/jucy/ydlidar_ws_11_29/install/nav2_behavior_tree/lib/libnav2_pipeline_sequence_bt_node.so
[3.061s] -- Up-to-date: /home/jucy/ydlidar_ws_11_29/install/nav2_behavior_tree/lib/libnav2_round_robin_node_bt_node.so
[3.062s] -- Up-to-date: /home/jucy/ydlidar_ws_11_29/install/nav2_behavior_tree/include/
[3.062s] -- Up-to-date: /home/jucy/ydlidar_ws_11_29/install/nav2_behavior_tree/include//nav2_behavior_tree
[3.062s] -- Up-to-date: /home/jucy/ydlidar_ws_11_29/install/nav2_behavior_tree/include//nav2_behavior_tree/bt_action_node.hpp
[3.062s] -- Up-to-date: /home/jucy/ydlidar_ws_11_29/install/nav2_behavior_tree/include//nav2_behavior_tree/plugins
[3.063s] -- Up-to-date: /home/jucy/ydlidar_ws_11_29/install/nav2_behavior_tree/include//nav2_behavior_tree/plugins/decorator
[3.063s] -- Up-to-date: /home/jucy/ydlidar_ws_11_29/install/nav2_behavior_tree/include//nav2_behavior_tree/plugins/decorator/rate_controller.hpp
[3.063s] -- Up-to-date: /home/jucy/ydlidar_ws_11_29/install/nav2_behavior_tree/include//nav2_behavior_tree/plugins/decorator/distance_controller.hpp
[3.063s] -- Up-to-date: /home/jucy/ydlidar_ws_11_29/install/nav2_behavior_tree/include//nav2_behavior_tree/plugins/decorator/goal_updater_node.hpp
[3.063s] -- Up-to-date: /home/jucy/ydlidar_ws_11_29/install/nav2_behavior_tree/include//nav2_behavior_tree/plugins/decorator/speed_controller.hpp
[3.063s] -- Up-to-date: /home/jucy/ydlidar_ws_11_29/install/nav2_behavior_tree/include//nav2_behavior_tree/plugins/condition
[3.064s] -- Up-to-date: /home/jucy/ydlidar_ws_11_29/install/nav2_behavior_tree/include//nav2_behavior_tree/plugins/condition/goal_updated_condition.hpp
[3.064s] -- Up-to-date: /home/jucy/ydlidar_ws_11_29/install/nav2_behavior_tree/include//nav2_behavior_tree/plugins/condition/goal_reached_condition.hpp
[3.064s] -- Up-to-date: /home/jucy/ydlidar_ws_11_29/install/nav2_behavior_tree/include//nav2_behavior_tree/plugins/condition/distance_traveled_condition.hpp
[3.064s] -- Up-to-date: /home/jucy/ydlidar_ws_11_29/install/nav2_behavior_tree/include//nav2_behavior_tree/plugins/condition/time_expired_condition.hpp
[3.064s] -- Up-to-date: /home/jucy/ydlidar_ws_11_29/install/nav2_behavior_tree/include//nav2_behavior_tree/plugins/condition/is_stuck_condition.hpp
[3.064s] -- Up-to-date: /home/jucy/ydlidar_ws_11_29/install/nav2_behavior_tree/include//nav2_behavior_tree/plugins/condition/is_battery_low_condition.hpp
[3.064s] -- Up-to-date: /home/jucy/ydlidar_ws_11_29/install/nav2_behavior_tree/include//nav2_behavior_tree/plugins/condition/transform_available_condition.hpp
[3.064s] -- Up-to-date: /home/jucy/ydlidar_ws_11_29/install/nav2_behavior_tree/include//nav2_behavior_tree/plugins/condition/initial_pose_received_condition.hpp
[3.065s] -- Up-to-date: /home/jucy/ydlidar_ws_11_29/install/nav2_behavior_tree/include//nav2_behavior_tree/plugins/control
[3.065s] -- Up-to-date: /home/jucy/ydlidar_ws_11_29/install/nav2_behavior_tree/include//nav2_behavior_tree/plugins/control/round_robin_node.hpp
[3.065s] -- Up-to-date: /home/jucy/ydlidar_ws_11_29/install/nav2_behavior_tree/include//nav2_behavior_tree/plugins/control/recovery_node.hpp
[3.065s] -- Up-to-date: /home/jucy/ydlidar_ws_11_29/install/nav2_behavior_tree/include//nav2_behavior_tree/plugins/control/pipeline_sequence.hpp
[3.065s] -- Up-to-date: /home/jucy/ydlidar_ws_11_29/install/nav2_behavior_tree/include//nav2_behavior_tree/plugins/action
[3.065s] -- Up-to-date: /home/jucy/ydlidar_ws_11_29/install/nav2_behavior_tree/include//nav2_behavior_tree/plugins/action/clear_costmap_service.hpp
[3.065s] -- Up-to-date: /home/jucy/ydlidar_ws_11_29/install/nav2_behavior_tree/include//nav2_behavior_tree/plugins/action/compute_path_to_pose_action.hpp
[3.066s] -- Up-to-date: /home/jucy/ydlidar_ws_11_29/install/nav2_behavior_tree/include//nav2_behavior_tree/plugins/action/reinitialize_global_localization_service.hpp
[3.066s] -- Up-to-date: /home/jucy/ydlidar_ws_11_29/install/nav2_behavior_tree/include//nav2_behavior_tree/plugins/action/navigate_to_pose_action.hpp
[3.066s] -- Up-to-date: /home/jucy/ydlidar_ws_11_29/install/nav2_behavior_tree/include//nav2_behavior_tree/plugins/action/back_up_action.hpp
[3.066s] -- Up-to-date: /home/jucy/ydlidar_ws_11_29/install/nav2_behavior_tree/include//nav2_behavior_tree/plugins/action/truncate_path_action.hpp
[3.066s] -- Up-to-date: /home/jucy/ydlidar_ws_11_29/install/nav2_behavior_tree/include//nav2_behavior_tree/plugins/action/wait_action.hpp
[3.066s] -- Up-to-date: /home/jucy/ydlidar_ws_11_29/install/nav2_behavior_tree/include//nav2_behavior_tree/plugins/action/spin_action.hpp
[3.066s] -- Up-to-date: /home/jucy/ydlidar_ws_11_29/install/nav2_behavior_tree/include//nav2_behavior_tree/plugins/action/follow_path_action.hpp
[3.066s] -- Up-to-date: /home/jucy/ydlidar_ws_11_29/install/nav2_behavior_tree/include//nav2_behavior_tree/bt_service_node.hpp
[3.067s] -- Up-to-date: /home/jucy/ydlidar_ws_11_29/install/nav2_behavior_tree/include//nav2_behavior_tree/behavior_tree_engine.hpp
[3.067s] -- Up-to-date: /home/jucy/ydlidar_ws_11_29/install/nav2_behavior_tree/include//nav2_behavior_tree/bt_conversions.hpp
[3.067s] -- Up-to-date: /home/jucy/ydlidar_ws_11_29/install/nav2_behavior_tree/share/nav2_behavior_tree/nav2_tree_nodes.xml
[3.067s] -- Up-to-date: /home/jucy/ydlidar_ws_11_29/install/nav2_behavior_tree/share/nav2_behavior_tree/environment/library_path.sh
[3.067s] -- Up-to-date: /home/jucy/ydlidar_ws_11_29/install/nav2_behavior_tree/share/nav2_behavior_tree/environment/library_path.dsv
[3.067s] -- Up-to-date: /home/jucy/ydlidar_ws_11_29/install/nav2_behavior_tree/share/ament_index/resource_index/package_run_dependencies/nav2_behavior_tree
[3.067s] -- Up-to-date: /home/jucy/ydlidar_ws_11_29/install/nav2_behavior_tree/share/ament_index/resource_index/parent_prefix_path/nav2_behavior_tree
[3.067s] -- Up-to-date: /home/jucy/ydlidar_ws_11_29/install/nav2_behavior_tree/share/nav2_behavior_tree/environment/ament_prefix_path.sh
[3.067s] -- Up-to-date: /home/jucy/ydlidar_ws_11_29/install/nav2_behavior_tree/share/nav2_behavior_tree/environment/ament_prefix_path.dsv
[3.067s] -- Up-to-date: /home/jucy/ydlidar_ws_11_29/install/nav2_behavior_tree/share/nav2_behavior_tree/environment/path.sh
[3.067s] -- Up-to-date: /home/jucy/ydlidar_ws_11_29/install/nav2_behavior_tree/share/nav2_behavior_tree/environment/path.dsv
[3.068s] -- Up-to-date: /home/jucy/ydlidar_ws_11_29/install/nav2_behavior_tree/share/nav2_behavior_tree/local_setup.bash
[3.068s] -- Up-to-date: /home/jucy/ydlidar_ws_11_29/install/nav2_behavior_tree/share/nav2_behavior_tree/local_setup.sh
[3.068s] -- Up-to-date: /home/jucy/ydlidar_ws_11_29/install/nav2_behavior_tree/share/nav2_behavior_tree/local_setup.zsh
[3.068s] -- Up-to-date: /home/jucy/ydlidar_ws_11_29/install/nav2_behavior_tree/share/nav2_behavior_tree/local_setup.dsv
[3.068s] -- Installing: /home/jucy/ydlidar_ws_11_29/install/nav2_behavior_tree/share/nav2_behavior_tree/package.dsv
[3.097s] -- Up-to-date: /home/jucy/ydlidar_ws_11_29/install/nav2_behavior_tree/share/ament_index/resource_index/packages/nav2_behavior_tree
[3.097s] -- Up-to-date: /home/jucy/ydlidar_ws_11_29/install/nav2_behavior_tree/share/nav2_behavior_tree/cmake/ament_cmake_export_include_directories-extras.cmake
[3.097s] -- Up-to-date: /home/jucy/ydlidar_ws_11_29/install/nav2_behavior_tree/share/nav2_behavior_tree/cmake/ament_cmake_export_libraries-extras.cmake
[3.097s] -- Up-to-date: /home/jucy/ydlidar_ws_11_29/install/nav2_behavior_tree/share/nav2_behavior_tree/cmake/ament_cmake_export_dependencies-extras.cmake
[3.097s] -- Up-to-date: /home/jucy/ydlidar_ws_11_29/install/nav2_behavior_tree/share/nav2_behavior_tree/cmake/nav2_behavior_treeConfig.cmake
[3.097s] -- Up-to-date: /home/jucy/ydlidar_ws_11_29/install/nav2_behavior_tree/share/nav2_behavior_tree/cmake/nav2_behavior_treeConfig-version.cmake
[3.097s] -- Up-to-date: /home/jucy/ydlidar_ws_11_29/install/nav2_behavior_tree/share/nav2_behavior_tree/package.xml
[3.102s] Invoked command in '/home/jucy/ydlidar_ws_11_29/build/nav2_behavior_tree' returned '0': CMAKE_PREFIX_PATH=/home/jucy/ydlidar_ws_11_29/install/nav2_util:/home/jucy/ydlidar_ws_11_29/install/nav2_msgs:/home/jucy/ydlidar_ws_11_29/install/nav2_common:/home/jucy/ydlidar_ws_11_29/install/ydlidar_ros2_driver:/home/jucy/ydlidar_ws_11_29/install/nav2_system_tests:/home/jucy/ydlidar_ws_11_29/install/myagv_navigation2:/home/jucy/ydlidar_ws_11_29/install/nav2_bringup:/home/jucy/ydlidar_ws_11_29/install/navigation2:/home/jucy/ydlidar_ws_11_29/install/smac_planner:/home/jucy/ydlidar_ws_11_29/install/nav2_dwb_controller:/home/jucy/ydlidar_ws_11_29/install/nav2_controller:/home/jucy/ydlidar_ws_11_29/install/dwb_plugins:/home/jucy/ydlidar_ws_11_29/install/dwb_critics:/home/jucy/ydlidar_ws_11_29/install/dwb_core:/home/jucy/ydlidar_ws_11_29/install/nav_2d_utils:/home/jucy/ydlidar_ws_11_29/install/dwb_msgs:/home/jucy/ydlidar_ws_11_29/install/nav_2d_msgs:/home/jucy/ydlidar_ws_11_29/install/nav2_waypoint_follower:/home/jucy/ydlidar_ws_11_29/install/nav2_regulated_pure_pursuit_controller:/home/jucy/ydlidar_ws_11_29/install/nav2_recoveries:/home/jucy/ydlidar_ws_11_29/install/nav2_planner:/home/jucy/ydlidar_ws_11_29/install/nav2_navfn_planner:/home/jucy/ydlidar_ws_11_29/install/nav2_core:/home/jucy/ydlidar_ws_11_29/install/costmap_queue:/home/jucy/ydlidar_ws_11_29/install/nav2_costmap_2d:/home/jucy/ydlidar_ws_11_29/install/nav2_voxel_grid:/home/jucy/ydlidar_ws_11_29/install/nav2_rviz_plugins:/home/jucy/ydlidar_ws_11_29/install/nav2_map_server:/home/jucy/ydlidar_ws_11_29/install/nav2_lifecycle_manager:/home/jucy/ydlidar_ws_11_29/install/nav2_bt_navigator:/home/jucy/ydlidar_ws_11_29/install/nav2_behavior_tree:/home/jucy/ydlidar_ws_11_29/install/nav2_amcl:/home/jucy/ydlidar_ws_11_29/install/myagv_bringup:/home/jucy/ydlidar_ws_11_29/install/myagv_description:/home/jucy/new_ws/install/myagv_description:/home/jucy/new_ws/install/aseembly:/home/jucy/turtlebot3_ws/install/turtlebot3:/home/jucy/turtlebot3_ws/install/turtlebot3_simulations:/home/jucy/turtlebot3_ws/install/turtlebot3_bringup:/home/jucy/turtlebot3_ws/install/turtlebot3_node:/home/jucy/turtlebot3_ws/install/turtlebot3_navigation2:/home/jucy/turtlebot3_ws/install/turtlebot3_fake_node:/home/jucy/turtlebot3_ws/install/turtlebot3_msgs:/home/jucy/turtlebot3_ws/install/turtlebot3_gazebo:/home/jucy/turtlebot3_ws/install/turtlebot3_description:/home/jucy/turtlebot3_ws/install/turtlebot3_cartographer:/home/jucy/turtlebot3_ws/install/dynamixel_sdk_examples:/home/jucy/turtlebot3_ws/install/dynamixel_sdk_custom_interfaces:/home/jucy/turtlebot3_ws/install/dynamixel_sdk:/home/jucy/ros2_ws/install/ps2_controller:/home/jucy/ydlidar_ros2_ws/install/ydlidar_ros2_driver:/home/jucy/ydlidar_ros2_ws/install/ps2_controller:/home/jucy/ydlidar_ros2_ws/install/myagv_navigation2:/home/jucy/ydlidar_ros2_ws/install/myagv_bringup:/home/jucy/ydlidar_ros2_ws/install/myagv_description:/home/jucy/ydlidar_ros2_wss/install/ydlidar_ros2_driver:/opt/ros/foxy:/opt/ros/foxy:/home/jucy/ydlidar_ws_11_29/install/nav2_gazebo_spawner:/home/jucy/ydlidar_ws_11_29/install/jdamr200_node:/home/jucy/turtlebot3_ws/install/turtlebot3_teleop:/home/jucy/turtlebot3_ws/install/turtlebot3_example:/home/jucy/turtlebot3_ws/install/nav2_goal_pulisher_test:/home/jucy/turtlebot3_ws/install/nav2_goal_publisher:/home/jucy/ros2_ws/install/camera_udp_communication:/home/jucy/ros2_ws/install/agv_control_py:/home/jucy/ydlidar_ros2_ws/install/jdamr200_teleop:/home/jucy/ydlidar_ros2_ws/install/jdamr200_node LD_LIBRARY_PATH=/home/jucy/ydlidar_ws_11_29/install/nav2_util/lib:/home/jucy/ydlidar_ws_11_29/install/nav2_msgs/lib:/home/jucy/ydlidar_ws_11_29/install/smac_planner/lib:/home/jucy/ydlidar_ws_11_29/install/nav2_controller/lib:/home/jucy/ydlidar_ws_11_29/install/dwb_plugins/lib:/home/jucy/ydlidar_ws_11_29/install/dwb_critics/lib:/home/jucy/ydlidar_ws_11_29/install/dwb_core/lib:/home/jucy/ydlidar_ws_11_29/install/nav_2d_utils/lib:/home/jucy/ydlidar_ws_11_29/install/dwb_msgs/lib:/home/jucy/ydlidar_ws_11_29/install/nav_2d_msgs/lib:/home/jucy/ydlidar_ws_11_29/install/nav2_waypoint_follower/lib:/home/jucy/ydlidar_ws_11_29/install/nav2_regulated_pure_pursuit_controller/lib:/home/jucy/ydlidar_ws_11_29/install/nav2_recoveries/lib:/home/jucy/ydlidar_ws_11_29/install/nav2_planner/lib:/home/jucy/ydlidar_ws_11_29/install/nav2_navfn_planner/lib:/home/jucy/ydlidar_ws_11_29/install/costmap_queue/lib:/home/jucy/ydlidar_ws_11_29/install/nav2_costmap_2d/lib:/home/jucy/ydlidar_ws_11_29/install/nav2_voxel_grid/lib:/home/jucy/ydlidar_ws_11_29/install/nav2_rviz_plugins/lib:/home/jucy/ydlidar_ws_11_29/install/nav2_map_server/lib:/home/jucy/ydlidar_ws_11_29/install/nav2_lifecycle_manager/lib:/home/jucy/ydlidar_ws_11_29/install/nav2_bt_navigator/lib:/home/jucy/ydlidar_ws_11_29/install/nav2_behavior_tree/lib:/home/jucy/ydlidar_ws_11_29/install/nav2_amcl/lib:/home/jucy/turtlebot3_ws/install/turtlebot3_msgs/lib:/home/jucy/turtlebot3_ws/install/dynamixel_sdk_custom_interfaces/lib:/home/jucy/turtlebot3_ws/install/dynamixel_sdk/lib:/usr/lib/x86_64-linux-gnu/gazebo-11/plugins:/opt/ros/foxy/opt/yaml_cpp_vendor/lib:/opt/ros/foxy/opt/rviz_ogre_vendor/lib:/opt/ros/foxy/lib/x86_64-linux-gnu:/opt/ros/foxy/lib PYTHONPATH=/home/jucy/ydlidar_ws_11_29/install/nav2_msgs/lib/python3.8/site-packages:/home/jucy/ydlidar_ws_11_29/install/nav2_common/lib/python3.8/site-packages:/home/jucy/ydlidar_ws_11_29/install/dwb_msgs/lib/python3.8/site-packages:/home/jucy/ydlidar_ws_11_29/install/nav_2d_msgs/lib/python3.8/site-packages:/home/jucy/ydlidar_ws_11_29/install/nav2_gazebo_spawner/lib/python3.8/site-packages:/home/jucy/ydlidar_ws_11_29/install/jdamr200_node/lib/python3.8/site-packages:/home/jucy/turtlebot3_ws/install/turtlebot3_teleop/lib/python3.8/site-packages:/home/jucy/turtlebot3_ws/install/turtlebot3_example/lib/python3.8/site-packages:/home/jucy/turtlebot3_ws/install/turtlebot3_msgs/lib/python3.8/site-packages:/home/jucy/turtlebot3_ws/install/nav2_goal_pulisher_test/lib/python3.8/site-packages:/home/jucy/turtlebot3_ws/install/nav2_goal_publisher/lib/python3.8/site-packages:/home/jucy/turtlebot3_ws/install/dynamixel_sdk_custom_interfaces/lib/python3.8/site-packages:/home/jucy/ros2_ws/install/camera_udp_communication/lib/python3.8/site-packages:/home/jucy/ros2_ws/install/agv_control_py/lib/python3.8/site-packages:/home/jucy/ydlidar_ros2_ws/install/jdamr200_teleop/lib/python3.8/site-packages:/home/jucy/ydlidar_ros2_ws/install/jdamr200_node/lib/python3.8/site-packages:/usr/bin/python3.8:/opt/ros/foxy/lib/python3.8/site-packages /usr/bin/cmake --install /home/jucy/ydlidar_ws_11_29/build/nav2_behavior_tree
