[0.056s] Invoking command in '/home/jucy/ydlidar_ws_11_29/build/nav2_recoveries': AMENT_PREFIX_PATH=/home/jucy/ydlidar_ws_11_29/install/nav2_core:/home/jucy/ydlidar_ws_11_29/install/nav2_costmap_2d:/home/jucy/ydlidar_ws_11_29/install/nav2_map_server:/home/jucy/ydlidar_ws_11_29/install/nav2_lifecycle_manager:/home/jucy/ydlidar_ws_11_29/install/nav2_behavior_tree:/home/jucy/ydlidar_ws_11_29/install/nav2_util:/home/jucy/ydlidar_ws_11_29/install/nav2_voxel_grid:/home/jucy/ydlidar_ws_11_29/install/nav2_msgs:/home/jucy/ydlidar_ws_11_29/install/nav2_common:${AMENT_PREFIX_PATH} CMAKE_PREFIX_PATH=/home/jucy/ydlidar_ws_11_29/install/nav2_core:/home/jucy/ydlidar_ws_11_29/install/nav2_costmap_2d:/home/jucy/ydlidar_ws_11_29/install/nav2_map_server:/home/jucy/ydlidar_ws_11_29/install/nav2_lifecycle_manager:/home/jucy/ydlidar_ws_11_29/install/nav2_behavior_tree:/home/jucy/ydlidar_ws_11_29/install/nav2_util:/home/jucy/ydlidar_ws_11_29/install/nav2_voxel_grid:/home/jucy/ydlidar_ws_11_29/install/nav2_msgs:/home/jucy/ydlidar_ws_11_29/install/nav2_common:/opt/ros/foxy:/opt/ros/foxy LD_LIBRARY_PATH=/home/jucy/ydlidar_ws_11_29/install/nav2_costmap_2d/lib:/home/jucy/ydlidar_ws_11_29/install/nav2_map_server/lib:/home/jucy/ydlidar_ws_11_29/install/nav2_lifecycle_manager/lib:/home/jucy/ydlidar_ws_11_29/install/nav2_behavior_tree/lib:/home/jucy/ydlidar_ws_11_29/install/nav2_util/lib:/home/jucy/ydlidar_ws_11_29/install/nav2_voxel_grid/lib:/home/jucy/ydlidar_ws_11_29/install/nav2_msgs/lib:${LD_LIBRARY_PATH} PYTHONPATH=/home/jucy/ydlidar_ws_11_29/install/nav2_msgs/lib/python3.8/site-packages:/home/jucy/ydlidar_ws_11_29/install/nav2_common/lib/python3.8/site-packages:${PYTHONPATH} /usr/bin/cmake --build /home/jucy/ydlidar_ws_11_29/build/nav2_recoveries -- -j12 -l12
[0.173s] [ 12%] Built target recoveries_server_core
[0.185s] [ 25%] Built target gtest_main
[0.189s] [ 37%] Built target nav2_backup_recovery
[0.189s] [ 50%] Built target gtest
[0.200s] [ 62%] Built target nav2_spin_recovery
[0.206s] [ 75%] Built target nav2_wait_recovery
[0.251s] [ 87%] Built target recoveries_server
[0.257s] [100%] Built target test_recoveries
[0.284s] Invoked command in '/home/jucy/ydlidar_ws_11_29/build/nav2_recoveries' returned '0': AMENT_PREFIX_PATH=/home/jucy/ydlidar_ws_11_29/install/nav2_core:/home/jucy/ydlidar_ws_11_29/install/nav2_costmap_2d:/home/jucy/ydlidar_ws_11_29/install/nav2_map_server:/home/jucy/ydlidar_ws_11_29/install/nav2_lifecycle_manager:/home/jucy/ydlidar_ws_11_29/install/nav2_behavior_tree:/home/jucy/ydlidar_ws_11_29/install/nav2_util:/home/jucy/ydlidar_ws_11_29/install/nav2_voxel_grid:/home/jucy/ydlidar_ws_11_29/install/nav2_msgs:/home/jucy/ydlidar_ws_11_29/install/nav2_common:${AMENT_PREFIX_PATH} CMAKE_PREFIX_PATH=/home/jucy/ydlidar_ws_11_29/install/nav2_core:/home/jucy/ydlidar_ws_11_29/install/nav2_costmap_2d:/home/jucy/ydlidar_ws_11_29/install/nav2_map_server:/home/jucy/ydlidar_ws_11_29/install/nav2_lifecycle_manager:/home/jucy/ydlidar_ws_11_29/install/nav2_behavior_tree:/home/jucy/ydlidar_ws_11_29/install/nav2_util:/home/jucy/ydlidar_ws_11_29/install/nav2_voxel_grid:/home/jucy/ydlidar_ws_11_29/install/nav2_msgs:/home/jucy/ydlidar_ws_11_29/install/nav2_common:/opt/ros/foxy:/opt/ros/foxy LD_LIBRARY_PATH=/home/jucy/ydlidar_ws_11_29/install/nav2_costmap_2d/lib:/home/jucy/ydlidar_ws_11_29/install/nav2_map_server/lib:/home/jucy/ydlidar_ws_11_29/install/nav2_lifecycle_manager/lib:/home/jucy/ydlidar_ws_11_29/install/nav2_behavior_tree/lib:/home/jucy/ydlidar_ws_11_29/install/nav2_util/lib:/home/jucy/ydlidar_ws_11_29/install/nav2_voxel_grid/lib:/home/jucy/ydlidar_ws_11_29/install/nav2_msgs/lib:${LD_LIBRARY_PATH} PYTHONPATH=/home/jucy/ydlidar_ws_11_29/install/nav2_msgs/lib/python3.8/site-packages:/home/jucy/ydlidar_ws_11_29/install/nav2_common/lib/python3.8/site-packages:${PYTHONPATH} /usr/bin/cmake --build /home/jucy/ydlidar_ws_11_29/build/nav2_recoveries -- -j12 -l12
[0.292s] Invoking command in '/home/jucy/ydlidar_ws_11_29/build/nav2_recoveries': AMENT_PREFIX_PATH=/home/jucy/ydlidar_ws_11_29/install/nav2_core:/home/jucy/ydlidar_ws_11_29/install/nav2_costmap_2d:/home/jucy/ydlidar_ws_11_29/install/nav2_map_server:/home/jucy/ydlidar_ws_11_29/install/nav2_lifecycle_manager:/home/jucy/ydlidar_ws_11_29/install/nav2_behavior_tree:/home/jucy/ydlidar_ws_11_29/install/nav2_util:/home/jucy/ydlidar_ws_11_29/install/nav2_voxel_grid:/home/jucy/ydlidar_ws_11_29/install/nav2_msgs:/home/jucy/ydlidar_ws_11_29/install/nav2_common:${AMENT_PREFIX_PATH} CMAKE_PREFIX_PATH=/home/jucy/ydlidar_ws_11_29/install/nav2_core:/home/jucy/ydlidar_ws_11_29/install/nav2_costmap_2d:/home/jucy/ydlidar_ws_11_29/install/nav2_map_server:/home/jucy/ydlidar_ws_11_29/install/nav2_lifecycle_manager:/home/jucy/ydlidar_ws_11_29/install/nav2_behavior_tree:/home/jucy/ydlidar_ws_11_29/install/nav2_util:/home/jucy/ydlidar_ws_11_29/install/nav2_voxel_grid:/home/jucy/ydlidar_ws_11_29/install/nav2_msgs:/home/jucy/ydlidar_ws_11_29/install/nav2_common:/opt/ros/foxy:/opt/ros/foxy LD_LIBRARY_PATH=/home/jucy/ydlidar_ws_11_29/install/nav2_costmap_2d/lib:/home/jucy/ydlidar_ws_11_29/install/nav2_map_server/lib:/home/jucy/ydlidar_ws_11_29/install/nav2_lifecycle_manager/lib:/home/jucy/ydlidar_ws_11_29/install/nav2_behavior_tree/lib:/home/jucy/ydlidar_ws_11_29/install/nav2_util/lib:/home/jucy/ydlidar_ws_11_29/install/nav2_voxel_grid/lib:/home/jucy/ydlidar_ws_11_29/install/nav2_msgs/lib:${LD_LIBRARY_PATH} PYTHONPATH=/home/jucy/ydlidar_ws_11_29/install/nav2_msgs/lib/python3.8/site-packages:/home/jucy/ydlidar_ws_11_29/install/nav2_common/lib/python3.8/site-packages:${PYTHONPATH} /usr/bin/cmake --install /home/jucy/ydlidar_ws_11_29/build/nav2_recoveries
[0.313s] -- Install configuration: "Release"
[0.314s] -- Up-to-date: /home/jucy/ydlidar_ws_11_29/install/nav2_recoveries/share/nav2_recoveries/recovery_plugin.xml
[0.314s] -- Up-to-date: /home/jucy/ydlidar_ws_11_29/install/nav2_recoveries/lib/librecoveries_server_core.a
[0.314s] -- Up-to-date: /home/jucy/ydlidar_ws_11_29/install/nav2_recoveries/lib/libnav2_backup_recovery.so
[0.315s] -- Up-to-date: /home/jucy/ydlidar_ws_11_29/install/nav2_recoveries/lib/libnav2_spin_recovery.so
[0.315s] -- Up-to-date: /home/jucy/ydlidar_ws_11_29/install/nav2_recoveries/lib/libnav2_wait_recovery.so
[0.320s] -- Up-to-date: /home/jucy/ydlidar_ws_11_29/install/nav2_recoveries/lib/nav2_recoveries/recoveries_server
[0.320s] -- Up-to-date: /home/jucy/ydlidar_ws_11_29/install/nav2_recoveries/include/
[0.321s] -- Up-to-date: /home/jucy/ydlidar_ws_11_29/install/nav2_recoveries/include//nav2_recoveries
[0.322s] -- Up-to-date: /home/jucy/ydlidar_ws_11_29/install/nav2_recoveries/include//nav2_recoveries/recovery.hpp
[0.323s] -- Up-to-date: /home/jucy/ydlidar_ws_11_29/install/nav2_recoveries/include//nav2_recoveries/recovery_server.hpp
[0.323s] -- Up-to-date: /home/jucy/ydlidar_ws_11_29/install/nav2_recoveries/share/nav2_recoveries/recovery_plugin.xml
[0.323s] -- Up-to-date: /home/jucy/ydlidar_ws_11_29/install/nav2_recoveries/share/nav2_recoveries/environment/library_path.sh
[0.323s] -- Up-to-date: /home/jucy/ydlidar_ws_11_29/install/nav2_recoveries/share/nav2_recoveries/environment/library_path.dsv
[0.323s] -- Up-to-date: /home/jucy/ydlidar_ws_11_29/install/nav2_recoveries/share/ament_index/resource_index/package_run_dependencies/nav2_recoveries
[0.323s] -- Up-to-date: /home/jucy/ydlidar_ws_11_29/install/nav2_recoveries/share/ament_index/resource_index/parent_prefix_path/nav2_recoveries
[0.323s] -- Up-to-date: /home/jucy/ydlidar_ws_11_29/install/nav2_recoveries/share/nav2_recoveries/environment/ament_prefix_path.sh
[0.323s] -- Up-to-date: /home/jucy/ydlidar_ws_11_29/install/nav2_recoveries/share/nav2_recoveries/environment/ament_prefix_path.dsv
[0.323s] -- Up-to-date: /home/jucy/ydlidar_ws_11_29/install/nav2_recoveries/share/nav2_recoveries/environment/path.sh
[0.323s] -- Up-to-date: /home/jucy/ydlidar_ws_11_29/install/nav2_recoveries/share/nav2_recoveries/environment/path.dsv
[0.323s] -- Up-to-date: /home/jucy/ydlidar_ws_11_29/install/nav2_recoveries/share/nav2_recoveries/local_setup.bash
[0.323s] -- Up-to-date: /home/jucy/ydlidar_ws_11_29/install/nav2_recoveries/share/nav2_recoveries/local_setup.sh
[0.323s] -- Up-to-date: /home/jucy/ydlidar_ws_11_29/install/nav2_recoveries/share/nav2_recoveries/local_setup.zsh
[0.324s] -- Up-to-date: /home/jucy/ydlidar_ws_11_29/install/nav2_recoveries/share/nav2_recoveries/local_setup.dsv
[0.324s] -- Installing: /home/jucy/ydlidar_ws_11_29/install/nav2_recoveries/share/nav2_recoveries/package.dsv
[0.324s] -- Up-to-date: /home/jucy/ydlidar_ws_11_29/install/nav2_recoveries/share/ament_index/resource_index/packages/nav2_recoveries
[0.324s] -- Up-to-date: /home/jucy/ydlidar_ws_11_29/install/nav2_recoveries/share/ament_index/resource_index/nav2_core__pluginlib__plugin/nav2_recoveries
[0.324s] -- Up-to-date: /home/jucy/ydlidar_ws_11_29/install/nav2_recoveries/share/nav2_recoveries/cmake/ament_cmake_export_include_directories-extras.cmake
[0.324s] -- Up-to-date: /home/jucy/ydlidar_ws_11_29/install/nav2_recoveries/share/nav2_recoveries/cmake/ament_cmake_export_libraries-extras.cmake
[0.324s] -- Up-to-date: /home/jucy/ydlidar_ws_11_29/install/nav2_recoveries/share/nav2_recoveries/cmake/ament_cmake_export_definitions-extras.cmake
[0.324s] -- Up-to-date: /home/jucy/ydlidar_ws_11_29/install/nav2_recoveries/share/nav2_recoveries/cmake/nav2_recoveriesConfig.cmake
[0.324s] -- Up-to-date: /home/jucy/ydlidar_ws_11_29/install/nav2_recoveries/share/nav2_recoveries/cmake/nav2_recoveriesConfig-version.cmake
[0.324s] -- Up-to-date: /home/jucy/ydlidar_ws_11_29/install/nav2_recoveries/share/nav2_recoveries/package.xml
[0.406s] Invoked command in '/home/jucy/ydlidar_ws_11_29/build/nav2_recoveries' returned '0': AMENT_PREFIX_PATH=/home/jucy/ydlidar_ws_11_29/install/nav2_core:/home/jucy/ydlidar_ws_11_29/install/nav2_costmap_2d:/home/jucy/ydlidar_ws_11_29/install/nav2_map_server:/home/jucy/ydlidar_ws_11_29/install/nav2_lifecycle_manager:/home/jucy/ydlidar_ws_11_29/install/nav2_behavior_tree:/home/jucy/ydlidar_ws_11_29/install/nav2_util:/home/jucy/ydlidar_ws_11_29/install/nav2_voxel_grid:/home/jucy/ydlidar_ws_11_29/install/nav2_msgs:/home/jucy/ydlidar_ws_11_29/install/nav2_common:${AMENT_PREFIX_PATH} CMAKE_PREFIX_PATH=/home/jucy/ydlidar_ws_11_29/install/nav2_core:/home/jucy/ydlidar_ws_11_29/install/nav2_costmap_2d:/home/jucy/ydlidar_ws_11_29/install/nav2_map_server:/home/jucy/ydlidar_ws_11_29/install/nav2_lifecycle_manager:/home/jucy/ydlidar_ws_11_29/install/nav2_behavior_tree:/home/jucy/ydlidar_ws_11_29/install/nav2_util:/home/jucy/ydlidar_ws_11_29/install/nav2_voxel_grid:/home/jucy/ydlidar_ws_11_29/install/nav2_msgs:/home/jucy/ydlidar_ws_11_29/install/nav2_common:/opt/ros/foxy:/opt/ros/foxy LD_LIBRARY_PATH=/home/jucy/ydlidar_ws_11_29/install/nav2_costmap_2d/lib:/home/jucy/ydlidar_ws_11_29/install/nav2_map_server/lib:/home/jucy/ydlidar_ws_11_29/install/nav2_lifecycle_manager/lib:/home/jucy/ydlidar_ws_11_29/install/nav2_behavior_tree/lib:/home/jucy/ydlidar_ws_11_29/install/nav2_util/lib:/home/jucy/ydlidar_ws_11_29/install/nav2_voxel_grid/lib:/home/jucy/ydlidar_ws_11_29/install/nav2_msgs/lib:${LD_LIBRARY_PATH} PYTHONPATH=/home/jucy/ydlidar_ws_11_29/install/nav2_msgs/lib/python3.8/site-packages:/home/jucy/ydlidar_ws_11_29/install/nav2_common/lib/python3.8/site-packages:${PYTHONPATH} /usr/bin/cmake --install /home/jucy/ydlidar_ws_11_29/build/nav2_recoveries
