[5.513s] Invoking command in '/home/jucy/ydlidar_ws_11_29/ydlidar_ws/src/jdamr200_node': PYTHONPATH=/home/jucy/ydlidar_ws_11_29/build/jdamr200_node/prefix_override:/usr/lib/python3/dist-packages/colcon_core/task/python/colcon_distutils_commands:/home/jucy/ydlidar_ws_11_29/install/jdamr200_node/lib/python3.8/site-packages:${PYTHONPATH} /usr/bin/python3 -W ignore:setup.py install is deprecated -W ignore:easy_install command is deprecated setup.py egg_info --egg-base ../../../build/jdamr200_node build --build-base /home/jucy/ydlidar_ws_11_29/build/jdamr200_node/build install --record /home/jucy/ydlidar_ws_11_29/build/jdamr200_node/install.log --single-version-externally-managed install_data
[5.745s] running egg_info
[5.745s] writing ../../../build/jdamr200_node/jdamr200_node.egg-info/PKG-INFO
[5.745s] writing dependency_links to ../../../build/jdamr200_node/jdamr200_node.egg-info/dependency_links.txt
[5.745s] writing entry points to ../../../build/jdamr200_node/jdamr200_node.egg-info/entry_points.txt
[5.746s] writing requirements to ../../../build/jdamr200_node/jdamr200_node.egg-info/requires.txt
[5.746s] writing top-level names to ../../../build/jdamr200_node/jdamr200_node.egg-info/top_level.txt
[5.843s] reading manifest file '../../../build/jdamr200_node/jdamr200_node.egg-info/SOURCES.txt'
[5.895s] writing manifest file '../../../build/jdamr200_node/jdamr200_node.egg-info/SOURCES.txt'
[5.896s] running build
[5.896s] running build_py
[5.913s] running install
[5.914s] running install_lib
[5.916s] running install_data
[5.917s] running install_egg_info
[5.918s] removing '/home/jucy/ydlidar_ws_11_29/install/jdamr200_node/lib/python3.8/site-packages/jdamr200_node-0.0.0-py3.8.egg-info' (and everything under it)
[5.928s] Copying ../../../build/jdamr200_node/jdamr200_node.egg-info to /home/jucy/ydlidar_ws_11_29/install/jdamr200_node/lib/python3.8/site-packages/jdamr200_node-0.0.0-py3.8.egg-info
[5.938s] running install_scripts
[5.955s] Installing jdamr200_node script to /home/jucy/ydlidar_ws_11_29/install/jdamr200_node/lib/jdamr200_node
[5.955s] writing list of installed files to '/home/jucy/ydlidar_ws_11_29/build/jdamr200_node/install.log'
[6.227s] Invoked command in '/home/jucy/ydlidar_ws_11_29/ydlidar_ws/src/jdamr200_node' returned '0': PYTHONPATH=/home/jucy/ydlidar_ws_11_29/build/jdamr200_node/prefix_override:/usr/lib/python3/dist-packages/colcon_core/task/python/colcon_distutils_commands:/home/jucy/ydlidar_ws_11_29/install/jdamr200_node/lib/python3.8/site-packages:${PYTHONPATH} /usr/bin/python3 -W ignore:setup.py install is deprecated -W ignore:easy_install command is deprecated setup.py egg_info --egg-base ../../../build/jdamr200_node build --build-base /home/jucy/ydlidar_ws_11_29/build/jdamr200_node/build install --record /home/jucy/ydlidar_ws_11_29/build/jdamr200_node/install.log --single-version-externally-managed install_data
