[0.257s] Invoking command in '/home/jucy/ydlidar_ws_11_29/build/myagv_description': CMAKE_PREFIX_PATH=${CMAKE_PREFIX_PATH}:/home/jucy/ydlidar_ws_11_29/install/nav2_gazebo_spawner:/home/jucy/ydlidar_ws_11_29/install/jdamr200_node:/home/jucy/turtlebot3_ws/install/turtlebot3_teleop:/home/jucy/turtlebot3_ws/install/turtlebot3_example:/home/jucy/turtlebot3_ws/install/nav2_goal_pulisher_test:/home/jucy/turtlebot3_ws/install/nav2_goal_publisher:/home/jucy/ros2_ws/install/nav2_simple_commander:/home/jucy/ros2_ws/install/nav2_gazebo_spawner:/home/jucy/ros2_ws/install/camera_udp_communication:/home/jucy/ros2_ws/install/agv_control_py:/home/jucy/ydlidar_ros2_ws/install/jdamr200_teleop:/home/jucy/ydlidar_ros2_ws/install/jdamr200_node /usr/bin/cmake --build /home/jucy/ydlidar_ws_11_29/build/myagv_description -- -j12 -l12
[2.014s] Invoked command in '/home/jucy/ydlidar_ws_11_29/build/myagv_description' returned '0': CMAKE_PREFIX_PATH=${CMAKE_PREFIX_PATH}:/home/jucy/ydlidar_ws_11_29/install/nav2_gazebo_spawner:/home/jucy/ydlidar_ws_11_29/install/jdamr200_node:/home/jucy/turtlebot3_ws/install/turtlebot3_teleop:/home/jucy/turtlebot3_ws/install/turtlebot3_example:/home/jucy/turtlebot3_ws/install/nav2_goal_pulisher_test:/home/jucy/turtlebot3_ws/install/nav2_goal_publisher:/home/jucy/ros2_ws/install/nav2_simple_commander:/home/jucy/ros2_ws/install/nav2_gazebo_spawner:/home/jucy/ros2_ws/install/camera_udp_communication:/home/jucy/ros2_ws/install/agv_control_py:/home/jucy/ydlidar_ros2_ws/install/jdamr200_teleop:/home/jucy/ydlidar_ros2_ws/install/jdamr200_node /usr/bin/cmake --build /home/jucy/ydlidar_ws_11_29/build/myagv_description -- -j12 -l12
[2.018s] Invoking command in '/home/jucy/ydlidar_ws_11_29/build/myagv_description': CMAKE_PREFIX_PATH=${CMAKE_PREFIX_PATH}:/home/jucy/ydlidar_ws_11_29/install/nav2_gazebo_spawner:/home/jucy/ydlidar_ws_11_29/install/jdamr200_node:/home/jucy/turtlebot3_ws/install/turtlebot3_teleop:/home/jucy/turtlebot3_ws/install/turtlebot3_example:/home/jucy/turtlebot3_ws/install/nav2_goal_pulisher_test:/home/jucy/turtlebot3_ws/install/nav2_goal_publisher:/home/jucy/ros2_ws/install/nav2_simple_commander:/home/jucy/ros2_ws/install/nav2_gazebo_spawner:/home/jucy/ros2_ws/install/camera_udp_communication:/home/jucy/ros2_ws/install/agv_control_py:/home/jucy/ydlidar_ros2_ws/install/jdamr200_teleop:/home/jucy/ydlidar_ros2_ws/install/jdamr200_node /usr/bin/cmake --install /home/jucy/ydlidar_ws_11_29/build/myagv_description
[2.038s] -- Install configuration: ""
[2.039s] -- Up-to-date: /home/jucy/ydlidar_ws_11_29/install/myagv_description/share/myagv_description/config
[2.047s] -- Up-to-date: /home/jucy/ydlidar_ws_11_29/install/myagv_description/share/myagv_description/config/joint_names_aseembly.yaml
[2.047s] -- Up-to-date: /home/jucy/ydlidar_ws_11_29/install/myagv_description/share/myagv_description/launch
[2.048s] -- Up-to-date: /home/jucy/ydlidar_ws_11_29/install/myagv_description/share/myagv_description/launch/display_s.launch.py
[2.048s] -- Up-to-date: /home/jucy/ydlidar_ws_11_29/install/myagv_description/share/myagv_description/launch/gazebo.launch
[2.048s] -- Up-to-date: /home/jucy/ydlidar_ws_11_29/install/myagv_description/share/myagv_description/launch/transform_publisher.launch.py
[2.048s] -- Up-to-date: /home/jucy/ydlidar_ws_11_29/install/myagv_description/share/myagv_description/launch/display.launch.py
[2.048s] -- Up-to-date: /home/jucy/ydlidar_ws_11_29/install/myagv_description/share/myagv_description/launch/robot_state_publisher.launch.py
[2.048s] -- Up-to-date: /home/jucy/ydlidar_ws_11_29/install/myagv_description/share/myagv_description/meshes
[2.094s] -- Up-to-date: /home/jucy/ydlidar_ws_11_29/install/myagv_description/share/myagv_description/meshes/wheele4_link.STL
[2.095s] -- Up-to-date: /home/jucy/ydlidar_ws_11_29/install/myagv_description/share/myagv_description/meshes/wheele2_link.STL
[2.097s] -- Up-to-date: /home/jucy/ydlidar_ws_11_29/install/myagv_description/share/myagv_description/meshes/wheele3_link.STL
[2.099s] -- Up-to-date: /home/jucy/ydlidar_ws_11_29/install/myagv_description/share/myagv_description/meshes/base_link.STL
[2.100s] -- Up-to-date: /home/jucy/ydlidar_ws_11_29/install/myagv_description/share/myagv_description/meshes/wheele1_link.STL
[2.102s] -- Up-to-date: /home/jucy/ydlidar_ws_11_29/install/myagv_description/share/myagv_description/meshes/lidar_link.STL
[2.103s] -- Up-to-date: /home/jucy/ydlidar_ws_11_29/install/myagv_description/share/myagv_description/urdf
[2.105s] -- Up-to-date: /home/jucy/ydlidar_ws_11_29/install/myagv_description/share/myagv_description/urdf/myagv_description.urdf
[2.106s] -- Up-to-date: /home/jucy/ydlidar_ws_11_29/install/myagv_description/share/myagv_description/urdf/myagv_description.csv
[2.107s] -- Up-to-date: /home/jucy/ydlidar_ws_11_29/install/myagv_description/share/ament_index/resource_index/package_run_dependencies/myagv_description
[2.109s] -- Up-to-date: /home/jucy/ydlidar_ws_11_29/install/myagv_description/share/ament_index/resource_index/parent_prefix_path/myagv_description
[2.110s] -- Up-to-date: /home/jucy/ydlidar_ws_11_29/install/myagv_description/share/myagv_description/environment/ament_prefix_path.sh
[2.113s] -- Up-to-date: /home/jucy/ydlidar_ws_11_29/install/myagv_description/share/myagv_description/environment/ament_prefix_path.dsv
[2.114s] -- Up-to-date: /home/jucy/ydlidar_ws_11_29/install/myagv_description/share/myagv_description/environment/path.sh
[2.114s] -- Up-to-date: /home/jucy/ydlidar_ws_11_29/install/myagv_description/share/myagv_description/environment/path.dsv
[2.115s] -- Up-to-date: /home/jucy/ydlidar_ws_11_29/install/myagv_description/share/myagv_description/local_setup.bash
[2.116s] -- Up-to-date: /home/jucy/ydlidar_ws_11_29/install/myagv_description/share/myagv_description/local_setup.sh
[2.117s] -- Up-to-date: /home/jucy/ydlidar_ws_11_29/install/myagv_description/share/myagv_description/local_setup.zsh
[2.120s] -- Up-to-date: /home/jucy/ydlidar_ws_11_29/install/myagv_description/share/myagv_description/local_setup.dsv
[2.121s] -- Installing: /home/jucy/ydlidar_ws_11_29/install/myagv_description/share/myagv_description/package.dsv
[2.122s] -- Up-to-date: /home/jucy/ydlidar_ws_11_29/install/myagv_description/share/ament_index/resource_index/packages/myagv_description
[2.122s] -- Up-to-date: /home/jucy/ydlidar_ws_11_29/install/myagv_description/share/myagv_description/cmake/myagv_descriptionConfig.cmake
[2.123s] -- Up-to-date: /home/jucy/ydlidar_ws_11_29/install/myagv_description/share/myagv_description/cmake/myagv_descriptionConfig-version.cmake
[2.123s] -- Up-to-date: /home/jucy/ydlidar_ws_11_29/install/myagv_description/share/myagv_description/package.xml
[2.126s] Invoked command in '/home/jucy/ydlidar_ws_11_29/build/myagv_description' returned '0': CMAKE_PREFIX_PATH=${CMAKE_PREFIX_PATH}:/home/jucy/ydlidar_ws_11_29/install/nav2_gazebo_spawner:/home/jucy/ydlidar_ws_11_29/install/jdamr200_node:/home/jucy/turtlebot3_ws/install/turtlebot3_teleop:/home/jucy/turtlebot3_ws/install/turtlebot3_example:/home/jucy/turtlebot3_ws/install/nav2_goal_pulisher_test:/home/jucy/turtlebot3_ws/install/nav2_goal_publisher:/home/jucy/ros2_ws/install/nav2_simple_commander:/home/jucy/ros2_ws/install/nav2_gazebo_spawner:/home/jucy/ros2_ws/install/camera_udp_communication:/home/jucy/ros2_ws/install/agv_control_py:/home/jucy/ydlidar_ros2_ws/install/jdamr200_teleop:/home/jucy/ydlidar_ros2_ws/install/jdamr200_node /usr/bin/cmake --install /home/jucy/ydlidar_ws_11_29/build/myagv_description
