[0.199s] Invoking command in '/home/jucy/ydlidar_ws_11_29/build/nav_2d_msgs': CMAKE_PREFIX_PATH=${CMAKE_PREFIX_PATH}:/home/jucy/ydlidar_ws_11_29/install/nav2_gazebo_spawner:/home/jucy/ydlidar_ws_11_29/install/jdamr200_node:/home/jucy/turtlebot3_ws/install/turtlebot3_teleop:/home/jucy/turtlebot3_ws/install/turtlebot3_example:/home/jucy/turtlebot3_ws/install/nav2_goal_pulisher_test:/home/jucy/turtlebot3_ws/install/nav2_goal_publisher:/home/jucy/ros2_ws/install/camera_udp_communication:/home/jucy/ros2_ws/install/agv_control_py:/home/jucy/ydlidar_ros2_ws/install/jdamr200_teleop:/home/jucy/ydlidar_ros2_ws/install/jdamr200_node /usr/bin/cmake --build /home/jucy/ydlidar_ws_11_29/build/nav_2d_msgs -- -j12 -l12
[1.040s] [  1%] Built target nav_2d_msgs__cpp
[1.099s] [ 12%] Built target nav_2d_msgs__rosidl_generator_c
[1.099s] [ 23%] Built target nav_2d_msgs__rosidl_typesupport_introspection_cpp
[1.186s] [ 35%] Built target nav_2d_msgs__rosidl_typesupport_cpp
[1.186s] [ 46%] Built target nav_2d_msgs__rosidl_typesupport_fastrtps_cpp
[1.264s] [ 57%] Built target nav_2d_msgs__rosidl_typesupport_introspection_c
[1.297s] [ 69%] Built target nav_2d_msgs__rosidl_typesupport_c
[1.378s] [ 80%] Built target nav_2d_msgs__rosidl_typesupport_fastrtps_c
[1.451s] [ 80%] Built target nav_2d_msgs
[1.495s] [ 81%] Built target nav_2d_msgs__py
[1.679s] [ 91%] Built target nav_2d_msgs__python
[1.855s] [ 94%] Built target nav_2d_msgs__rosidl_typesupport_c__pyext
[1.855s] [ 97%] Built target nav_2d_msgs__rosidl_typesupport_introspection_c__pyext
[1.864s] [100%] Built target nav_2d_msgs__rosidl_typesupport_fastrtps_c__pyext
[1.878s] Invoked command in '/home/jucy/ydlidar_ws_11_29/build/nav_2d_msgs' returned '0': CMAKE_PREFIX_PATH=${CMAKE_PREFIX_PATH}:/home/jucy/ydlidar_ws_11_29/install/nav2_gazebo_spawner:/home/jucy/ydlidar_ws_11_29/install/jdamr200_node:/home/jucy/turtlebot3_ws/install/turtlebot3_teleop:/home/jucy/turtlebot3_ws/install/turtlebot3_example:/home/jucy/turtlebot3_ws/install/nav2_goal_pulisher_test:/home/jucy/turtlebot3_ws/install/nav2_goal_publisher:/home/jucy/ros2_ws/install/camera_udp_communication:/home/jucy/ros2_ws/install/agv_control_py:/home/jucy/ydlidar_ros2_ws/install/jdamr200_teleop:/home/jucy/ydlidar_ros2_ws/install/jdamr200_node /usr/bin/cmake --build /home/jucy/ydlidar_ws_11_29/build/nav_2d_msgs -- -j12 -l12
[1.883s] Invoking command in '/home/jucy/ydlidar_ws_11_29/build/nav_2d_msgs': CMAKE_PREFIX_PATH=${CMAKE_PREFIX_PATH}:/home/jucy/ydlidar_ws_11_29/install/nav2_gazebo_spawner:/home/jucy/ydlidar_ws_11_29/install/jdamr200_node:/home/jucy/turtlebot3_ws/install/turtlebot3_teleop:/home/jucy/turtlebot3_ws/install/turtlebot3_example:/home/jucy/turtlebot3_ws/install/nav2_goal_pulisher_test:/home/jucy/turtlebot3_ws/install/nav2_goal_publisher:/home/jucy/ros2_ws/install/camera_udp_communication:/home/jucy/ros2_ws/install/agv_control_py:/home/jucy/ydlidar_ros2_ws/install/jdamr200_teleop:/home/jucy/ydlidar_ros2_ws/install/jdamr200_node /usr/bin/cmake --install /home/jucy/ydlidar_ws_11_29/build/nav_2d_msgs
[1.906s] -- Install configuration: ""
[1.907s] -- Up-to-date: /home/jucy/ydlidar_ws_11_29/install/nav_2d_msgs/share/ament_index/resource_index/rosidl_interfaces/nav_2d_msgs
[1.907s] -- Up-to-date: /home/jucy/ydlidar_ws_11_29/install/nav_2d_msgs/include/nav_2d_msgs
[1.908s] -- Up-to-date: /home/jucy/ydlidar_ws_11_29/install/nav_2d_msgs/include/nav_2d_msgs/msg
[1.909s] -- Up-to-date: /home/jucy/ydlidar_ws_11_29/install/nav_2d_msgs/include/nav_2d_msgs/msg/twist2_d.h
[1.909s] -- Up-to-date: /home/jucy/ydlidar_ws_11_29/install/nav_2d_msgs/include/nav_2d_msgs/msg/rosidl_generator_c__visibility_control.h
[1.910s] -- Up-to-date: /home/jucy/ydlidar_ws_11_29/install/nav_2d_msgs/include/nav_2d_msgs/msg/twist2_d32.h
[1.910s] -- Up-to-date: /home/jucy/ydlidar_ws_11_29/install/nav_2d_msgs/include/nav_2d_msgs/msg/pose2_d32.h
[1.911s] -- Up-to-date: /home/jucy/ydlidar_ws_11_29/install/nav_2d_msgs/include/nav_2d_msgs/msg/twist2_d_stamped.h
[1.911s] -- Up-to-date: /home/jucy/ydlidar_ws_11_29/install/nav_2d_msgs/include/nav_2d_msgs/msg/path2_d.h
[1.911s] -- Up-to-date: /home/jucy/ydlidar_ws_11_29/install/nav_2d_msgs/include/nav_2d_msgs/msg/detail
[1.912s] -- Up-to-date: /home/jucy/ydlidar_ws_11_29/install/nav_2d_msgs/include/nav_2d_msgs/msg/detail/twist2_d__type_support.h
[1.912s] -- Up-to-date: /home/jucy/ydlidar_ws_11_29/install/nav_2d_msgs/include/nav_2d_msgs/msg/detail/twist2_d32__functions.h
[1.913s] -- Up-to-date: /home/jucy/ydlidar_ws_11_29/install/nav_2d_msgs/include/nav_2d_msgs/msg/detail/pose2_d32__functions.h
[1.913s] -- Up-to-date: /home/jucy/ydlidar_ws_11_29/install/nav_2d_msgs/include/nav_2d_msgs/msg/detail/twist2_d_stamped__type_support.h
[1.913s] -- Up-to-date: /home/jucy/ydlidar_ws_11_29/install/nav_2d_msgs/include/nav_2d_msgs/msg/detail/pose2_d32__struct.h
[1.914s] -- Up-to-date: /home/jucy/ydlidar_ws_11_29/install/nav_2d_msgs/include/nav_2d_msgs/msg/detail/twist2_d_stamped__functions.h
[1.914s] -- Up-to-date: /home/jucy/ydlidar_ws_11_29/install/nav_2d_msgs/include/nav_2d_msgs/msg/detail/twist2_d32__type_support.h
[1.915s] -- Up-to-date: /home/jucy/ydlidar_ws_11_29/install/nav_2d_msgs/include/nav_2d_msgs/msg/detail/twist2_d__struct.h
[1.915s] -- Up-to-date: /home/jucy/ydlidar_ws_11_29/install/nav_2d_msgs/include/nav_2d_msgs/msg/detail/pose2_d_stamped__functions.c
[1.915s] -- Up-to-date: /home/jucy/ydlidar_ws_11_29/install/nav_2d_msgs/include/nav_2d_msgs/msg/detail/pose2_d_stamped__functions.h
[1.916s] -- Up-to-date: /home/jucy/ydlidar_ws_11_29/install/nav_2d_msgs/include/nav_2d_msgs/msg/detail/path2_d__functions.c
[1.916s] -- Up-to-date: /home/jucy/ydlidar_ws_11_29/install/nav_2d_msgs/include/nav_2d_msgs/msg/detail/path2_d__type_support.h
[1.917s] -- Up-to-date: /home/jucy/ydlidar_ws_11_29/install/nav_2d_msgs/include/nav_2d_msgs/msg/detail/twist2_d32__functions.c
[1.917s] -- Up-to-date: /home/jucy/ydlidar_ws_11_29/install/nav_2d_msgs/include/nav_2d_msgs/msg/detail/twist2_d__functions.c
[1.917s] -- Up-to-date: /home/jucy/ydlidar_ws_11_29/install/nav_2d_msgs/include/nav_2d_msgs/msg/detail/twist2_d_stamped__struct.h
[1.918s] -- Up-to-date: /home/jucy/ydlidar_ws_11_29/install/nav_2d_msgs/include/nav_2d_msgs/msg/detail/twist2_d__functions.h
[1.918s] -- Up-to-date: /home/jucy/ydlidar_ws_11_29/install/nav_2d_msgs/include/nav_2d_msgs/msg/detail/twist2_d32__struct.h
[1.918s] -- Up-to-date: /home/jucy/ydlidar_ws_11_29/install/nav_2d_msgs/include/nav_2d_msgs/msg/detail/path2_d__struct.h
[1.919s] -- Up-to-date: /home/jucy/ydlidar_ws_11_29/install/nav_2d_msgs/include/nav_2d_msgs/msg/detail/path2_d__functions.h
[1.919s] -- Up-to-date: /home/jucy/ydlidar_ws_11_29/install/nav_2d_msgs/include/nav_2d_msgs/msg/detail/twist2_d_stamped__functions.c
[1.920s] -- Up-to-date: /home/jucy/ydlidar_ws_11_29/install/nav_2d_msgs/include/nav_2d_msgs/msg/detail/pose2_d_stamped__struct.h
[1.920s] -- Up-to-date: /home/jucy/ydlidar_ws_11_29/install/nav_2d_msgs/include/nav_2d_msgs/msg/detail/pose2_d32__functions.c
[1.920s] -- Up-to-date: /home/jucy/ydlidar_ws_11_29/install/nav_2d_msgs/include/nav_2d_msgs/msg/detail/pose2_d_stamped__type_support.h
[1.921s] -- Up-to-date: /home/jucy/ydlidar_ws_11_29/install/nav_2d_msgs/include/nav_2d_msgs/msg/detail/pose2_d32__type_support.h
[1.921s] -- Up-to-date: /home/jucy/ydlidar_ws_11_29/install/nav_2d_msgs/include/nav_2d_msgs/msg/pose2_d_stamped.h
[1.922s] -- Up-to-date: /home/jucy/ydlidar_ws_11_29/install/nav_2d_msgs/share/nav_2d_msgs/environment/library_path.sh
[1.922s] -- Up-to-date: /home/jucy/ydlidar_ws_11_29/install/nav_2d_msgs/share/nav_2d_msgs/environment/library_path.dsv
[2.199s] -- Up-to-date: /home/jucy/ydlidar_ws_11_29/install/nav_2d_msgs/lib/libnav_2d_msgs__rosidl_generator_c.so
[2.200s] -- Up-to-date: /home/jucy/ydlidar_ws_11_29/install/nav_2d_msgs/include/nav_2d_msgs
[2.200s] -- Up-to-date: /home/jucy/ydlidar_ws_11_29/install/nav_2d_msgs/include/nav_2d_msgs/msg
[2.200s] -- Up-to-date: /home/jucy/ydlidar_ws_11_29/install/nav_2d_msgs/include/nav_2d_msgs/msg/rosidl_typesupport_fastrtps_c__visibility_control.h
[2.200s] -- Up-to-date: /home/jucy/ydlidar_ws_11_29/install/nav_2d_msgs/include/nav_2d_msgs/msg/detail
[2.201s] -- Up-to-date: /home/jucy/ydlidar_ws_11_29/install/nav_2d_msgs/include/nav_2d_msgs/msg/detail/twist2_d32__rosidl_typesupport_fastrtps_c.h
[2.201s] -- Up-to-date: /home/jucy/ydlidar_ws_11_29/install/nav_2d_msgs/include/nav_2d_msgs/msg/detail/pose2_d_stamped__rosidl_typesupport_fastrtps_c.h
[2.202s] -- Up-to-date: /home/jucy/ydlidar_ws_11_29/install/nav_2d_msgs/include/nav_2d_msgs/msg/detail/pose2_d32__rosidl_typesupport_fastrtps_c.h
[2.202s] -- Up-to-date: /home/jucy/ydlidar_ws_11_29/install/nav_2d_msgs/include/nav_2d_msgs/msg/detail/path2_d__rosidl_typesupport_fastrtps_c.h
[2.203s] -- Up-to-date: /home/jucy/ydlidar_ws_11_29/install/nav_2d_msgs/include/nav_2d_msgs/msg/detail/twist2_d__rosidl_typesupport_fastrtps_c.h
[2.204s] -- Up-to-date: /home/jucy/ydlidar_ws_11_29/install/nav_2d_msgs/include/nav_2d_msgs/msg/detail/twist2_d_stamped__rosidl_typesupport_fastrtps_c.h
[2.325s] -- Up-to-date: /home/jucy/ydlidar_ws_11_29/install/nav_2d_msgs/lib/libnav_2d_msgs__rosidl_typesupport_fastrtps_c.so
[2.327s] -- Up-to-date: /home/jucy/ydlidar_ws_11_29/install/nav_2d_msgs/include/nav_2d_msgs
[2.327s] -- Up-to-date: /home/jucy/ydlidar_ws_11_29/install/nav_2d_msgs/include/nav_2d_msgs/msg
[2.328s] -- Up-to-date: /home/jucy/ydlidar_ws_11_29/install/nav_2d_msgs/include/nav_2d_msgs/msg/rosidl_typesupport_fastrtps_cpp__visibility_control.h
[2.328s] -- Up-to-date: /home/jucy/ydlidar_ws_11_29/install/nav_2d_msgs/include/nav_2d_msgs/msg/detail
[2.328s] -- Up-to-date: /home/jucy/ydlidar_ws_11_29/install/nav_2d_msgs/include/nav_2d_msgs/msg/detail/twist2_d32__rosidl_typesupport_fastrtps_cpp.hpp
[2.329s] -- Up-to-date: /home/jucy/ydlidar_ws_11_29/install/nav_2d_msgs/include/nav_2d_msgs/msg/detail/twist2_d_stamped__rosidl_typesupport_fastrtps_cpp.hpp
[2.329s] -- Up-to-date: /home/jucy/ydlidar_ws_11_29/install/nav_2d_msgs/include/nav_2d_msgs/msg/detail/pose2_d32__rosidl_typesupport_fastrtps_cpp.hpp
[2.329s] -- Up-to-date: /home/jucy/ydlidar_ws_11_29/install/nav_2d_msgs/include/nav_2d_msgs/msg/detail/pose2_d_stamped__rosidl_typesupport_fastrtps_cpp.hpp
[2.331s] -- Up-to-date: /home/jucy/ydlidar_ws_11_29/install/nav_2d_msgs/include/nav_2d_msgs/msg/detail/path2_d__rosidl_typesupport_fastrtps_cpp.hpp
[2.331s] -- Up-to-date: /home/jucy/ydlidar_ws_11_29/install/nav_2d_msgs/include/nav_2d_msgs/msg/detail/twist2_d__rosidl_typesupport_fastrtps_cpp.hpp
[2.332s] -- Up-to-date: /home/jucy/ydlidar_ws_11_29/install/nav_2d_msgs/include/nav_2d_msgs/msg/detail/dds_fastrtps
[2.332s] -- Up-to-date: /home/jucy/ydlidar_ws_11_29/install/nav_2d_msgs/lib/libnav_2d_msgs__rosidl_typesupport_fastrtps_cpp.so
[2.332s] -- Up-to-date: /home/jucy/ydlidar_ws_11_29/install/nav_2d_msgs/include/nav_2d_msgs
[2.332s] -- Up-to-date: /home/jucy/ydlidar_ws_11_29/install/nav_2d_msgs/include/nav_2d_msgs/msg
[2.333s] -- Up-to-date: /home/jucy/ydlidar_ws_11_29/install/nav_2d_msgs/include/nav_2d_msgs/msg/rosidl_typesupport_introspection_c__visibility_control.h
[2.333s] -- Up-to-date: /home/jucy/ydlidar_ws_11_29/install/nav_2d_msgs/include/nav_2d_msgs/msg/detail
[2.333s] -- Up-to-date: /home/jucy/ydlidar_ws_11_29/install/nav_2d_msgs/include/nav_2d_msgs/msg/detail/twist2_d_stamped__rosidl_typesupport_introspection_c.h
[2.334s] -- Up-to-date: /home/jucy/ydlidar_ws_11_29/install/nav_2d_msgs/include/nav_2d_msgs/msg/detail/twist2_d__rosidl_typesupport_introspection_c.h
[2.334s] -- Up-to-date: /home/jucy/ydlidar_ws_11_29/install/nav_2d_msgs/include/nav_2d_msgs/msg/detail/pose2_d_stamped__rosidl_typesupport_introspection_c.h
[2.334s] -- Up-to-date: /home/jucy/ydlidar_ws_11_29/install/nav_2d_msgs/include/nav_2d_msgs/msg/detail/pose2_d_stamped__type_support.c
[2.334s] -- Up-to-date: /home/jucy/ydlidar_ws_11_29/install/nav_2d_msgs/include/nav_2d_msgs/msg/detail/pose2_d32__rosidl_typesupport_introspection_c.h
[2.335s] -- Up-to-date: /home/jucy/ydlidar_ws_11_29/install/nav_2d_msgs/include/nav_2d_msgs/msg/detail/path2_d__rosidl_typesupport_introspection_c.h
[2.335s] -- Up-to-date: /home/jucy/ydlidar_ws_11_29/install/nav_2d_msgs/include/nav_2d_msgs/msg/detail/path2_d__type_support.c
[2.335s] -- Up-to-date: /home/jucy/ydlidar_ws_11_29/install/nav_2d_msgs/include/nav_2d_msgs/msg/detail/twist2_d_stamped__type_support.c
[2.335s] -- Up-to-date: /home/jucy/ydlidar_ws_11_29/install/nav_2d_msgs/include/nav_2d_msgs/msg/detail/twist2_d32__rosidl_typesupport_introspection_c.h
[2.335s] -- Up-to-date: /home/jucy/ydlidar_ws_11_29/install/nav_2d_msgs/include/nav_2d_msgs/msg/detail/twist2_d__type_support.c
[2.336s] -- Up-to-date: /home/jucy/ydlidar_ws_11_29/install/nav_2d_msgs/include/nav_2d_msgs/msg/detail/pose2_d32__type_support.c
[2.336s] -- Up-to-date: /home/jucy/ydlidar_ws_11_29/install/nav_2d_msgs/include/nav_2d_msgs/msg/detail/twist2_d32__type_support.c
[2.359s] -- Up-to-date: /home/jucy/ydlidar_ws_11_29/install/nav_2d_msgs/lib/libnav_2d_msgs__rosidl_typesupport_introspection_c.so
[2.434s] -- Up-to-date: /home/jucy/ydlidar_ws_11_29/install/nav_2d_msgs/lib/libnav_2d_msgs__rosidl_typesupport_c.so
[2.435s] -- Up-to-date: /home/jucy/ydlidar_ws_11_29/install/nav_2d_msgs/include/nav_2d_msgs
[2.435s] -- Up-to-date: /home/jucy/ydlidar_ws_11_29/install/nav_2d_msgs/include/nav_2d_msgs/msg
[2.436s] -- Up-to-date: /home/jucy/ydlidar_ws_11_29/install/nav_2d_msgs/include/nav_2d_msgs/msg/path2_d.hpp
[2.436s] -- Up-to-date: /home/jucy/ydlidar_ws_11_29/install/nav_2d_msgs/include/nav_2d_msgs/msg/rosidl_generator_cpp__visibility_control.hpp
[2.437s] -- Up-to-date: /home/jucy/ydlidar_ws_11_29/install/nav_2d_msgs/include/nav_2d_msgs/msg/twist2_d_stamped.hpp
[2.437s] -- Up-to-date: /home/jucy/ydlidar_ws_11_29/install/nav_2d_msgs/include/nav_2d_msgs/msg/pose2_d32.hpp
[2.437s] -- Up-to-date: /home/jucy/ydlidar_ws_11_29/install/nav_2d_msgs/include/nav_2d_msgs/msg/pose2_d_stamped.hpp
[2.437s] -- Up-to-date: /home/jucy/ydlidar_ws_11_29/install/nav_2d_msgs/include/nav_2d_msgs/msg/detail
[2.438s] -- Up-to-date: /home/jucy/ydlidar_ws_11_29/install/nav_2d_msgs/include/nav_2d_msgs/msg/detail/pose2_d_stamped__traits.hpp
[2.438s] -- Up-to-date: /home/jucy/ydlidar_ws_11_29/install/nav_2d_msgs/include/nav_2d_msgs/msg/detail/twist2_d_stamped__traits.hpp
[2.438s] -- Up-to-date: /home/jucy/ydlidar_ws_11_29/install/nav_2d_msgs/include/nav_2d_msgs/msg/detail/twist2_d32__builder.hpp
[2.439s] -- Up-to-date: /home/jucy/ydlidar_ws_11_29/install/nav_2d_msgs/include/nav_2d_msgs/msg/detail/twist2_d__type_support.hpp
[2.439s] -- Up-to-date: /home/jucy/ydlidar_ws_11_29/install/nav_2d_msgs/include/nav_2d_msgs/msg/detail/twist2_d_stamped__struct.hpp
[2.439s] -- Up-to-date: /home/jucy/ydlidar_ws_11_29/install/nav_2d_msgs/include/nav_2d_msgs/msg/detail/path2_d__traits.hpp
[2.439s] -- Up-to-date: /home/jucy/ydlidar_ws_11_29/install/nav_2d_msgs/include/nav_2d_msgs/msg/detail/pose2_d32__type_support.hpp
[2.439s] -- Up-to-date: /home/jucy/ydlidar_ws_11_29/install/nav_2d_msgs/include/nav_2d_msgs/msg/detail/path2_d__builder.hpp
[2.440s] -- Up-to-date: /home/jucy/ydlidar_ws_11_29/install/nav_2d_msgs/include/nav_2d_msgs/msg/detail/pose2_d_stamped__type_support.hpp
[2.440s] -- Up-to-date: /home/jucy/ydlidar_ws_11_29/install/nav_2d_msgs/include/nav_2d_msgs/msg/detail/twist2_d__struct.hpp
[2.440s] -- Up-to-date: /home/jucy/ydlidar_ws_11_29/install/nav_2d_msgs/include/nav_2d_msgs/msg/detail/path2_d__type_support.hpp
[2.440s] -- Up-to-date: /home/jucy/ydlidar_ws_11_29/install/nav_2d_msgs/include/nav_2d_msgs/msg/detail/pose2_d32__builder.hpp
[2.440s] -- Up-to-date: /home/jucy/ydlidar_ws_11_29/install/nav_2d_msgs/include/nav_2d_msgs/msg/detail/twist2_d__traits.hpp
[2.441s] -- Up-to-date: /home/jucy/ydlidar_ws_11_29/install/nav_2d_msgs/include/nav_2d_msgs/msg/detail/twist2_d_stamped__type_support.hpp
[2.441s] -- Up-to-date: /home/jucy/ydlidar_ws_11_29/install/nav_2d_msgs/include/nav_2d_msgs/msg/detail/pose2_d32__struct.hpp
[2.441s] -- Up-to-date: /home/jucy/ydlidar_ws_11_29/install/nav_2d_msgs/include/nav_2d_msgs/msg/detail/twist2_d32__type_support.hpp
[2.441s] -- Up-to-date: /home/jucy/ydlidar_ws_11_29/install/nav_2d_msgs/include/nav_2d_msgs/msg/detail/path2_d__struct.hpp
[2.441s] -- Up-to-date: /home/jucy/ydlidar_ws_11_29/install/nav_2d_msgs/include/nav_2d_msgs/msg/detail/twist2_d32__struct.hpp
[2.442s] -- Up-to-date: /home/jucy/ydlidar_ws_11_29/install/nav_2d_msgs/include/nav_2d_msgs/msg/detail/pose2_d32__traits.hpp
[2.442s] -- Up-to-date: /home/jucy/ydlidar_ws_11_29/install/nav_2d_msgs/include/nav_2d_msgs/msg/detail/pose2_d_stamped__builder.hpp
[2.442s] -- Up-to-date: /home/jucy/ydlidar_ws_11_29/install/nav_2d_msgs/include/nav_2d_msgs/msg/detail/twist2_d32__traits.hpp
[2.442s] -- Up-to-date: /home/jucy/ydlidar_ws_11_29/install/nav_2d_msgs/include/nav_2d_msgs/msg/detail/twist2_d_stamped__builder.hpp
[2.443s] -- Up-to-date: /home/jucy/ydlidar_ws_11_29/install/nav_2d_msgs/include/nav_2d_msgs/msg/detail/pose2_d_stamped__struct.hpp
[2.443s] -- Up-to-date: /home/jucy/ydlidar_ws_11_29/install/nav_2d_msgs/include/nav_2d_msgs/msg/detail/twist2_d__builder.hpp
[2.443s] -- Up-to-date: /home/jucy/ydlidar_ws_11_29/install/nav_2d_msgs/include/nav_2d_msgs/msg/twist2_d32.hpp
[2.443s] -- Up-to-date: /home/jucy/ydlidar_ws_11_29/install/nav_2d_msgs/include/nav_2d_msgs/msg/twist2_d.hpp
[2.443s] -- Up-to-date: /home/jucy/ydlidar_ws_11_29/install/nav_2d_msgs/include/nav_2d_msgs
[2.444s] -- Up-to-date: /home/jucy/ydlidar_ws_11_29/install/nav_2d_msgs/include/nav_2d_msgs/msg
[2.444s] -- Up-to-date: /home/jucy/ydlidar_ws_11_29/install/nav_2d_msgs/include/nav_2d_msgs/msg/detail
[2.444s] -- Up-to-date: /home/jucy/ydlidar_ws_11_29/install/nav_2d_msgs/include/nav_2d_msgs/msg/detail/path2_d__rosidl_typesupport_introspection_cpp.hpp
[2.444s] -- Up-to-date: /home/jucy/ydlidar_ws_11_29/install/nav_2d_msgs/include/nav_2d_msgs/msg/detail/twist2_d_stamped__rosidl_typesupport_introspection_cpp.hpp
[2.444s] -- Up-to-date: /home/jucy/ydlidar_ws_11_29/install/nav_2d_msgs/include/nav_2d_msgs/msg/detail/twist2_d__type_support.cpp
[2.445s] -- Up-to-date: /home/jucy/ydlidar_ws_11_29/install/nav_2d_msgs/include/nav_2d_msgs/msg/detail/twist2_d32__type_support.cpp
[2.445s] -- Up-to-date: /home/jucy/ydlidar_ws_11_29/install/nav_2d_msgs/include/nav_2d_msgs/msg/detail/twist2_d__rosidl_typesupport_introspection_cpp.hpp
[2.445s] -- Up-to-date: /home/jucy/ydlidar_ws_11_29/install/nav_2d_msgs/include/nav_2d_msgs/msg/detail/pose2_d32__rosidl_typesupport_introspection_cpp.hpp
[2.445s] -- Up-to-date: /home/jucy/ydlidar_ws_11_29/install/nav_2d_msgs/include/nav_2d_msgs/msg/detail/twist2_d_stamped__type_support.cpp
[2.445s] -- Up-to-date: /home/jucy/ydlidar_ws_11_29/install/nav_2d_msgs/include/nav_2d_msgs/msg/detail/pose2_d_stamped__type_support.cpp
[2.446s] -- Up-to-date: /home/jucy/ydlidar_ws_11_29/install/nav_2d_msgs/include/nav_2d_msgs/msg/detail/twist2_d32__rosidl_typesupport_introspection_cpp.hpp
[2.446s] -- Up-to-date: /home/jucy/ydlidar_ws_11_29/install/nav_2d_msgs/include/nav_2d_msgs/msg/detail/pose2_d32__type_support.cpp
[2.446s] -- Up-to-date: /home/jucy/ydlidar_ws_11_29/install/nav_2d_msgs/include/nav_2d_msgs/msg/detail/path2_d__type_support.cpp
[2.446s] -- Up-to-date: /home/jucy/ydlidar_ws_11_29/install/nav_2d_msgs/include/nav_2d_msgs/msg/detail/pose2_d_stamped__rosidl_typesupport_introspection_cpp.hpp
[2.486s] -- Up-to-date: /home/jucy/ydlidar_ws_11_29/install/nav_2d_msgs/lib/libnav_2d_msgs__rosidl_typesupport_introspection_cpp.so
[2.571s] -- Up-to-date: /home/jucy/ydlidar_ws_11_29/install/nav_2d_msgs/lib/libnav_2d_msgs__rosidl_typesupport_cpp.so
[2.572s] -- Up-to-date: /home/jucy/ydlidar_ws_11_29/install/nav_2d_msgs/share/nav_2d_msgs/environment/pythonpath.sh
[2.572s] -- Up-to-date: /home/jucy/ydlidar_ws_11_29/install/nav_2d_msgs/share/nav_2d_msgs/environment/pythonpath.dsv
[2.572s] -- Up-to-date: /home/jucy/ydlidar_ws_11_29/install/nav_2d_msgs/lib/python3.8/site-packages/nav_2d_msgs/__init__.py
[2.619s] -- Up-to-date: /home/jucy/ydlidar_ws_11_29/install/nav_2d_msgs/lib/python3.8/site-packages/nav_2d_msgs/msg
[2.619s] -- Up-to-date: /home/jucy/ydlidar_ws_11_29/install/nav_2d_msgs/lib/python3.8/site-packages/nav_2d_msgs/msg/_twist2_d32.py
[2.619s] -- Up-to-date: /home/jucy/ydlidar_ws_11_29/install/nav_2d_msgs/lib/python3.8/site-packages/nav_2d_msgs/msg/_pose2_d32_s.c
[2.619s] -- Up-to-date: /home/jucy/ydlidar_ws_11_29/install/nav_2d_msgs/lib/python3.8/site-packages/nav_2d_msgs/msg/_path2_d_s.c
[2.620s] -- Up-to-date: /home/jucy/ydlidar_ws_11_29/install/nav_2d_msgs/lib/python3.8/site-packages/nav_2d_msgs/msg/_twist2_d32_s.c
[2.620s] -- Up-to-date: /home/jucy/ydlidar_ws_11_29/install/nav_2d_msgs/lib/python3.8/site-packages/nav_2d_msgs/msg/_twist2_d_s.c
[2.620s] -- Up-to-date: /home/jucy/ydlidar_ws_11_29/install/nav_2d_msgs/lib/python3.8/site-packages/nav_2d_msgs/msg/_twist2_d.py
[2.620s] -- Up-to-date: /home/jucy/ydlidar_ws_11_29/install/nav_2d_msgs/lib/python3.8/site-packages/nav_2d_msgs/msg/_twist2_d_stamped.py
[2.620s] -- Up-to-date: /home/jucy/ydlidar_ws_11_29/install/nav_2d_msgs/lib/python3.8/site-packages/nav_2d_msgs/msg/_pose2_d_stamped.py
[2.620s] -- Up-to-date: /home/jucy/ydlidar_ws_11_29/install/nav_2d_msgs/lib/python3.8/site-packages/nav_2d_msgs/msg/_pose2_d_stamped_s.c
[2.620s] -- Up-to-date: /home/jucy/ydlidar_ws_11_29/install/nav_2d_msgs/lib/python3.8/site-packages/nav_2d_msgs/msg/_path2_d.py
[2.620s] -- Up-to-date: /home/jucy/ydlidar_ws_11_29/install/nav_2d_msgs/lib/python3.8/site-packages/nav_2d_msgs/msg/__init__.py
[2.620s] -- Up-to-date: /home/jucy/ydlidar_ws_11_29/install/nav_2d_msgs/lib/python3.8/site-packages/nav_2d_msgs/msg/_twist2_d_stamped_s.c
[2.620s] -- Up-to-date: /home/jucy/ydlidar_ws_11_29/install/nav_2d_msgs/lib/python3.8/site-packages/nav_2d_msgs/msg/_pose2_d32.py
[2.621s] -- Up-to-date: /home/jucy/ydlidar_ws_11_29/install/nav_2d_msgs/lib/python3.8/site-packages/nav_2d_msgs/nav_2d_msgs_s__rosidl_typesupport_fastrtps_c.cpython-38-x86_64-linux-gnu.so
[2.663s] -- Up-to-date: /home/jucy/ydlidar_ws_11_29/install/nav_2d_msgs/lib/python3.8/site-packages/nav_2d_msgs/nav_2d_msgs_s__rosidl_typesupport_introspection_c.cpython-38-x86_64-linux-gnu.so
[2.693s] -- Up-to-date: /home/jucy/ydlidar_ws_11_29/install/nav_2d_msgs/lib/python3.8/site-packages/nav_2d_msgs/nav_2d_msgs_s__rosidl_typesupport_c.cpython-38-x86_64-linux-gnu.so
[2.698s] -- Up-to-date: /home/jucy/ydlidar_ws_11_29/install/nav_2d_msgs/lib/libnav_2d_msgs__python.so
[2.699s] -- Up-to-date: /home/jucy/ydlidar_ws_11_29/install/nav_2d_msgs/share/nav_2d_msgs/msg/Path2D.idl
[2.699s] -- Up-to-date: /home/jucy/ydlidar_ws_11_29/install/nav_2d_msgs/share/nav_2d_msgs/msg/Pose2D32.idl
[2.700s] -- Up-to-date: /home/jucy/ydlidar_ws_11_29/install/nav_2d_msgs/share/nav_2d_msgs/msg/Pose2DStamped.idl
[2.700s] -- Up-to-date: /home/jucy/ydlidar_ws_11_29/install/nav_2d_msgs/share/nav_2d_msgs/msg/Twist2D.idl
[2.700s] -- Up-to-date: /home/jucy/ydlidar_ws_11_29/install/nav_2d_msgs/share/nav_2d_msgs/msg/Twist2D32.idl
[2.701s] -- Up-to-date: /home/jucy/ydlidar_ws_11_29/install/nav_2d_msgs/share/nav_2d_msgs/msg/Twist2DStamped.idl
[2.701s] -- Up-to-date: /home/jucy/ydlidar_ws_11_29/install/nav_2d_msgs/share/nav_2d_msgs/msg/Path2D.msg
[2.702s] -- Up-to-date: /home/jucy/ydlidar_ws_11_29/install/nav_2d_msgs/share/nav_2d_msgs/msg/Pose2D32.msg
[2.702s] -- Up-to-date: /home/jucy/ydlidar_ws_11_29/install/nav_2d_msgs/share/nav_2d_msgs/msg/Pose2DStamped.msg
[2.702s] -- Up-to-date: /home/jucy/ydlidar_ws_11_29/install/nav_2d_msgs/share/nav_2d_msgs/msg/Twist2D.msg
[2.702s] -- Up-to-date: /home/jucy/ydlidar_ws_11_29/install/nav_2d_msgs/share/nav_2d_msgs/msg/Twist2D32.msg
[2.703s] -- Up-to-date: /home/jucy/ydlidar_ws_11_29/install/nav_2d_msgs/share/nav_2d_msgs/msg/Twist2DStamped.msg
[2.703s] -- Up-to-date: /home/jucy/ydlidar_ws_11_29/install/nav_2d_msgs/share/ament_index/resource_index/package_run_dependencies/nav_2d_msgs
[2.703s] -- Up-to-date: /home/jucy/ydlidar_ws_11_29/install/nav_2d_msgs/share/ament_index/resource_index/parent_prefix_path/nav_2d_msgs
[2.703s] -- Up-to-date: /home/jucy/ydlidar_ws_11_29/install/nav_2d_msgs/share/nav_2d_msgs/environment/ament_prefix_path.sh
[2.704s] -- Up-to-date: /home/jucy/ydlidar_ws_11_29/install/nav_2d_msgs/share/nav_2d_msgs/environment/ament_prefix_path.dsv
[2.704s] -- Up-to-date: /home/jucy/ydlidar_ws_11_29/install/nav_2d_msgs/share/nav_2d_msgs/environment/path.sh
[2.704s] -- Up-to-date: /home/jucy/ydlidar_ws_11_29/install/nav_2d_msgs/share/nav_2d_msgs/environment/path.dsv
[2.704s] -- Up-to-date: /home/jucy/ydlidar_ws_11_29/install/nav_2d_msgs/share/nav_2d_msgs/local_setup.bash
[2.704s] -- Up-to-date: /home/jucy/ydlidar_ws_11_29/install/nav_2d_msgs/share/nav_2d_msgs/local_setup.sh
[2.705s] -- Up-to-date: /home/jucy/ydlidar_ws_11_29/install/nav_2d_msgs/share/nav_2d_msgs/local_setup.zsh
[2.705s] -- Up-to-date: /home/jucy/ydlidar_ws_11_29/install/nav_2d_msgs/share/nav_2d_msgs/local_setup.dsv
[2.705s] -- Installing: /home/jucy/ydlidar_ws_11_29/install/nav_2d_msgs/share/nav_2d_msgs/package.dsv
[2.706s] -- Up-to-date: /home/jucy/ydlidar_ws_11_29/install/nav_2d_msgs/share/ament_index/resource_index/packages/nav_2d_msgs
[2.706s] -- Up-to-date: /home/jucy/ydlidar_ws_11_29/install/nav_2d_msgs/share/nav_2d_msgs/cmake/nav_2d_msgs__rosidl_generator_cExport.cmake
[2.706s] -- Up-to-date: /home/jucy/ydlidar_ws_11_29/install/nav_2d_msgs/share/nav_2d_msgs/cmake/nav_2d_msgs__rosidl_generator_cExport-noconfig.cmake
[2.706s] -- Up-to-date: /home/jucy/ydlidar_ws_11_29/install/nav_2d_msgs/share/nav_2d_msgs/cmake/nav_2d_msgs__rosidl_typesupport_introspection_cExport.cmake
[2.707s] -- Up-to-date: /home/jucy/ydlidar_ws_11_29/install/nav_2d_msgs/share/nav_2d_msgs/cmake/nav_2d_msgs__rosidl_typesupport_introspection_cExport-noconfig.cmake
[2.707s] -- Up-to-date: /home/jucy/ydlidar_ws_11_29/install/nav_2d_msgs/share/nav_2d_msgs/cmake/nav_2d_msgs__rosidl_typesupport_cExport.cmake
[2.708s] -- Up-to-date: /home/jucy/ydlidar_ws_11_29/install/nav_2d_msgs/share/nav_2d_msgs/cmake/nav_2d_msgs__rosidl_typesupport_cExport-noconfig.cmake
[2.708s] -- Up-to-date: /home/jucy/ydlidar_ws_11_29/install/nav_2d_msgs/share/nav_2d_msgs/cmake/nav_2d_msgs__rosidl_generator_cppExport.cmake
[2.708s] -- Up-to-date: /home/jucy/ydlidar_ws_11_29/install/nav_2d_msgs/share/nav_2d_msgs/cmake/nav_2d_msgs__rosidl_typesupport_introspection_cppExport.cmake
[2.709s] -- Up-to-date: /home/jucy/ydlidar_ws_11_29/install/nav_2d_msgs/share/nav_2d_msgs/cmake/nav_2d_msgs__rosidl_typesupport_introspection_cppExport-noconfig.cmake
[2.709s] -- Up-to-date: /home/jucy/ydlidar_ws_11_29/install/nav_2d_msgs/share/nav_2d_msgs/cmake/nav_2d_msgs__rosidl_typesupport_cppExport.cmake
[2.710s] -- Up-to-date: /home/jucy/ydlidar_ws_11_29/install/nav_2d_msgs/share/nav_2d_msgs/cmake/nav_2d_msgs__rosidl_typesupport_cppExport-noconfig.cmake
[2.710s] -- Up-to-date: /home/jucy/ydlidar_ws_11_29/install/nav_2d_msgs/share/nav_2d_msgs/cmake/rosidl_cmake-extras.cmake
[2.711s] -- Up-to-date: /home/jucy/ydlidar_ws_11_29/install/nav_2d_msgs/share/nav_2d_msgs/cmake/ament_cmake_export_dependencies-extras.cmake
[2.711s] -- Up-to-date: /home/jucy/ydlidar_ws_11_29/install/nav_2d_msgs/share/nav_2d_msgs/cmake/ament_cmake_export_libraries-extras.cmake
[2.711s] -- Up-to-date: /home/jucy/ydlidar_ws_11_29/install/nav_2d_msgs/share/nav_2d_msgs/cmake/ament_cmake_export_targets-extras.cmake
[2.712s] -- Up-to-date: /home/jucy/ydlidar_ws_11_29/install/nav_2d_msgs/share/nav_2d_msgs/cmake/ament_cmake_export_include_directories-extras.cmake
[2.712s] -- Up-to-date: /home/jucy/ydlidar_ws_11_29/install/nav_2d_msgs/share/nav_2d_msgs/cmake/rosidl_cmake_export_typesupport_libraries-extras.cmake
[2.712s] -- Up-to-date: /home/jucy/ydlidar_ws_11_29/install/nav_2d_msgs/share/nav_2d_msgs/cmake/rosidl_cmake_export_typesupport_targets-extras.cmake
[2.712s] -- Up-to-date: /home/jucy/ydlidar_ws_11_29/install/nav_2d_msgs/share/nav_2d_msgs/cmake/nav_2d_msgsConfig.cmake
[2.713s] -- Up-to-date: /home/jucy/ydlidar_ws_11_29/install/nav_2d_msgs/share/nav_2d_msgs/cmake/nav_2d_msgsConfig-version.cmake
[2.713s] -- Up-to-date: /home/jucy/ydlidar_ws_11_29/install/nav_2d_msgs/share/nav_2d_msgs/package.xml
[2.717s] Invoked command in '/home/jucy/ydlidar_ws_11_29/build/nav_2d_msgs' returned '0': CMAKE_PREFIX_PATH=${CMAKE_PREFIX_PATH}:/home/jucy/ydlidar_ws_11_29/install/nav2_gazebo_spawner:/home/jucy/ydlidar_ws_11_29/install/jdamr200_node:/home/jucy/turtlebot3_ws/install/turtlebot3_teleop:/home/jucy/turtlebot3_ws/install/turtlebot3_example:/home/jucy/turtlebot3_ws/install/nav2_goal_pulisher_test:/home/jucy/turtlebot3_ws/install/nav2_goal_publisher:/home/jucy/ros2_ws/install/camera_udp_communication:/home/jucy/ros2_ws/install/agv_control_py:/home/jucy/ydlidar_ros2_ws/install/jdamr200_teleop:/home/jucy/ydlidar_ros2_ws/install/jdamr200_node /usr/bin/cmake --install /home/jucy/ydlidar_ws_11_29/build/nav_2d_msgs
