[0.098s] Invoking command in '/home/jucy/ydlidar_ws_11_29/build/nav2_map_server': AMENT_PREFIX_PATH=/home/jucy/ydlidar_ws_11_29/install/nav2_util:/home/jucy/ydlidar_ws_11_29/install/nav2_msgs:/home/jucy/ydlidar_ws_11_29/install/nav2_common:${AMENT_PREFIX_PATH} CMAKE_PREFIX_PATH=/home/jucy/ydlidar_ws_11_29/install/nav2_util:/home/jucy/ydlidar_ws_11_29/install/nav2_msgs:/home/jucy/ydlidar_ws_11_29/install/nav2_common:/home/jucy/ydlidar_ws_11_29/install/ydlidar_ros2_driver:/home/jucy/ydlidar_ws_11_29/install/myagv_navigation2:/home/jucy/ydlidar_ws_11_29/install/myagv_bringup:/home/jucy/ydlidar_ws_11_29/install/myagv_description:/home/jucy/new_ws/install/myagv_description:/home/jucy/new_ws/install/aseembly:/home/jucy/turtlebot3_ws/install/turtlebot3:/home/jucy/turtlebot3_ws/install/turtlebot3_simulations:/home/jucy/turtlebot3_ws/install/turtlebot3_bringup:/home/jucy/turtlebot3_ws/install/turtlebot3_node:/home/jucy/turtlebot3_ws/install/turtlebot3_navigation2:/home/jucy/turtlebot3_ws/install/turtlebot3_fake_node:/home/jucy/turtlebot3_ws/install/turtlebot3_msgs:/home/jucy/turtlebot3_ws/install/turtlebot3_gazebo:/home/jucy/turtlebot3_ws/install/turtlebot3_description:/home/jucy/turtlebot3_ws/install/turtlebot3_cartographer:/home/jucy/turtlebot3_ws/install/dynamixel_sdk_examples:/home/jucy/turtlebot3_ws/install/dynamixel_sdk_custom_interfaces:/home/jucy/turtlebot3_ws/install/dynamixel_sdk:/home/jucy/ros2_ws/install/ps2_controller:/home/jucy/ydlidar_ros2_ws/install/ydlidar_ros2_driver:/home/jucy/ydlidar_ros2_ws/install/ps2_controller:/home/jucy/ydlidar_ros2_ws/install/myagv_navigation2:/home/jucy/ydlidar_ros2_ws/install/myagv_bringup:/home/jucy/ydlidar_ros2_ws/install/myagv_description:/home/jucy/ydlidar_ros2_wss/install/ydlidar_ros2_driver:/opt/ros/foxy:/opt/ros/foxy:/home/jucy/ydlidar_ws_11_29/install/jdamr200_node:/home/jucy/turtlebot3_ws/install/turtlebot3_teleop:/home/jucy/turtlebot3_ws/install/turtlebot3_example:/home/jucy/turtlebot3_ws/install/nav2_goal_pulisher_test:/home/jucy/turtlebot3_ws/install/nav2_goal_publisher:/home/jucy/ros2_ws/install/camera_udp_communication:/home/jucy/ros2_ws/install/agv_control_py:/home/jucy/ydlidar_ros2_ws/install/jdamr200_teleop:/home/jucy/ydlidar_ros2_ws/install/jdamr200_node LD_LIBRARY_PATH=/home/jucy/ydlidar_ws_11_29/install/nav2_util/lib:/home/jucy/ydlidar_ws_11_29/install/nav2_msgs/lib:${LD_LIBRARY_PATH} PYTHONPATH=/home/jucy/ydlidar_ws_11_29/install/nav2_msgs/lib/python3.8/site-packages:/home/jucy/ydlidar_ws_11_29/install/nav2_common/lib/python3.8/site-packages:${PYTHONPATH} /usr/bin/cmake /home/jucy/ydlidar_ws_11_29/ydlidar_ws/src/navigation2/nav2_map_server -DCMAKE_INSTALL_PREFIX=/home/jucy/ydlidar_ws_11_29/install/nav2_map_server
[0.207s] -- The C compiler identification is GNU 9.4.0
[0.299s] -- The CXX compiler identification is GNU 9.4.0
[0.320s] -- Check for working C compiler: /usr/bin/cc
[0.425s] -- Check for working C compiler: /usr/bin/cc -- works
[0.426s] -- Detecting C compiler ABI info
[0.569s] -- Detecting C compiler ABI info - done
[0.581s] -- Detecting C compile features
[0.582s] -- Detecting C compile features - done
[0.585s] -- Check for working CXX compiler: /usr/bin/c++
[0.722s] -- Check for working CXX compiler: /usr/bin/c++ -- works
[0.724s] -- Detecting CXX compiler ABI info
[0.864s] -- Detecting CXX compiler ABI info - done
[0.909s] -- Detecting CXX compile features
[0.910s] -- Detecting CXX compile features - done
[0.928s] -- Found ament_cmake: 0.9.12 (/opt/ros/foxy/share/ament_cmake/cmake)
[1.003s] -- Found PythonInterp: /usr/bin/python3 (found suitable version "3.8.10", minimum required is "3") 
[1.004s] -- Using PYTHON_EXECUTABLE: /usr/bin/python3
[1.425s] -- Found nav2_common: 0.4.7 (/home/jucy/ydlidar_ws_11_29/install/nav2_common/share/nav2_common/cmake)
[1.430s] -- Found rclcpp: 2.4.3 (/opt/ros/foxy/share/rclcpp/cmake)
[1.570s] -- Using all available rosidl_typesupport_c: rosidl_typesupport_fastrtps_c;rosidl_typesupport_introspection_c
[1.586s] -- Found rosidl_adapter: 1.3.1 (/opt/ros/foxy/share/rosidl_adapter/cmake)
[1.786s] -- Found OpenSSL: /usr/lib/x86_64-linux-gnu/libcrypto.so (found version "1.1.1f")  
[1.857s] -- Found FastRTPS: /opt/ros/foxy/include  
[2.004s] -- Using all available rosidl_typesupport_cpp: rosidl_typesupport_fastrtps_cpp;rosidl_typesupport_introspection_cpp
[2.114s] -- Found rmw_implementation_cmake: 1.0.4 (/opt/ros/foxy/share/rmw_implementation_cmake/cmake)
[2.117s] -- Using RMW implementation 'rmw_fastrtps_cpp' as default
[2.118s] -- Looking for pthread.h
[2.251s] -- Looking for pthread.h - found
[2.251s] -- Performing Test CMAKE_HAVE_LIBC_PTHREAD
[2.387s] -- Performing Test CMAKE_HAVE_LIBC_PTHREAD - Failed
[2.387s] -- Looking for pthread_create in pthreads
[2.477s] -- Looking for pthread_create in pthreads - not found
[2.477s] -- Looking for pthread_create in pthread
[2.606s] -- Looking for pthread_create in pthread - found
[2.608s] -- Found Threads: TRUE  
[2.898s] -- Found rclcpp_lifecycle: 2.4.3 (/opt/ros/foxy/share/rclcpp_lifecycle/cmake)
[2.964s] -- Found nav_msgs: 2.0.5 (/opt/ros/foxy/share/nav_msgs/cmake)
[3.167s] -- Found nav2_msgs: 0.4.7 (/home/jucy/ydlidar_ws_11_29/install/nav2_msgs/share/nav2_msgs/cmake)
[3.654s] -- Found yaml_cpp_vendor: 7.0.3 (/opt/ros/foxy/share/yaml_cpp_vendor/cmake)
[3.655s] -- Setting yaml-cpp_DIR to: '/opt/ros/foxy/share/yaml_cpp_vendor/cmake/../../../opt/yaml_cpp_vendor/lib/cmake/yaml-cpp'
[3.666s] -- Found tf2: 0.13.14 (/opt/ros/foxy/share/tf2/cmake)
[3.686s] -- Found nav2_util: 0.4.7 (/home/jucy/ydlidar_ws_11_29/install/nav2_util/share/nav2_util/cmake)
[4.302s] -- Found eigen3_cmake_module: 0.1.1 (/opt/ros/foxy/share/eigen3_cmake_module/cmake)
[4.315s] -- Found Eigen3: TRUE (found version "3.3.7") 
[4.619s] -- Found GRAPHICSMAGICKCPP: /usr/include/GraphicsMagick  
[4.620s] -- Setting build type to Release as none was specified.
[5.931s] -- Found ament_lint_auto: 0.9.8 (/opt/ros/foxy/share/ament_lint_auto/cmake)
[6.249s] -- Found gtest sources under '/opt/ros/foxy/src/gtest_vendor': C++ tests using 'Google Test' will be built
[6.252s] -- Check if compiler accepts -pthread
[6.439s] -- Check if compiler accepts -pthread - yes
[6.452s] -- Found gtest sources under '/opt/ros/foxy/src/gtest_vendor': C++ tests using 'Google Test' will be built
[6.493s] -- Found gtest sources under '/opt/ros/foxy/src/gtest_vendor': C++ tests using 'Google Test' will be built
[6.518s] -- Added test 'cppcheck' to perform static code analysis on C / C++ code
[6.523s] -- Configured cppcheck include dirs: /home/jucy/ydlidar_ws_11_29/ydlidar_ws/src/navigation2/nav2_map_server/include
[6.523s] -- Configured cppcheck exclude dirs and/or files: 
[6.539s] -- Added test 'cpplint' to check C / C++ code against the Google style
[6.539s] -- Configured cpplint exclude dirs and/or files: 
[6.544s] -- Added test 'flake8' to check Python code syntax and style conventions
[6.548s] -- Added test 'lint_cmake' to check CMake code style
[6.552s] -- Added test 'pep257' to check Python code against some of the style conventions in PEP 257
[6.559s] -- Added test 'uncrustify' to check C / C++ code style
[6.559s] -- Configured uncrustify additional arguments: 
[6.562s] -- Added test 'xmllint' to check XML markup files
[6.578s] -- Configuring done
[7.481s] -- Generating done
[7.803s] -- Build files have been written to: /home/jucy/ydlidar_ws_11_29/build/nav2_map_server
[7.829s] Invoked command in '/home/jucy/ydlidar_ws_11_29/build/nav2_map_server' returned '0': AMENT_PREFIX_PATH=/home/jucy/ydlidar_ws_11_29/install/nav2_util:/home/jucy/ydlidar_ws_11_29/install/nav2_msgs:/home/jucy/ydlidar_ws_11_29/install/nav2_common:${AMENT_PREFIX_PATH} CMAKE_PREFIX_PATH=/home/jucy/ydlidar_ws_11_29/install/nav2_util:/home/jucy/ydlidar_ws_11_29/install/nav2_msgs:/home/jucy/ydlidar_ws_11_29/install/nav2_common:/home/jucy/ydlidar_ws_11_29/install/ydlidar_ros2_driver:/home/jucy/ydlidar_ws_11_29/install/myagv_navigation2:/home/jucy/ydlidar_ws_11_29/install/myagv_bringup:/home/jucy/ydlidar_ws_11_29/install/myagv_description:/home/jucy/new_ws/install/myagv_description:/home/jucy/new_ws/install/aseembly:/home/jucy/turtlebot3_ws/install/turtlebot3:/home/jucy/turtlebot3_ws/install/turtlebot3_simulations:/home/jucy/turtlebot3_ws/install/turtlebot3_bringup:/home/jucy/turtlebot3_ws/install/turtlebot3_node:/home/jucy/turtlebot3_ws/install/turtlebot3_navigation2:/home/jucy/turtlebot3_ws/install/turtlebot3_fake_node:/home/jucy/turtlebot3_ws/install/turtlebot3_msgs:/home/jucy/turtlebot3_ws/install/turtlebot3_gazebo:/home/jucy/turtlebot3_ws/install/turtlebot3_description:/home/jucy/turtlebot3_ws/install/turtlebot3_cartographer:/home/jucy/turtlebot3_ws/install/dynamixel_sdk_examples:/home/jucy/turtlebot3_ws/install/dynamixel_sdk_custom_interfaces:/home/jucy/turtlebot3_ws/install/dynamixel_sdk:/home/jucy/ros2_ws/install/ps2_controller:/home/jucy/ydlidar_ros2_ws/install/ydlidar_ros2_driver:/home/jucy/ydlidar_ros2_ws/install/ps2_controller:/home/jucy/ydlidar_ros2_ws/install/myagv_navigation2:/home/jucy/ydlidar_ros2_ws/install/myagv_bringup:/home/jucy/ydlidar_ros2_ws/install/myagv_description:/home/jucy/ydlidar_ros2_wss/install/ydlidar_ros2_driver:/opt/ros/foxy:/opt/ros/foxy:/home/jucy/ydlidar_ws_11_29/install/jdamr200_node:/home/jucy/turtlebot3_ws/install/turtlebot3_teleop:/home/jucy/turtlebot3_ws/install/turtlebot3_example:/home/jucy/turtlebot3_ws/install/nav2_goal_pulisher_test:/home/jucy/turtlebot3_ws/install/nav2_goal_publisher:/home/jucy/ros2_ws/install/camera_udp_communication:/home/jucy/ros2_ws/install/agv_control_py:/home/jucy/ydlidar_ros2_ws/install/jdamr200_teleop:/home/jucy/ydlidar_ros2_ws/install/jdamr200_node LD_LIBRARY_PATH=/home/jucy/ydlidar_ws_11_29/install/nav2_util/lib:/home/jucy/ydlidar_ws_11_29/install/nav2_msgs/lib:${LD_LIBRARY_PATH} PYTHONPATH=/home/jucy/ydlidar_ws_11_29/install/nav2_msgs/lib/python3.8/site-packages:/home/jucy/ydlidar_ws_11_29/install/nav2_common/lib/python3.8/site-packages:${PYTHONPATH} /usr/bin/cmake /home/jucy/ydlidar_ws_11_29/ydlidar_ws/src/navigation2/nav2_map_server -DCMAKE_INSTALL_PREFIX=/home/jucy/ydlidar_ws_11_29/install/nav2_map_server
[7.834s] Invoking command in '/home/jucy/ydlidar_ws_11_29/build/nav2_map_server': AMENT_PREFIX_PATH=/home/jucy/ydlidar_ws_11_29/install/nav2_util:/home/jucy/ydlidar_ws_11_29/install/nav2_msgs:/home/jucy/ydlidar_ws_11_29/install/nav2_common:${AMENT_PREFIX_PATH} CMAKE_PREFIX_PATH=/home/jucy/ydlidar_ws_11_29/install/nav2_util:/home/jucy/ydlidar_ws_11_29/install/nav2_msgs:/home/jucy/ydlidar_ws_11_29/install/nav2_common:/home/jucy/ydlidar_ws_11_29/install/ydlidar_ros2_driver:/home/jucy/ydlidar_ws_11_29/install/myagv_navigation2:/home/jucy/ydlidar_ws_11_29/install/myagv_bringup:/home/jucy/ydlidar_ws_11_29/install/myagv_description:/home/jucy/new_ws/install/myagv_description:/home/jucy/new_ws/install/aseembly:/home/jucy/turtlebot3_ws/install/turtlebot3:/home/jucy/turtlebot3_ws/install/turtlebot3_simulations:/home/jucy/turtlebot3_ws/install/turtlebot3_bringup:/home/jucy/turtlebot3_ws/install/turtlebot3_node:/home/jucy/turtlebot3_ws/install/turtlebot3_navigation2:/home/jucy/turtlebot3_ws/install/turtlebot3_fake_node:/home/jucy/turtlebot3_ws/install/turtlebot3_msgs:/home/jucy/turtlebot3_ws/install/turtlebot3_gazebo:/home/jucy/turtlebot3_ws/install/turtlebot3_description:/home/jucy/turtlebot3_ws/install/turtlebot3_cartographer:/home/jucy/turtlebot3_ws/install/dynamixel_sdk_examples:/home/jucy/turtlebot3_ws/install/dynamixel_sdk_custom_interfaces:/home/jucy/turtlebot3_ws/install/dynamixel_sdk:/home/jucy/ros2_ws/install/ps2_controller:/home/jucy/ydlidar_ros2_ws/install/ydlidar_ros2_driver:/home/jucy/ydlidar_ros2_ws/install/ps2_controller:/home/jucy/ydlidar_ros2_ws/install/myagv_navigation2:/home/jucy/ydlidar_ros2_ws/install/myagv_bringup:/home/jucy/ydlidar_ros2_ws/install/myagv_description:/home/jucy/ydlidar_ros2_wss/install/ydlidar_ros2_driver:/opt/ros/foxy:/opt/ros/foxy:/home/jucy/ydlidar_ws_11_29/install/jdamr200_node:/home/jucy/turtlebot3_ws/install/turtlebot3_teleop:/home/jucy/turtlebot3_ws/install/turtlebot3_example:/home/jucy/turtlebot3_ws/install/nav2_goal_pulisher_test:/home/jucy/turtlebot3_ws/install/nav2_goal_publisher:/home/jucy/ros2_ws/install/camera_udp_communication:/home/jucy/ros2_ws/install/agv_control_py:/home/jucy/ydlidar_ros2_ws/install/jdamr200_teleop:/home/jucy/ydlidar_ros2_ws/install/jdamr200_node LD_LIBRARY_PATH=/home/jucy/ydlidar_ws_11_29/install/nav2_util/lib:/home/jucy/ydlidar_ws_11_29/install/nav2_msgs/lib:${LD_LIBRARY_PATH} PYTHONPATH=/home/jucy/ydlidar_ws_11_29/install/nav2_msgs/lib/python3.8/site-packages:/home/jucy/ydlidar_ws_11_29/install/nav2_common/lib/python3.8/site-packages:${PYTHONPATH} /usr/bin/cmake --build /home/jucy/ydlidar_ws_11_29/build/nav2_map_server -- -j12 -l12
[7.953s] [35m[1mScanning dependencies of target map_io[0m
[7.953s] [35m[1mScanning dependencies of target gtest_main[0m
[7.953s] [35m[1mScanning dependencies of target gtest[0m
[7.998s] [  3%] [32mBuilding CXX object gtest/CMakeFiles/gtest_main.dir/src/gtest_main.cc.o[0m
[8.006s] [  6%] [32mBuilding CXX object gtest/CMakeFiles/gtest.dir/src/gtest-all.cc.o[0m
[8.490s] [  9%] [32mBuilding CXX object CMakeFiles/map_io.dir/src/map_mode.cpp.o[0m
[8.517s] [ 12%] [32mBuilding CXX object CMakeFiles/map_io.dir/src/map_io.cpp.o[0m
[10.187s] [ 16%] [32m[1mLinking CXX static library libgtest_main.a[0m
[10.323s] [ 16%] Built target gtest_main
[18.071s] [ 19%] [32m[1mLinking CXX shared library libmap_io.so[0m
[18.390s] [ 19%] Built target map_io
[18.418s] [35m[1mScanning dependencies of target map_server_core[0m
[18.425s] [35m[1mScanning dependencies of target test_map_saver_publisher[0m
[18.517s] [ 25%] [32mBuilding CXX object CMakeFiles/map_server_core.dir/src/map_saver/map_saver.cpp.o[0m
[18.518s] [ 25%] [32mBuilding CXX object CMakeFiles/map_server_core.dir/src/map_server/map_server.cpp.o[0m
[18.538s] [ 29%] [32mBuilding CXX object test/component/CMakeFiles/test_map_saver_publisher.dir/test_map_saver_publisher.cpp.o[0m
[18.540s] [ 32%] [32mBuilding CXX object test/component/CMakeFiles/test_map_saver_publisher.dir/__/test_constants.cpp.o[0m
[23.030s] [ 35%] [32m[1mLinking CXX static library libgtest.a[0m
[23.086s] [ 35%] Built target gtest
[23.119s] [35m[1mScanning dependencies of target test_map_io[0m
[23.125s] [35m[1mScanning dependencies of target test_map_saver_cli[0m
[23.228s] [ 41%] [32mBuilding CXX object test/map_saver_cli/CMakeFiles/test_map_saver_cli.dir/__/test_constants.cpp.o[0m
[23.229s] [ 41%] [32mBuilding CXX object test/map_saver_cli/CMakeFiles/test_map_saver_cli.dir/test_map_saver_cli.cpp.o[0m
[23.497s] [ 48%] [32mBuilding CXX object test/unit/CMakeFiles/test_map_io.dir/test_map_io.cpp.o[0m
[23.497s] [ 48%] [32mBuilding CXX object test/unit/CMakeFiles/test_map_io.dir/__/test_constants.cpp.o[0m
[31.130s] [ 51%] [32m[1mLinking CXX executable test_map_saver_publisher[0m
[33.529s] [ 51%] Built target test_map_saver_publisher
[36.038s] [ 54%] [32m[1mLinking CXX executable test_map_io[0m
[36.840s] [ 54%] Built target test_map_io
[40.545s] [ 58%] [32m[1mLinking CXX executable test_map_saver_cli[0m
[40.737s] [ 61%] [32m[1mLinking CXX shared library libmap_server_core.so[0m
[41.289s] [ 61%] Built target test_map_saver_cli
[41.569s] [ 61%] Built target map_server_core
[41.653s] [35m[1mScanning dependencies of target map_server[0m
[41.676s] [35m[1mScanning dependencies of target map_saver_cli[0m
[41.679s] [35m[1mScanning dependencies of target map_saver_server[0m
[41.721s] [35m[1mScanning dependencies of target test_map_saver_node[0m
[41.731s] [35m[1mScanning dependencies of target test_map_server_node[0m
[41.922s] [ 64%] [32mBuilding CXX object CMakeFiles/map_server.dir/src/map_server/main.cpp.o[0m
[41.934s] [ 67%] [32mBuilding CXX object CMakeFiles/map_saver_cli.dir/src/map_saver/main_cli.cpp.o[0m
[41.984s] [ 70%] [32mBuilding CXX object CMakeFiles/map_saver_server.dir/src/map_saver/main_server.cpp.o[0m
[42.010s] [ 74%] [32mBuilding CXX object test/component/CMakeFiles/test_map_server_node.dir/test_map_server_node.cpp.o[0m
[42.034s] [ 77%] [32mBuilding CXX object test/component/CMakeFiles/test_map_server_node.dir/__/test_constants.cpp.o[0m
[42.049s] [ 80%] [32mBuilding CXX object test/component/CMakeFiles/test_map_saver_node.dir/test_map_saver_node.cpp.o[0m
[42.080s] [ 83%] [32mBuilding CXX object test/component/CMakeFiles/test_map_saver_node.dir/__/test_constants.cpp.o[0m
[49.324s] [ 87%] [32m[1mLinking CXX executable map_saver_cli[0m
[49.956s] [ 90%] [32m[1mLinking CXX executable map_server[0m
[50.100s] [ 90%] Built target map_saver_cli
[50.733s] [ 90%] Built target map_server
[50.801s] [ 93%] [32m[1mLinking CXX executable map_saver_server[0m
[51.844s] [ 93%] Built target map_saver_server
[60.066s] [ 96%] [32m[1mLinking CXX executable test_map_saver_node[0m
[61.009s] [ 96%] Built target test_map_saver_node
[62.112s] [100%] [32m[1mLinking CXX executable test_map_server_node[0m
[62.707s] [100%] Built target test_map_server_node
[62.748s] Invoked command in '/home/jucy/ydlidar_ws_11_29/build/nav2_map_server' returned '0': AMENT_PREFIX_PATH=/home/jucy/ydlidar_ws_11_29/install/nav2_util:/home/jucy/ydlidar_ws_11_29/install/nav2_msgs:/home/jucy/ydlidar_ws_11_29/install/nav2_common:${AMENT_PREFIX_PATH} CMAKE_PREFIX_PATH=/home/jucy/ydlidar_ws_11_29/install/nav2_util:/home/jucy/ydlidar_ws_11_29/install/nav2_msgs:/home/jucy/ydlidar_ws_11_29/install/nav2_common:/home/jucy/ydlidar_ws_11_29/install/ydlidar_ros2_driver:/home/jucy/ydlidar_ws_11_29/install/myagv_navigation2:/home/jucy/ydlidar_ws_11_29/install/myagv_bringup:/home/jucy/ydlidar_ws_11_29/install/myagv_description:/home/jucy/new_ws/install/myagv_description:/home/jucy/new_ws/install/aseembly:/home/jucy/turtlebot3_ws/install/turtlebot3:/home/jucy/turtlebot3_ws/install/turtlebot3_simulations:/home/jucy/turtlebot3_ws/install/turtlebot3_bringup:/home/jucy/turtlebot3_ws/install/turtlebot3_node:/home/jucy/turtlebot3_ws/install/turtlebot3_navigation2:/home/jucy/turtlebot3_ws/install/turtlebot3_fake_node:/home/jucy/turtlebot3_ws/install/turtlebot3_msgs:/home/jucy/turtlebot3_ws/install/turtlebot3_gazebo:/home/jucy/turtlebot3_ws/install/turtlebot3_description:/home/jucy/turtlebot3_ws/install/turtlebot3_cartographer:/home/jucy/turtlebot3_ws/install/dynamixel_sdk_examples:/home/jucy/turtlebot3_ws/install/dynamixel_sdk_custom_interfaces:/home/jucy/turtlebot3_ws/install/dynamixel_sdk:/home/jucy/ros2_ws/install/ps2_controller:/home/jucy/ydlidar_ros2_ws/install/ydlidar_ros2_driver:/home/jucy/ydlidar_ros2_ws/install/ps2_controller:/home/jucy/ydlidar_ros2_ws/install/myagv_navigation2:/home/jucy/ydlidar_ros2_ws/install/myagv_bringup:/home/jucy/ydlidar_ros2_ws/install/myagv_description:/home/jucy/ydlidar_ros2_wss/install/ydlidar_ros2_driver:/opt/ros/foxy:/opt/ros/foxy:/home/jucy/ydlidar_ws_11_29/install/jdamr200_node:/home/jucy/turtlebot3_ws/install/turtlebot3_teleop:/home/jucy/turtlebot3_ws/install/turtlebot3_example:/home/jucy/turtlebot3_ws/install/nav2_goal_pulisher_test:/home/jucy/turtlebot3_ws/install/nav2_goal_publisher:/home/jucy/ros2_ws/install/camera_udp_communication:/home/jucy/ros2_ws/install/agv_control_py:/home/jucy/ydlidar_ros2_ws/install/jdamr200_teleop:/home/jucy/ydlidar_ros2_ws/install/jdamr200_node LD_LIBRARY_PATH=/home/jucy/ydlidar_ws_11_29/install/nav2_util/lib:/home/jucy/ydlidar_ws_11_29/install/nav2_msgs/lib:${LD_LIBRARY_PATH} PYTHONPATH=/home/jucy/ydlidar_ws_11_29/install/nav2_msgs/lib/python3.8/site-packages:/home/jucy/ydlidar_ws_11_29/install/nav2_common/lib/python3.8/site-packages:${PYTHONPATH} /usr/bin/cmake --build /home/jucy/ydlidar_ws_11_29/build/nav2_map_server -- -j12 -l12
[62.751s] Invoking command in '/home/jucy/ydlidar_ws_11_29/build/nav2_map_server': AMENT_PREFIX_PATH=/home/jucy/ydlidar_ws_11_29/install/nav2_util:/home/jucy/ydlidar_ws_11_29/install/nav2_msgs:/home/jucy/ydlidar_ws_11_29/install/nav2_common:${AMENT_PREFIX_PATH} CMAKE_PREFIX_PATH=/home/jucy/ydlidar_ws_11_29/install/nav2_util:/home/jucy/ydlidar_ws_11_29/install/nav2_msgs:/home/jucy/ydlidar_ws_11_29/install/nav2_common:/home/jucy/ydlidar_ws_11_29/install/ydlidar_ros2_driver:/home/jucy/ydlidar_ws_11_29/install/myagv_navigation2:/home/jucy/ydlidar_ws_11_29/install/myagv_bringup:/home/jucy/ydlidar_ws_11_29/install/myagv_description:/home/jucy/new_ws/install/myagv_description:/home/jucy/new_ws/install/aseembly:/home/jucy/turtlebot3_ws/install/turtlebot3:/home/jucy/turtlebot3_ws/install/turtlebot3_simulations:/home/jucy/turtlebot3_ws/install/turtlebot3_bringup:/home/jucy/turtlebot3_ws/install/turtlebot3_node:/home/jucy/turtlebot3_ws/install/turtlebot3_navigation2:/home/jucy/turtlebot3_ws/install/turtlebot3_fake_node:/home/jucy/turtlebot3_ws/install/turtlebot3_msgs:/home/jucy/turtlebot3_ws/install/turtlebot3_gazebo:/home/jucy/turtlebot3_ws/install/turtlebot3_description:/home/jucy/turtlebot3_ws/install/turtlebot3_cartographer:/home/jucy/turtlebot3_ws/install/dynamixel_sdk_examples:/home/jucy/turtlebot3_ws/install/dynamixel_sdk_custom_interfaces:/home/jucy/turtlebot3_ws/install/dynamixel_sdk:/home/jucy/ros2_ws/install/ps2_controller:/home/jucy/ydlidar_ros2_ws/install/ydlidar_ros2_driver:/home/jucy/ydlidar_ros2_ws/install/ps2_controller:/home/jucy/ydlidar_ros2_ws/install/myagv_navigation2:/home/jucy/ydlidar_ros2_ws/install/myagv_bringup:/home/jucy/ydlidar_ros2_ws/install/myagv_description:/home/jucy/ydlidar_ros2_wss/install/ydlidar_ros2_driver:/opt/ros/foxy:/opt/ros/foxy:/home/jucy/ydlidar_ws_11_29/install/jdamr200_node:/home/jucy/turtlebot3_ws/install/turtlebot3_teleop:/home/jucy/turtlebot3_ws/install/turtlebot3_example:/home/jucy/turtlebot3_ws/install/nav2_goal_pulisher_test:/home/jucy/turtlebot3_ws/install/nav2_goal_publisher:/home/jucy/ros2_ws/install/camera_udp_communication:/home/jucy/ros2_ws/install/agv_control_py:/home/jucy/ydlidar_ros2_ws/install/jdamr200_teleop:/home/jucy/ydlidar_ros2_ws/install/jdamr200_node LD_LIBRARY_PATH=/home/jucy/ydlidar_ws_11_29/install/nav2_util/lib:/home/jucy/ydlidar_ws_11_29/install/nav2_msgs/lib:${LD_LIBRARY_PATH} PYTHONPATH=/home/jucy/ydlidar_ws_11_29/install/nav2_msgs/lib/python3.8/site-packages:/home/jucy/ydlidar_ws_11_29/install/nav2_common/lib/python3.8/site-packages:${PYTHONPATH} /usr/bin/cmake --install /home/jucy/ydlidar_ws_11_29/build/nav2_map_server
[62.774s] -- Install configuration: "Release"
[62.774s] -- Installing: /home/jucy/ydlidar_ws_11_29/install/nav2_map_server/lib/libmap_server_core.so
[62.777s] -- Set runtime path of "/home/jucy/ydlidar_ws_11_29/install/nav2_map_server/lib/libmap_server_core.so" to ""
[62.777s] -- Installing: /home/jucy/ydlidar_ws_11_29/install/nav2_map_server/lib/libmap_io.so
[62.778s] -- Set runtime path of "/home/jucy/ydlidar_ws_11_29/install/nav2_map_server/lib/libmap_io.so" to ""
[62.778s] -- Installing: /home/jucy/ydlidar_ws_11_29/install/nav2_map_server/lib/nav2_map_server/map_server
[62.779s] -- Set runtime path of "/home/jucy/ydlidar_ws_11_29/install/nav2_map_server/lib/nav2_map_server/map_server" to ""
[62.779s] -- Installing: /home/jucy/ydlidar_ws_11_29/install/nav2_map_server/lib/nav2_map_server/map_saver_cli
[62.780s] -- Set runtime path of "/home/jucy/ydlidar_ws_11_29/install/nav2_map_server/lib/nav2_map_server/map_saver_cli" to ""
[62.780s] -- Installing: /home/jucy/ydlidar_ws_11_29/install/nav2_map_server/lib/nav2_map_server/map_saver_server
[62.781s] -- Set runtime path of "/home/jucy/ydlidar_ws_11_29/install/nav2_map_server/lib/nav2_map_server/map_saver_server" to ""
[62.781s] -- Installing: /home/jucy/ydlidar_ws_11_29/install/nav2_map_server/include/
[62.781s] -- Installing: /home/jucy/ydlidar_ws_11_29/install/nav2_map_server/include//nav2_map_server
[62.781s] -- Installing: /home/jucy/ydlidar_ws_11_29/install/nav2_map_server/include//nav2_map_server/map_io.hpp
[62.781s] -- Installing: /home/jucy/ydlidar_ws_11_29/install/nav2_map_server/include//nav2_map_server/map_server.hpp
[62.782s] -- Installing: /home/jucy/ydlidar_ws_11_29/install/nav2_map_server/include//nav2_map_server/map_saver.hpp
[62.782s] -- Installing: /home/jucy/ydlidar_ws_11_29/install/nav2_map_server/include//nav2_map_server/map_mode.hpp
[62.782s] -- Installing: /home/jucy/ydlidar_ws_11_29/install/nav2_map_server/share/nav2_map_server/launch
[62.782s] -- Installing: /home/jucy/ydlidar_ws_11_29/install/nav2_map_server/share/nav2_map_server/launch/map_saver_server.launch.py
[62.787s] -- Installing: /home/jucy/ydlidar_ws_11_29/install/nav2_map_server/share/nav2_map_server/environment/library_path.sh
[62.788s] -- Installing: /home/jucy/ydlidar_ws_11_29/install/nav2_map_server/share/nav2_map_server/environment/library_path.dsv
[62.790s] -- Installing: /home/jucy/ydlidar_ws_11_29/install/nav2_map_server/share/ament_index/resource_index/package_run_dependencies/nav2_map_server
[62.791s] -- Installing: /home/jucy/ydlidar_ws_11_29/install/nav2_map_server/share/ament_index/resource_index/parent_prefix_path/nav2_map_server
[62.792s] -- Installing: /home/jucy/ydlidar_ws_11_29/install/nav2_map_server/share/nav2_map_server/environment/ament_prefix_path.sh
[62.793s] -- Installing: /home/jucy/ydlidar_ws_11_29/install/nav2_map_server/share/nav2_map_server/environment/ament_prefix_path.dsv
[62.794s] -- Installing: /home/jucy/ydlidar_ws_11_29/install/nav2_map_server/share/nav2_map_server/environment/path.sh
[62.795s] -- Installing: /home/jucy/ydlidar_ws_11_29/install/nav2_map_server/share/nav2_map_server/environment/path.dsv
[62.796s] -- Installing: /home/jucy/ydlidar_ws_11_29/install/nav2_map_server/share/nav2_map_server/local_setup.bash
[62.797s] -- Installing: /home/jucy/ydlidar_ws_11_29/install/nav2_map_server/share/nav2_map_server/local_setup.sh
[62.798s] -- Installing: /home/jucy/ydlidar_ws_11_29/install/nav2_map_server/share/nav2_map_server/local_setup.zsh
[62.799s] -- Installing: /home/jucy/ydlidar_ws_11_29/install/nav2_map_server/share/nav2_map_server/local_setup.dsv
[62.799s] -- Installing: /home/jucy/ydlidar_ws_11_29/install/nav2_map_server/share/nav2_map_server/package.dsv
[62.800s] -- Installing: /home/jucy/ydlidar_ws_11_29/install/nav2_map_server/share/ament_index/resource_index/packages/nav2_map_server
[62.801s] -- Installing: /home/jucy/ydlidar_ws_11_29/install/nav2_map_server/share/nav2_map_server/cmake/ament_cmake_export_include_directories-extras.cmake
[62.802s] -- Installing: /home/jucy/ydlidar_ws_11_29/install/nav2_map_server/share/nav2_map_server/cmake/ament_cmake_export_libraries-extras.cmake
[62.802s] -- Installing: /home/jucy/ydlidar_ws_11_29/install/nav2_map_server/share/nav2_map_server/cmake/nav2_map_serverConfig.cmake
[62.803s] -- Installing: /home/jucy/ydlidar_ws_11_29/install/nav2_map_server/share/nav2_map_server/cmake/nav2_map_serverConfig-version.cmake
[62.803s] -- Installing: /home/jucy/ydlidar_ws_11_29/install/nav2_map_server/share/nav2_map_server/package.xml
[62.835s] Invoked command in '/home/jucy/ydlidar_ws_11_29/build/nav2_map_server' returned '0': AMENT_PREFIX_PATH=/home/jucy/ydlidar_ws_11_29/install/nav2_util:/home/jucy/ydlidar_ws_11_29/install/nav2_msgs:/home/jucy/ydlidar_ws_11_29/install/nav2_common:${AMENT_PREFIX_PATH} CMAKE_PREFIX_PATH=/home/jucy/ydlidar_ws_11_29/install/nav2_util:/home/jucy/ydlidar_ws_11_29/install/nav2_msgs:/home/jucy/ydlidar_ws_11_29/install/nav2_common:/home/jucy/ydlidar_ws_11_29/install/ydlidar_ros2_driver:/home/jucy/ydlidar_ws_11_29/install/myagv_navigation2:/home/jucy/ydlidar_ws_11_29/install/myagv_bringup:/home/jucy/ydlidar_ws_11_29/install/myagv_description:/home/jucy/new_ws/install/myagv_description:/home/jucy/new_ws/install/aseembly:/home/jucy/turtlebot3_ws/install/turtlebot3:/home/jucy/turtlebot3_ws/install/turtlebot3_simulations:/home/jucy/turtlebot3_ws/install/turtlebot3_bringup:/home/jucy/turtlebot3_ws/install/turtlebot3_node:/home/jucy/turtlebot3_ws/install/turtlebot3_navigation2:/home/jucy/turtlebot3_ws/install/turtlebot3_fake_node:/home/jucy/turtlebot3_ws/install/turtlebot3_msgs:/home/jucy/turtlebot3_ws/install/turtlebot3_gazebo:/home/jucy/turtlebot3_ws/install/turtlebot3_description:/home/jucy/turtlebot3_ws/install/turtlebot3_cartographer:/home/jucy/turtlebot3_ws/install/dynamixel_sdk_examples:/home/jucy/turtlebot3_ws/install/dynamixel_sdk_custom_interfaces:/home/jucy/turtlebot3_ws/install/dynamixel_sdk:/home/jucy/ros2_ws/install/ps2_controller:/home/jucy/ydlidar_ros2_ws/install/ydlidar_ros2_driver:/home/jucy/ydlidar_ros2_ws/install/ps2_controller:/home/jucy/ydlidar_ros2_ws/install/myagv_navigation2:/home/jucy/ydlidar_ros2_ws/install/myagv_bringup:/home/jucy/ydlidar_ros2_ws/install/myagv_description:/home/jucy/ydlidar_ros2_wss/install/ydlidar_ros2_driver:/opt/ros/foxy:/opt/ros/foxy:/home/jucy/ydlidar_ws_11_29/install/jdamr200_node:/home/jucy/turtlebot3_ws/install/turtlebot3_teleop:/home/jucy/turtlebot3_ws/install/turtlebot3_example:/home/jucy/turtlebot3_ws/install/nav2_goal_pulisher_test:/home/jucy/turtlebot3_ws/install/nav2_goal_publisher:/home/jucy/ros2_ws/install/camera_udp_communication:/home/jucy/ros2_ws/install/agv_control_py:/home/jucy/ydlidar_ros2_ws/install/jdamr200_teleop:/home/jucy/ydlidar_ros2_ws/install/jdamr200_node LD_LIBRARY_PATH=/home/jucy/ydlidar_ws_11_29/install/nav2_util/lib:/home/jucy/ydlidar_ws_11_29/install/nav2_msgs/lib:${LD_LIBRARY_PATH} PYTHONPATH=/home/jucy/ydlidar_ws_11_29/install/nav2_msgs/lib/python3.8/site-packages:/home/jucy/ydlidar_ws_11_29/install/nav2_common/lib/python3.8/site-packages:${PYTHONPATH} /usr/bin/cmake --install /home/jucy/ydlidar_ws_11_29/build/nav2_map_server
