[1.521s] DEBUG:colcon:Command line arguments: ['/usr/bin/colcon', 'build']
[1.522s] DEBUG:colcon:Parsed command line arguments: Namespace(allow_overriding=[], ament_cmake_args=None, base_paths=['.'], build_base='build', catkin_cmake_args=None, catkin_skip_building_tests=False, cmake_args=None, cmake_clean_cache=False, cmake_clean_first=False, cmake_force_configure=False, cmake_target=None, cmake_target_skip_unavailable=False, continue_on_error=False, event_handlers=None, executor='parallel', ignore_user_meta=False, install_base='install', log_base=None, log_level=None, main=<bound method BuildVerb.main of <colcon_core.verb.build.BuildVerb object at 0x7fd4108ac430>>, merge_install=False, metas=['./colcon.meta'], packages_above=None, packages_above_and_dependencies=None, packages_above_depth=None, packages_end=None, packages_ignore=None, packages_ignore_regex=None, packages_select=None, packages_select_build_failed=False, packages_select_by_dep=None, packages_select_regex=None, packages_select_test_failures=False, packages_skip=None, packages_skip_build_finished=False, packages_skip_by_dep=None, packages_skip_regex=None, packages_skip_test_passed=False, packages_skip_up_to=None, packages_start=None, packages_up_to=None, packages_up_to_regex=None, parallel_workers=12, paths=None, symlink_install=False, test_result_base=None, verb_extension=<colcon_core.verb.build.BuildVerb object at 0x7fd4108ac430>, verb_name='build', verb_parser=<colcon_defaults.argument_parser.defaults.DefaultArgumentsDecorator object at 0x7fd4108ac910>)
[3.126s] Level 1:colcon.colcon_core.package_discovery:discover_packages(colcon_meta) check parameters
[3.126s] Level 1:colcon.colcon_core.package_discovery:discover_packages(recursive) check parameters
[3.126s] Level 1:colcon.colcon_core.package_discovery:discover_packages(ignore) check parameters
[3.126s] Level 1:colcon.colcon_core.package_discovery:discover_packages(path) check parameters
[3.127s] Level 1:colcon.colcon_core.package_discovery:discover_packages(colcon_meta) discover
[3.127s] Level 1:colcon.colcon_core.package_discovery:discover_packages(recursive) discover
[3.127s] INFO:colcon.colcon_core.package_discovery:Crawling recursively for packages in '/home/jucy/ydlidar_ws_11_29/ydlidar_ws'
[3.127s] Level 1:colcon.colcon_core.package_identification:_identify(.) by extensions ['ignore', 'ignore_ament_install']
[3.128s] Level 1:colcon.colcon_core.package_identification:_identify(.) by extension 'ignore'
[3.128s] Level 1:colcon.colcon_core.package_identification:_identify(.) by extension 'ignore_ament_install'
[3.128s] Level 1:colcon.colcon_core.package_identification:_identify(.) by extensions ['colcon_pkg']
[3.128s] Level 1:colcon.colcon_core.package_identification:_identify(.) by extension 'colcon_pkg'
[3.129s] Level 1:colcon.colcon_core.package_identification:_identify(.) by extensions ['colcon_meta']
[3.129s] Level 1:colcon.colcon_core.package_identification:_identify(.) by extension 'colcon_meta'
[3.129s] Level 1:colcon.colcon_core.package_identification:_identify(.) by extensions ['ros']
[3.129s] Level 1:colcon.colcon_core.package_identification:_identify(.) by extension 'ros'
[3.458s] Level 1:colcon.colcon_core.package_identification:_identify(.) by extensions ['cmake', 'python']
[3.458s] Level 1:colcon.colcon_core.package_identification:_identify(.) by extension 'cmake'
[3.459s] Level 1:colcon.colcon_core.package_identification:_identify(.) by extension 'python'
[3.459s] Level 1:colcon.colcon_core.package_identification:_identify(.) by extensions ['python_setup_py']
[3.459s] Level 1:colcon.colcon_core.package_identification:_identify(.) by extension 'python_setup_py'
[3.460s] Level 1:colcon.colcon_core.package_identification:_identify(build) by extensions ['ignore', 'ignore_ament_install']
[3.461s] Level 1:colcon.colcon_core.package_identification:_identify(build) by extension 'ignore'
[3.461s] Level 1:colcon.colcon_core.package_identification:_identify(build) ignored
[3.461s] Level 1:colcon.colcon_core.package_identification:_identify(install) by extensions ['ignore', 'ignore_ament_install']
[3.462s] Level 1:colcon.colcon_core.package_identification:_identify(install) by extension 'ignore'
[3.462s] Level 1:colcon.colcon_core.package_identification:_identify(install) ignored
[3.462s] Level 1:colcon.colcon_core.package_identification:_identify(log) by extensions ['ignore', 'ignore_ament_install']
[3.462s] Level 1:colcon.colcon_core.package_identification:_identify(log) by extension 'ignore'
[3.462s] Level 1:colcon.colcon_core.package_identification:_identify(log) ignored
[3.505s] Level 1:colcon.colcon_core.package_identification:_identify(src) by extensions ['ignore', 'ignore_ament_install']
[3.506s] Level 1:colcon.colcon_core.package_identification:_identify(src) by extension 'ignore'
[3.506s] Level 1:colcon.colcon_core.package_identification:_identify(src) by extension 'ignore_ament_install'
[3.507s] Level 1:colcon.colcon_core.package_identification:_identify(src) by extensions ['colcon_pkg']
[3.507s] Level 1:colcon.colcon_core.package_identification:_identify(src) by extension 'colcon_pkg'
[3.507s] Level 1:colcon.colcon_core.package_identification:_identify(src) by extensions ['colcon_meta']
[3.507s] Level 1:colcon.colcon_core.package_identification:_identify(src) by extension 'colcon_meta'
[3.507s] Level 1:colcon.colcon_core.package_identification:_identify(src) by extensions ['ros']
[3.508s] Level 1:colcon.colcon_core.package_identification:_identify(src) by extension 'ros'
[3.508s] Level 1:colcon.colcon_core.package_identification:_identify(src) by extensions ['cmake', 'python']
[3.508s] Level 1:colcon.colcon_core.package_identification:_identify(src) by extension 'cmake'
[3.508s] Level 1:colcon.colcon_core.package_identification:_identify(src) by extension 'python'
[3.509s] Level 1:colcon.colcon_core.package_identification:_identify(src) by extensions ['python_setup_py']
[3.509s] Level 1:colcon.colcon_core.package_identification:_identify(src) by extension 'python_setup_py'
[3.514s] Level 1:colcon.colcon_core.package_identification:_identify(src/jdamr200_node) by extensions ['ignore', 'ignore_ament_install']
[3.514s] Level 1:colcon.colcon_core.package_identification:_identify(src/jdamr200_node) by extension 'ignore'
[3.515s] Level 1:colcon.colcon_core.package_identification:_identify(src/jdamr200_node) by extension 'ignore_ament_install'
[3.515s] Level 1:colcon.colcon_core.package_identification:_identify(src/jdamr200_node) by extensions ['colcon_pkg']
[3.515s] Level 1:colcon.colcon_core.package_identification:_identify(src/jdamr200_node) by extension 'colcon_pkg'
[3.515s] Level 1:colcon.colcon_core.package_identification:_identify(src/jdamr200_node) by extensions ['colcon_meta']
[3.516s] Level 1:colcon.colcon_core.package_identification:_identify(src/jdamr200_node) by extension 'colcon_meta'
[3.516s] Level 1:colcon.colcon_core.package_identification:_identify(src/jdamr200_node) by extensions ['ros']
[3.516s] Level 1:colcon.colcon_core.package_identification:_identify(src/jdamr200_node) by extension 'ros'
[3.573s] DEBUG:colcon.colcon_core.package_identification:Package 'src/jdamr200_node' with type 'ros.ament_python' and name 'jdamr200_node'
[3.574s] Level 1:colcon.colcon_core.package_identification:_identify(src/myagv_bringup) by extensions ['ignore', 'ignore_ament_install']
[3.575s] Level 1:colcon.colcon_core.package_identification:_identify(src/myagv_bringup) by extension 'ignore'
[3.575s] Level 1:colcon.colcon_core.package_identification:_identify(src/myagv_bringup) by extension 'ignore_ament_install'
[3.576s] Level 1:colcon.colcon_core.package_identification:_identify(src/myagv_bringup) by extensions ['colcon_pkg']
[3.576s] Level 1:colcon.colcon_core.package_identification:_identify(src/myagv_bringup) by extension 'colcon_pkg'
[3.576s] Level 1:colcon.colcon_core.package_identification:_identify(src/myagv_bringup) by extensions ['colcon_meta']
[3.576s] Level 1:colcon.colcon_core.package_identification:_identify(src/myagv_bringup) by extension 'colcon_meta'
[3.577s] Level 1:colcon.colcon_core.package_identification:_identify(src/myagv_bringup) by extensions ['ros']
[3.577s] Level 1:colcon.colcon_core.package_identification:_identify(src/myagv_bringup) by extension 'ros'
[3.634s] DEBUG:colcon.colcon_core.package_identification:Package 'src/myagv_bringup' with type 'ros.ament_cmake' and name 'myagv_bringup'
[3.648s] Level 1:colcon.colcon_core.package_identification:_identify(src/myagv_description) by extensions ['ignore', 'ignore_ament_install']
[3.648s] Level 1:colcon.colcon_core.package_identification:_identify(src/myagv_description) by extension 'ignore'
[3.649s] Level 1:colcon.colcon_core.package_identification:_identify(src/myagv_description) by extension 'ignore_ament_install'
[3.649s] Level 1:colcon.colcon_core.package_identification:_identify(src/myagv_description) by extensions ['colcon_pkg']
[3.649s] Level 1:colcon.colcon_core.package_identification:_identify(src/myagv_description) by extension 'colcon_pkg'
[3.649s] Level 1:colcon.colcon_core.package_identification:_identify(src/myagv_description) by extensions ['colcon_meta']
[3.649s] Level 1:colcon.colcon_core.package_identification:_identify(src/myagv_description) by extension 'colcon_meta'
[3.650s] Level 1:colcon.colcon_core.package_identification:_identify(src/myagv_description) by extensions ['ros']
[3.650s] Level 1:colcon.colcon_core.package_identification:_identify(src/myagv_description) by extension 'ros'
[3.660s] DEBUG:colcon.colcon_core.package_identification:Package 'src/myagv_description' with type 'ros.ament_cmake' and name 'myagv_description'
[3.669s] Level 1:colcon.colcon_core.package_identification:_identify(src/myagv_navigation2) by extensions ['ignore', 'ignore_ament_install']
[3.669s] Level 1:colcon.colcon_core.package_identification:_identify(src/myagv_navigation2) by extension 'ignore'
[3.669s] Level 1:colcon.colcon_core.package_identification:_identify(src/myagv_navigation2) by extension 'ignore_ament_install'
[3.670s] Level 1:colcon.colcon_core.package_identification:_identify(src/myagv_navigation2) by extensions ['colcon_pkg']
[3.670s] Level 1:colcon.colcon_core.package_identification:_identify(src/myagv_navigation2) by extension 'colcon_pkg'
[3.670s] Level 1:colcon.colcon_core.package_identification:_identify(src/myagv_navigation2) by extensions ['colcon_meta']
[3.670s] Level 1:colcon.colcon_core.package_identification:_identify(src/myagv_navigation2) by extension 'colcon_meta'
[3.671s] Level 1:colcon.colcon_core.package_identification:_identify(src/myagv_navigation2) by extensions ['ros']
[3.671s] Level 1:colcon.colcon_core.package_identification:_identify(src/myagv_navigation2) by extension 'ros'
[3.734s] DEBUG:colcon.colcon_core.package_identification:Package 'src/myagv_navigation2' with type 'ros.ament_cmake' and name 'myagv_navigation2'
[3.735s] Level 1:colcon.colcon_core.package_identification:_identify(src/ydlidar_ros2_driver) by extensions ['ignore', 'ignore_ament_install']
[3.736s] Level 1:colcon.colcon_core.package_identification:_identify(src/ydlidar_ros2_driver) by extension 'ignore'
[3.737s] Level 1:colcon.colcon_core.package_identification:_identify(src/ydlidar_ros2_driver) by extension 'ignore_ament_install'
[3.737s] Level 1:colcon.colcon_core.package_identification:_identify(src/ydlidar_ros2_driver) by extensions ['colcon_pkg']
[3.737s] Level 1:colcon.colcon_core.package_identification:_identify(src/ydlidar_ros2_driver) by extension 'colcon_pkg'
[3.737s] Level 1:colcon.colcon_core.package_identification:_identify(src/ydlidar_ros2_driver) by extensions ['colcon_meta']
[3.738s] Level 1:colcon.colcon_core.package_identification:_identify(src/ydlidar_ros2_driver) by extension 'colcon_meta'
[3.738s] Level 1:colcon.colcon_core.package_identification:_identify(src/ydlidar_ros2_driver) by extensions ['ros']
[3.738s] Level 1:colcon.colcon_core.package_identification:_identify(src/ydlidar_ros2_driver) by extension 'ros'
[3.743s] DEBUG:colcon.colcon_core.package_identification:Package 'src/ydlidar_ros2_driver' with type 'ros.ament_cmake' and name 'ydlidar_ros2_driver'
[3.744s] Level 1:colcon.colcon_core.package_discovery:discover_packages(recursive) using defaults
[3.744s] Level 1:colcon.colcon_core.package_discovery:discover_packages(ignore) discover
[3.744s] Level 1:colcon.colcon_core.package_discovery:discover_packages(ignore) using defaults
[3.744s] Level 1:colcon.colcon_core.package_discovery:discover_packages(path) discover
[3.744s] Level 1:colcon.colcon_core.package_discovery:discover_packages(path) using defaults
[4.916s] Level 1:colcon.colcon_core.package_discovery:discover_packages(prefix_path) check parameters
[4.916s] Level 1:colcon.colcon_core.package_discovery:discover_packages(prefix_path) discover
[5.177s] DEBUG:colcon.colcon_installed_package_information.package_discovery:Found 36 installed packages in /home/jucy/ydlidar_ws_11_29/ydlidar_ws/install
[5.183s] DEBUG:colcon.colcon_installed_package_information.package_discovery:Found 36 installed packages in /home/jucy/ydlidar_ws_11_29/install
[5.191s] DEBUG:colcon.colcon_installed_package_information.package_discovery:Found 2 installed packages in /home/jucy/new_ws/install
[5.193s] DEBUG:colcon.colcon_installed_package_information.package_discovery:Found 17 installed packages in /home/jucy/turtlebot3_ws/install
[5.196s] DEBUG:colcon.colcon_installed_package_information.package_discovery:Found 35 installed packages in /home/jucy/ros2_ws/install
[5.202s] DEBUG:colcon.colcon_installed_package_information.package_discovery:Found 7 installed packages in /home/jucy/ydlidar_ros2_ws/install
[5.204s] DEBUG:colcon.colcon_installed_package_information.package_discovery:Found 1 installed packages in /home/jucy/ydlidar_ros2_wss/install
[5.206s] DEBUG:colcon.colcon_installed_package_information.package_discovery:Found 335 installed packages in /opt/ros/foxy
[5.220s] Level 1:colcon.colcon_core.package_discovery:discover_packages(prefix_path) using defaults
[18.075s] Level 5:colcon.colcon_core.verb:set package 'jdamr200_node' build argument 'cmake_args' from command line to 'None'
[18.075s] Level 5:colcon.colcon_core.verb:set package 'jdamr200_node' build argument 'cmake_target' from command line to 'None'
[18.075s] Level 5:colcon.colcon_core.verb:set package 'jdamr200_node' build argument 'cmake_target_skip_unavailable' from command line to 'False'
[18.075s] Level 5:colcon.colcon_core.verb:set package 'jdamr200_node' build argument 'cmake_clean_cache' from command line to 'False'
[18.075s] Level 5:colcon.colcon_core.verb:set package 'jdamr200_node' build argument 'cmake_clean_first' from command line to 'False'
[18.075s] Level 5:colcon.colcon_core.verb:set package 'jdamr200_node' build argument 'cmake_force_configure' from command line to 'False'
[18.075s] Level 5:colcon.colcon_core.verb:set package 'jdamr200_node' build argument 'ament_cmake_args' from command line to 'None'
[18.075s] Level 5:colcon.colcon_core.verb:set package 'jdamr200_node' build argument 'catkin_cmake_args' from command line to 'None'
[18.075s] Level 5:colcon.colcon_core.verb:set package 'jdamr200_node' build argument 'catkin_skip_building_tests' from command line to 'False'
[18.075s] DEBUG:colcon.colcon_core.verb:Building package 'jdamr200_node' with the following arguments: {'ament_cmake_args': None, 'build_base': '/home/jucy/ydlidar_ws_11_29/ydlidar_ws/build/jdamr200_node', 'catkin_cmake_args': None, 'catkin_skip_building_tests': False, 'cmake_args': None, 'cmake_clean_cache': False, 'cmake_clean_first': False, 'cmake_force_configure': False, 'cmake_target': None, 'cmake_target_skip_unavailable': False, 'install_base': '/home/jucy/ydlidar_ws_11_29/ydlidar_ws/install/jdamr200_node', 'merge_install': False, 'path': '/home/jucy/ydlidar_ws_11_29/ydlidar_ws/src/jdamr200_node', 'symlink_install': False, 'test_result_base': None}
[18.076s] Level 5:colcon.colcon_core.verb:set package 'myagv_description' build argument 'cmake_args' from command line to 'None'
[18.076s] Level 5:colcon.colcon_core.verb:set package 'myagv_description' build argument 'cmake_target' from command line to 'None'
[18.076s] Level 5:colcon.colcon_core.verb:set package 'myagv_description' build argument 'cmake_target_skip_unavailable' from command line to 'False'
[18.076s] Level 5:colcon.colcon_core.verb:set package 'myagv_description' build argument 'cmake_clean_cache' from command line to 'False'
[18.076s] Level 5:colcon.colcon_core.verb:set package 'myagv_description' build argument 'cmake_clean_first' from command line to 'False'
[18.076s] Level 5:colcon.colcon_core.verb:set package 'myagv_description' build argument 'cmake_force_configure' from command line to 'False'
[18.076s] Level 5:colcon.colcon_core.verb:set package 'myagv_description' build argument 'ament_cmake_args' from command line to 'None'
[18.076s] Level 5:colcon.colcon_core.verb:set package 'myagv_description' build argument 'catkin_cmake_args' from command line to 'None'
[18.076s] Level 5:colcon.colcon_core.verb:set package 'myagv_description' build argument 'catkin_skip_building_tests' from command line to 'False'
[18.076s] DEBUG:colcon.colcon_core.verb:Building package 'myagv_description' with the following arguments: {'ament_cmake_args': None, 'build_base': '/home/jucy/ydlidar_ws_11_29/ydlidar_ws/build/myagv_description', 'catkin_cmake_args': None, 'catkin_skip_building_tests': False, 'cmake_args': None, 'cmake_clean_cache': False, 'cmake_clean_first': False, 'cmake_force_configure': False, 'cmake_target': None, 'cmake_target_skip_unavailable': False, 'install_base': '/home/jucy/ydlidar_ws_11_29/ydlidar_ws/install/myagv_description', 'merge_install': False, 'path': '/home/jucy/ydlidar_ws_11_29/ydlidar_ws/src/myagv_description', 'symlink_install': False, 'test_result_base': None}
[18.077s] Level 5:colcon.colcon_core.verb:set package 'myagv_navigation2' build argument 'cmake_args' from command line to 'None'
[18.077s] Level 5:colcon.colcon_core.verb:set package 'myagv_navigation2' build argument 'cmake_target' from command line to 'None'
[18.077s] Level 5:colcon.colcon_core.verb:set package 'myagv_navigation2' build argument 'cmake_target_skip_unavailable' from command line to 'False'
[18.077s] Level 5:colcon.colcon_core.verb:set package 'myagv_navigation2' build argument 'cmake_clean_cache' from command line to 'False'
[18.077s] Level 5:colcon.colcon_core.verb:set package 'myagv_navigation2' build argument 'cmake_clean_first' from command line to 'False'
[18.077s] Level 5:colcon.colcon_core.verb:set package 'myagv_navigation2' build argument 'cmake_force_configure' from command line to 'False'
[18.077s] Level 5:colcon.colcon_core.verb:set package 'myagv_navigation2' build argument 'ament_cmake_args' from command line to 'None'
[18.077s] Level 5:colcon.colcon_core.verb:set package 'myagv_navigation2' build argument 'catkin_cmake_args' from command line to 'None'
[18.077s] Level 5:colcon.colcon_core.verb:set package 'myagv_navigation2' build argument 'catkin_skip_building_tests' from command line to 'False'
[18.077s] DEBUG:colcon.colcon_core.verb:Building package 'myagv_navigation2' with the following arguments: {'ament_cmake_args': None, 'build_base': '/home/jucy/ydlidar_ws_11_29/ydlidar_ws/build/myagv_navigation2', 'catkin_cmake_args': None, 'catkin_skip_building_tests': False, 'cmake_args': None, 'cmake_clean_cache': False, 'cmake_clean_first': False, 'cmake_force_configure': False, 'cmake_target': None, 'cmake_target_skip_unavailable': False, 'install_base': '/home/jucy/ydlidar_ws_11_29/ydlidar_ws/install/myagv_navigation2', 'merge_install': False, 'path': '/home/jucy/ydlidar_ws_11_29/ydlidar_ws/src/myagv_navigation2', 'symlink_install': False, 'test_result_base': None}
[18.077s] Level 5:colcon.colcon_core.verb:set package 'ydlidar_ros2_driver' build argument 'cmake_args' from command line to 'None'
[18.077s] Level 5:colcon.colcon_core.verb:set package 'ydlidar_ros2_driver' build argument 'cmake_target' from command line to 'None'
[18.078s] Level 5:colcon.colcon_core.verb:set package 'ydlidar_ros2_driver' build argument 'cmake_target_skip_unavailable' from command line to 'False'
[18.078s] Level 5:colcon.colcon_core.verb:set package 'ydlidar_ros2_driver' build argument 'cmake_clean_cache' from command line to 'False'
[18.078s] Level 5:colcon.colcon_core.verb:set package 'ydlidar_ros2_driver' build argument 'cmake_clean_first' from command line to 'False'
[18.078s] Level 5:colcon.colcon_core.verb:set package 'ydlidar_ros2_driver' build argument 'cmake_force_configure' from command line to 'False'
[18.078s] Level 5:colcon.colcon_core.verb:set package 'ydlidar_ros2_driver' build argument 'ament_cmake_args' from command line to 'None'
[18.078s] Level 5:colcon.colcon_core.verb:set package 'ydlidar_ros2_driver' build argument 'catkin_cmake_args' from command line to 'None'
[18.078s] Level 5:colcon.colcon_core.verb:set package 'ydlidar_ros2_driver' build argument 'catkin_skip_building_tests' from command line to 'False'
[18.078s] DEBUG:colcon.colcon_core.verb:Building package 'ydlidar_ros2_driver' with the following arguments: {'ament_cmake_args': None, 'build_base': '/home/jucy/ydlidar_ws_11_29/ydlidar_ws/build/ydlidar_ros2_driver', 'catkin_cmake_args': None, 'catkin_skip_building_tests': False, 'cmake_args': None, 'cmake_clean_cache': False, 'cmake_clean_first': False, 'cmake_force_configure': False, 'cmake_target': None, 'cmake_target_skip_unavailable': False, 'install_base': '/home/jucy/ydlidar_ws_11_29/ydlidar_ws/install/ydlidar_ros2_driver', 'merge_install': False, 'path': '/home/jucy/ydlidar_ws_11_29/ydlidar_ws/src/ydlidar_ros2_driver', 'symlink_install': False, 'test_result_base': None}
[18.078s] Level 5:colcon.colcon_core.verb:set package 'myagv_bringup' build argument 'cmake_args' from command line to 'None'
[18.078s] Level 5:colcon.colcon_core.verb:set package 'myagv_bringup' build argument 'cmake_target' from command line to 'None'
[18.078s] Level 5:colcon.colcon_core.verb:set package 'myagv_bringup' build argument 'cmake_target_skip_unavailable' from command line to 'False'
[18.078s] Level 5:colcon.colcon_core.verb:set package 'myagv_bringup' build argument 'cmake_clean_cache' from command line to 'False'
[18.078s] Level 5:colcon.colcon_core.verb:set package 'myagv_bringup' build argument 'cmake_clean_first' from command line to 'False'
[18.079s] Level 5:colcon.colcon_core.verb:set package 'myagv_bringup' build argument 'cmake_force_configure' from command line to 'False'
[18.079s] Level 5:colcon.colcon_core.verb:set package 'myagv_bringup' build argument 'ament_cmake_args' from command line to 'None'
[18.079s] Level 5:colcon.colcon_core.verb:set package 'myagv_bringup' build argument 'catkin_cmake_args' from command line to 'None'
[18.079s] Level 5:colcon.colcon_core.verb:set package 'myagv_bringup' build argument 'catkin_skip_building_tests' from command line to 'False'
[18.079s] DEBUG:colcon.colcon_core.verb:Building package 'myagv_bringup' with the following arguments: {'ament_cmake_args': None, 'build_base': '/home/jucy/ydlidar_ws_11_29/ydlidar_ws/build/myagv_bringup', 'catkin_cmake_args': None, 'catkin_skip_building_tests': False, 'cmake_args': None, 'cmake_clean_cache': False, 'cmake_clean_first': False, 'cmake_force_configure': False, 'cmake_target': None, 'cmake_target_skip_unavailable': False, 'install_base': '/home/jucy/ydlidar_ws_11_29/ydlidar_ws/install/myagv_bringup', 'merge_install': False, 'path': '/home/jucy/ydlidar_ws_11_29/ydlidar_ws/src/myagv_bringup', 'symlink_install': False, 'test_result_base': None}
[18.079s] INFO:colcon.colcon_core.executor:Executing jobs using 'parallel' executor
[18.080s] DEBUG:colcon.colcon_parallel_executor.executor.parallel:run_until_complete
[18.080s] INFO:colcon.colcon_ros.task.ament_cmake.build:Building ROS package in '/home/jucy/ydlidar_ws_11_29/ydlidar_ws/src/myagv_description' with build type 'ament_cmake'
[18.080s] INFO:colcon.colcon_cmake.task.cmake.build:Building CMake package in '/home/jucy/ydlidar_ws_11_29/ydlidar_ws/src/myagv_description'
[18.359s] INFO:colcon.colcon_core.plugin_system:Skipping extension 'colcon_core.shell.bat': Not used on non-Windows systems
[18.360s] INFO:colcon.colcon_core.shell:Skip shell extension 'powershell' for command environment: Not usable outside of PowerShell
[18.360s] DEBUG:colcon.colcon_core.shell:Skip shell extension 'dsv' for command environment
[18.510s] INFO:colcon.colcon_ros.task.ament_python.build:Building ROS package in '/home/jucy/ydlidar_ws_11_29/ydlidar_ws/src/jdamr200_node' with build type 'ament_python'
[18.511s] Level 1:colcon.colcon_core.shell:create_environment_hook('jdamr200_node', 'ament_prefix_path')
[18.513s] INFO:colcon.colcon_core.shell:Creating environment hook '/home/jucy/ydlidar_ws_11_29/ydlidar_ws/install/jdamr200_node/share/jdamr200_node/hook/ament_prefix_path.ps1'
[18.558s] INFO:colcon.colcon_core.shell:Creating environment descriptor '/home/jucy/ydlidar_ws_11_29/ydlidar_ws/install/jdamr200_node/share/jdamr200_node/hook/ament_prefix_path.dsv'
[18.560s] INFO:colcon.colcon_core.shell:Creating environment hook '/home/jucy/ydlidar_ws_11_29/ydlidar_ws/install/jdamr200_node/share/jdamr200_node/hook/ament_prefix_path.sh'
[18.564s] INFO:colcon.colcon_core.shell:Skip shell extension 'powershell' for command environment: Not usable outside of PowerShell
[18.564s] DEBUG:colcon.colcon_core.shell:Skip shell extension 'dsv' for command environment
[18.606s] INFO:colcon.colcon_ros.task.ament_cmake.build:Building ROS package in '/home/jucy/ydlidar_ws_11_29/ydlidar_ws/src/myagv_navigation2' with build type 'ament_cmake'
[18.607s] INFO:colcon.colcon_cmake.task.cmake.build:Building CMake package in '/home/jucy/ydlidar_ws_11_29/ydlidar_ws/src/myagv_navigation2'
[18.607s] INFO:colcon.colcon_core.shell:Skip shell extension 'powershell' for command environment: Not usable outside of PowerShell
[18.607s] DEBUG:colcon.colcon_core.shell:Skip shell extension 'dsv' for command environment
[18.707s] INFO:colcon.colcon_ros.task.ament_cmake.build:Building ROS package in '/home/jucy/ydlidar_ws_11_29/ydlidar_ws/src/ydlidar_ros2_driver' with build type 'ament_cmake'
[18.709s] INFO:colcon.colcon_cmake.task.cmake.build:Building CMake package in '/home/jucy/ydlidar_ws_11_29/ydlidar_ws/src/ydlidar_ros2_driver'
[18.711s] INFO:colcon.colcon_core.shell:Skip shell extension 'powershell' for command environment: Not usable outside of PowerShell
[18.711s] DEBUG:colcon.colcon_core.shell:Skip shell extension 'dsv' for command environment
[19.107s] DEBUG:colcon.colcon_core.event_handler.log_command:Invoking command in '/home/jucy/ydlidar_ws_11_29/ydlidar_ws/build/myagv_description': CMAKE_PREFIX_PATH=${CMAKE_PREFIX_PATH}:/home/jucy/ydlidar_ws_11_29/ydlidar_ws/install/nav2_gazebo_spawner:/home/jucy/ydlidar_ws_11_29/ydlidar_ws/install/jdamr200_node:/home/jucy/ydlidar_ws_11_29/install/nav2_gazebo_spawner:/home/jucy/ydlidar_ws_11_29/install/jdamr200_node:/home/jucy/turtlebot3_ws/install/turtlebot3_teleop:/home/jucy/turtlebot3_ws/install/turtlebot3_example:/home/jucy/turtlebot3_ws/install/nav2_goal_pulisher_test:/home/jucy/turtlebot3_ws/install/nav2_goal_publisher:/home/jucy/ros2_ws/install/nav2_simple_commander:/home/jucy/ros2_ws/install/nav2_gazebo_spawner:/home/jucy/ros2_ws/install/camera_udp_communication:/home/jucy/ros2_ws/install/agv_control_py:/home/jucy/ydlidar_ros2_ws/install/jdamr200_teleop:/home/jucy/ydlidar_ros2_ws/install/jdamr200_node /usr/bin/cmake --build /home/jucy/ydlidar_ws_11_29/ydlidar_ws/build/myagv_description -- -j12 -l12
[19.783s] INFO:colcon.colcon_core.task.python.build:Building Python package in '/home/jucy/ydlidar_ws_11_29/ydlidar_ws/src/jdamr200_node'
[19.784s] INFO:colcon.colcon_core.shell:Skip shell extension 'powershell' for command environment: Not usable outside of PowerShell
[19.784s] DEBUG:colcon.colcon_core.shell:Skip shell extension 'dsv' for command environment
[20.387s] DEBUG:colcon.colcon_core.event_handler.log_command:Invoking command in '/home/jucy/ydlidar_ws_11_29/ydlidar_ws/build/myagv_navigation2': CMAKE_PREFIX_PATH=${CMAKE_PREFIX_PATH}:/home/jucy/ydlidar_ws_11_29/ydlidar_ws/install/nav2_gazebo_spawner:/home/jucy/ydlidar_ws_11_29/ydlidar_ws/install/jdamr200_node:/home/jucy/ydlidar_ws_11_29/install/nav2_gazebo_spawner:/home/jucy/ydlidar_ws_11_29/install/jdamr200_node:/home/jucy/turtlebot3_ws/install/turtlebot3_teleop:/home/jucy/turtlebot3_ws/install/turtlebot3_example:/home/jucy/turtlebot3_ws/install/nav2_goal_pulisher_test:/home/jucy/turtlebot3_ws/install/nav2_goal_publisher:/home/jucy/ros2_ws/install/nav2_simple_commander:/home/jucy/ros2_ws/install/nav2_gazebo_spawner:/home/jucy/ros2_ws/install/camera_udp_communication:/home/jucy/ros2_ws/install/agv_control_py:/home/jucy/ydlidar_ros2_ws/install/jdamr200_teleop:/home/jucy/ydlidar_ros2_ws/install/jdamr200_node /usr/bin/cmake --build /home/jucy/ydlidar_ws_11_29/ydlidar_ws/build/myagv_navigation2 -- -j12 -l12
[20.584s] DEBUG:colcon.colcon_core.event_handler.log_command:Invoking command in '/home/jucy/ydlidar_ws_11_29/ydlidar_ws/build/ydlidar_ros2_driver': CMAKE_PREFIX_PATH=${CMAKE_PREFIX_PATH}:/home/jucy/ydlidar_ws_11_29/ydlidar_ws/install/nav2_gazebo_spawner:/home/jucy/ydlidar_ws_11_29/ydlidar_ws/install/jdamr200_node:/home/jucy/ydlidar_ws_11_29/install/nav2_gazebo_spawner:/home/jucy/ydlidar_ws_11_29/install/jdamr200_node:/home/jucy/turtlebot3_ws/install/turtlebot3_teleop:/home/jucy/turtlebot3_ws/install/turtlebot3_example:/home/jucy/turtlebot3_ws/install/nav2_goal_pulisher_test:/home/jucy/turtlebot3_ws/install/nav2_goal_publisher:/home/jucy/ros2_ws/install/nav2_simple_commander:/home/jucy/ros2_ws/install/nav2_gazebo_spawner:/home/jucy/ros2_ws/install/camera_udp_communication:/home/jucy/ros2_ws/install/agv_control_py:/home/jucy/ydlidar_ros2_ws/install/jdamr200_teleop:/home/jucy/ydlidar_ros2_ws/install/jdamr200_node /usr/bin/cmake --build /home/jucy/ydlidar_ws_11_29/ydlidar_ws/build/ydlidar_ros2_driver -- -j12 -l12
[22.028s] DEBUG:colcon.colcon_core.event_handler.log_command:Invoked command in '/home/jucy/ydlidar_ws_11_29/ydlidar_ws/build/myagv_navigation2' returned '0': CMAKE_PREFIX_PATH=${CMAKE_PREFIX_PATH}:/home/jucy/ydlidar_ws_11_29/ydlidar_ws/install/nav2_gazebo_spawner:/home/jucy/ydlidar_ws_11_29/ydlidar_ws/install/jdamr200_node:/home/jucy/ydlidar_ws_11_29/install/nav2_gazebo_spawner:/home/jucy/ydlidar_ws_11_29/install/jdamr200_node:/home/jucy/turtlebot3_ws/install/turtlebot3_teleop:/home/jucy/turtlebot3_ws/install/turtlebot3_example:/home/jucy/turtlebot3_ws/install/nav2_goal_pulisher_test:/home/jucy/turtlebot3_ws/install/nav2_goal_publisher:/home/jucy/ros2_ws/install/nav2_simple_commander:/home/jucy/ros2_ws/install/nav2_gazebo_spawner:/home/jucy/ros2_ws/install/camera_udp_communication:/home/jucy/ros2_ws/install/agv_control_py:/home/jucy/ydlidar_ros2_ws/install/jdamr200_teleop:/home/jucy/ydlidar_ros2_ws/install/jdamr200_node /usr/bin/cmake --build /home/jucy/ydlidar_ws_11_29/ydlidar_ws/build/myagv_navigation2 -- -j12 -l12
[22.051s] DEBUG:colcon.colcon_core.event_handler.log_command:Invoking command in '/home/jucy/ydlidar_ws_11_29/ydlidar_ws/build/myagv_navigation2': CMAKE_PREFIX_PATH=${CMAKE_PREFIX_PATH}:/home/jucy/ydlidar_ws_11_29/ydlidar_ws/install/nav2_gazebo_spawner:/home/jucy/ydlidar_ws_11_29/ydlidar_ws/install/jdamr200_node:/home/jucy/ydlidar_ws_11_29/install/nav2_gazebo_spawner:/home/jucy/ydlidar_ws_11_29/install/jdamr200_node:/home/jucy/turtlebot3_ws/install/turtlebot3_teleop:/home/jucy/turtlebot3_ws/install/turtlebot3_example:/home/jucy/turtlebot3_ws/install/nav2_goal_pulisher_test:/home/jucy/turtlebot3_ws/install/nav2_goal_publisher:/home/jucy/ros2_ws/install/nav2_simple_commander:/home/jucy/ros2_ws/install/nav2_gazebo_spawner:/home/jucy/ros2_ws/install/camera_udp_communication:/home/jucy/ros2_ws/install/agv_control_py:/home/jucy/ydlidar_ros2_ws/install/jdamr200_teleop:/home/jucy/ydlidar_ros2_ws/install/jdamr200_node /usr/bin/cmake --install /home/jucy/ydlidar_ws_11_29/ydlidar_ws/build/myagv_navigation2
[23.116s] Level 1:colcon.colcon_core.environment:create_environment_scripts_only(myagv_navigation2)
[23.120s] DEBUG:colcon.colcon_core.event_handler.log_command:Invoked command in '/home/jucy/ydlidar_ws_11_29/ydlidar_ws/build/myagv_navigation2' returned '0': CMAKE_PREFIX_PATH=${CMAKE_PREFIX_PATH}:/home/jucy/ydlidar_ws_11_29/ydlidar_ws/install/nav2_gazebo_spawner:/home/jucy/ydlidar_ws_11_29/ydlidar_ws/install/jdamr200_node:/home/jucy/ydlidar_ws_11_29/install/nav2_gazebo_spawner:/home/jucy/ydlidar_ws_11_29/install/jdamr200_node:/home/jucy/turtlebot3_ws/install/turtlebot3_teleop:/home/jucy/turtlebot3_ws/install/turtlebot3_example:/home/jucy/turtlebot3_ws/install/nav2_goal_pulisher_test:/home/jucy/turtlebot3_ws/install/nav2_goal_publisher:/home/jucy/ros2_ws/install/nav2_simple_commander:/home/jucy/ros2_ws/install/nav2_gazebo_spawner:/home/jucy/ros2_ws/install/camera_udp_communication:/home/jucy/ros2_ws/install/agv_control_py:/home/jucy/ydlidar_ros2_ws/install/jdamr200_teleop:/home/jucy/ydlidar_ros2_ws/install/jdamr200_node /usr/bin/cmake --install /home/jucy/ydlidar_ws_11_29/ydlidar_ws/build/myagv_navigation2
[23.400s] Level 1:colcon.colcon_core.environment:checking '/home/jucy/ydlidar_ws_11_29/ydlidar_ws/install/myagv_navigation2' for CMake module files
[23.402s] Level 1:colcon.colcon_core.environment:checking '/home/jucy/ydlidar_ws_11_29/ydlidar_ws/install/myagv_navigation2' for CMake config files
[23.404s] Level 1:colcon.colcon_core.shell:create_environment_hook('myagv_navigation2', 'cmake_prefix_path')
[23.405s] INFO:colcon.colcon_core.shell:Creating environment hook '/home/jucy/ydlidar_ws_11_29/ydlidar_ws/install/myagv_navigation2/share/myagv_navigation2/hook/cmake_prefix_path.ps1'
[23.407s] INFO:colcon.colcon_core.shell:Creating environment descriptor '/home/jucy/ydlidar_ws_11_29/ydlidar_ws/install/myagv_navigation2/share/myagv_navigation2/hook/cmake_prefix_path.dsv'
[23.409s] INFO:colcon.colcon_core.shell:Creating environment hook '/home/jucy/ydlidar_ws_11_29/ydlidar_ws/install/myagv_navigation2/share/myagv_navigation2/hook/cmake_prefix_path.sh'
[23.413s] Level 1:colcon.colcon_core.environment:checking '/home/jucy/ydlidar_ws_11_29/ydlidar_ws/install/myagv_navigation2/bin'
[23.413s] Level 1:colcon.colcon_core.environment:checking '/home/jucy/ydlidar_ws_11_29/ydlidar_ws/install/myagv_navigation2/lib/pkgconfig/myagv_navigation2.pc'
[23.414s] Level 1:colcon.colcon_core.environment:checking '/home/jucy/ydlidar_ws_11_29/ydlidar_ws/install/myagv_navigation2/lib/python3.8/site-packages'
[23.415s] Level 1:colcon.colcon_core.environment:checking '/home/jucy/ydlidar_ws_11_29/ydlidar_ws/install/myagv_navigation2/bin'
[23.416s] INFO:colcon.colcon_core.shell:Creating package script '/home/jucy/ydlidar_ws_11_29/ydlidar_ws/install/myagv_navigation2/share/myagv_navigation2/package.ps1'
[23.673s] INFO:colcon.colcon_core.shell:Creating package descriptor '/home/jucy/ydlidar_ws_11_29/ydlidar_ws/install/myagv_navigation2/share/myagv_navigation2/package.dsv'
[23.675s] INFO:colcon.colcon_core.shell:Creating package script '/home/jucy/ydlidar_ws_11_29/ydlidar_ws/install/myagv_navigation2/share/myagv_navigation2/package.sh'
[23.677s] INFO:colcon.colcon_core.shell:Creating package script '/home/jucy/ydlidar_ws_11_29/ydlidar_ws/install/myagv_navigation2/share/myagv_navigation2/package.bash'
[23.700s] INFO:colcon.colcon_core.shell:Creating package script '/home/jucy/ydlidar_ws_11_29/ydlidar_ws/install/myagv_navigation2/share/myagv_navigation2/package.zsh'
[23.735s] Level 1:colcon.colcon_core.environment:create_file_with_runtime_dependencies(/home/jucy/ydlidar_ws_11_29/ydlidar_ws/install/myagv_navigation2/share/colcon-core/packages/myagv_navigation2)
[23.738s] Level 1:colcon.colcon_core.environment:create_environment_scripts_only(myagv_navigation2)
[23.739s] Level 1:colcon.colcon_core.environment:checking '/home/jucy/ydlidar_ws_11_29/ydlidar_ws/install/myagv_navigation2' for CMake module files
[23.741s] Level 1:colcon.colcon_core.environment:checking '/home/jucy/ydlidar_ws_11_29/ydlidar_ws/install/myagv_navigation2' for CMake config files
[23.742s] Level 1:colcon.colcon_core.shell:create_environment_hook('myagv_navigation2', 'cmake_prefix_path')
[23.743s] INFO:colcon.colcon_core.shell:Creating environment hook '/home/jucy/ydlidar_ws_11_29/ydlidar_ws/install/myagv_navigation2/share/myagv_navigation2/hook/cmake_prefix_path.ps1'
[23.744s] INFO:colcon.colcon_core.shell:Creating environment descriptor '/home/jucy/ydlidar_ws_11_29/ydlidar_ws/install/myagv_navigation2/share/myagv_navigation2/hook/cmake_prefix_path.dsv'
[23.746s] INFO:colcon.colcon_core.shell:Creating environment hook '/home/jucy/ydlidar_ws_11_29/ydlidar_ws/install/myagv_navigation2/share/myagv_navigation2/hook/cmake_prefix_path.sh'
[23.748s] Level 1:colcon.colcon_core.environment:checking '/home/jucy/ydlidar_ws_11_29/ydlidar_ws/install/myagv_navigation2/bin'
[23.749s] Level 1:colcon.colcon_core.environment:checking '/home/jucy/ydlidar_ws_11_29/ydlidar_ws/install/myagv_navigation2/lib/pkgconfig/myagv_navigation2.pc'
[23.750s] Level 1:colcon.colcon_core.environment:checking '/home/jucy/ydlidar_ws_11_29/ydlidar_ws/install/myagv_navigation2/lib/python3.8/site-packages'
[23.750s] Level 1:colcon.colcon_core.environment:checking '/home/jucy/ydlidar_ws_11_29/ydlidar_ws/install/myagv_navigation2/bin'
[23.751s] INFO:colcon.colcon_core.shell:Creating package script '/home/jucy/ydlidar_ws_11_29/ydlidar_ws/install/myagv_navigation2/share/myagv_navigation2/package.ps1'
[23.752s] INFO:colcon.colcon_core.shell:Creating package descriptor '/home/jucy/ydlidar_ws_11_29/ydlidar_ws/install/myagv_navigation2/share/myagv_navigation2/package.dsv'
[23.754s] INFO:colcon.colcon_core.shell:Creating package script '/home/jucy/ydlidar_ws_11_29/ydlidar_ws/install/myagv_navigation2/share/myagv_navigation2/package.sh'
[23.755s] INFO:colcon.colcon_core.shell:Creating package script '/home/jucy/ydlidar_ws_11_29/ydlidar_ws/install/myagv_navigation2/share/myagv_navigation2/package.bash'
[23.756s] INFO:colcon.colcon_core.shell:Creating package script '/home/jucy/ydlidar_ws_11_29/ydlidar_ws/install/myagv_navigation2/share/myagv_navigation2/package.zsh'
[23.757s] Level 1:colcon.colcon_core.environment:create_file_with_runtime_dependencies(/home/jucy/ydlidar_ws_11_29/ydlidar_ws/install/myagv_navigation2/share/colcon-core/packages/myagv_navigation2)
[23.760s] DEBUG:colcon.colcon_core.event_handler.log_command:Invoked command in '/home/jucy/ydlidar_ws_11_29/ydlidar_ws/build/ydlidar_ros2_driver' returned '0': CMAKE_PREFIX_PATH=${CMAKE_PREFIX_PATH}:/home/jucy/ydlidar_ws_11_29/ydlidar_ws/install/nav2_gazebo_spawner:/home/jucy/ydlidar_ws_11_29/ydlidar_ws/install/jdamr200_node:/home/jucy/ydlidar_ws_11_29/install/nav2_gazebo_spawner:/home/jucy/ydlidar_ws_11_29/install/jdamr200_node:/home/jucy/turtlebot3_ws/install/turtlebot3_teleop:/home/jucy/turtlebot3_ws/install/turtlebot3_example:/home/jucy/turtlebot3_ws/install/nav2_goal_pulisher_test:/home/jucy/turtlebot3_ws/install/nav2_goal_publisher:/home/jucy/ros2_ws/install/nav2_simple_commander:/home/jucy/ros2_ws/install/nav2_gazebo_spawner:/home/jucy/ros2_ws/install/camera_udp_communication:/home/jucy/ros2_ws/install/agv_control_py:/home/jucy/ydlidar_ros2_ws/install/jdamr200_teleop:/home/jucy/ydlidar_ros2_ws/install/jdamr200_node /usr/bin/cmake --build /home/jucy/ydlidar_ws_11_29/ydlidar_ws/build/ydlidar_ros2_driver -- -j12 -l12
[23.768s] DEBUG:colcon.colcon_core.event_handler.log_command:Invoking command in '/home/jucy/ydlidar_ws_11_29/ydlidar_ws/build/ydlidar_ros2_driver': CMAKE_PREFIX_PATH=${CMAKE_PREFIX_PATH}:/home/jucy/ydlidar_ws_11_29/ydlidar_ws/install/nav2_gazebo_spawner:/home/jucy/ydlidar_ws_11_29/ydlidar_ws/install/jdamr200_node:/home/jucy/ydlidar_ws_11_29/install/nav2_gazebo_spawner:/home/jucy/ydlidar_ws_11_29/install/jdamr200_node:/home/jucy/turtlebot3_ws/install/turtlebot3_teleop:/home/jucy/turtlebot3_ws/install/turtlebot3_example:/home/jucy/turtlebot3_ws/install/nav2_goal_pulisher_test:/home/jucy/turtlebot3_ws/install/nav2_goal_publisher:/home/jucy/ros2_ws/install/nav2_simple_commander:/home/jucy/ros2_ws/install/nav2_gazebo_spawner:/home/jucy/ros2_ws/install/camera_udp_communication:/home/jucy/ros2_ws/install/agv_control_py:/home/jucy/ydlidar_ros2_ws/install/jdamr200_teleop:/home/jucy/ydlidar_ros2_ws/install/jdamr200_node /usr/bin/cmake --install /home/jucy/ydlidar_ws_11_29/ydlidar_ws/build/ydlidar_ros2_driver
[23.777s] DEBUG:colcon.colcon_core.event_handler.log_command:Invoked command in '/home/jucy/ydlidar_ws_11_29/ydlidar_ws/build/myagv_description' returned '0': CMAKE_PREFIX_PATH=${CMAKE_PREFIX_PATH}:/home/jucy/ydlidar_ws_11_29/ydlidar_ws/install/nav2_gazebo_spawner:/home/jucy/ydlidar_ws_11_29/ydlidar_ws/install/jdamr200_node:/home/jucy/ydlidar_ws_11_29/install/nav2_gazebo_spawner:/home/jucy/ydlidar_ws_11_29/install/jdamr200_node:/home/jucy/turtlebot3_ws/install/turtlebot3_teleop:/home/jucy/turtlebot3_ws/install/turtlebot3_example:/home/jucy/turtlebot3_ws/install/nav2_goal_pulisher_test:/home/jucy/turtlebot3_ws/install/nav2_goal_publisher:/home/jucy/ros2_ws/install/nav2_simple_commander:/home/jucy/ros2_ws/install/nav2_gazebo_spawner:/home/jucy/ros2_ws/install/camera_udp_communication:/home/jucy/ros2_ws/install/agv_control_py:/home/jucy/ydlidar_ros2_ws/install/jdamr200_teleop:/home/jucy/ydlidar_ros2_ws/install/jdamr200_node /usr/bin/cmake --build /home/jucy/ydlidar_ws_11_29/ydlidar_ws/build/myagv_description -- -j12 -l12
[24.053s] DEBUG:colcon.colcon_core.event_handler.log_command:Invoking command in '/home/jucy/ydlidar_ws_11_29/ydlidar_ws/build/myagv_description': CMAKE_PREFIX_PATH=${CMAKE_PREFIX_PATH}:/home/jucy/ydlidar_ws_11_29/ydlidar_ws/install/nav2_gazebo_spawner:/home/jucy/ydlidar_ws_11_29/ydlidar_ws/install/jdamr200_node:/home/jucy/ydlidar_ws_11_29/install/nav2_gazebo_spawner:/home/jucy/ydlidar_ws_11_29/install/jdamr200_node:/home/jucy/turtlebot3_ws/install/turtlebot3_teleop:/home/jucy/turtlebot3_ws/install/turtlebot3_example:/home/jucy/turtlebot3_ws/install/nav2_goal_pulisher_test:/home/jucy/turtlebot3_ws/install/nav2_goal_publisher:/home/jucy/ros2_ws/install/nav2_simple_commander:/home/jucy/ros2_ws/install/nav2_gazebo_spawner:/home/jucy/ros2_ws/install/camera_udp_communication:/home/jucy/ros2_ws/install/agv_control_py:/home/jucy/ydlidar_ros2_ws/install/jdamr200_teleop:/home/jucy/ydlidar_ros2_ws/install/jdamr200_node /usr/bin/cmake --install /home/jucy/ydlidar_ws_11_29/ydlidar_ws/build/myagv_description
[24.223s] Level 1:colcon.colcon_core.environment:create_environment_scripts_only(ydlidar_ros2_driver)
[24.226s] Level 1:colcon.colcon_core.environment:checking '/home/jucy/ydlidar_ws_11_29/ydlidar_ws/install/ydlidar_ros2_driver' for CMake module files
[24.227s] DEBUG:colcon.colcon_core.event_handler.log_command:Invoked command in '/home/jucy/ydlidar_ws_11_29/ydlidar_ws/build/ydlidar_ros2_driver' returned '0': CMAKE_PREFIX_PATH=${CMAKE_PREFIX_PATH}:/home/jucy/ydlidar_ws_11_29/ydlidar_ws/install/nav2_gazebo_spawner:/home/jucy/ydlidar_ws_11_29/ydlidar_ws/install/jdamr200_node:/home/jucy/ydlidar_ws_11_29/install/nav2_gazebo_spawner:/home/jucy/ydlidar_ws_11_29/install/jdamr200_node:/home/jucy/turtlebot3_ws/install/turtlebot3_teleop:/home/jucy/turtlebot3_ws/install/turtlebot3_example:/home/jucy/turtlebot3_ws/install/nav2_goal_pulisher_test:/home/jucy/turtlebot3_ws/install/nav2_goal_publisher:/home/jucy/ros2_ws/install/nav2_simple_commander:/home/jucy/ros2_ws/install/nav2_gazebo_spawner:/home/jucy/ros2_ws/install/camera_udp_communication:/home/jucy/ros2_ws/install/agv_control_py:/home/jucy/ydlidar_ros2_ws/install/jdamr200_teleop:/home/jucy/ydlidar_ros2_ws/install/jdamr200_node /usr/bin/cmake --install /home/jucy/ydlidar_ws_11_29/ydlidar_ws/build/ydlidar_ros2_driver
[24.230s] Level 1:colcon.colcon_core.environment:checking '/home/jucy/ydlidar_ws_11_29/ydlidar_ws/install/ydlidar_ros2_driver' for CMake config files
[24.231s] Level 1:colcon.colcon_core.shell:create_environment_hook('ydlidar_ros2_driver', 'cmake_prefix_path')
[24.232s] INFO:colcon.colcon_core.shell:Creating environment hook '/home/jucy/ydlidar_ws_11_29/ydlidar_ws/install/ydlidar_ros2_driver/share/ydlidar_ros2_driver/hook/cmake_prefix_path.ps1'
[24.233s] INFO:colcon.colcon_core.shell:Creating environment descriptor '/home/jucy/ydlidar_ws_11_29/ydlidar_ws/install/ydlidar_ros2_driver/share/ydlidar_ros2_driver/hook/cmake_prefix_path.dsv'
[24.234s] INFO:colcon.colcon_core.shell:Creating environment hook '/home/jucy/ydlidar_ws_11_29/ydlidar_ws/install/ydlidar_ros2_driver/share/ydlidar_ros2_driver/hook/cmake_prefix_path.sh'
[24.234s] Level 1:colcon.colcon_core.environment:checking '/home/jucy/ydlidar_ws_11_29/ydlidar_ws/install/ydlidar_ros2_driver/lib'
[24.234s] Level 1:colcon.colcon_core.environment:checking '/home/jucy/ydlidar_ws_11_29/ydlidar_ws/install/ydlidar_ros2_driver/bin'
[24.235s] Level 1:colcon.colcon_core.environment:checking '/home/jucy/ydlidar_ws_11_29/ydlidar_ws/install/ydlidar_ros2_driver/lib/pkgconfig/ydlidar_ros2_driver.pc'
[24.235s] Level 1:colcon.colcon_core.environment:checking '/home/jucy/ydlidar_ws_11_29/ydlidar_ws/install/ydlidar_ros2_driver/lib/python3.8/site-packages'
[24.235s] Level 1:colcon.colcon_core.environment:checking '/home/jucy/ydlidar_ws_11_29/ydlidar_ws/install/ydlidar_ros2_driver/bin'
[24.235s] INFO:colcon.colcon_core.shell:Creating package script '/home/jucy/ydlidar_ws_11_29/ydlidar_ws/install/ydlidar_ros2_driver/share/ydlidar_ros2_driver/package.ps1'
[24.236s] INFO:colcon.colcon_core.shell:Creating package descriptor '/home/jucy/ydlidar_ws_11_29/ydlidar_ws/install/ydlidar_ros2_driver/share/ydlidar_ros2_driver/package.dsv'
[24.236s] INFO:colcon.colcon_core.shell:Creating package script '/home/jucy/ydlidar_ws_11_29/ydlidar_ws/install/ydlidar_ros2_driver/share/ydlidar_ros2_driver/package.sh'
[24.236s] INFO:colcon.colcon_core.shell:Creating package script '/home/jucy/ydlidar_ws_11_29/ydlidar_ws/install/ydlidar_ros2_driver/share/ydlidar_ros2_driver/package.bash'
[24.237s] INFO:colcon.colcon_core.shell:Creating package script '/home/jucy/ydlidar_ws_11_29/ydlidar_ws/install/ydlidar_ros2_driver/share/ydlidar_ros2_driver/package.zsh'
[24.237s] Level 1:colcon.colcon_core.environment:create_file_with_runtime_dependencies(/home/jucy/ydlidar_ws_11_29/ydlidar_ws/install/ydlidar_ros2_driver/share/colcon-core/packages/ydlidar_ros2_driver)
[24.237s] Level 1:colcon.colcon_core.environment:create_environment_scripts_only(ydlidar_ros2_driver)
[24.238s] Level 1:colcon.colcon_core.environment:checking '/home/jucy/ydlidar_ws_11_29/ydlidar_ws/install/ydlidar_ros2_driver' for CMake module files
[24.238s] Level 1:colcon.colcon_core.environment:checking '/home/jucy/ydlidar_ws_11_29/ydlidar_ws/install/ydlidar_ros2_driver' for CMake config files
[24.238s] Level 1:colcon.colcon_core.shell:create_environment_hook('ydlidar_ros2_driver', 'cmake_prefix_path')
[24.238s] INFO:colcon.colcon_core.shell:Creating environment hook '/home/jucy/ydlidar_ws_11_29/ydlidar_ws/install/ydlidar_ros2_driver/share/ydlidar_ros2_driver/hook/cmake_prefix_path.ps1'
[24.239s] INFO:colcon.colcon_core.shell:Creating environment descriptor '/home/jucy/ydlidar_ws_11_29/ydlidar_ws/install/ydlidar_ros2_driver/share/ydlidar_ros2_driver/hook/cmake_prefix_path.dsv'
[24.239s] INFO:colcon.colcon_core.shell:Creating environment hook '/home/jucy/ydlidar_ws_11_29/ydlidar_ws/install/ydlidar_ros2_driver/share/ydlidar_ros2_driver/hook/cmake_prefix_path.sh'
[24.239s] Level 1:colcon.colcon_core.environment:checking '/home/jucy/ydlidar_ws_11_29/ydlidar_ws/install/ydlidar_ros2_driver/lib'
[24.240s] Level 1:colcon.colcon_core.environment:checking '/home/jucy/ydlidar_ws_11_29/ydlidar_ws/install/ydlidar_ros2_driver/bin'
[24.240s] Level 1:colcon.colcon_core.environment:checking '/home/jucy/ydlidar_ws_11_29/ydlidar_ws/install/ydlidar_ros2_driver/lib/pkgconfig/ydlidar_ros2_driver.pc'
[24.240s] Level 1:colcon.colcon_core.environment:checking '/home/jucy/ydlidar_ws_11_29/ydlidar_ws/install/ydlidar_ros2_driver/lib/python3.8/site-packages'
[24.240s] Level 1:colcon.colcon_core.environment:checking '/home/jucy/ydlidar_ws_11_29/ydlidar_ws/install/ydlidar_ros2_driver/bin'
[24.240s] INFO:colcon.colcon_core.shell:Creating package script '/home/jucy/ydlidar_ws_11_29/ydlidar_ws/install/ydlidar_ros2_driver/share/ydlidar_ros2_driver/package.ps1'
[24.240s] INFO:colcon.colcon_core.shell:Creating package descriptor '/home/jucy/ydlidar_ws_11_29/ydlidar_ws/install/ydlidar_ros2_driver/share/ydlidar_ros2_driver/package.dsv'
[24.241s] INFO:colcon.colcon_core.shell:Creating package script '/home/jucy/ydlidar_ws_11_29/ydlidar_ws/install/ydlidar_ros2_driver/share/ydlidar_ros2_driver/package.sh'
[24.241s] INFO:colcon.colcon_core.shell:Creating package script '/home/jucy/ydlidar_ws_11_29/ydlidar_ws/install/ydlidar_ros2_driver/share/ydlidar_ros2_driver/package.bash'
[24.242s] INFO:colcon.colcon_core.shell:Creating package script '/home/jucy/ydlidar_ws_11_29/ydlidar_ws/install/ydlidar_ros2_driver/share/ydlidar_ros2_driver/package.zsh'
[24.242s] Level 1:colcon.colcon_core.environment:create_file_with_runtime_dependencies(/home/jucy/ydlidar_ws_11_29/ydlidar_ws/install/ydlidar_ros2_driver/share/colcon-core/packages/ydlidar_ros2_driver)
[24.243s] Level 1:colcon.colcon_core.environment:create_environment_scripts_only(myagv_description)
[24.243s] Level 1:colcon.colcon_core.environment:checking '/home/jucy/ydlidar_ws_11_29/ydlidar_ws/install/myagv_description' for CMake module files
[24.244s] DEBUG:colcon.colcon_core.event_handler.log_command:Invoked command in '/home/jucy/ydlidar_ws_11_29/ydlidar_ws/build/myagv_description' returned '0': CMAKE_PREFIX_PATH=${CMAKE_PREFIX_PATH}:/home/jucy/ydlidar_ws_11_29/ydlidar_ws/install/nav2_gazebo_spawner:/home/jucy/ydlidar_ws_11_29/ydlidar_ws/install/jdamr200_node:/home/jucy/ydlidar_ws_11_29/install/nav2_gazebo_spawner:/home/jucy/ydlidar_ws_11_29/install/jdamr200_node:/home/jucy/turtlebot3_ws/install/turtlebot3_teleop:/home/jucy/turtlebot3_ws/install/turtlebot3_example:/home/jucy/turtlebot3_ws/install/nav2_goal_pulisher_test:/home/jucy/turtlebot3_ws/install/nav2_goal_publisher:/home/jucy/ros2_ws/install/nav2_simple_commander:/home/jucy/ros2_ws/install/nav2_gazebo_spawner:/home/jucy/ros2_ws/install/camera_udp_communication:/home/jucy/ros2_ws/install/agv_control_py:/home/jucy/ydlidar_ros2_ws/install/jdamr200_teleop:/home/jucy/ydlidar_ros2_ws/install/jdamr200_node /usr/bin/cmake --install /home/jucy/ydlidar_ws_11_29/ydlidar_ws/build/myagv_description
[24.244s] Level 1:colcon.colcon_core.environment:checking '/home/jucy/ydlidar_ws_11_29/ydlidar_ws/install/myagv_description' for CMake config files
[24.244s] Level 1:colcon.colcon_core.shell:create_environment_hook('myagv_description', 'cmake_prefix_path')
[24.244s] INFO:colcon.colcon_core.shell:Creating environment hook '/home/jucy/ydlidar_ws_11_29/ydlidar_ws/install/myagv_description/share/myagv_description/hook/cmake_prefix_path.ps1'
[24.245s] INFO:colcon.colcon_core.shell:Creating environment descriptor '/home/jucy/ydlidar_ws_11_29/ydlidar_ws/install/myagv_description/share/myagv_description/hook/cmake_prefix_path.dsv'
[24.245s] INFO:colcon.colcon_core.shell:Creating environment hook '/home/jucy/ydlidar_ws_11_29/ydlidar_ws/install/myagv_description/share/myagv_description/hook/cmake_prefix_path.sh'
[24.245s] Level 1:colcon.colcon_core.environment:checking '/home/jucy/ydlidar_ws_11_29/ydlidar_ws/install/myagv_description/bin'
[24.245s] Level 1:colcon.colcon_core.environment:checking '/home/jucy/ydlidar_ws_11_29/ydlidar_ws/install/myagv_description/lib/pkgconfig/myagv_description.pc'
[24.246s] Level 1:colcon.colcon_core.environment:checking '/home/jucy/ydlidar_ws_11_29/ydlidar_ws/install/myagv_description/lib/python3.8/site-packages'
[24.246s] Level 1:colcon.colcon_core.environment:checking '/home/jucy/ydlidar_ws_11_29/ydlidar_ws/install/myagv_description/bin'
[24.246s] INFO:colcon.colcon_core.shell:Creating package script '/home/jucy/ydlidar_ws_11_29/ydlidar_ws/install/myagv_description/share/myagv_description/package.ps1'
[24.246s] INFO:colcon.colcon_core.shell:Creating package descriptor '/home/jucy/ydlidar_ws_11_29/ydlidar_ws/install/myagv_description/share/myagv_description/package.dsv'
[24.247s] INFO:colcon.colcon_core.shell:Creating package script '/home/jucy/ydlidar_ws_11_29/ydlidar_ws/install/myagv_description/share/myagv_description/package.sh'
[24.247s] INFO:colcon.colcon_core.shell:Creating package script '/home/jucy/ydlidar_ws_11_29/ydlidar_ws/install/myagv_description/share/myagv_description/package.bash'
[24.247s] INFO:colcon.colcon_core.shell:Creating package script '/home/jucy/ydlidar_ws_11_29/ydlidar_ws/install/myagv_description/share/myagv_description/package.zsh'
[24.248s] Level 1:colcon.colcon_core.environment:create_file_with_runtime_dependencies(/home/jucy/ydlidar_ws_11_29/ydlidar_ws/install/myagv_description/share/colcon-core/packages/myagv_description)
[24.248s] Level 1:colcon.colcon_core.environment:create_environment_scripts_only(myagv_description)
[24.248s] Level 1:colcon.colcon_core.environment:checking '/home/jucy/ydlidar_ws_11_29/ydlidar_ws/install/myagv_description' for CMake module files
[24.249s] Level 1:colcon.colcon_core.environment:checking '/home/jucy/ydlidar_ws_11_29/ydlidar_ws/install/myagv_description' for CMake config files
[24.249s] Level 1:colcon.colcon_core.shell:create_environment_hook('myagv_description', 'cmake_prefix_path')
[24.249s] INFO:colcon.colcon_core.shell:Creating environment hook '/home/jucy/ydlidar_ws_11_29/ydlidar_ws/install/myagv_description/share/myagv_description/hook/cmake_prefix_path.ps1'
[24.249s] INFO:colcon.colcon_core.shell:Creating environment descriptor '/home/jucy/ydlidar_ws_11_29/ydlidar_ws/install/myagv_description/share/myagv_description/hook/cmake_prefix_path.dsv'
[24.250s] INFO:colcon.colcon_core.shell:Creating environment hook '/home/jucy/ydlidar_ws_11_29/ydlidar_ws/install/myagv_description/share/myagv_description/hook/cmake_prefix_path.sh'
[24.250s] Level 1:colcon.colcon_core.environment:checking '/home/jucy/ydlidar_ws_11_29/ydlidar_ws/install/myagv_description/bin'
[24.250s] Level 1:colcon.colcon_core.environment:checking '/home/jucy/ydlidar_ws_11_29/ydlidar_ws/install/myagv_description/lib/pkgconfig/myagv_description.pc'
[24.250s] Level 1:colcon.colcon_core.environment:checking '/home/jucy/ydlidar_ws_11_29/ydlidar_ws/install/myagv_description/lib/python3.8/site-packages'
[24.250s] Level 1:colcon.colcon_core.environment:checking '/home/jucy/ydlidar_ws_11_29/ydlidar_ws/install/myagv_description/bin'
[24.251s] INFO:colcon.colcon_core.shell:Creating package script '/home/jucy/ydlidar_ws_11_29/ydlidar_ws/install/myagv_description/share/myagv_description/package.ps1'
[24.251s] INFO:colcon.colcon_core.shell:Creating package descriptor '/home/jucy/ydlidar_ws_11_29/ydlidar_ws/install/myagv_description/share/myagv_description/package.dsv'
[24.251s] INFO:colcon.colcon_core.shell:Creating package script '/home/jucy/ydlidar_ws_11_29/ydlidar_ws/install/myagv_description/share/myagv_description/package.sh'
[24.252s] INFO:colcon.colcon_core.shell:Creating package script '/home/jucy/ydlidar_ws_11_29/ydlidar_ws/install/myagv_description/share/myagv_description/package.bash'
[24.252s] INFO:colcon.colcon_core.shell:Creating package script '/home/jucy/ydlidar_ws_11_29/ydlidar_ws/install/myagv_description/share/myagv_description/package.zsh'
[24.252s] Level 1:colcon.colcon_core.environment:create_file_with_runtime_dependencies(/home/jucy/ydlidar_ws_11_29/ydlidar_ws/install/myagv_description/share/colcon-core/packages/myagv_description)
[24.253s] INFO:colcon.colcon_ros.task.ament_cmake.build:Building ROS package in '/home/jucy/ydlidar_ws_11_29/ydlidar_ws/src/myagv_bringup' with build type 'ament_cmake'
[24.253s] INFO:colcon.colcon_cmake.task.cmake.build:Building CMake package in '/home/jucy/ydlidar_ws_11_29/ydlidar_ws/src/myagv_bringup'
[24.253s] INFO:colcon.colcon_core.shell:Skip shell extension 'powershell' for command environment: Not usable outside of PowerShell
[24.253s] DEBUG:colcon.colcon_core.shell:Skip shell extension 'dsv' for command environment
[24.566s] DEBUG:colcon.colcon_core.event_handler.log_command:Invoking command in '/home/jucy/ydlidar_ws_11_29/ydlidar_ws/build/myagv_bringup': CMAKE_PREFIX_PATH=/home/jucy/ydlidar_ws_11_29/ydlidar_ws/install/myagv_description:/home/jucy/ydlidar_ws_11_29/ydlidar_ws/install/ydlidar_ros2_driver:/home/jucy/ydlidar_ws_11_29/ydlidar_ws/install/nav2_system_tests:/home/jucy/ydlidar_ws_11_29/ydlidar_ws/install/myagv_navigation2:/home/jucy/ydlidar_ws_11_29/ydlidar_ws/install/nav2_bringup:/home/jucy/ydlidar_ws_11_29/ydlidar_ws/install/navigation2:/home/jucy/ydlidar_ws_11_29/ydlidar_ws/install/smac_planner:/home/jucy/ydlidar_ws_11_29/ydlidar_ws/install/nav2_dwb_controller:/home/jucy/ydlidar_ws_11_29/ydlidar_ws/install/nav2_controller:/home/jucy/ydlidar_ws_11_29/ydlidar_ws/install/dwb_plugins:/home/jucy/ydlidar_ws_11_29/ydlidar_ws/install/dwb_critics:/home/jucy/ydlidar_ws_11_29/ydlidar_ws/install/dwb_core:/home/jucy/ydlidar_ws_11_29/ydlidar_ws/install/nav_2d_utils:/home/jucy/ydlidar_ws_11_29/ydlidar_ws/install/dwb_msgs:/home/jucy/ydlidar_ws_11_29/ydlidar_ws/install/nav_2d_msgs:/home/jucy/ydlidar_ws_11_29/ydlidar_ws/install/nav2_waypoint_follower:/home/jucy/ydlidar_ws_11_29/ydlidar_ws/install/nav2_regulated_pure_pursuit_controller:/home/jucy/ydlidar_ws_11_29/ydlidar_ws/install/nav2_recoveries:/home/jucy/ydlidar_ws_11_29/ydlidar_ws/install/nav2_planner:/home/jucy/ydlidar_ws_11_29/ydlidar_ws/install/nav2_navfn_planner:/home/jucy/ydlidar_ws_11_29/ydlidar_ws/install/nav2_core:/home/jucy/ydlidar_ws_11_29/ydlidar_ws/install/costmap_queue:/home/jucy/ydlidar_ws_11_29/ydlidar_ws/install/nav2_costmap_2d:/home/jucy/ydlidar_ws_11_29/ydlidar_ws/install/nav2_voxel_grid:/home/jucy/ydlidar_ws_11_29/ydlidar_ws/install/nav2_rviz_plugins:/home/jucy/ydlidar_ws_11_29/ydlidar_ws/install/nav2_map_server:/home/jucy/ydlidar_ws_11_29/ydlidar_ws/install/nav2_lifecycle_manager:/home/jucy/ydlidar_ws_11_29/ydlidar_ws/install/nav2_bt_navigator:/home/jucy/ydlidar_ws_11_29/ydlidar_ws/install/nav2_behavior_tree:/home/jucy/ydlidar_ws_11_29/ydlidar_ws/install/nav2_amcl:/home/jucy/ydlidar_ws_11_29/ydlidar_ws/install/nav2_util:/home/jucy/ydlidar_ws_11_29/ydlidar_ws/install/nav2_msgs:/home/jucy/ydlidar_ws_11_29/ydlidar_ws/install/nav2_common:/home/jucy/ydlidar_ws_11_29/ydlidar_ws/install/myagv_bringup:/home/jucy/ydlidar_ws_11_29/install/ydlidar_ros2_driver:/home/jucy/ydlidar_ws_11_29/install/nav2_system_tests:/home/jucy/ydlidar_ws_11_29/install/myagv_navigation2:/home/jucy/ydlidar_ws_11_29/install/nav2_bringup:/home/jucy/ydlidar_ws_11_29/install/navigation2:/home/jucy/ydlidar_ws_11_29/install/smac_planner:/home/jucy/ydlidar_ws_11_29/install/nav2_dwb_controller:/home/jucy/ydlidar_ws_11_29/install/nav2_controller:/home/jucy/ydlidar_ws_11_29/install/dwb_plugins:/home/jucy/ydlidar_ws_11_29/install/dwb_critics:/home/jucy/ydlidar_ws_11_29/install/dwb_core:/home/jucy/ydlidar_ws_11_29/install/nav_2d_utils:/home/jucy/ydlidar_ws_11_29/install/dwb_msgs:/home/jucy/ydlidar_ws_11_29/install/nav_2d_msgs:/home/jucy/ydlidar_ws_11_29/install/nav2_waypoint_follower:/home/jucy/ydlidar_ws_11_29/install/nav2_regulated_pure_pursuit_controller:/home/jucy/ydlidar_ws_11_29/install/nav2_recoveries:/home/jucy/ydlidar_ws_11_29/install/nav2_planner:/home/jucy/ydlidar_ws_11_29/install/nav2_navfn_planner:/home/jucy/ydlidar_ws_11_29/install/nav2_core:/home/jucy/ydlidar_ws_11_29/install/costmap_queue:/home/jucy/ydlidar_ws_11_29/install/nav2_costmap_2d:/home/jucy/ydlidar_ws_11_29/install/nav2_voxel_grid:/home/jucy/ydlidar_ws_11_29/install/nav2_rviz_plugins:/home/jucy/ydlidar_ws_11_29/install/nav2_map_server:/home/jucy/ydlidar_ws_11_29/install/nav2_lifecycle_manager:/home/jucy/ydlidar_ws_11_29/install/nav2_bt_navigator:/home/jucy/ydlidar_ws_11_29/install/nav2_behavior_tree:/home/jucy/ydlidar_ws_11_29/install/nav2_amcl:/home/jucy/ydlidar_ws_11_29/install/nav2_util:/home/jucy/ydlidar_ws_11_29/install/nav2_msgs:/home/jucy/ydlidar_ws_11_29/install/nav2_common:/home/jucy/ydlidar_ws_11_29/install/myagv_bringup:/home/jucy/ydlidar_ws_11_29/install/myagv_description:/home/jucy/new_ws/install/myagv_description:/home/jucy/new_ws/install/aseembly:/home/jucy/turtlebot3_ws/install/turtlebot3:/home/jucy/turtlebot3_ws/install/turtlebot3_simulations:/home/jucy/turtlebot3_ws/install/turtlebot3_bringup:/home/jucy/turtlebot3_ws/install/turtlebot3_node:/home/jucy/turtlebot3_ws/install/turtlebot3_navigation2:/home/jucy/turtlebot3_ws/install/turtlebot3_fake_node:/home/jucy/turtlebot3_ws/install/turtlebot3_msgs:/home/jucy/turtlebot3_ws/install/turtlebot3_gazebo:/home/jucy/turtlebot3_ws/install/turtlebot3_description:/home/jucy/turtlebot3_ws/install/turtlebot3_cartographer:/home/jucy/turtlebot3_ws/install/dynamixel_sdk_examples:/home/jucy/turtlebot3_ws/install/dynamixel_sdk_custom_interfaces:/home/jucy/turtlebot3_ws/install/dynamixel_sdk:/home/jucy/ros2_ws/install/nav2_system_tests:/home/jucy/ros2_ws/install/nav2_bringup:/home/jucy/ros2_ws/install/navigation2:/home/jucy/ros2_ws/install/smac_planner:/home/jucy/ros2_ws/install/ps2_controller:/home/jucy/ros2_ws/install/nav2_dwb_controller:/home/jucy/ros2_ws/install/nav2_controller:/home/jucy/ros2_ws/install/dwb_plugins:/home/jucy/ros2_ws/install/dwb_critics:/home/jucy/ros2_ws/install/dwb_core:/home/jucy/ros2_ws/install/nav_2d_utils:/home/jucy/ros2_ws/install/dwb_msgs:/home/jucy/ros2_ws/install/nav_2d_msgs:/home/jucy/ros2_ws/install/nav2_waypoint_follower:/home/jucy/ros2_ws/install/nav2_regulated_pure_pursuit_controller:/home/jucy/ros2_ws/install/nav2_recoveries:/home/jucy/ros2_ws/install/nav2_planner:/home/jucy/ros2_ws/install/nav2_navfn_planner:/home/jucy/ros2_ws/install/nav2_core:/home/jucy/ros2_ws/install/costmap_queue:/home/jucy/ros2_ws/install/nav2_costmap_2d:/home/jucy/ros2_ws/install/nav2_voxel_grid:/home/jucy/ros2_ws/install/nav2_rviz_plugins:/home/jucy/ros2_ws/install/nav2_map_server:/home/jucy/ros2_ws/install/nav2_lifecycle_manager:/home/jucy/ros2_ws/install/nav2_bt_navigator:/home/jucy/ros2_ws/install/nav2_behavior_tree:/home/jucy/ros2_ws/install/nav2_amcl:/home/jucy/ros2_ws/install/nav2_util:/home/jucy/ros2_ws/install/nav2_msgs:/home/jucy/ros2_ws/install/nav2_common:/home/jucy/ydlidar_ros2_ws/install/ydlidar_ros2_driver:/home/jucy/ydlidar_ros2_ws/install/ps2_controller:/home/jucy/ydlidar_ros2_ws/install/myagv_navigation2:/home/jucy/ydlidar_ros2_ws/install/myagv_bringup:/home/jucy/ydlidar_ros2_ws/install/myagv_description:/home/jucy/ydlidar_ros2_wss/install/ydlidar_ros2_driver:/opt/ros/foxy:/opt/ros/foxy:/home/jucy/ydlidar_ws_11_29/ydlidar_ws/install/nav2_gazebo_spawner:/home/jucy/ydlidar_ws_11_29/ydlidar_ws/install/jdamr200_node:/home/jucy/ydlidar_ws_11_29/install/nav2_gazebo_spawner:/home/jucy/ydlidar_ws_11_29/install/jdamr200_node:/home/jucy/turtlebot3_ws/install/turtlebot3_teleop:/home/jucy/turtlebot3_ws/install/turtlebot3_example:/home/jucy/turtlebot3_ws/install/nav2_goal_pulisher_test:/home/jucy/turtlebot3_ws/install/nav2_goal_publisher:/home/jucy/ros2_ws/install/nav2_simple_commander:/home/jucy/ros2_ws/install/nav2_gazebo_spawner:/home/jucy/ros2_ws/install/camera_udp_communication:/home/jucy/ros2_ws/install/agv_control_py:/home/jucy/ydlidar_ros2_ws/install/jdamr200_teleop:/home/jucy/ydlidar_ros2_ws/install/jdamr200_node /usr/bin/cmake --build /home/jucy/ydlidar_ws_11_29/ydlidar_ws/build/myagv_bringup -- -j12 -l12
[24.900s] DEBUG:colcon.colcon_core.event_handler.log_command:Invoked command in '/home/jucy/ydlidar_ws_11_29/ydlidar_ws/build/myagv_bringup' returned '0': CMAKE_PREFIX_PATH=/home/jucy/ydlidar_ws_11_29/ydlidar_ws/install/myagv_description:/home/jucy/ydlidar_ws_11_29/ydlidar_ws/install/ydlidar_ros2_driver:/home/jucy/ydlidar_ws_11_29/ydlidar_ws/install/nav2_system_tests:/home/jucy/ydlidar_ws_11_29/ydlidar_ws/install/myagv_navigation2:/home/jucy/ydlidar_ws_11_29/ydlidar_ws/install/nav2_bringup:/home/jucy/ydlidar_ws_11_29/ydlidar_ws/install/navigation2:/home/jucy/ydlidar_ws_11_29/ydlidar_ws/install/smac_planner:/home/jucy/ydlidar_ws_11_29/ydlidar_ws/install/nav2_dwb_controller:/home/jucy/ydlidar_ws_11_29/ydlidar_ws/install/nav2_controller:/home/jucy/ydlidar_ws_11_29/ydlidar_ws/install/dwb_plugins:/home/jucy/ydlidar_ws_11_29/ydlidar_ws/install/dwb_critics:/home/jucy/ydlidar_ws_11_29/ydlidar_ws/install/dwb_core:/home/jucy/ydlidar_ws_11_29/ydlidar_ws/install/nav_2d_utils:/home/jucy/ydlidar_ws_11_29/ydlidar_ws/install/dwb_msgs:/home/jucy/ydlidar_ws_11_29/ydlidar_ws/install/nav_2d_msgs:/home/jucy/ydlidar_ws_11_29/ydlidar_ws/install/nav2_waypoint_follower:/home/jucy/ydlidar_ws_11_29/ydlidar_ws/install/nav2_regulated_pure_pursuit_controller:/home/jucy/ydlidar_ws_11_29/ydlidar_ws/install/nav2_recoveries:/home/jucy/ydlidar_ws_11_29/ydlidar_ws/install/nav2_planner:/home/jucy/ydlidar_ws_11_29/ydlidar_ws/install/nav2_navfn_planner:/home/jucy/ydlidar_ws_11_29/ydlidar_ws/install/nav2_core:/home/jucy/ydlidar_ws_11_29/ydlidar_ws/install/costmap_queue:/home/jucy/ydlidar_ws_11_29/ydlidar_ws/install/nav2_costmap_2d:/home/jucy/ydlidar_ws_11_29/ydlidar_ws/install/nav2_voxel_grid:/home/jucy/ydlidar_ws_11_29/ydlidar_ws/install/nav2_rviz_plugins:/home/jucy/ydlidar_ws_11_29/ydlidar_ws/install/nav2_map_server:/home/jucy/ydlidar_ws_11_29/ydlidar_ws/install/nav2_lifecycle_manager:/home/jucy/ydlidar_ws_11_29/ydlidar_ws/install/nav2_bt_navigator:/home/jucy/ydlidar_ws_11_29/ydlidar_ws/install/nav2_behavior_tree:/home/jucy/ydlidar_ws_11_29/ydlidar_ws/install/nav2_amcl:/home/jucy/ydlidar_ws_11_29/ydlidar_ws/install/nav2_util:/home/jucy/ydlidar_ws_11_29/ydlidar_ws/install/nav2_msgs:/home/jucy/ydlidar_ws_11_29/ydlidar_ws/install/nav2_common:/home/jucy/ydlidar_ws_11_29/ydlidar_ws/install/myagv_bringup:/home/jucy/ydlidar_ws_11_29/install/ydlidar_ros2_driver:/home/jucy/ydlidar_ws_11_29/install/nav2_system_tests:/home/jucy/ydlidar_ws_11_29/install/myagv_navigation2:/home/jucy/ydlidar_ws_11_29/install/nav2_bringup:/home/jucy/ydlidar_ws_11_29/install/navigation2:/home/jucy/ydlidar_ws_11_29/install/smac_planner:/home/jucy/ydlidar_ws_11_29/install/nav2_dwb_controller:/home/jucy/ydlidar_ws_11_29/install/nav2_controller:/home/jucy/ydlidar_ws_11_29/install/dwb_plugins:/home/jucy/ydlidar_ws_11_29/install/dwb_critics:/home/jucy/ydlidar_ws_11_29/install/dwb_core:/home/jucy/ydlidar_ws_11_29/install/nav_2d_utils:/home/jucy/ydlidar_ws_11_29/install/dwb_msgs:/home/jucy/ydlidar_ws_11_29/install/nav_2d_msgs:/home/jucy/ydlidar_ws_11_29/install/nav2_waypoint_follower:/home/jucy/ydlidar_ws_11_29/install/nav2_regulated_pure_pursuit_controller:/home/jucy/ydlidar_ws_11_29/install/nav2_recoveries:/home/jucy/ydlidar_ws_11_29/install/nav2_planner:/home/jucy/ydlidar_ws_11_29/install/nav2_navfn_planner:/home/jucy/ydlidar_ws_11_29/install/nav2_core:/home/jucy/ydlidar_ws_11_29/install/costmap_queue:/home/jucy/ydlidar_ws_11_29/install/nav2_costmap_2d:/home/jucy/ydlidar_ws_11_29/install/nav2_voxel_grid:/home/jucy/ydlidar_ws_11_29/install/nav2_rviz_plugins:/home/jucy/ydlidar_ws_11_29/install/nav2_map_server:/home/jucy/ydlidar_ws_11_29/install/nav2_lifecycle_manager:/home/jucy/ydlidar_ws_11_29/install/nav2_bt_navigator:/home/jucy/ydlidar_ws_11_29/install/nav2_behavior_tree:/home/jucy/ydlidar_ws_11_29/install/nav2_amcl:/home/jucy/ydlidar_ws_11_29/install/nav2_util:/home/jucy/ydlidar_ws_11_29/install/nav2_msgs:/home/jucy/ydlidar_ws_11_29/install/nav2_common:/home/jucy/ydlidar_ws_11_29/install/myagv_bringup:/home/jucy/ydlidar_ws_11_29/install/myagv_description:/home/jucy/new_ws/install/myagv_description:/home/jucy/new_ws/install/aseembly:/home/jucy/turtlebot3_ws/install/turtlebot3:/home/jucy/turtlebot3_ws/install/turtlebot3_simulations:/home/jucy/turtlebot3_ws/install/turtlebot3_bringup:/home/jucy/turtlebot3_ws/install/turtlebot3_node:/home/jucy/turtlebot3_ws/install/turtlebot3_navigation2:/home/jucy/turtlebot3_ws/install/turtlebot3_fake_node:/home/jucy/turtlebot3_ws/install/turtlebot3_msgs:/home/jucy/turtlebot3_ws/install/turtlebot3_gazebo:/home/jucy/turtlebot3_ws/install/turtlebot3_description:/home/jucy/turtlebot3_ws/install/turtlebot3_cartographer:/home/jucy/turtlebot3_ws/install/dynamixel_sdk_examples:/home/jucy/turtlebot3_ws/install/dynamixel_sdk_custom_interfaces:/home/jucy/turtlebot3_ws/install/dynamixel_sdk:/home/jucy/ros2_ws/install/nav2_system_tests:/home/jucy/ros2_ws/install/nav2_bringup:/home/jucy/ros2_ws/install/navigation2:/home/jucy/ros2_ws/install/smac_planner:/home/jucy/ros2_ws/install/ps2_controller:/home/jucy/ros2_ws/install/nav2_dwb_controller:/home/jucy/ros2_ws/install/nav2_controller:/home/jucy/ros2_ws/install/dwb_plugins:/home/jucy/ros2_ws/install/dwb_critics:/home/jucy/ros2_ws/install/dwb_core:/home/jucy/ros2_ws/install/nav_2d_utils:/home/jucy/ros2_ws/install/dwb_msgs:/home/jucy/ros2_ws/install/nav_2d_msgs:/home/jucy/ros2_ws/install/nav2_waypoint_follower:/home/jucy/ros2_ws/install/nav2_regulated_pure_pursuit_controller:/home/jucy/ros2_ws/install/nav2_recoveries:/home/jucy/ros2_ws/install/nav2_planner:/home/jucy/ros2_ws/install/nav2_navfn_planner:/home/jucy/ros2_ws/install/nav2_core:/home/jucy/ros2_ws/install/costmap_queue:/home/jucy/ros2_ws/install/nav2_costmap_2d:/home/jucy/ros2_ws/install/nav2_voxel_grid:/home/jucy/ros2_ws/install/nav2_rviz_plugins:/home/jucy/ros2_ws/install/nav2_map_server:/home/jucy/ros2_ws/install/nav2_lifecycle_manager:/home/jucy/ros2_ws/install/nav2_bt_navigator:/home/jucy/ros2_ws/install/nav2_behavior_tree:/home/jucy/ros2_ws/install/nav2_amcl:/home/jucy/ros2_ws/install/nav2_util:/home/jucy/ros2_ws/install/nav2_msgs:/home/jucy/ros2_ws/install/nav2_common:/home/jucy/ydlidar_ros2_ws/install/ydlidar_ros2_driver:/home/jucy/ydlidar_ros2_ws/install/ps2_controller:/home/jucy/ydlidar_ros2_ws/install/myagv_navigation2:/home/jucy/ydlidar_ros2_ws/install/myagv_bringup:/home/jucy/ydlidar_ros2_ws/install/myagv_description:/home/jucy/ydlidar_ros2_wss/install/ydlidar_ros2_driver:/opt/ros/foxy:/opt/ros/foxy:/home/jucy/ydlidar_ws_11_29/ydlidar_ws/install/nav2_gazebo_spawner:/home/jucy/ydlidar_ws_11_29/ydlidar_ws/install/jdamr200_node:/home/jucy/ydlidar_ws_11_29/install/nav2_gazebo_spawner:/home/jucy/ydlidar_ws_11_29/install/jdamr200_node:/home/jucy/turtlebot3_ws/install/turtlebot3_teleop:/home/jucy/turtlebot3_ws/install/turtlebot3_example:/home/jucy/turtlebot3_ws/install/nav2_goal_pulisher_test:/home/jucy/turtlebot3_ws/install/nav2_goal_publisher:/home/jucy/ros2_ws/install/nav2_simple_commander:/home/jucy/ros2_ws/install/nav2_gazebo_spawner:/home/jucy/ros2_ws/install/camera_udp_communication:/home/jucy/ros2_ws/install/agv_control_py:/home/jucy/ydlidar_ros2_ws/install/jdamr200_teleop:/home/jucy/ydlidar_ros2_ws/install/jdamr200_node /usr/bin/cmake --build /home/jucy/ydlidar_ws_11_29/ydlidar_ws/build/myagv_bringup -- -j12 -l12
[25.492s] DEBUG:colcon.colcon_core.event_handler.log_command:Invoking command in '/home/jucy/ydlidar_ws_11_29/ydlidar_ws/build/myagv_bringup': CMAKE_PREFIX_PATH=/home/jucy/ydlidar_ws_11_29/ydlidar_ws/install/myagv_description:/home/jucy/ydlidar_ws_11_29/ydlidar_ws/install/ydlidar_ros2_driver:/home/jucy/ydlidar_ws_11_29/ydlidar_ws/install/nav2_system_tests:/home/jucy/ydlidar_ws_11_29/ydlidar_ws/install/myagv_navigation2:/home/jucy/ydlidar_ws_11_29/ydlidar_ws/install/nav2_bringup:/home/jucy/ydlidar_ws_11_29/ydlidar_ws/install/navigation2:/home/jucy/ydlidar_ws_11_29/ydlidar_ws/install/smac_planner:/home/jucy/ydlidar_ws_11_29/ydlidar_ws/install/nav2_dwb_controller:/home/jucy/ydlidar_ws_11_29/ydlidar_ws/install/nav2_controller:/home/jucy/ydlidar_ws_11_29/ydlidar_ws/install/dwb_plugins:/home/jucy/ydlidar_ws_11_29/ydlidar_ws/install/dwb_critics:/home/jucy/ydlidar_ws_11_29/ydlidar_ws/install/dwb_core:/home/jucy/ydlidar_ws_11_29/ydlidar_ws/install/nav_2d_utils:/home/jucy/ydlidar_ws_11_29/ydlidar_ws/install/dwb_msgs:/home/jucy/ydlidar_ws_11_29/ydlidar_ws/install/nav_2d_msgs:/home/jucy/ydlidar_ws_11_29/ydlidar_ws/install/nav2_waypoint_follower:/home/jucy/ydlidar_ws_11_29/ydlidar_ws/install/nav2_regulated_pure_pursuit_controller:/home/jucy/ydlidar_ws_11_29/ydlidar_ws/install/nav2_recoveries:/home/jucy/ydlidar_ws_11_29/ydlidar_ws/install/nav2_planner:/home/jucy/ydlidar_ws_11_29/ydlidar_ws/install/nav2_navfn_planner:/home/jucy/ydlidar_ws_11_29/ydlidar_ws/install/nav2_core:/home/jucy/ydlidar_ws_11_29/ydlidar_ws/install/costmap_queue:/home/jucy/ydlidar_ws_11_29/ydlidar_ws/install/nav2_costmap_2d:/home/jucy/ydlidar_ws_11_29/ydlidar_ws/install/nav2_voxel_grid:/home/jucy/ydlidar_ws_11_29/ydlidar_ws/install/nav2_rviz_plugins:/home/jucy/ydlidar_ws_11_29/ydlidar_ws/install/nav2_map_server:/home/jucy/ydlidar_ws_11_29/ydlidar_ws/install/nav2_lifecycle_manager:/home/jucy/ydlidar_ws_11_29/ydlidar_ws/install/nav2_bt_navigator:/home/jucy/ydlidar_ws_11_29/ydlidar_ws/install/nav2_behavior_tree:/home/jucy/ydlidar_ws_11_29/ydlidar_ws/install/nav2_amcl:/home/jucy/ydlidar_ws_11_29/ydlidar_ws/install/nav2_util:/home/jucy/ydlidar_ws_11_29/ydlidar_ws/install/nav2_msgs:/home/jucy/ydlidar_ws_11_29/ydlidar_ws/install/nav2_common:/home/jucy/ydlidar_ws_11_29/ydlidar_ws/install/myagv_bringup:/home/jucy/ydlidar_ws_11_29/install/ydlidar_ros2_driver:/home/jucy/ydlidar_ws_11_29/install/nav2_system_tests:/home/jucy/ydlidar_ws_11_29/install/myagv_navigation2:/home/jucy/ydlidar_ws_11_29/install/nav2_bringup:/home/jucy/ydlidar_ws_11_29/install/navigation2:/home/jucy/ydlidar_ws_11_29/install/smac_planner:/home/jucy/ydlidar_ws_11_29/install/nav2_dwb_controller:/home/jucy/ydlidar_ws_11_29/install/nav2_controller:/home/jucy/ydlidar_ws_11_29/install/dwb_plugins:/home/jucy/ydlidar_ws_11_29/install/dwb_critics:/home/jucy/ydlidar_ws_11_29/install/dwb_core:/home/jucy/ydlidar_ws_11_29/install/nav_2d_utils:/home/jucy/ydlidar_ws_11_29/install/dwb_msgs:/home/jucy/ydlidar_ws_11_29/install/nav_2d_msgs:/home/jucy/ydlidar_ws_11_29/install/nav2_waypoint_follower:/home/jucy/ydlidar_ws_11_29/install/nav2_regulated_pure_pursuit_controller:/home/jucy/ydlidar_ws_11_29/install/nav2_recoveries:/home/jucy/ydlidar_ws_11_29/install/nav2_planner:/home/jucy/ydlidar_ws_11_29/install/nav2_navfn_planner:/home/jucy/ydlidar_ws_11_29/install/nav2_core:/home/jucy/ydlidar_ws_11_29/install/costmap_queue:/home/jucy/ydlidar_ws_11_29/install/nav2_costmap_2d:/home/jucy/ydlidar_ws_11_29/install/nav2_voxel_grid:/home/jucy/ydlidar_ws_11_29/install/nav2_rviz_plugins:/home/jucy/ydlidar_ws_11_29/install/nav2_map_server:/home/jucy/ydlidar_ws_11_29/install/nav2_lifecycle_manager:/home/jucy/ydlidar_ws_11_29/install/nav2_bt_navigator:/home/jucy/ydlidar_ws_11_29/install/nav2_behavior_tree:/home/jucy/ydlidar_ws_11_29/install/nav2_amcl:/home/jucy/ydlidar_ws_11_29/install/nav2_util:/home/jucy/ydlidar_ws_11_29/install/nav2_msgs:/home/jucy/ydlidar_ws_11_29/install/nav2_common:/home/jucy/ydlidar_ws_11_29/install/myagv_bringup:/home/jucy/ydlidar_ws_11_29/install/myagv_description:/home/jucy/new_ws/install/myagv_description:/home/jucy/new_ws/install/aseembly:/home/jucy/turtlebot3_ws/install/turtlebot3:/home/jucy/turtlebot3_ws/install/turtlebot3_simulations:/home/jucy/turtlebot3_ws/install/turtlebot3_bringup:/home/jucy/turtlebot3_ws/install/turtlebot3_node:/home/jucy/turtlebot3_ws/install/turtlebot3_navigation2:/home/jucy/turtlebot3_ws/install/turtlebot3_fake_node:/home/jucy/turtlebot3_ws/install/turtlebot3_msgs:/home/jucy/turtlebot3_ws/install/turtlebot3_gazebo:/home/jucy/turtlebot3_ws/install/turtlebot3_description:/home/jucy/turtlebot3_ws/install/turtlebot3_cartographer:/home/jucy/turtlebot3_ws/install/dynamixel_sdk_examples:/home/jucy/turtlebot3_ws/install/dynamixel_sdk_custom_interfaces:/home/jucy/turtlebot3_ws/install/dynamixel_sdk:/home/jucy/ros2_ws/install/nav2_system_tests:/home/jucy/ros2_ws/install/nav2_bringup:/home/jucy/ros2_ws/install/navigation2:/home/jucy/ros2_ws/install/smac_planner:/home/jucy/ros2_ws/install/ps2_controller:/home/jucy/ros2_ws/install/nav2_dwb_controller:/home/jucy/ros2_ws/install/nav2_controller:/home/jucy/ros2_ws/install/dwb_plugins:/home/jucy/ros2_ws/install/dwb_critics:/home/jucy/ros2_ws/install/dwb_core:/home/jucy/ros2_ws/install/nav_2d_utils:/home/jucy/ros2_ws/install/dwb_msgs:/home/jucy/ros2_ws/install/nav_2d_msgs:/home/jucy/ros2_ws/install/nav2_waypoint_follower:/home/jucy/ros2_ws/install/nav2_regulated_pure_pursuit_controller:/home/jucy/ros2_ws/install/nav2_recoveries:/home/jucy/ros2_ws/install/nav2_planner:/home/jucy/ros2_ws/install/nav2_navfn_planner:/home/jucy/ros2_ws/install/nav2_core:/home/jucy/ros2_ws/install/costmap_queue:/home/jucy/ros2_ws/install/nav2_costmap_2d:/home/jucy/ros2_ws/install/nav2_voxel_grid:/home/jucy/ros2_ws/install/nav2_rviz_plugins:/home/jucy/ros2_ws/install/nav2_map_server:/home/jucy/ros2_ws/install/nav2_lifecycle_manager:/home/jucy/ros2_ws/install/nav2_bt_navigator:/home/jucy/ros2_ws/install/nav2_behavior_tree:/home/jucy/ros2_ws/install/nav2_amcl:/home/jucy/ros2_ws/install/nav2_util:/home/jucy/ros2_ws/install/nav2_msgs:/home/jucy/ros2_ws/install/nav2_common:/home/jucy/ydlidar_ros2_ws/install/ydlidar_ros2_driver:/home/jucy/ydlidar_ros2_ws/install/ps2_controller:/home/jucy/ydlidar_ros2_ws/install/myagv_navigation2:/home/jucy/ydlidar_ros2_ws/install/myagv_bringup:/home/jucy/ydlidar_ros2_ws/install/myagv_description:/home/jucy/ydlidar_ros2_wss/install/ydlidar_ros2_driver:/opt/ros/foxy:/opt/ros/foxy:/home/jucy/ydlidar_ws_11_29/ydlidar_ws/install/nav2_gazebo_spawner:/home/jucy/ydlidar_ws_11_29/ydlidar_ws/install/jdamr200_node:/home/jucy/ydlidar_ws_11_29/install/nav2_gazebo_spawner:/home/jucy/ydlidar_ws_11_29/install/jdamr200_node:/home/jucy/turtlebot3_ws/install/turtlebot3_teleop:/home/jucy/turtlebot3_ws/install/turtlebot3_example:/home/jucy/turtlebot3_ws/install/nav2_goal_pulisher_test:/home/jucy/turtlebot3_ws/install/nav2_goal_publisher:/home/jucy/ros2_ws/install/nav2_simple_commander:/home/jucy/ros2_ws/install/nav2_gazebo_spawner:/home/jucy/ros2_ws/install/camera_udp_communication:/home/jucy/ros2_ws/install/agv_control_py:/home/jucy/ydlidar_ros2_ws/install/jdamr200_teleop:/home/jucy/ydlidar_ros2_ws/install/jdamr200_node /usr/bin/cmake --install /home/jucy/ydlidar_ws_11_29/ydlidar_ws/build/myagv_bringup
[26.161s] Level 1:colcon.colcon_core.environment:create_environment_scripts_only(myagv_bringup)
[26.163s] Level 1:colcon.colcon_core.environment:checking '/home/jucy/ydlidar_ws_11_29/ydlidar_ws/install/myagv_bringup' for CMake module files
[26.165s] DEBUG:colcon.colcon_core.event_handler.log_command:Invoked command in '/home/jucy/ydlidar_ws_11_29/ydlidar_ws/build/myagv_bringup' returned '0': CMAKE_PREFIX_PATH=/home/jucy/ydlidar_ws_11_29/ydlidar_ws/install/myagv_description:/home/jucy/ydlidar_ws_11_29/ydlidar_ws/install/ydlidar_ros2_driver:/home/jucy/ydlidar_ws_11_29/ydlidar_ws/install/nav2_system_tests:/home/jucy/ydlidar_ws_11_29/ydlidar_ws/install/myagv_navigation2:/home/jucy/ydlidar_ws_11_29/ydlidar_ws/install/nav2_bringup:/home/jucy/ydlidar_ws_11_29/ydlidar_ws/install/navigation2:/home/jucy/ydlidar_ws_11_29/ydlidar_ws/install/smac_planner:/home/jucy/ydlidar_ws_11_29/ydlidar_ws/install/nav2_dwb_controller:/home/jucy/ydlidar_ws_11_29/ydlidar_ws/install/nav2_controller:/home/jucy/ydlidar_ws_11_29/ydlidar_ws/install/dwb_plugins:/home/jucy/ydlidar_ws_11_29/ydlidar_ws/install/dwb_critics:/home/jucy/ydlidar_ws_11_29/ydlidar_ws/install/dwb_core:/home/jucy/ydlidar_ws_11_29/ydlidar_ws/install/nav_2d_utils:/home/jucy/ydlidar_ws_11_29/ydlidar_ws/install/dwb_msgs:/home/jucy/ydlidar_ws_11_29/ydlidar_ws/install/nav_2d_msgs:/home/jucy/ydlidar_ws_11_29/ydlidar_ws/install/nav2_waypoint_follower:/home/jucy/ydlidar_ws_11_29/ydlidar_ws/install/nav2_regulated_pure_pursuit_controller:/home/jucy/ydlidar_ws_11_29/ydlidar_ws/install/nav2_recoveries:/home/jucy/ydlidar_ws_11_29/ydlidar_ws/install/nav2_planner:/home/jucy/ydlidar_ws_11_29/ydlidar_ws/install/nav2_navfn_planner:/home/jucy/ydlidar_ws_11_29/ydlidar_ws/install/nav2_core:/home/jucy/ydlidar_ws_11_29/ydlidar_ws/install/costmap_queue:/home/jucy/ydlidar_ws_11_29/ydlidar_ws/install/nav2_costmap_2d:/home/jucy/ydlidar_ws_11_29/ydlidar_ws/install/nav2_voxel_grid:/home/jucy/ydlidar_ws_11_29/ydlidar_ws/install/nav2_rviz_plugins:/home/jucy/ydlidar_ws_11_29/ydlidar_ws/install/nav2_map_server:/home/jucy/ydlidar_ws_11_29/ydlidar_ws/install/nav2_lifecycle_manager:/home/jucy/ydlidar_ws_11_29/ydlidar_ws/install/nav2_bt_navigator:/home/jucy/ydlidar_ws_11_29/ydlidar_ws/install/nav2_behavior_tree:/home/jucy/ydlidar_ws_11_29/ydlidar_ws/install/nav2_amcl:/home/jucy/ydlidar_ws_11_29/ydlidar_ws/install/nav2_util:/home/jucy/ydlidar_ws_11_29/ydlidar_ws/install/nav2_msgs:/home/jucy/ydlidar_ws_11_29/ydlidar_ws/install/nav2_common:/home/jucy/ydlidar_ws_11_29/ydlidar_ws/install/myagv_bringup:/home/jucy/ydlidar_ws_11_29/install/ydlidar_ros2_driver:/home/jucy/ydlidar_ws_11_29/install/nav2_system_tests:/home/jucy/ydlidar_ws_11_29/install/myagv_navigation2:/home/jucy/ydlidar_ws_11_29/install/nav2_bringup:/home/jucy/ydlidar_ws_11_29/install/navigation2:/home/jucy/ydlidar_ws_11_29/install/smac_planner:/home/jucy/ydlidar_ws_11_29/install/nav2_dwb_controller:/home/jucy/ydlidar_ws_11_29/install/nav2_controller:/home/jucy/ydlidar_ws_11_29/install/dwb_plugins:/home/jucy/ydlidar_ws_11_29/install/dwb_critics:/home/jucy/ydlidar_ws_11_29/install/dwb_core:/home/jucy/ydlidar_ws_11_29/install/nav_2d_utils:/home/jucy/ydlidar_ws_11_29/install/dwb_msgs:/home/jucy/ydlidar_ws_11_29/install/nav_2d_msgs:/home/jucy/ydlidar_ws_11_29/install/nav2_waypoint_follower:/home/jucy/ydlidar_ws_11_29/install/nav2_regulated_pure_pursuit_controller:/home/jucy/ydlidar_ws_11_29/install/nav2_recoveries:/home/jucy/ydlidar_ws_11_29/install/nav2_planner:/home/jucy/ydlidar_ws_11_29/install/nav2_navfn_planner:/home/jucy/ydlidar_ws_11_29/install/nav2_core:/home/jucy/ydlidar_ws_11_29/install/costmap_queue:/home/jucy/ydlidar_ws_11_29/install/nav2_costmap_2d:/home/jucy/ydlidar_ws_11_29/install/nav2_voxel_grid:/home/jucy/ydlidar_ws_11_29/install/nav2_rviz_plugins:/home/jucy/ydlidar_ws_11_29/install/nav2_map_server:/home/jucy/ydlidar_ws_11_29/install/nav2_lifecycle_manager:/home/jucy/ydlidar_ws_11_29/install/nav2_bt_navigator:/home/jucy/ydlidar_ws_11_29/install/nav2_behavior_tree:/home/jucy/ydlidar_ws_11_29/install/nav2_amcl:/home/jucy/ydlidar_ws_11_29/install/nav2_util:/home/jucy/ydlidar_ws_11_29/install/nav2_msgs:/home/jucy/ydlidar_ws_11_29/install/nav2_common:/home/jucy/ydlidar_ws_11_29/install/myagv_bringup:/home/jucy/ydlidar_ws_11_29/install/myagv_description:/home/jucy/new_ws/install/myagv_description:/home/jucy/new_ws/install/aseembly:/home/jucy/turtlebot3_ws/install/turtlebot3:/home/jucy/turtlebot3_ws/install/turtlebot3_simulations:/home/jucy/turtlebot3_ws/install/turtlebot3_bringup:/home/jucy/turtlebot3_ws/install/turtlebot3_node:/home/jucy/turtlebot3_ws/install/turtlebot3_navigation2:/home/jucy/turtlebot3_ws/install/turtlebot3_fake_node:/home/jucy/turtlebot3_ws/install/turtlebot3_msgs:/home/jucy/turtlebot3_ws/install/turtlebot3_gazebo:/home/jucy/turtlebot3_ws/install/turtlebot3_description:/home/jucy/turtlebot3_ws/install/turtlebot3_cartographer:/home/jucy/turtlebot3_ws/install/dynamixel_sdk_examples:/home/jucy/turtlebot3_ws/install/dynamixel_sdk_custom_interfaces:/home/jucy/turtlebot3_ws/install/dynamixel_sdk:/home/jucy/ros2_ws/install/nav2_system_tests:/home/jucy/ros2_ws/install/nav2_bringup:/home/jucy/ros2_ws/install/navigation2:/home/jucy/ros2_ws/install/smac_planner:/home/jucy/ros2_ws/install/ps2_controller:/home/jucy/ros2_ws/install/nav2_dwb_controller:/home/jucy/ros2_ws/install/nav2_controller:/home/jucy/ros2_ws/install/dwb_plugins:/home/jucy/ros2_ws/install/dwb_critics:/home/jucy/ros2_ws/install/dwb_core:/home/jucy/ros2_ws/install/nav_2d_utils:/home/jucy/ros2_ws/install/dwb_msgs:/home/jucy/ros2_ws/install/nav_2d_msgs:/home/jucy/ros2_ws/install/nav2_waypoint_follower:/home/jucy/ros2_ws/install/nav2_regulated_pure_pursuit_controller:/home/jucy/ros2_ws/install/nav2_recoveries:/home/jucy/ros2_ws/install/nav2_planner:/home/jucy/ros2_ws/install/nav2_navfn_planner:/home/jucy/ros2_ws/install/nav2_core:/home/jucy/ros2_ws/install/costmap_queue:/home/jucy/ros2_ws/install/nav2_costmap_2d:/home/jucy/ros2_ws/install/nav2_voxel_grid:/home/jucy/ros2_ws/install/nav2_rviz_plugins:/home/jucy/ros2_ws/install/nav2_map_server:/home/jucy/ros2_ws/install/nav2_lifecycle_manager:/home/jucy/ros2_ws/install/nav2_bt_navigator:/home/jucy/ros2_ws/install/nav2_behavior_tree:/home/jucy/ros2_ws/install/nav2_amcl:/home/jucy/ros2_ws/install/nav2_util:/home/jucy/ros2_ws/install/nav2_msgs:/home/jucy/ros2_ws/install/nav2_common:/home/jucy/ydlidar_ros2_ws/install/ydlidar_ros2_driver:/home/jucy/ydlidar_ros2_ws/install/ps2_controller:/home/jucy/ydlidar_ros2_ws/install/myagv_navigation2:/home/jucy/ydlidar_ros2_ws/install/myagv_bringup:/home/jucy/ydlidar_ros2_ws/install/myagv_description:/home/jucy/ydlidar_ros2_wss/install/ydlidar_ros2_driver:/opt/ros/foxy:/opt/ros/foxy:/home/jucy/ydlidar_ws_11_29/ydlidar_ws/install/nav2_gazebo_spawner:/home/jucy/ydlidar_ws_11_29/ydlidar_ws/install/jdamr200_node:/home/jucy/ydlidar_ws_11_29/install/nav2_gazebo_spawner:/home/jucy/ydlidar_ws_11_29/install/jdamr200_node:/home/jucy/turtlebot3_ws/install/turtlebot3_teleop:/home/jucy/turtlebot3_ws/install/turtlebot3_example:/home/jucy/turtlebot3_ws/install/nav2_goal_pulisher_test:/home/jucy/turtlebot3_ws/install/nav2_goal_publisher:/home/jucy/ros2_ws/install/nav2_simple_commander:/home/jucy/ros2_ws/install/nav2_gazebo_spawner:/home/jucy/ros2_ws/install/camera_udp_communication:/home/jucy/ros2_ws/install/agv_control_py:/home/jucy/ydlidar_ros2_ws/install/jdamr200_teleop:/home/jucy/ydlidar_ros2_ws/install/jdamr200_node /usr/bin/cmake --install /home/jucy/ydlidar_ws_11_29/ydlidar_ws/build/myagv_bringup
[26.166s] Level 1:colcon.colcon_core.environment:checking '/home/jucy/ydlidar_ws_11_29/ydlidar_ws/install/myagv_bringup' for CMake config files
[26.167s] Level 1:colcon.colcon_core.shell:create_environment_hook('myagv_bringup', 'cmake_prefix_path')
[26.168s] INFO:colcon.colcon_core.shell:Creating environment hook '/home/jucy/ydlidar_ws_11_29/ydlidar_ws/install/myagv_bringup/share/myagv_bringup/hook/cmake_prefix_path.ps1'
[26.170s] INFO:colcon.colcon_core.shell:Creating environment descriptor '/home/jucy/ydlidar_ws_11_29/ydlidar_ws/install/myagv_bringup/share/myagv_bringup/hook/cmake_prefix_path.dsv'
[26.172s] INFO:colcon.colcon_core.shell:Creating environment hook '/home/jucy/ydlidar_ws_11_29/ydlidar_ws/install/myagv_bringup/share/myagv_bringup/hook/cmake_prefix_path.sh'
[26.174s] Level 1:colcon.colcon_core.environment:checking '/home/jucy/ydlidar_ws_11_29/ydlidar_ws/install/myagv_bringup/bin'
[26.174s] Level 1:colcon.colcon_core.environment:checking '/home/jucy/ydlidar_ws_11_29/ydlidar_ws/install/myagv_bringup/lib/pkgconfig/myagv_bringup.pc'
[26.175s] Level 1:colcon.colcon_core.environment:checking '/home/jucy/ydlidar_ws_11_29/ydlidar_ws/install/myagv_bringup/lib/python3.8/site-packages'
[26.176s] Level 1:colcon.colcon_core.environment:checking '/home/jucy/ydlidar_ws_11_29/ydlidar_ws/install/myagv_bringup/bin'
[26.177s] INFO:colcon.colcon_core.shell:Creating package script '/home/jucy/ydlidar_ws_11_29/ydlidar_ws/install/myagv_bringup/share/myagv_bringup/package.ps1'
[26.178s] INFO:colcon.colcon_core.shell:Creating package descriptor '/home/jucy/ydlidar_ws_11_29/ydlidar_ws/install/myagv_bringup/share/myagv_bringup/package.dsv'
[26.180s] INFO:colcon.colcon_core.shell:Creating package script '/home/jucy/ydlidar_ws_11_29/ydlidar_ws/install/myagv_bringup/share/myagv_bringup/package.sh'
[26.182s] INFO:colcon.colcon_core.shell:Creating package script '/home/jucy/ydlidar_ws_11_29/ydlidar_ws/install/myagv_bringup/share/myagv_bringup/package.bash'
[26.183s] INFO:colcon.colcon_core.shell:Creating package script '/home/jucy/ydlidar_ws_11_29/ydlidar_ws/install/myagv_bringup/share/myagv_bringup/package.zsh'
[26.185s] Level 1:colcon.colcon_core.environment:create_file_with_runtime_dependencies(/home/jucy/ydlidar_ws_11_29/ydlidar_ws/install/myagv_bringup/share/colcon-core/packages/myagv_bringup)
[26.187s] Level 1:colcon.colcon_core.environment:create_environment_scripts_only(myagv_bringup)
[26.188s] Level 1:colcon.colcon_core.environment:checking '/home/jucy/ydlidar_ws_11_29/ydlidar_ws/install/myagv_bringup' for CMake module files
[26.189s] Level 1:colcon.colcon_core.environment:checking '/home/jucy/ydlidar_ws_11_29/ydlidar_ws/install/myagv_bringup' for CMake config files
[26.190s] Level 1:colcon.colcon_core.shell:create_environment_hook('myagv_bringup', 'cmake_prefix_path')
[26.191s] INFO:colcon.colcon_core.shell:Creating environment hook '/home/jucy/ydlidar_ws_11_29/ydlidar_ws/install/myagv_bringup/share/myagv_bringup/hook/cmake_prefix_path.ps1'
[26.265s] INFO:colcon.colcon_core.shell:Creating environment descriptor '/home/jucy/ydlidar_ws_11_29/ydlidar_ws/install/myagv_bringup/share/myagv_bringup/hook/cmake_prefix_path.dsv'
[26.267s] INFO:colcon.colcon_core.shell:Creating environment hook '/home/jucy/ydlidar_ws_11_29/ydlidar_ws/install/myagv_bringup/share/myagv_bringup/hook/cmake_prefix_path.sh'
[26.269s] Level 1:colcon.colcon_core.environment:checking '/home/jucy/ydlidar_ws_11_29/ydlidar_ws/install/myagv_bringup/bin'
[26.269s] Level 1:colcon.colcon_core.environment:checking '/home/jucy/ydlidar_ws_11_29/ydlidar_ws/install/myagv_bringup/lib/pkgconfig/myagv_bringup.pc'
[26.270s] Level 1:colcon.colcon_core.environment:checking '/home/jucy/ydlidar_ws_11_29/ydlidar_ws/install/myagv_bringup/lib/python3.8/site-packages'
[26.271s] Level 1:colcon.colcon_core.environment:checking '/home/jucy/ydlidar_ws_11_29/ydlidar_ws/install/myagv_bringup/bin'
[26.272s] INFO:colcon.colcon_core.shell:Creating package script '/home/jucy/ydlidar_ws_11_29/ydlidar_ws/install/myagv_bringup/share/myagv_bringup/package.ps1'
[26.274s] INFO:colcon.colcon_core.shell:Creating package descriptor '/home/jucy/ydlidar_ws_11_29/ydlidar_ws/install/myagv_bringup/share/myagv_bringup/package.dsv'
[26.275s] INFO:colcon.colcon_core.shell:Creating package script '/home/jucy/ydlidar_ws_11_29/ydlidar_ws/install/myagv_bringup/share/myagv_bringup/package.sh'
[26.277s] INFO:colcon.colcon_core.shell:Creating package script '/home/jucy/ydlidar_ws_11_29/ydlidar_ws/install/myagv_bringup/share/myagv_bringup/package.bash'
[26.278s] INFO:colcon.colcon_core.shell:Creating package script '/home/jucy/ydlidar_ws_11_29/ydlidar_ws/install/myagv_bringup/share/myagv_bringup/package.zsh'
[26.280s] Level 1:colcon.colcon_core.environment:create_file_with_runtime_dependencies(/home/jucy/ydlidar_ws_11_29/ydlidar_ws/install/myagv_bringup/share/colcon-core/packages/myagv_bringup)
[41.813s] DEBUG:colcon.colcon_core.event_handler.log_command:Invoking command in '/home/jucy/ydlidar_ws_11_29/ydlidar_ws/src/jdamr200_node': PYTHONPATH=/home/jucy/ydlidar_ws_11_29/ydlidar_ws/build/jdamr200_node/prefix_override:/usr/lib/python3/dist-packages/colcon_core/task/python/colcon_distutils_commands:/home/jucy/ydlidar_ws_11_29/ydlidar_ws/install/jdamr200_node/lib/python3.8/site-packages:${PYTHONPATH} /usr/bin/python3 -W ignore:setup.py install is deprecated -W ignore:easy_install command is deprecated setup.py egg_info --egg-base ../../build/jdamr200_node build --build-base /home/jucy/ydlidar_ws_11_29/ydlidar_ws/build/jdamr200_node/build install --record /home/jucy/ydlidar_ws_11_29/ydlidar_ws/build/jdamr200_node/install.log --single-version-externally-managed install_data
[42.457s] Level 1:colcon.colcon_core.environment:checking '/home/jucy/ydlidar_ws_11_29/ydlidar_ws/install/jdamr200_node' for CMake module files
[42.458s] DEBUG:colcon.colcon_core.event_handler.log_command:Invoked command in '/home/jucy/ydlidar_ws_11_29/ydlidar_ws/src/jdamr200_node' returned '0': PYTHONPATH=/home/jucy/ydlidar_ws_11_29/ydlidar_ws/build/jdamr200_node/prefix_override:/usr/lib/python3/dist-packages/colcon_core/task/python/colcon_distutils_commands:/home/jucy/ydlidar_ws_11_29/ydlidar_ws/install/jdamr200_node/lib/python3.8/site-packages:${PYTHONPATH} /usr/bin/python3 -W ignore:setup.py install is deprecated -W ignore:easy_install command is deprecated setup.py egg_info --egg-base ../../build/jdamr200_node build --build-base /home/jucy/ydlidar_ws_11_29/ydlidar_ws/build/jdamr200_node/build install --record /home/jucy/ydlidar_ws_11_29/ydlidar_ws/build/jdamr200_node/install.log --single-version-externally-managed install_data
[42.458s] Level 1:colcon.colcon_core.environment:checking '/home/jucy/ydlidar_ws_11_29/ydlidar_ws/install/jdamr200_node' for CMake config files
[42.459s] Level 1:colcon.colcon_core.environment:checking '/home/jucy/ydlidar_ws_11_29/ydlidar_ws/install/jdamr200_node/lib'
[42.459s] Level 1:colcon.colcon_core.environment:checking '/home/jucy/ydlidar_ws_11_29/ydlidar_ws/install/jdamr200_node/bin'
[42.459s] Level 1:colcon.colcon_core.environment:checking '/home/jucy/ydlidar_ws_11_29/ydlidar_ws/install/jdamr200_node/lib/pkgconfig/jdamr200_node.pc'
[42.459s] Level 1:colcon.colcon_core.environment:checking '/home/jucy/ydlidar_ws_11_29/ydlidar_ws/install/jdamr200_node/lib/python3.8/site-packages'
[42.459s] Level 1:colcon.colcon_core.shell:create_environment_hook('jdamr200_node', 'pythonpath')
[42.459s] INFO:colcon.colcon_core.shell:Creating environment hook '/home/jucy/ydlidar_ws_11_29/ydlidar_ws/install/jdamr200_node/share/jdamr200_node/hook/pythonpath.ps1'
[42.460s] INFO:colcon.colcon_core.shell:Creating environment descriptor '/home/jucy/ydlidar_ws_11_29/ydlidar_ws/install/jdamr200_node/share/jdamr200_node/hook/pythonpath.dsv'
[42.460s] INFO:colcon.colcon_core.shell:Creating environment hook '/home/jucy/ydlidar_ws_11_29/ydlidar_ws/install/jdamr200_node/share/jdamr200_node/hook/pythonpath.sh'
[42.461s] Level 1:colcon.colcon_core.environment:checking '/home/jucy/ydlidar_ws_11_29/ydlidar_ws/install/jdamr200_node/bin'
[42.461s] Level 1:colcon.colcon_core.environment:create_environment_scripts_only(jdamr200_node)
[42.461s] INFO:colcon.colcon_core.shell:Creating package script '/home/jucy/ydlidar_ws_11_29/ydlidar_ws/install/jdamr200_node/share/jdamr200_node/package.ps1'
[42.462s] INFO:colcon.colcon_core.shell:Creating package descriptor '/home/jucy/ydlidar_ws_11_29/ydlidar_ws/install/jdamr200_node/share/jdamr200_node/package.dsv'
[42.462s] INFO:colcon.colcon_core.shell:Creating package script '/home/jucy/ydlidar_ws_11_29/ydlidar_ws/install/jdamr200_node/share/jdamr200_node/package.sh'
[42.462s] INFO:colcon.colcon_core.shell:Creating package script '/home/jucy/ydlidar_ws_11_29/ydlidar_ws/install/jdamr200_node/share/jdamr200_node/package.bash'
[42.463s] INFO:colcon.colcon_core.shell:Creating package script '/home/jucy/ydlidar_ws_11_29/ydlidar_ws/install/jdamr200_node/share/jdamr200_node/package.zsh'
[42.464s] Level 1:colcon.colcon_core.environment:create_file_with_runtime_dependencies(/home/jucy/ydlidar_ws_11_29/ydlidar_ws/install/jdamr200_node/share/colcon-core/packages/jdamr200_node)
[42.464s] DEBUG:colcon.colcon_parallel_executor.executor.parallel:closing loop
[42.464s] DEBUG:colcon.colcon_parallel_executor.executor.parallel:loop closed
[42.465s] DEBUG:colcon.colcon_parallel_executor.executor.parallel:run_until_complete finished with '0'
[42.465s] DEBUG:colcon.colcon_core.event_reactor:joining thread
[42.506s] INFO:colcon.colcon_core.plugin_system:Skipping extension 'colcon_notification.desktop_notification.terminal_notifier': Not used on non-Darwin systems
[42.506s] INFO:colcon.colcon_core.plugin_system:Skipping extension 'colcon_notification.desktop_notification.win32': Not used on non-Windows systems
[42.506s] INFO:colcon.colcon_notification.desktop_notification:Sending desktop notification using 'notify2'
[42.525s] DEBUG:colcon.colcon_core.event_reactor:joined thread
[42.526s] INFO:colcon.colcon_core.shell:Creating prefix script '/home/jucy/ydlidar_ws_11_29/ydlidar_ws/install/local_setup.ps1'
[42.545s] INFO:colcon.colcon_core.shell:Creating prefix util module '/home/jucy/ydlidar_ws_11_29/ydlidar_ws/install/_local_setup_util_ps1.py'
[42.553s] INFO:colcon.colcon_core.shell:Creating prefix chain script '/home/jucy/ydlidar_ws_11_29/ydlidar_ws/install/setup.ps1'
[42.561s] INFO:colcon.colcon_core.shell:Creating prefix script '/home/jucy/ydlidar_ws_11_29/ydlidar_ws/install/local_setup.sh'
[42.619s] INFO:colcon.colcon_core.shell:Creating prefix util module '/home/jucy/ydlidar_ws_11_29/ydlidar_ws/install/_local_setup_util_sh.py'
[42.621s] INFO:colcon.colcon_core.shell:Creating prefix chain script '/home/jucy/ydlidar_ws_11_29/ydlidar_ws/install/setup.sh'
[42.649s] INFO:colcon.colcon_core.shell:Creating prefix script '/home/jucy/ydlidar_ws_11_29/ydlidar_ws/install/local_setup.bash'
[42.695s] INFO:colcon.colcon_core.shell:Creating prefix chain script '/home/jucy/ydlidar_ws_11_29/ydlidar_ws/install/setup.bash'
[42.714s] INFO:colcon.colcon_core.shell:Creating prefix script '/home/jucy/ydlidar_ws_11_29/ydlidar_ws/install/local_setup.zsh'
[42.720s] INFO:colcon.colcon_core.shell:Creating prefix chain script '/home/jucy/ydlidar_ws_11_29/ydlidar_ws/install/setup.zsh'
