running egg_info
creating ../../../build/camera_udp_communication/camera_udp_communication.egg-info
writing ../../../build/camera_udp_communication/camera_udp_communication.egg-info/PKG-INFO
writing dependency_links to ../../../build/camera_udp_communication/camera_udp_communication.egg-info/dependency_links.txt
writing entry points to ../../../build/camera_udp_communication/camera_udp_communication.egg-info/entry_points.txt
writing requirements to ../../../build/camera_udp_communication/camera_udp_communication.egg-info/requires.txt
writing top-level names to ../../../build/camera_udp_communication/camera_udp_communication.egg-info/top_level.txt
writing manifest file '../../../build/camera_udp_communication/camera_udp_communication.egg-info/SOURCES.txt'
reading manifest file '../../../build/camera_udp_communication/camera_udp_communication.egg-info/SOURCES.txt'
writing manifest file '../../../build/camera_udp_communication/camera_udp_communication.egg-info/SOURCES.txt'
running build
running build_py
creating /home/pi/KG_2_Project/build/camera_udp_communication/build
creating /home/pi/KG_2_Project/build/camera_udp_communication/build/lib
creating /home/pi/KG_2_Project/build/camera_udp_communication/build/lib/camera_udp_communication
copying camera_udp_communication/camera_subscriber.py -> /home/pi/KG_2_Project/build/camera_udp_communication/build/lib/camera_udp_communication
copying camera_udp_communication/__init__.py -> /home/pi/KG_2_Project/build/camera_udp_communication/build/lib/camera_udp_communication
running install
running install_lib
creating /home/pi/KG_2_Project/install/camera_udp_communication/lib/python3.8/site-packages/camera_udp_communication
copying /home/pi/KG_2_Project/build/camera_udp_communication/build/lib/camera_udp_communication/camera_subscriber.py -> /home/pi/KG_2_Project/install/camera_udp_communication/lib/python3.8/site-packages/camera_udp_communication
copying /home/pi/KG_2_Project/build/camera_udp_communication/build/lib/camera_udp_communication/__init__.py -> /home/pi/KG_2_Project/install/camera_udp_communication/lib/python3.8/site-packages/camera_udp_communication
byte-compiling /home/pi/KG_2_Project/install/camera_udp_communication/lib/python3.8/site-packages/camera_udp_communication/camera_subscriber.py to camera_subscriber.cpython-38.pyc
byte-compiling /home/pi/KG_2_Project/install/camera_udp_communication/lib/python3.8/site-packages/camera_udp_communication/__init__.py to __init__.cpython-38.pyc
running install_data
creating /home/pi/KG_2_Project/install/camera_udp_communication/share/ament_index
creating /home/pi/KG_2_Project/install/camera_udp_communication/share/ament_index/resource_index
creating /home/pi/KG_2_Project/install/camera_udp_communication/share/ament_index/resource_index/packages
copying resource/camera_udp_communication -> /home/pi/KG_2_Project/install/camera_udp_communication/share/ament_index/resource_index/packages
copying package.xml -> /home/pi/KG_2_Project/install/camera_udp_communication/share/camera_udp_communication
running install_egg_info
Copying ../../../build/camera_udp_communication/camera_udp_communication.egg-info to /home/pi/KG_2_Project/install/camera_udp_communication/lib/python3.8/site-packages/camera_udp_communication-0.0.0-py3.8.egg-info
running install_scripts
Installing camera_subscriber script to /home/pi/KG_2_Project/install/camera_udp_communication/lib/camera_udp_communication
writing list of installed files to '/home/pi/KG_2_Project/build/camera_udp_communication/install.log'
