[4.555s] Invoking command in '/home/pi/KG_2_Project/ROS_team/src/camera_udp_communication': PYTHONPATH=/home/pi/KG_2_Project/build/camera_udp_communication/prefix_override:/usr/lib/python3/dist-packages/colcon_core/task/python/colcon_distutils_commands:/home/pi/KG_2_Project/install/camera_udp_communication/lib/python3.8/site-packages:${PYTHONPATH} /usr/bin/python3 -W ignore:setup.py install is deprecated setup.py egg_info --egg-base ../../../build/camera_udp_communication build --build-base /home/pi/KG_2_Project/build/camera_udp_communication/build install --record /home/pi/KG_2_Project/build/camera_udp_communication/install.log --install-scripts $base/lib/camera_udp_communication --single-version-externally-managed install_data
[5.820s] running egg_info
[5.822s] creating ../../../build/camera_udp_communication/camera_udp_communication.egg-info
[5.823s] writing ../../../build/camera_udp_communication/camera_udp_communication.egg-info/PKG-INFO
[5.826s] writing dependency_links to ../../../build/camera_udp_communication/camera_udp_communication.egg-info/dependency_links.txt
[5.827s] writing entry points to ../../../build/camera_udp_communication/camera_udp_communication.egg-info/entry_points.txt
[5.827s] writing requirements to ../../../build/camera_udp_communication/camera_udp_communication.egg-info/requires.txt
[5.828s] writing top-level names to ../../../build/camera_udp_communication/camera_udp_communication.egg-info/top_level.txt
[5.840s] writing manifest file '../../../build/camera_udp_communication/camera_udp_communication.egg-info/SOURCES.txt'
[5.985s] reading manifest file '../../../build/camera_udp_communication/camera_udp_communication.egg-info/SOURCES.txt'
[5.989s] writing manifest file '../../../build/camera_udp_communication/camera_udp_communication.egg-info/SOURCES.txt'
[5.990s] running build
[5.991s] running build_py
[5.992s] creating /home/pi/KG_2_Project/build/camera_udp_communication/build
[5.993s] creating /home/pi/KG_2_Project/build/camera_udp_communication/build/lib
[5.994s] creating /home/pi/KG_2_Project/build/camera_udp_communication/build/lib/camera_udp_communication
[5.996s] copying camera_udp_communication/camera_subscriber.py -> /home/pi/KG_2_Project/build/camera_udp_communication/build/lib/camera_udp_communication
[5.997s] copying camera_udp_communication/__init__.py -> /home/pi/KG_2_Project/build/camera_udp_communication/build/lib/camera_udp_communication
[5.998s] running install
[5.998s] running install_lib
[6.002s] creating /home/pi/KG_2_Project/install/camera_udp_communication/lib/python3.8/site-packages/camera_udp_communication
[6.003s] copying /home/pi/KG_2_Project/build/camera_udp_communication/build/lib/camera_udp_communication/camera_subscriber.py -> /home/pi/KG_2_Project/install/camera_udp_communication/lib/python3.8/site-packages/camera_udp_communication
[6.004s] copying /home/pi/KG_2_Project/build/camera_udp_communication/build/lib/camera_udp_communication/__init__.py -> /home/pi/KG_2_Project/install/camera_udp_communication/lib/python3.8/site-packages/camera_udp_communication
[6.006s] byte-compiling /home/pi/KG_2_Project/install/camera_udp_communication/lib/python3.8/site-packages/camera_udp_communication/camera_subscriber.py to camera_subscriber.cpython-38.pyc
[6.012s] byte-compiling /home/pi/KG_2_Project/install/camera_udp_communication/lib/python3.8/site-packages/camera_udp_communication/__init__.py to __init__.cpython-38.pyc
[6.014s] running install_data
[6.015s] creating /home/pi/KG_2_Project/install/camera_udp_communication/share/ament_index
[6.018s] creating /home/pi/KG_2_Project/install/camera_udp_communication/share/ament_index/resource_index
[6.019s] creating /home/pi/KG_2_Project/install/camera_udp_communication/share/ament_index/resource_index/packages
[6.020s] copying resource/camera_udp_communication -> /home/pi/KG_2_Project/install/camera_udp_communication/share/ament_index/resource_index/packages
[6.021s] copying package.xml -> /home/pi/KG_2_Project/install/camera_udp_communication/share/camera_udp_communication
[6.021s] running install_egg_info
[6.025s] Copying ../../../build/camera_udp_communication/camera_udp_communication.egg-info to /home/pi/KG_2_Project/install/camera_udp_communication/lib/python3.8/site-packages/camera_udp_communication-0.0.0-py3.8.egg-info
[6.031s] running install_scripts
[6.111s] Installing camera_subscriber script to /home/pi/KG_2_Project/install/camera_udp_communication/lib/camera_udp_communication
[6.114s] writing list of installed files to '/home/pi/KG_2_Project/build/camera_udp_communication/install.log'
[6.249s] Invoked command in '/home/pi/KG_2_Project/ROS_team/src/camera_udp_communication' returned '0': PYTHONPATH=/home/pi/KG_2_Project/build/camera_udp_communication/prefix_override:/usr/lib/python3/dist-packages/colcon_core/task/python/colcon_distutils_commands:/home/pi/KG_2_Project/install/camera_udp_communication/lib/python3.8/site-packages:${PYTHONPATH} /usr/bin/python3 -W ignore:setup.py install is deprecated setup.py egg_info --egg-base ../../../build/camera_udp_communication build --build-base /home/pi/KG_2_Project/build/camera_udp_communication/build install --record /home/pi/KG_2_Project/build/camera_udp_communication/install.log --install-scripts $base/lib/camera_udp_communication --single-version-externally-managed install_data
