[0.027s] Invoking command in '/home/jucy/ydlidar_ws_11_29/build/nav2_util': AMENT_PREFIX_PATH=/home/jucy/ydlidar_ws_11_29/install/nav2_msgs:/home/jucy/ydlidar_ws_11_29/install/nav2_common:${AMENT_PREFIX_PATH} CMAKE_PREFIX_PATH=/home/jucy/ydlidar_ws_11_29/install/nav2_msgs:/home/jucy/ydlidar_ws_11_29/install/nav2_common:/home/jucy/ydlidar_ws_11_29/install/ydlidar_ros2_driver:/home/jucy/ydlidar_ws_11_29/install/myagv_navigation2:/home/jucy/ydlidar_ws_11_29/install/myagv_bringup:/home/jucy/ydlidar_ws_11_29/install/myagv_description:/home/jucy/new_ws/install/myagv_description:/home/jucy/new_ws/install/aseembly:/home/jucy/turtlebot3_ws/install/turtlebot3:/home/jucy/turtlebot3_ws/install/turtlebot3_simulations:/home/jucy/turtlebot3_ws/install/turtlebot3_bringup:/home/jucy/turtlebot3_ws/install/turtlebot3_node:/home/jucy/turtlebot3_ws/install/turtlebot3_navigation2:/home/jucy/turtlebot3_ws/install/turtlebot3_fake_node:/home/jucy/turtlebot3_ws/install/turtlebot3_msgs:/home/jucy/turtlebot3_ws/install/turtlebot3_gazebo:/home/jucy/turtlebot3_ws/install/turtlebot3_description:/home/jucy/turtlebot3_ws/install/turtlebot3_cartographer:/home/jucy/turtlebot3_ws/install/dynamixel_sdk_examples:/home/jucy/turtlebot3_ws/install/dynamixel_sdk_custom_interfaces:/home/jucy/turtlebot3_ws/install/dynamixel_sdk:/home/jucy/ros2_ws/install/ps2_controller:/home/jucy/ydlidar_ros2_ws/install/ydlidar_ros2_driver:/home/jucy/ydlidar_ros2_ws/install/ps2_controller:/home/jucy/ydlidar_ros2_ws/install/myagv_navigation2:/home/jucy/ydlidar_ros2_ws/install/myagv_bringup:/home/jucy/ydlidar_ros2_ws/install/myagv_description:/home/jucy/ydlidar_ros2_wss/install/ydlidar_ros2_driver:/opt/ros/foxy:/opt/ros/foxy:/home/jucy/ydlidar_ws_11_29/install/jdamr200_node:/home/jucy/turtlebot3_ws/install/turtlebot3_teleop:/home/jucy/turtlebot3_ws/install/turtlebot3_example:/home/jucy/turtlebot3_ws/install/nav2_goal_pulisher_test:/home/jucy/turtlebot3_ws/install/nav2_goal_publisher:/home/jucy/ros2_ws/install/camera_udp_communication:/home/jucy/ros2_ws/install/agv_control_py:/home/jucy/ydlidar_ros2_ws/install/jdamr200_teleop:/home/jucy/ydlidar_ros2_ws/install/jdamr200_node LD_LIBRARY_PATH=/home/jucy/ydlidar_ws_11_29/install/nav2_msgs/lib:${LD_LIBRARY_PATH} PYTHONPATH=/home/jucy/ydlidar_ws_11_29/install/nav2_msgs/lib/python3.8/site-packages:/home/jucy/ydlidar_ws_11_29/install/nav2_common/lib/python3.8/site-packages:${PYTHONPATH} /usr/bin/cmake /home/jucy/ydlidar_ws_11_29/ydlidar_ws/src/navigation2/nav2_util -DCMAKE_INSTALL_PREFIX=/home/jucy/ydlidar_ws_11_29/install/nav2_util
[0.116s] -- The C compiler identification is GNU 9.4.0
[0.185s] -- The CXX compiler identification is GNU 9.4.0
[0.191s] -- Check for working C compiler: /usr/bin/cc
[0.268s] -- Check for working C compiler: /usr/bin/cc -- works
[0.268s] -- Detecting C compiler ABI info
[0.369s] -- Detecting C compiler ABI info - done
[0.385s] -- Detecting C compile features
[0.385s] -- Detecting C compile features - done
[0.388s] -- Check for working CXX compiler: /usr/bin/c++
[0.461s] -- Check for working CXX compiler: /usr/bin/c++ -- works
[0.462s] -- Detecting CXX compiler ABI info
[0.548s] -- Detecting CXX compiler ABI info - done
[0.559s] -- Detecting CXX compile features
[0.560s] -- Detecting CXX compile features - done
[0.564s] -- Found ament_cmake: 0.9.12 (/opt/ros/foxy/share/ament_cmake/cmake)
[0.628s] -- Found PythonInterp: /usr/bin/python3 (found suitable version "3.8.10", minimum required is "3") 
[0.629s] -- Using PYTHON_EXECUTABLE: /usr/bin/python3
[0.843s] -- Found nav2_common: 0.4.7 (/home/jucy/ydlidar_ws_11_29/install/nav2_common/share/nav2_common/cmake)
[0.843s] -- Found nav2_msgs: 0.4.7 (/home/jucy/ydlidar_ws_11_29/install/nav2_msgs/share/nav2_msgs/cmake)
[0.887s] -- Using all available rosidl_typesupport_c: rosidl_typesupport_fastrtps_c;rosidl_typesupport_introspection_c
[0.900s] -- Found rosidl_adapter: 1.3.1 (/opt/ros/foxy/share/rosidl_adapter/cmake)
[1.006s] -- Found OpenSSL: /usr/lib/x86_64-linux-gnu/libcrypto.so (found version "1.1.1f")  
[1.043s] -- Found FastRTPS: /opt/ros/foxy/include  
[1.154s] -- Using all available rosidl_typesupport_cpp: rosidl_typesupport_fastrtps_cpp;rosidl_typesupport_introspection_cpp
[1.589s] -- Found tf2_ros: 0.13.14 (/opt/ros/foxy/share/tf2_ros/cmake)
[1.789s] -- Found rmw_implementation_cmake: 1.0.4 (/opt/ros/foxy/share/rmw_implementation_cmake/cmake)
[1.792s] -- Using RMW implementation 'rmw_fastrtps_cpp' as default
[1.792s] -- Looking for pthread.h
[1.868s] -- Looking for pthread.h - found
[1.868s] -- Performing Test CMAKE_HAVE_LIBC_PTHREAD
[1.981s] -- Performing Test CMAKE_HAVE_LIBC_PTHREAD - Failed
[1.982s] -- Looking for pthread_create in pthreads
[2.053s] -- Looking for pthread_create in pthreads - not found
[2.053s] -- Looking for pthread_create in pthread
[2.136s] -- Looking for pthread_create in pthread - found
[2.137s] -- Found Threads: TRUE  
[2.811s] -- Found tf2_geometry_msgs: 0.13.14 (/opt/ros/foxy/share/tf2_geometry_msgs/cmake)
[2.899s] -- Found eigen3_cmake_module: 0.1.1 (/opt/ros/foxy/share/eigen3_cmake_module/cmake)
[2.978s] -- Found Eigen3: TRUE (found version "3.3.7") 
[3.127s] -- Found lifecycle_msgs: 1.0.0 (/opt/ros/foxy/share/lifecycle_msgs/cmake)
[3.162s] -- Found test_msgs: 1.0.0 (/opt/ros/foxy/share/test_msgs/cmake)
[3.261s] -- Found rclcpp_lifecycle: 2.4.3 (/opt/ros/foxy/share/rclcpp_lifecycle/cmake)
[3.311s] -- Setting build type to Release as none was specified.
[3.855s] -- Found Boost: /usr/lib/x86_64-linux-gnu/cmake/Boost-1.71.0/BoostConfig.cmake (found version "1.71.0") found components: program_options 
[3.941s] -- Found ament_lint_auto: 0.9.8 (/opt/ros/foxy/share/ament_lint_auto/cmake)
[3.953s] -- Found ament_cmake_pytest: 0.9.12 (/opt/ros/foxy/share/ament_cmake_pytest/cmake)
[3.998s] -- Found launch_testing_ament_cmake: 0.10.10 (/opt/ros/foxy/share/launch_testing_ament_cmake/cmake)
[4.006s] -- Found python_cmake_module: 0.8.1 (/opt/ros/foxy/share/python_cmake_module/cmake)
[4.037s] -- Found PythonInterp: /usr/bin/python3 (found suitable version "3.8.10", minimum required is "3.5") 
[4.044s] -- Found PythonLibs: /usr/lib/x86_64-linux-gnu/libpython3.8.so (found suitable version "3.8.10", minimum required is "3.5") 
[4.044s] -- Using PYTHON_EXECUTABLE: /usr/bin/python3
[4.044s] -- Using PYTHON_INCLUDE_DIRS: /usr/include/python3.8
[4.044s] -- Using PYTHON_LIBRARIES: /usr/lib/x86_64-linux-gnu/libpython3.8.so
[4.071s] -- Found PythonExtra: .so  
[4.285s] -- Found gtest sources under '/opt/ros/foxy/src/gtest_vendor': C++ tests using 'Google Test' will be built
[4.287s] -- Check if compiler accepts -pthread
[4.356s] -- Check if compiler accepts -pthread - yes
[4.417s] -- Added test 'copyright' to check source files copyright and LICENSE
[4.437s] -- Added test 'cppcheck' to perform static code analysis on C / C++ code
[4.437s] -- Configured cppcheck include dirs: /home/jucy/ydlidar_ws_11_29/ydlidar_ws/src/navigation2/nav2_util/include
[4.438s] -- Configured cppcheck exclude dirs and/or files: 
[4.443s] -- Added test 'cpplint' to check C / C++ code against the Google style
[4.444s] -- Configured cpplint exclude dirs and/or files: 
[4.445s] -- Added test 'flake8' to check Python code syntax and style conventions
[4.448s] -- Added test 'lint_cmake' to check CMake code style
[4.449s] -- Added test 'pep257' to check Python code against some of the style conventions in PEP 257
[4.453s] -- Added test 'uncrustify' to check C / C++ code style
[4.453s] -- Configured uncrustify additional arguments: 
[4.455s] -- Added test 'xmllint' to check XML markup files
[4.463s] -- Configuring done
[4.616s] -- Generating done
[4.656s] -- Build files have been written to: /home/jucy/ydlidar_ws_11_29/build/nav2_util
[4.666s] Invoked command in '/home/jucy/ydlidar_ws_11_29/build/nav2_util' returned '0': AMENT_PREFIX_PATH=/home/jucy/ydlidar_ws_11_29/install/nav2_msgs:/home/jucy/ydlidar_ws_11_29/install/nav2_common:${AMENT_PREFIX_PATH} CMAKE_PREFIX_PATH=/home/jucy/ydlidar_ws_11_29/install/nav2_msgs:/home/jucy/ydlidar_ws_11_29/install/nav2_common:/home/jucy/ydlidar_ws_11_29/install/ydlidar_ros2_driver:/home/jucy/ydlidar_ws_11_29/install/myagv_navigation2:/home/jucy/ydlidar_ws_11_29/install/myagv_bringup:/home/jucy/ydlidar_ws_11_29/install/myagv_description:/home/jucy/new_ws/install/myagv_description:/home/jucy/new_ws/install/aseembly:/home/jucy/turtlebot3_ws/install/turtlebot3:/home/jucy/turtlebot3_ws/install/turtlebot3_simulations:/home/jucy/turtlebot3_ws/install/turtlebot3_bringup:/home/jucy/turtlebot3_ws/install/turtlebot3_node:/home/jucy/turtlebot3_ws/install/turtlebot3_navigation2:/home/jucy/turtlebot3_ws/install/turtlebot3_fake_node:/home/jucy/turtlebot3_ws/install/turtlebot3_msgs:/home/jucy/turtlebot3_ws/install/turtlebot3_gazebo:/home/jucy/turtlebot3_ws/install/turtlebot3_description:/home/jucy/turtlebot3_ws/install/turtlebot3_cartographer:/home/jucy/turtlebot3_ws/install/dynamixel_sdk_examples:/home/jucy/turtlebot3_ws/install/dynamixel_sdk_custom_interfaces:/home/jucy/turtlebot3_ws/install/dynamixel_sdk:/home/jucy/ros2_ws/install/ps2_controller:/home/jucy/ydlidar_ros2_ws/install/ydlidar_ros2_driver:/home/jucy/ydlidar_ros2_ws/install/ps2_controller:/home/jucy/ydlidar_ros2_ws/install/myagv_navigation2:/home/jucy/ydlidar_ros2_ws/install/myagv_bringup:/home/jucy/ydlidar_ros2_ws/install/myagv_description:/home/jucy/ydlidar_ros2_wss/install/ydlidar_ros2_driver:/opt/ros/foxy:/opt/ros/foxy:/home/jucy/ydlidar_ws_11_29/install/jdamr200_node:/home/jucy/turtlebot3_ws/install/turtlebot3_teleop:/home/jucy/turtlebot3_ws/install/turtlebot3_example:/home/jucy/turtlebot3_ws/install/nav2_goal_pulisher_test:/home/jucy/turtlebot3_ws/install/nav2_goal_publisher:/home/jucy/ros2_ws/install/camera_udp_communication:/home/jucy/ros2_ws/install/agv_control_py:/home/jucy/ydlidar_ros2_ws/install/jdamr200_teleop:/home/jucy/ydlidar_ros2_ws/install/jdamr200_node LD_LIBRARY_PATH=/home/jucy/ydlidar_ws_11_29/install/nav2_msgs/lib:${LD_LIBRARY_PATH} PYTHONPATH=/home/jucy/ydlidar_ws_11_29/install/nav2_msgs/lib/python3.8/site-packages:/home/jucy/ydlidar_ws_11_29/install/nav2_common/lib/python3.8/site-packages:${PYTHONPATH} /usr/bin/cmake /home/jucy/ydlidar_ws_11_29/ydlidar_ws/src/navigation2/nav2_util -DCMAKE_INSTALL_PREFIX=/home/jucy/ydlidar_ws_11_29/install/nav2_util
[4.669s] Invoking command in '/home/jucy/ydlidar_ws_11_29/build/nav2_util': AMENT_PREFIX_PATH=/home/jucy/ydlidar_ws_11_29/install/nav2_msgs:/home/jucy/ydlidar_ws_11_29/install/nav2_common:${AMENT_PREFIX_PATH} CMAKE_PREFIX_PATH=/home/jucy/ydlidar_ws_11_29/install/nav2_msgs:/home/jucy/ydlidar_ws_11_29/install/nav2_common:/home/jucy/ydlidar_ws_11_29/install/ydlidar_ros2_driver:/home/jucy/ydlidar_ws_11_29/install/myagv_navigation2:/home/jucy/ydlidar_ws_11_29/install/myagv_bringup:/home/jucy/ydlidar_ws_11_29/install/myagv_description:/home/jucy/new_ws/install/myagv_description:/home/jucy/new_ws/install/aseembly:/home/jucy/turtlebot3_ws/install/turtlebot3:/home/jucy/turtlebot3_ws/install/turtlebot3_simulations:/home/jucy/turtlebot3_ws/install/turtlebot3_bringup:/home/jucy/turtlebot3_ws/install/turtlebot3_node:/home/jucy/turtlebot3_ws/install/turtlebot3_navigation2:/home/jucy/turtlebot3_ws/install/turtlebot3_fake_node:/home/jucy/turtlebot3_ws/install/turtlebot3_msgs:/home/jucy/turtlebot3_ws/install/turtlebot3_gazebo:/home/jucy/turtlebot3_ws/install/turtlebot3_description:/home/jucy/turtlebot3_ws/install/turtlebot3_cartographer:/home/jucy/turtlebot3_ws/install/dynamixel_sdk_examples:/home/jucy/turtlebot3_ws/install/dynamixel_sdk_custom_interfaces:/home/jucy/turtlebot3_ws/install/dynamixel_sdk:/home/jucy/ros2_ws/install/ps2_controller:/home/jucy/ydlidar_ros2_ws/install/ydlidar_ros2_driver:/home/jucy/ydlidar_ros2_ws/install/ps2_controller:/home/jucy/ydlidar_ros2_ws/install/myagv_navigation2:/home/jucy/ydlidar_ros2_ws/install/myagv_bringup:/home/jucy/ydlidar_ros2_ws/install/myagv_description:/home/jucy/ydlidar_ros2_wss/install/ydlidar_ros2_driver:/opt/ros/foxy:/opt/ros/foxy:/home/jucy/ydlidar_ws_11_29/install/jdamr200_node:/home/jucy/turtlebot3_ws/install/turtlebot3_teleop:/home/jucy/turtlebot3_ws/install/turtlebot3_example:/home/jucy/turtlebot3_ws/install/nav2_goal_pulisher_test:/home/jucy/turtlebot3_ws/install/nav2_goal_publisher:/home/jucy/ros2_ws/install/camera_udp_communication:/home/jucy/ros2_ws/install/agv_control_py:/home/jucy/ydlidar_ros2_ws/install/jdamr200_teleop:/home/jucy/ydlidar_ros2_ws/install/jdamr200_node LD_LIBRARY_PATH=/home/jucy/ydlidar_ws_11_29/install/nav2_msgs/lib:${LD_LIBRARY_PATH} PYTHONPATH=/home/jucy/ydlidar_ws_11_29/install/nav2_msgs/lib/python3.8/site-packages:/home/jucy/ydlidar_ws_11_29/install/nav2_common/lib/python3.8/site-packages:${PYTHONPATH} /usr/bin/cmake --build /home/jucy/ydlidar_ws_11_29/build/nav2_util -- -j12 -l12
[4.709s] [35m[1mScanning dependencies of target gtest_main[0m
[4.709s] [35m[1mScanning dependencies of target gtest[0m
[4.709s] [35m[1mScanning dependencies of target dump_params[0m
[4.709s] [35m[1mScanning dependencies of target nav2_util_core[0m
[4.723s] [  2%] [32mBuilding CXX object gtest/CMakeFiles/gtest_main.dir/src/gtest_main.cc.o[0m
[4.725s] [  5%] [32mBuilding CXX object gtest/CMakeFiles/gtest.dir/src/gtest-all.cc.o[0m
[4.744s] [  7%] [32mBuilding CXX object src/CMakeFiles/dump_params.dir/dump_params.cpp.o[0m
[5.351s] [ 10%] [32m[1mLinking CXX static library libgtest_main.a[0m
[5.415s] [ 12%] [32mBuilding CXX object src/CMakeFiles/nav2_util_core.dir/node_utils.cpp.o[0m
[5.417s] [ 15%] [32mBuilding CXX object src/CMakeFiles/nav2_util_core.dir/lifecycle_service_client.cpp.o[0m
[5.423s] [ 20%] [32mBuilding CXX object src/CMakeFiles/nav2_util_core.dir/lifecycle_utils.cpp.o[0m
[5.423s] [ 20%] [32mBuilding CXX object src/CMakeFiles/nav2_util_core.dir/string_utils.cpp.o[0m
[5.426s] [ 22%] [32mBuilding CXX object src/CMakeFiles/nav2_util_core.dir/lifecycle_node.cpp.o[0m
[5.429s] [ 25%] [32mBuilding CXX object src/CMakeFiles/nav2_util_core.dir/costmap.cpp.o[0m
[5.430s] [ 27%] [32mBuilding CXX object src/CMakeFiles/nav2_util_core.dir/odometry_utils.cpp.o[0m
[5.431s] [ 30%] [32mBuilding CXX object src/CMakeFiles/nav2_util_core.dir/robot_utils.cpp.o[0m
[5.433s] [ 32%] [32mBuilding CXX object src/CMakeFiles/nav2_util_core.dir/node_thread.cpp.o[0m
[5.456s] [ 32%] Built target gtest_main
[14.687s] [ 35%] [32m[1mLinking CXX static library libgtest.a[0m
[14.724s] [ 35%] Built target gtest
[14.735s] [35m[1mScanning dependencies of target test_execution_timer[0m
[14.776s] [ 37%] [32mBuilding CXX object test/CMakeFiles/test_execution_timer.dir/test_execution_timer.cpp.o[0m
[15.123s] [ 40%] [32m[1mLinking CXX shared library libnav2_util_core.so[0m
[15.749s] [ 42%] [32m[1mLinking CXX executable test_execution_timer[0m
[15.867s] [ 42%] Built target test_execution_timer
[16.105s] [ 45%] [32m[1mLinking CXX executable dump_params[0m
[16.236s] [ 45%] Built target nav2_util_core
[16.294s] [35m[1mScanning dependencies of target lifecycle_bringup[0m
[16.295s] [35m[1mScanning dependencies of target test_service_client[0m
[16.297s] [35m[1mScanning dependencies of target test_lifecycle_utils[0m
[16.298s] [35m[1mScanning dependencies of target test_string_utils[0m
[16.299s] [35m[1mScanning dependencies of target test_lifecycle_node[0m
[16.300s] [35m[1mScanning dependencies of target test_node_utils[0m
[16.301s] [35m[1mScanning dependencies of target test_actions[0m
[16.302s] [35m[1mScanning dependencies of target test_odometry_utils[0m
[16.303s] [35m[1mScanning dependencies of target test_lifecycle_cli_node[0m
[16.306s] [35m[1mScanning dependencies of target test_geometry_utils[0m
[16.307s] [35m[1mScanning dependencies of target test_robot_utils[0m
[16.402s] [ 47%] [32mBuilding CXX object test/CMakeFiles/test_string_utils.dir/test_string_utils.cpp.o[0m
[16.497s] [ 50%] [32mBuilding CXX object test/CMakeFiles/test_lifecycle_utils.dir/test_lifecycle_utils.cpp.o[0m
[16.506s] [ 52%] [32mBuilding CXX object src/CMakeFiles/lifecycle_bringup.dir/lifecycle_bringup_commandline.cpp.o[0m
[16.509s] [ 55%] [32mBuilding CXX object test/CMakeFiles/test_lifecycle_node.dir/test_lifecycle_node.cpp.o[0m
[16.513s] [ 57%] [32mBuilding CXX object test/CMakeFiles/test_node_utils.dir/test_node_utils.cpp.o[0m
[16.517s] [ 60%] [32mBuilding CXX object test/CMakeFiles/test_odometry_utils.dir/test_odometry_utils.cpp.o[0m
[16.520s] [ 62%] [32mBuilding CXX object test/CMakeFiles/test_lifecycle_cli_node.dir/test_lifecycle_cli_node.cpp.o[0m
[16.557s] [ 65%] [32mBuilding CXX object test/CMakeFiles/test_geometry_utils.dir/test_geometry_utils.cpp.o[0m
[16.582s] [ 65%] Built target dump_params
[16.659s] [ 67%] [32mBuilding CXX object test/CMakeFiles/test_robot_utils.dir/test_robot_utils.cpp.o[0m
[16.664s] [ 70%] [32mBuilding CXX object test/CMakeFiles/test_service_client.dir/test_service_client.cpp.o[0m
[16.830s] [ 72%] [32mBuilding CXX object test/CMakeFiles/test_actions.dir/test_actions.cpp.o[0m
[19.024s] [ 75%] [32m[1mLinking CXX executable test_string_utils[0m
[19.288s] [ 75%] Built target test_string_utils
[21.102s] [ 77%] [32m[1mLinking CXX executable test_geometry_utils[0m
[21.242s] [ 80%] [32m[1mLinking CXX executable lifecycle_bringup[0m
[21.334s] [ 80%] Built target test_geometry_utils
[21.508s] [ 80%] Built target lifecycle_bringup
[22.856s] [ 82%] [32m[1mLinking CXX executable test_lifecycle_utils[0m
[23.126s] [ 85%] [32m[1mLinking CXX executable test_robot_utils[0m
[23.146s] [ 85%] Built target test_lifecycle_utils
[23.148s] [ 87%] [32m[1mLinking CXX executable test_service_client[0m
[23.418s] [ 87%] Built target test_robot_utils
[23.454s] [ 90%] [32m[1mLinking CXX executable test_lifecycle_node[0m
[23.469s] [ 92%] [32m[1mLinking CXX executable test_lifecycle_cli_node[0m
[23.568s] [ 92%] Built target test_service_client
[23.721s] [ 92%] Built target test_lifecycle_node
[23.736s] [ 92%] Built target test_lifecycle_cli_node
[23.881s] [ 95%] [32m[1mLinking CXX executable test_node_utils[0m
[24.037s] [ 95%] Built target test_node_utils
[25.127s] [ 97%] [32m[1mLinking CXX executable test_odometry_utils[0m
[25.321s] [ 97%] Built target test_odometry_utils
[31.849s] [100%] [32m[1mLinking CXX executable test_actions[0m
[32.161s] [100%] Built target test_actions
[32.172s] Invoked command in '/home/jucy/ydlidar_ws_11_29/build/nav2_util' returned '0': AMENT_PREFIX_PATH=/home/jucy/ydlidar_ws_11_29/install/nav2_msgs:/home/jucy/ydlidar_ws_11_29/install/nav2_common:${AMENT_PREFIX_PATH} CMAKE_PREFIX_PATH=/home/jucy/ydlidar_ws_11_29/install/nav2_msgs:/home/jucy/ydlidar_ws_11_29/install/nav2_common:/home/jucy/ydlidar_ws_11_29/install/ydlidar_ros2_driver:/home/jucy/ydlidar_ws_11_29/install/myagv_navigation2:/home/jucy/ydlidar_ws_11_29/install/myagv_bringup:/home/jucy/ydlidar_ws_11_29/install/myagv_description:/home/jucy/new_ws/install/myagv_description:/home/jucy/new_ws/install/aseembly:/home/jucy/turtlebot3_ws/install/turtlebot3:/home/jucy/turtlebot3_ws/install/turtlebot3_simulations:/home/jucy/turtlebot3_ws/install/turtlebot3_bringup:/home/jucy/turtlebot3_ws/install/turtlebot3_node:/home/jucy/turtlebot3_ws/install/turtlebot3_navigation2:/home/jucy/turtlebot3_ws/install/turtlebot3_fake_node:/home/jucy/turtlebot3_ws/install/turtlebot3_msgs:/home/jucy/turtlebot3_ws/install/turtlebot3_gazebo:/home/jucy/turtlebot3_ws/install/turtlebot3_description:/home/jucy/turtlebot3_ws/install/turtlebot3_cartographer:/home/jucy/turtlebot3_ws/install/dynamixel_sdk_examples:/home/jucy/turtlebot3_ws/install/dynamixel_sdk_custom_interfaces:/home/jucy/turtlebot3_ws/install/dynamixel_sdk:/home/jucy/ros2_ws/install/ps2_controller:/home/jucy/ydlidar_ros2_ws/install/ydlidar_ros2_driver:/home/jucy/ydlidar_ros2_ws/install/ps2_controller:/home/jucy/ydlidar_ros2_ws/install/myagv_navigation2:/home/jucy/ydlidar_ros2_ws/install/myagv_bringup:/home/jucy/ydlidar_ros2_ws/install/myagv_description:/home/jucy/ydlidar_ros2_wss/install/ydlidar_ros2_driver:/opt/ros/foxy:/opt/ros/foxy:/home/jucy/ydlidar_ws_11_29/install/jdamr200_node:/home/jucy/turtlebot3_ws/install/turtlebot3_teleop:/home/jucy/turtlebot3_ws/install/turtlebot3_example:/home/jucy/turtlebot3_ws/install/nav2_goal_pulisher_test:/home/jucy/turtlebot3_ws/install/nav2_goal_publisher:/home/jucy/ros2_ws/install/camera_udp_communication:/home/jucy/ros2_ws/install/agv_control_py:/home/jucy/ydlidar_ros2_ws/install/jdamr200_teleop:/home/jucy/ydlidar_ros2_ws/install/jdamr200_node LD_LIBRARY_PATH=/home/jucy/ydlidar_ws_11_29/install/nav2_msgs/lib:${LD_LIBRARY_PATH} PYTHONPATH=/home/jucy/ydlidar_ws_11_29/install/nav2_msgs/lib/python3.8/site-packages:/home/jucy/ydlidar_ws_11_29/install/nav2_common/lib/python3.8/site-packages:${PYTHONPATH} /usr/bin/cmake --build /home/jucy/ydlidar_ws_11_29/build/nav2_util -- -j12 -l12
[32.173s] Invoking command in '/home/jucy/ydlidar_ws_11_29/build/nav2_util': AMENT_PREFIX_PATH=/home/jucy/ydlidar_ws_11_29/install/nav2_msgs:/home/jucy/ydlidar_ws_11_29/install/nav2_common:${AMENT_PREFIX_PATH} CMAKE_PREFIX_PATH=/home/jucy/ydlidar_ws_11_29/install/nav2_msgs:/home/jucy/ydlidar_ws_11_29/install/nav2_common:/home/jucy/ydlidar_ws_11_29/install/ydlidar_ros2_driver:/home/jucy/ydlidar_ws_11_29/install/myagv_navigation2:/home/jucy/ydlidar_ws_11_29/install/myagv_bringup:/home/jucy/ydlidar_ws_11_29/install/myagv_description:/home/jucy/new_ws/install/myagv_description:/home/jucy/new_ws/install/aseembly:/home/jucy/turtlebot3_ws/install/turtlebot3:/home/jucy/turtlebot3_ws/install/turtlebot3_simulations:/home/jucy/turtlebot3_ws/install/turtlebot3_bringup:/home/jucy/turtlebot3_ws/install/turtlebot3_node:/home/jucy/turtlebot3_ws/install/turtlebot3_navigation2:/home/jucy/turtlebot3_ws/install/turtlebot3_fake_node:/home/jucy/turtlebot3_ws/install/turtlebot3_msgs:/home/jucy/turtlebot3_ws/install/turtlebot3_gazebo:/home/jucy/turtlebot3_ws/install/turtlebot3_description:/home/jucy/turtlebot3_ws/install/turtlebot3_cartographer:/home/jucy/turtlebot3_ws/install/dynamixel_sdk_examples:/home/jucy/turtlebot3_ws/install/dynamixel_sdk_custom_interfaces:/home/jucy/turtlebot3_ws/install/dynamixel_sdk:/home/jucy/ros2_ws/install/ps2_controller:/home/jucy/ydlidar_ros2_ws/install/ydlidar_ros2_driver:/home/jucy/ydlidar_ros2_ws/install/ps2_controller:/home/jucy/ydlidar_ros2_ws/install/myagv_navigation2:/home/jucy/ydlidar_ros2_ws/install/myagv_bringup:/home/jucy/ydlidar_ros2_ws/install/myagv_description:/home/jucy/ydlidar_ros2_wss/install/ydlidar_ros2_driver:/opt/ros/foxy:/opt/ros/foxy:/home/jucy/ydlidar_ws_11_29/install/jdamr200_node:/home/jucy/turtlebot3_ws/install/turtlebot3_teleop:/home/jucy/turtlebot3_ws/install/turtlebot3_example:/home/jucy/turtlebot3_ws/install/nav2_goal_pulisher_test:/home/jucy/turtlebot3_ws/install/nav2_goal_publisher:/home/jucy/ros2_ws/install/camera_udp_communication:/home/jucy/ros2_ws/install/agv_control_py:/home/jucy/ydlidar_ros2_ws/install/jdamr200_teleop:/home/jucy/ydlidar_ros2_ws/install/jdamr200_node LD_LIBRARY_PATH=/home/jucy/ydlidar_ws_11_29/install/nav2_msgs/lib:${LD_LIBRARY_PATH} PYTHONPATH=/home/jucy/ydlidar_ws_11_29/install/nav2_msgs/lib/python3.8/site-packages:/home/jucy/ydlidar_ws_11_29/install/nav2_common/lib/python3.8/site-packages:${PYTHONPATH} /usr/bin/cmake --install /home/jucy/ydlidar_ws_11_29/build/nav2_util
[32.182s] -- Install configuration: "Release"
[32.182s] -- Installing: /home/jucy/ydlidar_ws_11_29/install/nav2_util/include/
[32.182s] -- Installing: /home/jucy/ydlidar_ws_11_29/install/nav2_util/include//nav2_util
[32.183s] -- Installing: /home/jucy/ydlidar_ws_11_29/install/nav2_util/include//nav2_util/costmap.hpp
[32.183s] -- Installing: /home/jucy/ydlidar_ws_11_29/install/nav2_util/include//nav2_util/node_utils.hpp
[32.183s] -- Installing: /home/jucy/ydlidar_ws_11_29/install/nav2_util/include//nav2_util/simple_action_server.hpp
[32.183s] -- Installing: /home/jucy/ydlidar_ws_11_29/install/nav2_util/include//nav2_util/lifecycle_utils.hpp
[32.183s] -- Installing: /home/jucy/ydlidar_ws_11_29/install/nav2_util/include//nav2_util/robot_utils.hpp
[32.183s] -- Installing: /home/jucy/ydlidar_ws_11_29/install/nav2_util/include//nav2_util/node_thread.hpp
[32.183s] -- Installing: /home/jucy/ydlidar_ws_11_29/install/nav2_util/include//nav2_util/geometry_utils.hpp
[32.183s] -- Installing: /home/jucy/ydlidar_ws_11_29/install/nav2_util/include//nav2_util/clear_entirely_costmap_service_client.hpp
[32.183s] -- Installing: /home/jucy/ydlidar_ws_11_29/install/nav2_util/include//nav2_util/string_utils.hpp
[32.184s] -- Installing: /home/jucy/ydlidar_ws_11_29/install/nav2_util/include//nav2_util/execution_timer.hpp
[32.184s] -- Installing: /home/jucy/ydlidar_ws_11_29/install/nav2_util/include//nav2_util/odometry_utils.hpp
[32.184s] -- Installing: /home/jucy/ydlidar_ws_11_29/install/nav2_util/include//nav2_util/line_iterator.hpp
[32.184s] -- Installing: /home/jucy/ydlidar_ws_11_29/install/nav2_util/include//nav2_util/lifecycle_service_client.hpp
[32.184s] -- Installing: /home/jucy/ydlidar_ws_11_29/install/nav2_util/include//nav2_util/lifecycle_node.hpp
[32.184s] -- Installing: /home/jucy/ydlidar_ws_11_29/install/nav2_util/include//nav2_util/service_client.hpp
[32.184s] -- Installing: /home/jucy/ydlidar_ws_11_29/install/nav2_util/share/nav2_util/environment/library_path.sh
[32.185s] -- Installing: /home/jucy/ydlidar_ws_11_29/install/nav2_util/share/nav2_util/environment/library_path.dsv
[32.185s] -- Installing: /home/jucy/ydlidar_ws_11_29/install/nav2_util/share/ament_index/resource_index/package_run_dependencies/nav2_util
[32.185s] -- Installing: /home/jucy/ydlidar_ws_11_29/install/nav2_util/share/ament_index/resource_index/parent_prefix_path/nav2_util
[32.185s] -- Installing: /home/jucy/ydlidar_ws_11_29/install/nav2_util/share/nav2_util/environment/ament_prefix_path.sh
[32.185s] -- Installing: /home/jucy/ydlidar_ws_11_29/install/nav2_util/share/nav2_util/environment/ament_prefix_path.dsv
[32.185s] -- Installing: /home/jucy/ydlidar_ws_11_29/install/nav2_util/share/nav2_util/environment/path.sh
[32.185s] -- Installing: /home/jucy/ydlidar_ws_11_29/install/nav2_util/share/nav2_util/environment/path.dsv
[32.186s] -- Installing: /home/jucy/ydlidar_ws_11_29/install/nav2_util/share/nav2_util/local_setup.bash
[32.186s] -- Installing: /home/jucy/ydlidar_ws_11_29/install/nav2_util/share/nav2_util/local_setup.sh
[32.186s] -- Installing: /home/jucy/ydlidar_ws_11_29/install/nav2_util/share/nav2_util/local_setup.zsh
[32.186s] -- Installing: /home/jucy/ydlidar_ws_11_29/install/nav2_util/share/nav2_util/local_setup.dsv
[32.186s] -- Installing: /home/jucy/ydlidar_ws_11_29/install/nav2_util/share/nav2_util/package.dsv
[32.186s] -- Installing: /home/jucy/ydlidar_ws_11_29/install/nav2_util/share/ament_index/resource_index/packages/nav2_util
[32.186s] -- Installing: /home/jucy/ydlidar_ws_11_29/install/nav2_util/share/nav2_util/cmake/ament_cmake_export_include_directories-extras.cmake
[32.186s] -- Installing: /home/jucy/ydlidar_ws_11_29/install/nav2_util/share/nav2_util/cmake/ament_cmake_export_libraries-extras.cmake
[32.186s] -- Installing: /home/jucy/ydlidar_ws_11_29/install/nav2_util/share/nav2_util/cmake/ament_cmake_export_dependencies-extras.cmake
[32.187s] -- Installing: /home/jucy/ydlidar_ws_11_29/install/nav2_util/share/nav2_util/cmake/nav2_utilConfig.cmake
[32.187s] -- Installing: /home/jucy/ydlidar_ws_11_29/install/nav2_util/share/nav2_util/cmake/nav2_utilConfig-version.cmake
[32.187s] -- Installing: /home/jucy/ydlidar_ws_11_29/install/nav2_util/share/nav2_util/package.xml
[32.187s] -- Installing: /home/jucy/ydlidar_ws_11_29/install/nav2_util/lib/libnav2_util_core.so
[32.188s] -- Set runtime path of "/home/jucy/ydlidar_ws_11_29/install/nav2_util/lib/libnav2_util_core.so" to ""
[32.188s] -- Installing: /home/jucy/ydlidar_ws_11_29/install/nav2_util/lib/nav2_util/lifecycle_bringup
[32.189s] -- Set runtime path of "/home/jucy/ydlidar_ws_11_29/install/nav2_util/lib/nav2_util/lifecycle_bringup" to ""
[32.189s] -- Installing: /home/jucy/ydlidar_ws_11_29/install/nav2_util/lib/nav2_util/dump_params
[32.190s] -- Set runtime path of "/home/jucy/ydlidar_ws_11_29/install/nav2_util/lib/nav2_util/dump_params" to ""
[32.192s] Invoked command in '/home/jucy/ydlidar_ws_11_29/build/nav2_util' returned '0': AMENT_PREFIX_PATH=/home/jucy/ydlidar_ws_11_29/install/nav2_msgs:/home/jucy/ydlidar_ws_11_29/install/nav2_common:${AMENT_PREFIX_PATH} CMAKE_PREFIX_PATH=/home/jucy/ydlidar_ws_11_29/install/nav2_msgs:/home/jucy/ydlidar_ws_11_29/install/nav2_common:/home/jucy/ydlidar_ws_11_29/install/ydlidar_ros2_driver:/home/jucy/ydlidar_ws_11_29/install/myagv_navigation2:/home/jucy/ydlidar_ws_11_29/install/myagv_bringup:/home/jucy/ydlidar_ws_11_29/install/myagv_description:/home/jucy/new_ws/install/myagv_description:/home/jucy/new_ws/install/aseembly:/home/jucy/turtlebot3_ws/install/turtlebot3:/home/jucy/turtlebot3_ws/install/turtlebot3_simulations:/home/jucy/turtlebot3_ws/install/turtlebot3_bringup:/home/jucy/turtlebot3_ws/install/turtlebot3_node:/home/jucy/turtlebot3_ws/install/turtlebot3_navigation2:/home/jucy/turtlebot3_ws/install/turtlebot3_fake_node:/home/jucy/turtlebot3_ws/install/turtlebot3_msgs:/home/jucy/turtlebot3_ws/install/turtlebot3_gazebo:/home/jucy/turtlebot3_ws/install/turtlebot3_description:/home/jucy/turtlebot3_ws/install/turtlebot3_cartographer:/home/jucy/turtlebot3_ws/install/dynamixel_sdk_examples:/home/jucy/turtlebot3_ws/install/dynamixel_sdk_custom_interfaces:/home/jucy/turtlebot3_ws/install/dynamixel_sdk:/home/jucy/ros2_ws/install/ps2_controller:/home/jucy/ydlidar_ros2_ws/install/ydlidar_ros2_driver:/home/jucy/ydlidar_ros2_ws/install/ps2_controller:/home/jucy/ydlidar_ros2_ws/install/myagv_navigation2:/home/jucy/ydlidar_ros2_ws/install/myagv_bringup:/home/jucy/ydlidar_ros2_ws/install/myagv_description:/home/jucy/ydlidar_ros2_wss/install/ydlidar_ros2_driver:/opt/ros/foxy:/opt/ros/foxy:/home/jucy/ydlidar_ws_11_29/install/jdamr200_node:/home/jucy/turtlebot3_ws/install/turtlebot3_teleop:/home/jucy/turtlebot3_ws/install/turtlebot3_example:/home/jucy/turtlebot3_ws/install/nav2_goal_pulisher_test:/home/jucy/turtlebot3_ws/install/nav2_goal_publisher:/home/jucy/ros2_ws/install/camera_udp_communication:/home/jucy/ros2_ws/install/agv_control_py:/home/jucy/ydlidar_ros2_ws/install/jdamr200_teleop:/home/jucy/ydlidar_ros2_ws/install/jdamr200_node LD_LIBRARY_PATH=/home/jucy/ydlidar_ws_11_29/install/nav2_msgs/lib:${LD_LIBRARY_PATH} PYTHONPATH=/home/jucy/ydlidar_ws_11_29/install/nav2_msgs/lib/python3.8/site-packages:/home/jucy/ydlidar_ws_11_29/install/nav2_common/lib/python3.8/site-packages:${PYTHONPATH} /usr/bin/cmake --install /home/jucy/ydlidar_ws_11_29/build/nav2_util
