[0.082s] Invoking command in '/home/jucy/ydlidar_ws_11_29/ydlidar_ws/build/nav2_recoveries': AMENT_PREFIX_PATH=/home/jucy/ydlidar_ws_11_29/ydlidar_ws/install/nav2_core:/home/jucy/ydlidar_ws_11_29/ydlidar_ws/install/nav2_costmap_2d:/home/jucy/ydlidar_ws_11_29/ydlidar_ws/install/nav2_map_server:/home/jucy/ydlidar_ws_11_29/ydlidar_ws/install/nav2_lifecycle_manager:/home/jucy/ydlidar_ws_11_29/ydlidar_ws/install/nav2_behavior_tree:/home/jucy/ydlidar_ws_11_29/ydlidar_ws/install/nav2_util:/home/jucy/ydlidar_ws_11_29/ydlidar_ws/install/nav2_voxel_grid:/home/jucy/ydlidar_ws_11_29/ydlidar_ws/install/nav2_msgs:/home/jucy/ydlidar_ws_11_29/ydlidar_ws/install/nav2_common:${AMENT_PREFIX_PATH} CMAKE_PREFIX_PATH=/home/jucy/ydlidar_ws_11_29/ydlidar_ws/install/nav2_core:/home/jucy/ydlidar_ws_11_29/ydlidar_ws/install/nav2_costmap_2d:/home/jucy/ydlidar_ws_11_29/ydlidar_ws/install/nav2_map_server:/home/jucy/ydlidar_ws_11_29/ydlidar_ws/install/nav2_lifecycle_manager:/home/jucy/ydlidar_ws_11_29/ydlidar_ws/install/nav2_behavior_tree:/home/jucy/ydlidar_ws_11_29/ydlidar_ws/install/nav2_util:/home/jucy/ydlidar_ws_11_29/ydlidar_ws/install/nav2_voxel_grid:/home/jucy/ydlidar_ws_11_29/ydlidar_ws/install/nav2_msgs:/home/jucy/ydlidar_ws_11_29/ydlidar_ws/install/nav2_common:/home/jucy/ydlidar_ws_11_29/install/ydlidar_ros2_driver:/home/jucy/ydlidar_ws_11_29/install/nav2_system_tests:/home/jucy/ydlidar_ws_11_29/install/myagv_navigation2:/home/jucy/ydlidar_ws_11_29/install/nav2_bringup:/home/jucy/ydlidar_ws_11_29/install/navigation2:/home/jucy/ydlidar_ws_11_29/install/smac_planner:/home/jucy/ydlidar_ws_11_29/install/nav2_dwb_controller:/home/jucy/ydlidar_ws_11_29/install/nav2_controller:/home/jucy/ydlidar_ws_11_29/install/dwb_plugins:/home/jucy/ydlidar_ws_11_29/install/dwb_critics:/home/jucy/ydlidar_ws_11_29/install/dwb_core:/home/jucy/ydlidar_ws_11_29/install/nav_2d_utils:/home/jucy/ydlidar_ws_11_29/install/dwb_msgs:/home/jucy/ydlidar_ws_11_29/install/nav_2d_msgs:/home/jucy/ydlidar_ws_11_29/install/nav2_waypoint_follower:/home/jucy/ydlidar_ws_11_29/install/nav2_regulated_pure_pursuit_controller:/home/jucy/ydlidar_ws_11_29/install/nav2_recoveries:/home/jucy/ydlidar_ws_11_29/install/nav2_planner:/home/jucy/ydlidar_ws_11_29/install/nav2_navfn_planner:/home/jucy/ydlidar_ws_11_29/install/nav2_core:/home/jucy/ydlidar_ws_11_29/install/costmap_queue:/home/jucy/ydlidar_ws_11_29/install/nav2_costmap_2d:/home/jucy/ydlidar_ws_11_29/install/nav2_voxel_grid:/home/jucy/ydlidar_ws_11_29/install/nav2_rviz_plugins:/home/jucy/ydlidar_ws_11_29/install/nav2_map_server:/home/jucy/ydlidar_ws_11_29/install/nav2_lifecycle_manager:/home/jucy/ydlidar_ws_11_29/install/nav2_bt_navigator:/home/jucy/ydlidar_ws_11_29/install/nav2_behavior_tree:/home/jucy/ydlidar_ws_11_29/install/nav2_amcl:/home/jucy/ydlidar_ws_11_29/install/nav2_util:/home/jucy/ydlidar_ws_11_29/install/nav2_msgs:/home/jucy/ydlidar_ws_11_29/install/nav2_common:/home/jucy/ydlidar_ws_11_29/install/myagv_bringup:/home/jucy/ydlidar_ws_11_29/install/myagv_description:/home/jucy/new_ws/install/myagv_description:/home/jucy/new_ws/install/aseembly:/home/jucy/turtlebot3_ws/install/turtlebot3:/home/jucy/turtlebot3_ws/install/turtlebot3_simulations:/home/jucy/turtlebot3_ws/install/turtlebot3_bringup:/home/jucy/turtlebot3_ws/install/turtlebot3_node:/home/jucy/turtlebot3_ws/install/turtlebot3_navigation2:/home/jucy/turtlebot3_ws/install/turtlebot3_fake_node:/home/jucy/turtlebot3_ws/install/turtlebot3_msgs:/home/jucy/turtlebot3_ws/install/turtlebot3_gazebo:/home/jucy/turtlebot3_ws/install/turtlebot3_description:/home/jucy/turtlebot3_ws/install/turtlebot3_cartographer:/home/jucy/turtlebot3_ws/install/dynamixel_sdk_examples:/home/jucy/turtlebot3_ws/install/dynamixel_sdk_custom_interfaces:/home/jucy/turtlebot3_ws/install/dynamixel_sdk:/home/jucy/ros2_ws/install/ps2_controller:/home/jucy/ydlidar_ros2_ws/install/ydlidar_ros2_driver:/home/jucy/ydlidar_ros2_ws/install/ps2_controller:/home/jucy/ydlidar_ros2_ws/install/myagv_navigation2:/home/jucy/ydlidar_ros2_ws/install/myagv_bringup:/home/jucy/ydlidar_ros2_ws/install/myagv_description:/home/jucy/ydlidar_ros2_wss/install/ydlidar_ros2_driver:/opt/ros/foxy:/opt/ros/foxy:/home/jucy/ydlidar_ws_11_29/install/nav2_gazebo_spawner:/home/jucy/ydlidar_ws_11_29/install/jdamr200_node:/home/jucy/turtlebot3_ws/install/turtlebot3_teleop:/home/jucy/turtlebot3_ws/install/turtlebot3_example:/home/jucy/turtlebot3_ws/install/nav2_goal_pulisher_test:/home/jucy/turtlebot3_ws/install/nav2_goal_publisher:/home/jucy/ros2_ws/install/camera_udp_communication:/home/jucy/ros2_ws/install/agv_control_py:/home/jucy/ydlidar_ros2_ws/install/jdamr200_teleop:/home/jucy/ydlidar_ros2_ws/install/jdamr200_node LD_LIBRARY_PATH=/home/jucy/ydlidar_ws_11_29/ydlidar_ws/install/nav2_costmap_2d/lib:/home/jucy/ydlidar_ws_11_29/ydlidar_ws/install/nav2_map_server/lib:/home/jucy/ydlidar_ws_11_29/ydlidar_ws/install/nav2_lifecycle_manager/lib:/home/jucy/ydlidar_ws_11_29/ydlidar_ws/install/nav2_behavior_tree/lib:/home/jucy/ydlidar_ws_11_29/ydlidar_ws/install/nav2_util/lib:/home/jucy/ydlidar_ws_11_29/ydlidar_ws/install/nav2_voxel_grid/lib:/home/jucy/ydlidar_ws_11_29/ydlidar_ws/install/nav2_msgs/lib:${LD_LIBRARY_PATH} PYTHONPATH=/home/jucy/ydlidar_ws_11_29/ydlidar_ws/install/nav2_msgs/lib/python3.8/site-packages:/home/jucy/ydlidar_ws_11_29/ydlidar_ws/install/nav2_common/lib/python3.8/site-packages:${PYTHONPATH} /usr/bin/cmake /home/jucy/ydlidar_ws_11_29/ydlidar_ws/src/navigation2/nav2_recoveries -DCMAKE_INSTALL_PREFIX=/home/jucy/ydlidar_ws_11_29/ydlidar_ws/install/nav2_recoveries
[0.166s] -- The C compiler identification is GNU 9.4.0
[0.289s] -- The CXX compiler identification is GNU 9.4.0
[0.305s] -- Check for working C compiler: /usr/bin/cc
[0.439s] -- Check for working C compiler: /usr/bin/cc -- works
[0.440s] -- Detecting C compiler ABI info
[0.573s] -- Detecting C compiler ABI info - done
[0.588s] -- Detecting C compile features
[0.589s] -- Detecting C compile features - done
[0.593s] -- Check for working CXX compiler: /usr/bin/c++
[0.742s] -- Check for working CXX compiler: /usr/bin/c++ -- works
[0.744s] -- Detecting CXX compiler ABI info
[0.913s] -- Detecting CXX compiler ABI info - done
[0.934s] -- Detecting CXX compile features
[0.935s] -- Detecting CXX compile features - done
[0.949s] -- Found ament_cmake: 0.9.12 (/opt/ros/foxy/share/ament_cmake/cmake)
[1.044s] -- Found PythonInterp: /usr/bin/python3 (found suitable version "3.8.10", minimum required is "3") 
[1.045s] -- Using PYTHON_EXECUTABLE: /usr/bin/python3
[1.605s] -- Found nav2_common: 0.4.7 (/home/jucy/ydlidar_ws_11_29/ydlidar_ws/install/nav2_common/share/nav2_common/cmake)
[1.618s] -- Found rclcpp: 2.4.3 (/opt/ros/foxy/share/rclcpp/cmake)
[1.820s] -- Using all available rosidl_typesupport_c: rosidl_typesupport_fastrtps_c;rosidl_typesupport_introspection_c
[1.850s] -- Found rosidl_adapter: 1.3.1 (/opt/ros/foxy/share/rosidl_adapter/cmake)
[2.153s] -- Found OpenSSL: /usr/lib/x86_64-linux-gnu/libcrypto.so (found version "1.1.1f")  
[2.240s] -- Found FastRTPS: /opt/ros/foxy/include  
[2.515s] -- Using all available rosidl_typesupport_cpp: rosidl_typesupport_fastrtps_cpp;rosidl_typesupport_introspection_cpp
[2.735s] -- Found rmw_implementation_cmake: 1.0.4 (/opt/ros/foxy/share/rmw_implementation_cmake/cmake)
[2.748s] -- Using RMW implementation 'rmw_fastrtps_cpp' as default
[2.750s] -- Looking for pthread.h
[2.920s] -- Looking for pthread.h - found
[2.921s] -- Performing Test CMAKE_HAVE_LIBC_PTHREAD
[3.095s] -- Performing Test CMAKE_HAVE_LIBC_PTHREAD - Failed
[3.095s] -- Looking for pthread_create in pthreads
[3.239s] -- Looking for pthread_create in pthreads - not found
[3.240s] -- Looking for pthread_create in pthread
[3.392s] -- Looking for pthread_create in pthread - found
[3.394s] -- Found Threads: TRUE  
[3.673s] -- Found rclcpp_action: 2.4.3 (/opt/ros/foxy/share/rclcpp_action/cmake)
[3.802s] -- Found rclcpp_lifecycle: 2.4.3 (/opt/ros/foxy/share/rclcpp_lifecycle/cmake)
[3.856s] -- Found nav2_behavior_tree: 0.4.7 (/home/jucy/ydlidar_ws_11_29/ydlidar_ws/install/nav2_behavior_tree/share/nav2_behavior_tree/cmake)
[4.991s] -- Found eigen3_cmake_module: 0.1.1 (/opt/ros/foxy/share/eigen3_cmake_module/cmake)
[5.003s] -- Found Eigen3: TRUE (found version "3.3.7") 
[5.523s] -- Found nav2_costmap_2d: 0.4.7 (/home/jucy/ydlidar_ws_11_29/ydlidar_ws/install/nav2_costmap_2d/share/nav2_costmap_2d/cmake)
[6.415s] -- Found nav2_core: 0.4.7 (/home/jucy/ydlidar_ws_11_29/ydlidar_ws/install/nav2_core/share/nav2_core/cmake)
[7.044s] -- Setting build type to Release as none was specified.
[37.163s] -- Found ament_lint_auto: 0.9.8 (/opt/ros/foxy/share/ament_lint_auto/cmake)
[37.361s] -- Found gtest sources under '/opt/ros/foxy/src/gtest_vendor': C++ tests using 'Google Test' will be built
[37.364s] -- Check if compiler accepts -pthread
[37.495s] -- Check if compiler accepts -pthread - yes
[42.647s] -- Added test 'copyright' to check source files copyright and LICENSE
[42.650s] -- Added test 'cppcheck' to perform static code analysis on C / C++ code
[42.651s] -- Configured cppcheck include dirs: /home/jucy/ydlidar_ws_11_29/ydlidar_ws/src/navigation2/nav2_recoveries/include
[42.651s] -- Configured cppcheck exclude dirs and/or files: 
[42.654s] -- Added test 'cpplint' to check C / C++ code against the Google style
[42.654s] -- Configured cpplint exclude dirs and/or files: 
[42.657s] -- Added test 'lint_cmake' to check CMake code style
[42.660s] -- Added test 'uncrustify' to check C / C++ code style
[42.660s] -- Configured uncrustify additional arguments: 
[42.662s] -- Added test 'xmllint' to check XML markup files
[42.673s] -- Configuring done
[43.068s] -- Generating done
[43.204s] -- Build files have been written to: /home/jucy/ydlidar_ws_11_29/ydlidar_ws/build/nav2_recoveries
[43.222s] Invoked command in '/home/jucy/ydlidar_ws_11_29/ydlidar_ws/build/nav2_recoveries' returned '0': AMENT_PREFIX_PATH=/home/jucy/ydlidar_ws_11_29/ydlidar_ws/install/nav2_core:/home/jucy/ydlidar_ws_11_29/ydlidar_ws/install/nav2_costmap_2d:/home/jucy/ydlidar_ws_11_29/ydlidar_ws/install/nav2_map_server:/home/jucy/ydlidar_ws_11_29/ydlidar_ws/install/nav2_lifecycle_manager:/home/jucy/ydlidar_ws_11_29/ydlidar_ws/install/nav2_behavior_tree:/home/jucy/ydlidar_ws_11_29/ydlidar_ws/install/nav2_util:/home/jucy/ydlidar_ws_11_29/ydlidar_ws/install/nav2_voxel_grid:/home/jucy/ydlidar_ws_11_29/ydlidar_ws/install/nav2_msgs:/home/jucy/ydlidar_ws_11_29/ydlidar_ws/install/nav2_common:${AMENT_PREFIX_PATH} CMAKE_PREFIX_PATH=/home/jucy/ydlidar_ws_11_29/ydlidar_ws/install/nav2_core:/home/jucy/ydlidar_ws_11_29/ydlidar_ws/install/nav2_costmap_2d:/home/jucy/ydlidar_ws_11_29/ydlidar_ws/install/nav2_map_server:/home/jucy/ydlidar_ws_11_29/ydlidar_ws/install/nav2_lifecycle_manager:/home/jucy/ydlidar_ws_11_29/ydlidar_ws/install/nav2_behavior_tree:/home/jucy/ydlidar_ws_11_29/ydlidar_ws/install/nav2_util:/home/jucy/ydlidar_ws_11_29/ydlidar_ws/install/nav2_voxel_grid:/home/jucy/ydlidar_ws_11_29/ydlidar_ws/install/nav2_msgs:/home/jucy/ydlidar_ws_11_29/ydlidar_ws/install/nav2_common:/home/jucy/ydlidar_ws_11_29/install/ydlidar_ros2_driver:/home/jucy/ydlidar_ws_11_29/install/nav2_system_tests:/home/jucy/ydlidar_ws_11_29/install/myagv_navigation2:/home/jucy/ydlidar_ws_11_29/install/nav2_bringup:/home/jucy/ydlidar_ws_11_29/install/navigation2:/home/jucy/ydlidar_ws_11_29/install/smac_planner:/home/jucy/ydlidar_ws_11_29/install/nav2_dwb_controller:/home/jucy/ydlidar_ws_11_29/install/nav2_controller:/home/jucy/ydlidar_ws_11_29/install/dwb_plugins:/home/jucy/ydlidar_ws_11_29/install/dwb_critics:/home/jucy/ydlidar_ws_11_29/install/dwb_core:/home/jucy/ydlidar_ws_11_29/install/nav_2d_utils:/home/jucy/ydlidar_ws_11_29/install/dwb_msgs:/home/jucy/ydlidar_ws_11_29/install/nav_2d_msgs:/home/jucy/ydlidar_ws_11_29/install/nav2_waypoint_follower:/home/jucy/ydlidar_ws_11_29/install/nav2_regulated_pure_pursuit_controller:/home/jucy/ydlidar_ws_11_29/install/nav2_recoveries:/home/jucy/ydlidar_ws_11_29/install/nav2_planner:/home/jucy/ydlidar_ws_11_29/install/nav2_navfn_planner:/home/jucy/ydlidar_ws_11_29/install/nav2_core:/home/jucy/ydlidar_ws_11_29/install/costmap_queue:/home/jucy/ydlidar_ws_11_29/install/nav2_costmap_2d:/home/jucy/ydlidar_ws_11_29/install/nav2_voxel_grid:/home/jucy/ydlidar_ws_11_29/install/nav2_rviz_plugins:/home/jucy/ydlidar_ws_11_29/install/nav2_map_server:/home/jucy/ydlidar_ws_11_29/install/nav2_lifecycle_manager:/home/jucy/ydlidar_ws_11_29/install/nav2_bt_navigator:/home/jucy/ydlidar_ws_11_29/install/nav2_behavior_tree:/home/jucy/ydlidar_ws_11_29/install/nav2_amcl:/home/jucy/ydlidar_ws_11_29/install/nav2_util:/home/jucy/ydlidar_ws_11_29/install/nav2_msgs:/home/jucy/ydlidar_ws_11_29/install/nav2_common:/home/jucy/ydlidar_ws_11_29/install/myagv_bringup:/home/jucy/ydlidar_ws_11_29/install/myagv_description:/home/jucy/new_ws/install/myagv_description:/home/jucy/new_ws/install/aseembly:/home/jucy/turtlebot3_ws/install/turtlebot3:/home/jucy/turtlebot3_ws/install/turtlebot3_simulations:/home/jucy/turtlebot3_ws/install/turtlebot3_bringup:/home/jucy/turtlebot3_ws/install/turtlebot3_node:/home/jucy/turtlebot3_ws/install/turtlebot3_navigation2:/home/jucy/turtlebot3_ws/install/turtlebot3_fake_node:/home/jucy/turtlebot3_ws/install/turtlebot3_msgs:/home/jucy/turtlebot3_ws/install/turtlebot3_gazebo:/home/jucy/turtlebot3_ws/install/turtlebot3_description:/home/jucy/turtlebot3_ws/install/turtlebot3_cartographer:/home/jucy/turtlebot3_ws/install/dynamixel_sdk_examples:/home/jucy/turtlebot3_ws/install/dynamixel_sdk_custom_interfaces:/home/jucy/turtlebot3_ws/install/dynamixel_sdk:/home/jucy/ros2_ws/install/ps2_controller:/home/jucy/ydlidar_ros2_ws/install/ydlidar_ros2_driver:/home/jucy/ydlidar_ros2_ws/install/ps2_controller:/home/jucy/ydlidar_ros2_ws/install/myagv_navigation2:/home/jucy/ydlidar_ros2_ws/install/myagv_bringup:/home/jucy/ydlidar_ros2_ws/install/myagv_description:/home/jucy/ydlidar_ros2_wss/install/ydlidar_ros2_driver:/opt/ros/foxy:/opt/ros/foxy:/home/jucy/ydlidar_ws_11_29/install/nav2_gazebo_spawner:/home/jucy/ydlidar_ws_11_29/install/jdamr200_node:/home/jucy/turtlebot3_ws/install/turtlebot3_teleop:/home/jucy/turtlebot3_ws/install/turtlebot3_example:/home/jucy/turtlebot3_ws/install/nav2_goal_pulisher_test:/home/jucy/turtlebot3_ws/install/nav2_goal_publisher:/home/jucy/ros2_ws/install/camera_udp_communication:/home/jucy/ros2_ws/install/agv_control_py:/home/jucy/ydlidar_ros2_ws/install/jdamr200_teleop:/home/jucy/ydlidar_ros2_ws/install/jdamr200_node LD_LIBRARY_PATH=/home/jucy/ydlidar_ws_11_29/ydlidar_ws/install/nav2_costmap_2d/lib:/home/jucy/ydlidar_ws_11_29/ydlidar_ws/install/nav2_map_server/lib:/home/jucy/ydlidar_ws_11_29/ydlidar_ws/install/nav2_lifecycle_manager/lib:/home/jucy/ydlidar_ws_11_29/ydlidar_ws/install/nav2_behavior_tree/lib:/home/jucy/ydlidar_ws_11_29/ydlidar_ws/install/nav2_util/lib:/home/jucy/ydlidar_ws_11_29/ydlidar_ws/install/nav2_voxel_grid/lib:/home/jucy/ydlidar_ws_11_29/ydlidar_ws/install/nav2_msgs/lib:${LD_LIBRARY_PATH} PYTHONPATH=/home/jucy/ydlidar_ws_11_29/ydlidar_ws/install/nav2_msgs/lib/python3.8/site-packages:/home/jucy/ydlidar_ws_11_29/ydlidar_ws/install/nav2_common/lib/python3.8/site-packages:${PYTHONPATH} /usr/bin/cmake /home/jucy/ydlidar_ws_11_29/ydlidar_ws/src/navigation2/nav2_recoveries -DCMAKE_INSTALL_PREFIX=/home/jucy/ydlidar_ws_11_29/ydlidar_ws/install/nav2_recoveries
[43.223s] Invoking command in '/home/jucy/ydlidar_ws_11_29/ydlidar_ws/build/nav2_recoveries': AMENT_PREFIX_PATH=/home/jucy/ydlidar_ws_11_29/ydlidar_ws/install/nav2_core:/home/jucy/ydlidar_ws_11_29/ydlidar_ws/install/nav2_costmap_2d:/home/jucy/ydlidar_ws_11_29/ydlidar_ws/install/nav2_map_server:/home/jucy/ydlidar_ws_11_29/ydlidar_ws/install/nav2_lifecycle_manager:/home/jucy/ydlidar_ws_11_29/ydlidar_ws/install/nav2_behavior_tree:/home/jucy/ydlidar_ws_11_29/ydlidar_ws/install/nav2_util:/home/jucy/ydlidar_ws_11_29/ydlidar_ws/install/nav2_voxel_grid:/home/jucy/ydlidar_ws_11_29/ydlidar_ws/install/nav2_msgs:/home/jucy/ydlidar_ws_11_29/ydlidar_ws/install/nav2_common:${AMENT_PREFIX_PATH} CMAKE_PREFIX_PATH=/home/jucy/ydlidar_ws_11_29/ydlidar_ws/install/nav2_core:/home/jucy/ydlidar_ws_11_29/ydlidar_ws/install/nav2_costmap_2d:/home/jucy/ydlidar_ws_11_29/ydlidar_ws/install/nav2_map_server:/home/jucy/ydlidar_ws_11_29/ydlidar_ws/install/nav2_lifecycle_manager:/home/jucy/ydlidar_ws_11_29/ydlidar_ws/install/nav2_behavior_tree:/home/jucy/ydlidar_ws_11_29/ydlidar_ws/install/nav2_util:/home/jucy/ydlidar_ws_11_29/ydlidar_ws/install/nav2_voxel_grid:/home/jucy/ydlidar_ws_11_29/ydlidar_ws/install/nav2_msgs:/home/jucy/ydlidar_ws_11_29/ydlidar_ws/install/nav2_common:/home/jucy/ydlidar_ws_11_29/install/ydlidar_ros2_driver:/home/jucy/ydlidar_ws_11_29/install/nav2_system_tests:/home/jucy/ydlidar_ws_11_29/install/myagv_navigation2:/home/jucy/ydlidar_ws_11_29/install/nav2_bringup:/home/jucy/ydlidar_ws_11_29/install/navigation2:/home/jucy/ydlidar_ws_11_29/install/smac_planner:/home/jucy/ydlidar_ws_11_29/install/nav2_dwb_controller:/home/jucy/ydlidar_ws_11_29/install/nav2_controller:/home/jucy/ydlidar_ws_11_29/install/dwb_plugins:/home/jucy/ydlidar_ws_11_29/install/dwb_critics:/home/jucy/ydlidar_ws_11_29/install/dwb_core:/home/jucy/ydlidar_ws_11_29/install/nav_2d_utils:/home/jucy/ydlidar_ws_11_29/install/dwb_msgs:/home/jucy/ydlidar_ws_11_29/install/nav_2d_msgs:/home/jucy/ydlidar_ws_11_29/install/nav2_waypoint_follower:/home/jucy/ydlidar_ws_11_29/install/nav2_regulated_pure_pursuit_controller:/home/jucy/ydlidar_ws_11_29/install/nav2_recoveries:/home/jucy/ydlidar_ws_11_29/install/nav2_planner:/home/jucy/ydlidar_ws_11_29/install/nav2_navfn_planner:/home/jucy/ydlidar_ws_11_29/install/nav2_core:/home/jucy/ydlidar_ws_11_29/install/costmap_queue:/home/jucy/ydlidar_ws_11_29/install/nav2_costmap_2d:/home/jucy/ydlidar_ws_11_29/install/nav2_voxel_grid:/home/jucy/ydlidar_ws_11_29/install/nav2_rviz_plugins:/home/jucy/ydlidar_ws_11_29/install/nav2_map_server:/home/jucy/ydlidar_ws_11_29/install/nav2_lifecycle_manager:/home/jucy/ydlidar_ws_11_29/install/nav2_bt_navigator:/home/jucy/ydlidar_ws_11_29/install/nav2_behavior_tree:/home/jucy/ydlidar_ws_11_29/install/nav2_amcl:/home/jucy/ydlidar_ws_11_29/install/nav2_util:/home/jucy/ydlidar_ws_11_29/install/nav2_msgs:/home/jucy/ydlidar_ws_11_29/install/nav2_common:/home/jucy/ydlidar_ws_11_29/install/myagv_bringup:/home/jucy/ydlidar_ws_11_29/install/myagv_description:/home/jucy/new_ws/install/myagv_description:/home/jucy/new_ws/install/aseembly:/home/jucy/turtlebot3_ws/install/turtlebot3:/home/jucy/turtlebot3_ws/install/turtlebot3_simulations:/home/jucy/turtlebot3_ws/install/turtlebot3_bringup:/home/jucy/turtlebot3_ws/install/turtlebot3_node:/home/jucy/turtlebot3_ws/install/turtlebot3_navigation2:/home/jucy/turtlebot3_ws/install/turtlebot3_fake_node:/home/jucy/turtlebot3_ws/install/turtlebot3_msgs:/home/jucy/turtlebot3_ws/install/turtlebot3_gazebo:/home/jucy/turtlebot3_ws/install/turtlebot3_description:/home/jucy/turtlebot3_ws/install/turtlebot3_cartographer:/home/jucy/turtlebot3_ws/install/dynamixel_sdk_examples:/home/jucy/turtlebot3_ws/install/dynamixel_sdk_custom_interfaces:/home/jucy/turtlebot3_ws/install/dynamixel_sdk:/home/jucy/ros2_ws/install/ps2_controller:/home/jucy/ydlidar_ros2_ws/install/ydlidar_ros2_driver:/home/jucy/ydlidar_ros2_ws/install/ps2_controller:/home/jucy/ydlidar_ros2_ws/install/myagv_navigation2:/home/jucy/ydlidar_ros2_ws/install/myagv_bringup:/home/jucy/ydlidar_ros2_ws/install/myagv_description:/home/jucy/ydlidar_ros2_wss/install/ydlidar_ros2_driver:/opt/ros/foxy:/opt/ros/foxy:/home/jucy/ydlidar_ws_11_29/install/nav2_gazebo_spawner:/home/jucy/ydlidar_ws_11_29/install/jdamr200_node:/home/jucy/turtlebot3_ws/install/turtlebot3_teleop:/home/jucy/turtlebot3_ws/install/turtlebot3_example:/home/jucy/turtlebot3_ws/install/nav2_goal_pulisher_test:/home/jucy/turtlebot3_ws/install/nav2_goal_publisher:/home/jucy/ros2_ws/install/camera_udp_communication:/home/jucy/ros2_ws/install/agv_control_py:/home/jucy/ydlidar_ros2_ws/install/jdamr200_teleop:/home/jucy/ydlidar_ros2_ws/install/jdamr200_node LD_LIBRARY_PATH=/home/jucy/ydlidar_ws_11_29/ydlidar_ws/install/nav2_costmap_2d/lib:/home/jucy/ydlidar_ws_11_29/ydlidar_ws/install/nav2_map_server/lib:/home/jucy/ydlidar_ws_11_29/ydlidar_ws/install/nav2_lifecycle_manager/lib:/home/jucy/ydlidar_ws_11_29/ydlidar_ws/install/nav2_behavior_tree/lib:/home/jucy/ydlidar_ws_11_29/ydlidar_ws/install/nav2_util/lib:/home/jucy/ydlidar_ws_11_29/ydlidar_ws/install/nav2_voxel_grid/lib:/home/jucy/ydlidar_ws_11_29/ydlidar_ws/install/nav2_msgs/lib:${LD_LIBRARY_PATH} PYTHONPATH=/home/jucy/ydlidar_ws_11_29/ydlidar_ws/install/nav2_msgs/lib/python3.8/site-packages:/home/jucy/ydlidar_ws_11_29/ydlidar_ws/install/nav2_common/lib/python3.8/site-packages:${PYTHONPATH} /usr/bin/cmake --build /home/jucy/ydlidar_ws_11_29/ydlidar_ws/build/nav2_recoveries -- -j12 -l12
[43.313s] [35m[1mScanning dependencies of target gtest[0m
[43.314s] [35m[1mScanning dependencies of target nav2_backup_recovery[0m
[43.314s] [35m[1mScanning dependencies of target recoveries_server_core[0m
[43.315s] [35m[1mScanning dependencies of target nav2_spin_recovery[0m
[43.315s] [35m[1mScanning dependencies of target gtest_main[0m
[43.315s] [35m[1mScanning dependencies of target nav2_wait_recovery[0m
[43.357s] [  6%] [32mBuilding CXX object gtest/CMakeFiles/gtest.dir/src/gtest-all.cc.o[0m
[43.372s] [ 12%] [32mBuilding CXX object gtest/CMakeFiles/gtest_main.dir/src/gtest_main.cc.o[0m
[43.462s] [ 18%] [32mBuilding CXX object CMakeFiles/recoveries_server_core.dir/src/recovery_server.cpp.o[0m
[43.483s] [ 25%] [32mBuilding CXX object CMakeFiles/nav2_spin_recovery.dir/plugins/spin.cpp.o[0m
[43.486s] [ 31%] [32mBuilding CXX object CMakeFiles/nav2_backup_recovery.dir/plugins/back_up.cpp.o[0m
[43.494s] [ 37%] [32mBuilding CXX object CMakeFiles/nav2_wait_recovery.dir/plugins/wait.cpp.o[0m
[44.826s] [ 43%] [32m[1mLinking CXX static library libgtest_main.a[0m
[44.915s] [ 43%] Built target gtest_main
[52.676s] [ 50%] [32m[1mLinking CXX shared library libnav2_wait_recovery.so[0m
[52.685s] [ 56%] [32m[1mLinking CXX shared library libnav2_backup_recovery.so[0m
[52.798s] [ 62%] [32m[1mLinking CXX shared library libnav2_spin_recovery.so[0m
[53.020s] [ 62%] Built target nav2_wait_recovery
[53.065s] [ 62%] Built target nav2_backup_recovery
[53.157s] [ 62%] Built target nav2_spin_recovery
[55.376s] [ 68%] [32m[1mLinking CXX static library libgtest.a[0m
[55.444s] [ 68%] Built target gtest
[55.464s] [35m[1mScanning dependencies of target test_recoveries[0m
[55.577s] [ 75%] [32mBuilding CXX object test/CMakeFiles/test_recoveries.dir/test_recoveries.cpp.o[0m
[57.650s] [ 81%] [32m[1mLinking CXX static library librecoveries_server_core.a[0m
[57.884s] [ 81%] Built target recoveries_server_core
[57.980s] [35m[1mScanning dependencies of target recoveries_server[0m
[58.226s] [ 87%] [32mBuilding CXX object CMakeFiles/recoveries_server.dir/src/main.cpp.o[0m
[67.550s] [ 93%] [32m[1mLinking CXX executable recoveries_server[0m
[68.299s] [ 93%] Built target recoveries_server
[76.913s] [100%] [32m[1mLinking CXX executable test_recoveries[0m
[77.584s] [100%] Built target test_recoveries
[77.613s] Invoked command in '/home/jucy/ydlidar_ws_11_29/ydlidar_ws/build/nav2_recoveries' returned '0': AMENT_PREFIX_PATH=/home/jucy/ydlidar_ws_11_29/ydlidar_ws/install/nav2_core:/home/jucy/ydlidar_ws_11_29/ydlidar_ws/install/nav2_costmap_2d:/home/jucy/ydlidar_ws_11_29/ydlidar_ws/install/nav2_map_server:/home/jucy/ydlidar_ws_11_29/ydlidar_ws/install/nav2_lifecycle_manager:/home/jucy/ydlidar_ws_11_29/ydlidar_ws/install/nav2_behavior_tree:/home/jucy/ydlidar_ws_11_29/ydlidar_ws/install/nav2_util:/home/jucy/ydlidar_ws_11_29/ydlidar_ws/install/nav2_voxel_grid:/home/jucy/ydlidar_ws_11_29/ydlidar_ws/install/nav2_msgs:/home/jucy/ydlidar_ws_11_29/ydlidar_ws/install/nav2_common:${AMENT_PREFIX_PATH} CMAKE_PREFIX_PATH=/home/jucy/ydlidar_ws_11_29/ydlidar_ws/install/nav2_core:/home/jucy/ydlidar_ws_11_29/ydlidar_ws/install/nav2_costmap_2d:/home/jucy/ydlidar_ws_11_29/ydlidar_ws/install/nav2_map_server:/home/jucy/ydlidar_ws_11_29/ydlidar_ws/install/nav2_lifecycle_manager:/home/jucy/ydlidar_ws_11_29/ydlidar_ws/install/nav2_behavior_tree:/home/jucy/ydlidar_ws_11_29/ydlidar_ws/install/nav2_util:/home/jucy/ydlidar_ws_11_29/ydlidar_ws/install/nav2_voxel_grid:/home/jucy/ydlidar_ws_11_29/ydlidar_ws/install/nav2_msgs:/home/jucy/ydlidar_ws_11_29/ydlidar_ws/install/nav2_common:/home/jucy/ydlidar_ws_11_29/install/ydlidar_ros2_driver:/home/jucy/ydlidar_ws_11_29/install/nav2_system_tests:/home/jucy/ydlidar_ws_11_29/install/myagv_navigation2:/home/jucy/ydlidar_ws_11_29/install/nav2_bringup:/home/jucy/ydlidar_ws_11_29/install/navigation2:/home/jucy/ydlidar_ws_11_29/install/smac_planner:/home/jucy/ydlidar_ws_11_29/install/nav2_dwb_controller:/home/jucy/ydlidar_ws_11_29/install/nav2_controller:/home/jucy/ydlidar_ws_11_29/install/dwb_plugins:/home/jucy/ydlidar_ws_11_29/install/dwb_critics:/home/jucy/ydlidar_ws_11_29/install/dwb_core:/home/jucy/ydlidar_ws_11_29/install/nav_2d_utils:/home/jucy/ydlidar_ws_11_29/install/dwb_msgs:/home/jucy/ydlidar_ws_11_29/install/nav_2d_msgs:/home/jucy/ydlidar_ws_11_29/install/nav2_waypoint_follower:/home/jucy/ydlidar_ws_11_29/install/nav2_regulated_pure_pursuit_controller:/home/jucy/ydlidar_ws_11_29/install/nav2_recoveries:/home/jucy/ydlidar_ws_11_29/install/nav2_planner:/home/jucy/ydlidar_ws_11_29/install/nav2_navfn_planner:/home/jucy/ydlidar_ws_11_29/install/nav2_core:/home/jucy/ydlidar_ws_11_29/install/costmap_queue:/home/jucy/ydlidar_ws_11_29/install/nav2_costmap_2d:/home/jucy/ydlidar_ws_11_29/install/nav2_voxel_grid:/home/jucy/ydlidar_ws_11_29/install/nav2_rviz_plugins:/home/jucy/ydlidar_ws_11_29/install/nav2_map_server:/home/jucy/ydlidar_ws_11_29/install/nav2_lifecycle_manager:/home/jucy/ydlidar_ws_11_29/install/nav2_bt_navigator:/home/jucy/ydlidar_ws_11_29/install/nav2_behavior_tree:/home/jucy/ydlidar_ws_11_29/install/nav2_amcl:/home/jucy/ydlidar_ws_11_29/install/nav2_util:/home/jucy/ydlidar_ws_11_29/install/nav2_msgs:/home/jucy/ydlidar_ws_11_29/install/nav2_common:/home/jucy/ydlidar_ws_11_29/install/myagv_bringup:/home/jucy/ydlidar_ws_11_29/install/myagv_description:/home/jucy/new_ws/install/myagv_description:/home/jucy/new_ws/install/aseembly:/home/jucy/turtlebot3_ws/install/turtlebot3:/home/jucy/turtlebot3_ws/install/turtlebot3_simulations:/home/jucy/turtlebot3_ws/install/turtlebot3_bringup:/home/jucy/turtlebot3_ws/install/turtlebot3_node:/home/jucy/turtlebot3_ws/install/turtlebot3_navigation2:/home/jucy/turtlebot3_ws/install/turtlebot3_fake_node:/home/jucy/turtlebot3_ws/install/turtlebot3_msgs:/home/jucy/turtlebot3_ws/install/turtlebot3_gazebo:/home/jucy/turtlebot3_ws/install/turtlebot3_description:/home/jucy/turtlebot3_ws/install/turtlebot3_cartographer:/home/jucy/turtlebot3_ws/install/dynamixel_sdk_examples:/home/jucy/turtlebot3_ws/install/dynamixel_sdk_custom_interfaces:/home/jucy/turtlebot3_ws/install/dynamixel_sdk:/home/jucy/ros2_ws/install/ps2_controller:/home/jucy/ydlidar_ros2_ws/install/ydlidar_ros2_driver:/home/jucy/ydlidar_ros2_ws/install/ps2_controller:/home/jucy/ydlidar_ros2_ws/install/myagv_navigation2:/home/jucy/ydlidar_ros2_ws/install/myagv_bringup:/home/jucy/ydlidar_ros2_ws/install/myagv_description:/home/jucy/ydlidar_ros2_wss/install/ydlidar_ros2_driver:/opt/ros/foxy:/opt/ros/foxy:/home/jucy/ydlidar_ws_11_29/install/nav2_gazebo_spawner:/home/jucy/ydlidar_ws_11_29/install/jdamr200_node:/home/jucy/turtlebot3_ws/install/turtlebot3_teleop:/home/jucy/turtlebot3_ws/install/turtlebot3_example:/home/jucy/turtlebot3_ws/install/nav2_goal_pulisher_test:/home/jucy/turtlebot3_ws/install/nav2_goal_publisher:/home/jucy/ros2_ws/install/camera_udp_communication:/home/jucy/ros2_ws/install/agv_control_py:/home/jucy/ydlidar_ros2_ws/install/jdamr200_teleop:/home/jucy/ydlidar_ros2_ws/install/jdamr200_node LD_LIBRARY_PATH=/home/jucy/ydlidar_ws_11_29/ydlidar_ws/install/nav2_costmap_2d/lib:/home/jucy/ydlidar_ws_11_29/ydlidar_ws/install/nav2_map_server/lib:/home/jucy/ydlidar_ws_11_29/ydlidar_ws/install/nav2_lifecycle_manager/lib:/home/jucy/ydlidar_ws_11_29/ydlidar_ws/install/nav2_behavior_tree/lib:/home/jucy/ydlidar_ws_11_29/ydlidar_ws/install/nav2_util/lib:/home/jucy/ydlidar_ws_11_29/ydlidar_ws/install/nav2_voxel_grid/lib:/home/jucy/ydlidar_ws_11_29/ydlidar_ws/install/nav2_msgs/lib:${LD_LIBRARY_PATH} PYTHONPATH=/home/jucy/ydlidar_ws_11_29/ydlidar_ws/install/nav2_msgs/lib/python3.8/site-packages:/home/jucy/ydlidar_ws_11_29/ydlidar_ws/install/nav2_common/lib/python3.8/site-packages:${PYTHONPATH} /usr/bin/cmake --build /home/jucy/ydlidar_ws_11_29/ydlidar_ws/build/nav2_recoveries -- -j12 -l12
[77.618s] Invoking command in '/home/jucy/ydlidar_ws_11_29/ydlidar_ws/build/nav2_recoveries': AMENT_PREFIX_PATH=/home/jucy/ydlidar_ws_11_29/ydlidar_ws/install/nav2_core:/home/jucy/ydlidar_ws_11_29/ydlidar_ws/install/nav2_costmap_2d:/home/jucy/ydlidar_ws_11_29/ydlidar_ws/install/nav2_map_server:/home/jucy/ydlidar_ws_11_29/ydlidar_ws/install/nav2_lifecycle_manager:/home/jucy/ydlidar_ws_11_29/ydlidar_ws/install/nav2_behavior_tree:/home/jucy/ydlidar_ws_11_29/ydlidar_ws/install/nav2_util:/home/jucy/ydlidar_ws_11_29/ydlidar_ws/install/nav2_voxel_grid:/home/jucy/ydlidar_ws_11_29/ydlidar_ws/install/nav2_msgs:/home/jucy/ydlidar_ws_11_29/ydlidar_ws/install/nav2_common:${AMENT_PREFIX_PATH} CMAKE_PREFIX_PATH=/home/jucy/ydlidar_ws_11_29/ydlidar_ws/install/nav2_core:/home/jucy/ydlidar_ws_11_29/ydlidar_ws/install/nav2_costmap_2d:/home/jucy/ydlidar_ws_11_29/ydlidar_ws/install/nav2_map_server:/home/jucy/ydlidar_ws_11_29/ydlidar_ws/install/nav2_lifecycle_manager:/home/jucy/ydlidar_ws_11_29/ydlidar_ws/install/nav2_behavior_tree:/home/jucy/ydlidar_ws_11_29/ydlidar_ws/install/nav2_util:/home/jucy/ydlidar_ws_11_29/ydlidar_ws/install/nav2_voxel_grid:/home/jucy/ydlidar_ws_11_29/ydlidar_ws/install/nav2_msgs:/home/jucy/ydlidar_ws_11_29/ydlidar_ws/install/nav2_common:/home/jucy/ydlidar_ws_11_29/install/ydlidar_ros2_driver:/home/jucy/ydlidar_ws_11_29/install/nav2_system_tests:/home/jucy/ydlidar_ws_11_29/install/myagv_navigation2:/home/jucy/ydlidar_ws_11_29/install/nav2_bringup:/home/jucy/ydlidar_ws_11_29/install/navigation2:/home/jucy/ydlidar_ws_11_29/install/smac_planner:/home/jucy/ydlidar_ws_11_29/install/nav2_dwb_controller:/home/jucy/ydlidar_ws_11_29/install/nav2_controller:/home/jucy/ydlidar_ws_11_29/install/dwb_plugins:/home/jucy/ydlidar_ws_11_29/install/dwb_critics:/home/jucy/ydlidar_ws_11_29/install/dwb_core:/home/jucy/ydlidar_ws_11_29/install/nav_2d_utils:/home/jucy/ydlidar_ws_11_29/install/dwb_msgs:/home/jucy/ydlidar_ws_11_29/install/nav_2d_msgs:/home/jucy/ydlidar_ws_11_29/install/nav2_waypoint_follower:/home/jucy/ydlidar_ws_11_29/install/nav2_regulated_pure_pursuit_controller:/home/jucy/ydlidar_ws_11_29/install/nav2_recoveries:/home/jucy/ydlidar_ws_11_29/install/nav2_planner:/home/jucy/ydlidar_ws_11_29/install/nav2_navfn_planner:/home/jucy/ydlidar_ws_11_29/install/nav2_core:/home/jucy/ydlidar_ws_11_29/install/costmap_queue:/home/jucy/ydlidar_ws_11_29/install/nav2_costmap_2d:/home/jucy/ydlidar_ws_11_29/install/nav2_voxel_grid:/home/jucy/ydlidar_ws_11_29/install/nav2_rviz_plugins:/home/jucy/ydlidar_ws_11_29/install/nav2_map_server:/home/jucy/ydlidar_ws_11_29/install/nav2_lifecycle_manager:/home/jucy/ydlidar_ws_11_29/install/nav2_bt_navigator:/home/jucy/ydlidar_ws_11_29/install/nav2_behavior_tree:/home/jucy/ydlidar_ws_11_29/install/nav2_amcl:/home/jucy/ydlidar_ws_11_29/install/nav2_util:/home/jucy/ydlidar_ws_11_29/install/nav2_msgs:/home/jucy/ydlidar_ws_11_29/install/nav2_common:/home/jucy/ydlidar_ws_11_29/install/myagv_bringup:/home/jucy/ydlidar_ws_11_29/install/myagv_description:/home/jucy/new_ws/install/myagv_description:/home/jucy/new_ws/install/aseembly:/home/jucy/turtlebot3_ws/install/turtlebot3:/home/jucy/turtlebot3_ws/install/turtlebot3_simulations:/home/jucy/turtlebot3_ws/install/turtlebot3_bringup:/home/jucy/turtlebot3_ws/install/turtlebot3_node:/home/jucy/turtlebot3_ws/install/turtlebot3_navigation2:/home/jucy/turtlebot3_ws/install/turtlebot3_fake_node:/home/jucy/turtlebot3_ws/install/turtlebot3_msgs:/home/jucy/turtlebot3_ws/install/turtlebot3_gazebo:/home/jucy/turtlebot3_ws/install/turtlebot3_description:/home/jucy/turtlebot3_ws/install/turtlebot3_cartographer:/home/jucy/turtlebot3_ws/install/dynamixel_sdk_examples:/home/jucy/turtlebot3_ws/install/dynamixel_sdk_custom_interfaces:/home/jucy/turtlebot3_ws/install/dynamixel_sdk:/home/jucy/ros2_ws/install/ps2_controller:/home/jucy/ydlidar_ros2_ws/install/ydlidar_ros2_driver:/home/jucy/ydlidar_ros2_ws/install/ps2_controller:/home/jucy/ydlidar_ros2_ws/install/myagv_navigation2:/home/jucy/ydlidar_ros2_ws/install/myagv_bringup:/home/jucy/ydlidar_ros2_ws/install/myagv_description:/home/jucy/ydlidar_ros2_wss/install/ydlidar_ros2_driver:/opt/ros/foxy:/opt/ros/foxy:/home/jucy/ydlidar_ws_11_29/install/nav2_gazebo_spawner:/home/jucy/ydlidar_ws_11_29/install/jdamr200_node:/home/jucy/turtlebot3_ws/install/turtlebot3_teleop:/home/jucy/turtlebot3_ws/install/turtlebot3_example:/home/jucy/turtlebot3_ws/install/nav2_goal_pulisher_test:/home/jucy/turtlebot3_ws/install/nav2_goal_publisher:/home/jucy/ros2_ws/install/camera_udp_communication:/home/jucy/ros2_ws/install/agv_control_py:/home/jucy/ydlidar_ros2_ws/install/jdamr200_teleop:/home/jucy/ydlidar_ros2_ws/install/jdamr200_node LD_LIBRARY_PATH=/home/jucy/ydlidar_ws_11_29/ydlidar_ws/install/nav2_costmap_2d/lib:/home/jucy/ydlidar_ws_11_29/ydlidar_ws/install/nav2_map_server/lib:/home/jucy/ydlidar_ws_11_29/ydlidar_ws/install/nav2_lifecycle_manager/lib:/home/jucy/ydlidar_ws_11_29/ydlidar_ws/install/nav2_behavior_tree/lib:/home/jucy/ydlidar_ws_11_29/ydlidar_ws/install/nav2_util/lib:/home/jucy/ydlidar_ws_11_29/ydlidar_ws/install/nav2_voxel_grid/lib:/home/jucy/ydlidar_ws_11_29/ydlidar_ws/install/nav2_msgs/lib:${LD_LIBRARY_PATH} PYTHONPATH=/home/jucy/ydlidar_ws_11_29/ydlidar_ws/install/nav2_msgs/lib/python3.8/site-packages:/home/jucy/ydlidar_ws_11_29/ydlidar_ws/install/nav2_common/lib/python3.8/site-packages:${PYTHONPATH} /usr/bin/cmake --install /home/jucy/ydlidar_ws_11_29/ydlidar_ws/build/nav2_recoveries
[77.642s] -- Install configuration: "Release"
[77.642s] -- Installing: /home/jucy/ydlidar_ws_11_29/ydlidar_ws/install/nav2_recoveries/share/nav2_recoveries/recovery_plugin.xml
[77.644s] -- Installing: /home/jucy/ydlidar_ws_11_29/ydlidar_ws/install/nav2_recoveries/lib/librecoveries_server_core.a
[77.645s] -- Installing: /home/jucy/ydlidar_ws_11_29/ydlidar_ws/install/nav2_recoveries/lib/libnav2_backup_recovery.so
[77.647s] -- Set runtime path of "/home/jucy/ydlidar_ws_11_29/ydlidar_ws/install/nav2_recoveries/lib/libnav2_backup_recovery.so" to ""
[77.647s] -- Installing: /home/jucy/ydlidar_ws_11_29/ydlidar_ws/install/nav2_recoveries/lib/libnav2_spin_recovery.so
[77.649s] -- Set runtime path of "/home/jucy/ydlidar_ws_11_29/ydlidar_ws/install/nav2_recoveries/lib/libnav2_spin_recovery.so" to ""
[77.649s] -- Installing: /home/jucy/ydlidar_ws_11_29/ydlidar_ws/install/nav2_recoveries/lib/libnav2_wait_recovery.so
[77.651s] -- Set runtime path of "/home/jucy/ydlidar_ws_11_29/ydlidar_ws/install/nav2_recoveries/lib/libnav2_wait_recovery.so" to ""
[77.651s] -- Installing: /home/jucy/ydlidar_ws_11_29/ydlidar_ws/install/nav2_recoveries/lib/nav2_recoveries/recoveries_server
[77.653s] -- Set runtime path of "/home/jucy/ydlidar_ws_11_29/ydlidar_ws/install/nav2_recoveries/lib/nav2_recoveries/recoveries_server" to ""
[77.653s] -- Installing: /home/jucy/ydlidar_ws_11_29/ydlidar_ws/install/nav2_recoveries/include/
[77.653s] -- Installing: /home/jucy/ydlidar_ws_11_29/ydlidar_ws/install/nav2_recoveries/include//nav2_recoveries
[77.653s] -- Installing: /home/jucy/ydlidar_ws_11_29/ydlidar_ws/install/nav2_recoveries/include//nav2_recoveries/recovery.hpp
[77.653s] -- Installing: /home/jucy/ydlidar_ws_11_29/ydlidar_ws/install/nav2_recoveries/include//nav2_recoveries/recovery_server.hpp
[77.654s] -- Up-to-date: /home/jucy/ydlidar_ws_11_29/ydlidar_ws/install/nav2_recoveries/share/nav2_recoveries/recovery_plugin.xml
[77.654s] -- Installing: /home/jucy/ydlidar_ws_11_29/ydlidar_ws/install/nav2_recoveries/share/nav2_recoveries/environment/library_path.sh
[77.654s] -- Installing: /home/jucy/ydlidar_ws_11_29/ydlidar_ws/install/nav2_recoveries/share/nav2_recoveries/environment/library_path.dsv
[77.654s] -- Installing: /home/jucy/ydlidar_ws_11_29/ydlidar_ws/install/nav2_recoveries/share/ament_index/resource_index/package_run_dependencies/nav2_recoveries
[77.654s] -- Installing: /home/jucy/ydlidar_ws_11_29/ydlidar_ws/install/nav2_recoveries/share/ament_index/resource_index/parent_prefix_path/nav2_recoveries
[77.655s] -- Installing: /home/jucy/ydlidar_ws_11_29/ydlidar_ws/install/nav2_recoveries/share/nav2_recoveries/environment/ament_prefix_path.sh
[77.655s] -- Installing: /home/jucy/ydlidar_ws_11_29/ydlidar_ws/install/nav2_recoveries/share/nav2_recoveries/environment/ament_prefix_path.dsv
[77.655s] -- Installing: /home/jucy/ydlidar_ws_11_29/ydlidar_ws/install/nav2_recoveries/share/nav2_recoveries/environment/path.sh
[77.656s] -- Installing: /home/jucy/ydlidar_ws_11_29/ydlidar_ws/install/nav2_recoveries/share/nav2_recoveries/environment/path.dsv
[77.656s] -- Installing: /home/jucy/ydlidar_ws_11_29/ydlidar_ws/install/nav2_recoveries/share/nav2_recoveries/local_setup.bash
[77.656s] -- Installing: /home/jucy/ydlidar_ws_11_29/ydlidar_ws/install/nav2_recoveries/share/nav2_recoveries/local_setup.sh
[77.656s] -- Installing: /home/jucy/ydlidar_ws_11_29/ydlidar_ws/install/nav2_recoveries/share/nav2_recoveries/local_setup.zsh
[77.657s] -- Installing: /home/jucy/ydlidar_ws_11_29/ydlidar_ws/install/nav2_recoveries/share/nav2_recoveries/local_setup.dsv
[77.658s] -- Installing: /home/jucy/ydlidar_ws_11_29/ydlidar_ws/install/nav2_recoveries/share/nav2_recoveries/package.dsv
[77.658s] -- Installing: /home/jucy/ydlidar_ws_11_29/ydlidar_ws/install/nav2_recoveries/share/ament_index/resource_index/packages/nav2_recoveries
[77.658s] -- Installing: /home/jucy/ydlidar_ws_11_29/ydlidar_ws/install/nav2_recoveries/share/ament_index/resource_index/nav2_core__pluginlib__plugin/nav2_recoveries
[77.659s] -- Installing: /home/jucy/ydlidar_ws_11_29/ydlidar_ws/install/nav2_recoveries/share/nav2_recoveries/cmake/ament_cmake_export_include_directories-extras.cmake
[77.659s] -- Installing: /home/jucy/ydlidar_ws_11_29/ydlidar_ws/install/nav2_recoveries/share/nav2_recoveries/cmake/ament_cmake_export_libraries-extras.cmake
[77.659s] -- Installing: /home/jucy/ydlidar_ws_11_29/ydlidar_ws/install/nav2_recoveries/share/nav2_recoveries/cmake/ament_cmake_export_definitions-extras.cmake
[77.659s] -- Installing: /home/jucy/ydlidar_ws_11_29/ydlidar_ws/install/nav2_recoveries/share/nav2_recoveries/cmake/nav2_recoveriesConfig.cmake
[77.660s] -- Installing: /home/jucy/ydlidar_ws_11_29/ydlidar_ws/install/nav2_recoveries/share/nav2_recoveries/cmake/nav2_recoveriesConfig-version.cmake
[77.660s] -- Installing: /home/jucy/ydlidar_ws_11_29/ydlidar_ws/install/nav2_recoveries/share/nav2_recoveries/package.xml
[77.665s] Invoked command in '/home/jucy/ydlidar_ws_11_29/ydlidar_ws/build/nav2_recoveries' returned '0': AMENT_PREFIX_PATH=/home/jucy/ydlidar_ws_11_29/ydlidar_ws/install/nav2_core:/home/jucy/ydlidar_ws_11_29/ydlidar_ws/install/nav2_costmap_2d:/home/jucy/ydlidar_ws_11_29/ydlidar_ws/install/nav2_map_server:/home/jucy/ydlidar_ws_11_29/ydlidar_ws/install/nav2_lifecycle_manager:/home/jucy/ydlidar_ws_11_29/ydlidar_ws/install/nav2_behavior_tree:/home/jucy/ydlidar_ws_11_29/ydlidar_ws/install/nav2_util:/home/jucy/ydlidar_ws_11_29/ydlidar_ws/install/nav2_voxel_grid:/home/jucy/ydlidar_ws_11_29/ydlidar_ws/install/nav2_msgs:/home/jucy/ydlidar_ws_11_29/ydlidar_ws/install/nav2_common:${AMENT_PREFIX_PATH} CMAKE_PREFIX_PATH=/home/jucy/ydlidar_ws_11_29/ydlidar_ws/install/nav2_core:/home/jucy/ydlidar_ws_11_29/ydlidar_ws/install/nav2_costmap_2d:/home/jucy/ydlidar_ws_11_29/ydlidar_ws/install/nav2_map_server:/home/jucy/ydlidar_ws_11_29/ydlidar_ws/install/nav2_lifecycle_manager:/home/jucy/ydlidar_ws_11_29/ydlidar_ws/install/nav2_behavior_tree:/home/jucy/ydlidar_ws_11_29/ydlidar_ws/install/nav2_util:/home/jucy/ydlidar_ws_11_29/ydlidar_ws/install/nav2_voxel_grid:/home/jucy/ydlidar_ws_11_29/ydlidar_ws/install/nav2_msgs:/home/jucy/ydlidar_ws_11_29/ydlidar_ws/install/nav2_common:/home/jucy/ydlidar_ws_11_29/install/ydlidar_ros2_driver:/home/jucy/ydlidar_ws_11_29/install/nav2_system_tests:/home/jucy/ydlidar_ws_11_29/install/myagv_navigation2:/home/jucy/ydlidar_ws_11_29/install/nav2_bringup:/home/jucy/ydlidar_ws_11_29/install/navigation2:/home/jucy/ydlidar_ws_11_29/install/smac_planner:/home/jucy/ydlidar_ws_11_29/install/nav2_dwb_controller:/home/jucy/ydlidar_ws_11_29/install/nav2_controller:/home/jucy/ydlidar_ws_11_29/install/dwb_plugins:/home/jucy/ydlidar_ws_11_29/install/dwb_critics:/home/jucy/ydlidar_ws_11_29/install/dwb_core:/home/jucy/ydlidar_ws_11_29/install/nav_2d_utils:/home/jucy/ydlidar_ws_11_29/install/dwb_msgs:/home/jucy/ydlidar_ws_11_29/install/nav_2d_msgs:/home/jucy/ydlidar_ws_11_29/install/nav2_waypoint_follower:/home/jucy/ydlidar_ws_11_29/install/nav2_regulated_pure_pursuit_controller:/home/jucy/ydlidar_ws_11_29/install/nav2_recoveries:/home/jucy/ydlidar_ws_11_29/install/nav2_planner:/home/jucy/ydlidar_ws_11_29/install/nav2_navfn_planner:/home/jucy/ydlidar_ws_11_29/install/nav2_core:/home/jucy/ydlidar_ws_11_29/install/costmap_queue:/home/jucy/ydlidar_ws_11_29/install/nav2_costmap_2d:/home/jucy/ydlidar_ws_11_29/install/nav2_voxel_grid:/home/jucy/ydlidar_ws_11_29/install/nav2_rviz_plugins:/home/jucy/ydlidar_ws_11_29/install/nav2_map_server:/home/jucy/ydlidar_ws_11_29/install/nav2_lifecycle_manager:/home/jucy/ydlidar_ws_11_29/install/nav2_bt_navigator:/home/jucy/ydlidar_ws_11_29/install/nav2_behavior_tree:/home/jucy/ydlidar_ws_11_29/install/nav2_amcl:/home/jucy/ydlidar_ws_11_29/install/nav2_util:/home/jucy/ydlidar_ws_11_29/install/nav2_msgs:/home/jucy/ydlidar_ws_11_29/install/nav2_common:/home/jucy/ydlidar_ws_11_29/install/myagv_bringup:/home/jucy/ydlidar_ws_11_29/install/myagv_description:/home/jucy/new_ws/install/myagv_description:/home/jucy/new_ws/install/aseembly:/home/jucy/turtlebot3_ws/install/turtlebot3:/home/jucy/turtlebot3_ws/install/turtlebot3_simulations:/home/jucy/turtlebot3_ws/install/turtlebot3_bringup:/home/jucy/turtlebot3_ws/install/turtlebot3_node:/home/jucy/turtlebot3_ws/install/turtlebot3_navigation2:/home/jucy/turtlebot3_ws/install/turtlebot3_fake_node:/home/jucy/turtlebot3_ws/install/turtlebot3_msgs:/home/jucy/turtlebot3_ws/install/turtlebot3_gazebo:/home/jucy/turtlebot3_ws/install/turtlebot3_description:/home/jucy/turtlebot3_ws/install/turtlebot3_cartographer:/home/jucy/turtlebot3_ws/install/dynamixel_sdk_examples:/home/jucy/turtlebot3_ws/install/dynamixel_sdk_custom_interfaces:/home/jucy/turtlebot3_ws/install/dynamixel_sdk:/home/jucy/ros2_ws/install/ps2_controller:/home/jucy/ydlidar_ros2_ws/install/ydlidar_ros2_driver:/home/jucy/ydlidar_ros2_ws/install/ps2_controller:/home/jucy/ydlidar_ros2_ws/install/myagv_navigation2:/home/jucy/ydlidar_ros2_ws/install/myagv_bringup:/home/jucy/ydlidar_ros2_ws/install/myagv_description:/home/jucy/ydlidar_ros2_wss/install/ydlidar_ros2_driver:/opt/ros/foxy:/opt/ros/foxy:/home/jucy/ydlidar_ws_11_29/install/nav2_gazebo_spawner:/home/jucy/ydlidar_ws_11_29/install/jdamr200_node:/home/jucy/turtlebot3_ws/install/turtlebot3_teleop:/home/jucy/turtlebot3_ws/install/turtlebot3_example:/home/jucy/turtlebot3_ws/install/nav2_goal_pulisher_test:/home/jucy/turtlebot3_ws/install/nav2_goal_publisher:/home/jucy/ros2_ws/install/camera_udp_communication:/home/jucy/ros2_ws/install/agv_control_py:/home/jucy/ydlidar_ros2_ws/install/jdamr200_teleop:/home/jucy/ydlidar_ros2_ws/install/jdamr200_node LD_LIBRARY_PATH=/home/jucy/ydlidar_ws_11_29/ydlidar_ws/install/nav2_costmap_2d/lib:/home/jucy/ydlidar_ws_11_29/ydlidar_ws/install/nav2_map_server/lib:/home/jucy/ydlidar_ws_11_29/ydlidar_ws/install/nav2_lifecycle_manager/lib:/home/jucy/ydlidar_ws_11_29/ydlidar_ws/install/nav2_behavior_tree/lib:/home/jucy/ydlidar_ws_11_29/ydlidar_ws/install/nav2_util/lib:/home/jucy/ydlidar_ws_11_29/ydlidar_ws/install/nav2_voxel_grid/lib:/home/jucy/ydlidar_ws_11_29/ydlidar_ws/install/nav2_msgs/lib:${LD_LIBRARY_PATH} PYTHONPATH=/home/jucy/ydlidar_ws_11_29/ydlidar_ws/install/nav2_msgs/lib/python3.8/site-packages:/home/jucy/ydlidar_ws_11_29/ydlidar_ws/install/nav2_common/lib/python3.8/site-packages:${PYTHONPATH} /usr/bin/cmake --install /home/jucy/ydlidar_ws_11_29/ydlidar_ws/build/nav2_recoveries
