[0.213s] DEBUG:colcon:Command line arguments: ['/usr/bin/colcon', 'build']
[0.213s] DEBUG:colcon:Parsed command line arguments: Namespace(allow_overriding=[], ament_cmake_args=None, base_paths=['.'], build_base='build', catkin_cmake_args=None, catkin_skip_building_tests=False, cmake_args=None, cmake_clean_cache=False, cmake_clean_first=False, cmake_force_configure=False, cmake_target=None, cmake_target_skip_unavailable=False, continue_on_error=False, event_handlers=None, executor='parallel', ignore_user_meta=False, install_base='install', log_base=None, log_level=None, main=<bound method BuildVerb.main of <colcon_core.verb.build.BuildVerb object at 0x7f742618e430>>, merge_install=False, metas=['./colcon.meta'], packages_above=None, packages_above_and_dependencies=None, packages_above_depth=None, packages_end=None, packages_ignore=None, packages_ignore_regex=None, packages_select=None, packages_select_build_failed=False, packages_select_by_dep=None, packages_select_regex=None, packages_select_test_failures=False, packages_skip=None, packages_skip_build_finished=False, packages_skip_by_dep=None, packages_skip_regex=None, packages_skip_test_passed=False, packages_skip_up_to=None, packages_start=None, packages_up_to=None, packages_up_to_regex=None, parallel_workers=12, paths=None, symlink_install=False, test_result_base=None, verb_extension=<colcon_core.verb.build.BuildVerb object at 0x7f742618e430>, verb_name='build', verb_parser=<colcon_defaults.argument_parser.defaults.DefaultArgumentsDecorator object at 0x7f742618e910>)
[0.363s] Level 1:colcon.colcon_core.package_discovery:discover_packages(colcon_meta) check parameters
[0.363s] Level 1:colcon.colcon_core.package_discovery:discover_packages(recursive) check parameters
[0.363s] Level 1:colcon.colcon_core.package_discovery:discover_packages(ignore) check parameters
[0.364s] Level 1:colcon.colcon_core.package_discovery:discover_packages(path) check parameters
[0.364s] Level 1:colcon.colcon_core.package_discovery:discover_packages(colcon_meta) discover
[0.364s] Level 1:colcon.colcon_core.package_discovery:discover_packages(recursive) discover
[0.364s] INFO:colcon.colcon_core.package_discovery:Crawling recursively for packages in '/home/jucy/ydlidar_ws_11_29/ydlidar_ws'
[0.364s] Level 1:colcon.colcon_core.package_identification:_identify(.) by extensions ['ignore', 'ignore_ament_install']
[0.364s] Level 1:colcon.colcon_core.package_identification:_identify(.) by extension 'ignore'
[0.364s] Level 1:colcon.colcon_core.package_identification:_identify(.) by extension 'ignore_ament_install'
[0.364s] Level 1:colcon.colcon_core.package_identification:_identify(.) by extensions ['colcon_pkg']
[0.364s] Level 1:colcon.colcon_core.package_identification:_identify(.) by extension 'colcon_pkg'
[0.364s] Level 1:colcon.colcon_core.package_identification:_identify(.) by extensions ['colcon_meta']
[0.364s] Level 1:colcon.colcon_core.package_identification:_identify(.) by extension 'colcon_meta'
[0.364s] Level 1:colcon.colcon_core.package_identification:_identify(.) by extensions ['ros']
[0.364s] Level 1:colcon.colcon_core.package_identification:_identify(.) by extension 'ros'
[0.375s] Level 1:colcon.colcon_core.package_identification:_identify(.) by extensions ['cmake', 'python']
[0.375s] Level 1:colcon.colcon_core.package_identification:_identify(.) by extension 'cmake'
[0.375s] Level 1:colcon.colcon_core.package_identification:_identify(.) by extension 'python'
[0.375s] Level 1:colcon.colcon_core.package_identification:_identify(.) by extensions ['python_setup_py']
[0.375s] Level 1:colcon.colcon_core.package_identification:_identify(.) by extension 'python_setup_py'
[0.375s] Level 1:colcon.colcon_core.package_identification:_identify(build) by extensions ['ignore', 'ignore_ament_install']
[0.375s] Level 1:colcon.colcon_core.package_identification:_identify(build) by extension 'ignore'
[0.375s] Level 1:colcon.colcon_core.package_identification:_identify(build) ignored
[0.375s] Level 1:colcon.colcon_core.package_identification:_identify(install) by extensions ['ignore', 'ignore_ament_install']
[0.375s] Level 1:colcon.colcon_core.package_identification:_identify(install) by extension 'ignore'
[0.375s] Level 1:colcon.colcon_core.package_identification:_identify(install) ignored
[0.375s] Level 1:colcon.colcon_core.package_identification:_identify(log) by extensions ['ignore', 'ignore_ament_install']
[0.375s] Level 1:colcon.colcon_core.package_identification:_identify(log) by extension 'ignore'
[0.375s] Level 1:colcon.colcon_core.package_identification:_identify(log) ignored
[0.376s] Level 1:colcon.colcon_core.package_identification:_identify(src) by extensions ['ignore', 'ignore_ament_install']
[0.376s] Level 1:colcon.colcon_core.package_identification:_identify(src) by extension 'ignore'
[0.376s] Level 1:colcon.colcon_core.package_identification:_identify(src) by extension 'ignore_ament_install'
[0.376s] Level 1:colcon.colcon_core.package_identification:_identify(src) by extensions ['colcon_pkg']
[0.376s] Level 1:colcon.colcon_core.package_identification:_identify(src) by extension 'colcon_pkg'
[0.376s] Level 1:colcon.colcon_core.package_identification:_identify(src) by extensions ['colcon_meta']
[0.376s] Level 1:colcon.colcon_core.package_identification:_identify(src) by extension 'colcon_meta'
[0.376s] Level 1:colcon.colcon_core.package_identification:_identify(src) by extensions ['ros']
[0.376s] Level 1:colcon.colcon_core.package_identification:_identify(src) by extension 'ros'
[0.376s] Level 1:colcon.colcon_core.package_identification:_identify(src) by extensions ['cmake', 'python']
[0.376s] Level 1:colcon.colcon_core.package_identification:_identify(src) by extension 'cmake'
[0.376s] Level 1:colcon.colcon_core.package_identification:_identify(src) by extension 'python'
[0.376s] Level 1:colcon.colcon_core.package_identification:_identify(src) by extensions ['python_setup_py']
[0.376s] Level 1:colcon.colcon_core.package_identification:_identify(src) by extension 'python_setup_py'
[0.376s] Level 1:colcon.colcon_core.package_identification:_identify(src/jdamr200_node) by extensions ['ignore', 'ignore_ament_install']
[0.376s] Level 1:colcon.colcon_core.package_identification:_identify(src/jdamr200_node) by extension 'ignore'
[0.376s] Level 1:colcon.colcon_core.package_identification:_identify(src/jdamr200_node) by extension 'ignore_ament_install'
[0.376s] Level 1:colcon.colcon_core.package_identification:_identify(src/jdamr200_node) by extensions ['colcon_pkg']
[0.376s] Level 1:colcon.colcon_core.package_identification:_identify(src/jdamr200_node) by extension 'colcon_pkg'
[0.376s] Level 1:colcon.colcon_core.package_identification:_identify(src/jdamr200_node) by extensions ['colcon_meta']
[0.376s] Level 1:colcon.colcon_core.package_identification:_identify(src/jdamr200_node) by extension 'colcon_meta'
[0.376s] Level 1:colcon.colcon_core.package_identification:_identify(src/jdamr200_node) by extensions ['ros']
[0.376s] Level 1:colcon.colcon_core.package_identification:_identify(src/jdamr200_node) by extension 'ros'
[0.379s] DEBUG:colcon.colcon_core.package_identification:Package 'src/jdamr200_node' with type 'ros.ament_python' and name 'jdamr200_node'
[0.379s] Level 1:colcon.colcon_core.package_identification:_identify(src/myagv_bringup) by extensions ['ignore', 'ignore_ament_install']
[0.379s] Level 1:colcon.colcon_core.package_identification:_identify(src/myagv_bringup) by extension 'ignore'
[0.379s] Level 1:colcon.colcon_core.package_identification:_identify(src/myagv_bringup) by extension 'ignore_ament_install'
[0.379s] Level 1:colcon.colcon_core.package_identification:_identify(src/myagv_bringup) by extensions ['colcon_pkg']
[0.379s] Level 1:colcon.colcon_core.package_identification:_identify(src/myagv_bringup) by extension 'colcon_pkg'
[0.379s] Level 1:colcon.colcon_core.package_identification:_identify(src/myagv_bringup) by extensions ['colcon_meta']
[0.379s] Level 1:colcon.colcon_core.package_identification:_identify(src/myagv_bringup) by extension 'colcon_meta'
[0.379s] Level 1:colcon.colcon_core.package_identification:_identify(src/myagv_bringup) by extensions ['ros']
[0.379s] Level 1:colcon.colcon_core.package_identification:_identify(src/myagv_bringup) by extension 'ros'
[0.379s] DEBUG:colcon.colcon_core.package_identification:Package 'src/myagv_bringup' with type 'ros.ament_cmake' and name 'myagv_bringup'
[0.380s] Level 1:colcon.colcon_core.package_identification:_identify(src/myagv_description) by extensions ['ignore', 'ignore_ament_install']
[0.380s] Level 1:colcon.colcon_core.package_identification:_identify(src/myagv_description) by extension 'ignore'
[0.380s] Level 1:colcon.colcon_core.package_identification:_identify(src/myagv_description) by extension 'ignore_ament_install'
[0.380s] Level 1:colcon.colcon_core.package_identification:_identify(src/myagv_description) by extensions ['colcon_pkg']
[0.380s] Level 1:colcon.colcon_core.package_identification:_identify(src/myagv_description) by extension 'colcon_pkg'
[0.380s] Level 1:colcon.colcon_core.package_identification:_identify(src/myagv_description) by extensions ['colcon_meta']
[0.380s] Level 1:colcon.colcon_core.package_identification:_identify(src/myagv_description) by extension 'colcon_meta'
[0.380s] Level 1:colcon.colcon_core.package_identification:_identify(src/myagv_description) by extensions ['ros']
[0.380s] Level 1:colcon.colcon_core.package_identification:_identify(src/myagv_description) by extension 'ros'
[0.380s] DEBUG:colcon.colcon_core.package_identification:Package 'src/myagv_description' with type 'ros.ament_cmake' and name 'myagv_description'
[0.381s] Level 1:colcon.colcon_core.package_identification:_identify(src/myagv_navigation2) by extensions ['ignore', 'ignore_ament_install']
[0.381s] Level 1:colcon.colcon_core.package_identification:_identify(src/myagv_navigation2) by extension 'ignore'
[0.381s] Level 1:colcon.colcon_core.package_identification:_identify(src/myagv_navigation2) by extension 'ignore_ament_install'
[0.381s] Level 1:colcon.colcon_core.package_identification:_identify(src/myagv_navigation2) by extensions ['colcon_pkg']
[0.381s] Level 1:colcon.colcon_core.package_identification:_identify(src/myagv_navigation2) by extension 'colcon_pkg'
[0.381s] Level 1:colcon.colcon_core.package_identification:_identify(src/myagv_navigation2) by extensions ['colcon_meta']
[0.381s] Level 1:colcon.colcon_core.package_identification:_identify(src/myagv_navigation2) by extension 'colcon_meta'
[0.381s] Level 1:colcon.colcon_core.package_identification:_identify(src/myagv_navigation2) by extensions ['ros']
[0.381s] Level 1:colcon.colcon_core.package_identification:_identify(src/myagv_navigation2) by extension 'ros'
[0.381s] DEBUG:colcon.colcon_core.package_identification:Package 'src/myagv_navigation2' with type 'ros.ament_cmake' and name 'myagv_navigation2'
[0.381s] Level 1:colcon.colcon_core.package_identification:_identify(src/ydlidar_ros2_driver) by extensions ['ignore', 'ignore_ament_install']
[0.382s] Level 1:colcon.colcon_core.package_identification:_identify(src/ydlidar_ros2_driver) by extension 'ignore'
[0.382s] Level 1:colcon.colcon_core.package_identification:_identify(src/ydlidar_ros2_driver) by extension 'ignore_ament_install'
[0.382s] Level 1:colcon.colcon_core.package_identification:_identify(src/ydlidar_ros2_driver) by extensions ['colcon_pkg']
[0.382s] Level 1:colcon.colcon_core.package_identification:_identify(src/ydlidar_ros2_driver) by extension 'colcon_pkg'
[0.382s] Level 1:colcon.colcon_core.package_identification:_identify(src/ydlidar_ros2_driver) by extensions ['colcon_meta']
[0.382s] Level 1:colcon.colcon_core.package_identification:_identify(src/ydlidar_ros2_driver) by extension 'colcon_meta'
[0.382s] Level 1:colcon.colcon_core.package_identification:_identify(src/ydlidar_ros2_driver) by extensions ['ros']
[0.382s] Level 1:colcon.colcon_core.package_identification:_identify(src/ydlidar_ros2_driver) by extension 'ros'
[0.382s] DEBUG:colcon.colcon_core.package_identification:Package 'src/ydlidar_ros2_driver' with type 'ros.ament_cmake' and name 'ydlidar_ros2_driver'
[0.383s] Level 1:colcon.colcon_core.package_discovery:discover_packages(recursive) using defaults
[0.383s] Level 1:colcon.colcon_core.package_discovery:discover_packages(ignore) discover
[0.383s] Level 1:colcon.colcon_core.package_discovery:discover_packages(ignore) using defaults
[0.383s] Level 1:colcon.colcon_core.package_discovery:discover_packages(path) discover
[0.383s] Level 1:colcon.colcon_core.package_discovery:discover_packages(path) using defaults
[0.399s] Level 1:colcon.colcon_core.package_discovery:discover_packages(prefix_path) check parameters
[0.399s] Level 1:colcon.colcon_core.package_discovery:discover_packages(prefix_path) discover
[0.406s] DEBUG:colcon.colcon_installed_package_information.package_discovery:Found 36 installed packages in /home/jucy/ydlidar_ws_11_29/ydlidar_ws/install
[0.407s] DEBUG:colcon.colcon_installed_package_information.package_discovery:Found 36 installed packages in /home/jucy/ydlidar_ws_11_29/install
[0.409s] DEBUG:colcon.colcon_installed_package_information.package_discovery:Found 2 installed packages in /home/jucy/new_ws/install
[0.410s] DEBUG:colcon.colcon_installed_package_information.package_discovery:Found 17 installed packages in /home/jucy/turtlebot3_ws/install
[0.411s] DEBUG:colcon.colcon_installed_package_information.package_discovery:Found 35 installed packages in /home/jucy/ros2_ws/install
[0.415s] DEBUG:colcon.colcon_installed_package_information.package_discovery:Found 7 installed packages in /home/jucy/ydlidar_ros2_ws/install
[0.416s] DEBUG:colcon.colcon_installed_package_information.package_discovery:Found 1 installed packages in /home/jucy/ydlidar_ros2_wss/install
[0.417s] DEBUG:colcon.colcon_installed_package_information.package_discovery:Found 335 installed packages in /opt/ros/foxy
[0.429s] Level 1:colcon.colcon_core.package_discovery:discover_packages(prefix_path) using defaults
[0.503s] Level 5:colcon.colcon_core.verb:set package 'jdamr200_node' build argument 'cmake_args' from command line to 'None'
[0.503s] Level 5:colcon.colcon_core.verb:set package 'jdamr200_node' build argument 'cmake_target' from command line to 'None'
[0.503s] Level 5:colcon.colcon_core.verb:set package 'jdamr200_node' build argument 'cmake_target_skip_unavailable' from command line to 'False'
[0.503s] Level 5:colcon.colcon_core.verb:set package 'jdamr200_node' build argument 'cmake_clean_cache' from command line to 'False'
[0.503s] Level 5:colcon.colcon_core.verb:set package 'jdamr200_node' build argument 'cmake_clean_first' from command line to 'False'
[0.503s] Level 5:colcon.colcon_core.verb:set package 'jdamr200_node' build argument 'cmake_force_configure' from command line to 'False'
[0.503s] Level 5:colcon.colcon_core.verb:set package 'jdamr200_node' build argument 'ament_cmake_args' from command line to 'None'
[0.503s] Level 5:colcon.colcon_core.verb:set package 'jdamr200_node' build argument 'catkin_cmake_args' from command line to 'None'
[0.503s] Level 5:colcon.colcon_core.verb:set package 'jdamr200_node' build argument 'catkin_skip_building_tests' from command line to 'False'
[0.503s] DEBUG:colcon.colcon_core.verb:Building package 'jdamr200_node' with the following arguments: {'ament_cmake_args': None, 'build_base': '/home/jucy/ydlidar_ws_11_29/ydlidar_ws/build/jdamr200_node', 'catkin_cmake_args': None, 'catkin_skip_building_tests': False, 'cmake_args': None, 'cmake_clean_cache': False, 'cmake_clean_first': False, 'cmake_force_configure': False, 'cmake_target': None, 'cmake_target_skip_unavailable': False, 'install_base': '/home/jucy/ydlidar_ws_11_29/ydlidar_ws/install/jdamr200_node', 'merge_install': False, 'path': '/home/jucy/ydlidar_ws_11_29/ydlidar_ws/src/jdamr200_node', 'symlink_install': False, 'test_result_base': None}
[0.503s] Level 5:colcon.colcon_core.verb:set package 'myagv_description' build argument 'cmake_args' from command line to 'None'
[0.503s] Level 5:colcon.colcon_core.verb:set package 'myagv_description' build argument 'cmake_target' from command line to 'None'
[0.503s] Level 5:colcon.colcon_core.verb:set package 'myagv_description' build argument 'cmake_target_skip_unavailable' from command line to 'False'
[0.503s] Level 5:colcon.colcon_core.verb:set package 'myagv_description' build argument 'cmake_clean_cache' from command line to 'False'
[0.503s] Level 5:colcon.colcon_core.verb:set package 'myagv_description' build argument 'cmake_clean_first' from command line to 'False'
[0.503s] Level 5:colcon.colcon_core.verb:set package 'myagv_description' build argument 'cmake_force_configure' from command line to 'False'
[0.503s] Level 5:colcon.colcon_core.verb:set package 'myagv_description' build argument 'ament_cmake_args' from command line to 'None'
[0.503s] Level 5:colcon.colcon_core.verb:set package 'myagv_description' build argument 'catkin_cmake_args' from command line to 'None'
[0.503s] Level 5:colcon.colcon_core.verb:set package 'myagv_description' build argument 'catkin_skip_building_tests' from command line to 'False'
[0.503s] DEBUG:colcon.colcon_core.verb:Building package 'myagv_description' with the following arguments: {'ament_cmake_args': None, 'build_base': '/home/jucy/ydlidar_ws_11_29/ydlidar_ws/build/myagv_description', 'catkin_cmake_args': None, 'catkin_skip_building_tests': False, 'cmake_args': None, 'cmake_clean_cache': False, 'cmake_clean_first': False, 'cmake_force_configure': False, 'cmake_target': None, 'cmake_target_skip_unavailable': False, 'install_base': '/home/jucy/ydlidar_ws_11_29/ydlidar_ws/install/myagv_description', 'merge_install': False, 'path': '/home/jucy/ydlidar_ws_11_29/ydlidar_ws/src/myagv_description', 'symlink_install': False, 'test_result_base': None}
[0.504s] Level 5:colcon.colcon_core.verb:set package 'myagv_navigation2' build argument 'cmake_args' from command line to 'None'
[0.504s] Level 5:colcon.colcon_core.verb:set package 'myagv_navigation2' build argument 'cmake_target' from command line to 'None'
[0.504s] Level 5:colcon.colcon_core.verb:set package 'myagv_navigation2' build argument 'cmake_target_skip_unavailable' from command line to 'False'
[0.504s] Level 5:colcon.colcon_core.verb:set package 'myagv_navigation2' build argument 'cmake_clean_cache' from command line to 'False'
[0.504s] Level 5:colcon.colcon_core.verb:set package 'myagv_navigation2' build argument 'cmake_clean_first' from command line to 'False'
[0.504s] Level 5:colcon.colcon_core.verb:set package 'myagv_navigation2' build argument 'cmake_force_configure' from command line to 'False'
[0.504s] Level 5:colcon.colcon_core.verb:set package 'myagv_navigation2' build argument 'ament_cmake_args' from command line to 'None'
[0.504s] Level 5:colcon.colcon_core.verb:set package 'myagv_navigation2' build argument 'catkin_cmake_args' from command line to 'None'
[0.504s] Level 5:colcon.colcon_core.verb:set package 'myagv_navigation2' build argument 'catkin_skip_building_tests' from command line to 'False'
[0.504s] DEBUG:colcon.colcon_core.verb:Building package 'myagv_navigation2' with the following arguments: {'ament_cmake_args': None, 'build_base': '/home/jucy/ydlidar_ws_11_29/ydlidar_ws/build/myagv_navigation2', 'catkin_cmake_args': None, 'catkin_skip_building_tests': False, 'cmake_args': None, 'cmake_clean_cache': False, 'cmake_clean_first': False, 'cmake_force_configure': False, 'cmake_target': None, 'cmake_target_skip_unavailable': False, 'install_base': '/home/jucy/ydlidar_ws_11_29/ydlidar_ws/install/myagv_navigation2', 'merge_install': False, 'path': '/home/jucy/ydlidar_ws_11_29/ydlidar_ws/src/myagv_navigation2', 'symlink_install': False, 'test_result_base': None}
[0.504s] Level 5:colcon.colcon_core.verb:set package 'ydlidar_ros2_driver' build argument 'cmake_args' from command line to 'None'
[0.504s] Level 5:colcon.colcon_core.verb:set package 'ydlidar_ros2_driver' build argument 'cmake_target' from command line to 'None'
[0.504s] Level 5:colcon.colcon_core.verb:set package 'ydlidar_ros2_driver' build argument 'cmake_target_skip_unavailable' from command line to 'False'
[0.504s] Level 5:colcon.colcon_core.verb:set package 'ydlidar_ros2_driver' build argument 'cmake_clean_cache' from command line to 'False'
[0.504s] Level 5:colcon.colcon_core.verb:set package 'ydlidar_ros2_driver' build argument 'cmake_clean_first' from command line to 'False'
[0.504s] Level 5:colcon.colcon_core.verb:set package 'ydlidar_ros2_driver' build argument 'cmake_force_configure' from command line to 'False'
[0.504s] Level 5:colcon.colcon_core.verb:set package 'ydlidar_ros2_driver' build argument 'ament_cmake_args' from command line to 'None'
[0.504s] Level 5:colcon.colcon_core.verb:set package 'ydlidar_ros2_driver' build argument 'catkin_cmake_args' from command line to 'None'
[0.504s] Level 5:colcon.colcon_core.verb:set package 'ydlidar_ros2_driver' build argument 'catkin_skip_building_tests' from command line to 'False'
[0.505s] DEBUG:colcon.colcon_core.verb:Building package 'ydlidar_ros2_driver' with the following arguments: {'ament_cmake_args': None, 'build_base': '/home/jucy/ydlidar_ws_11_29/ydlidar_ws/build/ydlidar_ros2_driver', 'catkin_cmake_args': None, 'catkin_skip_building_tests': False, 'cmake_args': None, 'cmake_clean_cache': False, 'cmake_clean_first': False, 'cmake_force_configure': False, 'cmake_target': None, 'cmake_target_skip_unavailable': False, 'install_base': '/home/jucy/ydlidar_ws_11_29/ydlidar_ws/install/ydlidar_ros2_driver', 'merge_install': False, 'path': '/home/jucy/ydlidar_ws_11_29/ydlidar_ws/src/ydlidar_ros2_driver', 'symlink_install': False, 'test_result_base': None}
[0.505s] Level 5:colcon.colcon_core.verb:set package 'myagv_bringup' build argument 'cmake_args' from command line to 'None'
[0.505s] Level 5:colcon.colcon_core.verb:set package 'myagv_bringup' build argument 'cmake_target' from command line to 'None'
[0.505s] Level 5:colcon.colcon_core.verb:set package 'myagv_bringup' build argument 'cmake_target_skip_unavailable' from command line to 'False'
[0.505s] Level 5:colcon.colcon_core.verb:set package 'myagv_bringup' build argument 'cmake_clean_cache' from command line to 'False'
[0.505s] Level 5:colcon.colcon_core.verb:set package 'myagv_bringup' build argument 'cmake_clean_first' from command line to 'False'
[0.505s] Level 5:colcon.colcon_core.verb:set package 'myagv_bringup' build argument 'cmake_force_configure' from command line to 'False'
[0.505s] Level 5:colcon.colcon_core.verb:set package 'myagv_bringup' build argument 'ament_cmake_args' from command line to 'None'
[0.505s] Level 5:colcon.colcon_core.verb:set package 'myagv_bringup' build argument 'catkin_cmake_args' from command line to 'None'
[0.505s] Level 5:colcon.colcon_core.verb:set package 'myagv_bringup' build argument 'catkin_skip_building_tests' from command line to 'False'
[0.505s] DEBUG:colcon.colcon_core.verb:Building package 'myagv_bringup' with the following arguments: {'ament_cmake_args': None, 'build_base': '/home/jucy/ydlidar_ws_11_29/ydlidar_ws/build/myagv_bringup', 'catkin_cmake_args': None, 'catkin_skip_building_tests': False, 'cmake_args': None, 'cmake_clean_cache': False, 'cmake_clean_first': False, 'cmake_force_configure': False, 'cmake_target': None, 'cmake_target_skip_unavailable': False, 'install_base': '/home/jucy/ydlidar_ws_11_29/ydlidar_ws/install/myagv_bringup', 'merge_install': False, 'path': '/home/jucy/ydlidar_ws_11_29/ydlidar_ws/src/myagv_bringup', 'symlink_install': False, 'test_result_base': None}
[0.505s] INFO:colcon.colcon_core.executor:Executing jobs using 'parallel' executor
[0.506s] DEBUG:colcon.colcon_parallel_executor.executor.parallel:run_until_complete
[0.506s] INFO:colcon.colcon_ros.task.ament_cmake.build:Building ROS package in '/home/jucy/ydlidar_ws_11_29/ydlidar_ws/src/myagv_description' with build type 'ament_cmake'
[0.506s] INFO:colcon.colcon_cmake.task.cmake.build:Building CMake package in '/home/jucy/ydlidar_ws_11_29/ydlidar_ws/src/myagv_description'
[0.509s] INFO:colcon.colcon_core.plugin_system:Skipping extension 'colcon_core.shell.bat': Not used on non-Windows systems
[0.509s] INFO:colcon.colcon_core.shell:Skip shell extension 'powershell' for command environment: Not usable outside of PowerShell
[0.509s] DEBUG:colcon.colcon_core.shell:Skip shell extension 'dsv' for command environment
[0.523s] INFO:colcon.colcon_ros.task.ament_python.build:Building ROS package in '/home/jucy/ydlidar_ws_11_29/ydlidar_ws/src/jdamr200_node' with build type 'ament_python'
[0.523s] Level 1:colcon.colcon_core.shell:create_environment_hook('jdamr200_node', 'ament_prefix_path')
[0.524s] INFO:colcon.colcon_core.shell:Creating environment hook '/home/jucy/ydlidar_ws_11_29/ydlidar_ws/install/jdamr200_node/share/jdamr200_node/hook/ament_prefix_path.ps1'
[0.525s] INFO:colcon.colcon_core.shell:Creating environment descriptor '/home/jucy/ydlidar_ws_11_29/ydlidar_ws/install/jdamr200_node/share/jdamr200_node/hook/ament_prefix_path.dsv'
[0.525s] INFO:colcon.colcon_core.shell:Creating environment hook '/home/jucy/ydlidar_ws_11_29/ydlidar_ws/install/jdamr200_node/share/jdamr200_node/hook/ament_prefix_path.sh'
[0.526s] INFO:colcon.colcon_core.shell:Skip shell extension 'powershell' for command environment: Not usable outside of PowerShell
[0.526s] DEBUG:colcon.colcon_core.shell:Skip shell extension 'dsv' for command environment
[0.540s] INFO:colcon.colcon_ros.task.ament_cmake.build:Building ROS package in '/home/jucy/ydlidar_ws_11_29/ydlidar_ws/src/myagv_navigation2' with build type 'ament_cmake'
[0.540s] INFO:colcon.colcon_cmake.task.cmake.build:Building CMake package in '/home/jucy/ydlidar_ws_11_29/ydlidar_ws/src/myagv_navigation2'
[0.540s] INFO:colcon.colcon_core.shell:Skip shell extension 'powershell' for command environment: Not usable outside of PowerShell
[0.540s] DEBUG:colcon.colcon_core.shell:Skip shell extension 'dsv' for command environment
[0.561s] INFO:colcon.colcon_ros.task.ament_cmake.build:Building ROS package in '/home/jucy/ydlidar_ws_11_29/ydlidar_ws/src/ydlidar_ros2_driver' with build type 'ament_cmake'
[0.562s] INFO:colcon.colcon_cmake.task.cmake.build:Building CMake package in '/home/jucy/ydlidar_ws_11_29/ydlidar_ws/src/ydlidar_ros2_driver'
[0.564s] INFO:colcon.colcon_core.shell:Skip shell extension 'powershell' for command environment: Not usable outside of PowerShell
[0.564s] DEBUG:colcon.colcon_core.shell:Skip shell extension 'dsv' for command environment
[0.714s] DEBUG:colcon.colcon_core.event_handler.log_command:Invoking command in '/home/jucy/ydlidar_ws_11_29/ydlidar_ws/build/myagv_description': CMAKE_PREFIX_PATH=${CMAKE_PREFIX_PATH}:/home/jucy/ydlidar_ws_11_29/install/nav2_gazebo_spawner:/home/jucy/ydlidar_ws_11_29/install/jdamr200_node:/home/jucy/ydlidar_ws_11_29/ydlidar_ws/install/nav2_gazebo_spawner:/home/jucy/ydlidar_ws_11_29/ydlidar_ws/install/jdamr200_node:/home/jucy/turtlebot3_ws/install/turtlebot3_teleop:/home/jucy/turtlebot3_ws/install/turtlebot3_example:/home/jucy/turtlebot3_ws/install/nav2_goal_pulisher_test:/home/jucy/turtlebot3_ws/install/nav2_goal_publisher:/home/jucy/ros2_ws/install/nav2_simple_commander:/home/jucy/ros2_ws/install/nav2_gazebo_spawner:/home/jucy/ros2_ws/install/camera_udp_communication:/home/jucy/ros2_ws/install/agv_control_py:/home/jucy/ydlidar_ros2_ws/install/jdamr200_teleop:/home/jucy/ydlidar_ros2_ws/install/jdamr200_node /usr/bin/cmake --build /home/jucy/ydlidar_ws_11_29/ydlidar_ws/build/myagv_description -- -j12 -l12
[1.245s] INFO:colcon.colcon_core.task.python.build:Building Python package in '/home/jucy/ydlidar_ws_11_29/ydlidar_ws/src/jdamr200_node'
[1.246s] INFO:colcon.colcon_core.shell:Skip shell extension 'powershell' for command environment: Not usable outside of PowerShell
[1.246s] DEBUG:colcon.colcon_core.shell:Skip shell extension 'dsv' for command environment
[1.295s] DEBUG:colcon.colcon_core.event_handler.log_command:Invoking command in '/home/jucy/ydlidar_ws_11_29/ydlidar_ws/build/myagv_navigation2': CMAKE_PREFIX_PATH=${CMAKE_PREFIX_PATH}:/home/jucy/ydlidar_ws_11_29/install/nav2_gazebo_spawner:/home/jucy/ydlidar_ws_11_29/install/jdamr200_node:/home/jucy/ydlidar_ws_11_29/ydlidar_ws/install/nav2_gazebo_spawner:/home/jucy/ydlidar_ws_11_29/ydlidar_ws/install/jdamr200_node:/home/jucy/turtlebot3_ws/install/turtlebot3_teleop:/home/jucy/turtlebot3_ws/install/turtlebot3_example:/home/jucy/turtlebot3_ws/install/nav2_goal_pulisher_test:/home/jucy/turtlebot3_ws/install/nav2_goal_publisher:/home/jucy/ros2_ws/install/nav2_simple_commander:/home/jucy/ros2_ws/install/nav2_gazebo_spawner:/home/jucy/ros2_ws/install/camera_udp_communication:/home/jucy/ros2_ws/install/agv_control_py:/home/jucy/ydlidar_ros2_ws/install/jdamr200_teleop:/home/jucy/ydlidar_ros2_ws/install/jdamr200_node /usr/bin/cmake --build /home/jucy/ydlidar_ws_11_29/ydlidar_ws/build/myagv_navigation2 -- -j12 -l12
[1.303s] DEBUG:colcon.colcon_core.event_handler.log_command:Invoking command in '/home/jucy/ydlidar_ws_11_29/ydlidar_ws/build/ydlidar_ros2_driver': CMAKE_PREFIX_PATH=${CMAKE_PREFIX_PATH}:/home/jucy/ydlidar_ws_11_29/install/nav2_gazebo_spawner:/home/jucy/ydlidar_ws_11_29/install/jdamr200_node:/home/jucy/ydlidar_ws_11_29/ydlidar_ws/install/nav2_gazebo_spawner:/home/jucy/ydlidar_ws_11_29/ydlidar_ws/install/jdamr200_node:/home/jucy/turtlebot3_ws/install/turtlebot3_teleop:/home/jucy/turtlebot3_ws/install/turtlebot3_example:/home/jucy/turtlebot3_ws/install/nav2_goal_pulisher_test:/home/jucy/turtlebot3_ws/install/nav2_goal_publisher:/home/jucy/ros2_ws/install/nav2_simple_commander:/home/jucy/ros2_ws/install/nav2_gazebo_spawner:/home/jucy/ros2_ws/install/camera_udp_communication:/home/jucy/ros2_ws/install/agv_control_py:/home/jucy/ydlidar_ros2_ws/install/jdamr200_teleop:/home/jucy/ydlidar_ros2_ws/install/jdamr200_node /usr/bin/cmake --build /home/jucy/ydlidar_ws_11_29/ydlidar_ws/build/ydlidar_ros2_driver -- -j12 -l12
[1.518s] DEBUG:colcon.colcon_core.event_handler.log_command:Invoked command in '/home/jucy/ydlidar_ws_11_29/ydlidar_ws/build/ydlidar_ros2_driver' returned '0': CMAKE_PREFIX_PATH=${CMAKE_PREFIX_PATH}:/home/jucy/ydlidar_ws_11_29/install/nav2_gazebo_spawner:/home/jucy/ydlidar_ws_11_29/install/jdamr200_node:/home/jucy/ydlidar_ws_11_29/ydlidar_ws/install/nav2_gazebo_spawner:/home/jucy/ydlidar_ws_11_29/ydlidar_ws/install/jdamr200_node:/home/jucy/turtlebot3_ws/install/turtlebot3_teleop:/home/jucy/turtlebot3_ws/install/turtlebot3_example:/home/jucy/turtlebot3_ws/install/nav2_goal_pulisher_test:/home/jucy/turtlebot3_ws/install/nav2_goal_publisher:/home/jucy/ros2_ws/install/nav2_simple_commander:/home/jucy/ros2_ws/install/nav2_gazebo_spawner:/home/jucy/ros2_ws/install/camera_udp_communication:/home/jucy/ros2_ws/install/agv_control_py:/home/jucy/ydlidar_ros2_ws/install/jdamr200_teleop:/home/jucy/ydlidar_ros2_ws/install/jdamr200_node /usr/bin/cmake --build /home/jucy/ydlidar_ws_11_29/ydlidar_ws/build/ydlidar_ros2_driver -- -j12 -l12
[1.541s] DEBUG:colcon.colcon_core.event_handler.log_command:Invoking command in '/home/jucy/ydlidar_ws_11_29/ydlidar_ws/build/ydlidar_ros2_driver': CMAKE_PREFIX_PATH=${CMAKE_PREFIX_PATH}:/home/jucy/ydlidar_ws_11_29/install/nav2_gazebo_spawner:/home/jucy/ydlidar_ws_11_29/install/jdamr200_node:/home/jucy/ydlidar_ws_11_29/ydlidar_ws/install/nav2_gazebo_spawner:/home/jucy/ydlidar_ws_11_29/ydlidar_ws/install/jdamr200_node:/home/jucy/turtlebot3_ws/install/turtlebot3_teleop:/home/jucy/turtlebot3_ws/install/turtlebot3_example:/home/jucy/turtlebot3_ws/install/nav2_goal_pulisher_test:/home/jucy/turtlebot3_ws/install/nav2_goal_publisher:/home/jucy/ros2_ws/install/nav2_simple_commander:/home/jucy/ros2_ws/install/nav2_gazebo_spawner:/home/jucy/ros2_ws/install/camera_udp_communication:/home/jucy/ros2_ws/install/agv_control_py:/home/jucy/ydlidar_ros2_ws/install/jdamr200_teleop:/home/jucy/ydlidar_ros2_ws/install/jdamr200_node /usr/bin/cmake --install /home/jucy/ydlidar_ws_11_29/ydlidar_ws/build/ydlidar_ros2_driver
[1.546s] DEBUG:colcon.colcon_core.event_handler.log_command:Invoked command in '/home/jucy/ydlidar_ws_11_29/ydlidar_ws/build/myagv_navigation2' returned '0': CMAKE_PREFIX_PATH=${CMAKE_PREFIX_PATH}:/home/jucy/ydlidar_ws_11_29/install/nav2_gazebo_spawner:/home/jucy/ydlidar_ws_11_29/install/jdamr200_node:/home/jucy/ydlidar_ws_11_29/ydlidar_ws/install/nav2_gazebo_spawner:/home/jucy/ydlidar_ws_11_29/ydlidar_ws/install/jdamr200_node:/home/jucy/turtlebot3_ws/install/turtlebot3_teleop:/home/jucy/turtlebot3_ws/install/turtlebot3_example:/home/jucy/turtlebot3_ws/install/nav2_goal_pulisher_test:/home/jucy/turtlebot3_ws/install/nav2_goal_publisher:/home/jucy/ros2_ws/install/nav2_simple_commander:/home/jucy/ros2_ws/install/nav2_gazebo_spawner:/home/jucy/ros2_ws/install/camera_udp_communication:/home/jucy/ros2_ws/install/agv_control_py:/home/jucy/ydlidar_ros2_ws/install/jdamr200_teleop:/home/jucy/ydlidar_ros2_ws/install/jdamr200_node /usr/bin/cmake --build /home/jucy/ydlidar_ws_11_29/ydlidar_ws/build/myagv_navigation2 -- -j12 -l12
[1.615s] DEBUG:colcon.colcon_core.event_handler.log_command:Invoking command in '/home/jucy/ydlidar_ws_11_29/ydlidar_ws/build/myagv_navigation2': CMAKE_PREFIX_PATH=${CMAKE_PREFIX_PATH}:/home/jucy/ydlidar_ws_11_29/install/nav2_gazebo_spawner:/home/jucy/ydlidar_ws_11_29/install/jdamr200_node:/home/jucy/ydlidar_ws_11_29/ydlidar_ws/install/nav2_gazebo_spawner:/home/jucy/ydlidar_ws_11_29/ydlidar_ws/install/jdamr200_node:/home/jucy/turtlebot3_ws/install/turtlebot3_teleop:/home/jucy/turtlebot3_ws/install/turtlebot3_example:/home/jucy/turtlebot3_ws/install/nav2_goal_pulisher_test:/home/jucy/turtlebot3_ws/install/nav2_goal_publisher:/home/jucy/ros2_ws/install/nav2_simple_commander:/home/jucy/ros2_ws/install/nav2_gazebo_spawner:/home/jucy/ros2_ws/install/camera_udp_communication:/home/jucy/ros2_ws/install/agv_control_py:/home/jucy/ydlidar_ros2_ws/install/jdamr200_teleop:/home/jucy/ydlidar_ros2_ws/install/jdamr200_node /usr/bin/cmake --install /home/jucy/ydlidar_ws_11_29/ydlidar_ws/build/myagv_navigation2
[1.617s] Level 1:colcon.colcon_core.environment:create_environment_scripts_only(ydlidar_ros2_driver)
[1.618s] DEBUG:colcon.colcon_core.event_handler.log_command:Invoked command in '/home/jucy/ydlidar_ws_11_29/ydlidar_ws/build/ydlidar_ros2_driver' returned '0': CMAKE_PREFIX_PATH=${CMAKE_PREFIX_PATH}:/home/jucy/ydlidar_ws_11_29/install/nav2_gazebo_spawner:/home/jucy/ydlidar_ws_11_29/install/jdamr200_node:/home/jucy/ydlidar_ws_11_29/ydlidar_ws/install/nav2_gazebo_spawner:/home/jucy/ydlidar_ws_11_29/ydlidar_ws/install/jdamr200_node:/home/jucy/turtlebot3_ws/install/turtlebot3_teleop:/home/jucy/turtlebot3_ws/install/turtlebot3_example:/home/jucy/turtlebot3_ws/install/nav2_goal_pulisher_test:/home/jucy/turtlebot3_ws/install/nav2_goal_publisher:/home/jucy/ros2_ws/install/nav2_simple_commander:/home/jucy/ros2_ws/install/nav2_gazebo_spawner:/home/jucy/ros2_ws/install/camera_udp_communication:/home/jucy/ros2_ws/install/agv_control_py:/home/jucy/ydlidar_ros2_ws/install/jdamr200_teleop:/home/jucy/ydlidar_ros2_ws/install/jdamr200_node /usr/bin/cmake --install /home/jucy/ydlidar_ws_11_29/ydlidar_ws/build/ydlidar_ros2_driver
[1.622s] Level 1:colcon.colcon_core.environment:checking '/home/jucy/ydlidar_ws_11_29/ydlidar_ws/install/ydlidar_ros2_driver' for CMake module files
[1.623s] Level 1:colcon.colcon_core.environment:checking '/home/jucy/ydlidar_ws_11_29/ydlidar_ws/install/ydlidar_ros2_driver' for CMake config files
[1.624s] Level 1:colcon.colcon_core.shell:create_environment_hook('ydlidar_ros2_driver', 'cmake_prefix_path')
[1.624s] INFO:colcon.colcon_core.shell:Creating environment hook '/home/jucy/ydlidar_ws_11_29/ydlidar_ws/install/ydlidar_ros2_driver/share/ydlidar_ros2_driver/hook/cmake_prefix_path.ps1'
[1.625s] INFO:colcon.colcon_core.shell:Creating environment descriptor '/home/jucy/ydlidar_ws_11_29/ydlidar_ws/install/ydlidar_ros2_driver/share/ydlidar_ros2_driver/hook/cmake_prefix_path.dsv'
[1.625s] INFO:colcon.colcon_core.shell:Creating environment hook '/home/jucy/ydlidar_ws_11_29/ydlidar_ws/install/ydlidar_ros2_driver/share/ydlidar_ros2_driver/hook/cmake_prefix_path.sh'
[1.626s] Level 1:colcon.colcon_core.environment:checking '/home/jucy/ydlidar_ws_11_29/ydlidar_ws/install/ydlidar_ros2_driver/lib'
[1.627s] Level 1:colcon.colcon_core.environment:checking '/home/jucy/ydlidar_ws_11_29/ydlidar_ws/install/ydlidar_ros2_driver/bin'
[1.627s] Level 1:colcon.colcon_core.environment:checking '/home/jucy/ydlidar_ws_11_29/ydlidar_ws/install/ydlidar_ros2_driver/lib/pkgconfig/ydlidar_ros2_driver.pc'
[1.627s] Level 1:colcon.colcon_core.environment:checking '/home/jucy/ydlidar_ws_11_29/ydlidar_ws/install/ydlidar_ros2_driver/lib/python3.8/site-packages'
[1.627s] Level 1:colcon.colcon_core.environment:checking '/home/jucy/ydlidar_ws_11_29/ydlidar_ws/install/ydlidar_ros2_driver/bin'
[1.628s] INFO:colcon.colcon_core.shell:Creating package script '/home/jucy/ydlidar_ws_11_29/ydlidar_ws/install/ydlidar_ros2_driver/share/ydlidar_ros2_driver/package.ps1'
[1.629s] INFO:colcon.colcon_core.shell:Creating package descriptor '/home/jucy/ydlidar_ws_11_29/ydlidar_ws/install/ydlidar_ros2_driver/share/ydlidar_ros2_driver/package.dsv'
[1.630s] INFO:colcon.colcon_core.shell:Creating package script '/home/jucy/ydlidar_ws_11_29/ydlidar_ws/install/ydlidar_ros2_driver/share/ydlidar_ros2_driver/package.sh'
[1.631s] INFO:colcon.colcon_core.shell:Creating package script '/home/jucy/ydlidar_ws_11_29/ydlidar_ws/install/ydlidar_ros2_driver/share/ydlidar_ros2_driver/package.bash'
[1.632s] INFO:colcon.colcon_core.shell:Creating package script '/home/jucy/ydlidar_ws_11_29/ydlidar_ws/install/ydlidar_ros2_driver/share/ydlidar_ros2_driver/package.zsh'
[1.634s] Level 1:colcon.colcon_core.environment:create_file_with_runtime_dependencies(/home/jucy/ydlidar_ws_11_29/ydlidar_ws/install/ydlidar_ros2_driver/share/colcon-core/packages/ydlidar_ros2_driver)
[1.635s] Level 1:colcon.colcon_core.environment:create_environment_scripts_only(ydlidar_ros2_driver)
[1.636s] Level 1:colcon.colcon_core.environment:checking '/home/jucy/ydlidar_ws_11_29/ydlidar_ws/install/ydlidar_ros2_driver' for CMake module files
[1.636s] Level 1:colcon.colcon_core.environment:checking '/home/jucy/ydlidar_ws_11_29/ydlidar_ws/install/ydlidar_ros2_driver' for CMake config files
[1.637s] Level 1:colcon.colcon_core.shell:create_environment_hook('ydlidar_ros2_driver', 'cmake_prefix_path')
[1.637s] INFO:colcon.colcon_core.shell:Creating environment hook '/home/jucy/ydlidar_ws_11_29/ydlidar_ws/install/ydlidar_ros2_driver/share/ydlidar_ros2_driver/hook/cmake_prefix_path.ps1'
[1.638s] INFO:colcon.colcon_core.shell:Creating environment descriptor '/home/jucy/ydlidar_ws_11_29/ydlidar_ws/install/ydlidar_ros2_driver/share/ydlidar_ros2_driver/hook/cmake_prefix_path.dsv'
[1.639s] INFO:colcon.colcon_core.shell:Creating environment hook '/home/jucy/ydlidar_ws_11_29/ydlidar_ws/install/ydlidar_ros2_driver/share/ydlidar_ros2_driver/hook/cmake_prefix_path.sh'
[1.642s] Level 1:colcon.colcon_core.environment:checking '/home/jucy/ydlidar_ws_11_29/ydlidar_ws/install/ydlidar_ros2_driver/lib'
[1.642s] Level 1:colcon.colcon_core.environment:checking '/home/jucy/ydlidar_ws_11_29/ydlidar_ws/install/ydlidar_ros2_driver/bin'
[1.643s] Level 1:colcon.colcon_core.environment:checking '/home/jucy/ydlidar_ws_11_29/ydlidar_ws/install/ydlidar_ros2_driver/lib/pkgconfig/ydlidar_ros2_driver.pc'
[1.644s] Level 1:colcon.colcon_core.environment:checking '/home/jucy/ydlidar_ws_11_29/ydlidar_ws/install/ydlidar_ros2_driver/lib/python3.8/site-packages'
[1.645s] Level 1:colcon.colcon_core.environment:checking '/home/jucy/ydlidar_ws_11_29/ydlidar_ws/install/ydlidar_ros2_driver/bin'
[1.647s] INFO:colcon.colcon_core.shell:Creating package script '/home/jucy/ydlidar_ws_11_29/ydlidar_ws/install/ydlidar_ros2_driver/share/ydlidar_ros2_driver/package.ps1'
[1.653s] INFO:colcon.colcon_core.shell:Creating package descriptor '/home/jucy/ydlidar_ws_11_29/ydlidar_ws/install/ydlidar_ros2_driver/share/ydlidar_ros2_driver/package.dsv'
[1.656s] INFO:colcon.colcon_core.shell:Creating package script '/home/jucy/ydlidar_ws_11_29/ydlidar_ws/install/ydlidar_ros2_driver/share/ydlidar_ros2_driver/package.sh'
[1.657s] INFO:colcon.colcon_core.shell:Creating package script '/home/jucy/ydlidar_ws_11_29/ydlidar_ws/install/ydlidar_ros2_driver/share/ydlidar_ros2_driver/package.bash'
[1.660s] INFO:colcon.colcon_core.shell:Creating package script '/home/jucy/ydlidar_ws_11_29/ydlidar_ws/install/ydlidar_ros2_driver/share/ydlidar_ros2_driver/package.zsh'
[1.661s] Level 1:colcon.colcon_core.environment:create_file_with_runtime_dependencies(/home/jucy/ydlidar_ws_11_29/ydlidar_ws/install/ydlidar_ros2_driver/share/colcon-core/packages/ydlidar_ros2_driver)
[1.664s] DEBUG:colcon.colcon_core.event_handler.log_command:Invoked command in '/home/jucy/ydlidar_ws_11_29/ydlidar_ws/build/myagv_description' returned '0': CMAKE_PREFIX_PATH=${CMAKE_PREFIX_PATH}:/home/jucy/ydlidar_ws_11_29/install/nav2_gazebo_spawner:/home/jucy/ydlidar_ws_11_29/install/jdamr200_node:/home/jucy/ydlidar_ws_11_29/ydlidar_ws/install/nav2_gazebo_spawner:/home/jucy/ydlidar_ws_11_29/ydlidar_ws/install/jdamr200_node:/home/jucy/turtlebot3_ws/install/turtlebot3_teleop:/home/jucy/turtlebot3_ws/install/turtlebot3_example:/home/jucy/turtlebot3_ws/install/nav2_goal_pulisher_test:/home/jucy/turtlebot3_ws/install/nav2_goal_publisher:/home/jucy/ros2_ws/install/nav2_simple_commander:/home/jucy/ros2_ws/install/nav2_gazebo_spawner:/home/jucy/ros2_ws/install/camera_udp_communication:/home/jucy/ros2_ws/install/agv_control_py:/home/jucy/ydlidar_ros2_ws/install/jdamr200_teleop:/home/jucy/ydlidar_ros2_ws/install/jdamr200_node /usr/bin/cmake --build /home/jucy/ydlidar_ws_11_29/ydlidar_ws/build/myagv_description -- -j12 -l12
[1.674s] DEBUG:colcon.colcon_core.event_handler.log_command:Invoking command in '/home/jucy/ydlidar_ws_11_29/ydlidar_ws/build/myagv_description': CMAKE_PREFIX_PATH=${CMAKE_PREFIX_PATH}:/home/jucy/ydlidar_ws_11_29/install/nav2_gazebo_spawner:/home/jucy/ydlidar_ws_11_29/install/jdamr200_node:/home/jucy/ydlidar_ws_11_29/ydlidar_ws/install/nav2_gazebo_spawner:/home/jucy/ydlidar_ws_11_29/ydlidar_ws/install/jdamr200_node:/home/jucy/turtlebot3_ws/install/turtlebot3_teleop:/home/jucy/turtlebot3_ws/install/turtlebot3_example:/home/jucy/turtlebot3_ws/install/nav2_goal_pulisher_test:/home/jucy/turtlebot3_ws/install/nav2_goal_publisher:/home/jucy/ros2_ws/install/nav2_simple_commander:/home/jucy/ros2_ws/install/nav2_gazebo_spawner:/home/jucy/ros2_ws/install/camera_udp_communication:/home/jucy/ros2_ws/install/agv_control_py:/home/jucy/ydlidar_ros2_ws/install/jdamr200_teleop:/home/jucy/ydlidar_ros2_ws/install/jdamr200_node /usr/bin/cmake --install /home/jucy/ydlidar_ws_11_29/ydlidar_ws/build/myagv_description
[1.676s] Level 1:colcon.colcon_core.environment:create_environment_scripts_only(myagv_navigation2)
[1.676s] Level 1:colcon.colcon_core.environment:checking '/home/jucy/ydlidar_ws_11_29/ydlidar_ws/install/myagv_navigation2' for CMake module files
[1.677s] DEBUG:colcon.colcon_core.event_handler.log_command:Invoked command in '/home/jucy/ydlidar_ws_11_29/ydlidar_ws/build/myagv_navigation2' returned '0': CMAKE_PREFIX_PATH=${CMAKE_PREFIX_PATH}:/home/jucy/ydlidar_ws_11_29/install/nav2_gazebo_spawner:/home/jucy/ydlidar_ws_11_29/install/jdamr200_node:/home/jucy/ydlidar_ws_11_29/ydlidar_ws/install/nav2_gazebo_spawner:/home/jucy/ydlidar_ws_11_29/ydlidar_ws/install/jdamr200_node:/home/jucy/turtlebot3_ws/install/turtlebot3_teleop:/home/jucy/turtlebot3_ws/install/turtlebot3_example:/home/jucy/turtlebot3_ws/install/nav2_goal_pulisher_test:/home/jucy/turtlebot3_ws/install/nav2_goal_publisher:/home/jucy/ros2_ws/install/nav2_simple_commander:/home/jucy/ros2_ws/install/nav2_gazebo_spawner:/home/jucy/ros2_ws/install/camera_udp_communication:/home/jucy/ros2_ws/install/agv_control_py:/home/jucy/ydlidar_ros2_ws/install/jdamr200_teleop:/home/jucy/ydlidar_ros2_ws/install/jdamr200_node /usr/bin/cmake --install /home/jucy/ydlidar_ws_11_29/ydlidar_ws/build/myagv_navigation2
[1.678s] Level 1:colcon.colcon_core.environment:checking '/home/jucy/ydlidar_ws_11_29/ydlidar_ws/install/myagv_navigation2' for CMake config files
[1.678s] Level 1:colcon.colcon_core.shell:create_environment_hook('myagv_navigation2', 'cmake_prefix_path')
[1.679s] INFO:colcon.colcon_core.shell:Creating environment hook '/home/jucy/ydlidar_ws_11_29/ydlidar_ws/install/myagv_navigation2/share/myagv_navigation2/hook/cmake_prefix_path.ps1'
[1.680s] INFO:colcon.colcon_core.shell:Creating environment descriptor '/home/jucy/ydlidar_ws_11_29/ydlidar_ws/install/myagv_navigation2/share/myagv_navigation2/hook/cmake_prefix_path.dsv'
[1.680s] INFO:colcon.colcon_core.shell:Creating environment hook '/home/jucy/ydlidar_ws_11_29/ydlidar_ws/install/myagv_navigation2/share/myagv_navigation2/hook/cmake_prefix_path.sh'
[1.681s] Level 1:colcon.colcon_core.environment:checking '/home/jucy/ydlidar_ws_11_29/ydlidar_ws/install/myagv_navigation2/bin'
[1.681s] Level 1:colcon.colcon_core.environment:checking '/home/jucy/ydlidar_ws_11_29/ydlidar_ws/install/myagv_navigation2/lib/pkgconfig/myagv_navigation2.pc'
[1.681s] Level 1:colcon.colcon_core.environment:checking '/home/jucy/ydlidar_ws_11_29/ydlidar_ws/install/myagv_navigation2/lib/python3.8/site-packages'
[1.682s] Level 1:colcon.colcon_core.environment:checking '/home/jucy/ydlidar_ws_11_29/ydlidar_ws/install/myagv_navigation2/bin'
[1.682s] INFO:colcon.colcon_core.shell:Creating package script '/home/jucy/ydlidar_ws_11_29/ydlidar_ws/install/myagv_navigation2/share/myagv_navigation2/package.ps1'
[1.683s] INFO:colcon.colcon_core.shell:Creating package descriptor '/home/jucy/ydlidar_ws_11_29/ydlidar_ws/install/myagv_navigation2/share/myagv_navigation2/package.dsv'
[1.683s] INFO:colcon.colcon_core.shell:Creating package script '/home/jucy/ydlidar_ws_11_29/ydlidar_ws/install/myagv_navigation2/share/myagv_navigation2/package.sh'
[1.684s] INFO:colcon.colcon_core.shell:Creating package script '/home/jucy/ydlidar_ws_11_29/ydlidar_ws/install/myagv_navigation2/share/myagv_navigation2/package.bash'
[1.684s] INFO:colcon.colcon_core.shell:Creating package script '/home/jucy/ydlidar_ws_11_29/ydlidar_ws/install/myagv_navigation2/share/myagv_navigation2/package.zsh'
[1.685s] Level 1:colcon.colcon_core.environment:create_file_with_runtime_dependencies(/home/jucy/ydlidar_ws_11_29/ydlidar_ws/install/myagv_navigation2/share/colcon-core/packages/myagv_navigation2)
[1.685s] Level 1:colcon.colcon_core.environment:create_environment_scripts_only(myagv_navigation2)
[1.686s] Level 1:colcon.colcon_core.environment:checking '/home/jucy/ydlidar_ws_11_29/ydlidar_ws/install/myagv_navigation2' for CMake module files
[1.686s] Level 1:colcon.colcon_core.environment:checking '/home/jucy/ydlidar_ws_11_29/ydlidar_ws/install/myagv_navigation2' for CMake config files
[1.686s] Level 1:colcon.colcon_core.shell:create_environment_hook('myagv_navigation2', 'cmake_prefix_path')
[1.686s] INFO:colcon.colcon_core.shell:Creating environment hook '/home/jucy/ydlidar_ws_11_29/ydlidar_ws/install/myagv_navigation2/share/myagv_navigation2/hook/cmake_prefix_path.ps1'
[1.687s] INFO:colcon.colcon_core.shell:Creating environment descriptor '/home/jucy/ydlidar_ws_11_29/ydlidar_ws/install/myagv_navigation2/share/myagv_navigation2/hook/cmake_prefix_path.dsv'
[1.687s] INFO:colcon.colcon_core.shell:Creating environment hook '/home/jucy/ydlidar_ws_11_29/ydlidar_ws/install/myagv_navigation2/share/myagv_navigation2/hook/cmake_prefix_path.sh'
[1.688s] Level 1:colcon.colcon_core.environment:checking '/home/jucy/ydlidar_ws_11_29/ydlidar_ws/install/myagv_navigation2/bin'
[1.688s] Level 1:colcon.colcon_core.environment:checking '/home/jucy/ydlidar_ws_11_29/ydlidar_ws/install/myagv_navigation2/lib/pkgconfig/myagv_navigation2.pc'
[1.688s] Level 1:colcon.colcon_core.environment:checking '/home/jucy/ydlidar_ws_11_29/ydlidar_ws/install/myagv_navigation2/lib/python3.8/site-packages'
[1.688s] Level 1:colcon.colcon_core.environment:checking '/home/jucy/ydlidar_ws_11_29/ydlidar_ws/install/myagv_navigation2/bin'
[1.688s] INFO:colcon.colcon_core.shell:Creating package script '/home/jucy/ydlidar_ws_11_29/ydlidar_ws/install/myagv_navigation2/share/myagv_navigation2/package.ps1'
[1.689s] INFO:colcon.colcon_core.shell:Creating package descriptor '/home/jucy/ydlidar_ws_11_29/ydlidar_ws/install/myagv_navigation2/share/myagv_navigation2/package.dsv'
[1.689s] INFO:colcon.colcon_core.shell:Creating package script '/home/jucy/ydlidar_ws_11_29/ydlidar_ws/install/myagv_navigation2/share/myagv_navigation2/package.sh'
[1.689s] INFO:colcon.colcon_core.shell:Creating package script '/home/jucy/ydlidar_ws_11_29/ydlidar_ws/install/myagv_navigation2/share/myagv_navigation2/package.bash'
[1.690s] INFO:colcon.colcon_core.shell:Creating package script '/home/jucy/ydlidar_ws_11_29/ydlidar_ws/install/myagv_navigation2/share/myagv_navigation2/package.zsh'
[1.690s] Level 1:colcon.colcon_core.environment:create_file_with_runtime_dependencies(/home/jucy/ydlidar_ws_11_29/ydlidar_ws/install/myagv_navigation2/share/colcon-core/packages/myagv_navigation2)
[1.712s] Level 1:colcon.colcon_core.environment:create_environment_scripts_only(myagv_description)
[1.713s] Level 1:colcon.colcon_core.environment:checking '/home/jucy/ydlidar_ws_11_29/ydlidar_ws/install/myagv_description' for CMake module files
[1.713s] DEBUG:colcon.colcon_core.event_handler.log_command:Invoked command in '/home/jucy/ydlidar_ws_11_29/ydlidar_ws/build/myagv_description' returned '0': CMAKE_PREFIX_PATH=${CMAKE_PREFIX_PATH}:/home/jucy/ydlidar_ws_11_29/install/nav2_gazebo_spawner:/home/jucy/ydlidar_ws_11_29/install/jdamr200_node:/home/jucy/ydlidar_ws_11_29/ydlidar_ws/install/nav2_gazebo_spawner:/home/jucy/ydlidar_ws_11_29/ydlidar_ws/install/jdamr200_node:/home/jucy/turtlebot3_ws/install/turtlebot3_teleop:/home/jucy/turtlebot3_ws/install/turtlebot3_example:/home/jucy/turtlebot3_ws/install/nav2_goal_pulisher_test:/home/jucy/turtlebot3_ws/install/nav2_goal_publisher:/home/jucy/ros2_ws/install/nav2_simple_commander:/home/jucy/ros2_ws/install/nav2_gazebo_spawner:/home/jucy/ros2_ws/install/camera_udp_communication:/home/jucy/ros2_ws/install/agv_control_py:/home/jucy/ydlidar_ros2_ws/install/jdamr200_teleop:/home/jucy/ydlidar_ros2_ws/install/jdamr200_node /usr/bin/cmake --install /home/jucy/ydlidar_ws_11_29/ydlidar_ws/build/myagv_description
[1.714s] Level 1:colcon.colcon_core.environment:checking '/home/jucy/ydlidar_ws_11_29/ydlidar_ws/install/myagv_description' for CMake config files
[1.714s] Level 1:colcon.colcon_core.shell:create_environment_hook('myagv_description', 'cmake_prefix_path')
[1.714s] INFO:colcon.colcon_core.shell:Creating environment hook '/home/jucy/ydlidar_ws_11_29/ydlidar_ws/install/myagv_description/share/myagv_description/hook/cmake_prefix_path.ps1'
[1.715s] INFO:colcon.colcon_core.shell:Creating environment descriptor '/home/jucy/ydlidar_ws_11_29/ydlidar_ws/install/myagv_description/share/myagv_description/hook/cmake_prefix_path.dsv'
[1.715s] INFO:colcon.colcon_core.shell:Creating environment hook '/home/jucy/ydlidar_ws_11_29/ydlidar_ws/install/myagv_description/share/myagv_description/hook/cmake_prefix_path.sh'
[1.715s] Level 1:colcon.colcon_core.environment:checking '/home/jucy/ydlidar_ws_11_29/ydlidar_ws/install/myagv_description/bin'
[1.715s] Level 1:colcon.colcon_core.environment:checking '/home/jucy/ydlidar_ws_11_29/ydlidar_ws/install/myagv_description/lib/pkgconfig/myagv_description.pc'
[1.716s] Level 1:colcon.colcon_core.environment:checking '/home/jucy/ydlidar_ws_11_29/ydlidar_ws/install/myagv_description/lib/python3.8/site-packages'
[1.716s] Level 1:colcon.colcon_core.environment:checking '/home/jucy/ydlidar_ws_11_29/ydlidar_ws/install/myagv_description/bin'
[1.716s] INFO:colcon.colcon_core.shell:Creating package script '/home/jucy/ydlidar_ws_11_29/ydlidar_ws/install/myagv_description/share/myagv_description/package.ps1'
[1.716s] INFO:colcon.colcon_core.shell:Creating package descriptor '/home/jucy/ydlidar_ws_11_29/ydlidar_ws/install/myagv_description/share/myagv_description/package.dsv'
[1.717s] INFO:colcon.colcon_core.shell:Creating package script '/home/jucy/ydlidar_ws_11_29/ydlidar_ws/install/myagv_description/share/myagv_description/package.sh'
[1.717s] INFO:colcon.colcon_core.shell:Creating package script '/home/jucy/ydlidar_ws_11_29/ydlidar_ws/install/myagv_description/share/myagv_description/package.bash'
[1.718s] INFO:colcon.colcon_core.shell:Creating package script '/home/jucy/ydlidar_ws_11_29/ydlidar_ws/install/myagv_description/share/myagv_description/package.zsh'
[1.718s] Level 1:colcon.colcon_core.environment:create_file_with_runtime_dependencies(/home/jucy/ydlidar_ws_11_29/ydlidar_ws/install/myagv_description/share/colcon-core/packages/myagv_description)
[1.720s] Level 1:colcon.colcon_core.environment:create_environment_scripts_only(myagv_description)
[1.721s] Level 1:colcon.colcon_core.environment:checking '/home/jucy/ydlidar_ws_11_29/ydlidar_ws/install/myagv_description' for CMake module files
[1.723s] Level 1:colcon.colcon_core.environment:checking '/home/jucy/ydlidar_ws_11_29/ydlidar_ws/install/myagv_description' for CMake config files
[1.724s] Level 1:colcon.colcon_core.shell:create_environment_hook('myagv_description', 'cmake_prefix_path')
[1.725s] INFO:colcon.colcon_core.shell:Creating environment hook '/home/jucy/ydlidar_ws_11_29/ydlidar_ws/install/myagv_description/share/myagv_description/hook/cmake_prefix_path.ps1'
[1.727s] INFO:colcon.colcon_core.shell:Creating environment descriptor '/home/jucy/ydlidar_ws_11_29/ydlidar_ws/install/myagv_description/share/myagv_description/hook/cmake_prefix_path.dsv'
[1.728s] INFO:colcon.colcon_core.shell:Creating environment hook '/home/jucy/ydlidar_ws_11_29/ydlidar_ws/install/myagv_description/share/myagv_description/hook/cmake_prefix_path.sh'
[1.730s] Level 1:colcon.colcon_core.environment:checking '/home/jucy/ydlidar_ws_11_29/ydlidar_ws/install/myagv_description/bin'
[1.730s] Level 1:colcon.colcon_core.environment:checking '/home/jucy/ydlidar_ws_11_29/ydlidar_ws/install/myagv_description/lib/pkgconfig/myagv_description.pc'
[1.731s] Level 1:colcon.colcon_core.environment:checking '/home/jucy/ydlidar_ws_11_29/ydlidar_ws/install/myagv_description/lib/python3.8/site-packages'
[1.732s] Level 1:colcon.colcon_core.environment:checking '/home/jucy/ydlidar_ws_11_29/ydlidar_ws/install/myagv_description/bin'
[1.732s] INFO:colcon.colcon_core.shell:Creating package script '/home/jucy/ydlidar_ws_11_29/ydlidar_ws/install/myagv_description/share/myagv_description/package.ps1'
[1.734s] INFO:colcon.colcon_core.shell:Creating package descriptor '/home/jucy/ydlidar_ws_11_29/ydlidar_ws/install/myagv_description/share/myagv_description/package.dsv'
[1.736s] INFO:colcon.colcon_core.shell:Creating package script '/home/jucy/ydlidar_ws_11_29/ydlidar_ws/install/myagv_description/share/myagv_description/package.sh'
[1.737s] INFO:colcon.colcon_core.shell:Creating package script '/home/jucy/ydlidar_ws_11_29/ydlidar_ws/install/myagv_description/share/myagv_description/package.bash'
[1.737s] INFO:colcon.colcon_core.shell:Creating package script '/home/jucy/ydlidar_ws_11_29/ydlidar_ws/install/myagv_description/share/myagv_description/package.zsh'
[1.738s] Level 1:colcon.colcon_core.environment:create_file_with_runtime_dependencies(/home/jucy/ydlidar_ws_11_29/ydlidar_ws/install/myagv_description/share/colcon-core/packages/myagv_description)
[1.739s] INFO:colcon.colcon_ros.task.ament_cmake.build:Building ROS package in '/home/jucy/ydlidar_ws_11_29/ydlidar_ws/src/myagv_bringup' with build type 'ament_cmake'
[1.739s] INFO:colcon.colcon_cmake.task.cmake.build:Building CMake package in '/home/jucy/ydlidar_ws_11_29/ydlidar_ws/src/myagv_bringup'
[1.740s] INFO:colcon.colcon_core.shell:Skip shell extension 'powershell' for command environment: Not usable outside of PowerShell
[1.741s] DEBUG:colcon.colcon_core.shell:Skip shell extension 'dsv' for command environment
[1.843s] DEBUG:colcon.colcon_core.event_handler.log_command:Invoking command in '/home/jucy/ydlidar_ws_11_29/ydlidar_ws/build/myagv_bringup': CMAKE_PREFIX_PATH=/home/jucy/ydlidar_ws_11_29/ydlidar_ws/install/myagv_description:/home/jucy/ydlidar_ws_11_29/install/ydlidar_ros2_driver:/home/jucy/ydlidar_ws_11_29/install/nav2_system_tests:/home/jucy/ydlidar_ws_11_29/install/myagv_navigation2:/home/jucy/ydlidar_ws_11_29/install/nav2_bringup:/home/jucy/ydlidar_ws_11_29/install/navigation2:/home/jucy/ydlidar_ws_11_29/install/smac_planner:/home/jucy/ydlidar_ws_11_29/install/nav2_dwb_controller:/home/jucy/ydlidar_ws_11_29/install/nav2_controller:/home/jucy/ydlidar_ws_11_29/install/dwb_plugins:/home/jucy/ydlidar_ws_11_29/install/dwb_critics:/home/jucy/ydlidar_ws_11_29/install/dwb_core:/home/jucy/ydlidar_ws_11_29/install/nav_2d_utils:/home/jucy/ydlidar_ws_11_29/install/dwb_msgs:/home/jucy/ydlidar_ws_11_29/install/nav_2d_msgs:/home/jucy/ydlidar_ws_11_29/install/nav2_waypoint_follower:/home/jucy/ydlidar_ws_11_29/install/nav2_regulated_pure_pursuit_controller:/home/jucy/ydlidar_ws_11_29/install/nav2_recoveries:/home/jucy/ydlidar_ws_11_29/install/nav2_planner:/home/jucy/ydlidar_ws_11_29/install/nav2_navfn_planner:/home/jucy/ydlidar_ws_11_29/install/nav2_core:/home/jucy/ydlidar_ws_11_29/install/costmap_queue:/home/jucy/ydlidar_ws_11_29/install/nav2_costmap_2d:/home/jucy/ydlidar_ws_11_29/install/nav2_voxel_grid:/home/jucy/ydlidar_ws_11_29/install/nav2_rviz_plugins:/home/jucy/ydlidar_ws_11_29/install/nav2_map_server:/home/jucy/ydlidar_ws_11_29/install/nav2_lifecycle_manager:/home/jucy/ydlidar_ws_11_29/install/nav2_bt_navigator:/home/jucy/ydlidar_ws_11_29/install/nav2_behavior_tree:/home/jucy/ydlidar_ws_11_29/install/nav2_amcl:/home/jucy/ydlidar_ws_11_29/install/nav2_util:/home/jucy/ydlidar_ws_11_29/install/nav2_msgs:/home/jucy/ydlidar_ws_11_29/install/nav2_common:/home/jucy/ydlidar_ws_11_29/install/myagv_bringup:/home/jucy/ydlidar_ws_11_29/install/myagv_description:/home/jucy/ydlidar_ws_11_29/ydlidar_ws/install/ydlidar_ros2_driver:/home/jucy/ydlidar_ws_11_29/ydlidar_ws/install/nav2_system_tests:/home/jucy/ydlidar_ws_11_29/ydlidar_ws/install/myagv_navigation2:/home/jucy/ydlidar_ws_11_29/ydlidar_ws/install/nav2_bringup:/home/jucy/ydlidar_ws_11_29/ydlidar_ws/install/navigation2:/home/jucy/ydlidar_ws_11_29/ydlidar_ws/install/smac_planner:/home/jucy/ydlidar_ws_11_29/ydlidar_ws/install/nav2_dwb_controller:/home/jucy/ydlidar_ws_11_29/ydlidar_ws/install/nav2_controller:/home/jucy/ydlidar_ws_11_29/ydlidar_ws/install/dwb_plugins:/home/jucy/ydlidar_ws_11_29/ydlidar_ws/install/dwb_critics:/home/jucy/ydlidar_ws_11_29/ydlidar_ws/install/dwb_core:/home/jucy/ydlidar_ws_11_29/ydlidar_ws/install/nav_2d_utils:/home/jucy/ydlidar_ws_11_29/ydlidar_ws/install/dwb_msgs:/home/jucy/ydlidar_ws_11_29/ydlidar_ws/install/nav_2d_msgs:/home/jucy/ydlidar_ws_11_29/ydlidar_ws/install/nav2_waypoint_follower:/home/jucy/ydlidar_ws_11_29/ydlidar_ws/install/nav2_regulated_pure_pursuit_controller:/home/jucy/ydlidar_ws_11_29/ydlidar_ws/install/nav2_recoveries:/home/jucy/ydlidar_ws_11_29/ydlidar_ws/install/nav2_planner:/home/jucy/ydlidar_ws_11_29/ydlidar_ws/install/nav2_navfn_planner:/home/jucy/ydlidar_ws_11_29/ydlidar_ws/install/nav2_core:/home/jucy/ydlidar_ws_11_29/ydlidar_ws/install/costmap_queue:/home/jucy/ydlidar_ws_11_29/ydlidar_ws/install/nav2_costmap_2d:/home/jucy/ydlidar_ws_11_29/ydlidar_ws/install/nav2_voxel_grid:/home/jucy/ydlidar_ws_11_29/ydlidar_ws/install/nav2_rviz_plugins:/home/jucy/ydlidar_ws_11_29/ydlidar_ws/install/nav2_map_server:/home/jucy/ydlidar_ws_11_29/ydlidar_ws/install/nav2_lifecycle_manager:/home/jucy/ydlidar_ws_11_29/ydlidar_ws/install/nav2_bt_navigator:/home/jucy/ydlidar_ws_11_29/ydlidar_ws/install/nav2_behavior_tree:/home/jucy/ydlidar_ws_11_29/ydlidar_ws/install/nav2_amcl:/home/jucy/ydlidar_ws_11_29/ydlidar_ws/install/nav2_util:/home/jucy/ydlidar_ws_11_29/ydlidar_ws/install/nav2_msgs:/home/jucy/ydlidar_ws_11_29/ydlidar_ws/install/nav2_common:/home/jucy/ydlidar_ws_11_29/ydlidar_ws/install/myagv_bringup:/home/jucy/new_ws/install/myagv_description:/home/jucy/new_ws/install/aseembly:/home/jucy/turtlebot3_ws/install/turtlebot3:/home/jucy/turtlebot3_ws/install/turtlebot3_simulations:/home/jucy/turtlebot3_ws/install/turtlebot3_bringup:/home/jucy/turtlebot3_ws/install/turtlebot3_node:/home/jucy/turtlebot3_ws/install/turtlebot3_navigation2:/home/jucy/turtlebot3_ws/install/turtlebot3_fake_node:/home/jucy/turtlebot3_ws/install/turtlebot3_msgs:/home/jucy/turtlebot3_ws/install/turtlebot3_gazebo:/home/jucy/turtlebot3_ws/install/turtlebot3_description:/home/jucy/turtlebot3_ws/install/turtlebot3_cartographer:/home/jucy/turtlebot3_ws/install/dynamixel_sdk_examples:/home/jucy/turtlebot3_ws/install/dynamixel_sdk_custom_interfaces:/home/jucy/turtlebot3_ws/install/dynamixel_sdk:/home/jucy/ros2_ws/install/nav2_system_tests:/home/jucy/ros2_ws/install/nav2_bringup:/home/jucy/ros2_ws/install/navigation2:/home/jucy/ros2_ws/install/smac_planner:/home/jucy/ros2_ws/install/ps2_controller:/home/jucy/ros2_ws/install/nav2_dwb_controller:/home/jucy/ros2_ws/install/nav2_controller:/home/jucy/ros2_ws/install/dwb_plugins:/home/jucy/ros2_ws/install/dwb_critics:/home/jucy/ros2_ws/install/dwb_core:/home/jucy/ros2_ws/install/nav_2d_utils:/home/jucy/ros2_ws/install/dwb_msgs:/home/jucy/ros2_ws/install/nav_2d_msgs:/home/jucy/ros2_ws/install/nav2_waypoint_follower:/home/jucy/ros2_ws/install/nav2_regulated_pure_pursuit_controller:/home/jucy/ros2_ws/install/nav2_recoveries:/home/jucy/ros2_ws/install/nav2_planner:/home/jucy/ros2_ws/install/nav2_navfn_planner:/home/jucy/ros2_ws/install/nav2_core:/home/jucy/ros2_ws/install/costmap_queue:/home/jucy/ros2_ws/install/nav2_costmap_2d:/home/jucy/ros2_ws/install/nav2_voxel_grid:/home/jucy/ros2_ws/install/nav2_rviz_plugins:/home/jucy/ros2_ws/install/nav2_map_server:/home/jucy/ros2_ws/install/nav2_lifecycle_manager:/home/jucy/ros2_ws/install/nav2_bt_navigator:/home/jucy/ros2_ws/install/nav2_behavior_tree:/home/jucy/ros2_ws/install/nav2_amcl:/home/jucy/ros2_ws/install/nav2_util:/home/jucy/ros2_ws/install/nav2_msgs:/home/jucy/ros2_ws/install/nav2_common:/home/jucy/ydlidar_ros2_ws/install/ydlidar_ros2_driver:/home/jucy/ydlidar_ros2_ws/install/ps2_controller:/home/jucy/ydlidar_ros2_ws/install/myagv_navigation2:/home/jucy/ydlidar_ros2_ws/install/myagv_bringup:/home/jucy/ydlidar_ros2_ws/install/myagv_description:/home/jucy/ydlidar_ros2_wss/install/ydlidar_ros2_driver:/opt/ros/foxy:/opt/ros/foxy:/home/jucy/ydlidar_ws_11_29/install/nav2_gazebo_spawner:/home/jucy/ydlidar_ws_11_29/install/jdamr200_node:/home/jucy/ydlidar_ws_11_29/ydlidar_ws/install/nav2_gazebo_spawner:/home/jucy/ydlidar_ws_11_29/ydlidar_ws/install/jdamr200_node:/home/jucy/turtlebot3_ws/install/turtlebot3_teleop:/home/jucy/turtlebot3_ws/install/turtlebot3_example:/home/jucy/turtlebot3_ws/install/nav2_goal_pulisher_test:/home/jucy/turtlebot3_ws/install/nav2_goal_publisher:/home/jucy/ros2_ws/install/nav2_simple_commander:/home/jucy/ros2_ws/install/nav2_gazebo_spawner:/home/jucy/ros2_ws/install/camera_udp_communication:/home/jucy/ros2_ws/install/agv_control_py:/home/jucy/ydlidar_ros2_ws/install/jdamr200_teleop:/home/jucy/ydlidar_ros2_ws/install/jdamr200_node /usr/bin/cmake --build /home/jucy/ydlidar_ws_11_29/ydlidar_ws/build/myagv_bringup -- -j12 -l12
[1.924s] DEBUG:colcon.colcon_core.event_handler.log_command:Invoked command in '/home/jucy/ydlidar_ws_11_29/ydlidar_ws/build/myagv_bringup' returned '0': CMAKE_PREFIX_PATH=/home/jucy/ydlidar_ws_11_29/ydlidar_ws/install/myagv_description:/home/jucy/ydlidar_ws_11_29/install/ydlidar_ros2_driver:/home/jucy/ydlidar_ws_11_29/install/nav2_system_tests:/home/jucy/ydlidar_ws_11_29/install/myagv_navigation2:/home/jucy/ydlidar_ws_11_29/install/nav2_bringup:/home/jucy/ydlidar_ws_11_29/install/navigation2:/home/jucy/ydlidar_ws_11_29/install/smac_planner:/home/jucy/ydlidar_ws_11_29/install/nav2_dwb_controller:/home/jucy/ydlidar_ws_11_29/install/nav2_controller:/home/jucy/ydlidar_ws_11_29/install/dwb_plugins:/home/jucy/ydlidar_ws_11_29/install/dwb_critics:/home/jucy/ydlidar_ws_11_29/install/dwb_core:/home/jucy/ydlidar_ws_11_29/install/nav_2d_utils:/home/jucy/ydlidar_ws_11_29/install/dwb_msgs:/home/jucy/ydlidar_ws_11_29/install/nav_2d_msgs:/home/jucy/ydlidar_ws_11_29/install/nav2_waypoint_follower:/home/jucy/ydlidar_ws_11_29/install/nav2_regulated_pure_pursuit_controller:/home/jucy/ydlidar_ws_11_29/install/nav2_recoveries:/home/jucy/ydlidar_ws_11_29/install/nav2_planner:/home/jucy/ydlidar_ws_11_29/install/nav2_navfn_planner:/home/jucy/ydlidar_ws_11_29/install/nav2_core:/home/jucy/ydlidar_ws_11_29/install/costmap_queue:/home/jucy/ydlidar_ws_11_29/install/nav2_costmap_2d:/home/jucy/ydlidar_ws_11_29/install/nav2_voxel_grid:/home/jucy/ydlidar_ws_11_29/install/nav2_rviz_plugins:/home/jucy/ydlidar_ws_11_29/install/nav2_map_server:/home/jucy/ydlidar_ws_11_29/install/nav2_lifecycle_manager:/home/jucy/ydlidar_ws_11_29/install/nav2_bt_navigator:/home/jucy/ydlidar_ws_11_29/install/nav2_behavior_tree:/home/jucy/ydlidar_ws_11_29/install/nav2_amcl:/home/jucy/ydlidar_ws_11_29/install/nav2_util:/home/jucy/ydlidar_ws_11_29/install/nav2_msgs:/home/jucy/ydlidar_ws_11_29/install/nav2_common:/home/jucy/ydlidar_ws_11_29/install/myagv_bringup:/home/jucy/ydlidar_ws_11_29/install/myagv_description:/home/jucy/ydlidar_ws_11_29/ydlidar_ws/install/ydlidar_ros2_driver:/home/jucy/ydlidar_ws_11_29/ydlidar_ws/install/nav2_system_tests:/home/jucy/ydlidar_ws_11_29/ydlidar_ws/install/myagv_navigation2:/home/jucy/ydlidar_ws_11_29/ydlidar_ws/install/nav2_bringup:/home/jucy/ydlidar_ws_11_29/ydlidar_ws/install/navigation2:/home/jucy/ydlidar_ws_11_29/ydlidar_ws/install/smac_planner:/home/jucy/ydlidar_ws_11_29/ydlidar_ws/install/nav2_dwb_controller:/home/jucy/ydlidar_ws_11_29/ydlidar_ws/install/nav2_controller:/home/jucy/ydlidar_ws_11_29/ydlidar_ws/install/dwb_plugins:/home/jucy/ydlidar_ws_11_29/ydlidar_ws/install/dwb_critics:/home/jucy/ydlidar_ws_11_29/ydlidar_ws/install/dwb_core:/home/jucy/ydlidar_ws_11_29/ydlidar_ws/install/nav_2d_utils:/home/jucy/ydlidar_ws_11_29/ydlidar_ws/install/dwb_msgs:/home/jucy/ydlidar_ws_11_29/ydlidar_ws/install/nav_2d_msgs:/home/jucy/ydlidar_ws_11_29/ydlidar_ws/install/nav2_waypoint_follower:/home/jucy/ydlidar_ws_11_29/ydlidar_ws/install/nav2_regulated_pure_pursuit_controller:/home/jucy/ydlidar_ws_11_29/ydlidar_ws/install/nav2_recoveries:/home/jucy/ydlidar_ws_11_29/ydlidar_ws/install/nav2_planner:/home/jucy/ydlidar_ws_11_29/ydlidar_ws/install/nav2_navfn_planner:/home/jucy/ydlidar_ws_11_29/ydlidar_ws/install/nav2_core:/home/jucy/ydlidar_ws_11_29/ydlidar_ws/install/costmap_queue:/home/jucy/ydlidar_ws_11_29/ydlidar_ws/install/nav2_costmap_2d:/home/jucy/ydlidar_ws_11_29/ydlidar_ws/install/nav2_voxel_grid:/home/jucy/ydlidar_ws_11_29/ydlidar_ws/install/nav2_rviz_plugins:/home/jucy/ydlidar_ws_11_29/ydlidar_ws/install/nav2_map_server:/home/jucy/ydlidar_ws_11_29/ydlidar_ws/install/nav2_lifecycle_manager:/home/jucy/ydlidar_ws_11_29/ydlidar_ws/install/nav2_bt_navigator:/home/jucy/ydlidar_ws_11_29/ydlidar_ws/install/nav2_behavior_tree:/home/jucy/ydlidar_ws_11_29/ydlidar_ws/install/nav2_amcl:/home/jucy/ydlidar_ws_11_29/ydlidar_ws/install/nav2_util:/home/jucy/ydlidar_ws_11_29/ydlidar_ws/install/nav2_msgs:/home/jucy/ydlidar_ws_11_29/ydlidar_ws/install/nav2_common:/home/jucy/ydlidar_ws_11_29/ydlidar_ws/install/myagv_bringup:/home/jucy/new_ws/install/myagv_description:/home/jucy/new_ws/install/aseembly:/home/jucy/turtlebot3_ws/install/turtlebot3:/home/jucy/turtlebot3_ws/install/turtlebot3_simulations:/home/jucy/turtlebot3_ws/install/turtlebot3_bringup:/home/jucy/turtlebot3_ws/install/turtlebot3_node:/home/jucy/turtlebot3_ws/install/turtlebot3_navigation2:/home/jucy/turtlebot3_ws/install/turtlebot3_fake_node:/home/jucy/turtlebot3_ws/install/turtlebot3_msgs:/home/jucy/turtlebot3_ws/install/turtlebot3_gazebo:/home/jucy/turtlebot3_ws/install/turtlebot3_description:/home/jucy/turtlebot3_ws/install/turtlebot3_cartographer:/home/jucy/turtlebot3_ws/install/dynamixel_sdk_examples:/home/jucy/turtlebot3_ws/install/dynamixel_sdk_custom_interfaces:/home/jucy/turtlebot3_ws/install/dynamixel_sdk:/home/jucy/ros2_ws/install/nav2_system_tests:/home/jucy/ros2_ws/install/nav2_bringup:/home/jucy/ros2_ws/install/navigation2:/home/jucy/ros2_ws/install/smac_planner:/home/jucy/ros2_ws/install/ps2_controller:/home/jucy/ros2_ws/install/nav2_dwb_controller:/home/jucy/ros2_ws/install/nav2_controller:/home/jucy/ros2_ws/install/dwb_plugins:/home/jucy/ros2_ws/install/dwb_critics:/home/jucy/ros2_ws/install/dwb_core:/home/jucy/ros2_ws/install/nav_2d_utils:/home/jucy/ros2_ws/install/dwb_msgs:/home/jucy/ros2_ws/install/nav_2d_msgs:/home/jucy/ros2_ws/install/nav2_waypoint_follower:/home/jucy/ros2_ws/install/nav2_regulated_pure_pursuit_controller:/home/jucy/ros2_ws/install/nav2_recoveries:/home/jucy/ros2_ws/install/nav2_planner:/home/jucy/ros2_ws/install/nav2_navfn_planner:/home/jucy/ros2_ws/install/nav2_core:/home/jucy/ros2_ws/install/costmap_queue:/home/jucy/ros2_ws/install/nav2_costmap_2d:/home/jucy/ros2_ws/install/nav2_voxel_grid:/home/jucy/ros2_ws/install/nav2_rviz_plugins:/home/jucy/ros2_ws/install/nav2_map_server:/home/jucy/ros2_ws/install/nav2_lifecycle_manager:/home/jucy/ros2_ws/install/nav2_bt_navigator:/home/jucy/ros2_ws/install/nav2_behavior_tree:/home/jucy/ros2_ws/install/nav2_amcl:/home/jucy/ros2_ws/install/nav2_util:/home/jucy/ros2_ws/install/nav2_msgs:/home/jucy/ros2_ws/install/nav2_common:/home/jucy/ydlidar_ros2_ws/install/ydlidar_ros2_driver:/home/jucy/ydlidar_ros2_ws/install/ps2_controller:/home/jucy/ydlidar_ros2_ws/install/myagv_navigation2:/home/jucy/ydlidar_ros2_ws/install/myagv_bringup:/home/jucy/ydlidar_ros2_ws/install/myagv_description:/home/jucy/ydlidar_ros2_wss/install/ydlidar_ros2_driver:/opt/ros/foxy:/opt/ros/foxy:/home/jucy/ydlidar_ws_11_29/install/nav2_gazebo_spawner:/home/jucy/ydlidar_ws_11_29/install/jdamr200_node:/home/jucy/ydlidar_ws_11_29/ydlidar_ws/install/nav2_gazebo_spawner:/home/jucy/ydlidar_ws_11_29/ydlidar_ws/install/jdamr200_node:/home/jucy/turtlebot3_ws/install/turtlebot3_teleop:/home/jucy/turtlebot3_ws/install/turtlebot3_example:/home/jucy/turtlebot3_ws/install/nav2_goal_pulisher_test:/home/jucy/turtlebot3_ws/install/nav2_goal_publisher:/home/jucy/ros2_ws/install/nav2_simple_commander:/home/jucy/ros2_ws/install/nav2_gazebo_spawner:/home/jucy/ros2_ws/install/camera_udp_communication:/home/jucy/ros2_ws/install/agv_control_py:/home/jucy/ydlidar_ros2_ws/install/jdamr200_teleop:/home/jucy/ydlidar_ros2_ws/install/jdamr200_node /usr/bin/cmake --build /home/jucy/ydlidar_ws_11_29/ydlidar_ws/build/myagv_bringup -- -j12 -l12
[1.928s] DEBUG:colcon.colcon_core.event_handler.log_command:Invoking command in '/home/jucy/ydlidar_ws_11_29/ydlidar_ws/build/myagv_bringup': CMAKE_PREFIX_PATH=/home/jucy/ydlidar_ws_11_29/ydlidar_ws/install/myagv_description:/home/jucy/ydlidar_ws_11_29/install/ydlidar_ros2_driver:/home/jucy/ydlidar_ws_11_29/install/nav2_system_tests:/home/jucy/ydlidar_ws_11_29/install/myagv_navigation2:/home/jucy/ydlidar_ws_11_29/install/nav2_bringup:/home/jucy/ydlidar_ws_11_29/install/navigation2:/home/jucy/ydlidar_ws_11_29/install/smac_planner:/home/jucy/ydlidar_ws_11_29/install/nav2_dwb_controller:/home/jucy/ydlidar_ws_11_29/install/nav2_controller:/home/jucy/ydlidar_ws_11_29/install/dwb_plugins:/home/jucy/ydlidar_ws_11_29/install/dwb_critics:/home/jucy/ydlidar_ws_11_29/install/dwb_core:/home/jucy/ydlidar_ws_11_29/install/nav_2d_utils:/home/jucy/ydlidar_ws_11_29/install/dwb_msgs:/home/jucy/ydlidar_ws_11_29/install/nav_2d_msgs:/home/jucy/ydlidar_ws_11_29/install/nav2_waypoint_follower:/home/jucy/ydlidar_ws_11_29/install/nav2_regulated_pure_pursuit_controller:/home/jucy/ydlidar_ws_11_29/install/nav2_recoveries:/home/jucy/ydlidar_ws_11_29/install/nav2_planner:/home/jucy/ydlidar_ws_11_29/install/nav2_navfn_planner:/home/jucy/ydlidar_ws_11_29/install/nav2_core:/home/jucy/ydlidar_ws_11_29/install/costmap_queue:/home/jucy/ydlidar_ws_11_29/install/nav2_costmap_2d:/home/jucy/ydlidar_ws_11_29/install/nav2_voxel_grid:/home/jucy/ydlidar_ws_11_29/install/nav2_rviz_plugins:/home/jucy/ydlidar_ws_11_29/install/nav2_map_server:/home/jucy/ydlidar_ws_11_29/install/nav2_lifecycle_manager:/home/jucy/ydlidar_ws_11_29/install/nav2_bt_navigator:/home/jucy/ydlidar_ws_11_29/install/nav2_behavior_tree:/home/jucy/ydlidar_ws_11_29/install/nav2_amcl:/home/jucy/ydlidar_ws_11_29/install/nav2_util:/home/jucy/ydlidar_ws_11_29/install/nav2_msgs:/home/jucy/ydlidar_ws_11_29/install/nav2_common:/home/jucy/ydlidar_ws_11_29/install/myagv_bringup:/home/jucy/ydlidar_ws_11_29/install/myagv_description:/home/jucy/ydlidar_ws_11_29/ydlidar_ws/install/ydlidar_ros2_driver:/home/jucy/ydlidar_ws_11_29/ydlidar_ws/install/nav2_system_tests:/home/jucy/ydlidar_ws_11_29/ydlidar_ws/install/myagv_navigation2:/home/jucy/ydlidar_ws_11_29/ydlidar_ws/install/nav2_bringup:/home/jucy/ydlidar_ws_11_29/ydlidar_ws/install/navigation2:/home/jucy/ydlidar_ws_11_29/ydlidar_ws/install/smac_planner:/home/jucy/ydlidar_ws_11_29/ydlidar_ws/install/nav2_dwb_controller:/home/jucy/ydlidar_ws_11_29/ydlidar_ws/install/nav2_controller:/home/jucy/ydlidar_ws_11_29/ydlidar_ws/install/dwb_plugins:/home/jucy/ydlidar_ws_11_29/ydlidar_ws/install/dwb_critics:/home/jucy/ydlidar_ws_11_29/ydlidar_ws/install/dwb_core:/home/jucy/ydlidar_ws_11_29/ydlidar_ws/install/nav_2d_utils:/home/jucy/ydlidar_ws_11_29/ydlidar_ws/install/dwb_msgs:/home/jucy/ydlidar_ws_11_29/ydlidar_ws/install/nav_2d_msgs:/home/jucy/ydlidar_ws_11_29/ydlidar_ws/install/nav2_waypoint_follower:/home/jucy/ydlidar_ws_11_29/ydlidar_ws/install/nav2_regulated_pure_pursuit_controller:/home/jucy/ydlidar_ws_11_29/ydlidar_ws/install/nav2_recoveries:/home/jucy/ydlidar_ws_11_29/ydlidar_ws/install/nav2_planner:/home/jucy/ydlidar_ws_11_29/ydlidar_ws/install/nav2_navfn_planner:/home/jucy/ydlidar_ws_11_29/ydlidar_ws/install/nav2_core:/home/jucy/ydlidar_ws_11_29/ydlidar_ws/install/costmap_queue:/home/jucy/ydlidar_ws_11_29/ydlidar_ws/install/nav2_costmap_2d:/home/jucy/ydlidar_ws_11_29/ydlidar_ws/install/nav2_voxel_grid:/home/jucy/ydlidar_ws_11_29/ydlidar_ws/install/nav2_rviz_plugins:/home/jucy/ydlidar_ws_11_29/ydlidar_ws/install/nav2_map_server:/home/jucy/ydlidar_ws_11_29/ydlidar_ws/install/nav2_lifecycle_manager:/home/jucy/ydlidar_ws_11_29/ydlidar_ws/install/nav2_bt_navigator:/home/jucy/ydlidar_ws_11_29/ydlidar_ws/install/nav2_behavior_tree:/home/jucy/ydlidar_ws_11_29/ydlidar_ws/install/nav2_amcl:/home/jucy/ydlidar_ws_11_29/ydlidar_ws/install/nav2_util:/home/jucy/ydlidar_ws_11_29/ydlidar_ws/install/nav2_msgs:/home/jucy/ydlidar_ws_11_29/ydlidar_ws/install/nav2_common:/home/jucy/ydlidar_ws_11_29/ydlidar_ws/install/myagv_bringup:/home/jucy/new_ws/install/myagv_description:/home/jucy/new_ws/install/aseembly:/home/jucy/turtlebot3_ws/install/turtlebot3:/home/jucy/turtlebot3_ws/install/turtlebot3_simulations:/home/jucy/turtlebot3_ws/install/turtlebot3_bringup:/home/jucy/turtlebot3_ws/install/turtlebot3_node:/home/jucy/turtlebot3_ws/install/turtlebot3_navigation2:/home/jucy/turtlebot3_ws/install/turtlebot3_fake_node:/home/jucy/turtlebot3_ws/install/turtlebot3_msgs:/home/jucy/turtlebot3_ws/install/turtlebot3_gazebo:/home/jucy/turtlebot3_ws/install/turtlebot3_description:/home/jucy/turtlebot3_ws/install/turtlebot3_cartographer:/home/jucy/turtlebot3_ws/install/dynamixel_sdk_examples:/home/jucy/turtlebot3_ws/install/dynamixel_sdk_custom_interfaces:/home/jucy/turtlebot3_ws/install/dynamixel_sdk:/home/jucy/ros2_ws/install/nav2_system_tests:/home/jucy/ros2_ws/install/nav2_bringup:/home/jucy/ros2_ws/install/navigation2:/home/jucy/ros2_ws/install/smac_planner:/home/jucy/ros2_ws/install/ps2_controller:/home/jucy/ros2_ws/install/nav2_dwb_controller:/home/jucy/ros2_ws/install/nav2_controller:/home/jucy/ros2_ws/install/dwb_plugins:/home/jucy/ros2_ws/install/dwb_critics:/home/jucy/ros2_ws/install/dwb_core:/home/jucy/ros2_ws/install/nav_2d_utils:/home/jucy/ros2_ws/install/dwb_msgs:/home/jucy/ros2_ws/install/nav_2d_msgs:/home/jucy/ros2_ws/install/nav2_waypoint_follower:/home/jucy/ros2_ws/install/nav2_regulated_pure_pursuit_controller:/home/jucy/ros2_ws/install/nav2_recoveries:/home/jucy/ros2_ws/install/nav2_planner:/home/jucy/ros2_ws/install/nav2_navfn_planner:/home/jucy/ros2_ws/install/nav2_core:/home/jucy/ros2_ws/install/costmap_queue:/home/jucy/ros2_ws/install/nav2_costmap_2d:/home/jucy/ros2_ws/install/nav2_voxel_grid:/home/jucy/ros2_ws/install/nav2_rviz_plugins:/home/jucy/ros2_ws/install/nav2_map_server:/home/jucy/ros2_ws/install/nav2_lifecycle_manager:/home/jucy/ros2_ws/install/nav2_bt_navigator:/home/jucy/ros2_ws/install/nav2_behavior_tree:/home/jucy/ros2_ws/install/nav2_amcl:/home/jucy/ros2_ws/install/nav2_util:/home/jucy/ros2_ws/install/nav2_msgs:/home/jucy/ros2_ws/install/nav2_common:/home/jucy/ydlidar_ros2_ws/install/ydlidar_ros2_driver:/home/jucy/ydlidar_ros2_ws/install/ps2_controller:/home/jucy/ydlidar_ros2_ws/install/myagv_navigation2:/home/jucy/ydlidar_ros2_ws/install/myagv_bringup:/home/jucy/ydlidar_ros2_ws/install/myagv_description:/home/jucy/ydlidar_ros2_wss/install/ydlidar_ros2_driver:/opt/ros/foxy:/opt/ros/foxy:/home/jucy/ydlidar_ws_11_29/install/nav2_gazebo_spawner:/home/jucy/ydlidar_ws_11_29/install/jdamr200_node:/home/jucy/ydlidar_ws_11_29/ydlidar_ws/install/nav2_gazebo_spawner:/home/jucy/ydlidar_ws_11_29/ydlidar_ws/install/jdamr200_node:/home/jucy/turtlebot3_ws/install/turtlebot3_teleop:/home/jucy/turtlebot3_ws/install/turtlebot3_example:/home/jucy/turtlebot3_ws/install/nav2_goal_pulisher_test:/home/jucy/turtlebot3_ws/install/nav2_goal_publisher:/home/jucy/ros2_ws/install/nav2_simple_commander:/home/jucy/ros2_ws/install/nav2_gazebo_spawner:/home/jucy/ros2_ws/install/camera_udp_communication:/home/jucy/ros2_ws/install/agv_control_py:/home/jucy/ydlidar_ros2_ws/install/jdamr200_teleop:/home/jucy/ydlidar_ros2_ws/install/jdamr200_node /usr/bin/cmake --install /home/jucy/ydlidar_ws_11_29/ydlidar_ws/build/myagv_bringup
[2.024s] Level 1:colcon.colcon_core.environment:create_environment_scripts_only(myagv_bringup)
[2.026s] Level 1:colcon.colcon_core.environment:checking '/home/jucy/ydlidar_ws_11_29/ydlidar_ws/install/myagv_bringup' for CMake module files
[2.028s] DEBUG:colcon.colcon_core.event_handler.log_command:Invoked command in '/home/jucy/ydlidar_ws_11_29/ydlidar_ws/build/myagv_bringup' returned '0': CMAKE_PREFIX_PATH=/home/jucy/ydlidar_ws_11_29/ydlidar_ws/install/myagv_description:/home/jucy/ydlidar_ws_11_29/install/ydlidar_ros2_driver:/home/jucy/ydlidar_ws_11_29/install/nav2_system_tests:/home/jucy/ydlidar_ws_11_29/install/myagv_navigation2:/home/jucy/ydlidar_ws_11_29/install/nav2_bringup:/home/jucy/ydlidar_ws_11_29/install/navigation2:/home/jucy/ydlidar_ws_11_29/install/smac_planner:/home/jucy/ydlidar_ws_11_29/install/nav2_dwb_controller:/home/jucy/ydlidar_ws_11_29/install/nav2_controller:/home/jucy/ydlidar_ws_11_29/install/dwb_plugins:/home/jucy/ydlidar_ws_11_29/install/dwb_critics:/home/jucy/ydlidar_ws_11_29/install/dwb_core:/home/jucy/ydlidar_ws_11_29/install/nav_2d_utils:/home/jucy/ydlidar_ws_11_29/install/dwb_msgs:/home/jucy/ydlidar_ws_11_29/install/nav_2d_msgs:/home/jucy/ydlidar_ws_11_29/install/nav2_waypoint_follower:/home/jucy/ydlidar_ws_11_29/install/nav2_regulated_pure_pursuit_controller:/home/jucy/ydlidar_ws_11_29/install/nav2_recoveries:/home/jucy/ydlidar_ws_11_29/install/nav2_planner:/home/jucy/ydlidar_ws_11_29/install/nav2_navfn_planner:/home/jucy/ydlidar_ws_11_29/install/nav2_core:/home/jucy/ydlidar_ws_11_29/install/costmap_queue:/home/jucy/ydlidar_ws_11_29/install/nav2_costmap_2d:/home/jucy/ydlidar_ws_11_29/install/nav2_voxel_grid:/home/jucy/ydlidar_ws_11_29/install/nav2_rviz_plugins:/home/jucy/ydlidar_ws_11_29/install/nav2_map_server:/home/jucy/ydlidar_ws_11_29/install/nav2_lifecycle_manager:/home/jucy/ydlidar_ws_11_29/install/nav2_bt_navigator:/home/jucy/ydlidar_ws_11_29/install/nav2_behavior_tree:/home/jucy/ydlidar_ws_11_29/install/nav2_amcl:/home/jucy/ydlidar_ws_11_29/install/nav2_util:/home/jucy/ydlidar_ws_11_29/install/nav2_msgs:/home/jucy/ydlidar_ws_11_29/install/nav2_common:/home/jucy/ydlidar_ws_11_29/install/myagv_bringup:/home/jucy/ydlidar_ws_11_29/install/myagv_description:/home/jucy/ydlidar_ws_11_29/ydlidar_ws/install/ydlidar_ros2_driver:/home/jucy/ydlidar_ws_11_29/ydlidar_ws/install/nav2_system_tests:/home/jucy/ydlidar_ws_11_29/ydlidar_ws/install/myagv_navigation2:/home/jucy/ydlidar_ws_11_29/ydlidar_ws/install/nav2_bringup:/home/jucy/ydlidar_ws_11_29/ydlidar_ws/install/navigation2:/home/jucy/ydlidar_ws_11_29/ydlidar_ws/install/smac_planner:/home/jucy/ydlidar_ws_11_29/ydlidar_ws/install/nav2_dwb_controller:/home/jucy/ydlidar_ws_11_29/ydlidar_ws/install/nav2_controller:/home/jucy/ydlidar_ws_11_29/ydlidar_ws/install/dwb_plugins:/home/jucy/ydlidar_ws_11_29/ydlidar_ws/install/dwb_critics:/home/jucy/ydlidar_ws_11_29/ydlidar_ws/install/dwb_core:/home/jucy/ydlidar_ws_11_29/ydlidar_ws/install/nav_2d_utils:/home/jucy/ydlidar_ws_11_29/ydlidar_ws/install/dwb_msgs:/home/jucy/ydlidar_ws_11_29/ydlidar_ws/install/nav_2d_msgs:/home/jucy/ydlidar_ws_11_29/ydlidar_ws/install/nav2_waypoint_follower:/home/jucy/ydlidar_ws_11_29/ydlidar_ws/install/nav2_regulated_pure_pursuit_controller:/home/jucy/ydlidar_ws_11_29/ydlidar_ws/install/nav2_recoveries:/home/jucy/ydlidar_ws_11_29/ydlidar_ws/install/nav2_planner:/home/jucy/ydlidar_ws_11_29/ydlidar_ws/install/nav2_navfn_planner:/home/jucy/ydlidar_ws_11_29/ydlidar_ws/install/nav2_core:/home/jucy/ydlidar_ws_11_29/ydlidar_ws/install/costmap_queue:/home/jucy/ydlidar_ws_11_29/ydlidar_ws/install/nav2_costmap_2d:/home/jucy/ydlidar_ws_11_29/ydlidar_ws/install/nav2_voxel_grid:/home/jucy/ydlidar_ws_11_29/ydlidar_ws/install/nav2_rviz_plugins:/home/jucy/ydlidar_ws_11_29/ydlidar_ws/install/nav2_map_server:/home/jucy/ydlidar_ws_11_29/ydlidar_ws/install/nav2_lifecycle_manager:/home/jucy/ydlidar_ws_11_29/ydlidar_ws/install/nav2_bt_navigator:/home/jucy/ydlidar_ws_11_29/ydlidar_ws/install/nav2_behavior_tree:/home/jucy/ydlidar_ws_11_29/ydlidar_ws/install/nav2_amcl:/home/jucy/ydlidar_ws_11_29/ydlidar_ws/install/nav2_util:/home/jucy/ydlidar_ws_11_29/ydlidar_ws/install/nav2_msgs:/home/jucy/ydlidar_ws_11_29/ydlidar_ws/install/nav2_common:/home/jucy/ydlidar_ws_11_29/ydlidar_ws/install/myagv_bringup:/home/jucy/new_ws/install/myagv_description:/home/jucy/new_ws/install/aseembly:/home/jucy/turtlebot3_ws/install/turtlebot3:/home/jucy/turtlebot3_ws/install/turtlebot3_simulations:/home/jucy/turtlebot3_ws/install/turtlebot3_bringup:/home/jucy/turtlebot3_ws/install/turtlebot3_node:/home/jucy/turtlebot3_ws/install/turtlebot3_navigation2:/home/jucy/turtlebot3_ws/install/turtlebot3_fake_node:/home/jucy/turtlebot3_ws/install/turtlebot3_msgs:/home/jucy/turtlebot3_ws/install/turtlebot3_gazebo:/home/jucy/turtlebot3_ws/install/turtlebot3_description:/home/jucy/turtlebot3_ws/install/turtlebot3_cartographer:/home/jucy/turtlebot3_ws/install/dynamixel_sdk_examples:/home/jucy/turtlebot3_ws/install/dynamixel_sdk_custom_interfaces:/home/jucy/turtlebot3_ws/install/dynamixel_sdk:/home/jucy/ros2_ws/install/nav2_system_tests:/home/jucy/ros2_ws/install/nav2_bringup:/home/jucy/ros2_ws/install/navigation2:/home/jucy/ros2_ws/install/smac_planner:/home/jucy/ros2_ws/install/ps2_controller:/home/jucy/ros2_ws/install/nav2_dwb_controller:/home/jucy/ros2_ws/install/nav2_controller:/home/jucy/ros2_ws/install/dwb_plugins:/home/jucy/ros2_ws/install/dwb_critics:/home/jucy/ros2_ws/install/dwb_core:/home/jucy/ros2_ws/install/nav_2d_utils:/home/jucy/ros2_ws/install/dwb_msgs:/home/jucy/ros2_ws/install/nav_2d_msgs:/home/jucy/ros2_ws/install/nav2_waypoint_follower:/home/jucy/ros2_ws/install/nav2_regulated_pure_pursuit_controller:/home/jucy/ros2_ws/install/nav2_recoveries:/home/jucy/ros2_ws/install/nav2_planner:/home/jucy/ros2_ws/install/nav2_navfn_planner:/home/jucy/ros2_ws/install/nav2_core:/home/jucy/ros2_ws/install/costmap_queue:/home/jucy/ros2_ws/install/nav2_costmap_2d:/home/jucy/ros2_ws/install/nav2_voxel_grid:/home/jucy/ros2_ws/install/nav2_rviz_plugins:/home/jucy/ros2_ws/install/nav2_map_server:/home/jucy/ros2_ws/install/nav2_lifecycle_manager:/home/jucy/ros2_ws/install/nav2_bt_navigator:/home/jucy/ros2_ws/install/nav2_behavior_tree:/home/jucy/ros2_ws/install/nav2_amcl:/home/jucy/ros2_ws/install/nav2_util:/home/jucy/ros2_ws/install/nav2_msgs:/home/jucy/ros2_ws/install/nav2_common:/home/jucy/ydlidar_ros2_ws/install/ydlidar_ros2_driver:/home/jucy/ydlidar_ros2_ws/install/ps2_controller:/home/jucy/ydlidar_ros2_ws/install/myagv_navigation2:/home/jucy/ydlidar_ros2_ws/install/myagv_bringup:/home/jucy/ydlidar_ros2_ws/install/myagv_description:/home/jucy/ydlidar_ros2_wss/install/ydlidar_ros2_driver:/opt/ros/foxy:/opt/ros/foxy:/home/jucy/ydlidar_ws_11_29/install/nav2_gazebo_spawner:/home/jucy/ydlidar_ws_11_29/install/jdamr200_node:/home/jucy/ydlidar_ws_11_29/ydlidar_ws/install/nav2_gazebo_spawner:/home/jucy/ydlidar_ws_11_29/ydlidar_ws/install/jdamr200_node:/home/jucy/turtlebot3_ws/install/turtlebot3_teleop:/home/jucy/turtlebot3_ws/install/turtlebot3_example:/home/jucy/turtlebot3_ws/install/nav2_goal_pulisher_test:/home/jucy/turtlebot3_ws/install/nav2_goal_publisher:/home/jucy/ros2_ws/install/nav2_simple_commander:/home/jucy/ros2_ws/install/nav2_gazebo_spawner:/home/jucy/ros2_ws/install/camera_udp_communication:/home/jucy/ros2_ws/install/agv_control_py:/home/jucy/ydlidar_ros2_ws/install/jdamr200_teleop:/home/jucy/ydlidar_ros2_ws/install/jdamr200_node /usr/bin/cmake --install /home/jucy/ydlidar_ws_11_29/ydlidar_ws/build/myagv_bringup
[2.029s] Level 1:colcon.colcon_core.environment:checking '/home/jucy/ydlidar_ws_11_29/ydlidar_ws/install/myagv_bringup' for CMake config files
[2.030s] Level 1:colcon.colcon_core.shell:create_environment_hook('myagv_bringup', 'cmake_prefix_path')
[2.031s] INFO:colcon.colcon_core.shell:Creating environment hook '/home/jucy/ydlidar_ws_11_29/ydlidar_ws/install/myagv_bringup/share/myagv_bringup/hook/cmake_prefix_path.ps1'
[2.034s] INFO:colcon.colcon_core.shell:Creating environment descriptor '/home/jucy/ydlidar_ws_11_29/ydlidar_ws/install/myagv_bringup/share/myagv_bringup/hook/cmake_prefix_path.dsv'
[2.035s] INFO:colcon.colcon_core.shell:Creating environment hook '/home/jucy/ydlidar_ws_11_29/ydlidar_ws/install/myagv_bringup/share/myagv_bringup/hook/cmake_prefix_path.sh'
[2.037s] Level 1:colcon.colcon_core.environment:checking '/home/jucy/ydlidar_ws_11_29/ydlidar_ws/install/myagv_bringup/bin'
[2.038s] Level 1:colcon.colcon_core.environment:checking '/home/jucy/ydlidar_ws_11_29/ydlidar_ws/install/myagv_bringup/lib/pkgconfig/myagv_bringup.pc'
[2.039s] Level 1:colcon.colcon_core.environment:checking '/home/jucy/ydlidar_ws_11_29/ydlidar_ws/install/myagv_bringup/lib/python3.8/site-packages'
[2.039s] Level 1:colcon.colcon_core.environment:checking '/home/jucy/ydlidar_ws_11_29/ydlidar_ws/install/myagv_bringup/bin'
[2.040s] INFO:colcon.colcon_core.shell:Creating package script '/home/jucy/ydlidar_ws_11_29/ydlidar_ws/install/myagv_bringup/share/myagv_bringup/package.ps1'
[2.042s] INFO:colcon.colcon_core.shell:Creating package descriptor '/home/jucy/ydlidar_ws_11_29/ydlidar_ws/install/myagv_bringup/share/myagv_bringup/package.dsv'
[2.044s] INFO:colcon.colcon_core.shell:Creating package script '/home/jucy/ydlidar_ws_11_29/ydlidar_ws/install/myagv_bringup/share/myagv_bringup/package.sh'
[2.045s] INFO:colcon.colcon_core.shell:Creating package script '/home/jucy/ydlidar_ws_11_29/ydlidar_ws/install/myagv_bringup/share/myagv_bringup/package.bash'
[2.046s] INFO:colcon.colcon_core.shell:Creating package script '/home/jucy/ydlidar_ws_11_29/ydlidar_ws/install/myagv_bringup/share/myagv_bringup/package.zsh'
[2.047s] Level 1:colcon.colcon_core.environment:create_file_with_runtime_dependencies(/home/jucy/ydlidar_ws_11_29/ydlidar_ws/install/myagv_bringup/share/colcon-core/packages/myagv_bringup)
[2.049s] Level 1:colcon.colcon_core.environment:create_environment_scripts_only(myagv_bringup)
[2.050s] Level 1:colcon.colcon_core.environment:checking '/home/jucy/ydlidar_ws_11_29/ydlidar_ws/install/myagv_bringup' for CMake module files
[2.051s] Level 1:colcon.colcon_core.environment:checking '/home/jucy/ydlidar_ws_11_29/ydlidar_ws/install/myagv_bringup' for CMake config files
[2.051s] Level 1:colcon.colcon_core.shell:create_environment_hook('myagv_bringup', 'cmake_prefix_path')
[2.052s] INFO:colcon.colcon_core.shell:Creating environment hook '/home/jucy/ydlidar_ws_11_29/ydlidar_ws/install/myagv_bringup/share/myagv_bringup/hook/cmake_prefix_path.ps1'
[2.053s] INFO:colcon.colcon_core.shell:Creating environment descriptor '/home/jucy/ydlidar_ws_11_29/ydlidar_ws/install/myagv_bringup/share/myagv_bringup/hook/cmake_prefix_path.dsv'
[2.054s] INFO:colcon.colcon_core.shell:Creating environment hook '/home/jucy/ydlidar_ws_11_29/ydlidar_ws/install/myagv_bringup/share/myagv_bringup/hook/cmake_prefix_path.sh'
[2.055s] Level 1:colcon.colcon_core.environment:checking '/home/jucy/ydlidar_ws_11_29/ydlidar_ws/install/myagv_bringup/bin'
[2.055s] Level 1:colcon.colcon_core.environment:checking '/home/jucy/ydlidar_ws_11_29/ydlidar_ws/install/myagv_bringup/lib/pkgconfig/myagv_bringup.pc'
[2.055s] Level 1:colcon.colcon_core.environment:checking '/home/jucy/ydlidar_ws_11_29/ydlidar_ws/install/myagv_bringup/lib/python3.8/site-packages'
[2.055s] Level 1:colcon.colcon_core.environment:checking '/home/jucy/ydlidar_ws_11_29/ydlidar_ws/install/myagv_bringup/bin'
[2.056s] INFO:colcon.colcon_core.shell:Creating package script '/home/jucy/ydlidar_ws_11_29/ydlidar_ws/install/myagv_bringup/share/myagv_bringup/package.ps1'
[2.057s] INFO:colcon.colcon_core.shell:Creating package descriptor '/home/jucy/ydlidar_ws_11_29/ydlidar_ws/install/myagv_bringup/share/myagv_bringup/package.dsv'
[2.057s] INFO:colcon.colcon_core.shell:Creating package script '/home/jucy/ydlidar_ws_11_29/ydlidar_ws/install/myagv_bringup/share/myagv_bringup/package.sh'
[2.058s] INFO:colcon.colcon_core.shell:Creating package script '/home/jucy/ydlidar_ws_11_29/ydlidar_ws/install/myagv_bringup/share/myagv_bringup/package.bash'
[2.059s] INFO:colcon.colcon_core.shell:Creating package script '/home/jucy/ydlidar_ws_11_29/ydlidar_ws/install/myagv_bringup/share/myagv_bringup/package.zsh'
[2.060s] Level 1:colcon.colcon_core.environment:create_file_with_runtime_dependencies(/home/jucy/ydlidar_ws_11_29/ydlidar_ws/install/myagv_bringup/share/colcon-core/packages/myagv_bringup)
[3.798s] DEBUG:colcon.colcon_core.event_handler.log_command:Invoking command in '/home/jucy/ydlidar_ws_11_29/ydlidar_ws/src/jdamr200_node': PYTHONPATH=/home/jucy/ydlidar_ws_11_29/ydlidar_ws/build/jdamr200_node/prefix_override:/usr/lib/python3/dist-packages/colcon_core/task/python/colcon_distutils_commands:/home/jucy/ydlidar_ws_11_29/ydlidar_ws/install/jdamr200_node/lib/python3.8/site-packages:${PYTHONPATH} /usr/bin/python3 -W ignore:setup.py install is deprecated -W ignore:easy_install command is deprecated setup.py egg_info --egg-base ../../build/jdamr200_node build --build-base /home/jucy/ydlidar_ws_11_29/ydlidar_ws/build/jdamr200_node/build install --record /home/jucy/ydlidar_ws_11_29/ydlidar_ws/build/jdamr200_node/install.log --single-version-externally-managed install_data
[4.338s] Level 1:colcon.colcon_core.environment:checking '/home/jucy/ydlidar_ws_11_29/ydlidar_ws/install/jdamr200_node' for CMake module files
[4.339s] DEBUG:colcon.colcon_core.event_handler.log_command:Invoked command in '/home/jucy/ydlidar_ws_11_29/ydlidar_ws/src/jdamr200_node' returned '0': PYTHONPATH=/home/jucy/ydlidar_ws_11_29/ydlidar_ws/build/jdamr200_node/prefix_override:/usr/lib/python3/dist-packages/colcon_core/task/python/colcon_distutils_commands:/home/jucy/ydlidar_ws_11_29/ydlidar_ws/install/jdamr200_node/lib/python3.8/site-packages:${PYTHONPATH} /usr/bin/python3 -W ignore:setup.py install is deprecated -W ignore:easy_install command is deprecated setup.py egg_info --egg-base ../../build/jdamr200_node build --build-base /home/jucy/ydlidar_ws_11_29/ydlidar_ws/build/jdamr200_node/build install --record /home/jucy/ydlidar_ws_11_29/ydlidar_ws/build/jdamr200_node/install.log --single-version-externally-managed install_data
[4.339s] Level 1:colcon.colcon_core.environment:checking '/home/jucy/ydlidar_ws_11_29/ydlidar_ws/install/jdamr200_node' for CMake config files
[4.339s] Level 1:colcon.colcon_core.environment:checking '/home/jucy/ydlidar_ws_11_29/ydlidar_ws/install/jdamr200_node/lib'
[4.339s] Level 1:colcon.colcon_core.environment:checking '/home/jucy/ydlidar_ws_11_29/ydlidar_ws/install/jdamr200_node/bin'
[4.339s] Level 1:colcon.colcon_core.environment:checking '/home/jucy/ydlidar_ws_11_29/ydlidar_ws/install/jdamr200_node/lib/pkgconfig/jdamr200_node.pc'
[4.340s] Level 1:colcon.colcon_core.environment:checking '/home/jucy/ydlidar_ws_11_29/ydlidar_ws/install/jdamr200_node/lib/python3.8/site-packages'
[4.340s] Level 1:colcon.colcon_core.shell:create_environment_hook('jdamr200_node', 'pythonpath')
[4.340s] INFO:colcon.colcon_core.shell:Creating environment hook '/home/jucy/ydlidar_ws_11_29/ydlidar_ws/install/jdamr200_node/share/jdamr200_node/hook/pythonpath.ps1'
[4.341s] INFO:colcon.colcon_core.shell:Creating environment descriptor '/home/jucy/ydlidar_ws_11_29/ydlidar_ws/install/jdamr200_node/share/jdamr200_node/hook/pythonpath.dsv'
[4.341s] INFO:colcon.colcon_core.shell:Creating environment hook '/home/jucy/ydlidar_ws_11_29/ydlidar_ws/install/jdamr200_node/share/jdamr200_node/hook/pythonpath.sh'
[4.341s] Level 1:colcon.colcon_core.environment:checking '/home/jucy/ydlidar_ws_11_29/ydlidar_ws/install/jdamr200_node/bin'
[4.341s] Level 1:colcon.colcon_core.environment:create_environment_scripts_only(jdamr200_node)
[4.342s] INFO:colcon.colcon_core.shell:Creating package script '/home/jucy/ydlidar_ws_11_29/ydlidar_ws/install/jdamr200_node/share/jdamr200_node/package.ps1'
[4.342s] INFO:colcon.colcon_core.shell:Creating package descriptor '/home/jucy/ydlidar_ws_11_29/ydlidar_ws/install/jdamr200_node/share/jdamr200_node/package.dsv'
[4.343s] INFO:colcon.colcon_core.shell:Creating package script '/home/jucy/ydlidar_ws_11_29/ydlidar_ws/install/jdamr200_node/share/jdamr200_node/package.sh'
[4.343s] INFO:colcon.colcon_core.shell:Creating package script '/home/jucy/ydlidar_ws_11_29/ydlidar_ws/install/jdamr200_node/share/jdamr200_node/package.bash'
[4.343s] INFO:colcon.colcon_core.shell:Creating package script '/home/jucy/ydlidar_ws_11_29/ydlidar_ws/install/jdamr200_node/share/jdamr200_node/package.zsh'
[4.344s] Level 1:colcon.colcon_core.environment:create_file_with_runtime_dependencies(/home/jucy/ydlidar_ws_11_29/ydlidar_ws/install/jdamr200_node/share/colcon-core/packages/jdamr200_node)
[4.344s] DEBUG:colcon.colcon_parallel_executor.executor.parallel:closing loop
[4.344s] DEBUG:colcon.colcon_parallel_executor.executor.parallel:loop closed
[4.344s] DEBUG:colcon.colcon_parallel_executor.executor.parallel:run_until_complete finished with '0'
[4.344s] DEBUG:colcon.colcon_core.event_reactor:joining thread
[4.351s] INFO:colcon.colcon_core.plugin_system:Skipping extension 'colcon_notification.desktop_notification.terminal_notifier': Not used on non-Darwin systems
[4.351s] INFO:colcon.colcon_core.plugin_system:Skipping extension 'colcon_notification.desktop_notification.win32': Not used on non-Windows systems
[4.351s] INFO:colcon.colcon_notification.desktop_notification:Sending desktop notification using 'notify2'
[4.373s] DEBUG:colcon.colcon_core.event_reactor:joined thread
[4.374s] INFO:colcon.colcon_core.shell:Creating prefix script '/home/jucy/ydlidar_ws_11_29/ydlidar_ws/install/local_setup.ps1'
[4.378s] INFO:colcon.colcon_core.shell:Creating prefix util module '/home/jucy/ydlidar_ws_11_29/ydlidar_ws/install/_local_setup_util_ps1.py'
[4.384s] INFO:colcon.colcon_core.shell:Creating prefix chain script '/home/jucy/ydlidar_ws_11_29/ydlidar_ws/install/setup.ps1'
[4.406s] INFO:colcon.colcon_core.shell:Creating prefix script '/home/jucy/ydlidar_ws_11_29/ydlidar_ws/install/local_setup.sh'
[4.407s] INFO:colcon.colcon_core.shell:Creating prefix util module '/home/jucy/ydlidar_ws_11_29/ydlidar_ws/install/_local_setup_util_sh.py'
[4.408s] INFO:colcon.colcon_core.shell:Creating prefix chain script '/home/jucy/ydlidar_ws_11_29/ydlidar_ws/install/setup.sh'
[4.420s] INFO:colcon.colcon_core.shell:Creating prefix script '/home/jucy/ydlidar_ws_11_29/ydlidar_ws/install/local_setup.bash'
[4.421s] INFO:colcon.colcon_core.shell:Creating prefix chain script '/home/jucy/ydlidar_ws_11_29/ydlidar_ws/install/setup.bash'
[4.429s] INFO:colcon.colcon_core.shell:Creating prefix script '/home/jucy/ydlidar_ws_11_29/ydlidar_ws/install/local_setup.zsh'
[4.430s] INFO:colcon.colcon_core.shell:Creating prefix chain script '/home/jucy/ydlidar_ws_11_29/ydlidar_ws/install/setup.zsh'
