[0.070s] Invoking command in '/home/jucy/ydlidar_ws_11_29/ydlidar_ws/build/nav2_common': CMAKE_PREFIX_PATH=${CMAKE_PREFIX_PATH}:/home/jucy/ydlidar_ws_11_29/install/nav2_gazebo_spawner:/home/jucy/ydlidar_ws_11_29/install/jdamr200_node:/home/jucy/turtlebot3_ws/install/turtlebot3_teleop:/home/jucy/turtlebot3_ws/install/turtlebot3_example:/home/jucy/turtlebot3_ws/install/nav2_goal_pulisher_test:/home/jucy/turtlebot3_ws/install/nav2_goal_publisher:/home/jucy/ros2_ws/install/camera_udp_communication:/home/jucy/ros2_ws/install/agv_control_py:/home/jucy/ydlidar_ros2_ws/install/jdamr200_teleop:/home/jucy/ydlidar_ros2_ws/install/jdamr200_node /usr/bin/cmake /home/jucy/ydlidar_ws_11_29/ydlidar_ws/src/navigation2/nav2_common -DCMAKE_INSTALL_PREFIX=/home/jucy/ydlidar_ws_11_29/ydlidar_ws/install/nav2_common
[0.566s] -- Found ament_cmake_core: 0.9.12 (/opt/ros/foxy/share/ament_cmake_core/cmake)
[0.567s] -- Found PythonInterp: /usr/bin/python3 (found suitable version "3.8.10", minimum required is "3") 
[0.569s] -- Using PYTHON_EXECUTABLE: /usr/bin/python3
[0.569s] -- Found ament_cmake_python: 0.9.12 (/opt/ros/foxy/share/ament_cmake_python/cmake)
[0.570s] -- Configuring done
[0.570s] -- Generating done
[0.572s] -- Build files have been written to: /home/jucy/ydlidar_ws_11_29/ydlidar_ws/build/nav2_common
[0.580s] Invoked command in '/home/jucy/ydlidar_ws_11_29/ydlidar_ws/build/nav2_common' returned '0': CMAKE_PREFIX_PATH=${CMAKE_PREFIX_PATH}:/home/jucy/ydlidar_ws_11_29/install/nav2_gazebo_spawner:/home/jucy/ydlidar_ws_11_29/install/jdamr200_node:/home/jucy/turtlebot3_ws/install/turtlebot3_teleop:/home/jucy/turtlebot3_ws/install/turtlebot3_example:/home/jucy/turtlebot3_ws/install/nav2_goal_pulisher_test:/home/jucy/turtlebot3_ws/install/nav2_goal_publisher:/home/jucy/ros2_ws/install/camera_udp_communication:/home/jucy/ros2_ws/install/agv_control_py:/home/jucy/ydlidar_ros2_ws/install/jdamr200_teleop:/home/jucy/ydlidar_ros2_ws/install/jdamr200_node /usr/bin/cmake /home/jucy/ydlidar_ws_11_29/ydlidar_ws/src/navigation2/nav2_common -DCMAKE_INSTALL_PREFIX=/home/jucy/ydlidar_ws_11_29/ydlidar_ws/install/nav2_common
[0.581s] Invoking command in '/home/jucy/ydlidar_ws_11_29/ydlidar_ws/build/nav2_common': CMAKE_PREFIX_PATH=${CMAKE_PREFIX_PATH}:/home/jucy/ydlidar_ws_11_29/install/nav2_gazebo_spawner:/home/jucy/ydlidar_ws_11_29/install/jdamr200_node:/home/jucy/turtlebot3_ws/install/turtlebot3_teleop:/home/jucy/turtlebot3_ws/install/turtlebot3_example:/home/jucy/turtlebot3_ws/install/nav2_goal_pulisher_test:/home/jucy/turtlebot3_ws/install/nav2_goal_publisher:/home/jucy/ros2_ws/install/camera_udp_communication:/home/jucy/ros2_ws/install/agv_control_py:/home/jucy/ydlidar_ros2_ws/install/jdamr200_teleop:/home/jucy/ydlidar_ros2_ws/install/jdamr200_node /usr/bin/cmake --build /home/jucy/ydlidar_ws_11_29/ydlidar_ws/build/nav2_common -- -j12 -l12
[0.625s] Invoked command in '/home/jucy/ydlidar_ws_11_29/ydlidar_ws/build/nav2_common' returned '0': CMAKE_PREFIX_PATH=${CMAKE_PREFIX_PATH}:/home/jucy/ydlidar_ws_11_29/install/nav2_gazebo_spawner:/home/jucy/ydlidar_ws_11_29/install/jdamr200_node:/home/jucy/turtlebot3_ws/install/turtlebot3_teleop:/home/jucy/turtlebot3_ws/install/turtlebot3_example:/home/jucy/turtlebot3_ws/install/nav2_goal_pulisher_test:/home/jucy/turtlebot3_ws/install/nav2_goal_publisher:/home/jucy/ros2_ws/install/camera_udp_communication:/home/jucy/ros2_ws/install/agv_control_py:/home/jucy/ydlidar_ros2_ws/install/jdamr200_teleop:/home/jucy/ydlidar_ros2_ws/install/jdamr200_node /usr/bin/cmake --build /home/jucy/ydlidar_ws_11_29/ydlidar_ws/build/nav2_common -- -j12 -l12
[0.644s] Invoking command in '/home/jucy/ydlidar_ws_11_29/ydlidar_ws/build/nav2_common': CMAKE_PREFIX_PATH=${CMAKE_PREFIX_PATH}:/home/jucy/ydlidar_ws_11_29/install/nav2_gazebo_spawner:/home/jucy/ydlidar_ws_11_29/install/jdamr200_node:/home/jucy/turtlebot3_ws/install/turtlebot3_teleop:/home/jucy/turtlebot3_ws/install/turtlebot3_example:/home/jucy/turtlebot3_ws/install/nav2_goal_pulisher_test:/home/jucy/turtlebot3_ws/install/nav2_goal_publisher:/home/jucy/ros2_ws/install/camera_udp_communication:/home/jucy/ros2_ws/install/agv_control_py:/home/jucy/ydlidar_ros2_ws/install/jdamr200_teleop:/home/jucy/ydlidar_ros2_ws/install/jdamr200_node /usr/bin/cmake --install /home/jucy/ydlidar_ws_11_29/ydlidar_ws/build/nav2_common
[0.656s] -- Install configuration: ""
[0.656s] -- Installing: /home/jucy/ydlidar_ws_11_29/ydlidar_ws/install/nav2_common/share/nav2_common/environment/pythonpath.sh
[0.656s] -- Installing: /home/jucy/ydlidar_ws_11_29/ydlidar_ws/install/nav2_common/share/nav2_common/environment/pythonpath.dsv
[0.656s] -- Installing: /home/jucy/ydlidar_ws_11_29/ydlidar_ws/install/nav2_common/lib/python3.8/site-packages/nav2_common
[0.656s] -- Installing: /home/jucy/ydlidar_ws_11_29/ydlidar_ws/install/nav2_common/lib/python3.8/site-packages/nav2_common/launch
[0.656s] -- Installing: /home/jucy/ydlidar_ws_11_29/ydlidar_ws/install/nav2_common/lib/python3.8/site-packages/nav2_common/launch/rewritten_yaml.py
[0.713s] -- Installing: /home/jucy/ydlidar_ws_11_29/ydlidar_ws/install/nav2_common/lib/python3.8/site-packages/nav2_common/launch/replace_string.py
[0.715s] -- Installing: /home/jucy/ydlidar_ws_11_29/ydlidar_ws/install/nav2_common/lib/python3.8/site-packages/nav2_common/launch/has_node_params.py
[0.716s] -- Installing: /home/jucy/ydlidar_ws_11_29/ydlidar_ws/install/nav2_common/lib/python3.8/site-packages/nav2_common/launch/__init__.py
[0.716s] -- Installing: /home/jucy/ydlidar_ws_11_29/ydlidar_ws/install/nav2_common/lib/python3.8/site-packages/nav2_common/__init__.py
[0.765s] Listing '/home/jucy/ydlidar_ws_11_29/ydlidar_ws/install/nav2_common/lib/python3.8/site-packages/nav2_common'...
[0.765s] Compiling '/home/jucy/ydlidar_ws_11_29/ydlidar_ws/install/nav2_common/lib/python3.8/site-packages/nav2_common/__init__.py'...
[0.765s] Listing '/home/jucy/ydlidar_ws_11_29/ydlidar_ws/install/nav2_common/lib/python3.8/site-packages/nav2_common/launch'...
[0.765s] Compiling '/home/jucy/ydlidar_ws_11_29/ydlidar_ws/install/nav2_common/lib/python3.8/site-packages/nav2_common/launch/__init__.py'...
[0.765s] Compiling '/home/jucy/ydlidar_ws_11_29/ydlidar_ws/install/nav2_common/lib/python3.8/site-packages/nav2_common/launch/has_node_params.py'...
[0.765s] Compiling '/home/jucy/ydlidar_ws_11_29/ydlidar_ws/install/nav2_common/lib/python3.8/site-packages/nav2_common/launch/replace_string.py'...
[0.766s] Compiling '/home/jucy/ydlidar_ws_11_29/ydlidar_ws/install/nav2_common/lib/python3.8/site-packages/nav2_common/launch/rewritten_yaml.py'...
[0.769s] -- Installing: /home/jucy/ydlidar_ws_11_29/ydlidar_ws/install/nav2_common/share/ament_index/resource_index/package_run_dependencies/nav2_common
[0.770s] -- Installing: /home/jucy/ydlidar_ws_11_29/ydlidar_ws/install/nav2_common/share/ament_index/resource_index/parent_prefix_path/nav2_common
[0.770s] -- Installing: /home/jucy/ydlidar_ws_11_29/ydlidar_ws/install/nav2_common/share/nav2_common/environment/ament_prefix_path.sh
[0.770s] -- Installing: /home/jucy/ydlidar_ws_11_29/ydlidar_ws/install/nav2_common/share/nav2_common/environment/ament_prefix_path.dsv
[0.770s] -- Installing: /home/jucy/ydlidar_ws_11_29/ydlidar_ws/install/nav2_common/share/nav2_common/environment/path.sh
[0.770s] -- Installing: /home/jucy/ydlidar_ws_11_29/ydlidar_ws/install/nav2_common/share/nav2_common/environment/path.dsv
[0.771s] -- Installing: /home/jucy/ydlidar_ws_11_29/ydlidar_ws/install/nav2_common/share/nav2_common/local_setup.bash
[0.771s] -- Installing: /home/jucy/ydlidar_ws_11_29/ydlidar_ws/install/nav2_common/share/nav2_common/local_setup.sh
[0.771s] -- Installing: /home/jucy/ydlidar_ws_11_29/ydlidar_ws/install/nav2_common/share/nav2_common/local_setup.zsh
[0.771s] -- Installing: /home/jucy/ydlidar_ws_11_29/ydlidar_ws/install/nav2_common/share/nav2_common/local_setup.dsv
[0.771s] -- Installing: /home/jucy/ydlidar_ws_11_29/ydlidar_ws/install/nav2_common/share/nav2_common/package.dsv
[0.772s] -- Installing: /home/jucy/ydlidar_ws_11_29/ydlidar_ws/install/nav2_common/share/ament_index/resource_index/packages/nav2_common
[0.772s] -- Installing: /home/jucy/ydlidar_ws_11_29/ydlidar_ws/install/nav2_common/share/nav2_common/cmake/nav2_common-extras.cmake
[0.772s] -- Installing: /home/jucy/ydlidar_ws_11_29/ydlidar_ws/install/nav2_common/share/nav2_common/cmake/nav2_commonConfig.cmake
[0.772s] -- Installing: /home/jucy/ydlidar_ws_11_29/ydlidar_ws/install/nav2_common/share/nav2_common/cmake/nav2_commonConfig-version.cmake
[0.772s] -- Installing: /home/jucy/ydlidar_ws_11_29/ydlidar_ws/install/nav2_common/share/nav2_common/package.xml
[0.773s] -- Up-to-date: /home/jucy/ydlidar_ws_11_29/ydlidar_ws/install/nav2_common/share/nav2_common/cmake
[0.773s] -- Installing: /home/jucy/ydlidar_ws_11_29/ydlidar_ws/install/nav2_common/share/nav2_common/cmake/nav2_package.cmake
[0.777s] Invoked command in '/home/jucy/ydlidar_ws_11_29/ydlidar_ws/build/nav2_common' returned '0': CMAKE_PREFIX_PATH=${CMAKE_PREFIX_PATH}:/home/jucy/ydlidar_ws_11_29/install/nav2_gazebo_spawner:/home/jucy/ydlidar_ws_11_29/install/jdamr200_node:/home/jucy/turtlebot3_ws/install/turtlebot3_teleop:/home/jucy/turtlebot3_ws/install/turtlebot3_example:/home/jucy/turtlebot3_ws/install/nav2_goal_pulisher_test:/home/jucy/turtlebot3_ws/install/nav2_goal_publisher:/home/jucy/ros2_ws/install/camera_udp_communication:/home/jucy/ros2_ws/install/agv_control_py:/home/jucy/ydlidar_ros2_ws/install/jdamr200_teleop:/home/jucy/ydlidar_ros2_ws/install/jdamr200_node /usr/bin/cmake --install /home/jucy/ydlidar_ws_11_29/ydlidar_ws/build/nav2_common
