[0.017s] Invoking command in '/home/jucy/ydlidar_ws_11_29/build/myagv_bringup': CMAKE_PREFIX_PATH=/home/jucy/ydlidar_ws_11_29/install/myagv_description:/home/jucy/ydlidar_ws_11_29/install/ydlidar_ros2_driver:/home/jucy/ydlidar_ws_11_29/install/myagv_navigation2:/home/jucy/ydlidar_ws_11_29/install/myagv_bringup:/opt/ros/foxy:/opt/ros/foxy:/home/jucy/ydlidar_ws_11_29/install/jdamr200_node /usr/bin/cmake --build /home/jucy/ydlidar_ws_11_29/build/myagv_bringup -- -j12 -l12
[0.068s] Invoked command in '/home/jucy/ydlidar_ws_11_29/build/myagv_bringup' returned '0': CMAKE_PREFIX_PATH=/home/jucy/ydlidar_ws_11_29/install/myagv_description:/home/jucy/ydlidar_ws_11_29/install/ydlidar_ros2_driver:/home/jucy/ydlidar_ws_11_29/install/myagv_navigation2:/home/jucy/ydlidar_ws_11_29/install/myagv_bringup:/opt/ros/foxy:/opt/ros/foxy:/home/jucy/ydlidar_ws_11_29/install/jdamr200_node /usr/bin/cmake --build /home/jucy/ydlidar_ws_11_29/build/myagv_bringup -- -j12 -l12
[0.071s] Invoking command in '/home/jucy/ydlidar_ws_11_29/build/myagv_bringup': CMAKE_PREFIX_PATH=/home/jucy/ydlidar_ws_11_29/install/myagv_description:/home/jucy/ydlidar_ws_11_29/install/ydlidar_ros2_driver:/home/jucy/ydlidar_ws_11_29/install/myagv_navigation2:/home/jucy/ydlidar_ws_11_29/install/myagv_bringup:/opt/ros/foxy:/opt/ros/foxy:/home/jucy/ydlidar_ws_11_29/install/jdamr200_node /usr/bin/cmake --install /home/jucy/ydlidar_ws_11_29/build/myagv_bringup
[0.079s] -- Install configuration: ""
[0.079s] -- Up-to-date: /home/jucy/ydlidar_ws_11_29/install/myagv_bringup/share/myagv_bringup/launch
[0.079s] -- Up-to-date: /home/jucy/ydlidar_ws_11_29/install/myagv_bringup/share/myagv_bringup/launch/myagv_state_publisher.launch.py
[0.080s] -- Up-to-date: /home/jucy/ydlidar_ws_11_29/install/myagv_bringup/share/myagv_bringup/launch/myagv.launch.py
[0.080s] -- Up-to-date: /home/jucy/ydlidar_ws_11_29/install/myagv_bringup/share/ament_index/resource_index/package_run_dependencies/myagv_bringup
[0.081s] -- Up-to-date: /home/jucy/ydlidar_ws_11_29/install/myagv_bringup/share/ament_index/resource_index/parent_prefix_path/myagv_bringup
[0.081s] -- Up-to-date: /home/jucy/ydlidar_ws_11_29/install/myagv_bringup/share/myagv_bringup/environment/ament_prefix_path.sh
[0.082s] -- Up-to-date: /home/jucy/ydlidar_ws_11_29/install/myagv_bringup/share/myagv_bringup/environment/ament_prefix_path.dsv
[0.082s] -- Up-to-date: /home/jucy/ydlidar_ws_11_29/install/myagv_bringup/share/myagv_bringup/environment/path.sh
[0.082s] -- Up-to-date: /home/jucy/ydlidar_ws_11_29/install/myagv_bringup/share/myagv_bringup/environment/path.dsv
[0.083s] -- Up-to-date: /home/jucy/ydlidar_ws_11_29/install/myagv_bringup/share/myagv_bringup/local_setup.bash
[0.083s] -- Up-to-date: /home/jucy/ydlidar_ws_11_29/install/myagv_bringup/share/myagv_bringup/local_setup.sh
[0.083s] -- Up-to-date: /home/jucy/ydlidar_ws_11_29/install/myagv_bringup/share/myagv_bringup/local_setup.zsh
[0.083s] -- Up-to-date: /home/jucy/ydlidar_ws_11_29/install/myagv_bringup/share/myagv_bringup/local_setup.dsv
[0.084s] -- Up-to-date: /home/jucy/ydlidar_ws_11_29/install/myagv_bringup/share/myagv_bringup/package.dsv
[0.084s] -- Up-to-date: /home/jucy/ydlidar_ws_11_29/install/myagv_bringup/share/ament_index/resource_index/packages/myagv_bringup
[0.084s] -- Up-to-date: /home/jucy/ydlidar_ws_11_29/install/myagv_bringup/share/myagv_bringup/cmake/myagv_bringupConfig.cmake
[0.085s] -- Up-to-date: /home/jucy/ydlidar_ws_11_29/install/myagv_bringup/share/myagv_bringup/cmake/myagv_bringupConfig-version.cmake
[0.085s] -- Up-to-date: /home/jucy/ydlidar_ws_11_29/install/myagv_bringup/share/myagv_bringup/package.xml
[0.090s] Invoked command in '/home/jucy/ydlidar_ws_11_29/build/myagv_bringup' returned '0': CMAKE_PREFIX_PATH=/home/jucy/ydlidar_ws_11_29/install/myagv_description:/home/jucy/ydlidar_ws_11_29/install/ydlidar_ros2_driver:/home/jucy/ydlidar_ws_11_29/install/myagv_navigation2:/home/jucy/ydlidar_ws_11_29/install/myagv_bringup:/opt/ros/foxy:/opt/ros/foxy:/home/jucy/ydlidar_ws_11_29/install/jdamr200_node /usr/bin/cmake --install /home/jucy/ydlidar_ws_11_29/build/myagv_bringup
