[1.174s] Invoking command in '/home/jucy/ydlidar_ws_11_29/ydlidar_ws/src/jdamr200_node': PYTHONPATH=/home/jucy/ydlidar_ws_11_29/ydlidar_ws/build/jdamr200_node/prefix_override:/usr/lib/python3/dist-packages/colcon_core/task/python/colcon_distutils_commands:/home/jucy/ydlidar_ws_11_29/ydlidar_ws/install/jdamr200_node/lib/python3.8/site-packages:${PYTHONPATH} /usr/bin/python3 -W ignore:setup.py install is deprecated -W ignore:easy_install command is deprecated setup.py egg_info --egg-base ../../build/jdamr200_node build --build-base /home/jucy/ydlidar_ws_11_29/ydlidar_ws/build/jdamr200_node/build install --record /home/jucy/ydlidar_ws_11_29/ydlidar_ws/build/jdamr200_node/install.log --single-version-externally-managed install_data
[1.571s] running egg_info
[1.572s] creating ../../build/jdamr200_node/jdamr200_node.egg-info
[1.573s] writing ../../build/jdamr200_node/jdamr200_node.egg-info/PKG-INFO
[1.573s] writing dependency_links to ../../build/jdamr200_node/jdamr200_node.egg-info/dependency_links.txt
[1.573s] writing entry points to ../../build/jdamr200_node/jdamr200_node.egg-info/entry_points.txt
[1.573s] writing requirements to ../../build/jdamr200_node/jdamr200_node.egg-info/requires.txt
[1.573s] writing top-level names to ../../build/jdamr200_node/jdamr200_node.egg-info/top_level.txt
[1.574s] writing manifest file '../../build/jdamr200_node/jdamr200_node.egg-info/SOURCES.txt'
[1.611s] reading manifest file '../../build/jdamr200_node/jdamr200_node.egg-info/SOURCES.txt'
[1.612s] writing manifest file '../../build/jdamr200_node/jdamr200_node.egg-info/SOURCES.txt'
[1.632s] running build
[1.632s] running build_py
[1.632s] creating /home/jucy/ydlidar_ws_11_29/ydlidar_ws/build/jdamr200_node/build
[1.632s] creating /home/jucy/ydlidar_ws_11_29/ydlidar_ws/build/jdamr200_node/build/lib
[1.633s] creating /home/jucy/ydlidar_ws_11_29/ydlidar_ws/build/jdamr200_node/build/lib/jdamr200_node
[1.633s] copying jdamr200_node/jdamr200_node.py -> /home/jucy/ydlidar_ws_11_29/ydlidar_ws/build/jdamr200_node/build/lib/jdamr200_node
[1.673s] copying jdamr200_node/__init__.py -> /home/jucy/ydlidar_ws_11_29/ydlidar_ws/build/jdamr200_node/build/lib/jdamr200_node
[1.673s] running install
[1.674s] running install_lib
[1.676s] creating /home/jucy/ydlidar_ws_11_29/ydlidar_ws/install/jdamr200_node/lib/python3.8/site-packages/jdamr200_node
[1.676s] copying /home/jucy/ydlidar_ws_11_29/ydlidar_ws/build/jdamr200_node/build/lib/jdamr200_node/jdamr200_node.py -> /home/jucy/ydlidar_ws_11_29/ydlidar_ws/install/jdamr200_node/lib/python3.8/site-packages/jdamr200_node
[1.676s] copying /home/jucy/ydlidar_ws_11_29/ydlidar_ws/build/jdamr200_node/build/lib/jdamr200_node/__init__.py -> /home/jucy/ydlidar_ws_11_29/ydlidar_ws/install/jdamr200_node/lib/python3.8/site-packages/jdamr200_node
[1.677s] byte-compiling /home/jucy/ydlidar_ws_11_29/ydlidar_ws/install/jdamr200_node/lib/python3.8/site-packages/jdamr200_node/jdamr200_node.py to jdamr200_node.cpython-38.pyc
[1.682s] byte-compiling /home/jucy/ydlidar_ws_11_29/ydlidar_ws/install/jdamr200_node/lib/python3.8/site-packages/jdamr200_node/__init__.py to __init__.cpython-38.pyc
[1.682s] running install_data
[1.682s] creating /home/jucy/ydlidar_ws_11_29/ydlidar_ws/install/jdamr200_node/share/ament_index
[1.682s] creating /home/jucy/ydlidar_ws_11_29/ydlidar_ws/install/jdamr200_node/share/ament_index/resource_index
[1.683s] creating /home/jucy/ydlidar_ws_11_29/ydlidar_ws/install/jdamr200_node/share/ament_index/resource_index/packages
[1.683s] copying resource/jdamr200_node -> /home/jucy/ydlidar_ws_11_29/ydlidar_ws/install/jdamr200_node/share/ament_index/resource_index/packages
[1.683s] copying package.xml -> /home/jucy/ydlidar_ws_11_29/ydlidar_ws/install/jdamr200_node/share/jdamr200_node
[1.683s] running install_egg_info
[1.686s] Copying ../../build/jdamr200_node/jdamr200_node.egg-info to /home/jucy/ydlidar_ws_11_29/ydlidar_ws/install/jdamr200_node/lib/python3.8/site-packages/jdamr200_node-0.0.0-py3.8.egg-info
[1.687s] running install_scripts
[1.717s] Installing jdamr200_node script to /home/jucy/ydlidar_ws_11_29/ydlidar_ws/install/jdamr200_node/lib/jdamr200_node
[1.717s] writing list of installed files to '/home/jucy/ydlidar_ws_11_29/ydlidar_ws/build/jdamr200_node/install.log'
[1.746s] Invoked command in '/home/jucy/ydlidar_ws_11_29/ydlidar_ws/src/jdamr200_node' returned '0': PYTHONPATH=/home/jucy/ydlidar_ws_11_29/ydlidar_ws/build/jdamr200_node/prefix_override:/usr/lib/python3/dist-packages/colcon_core/task/python/colcon_distutils_commands:/home/jucy/ydlidar_ws_11_29/ydlidar_ws/install/jdamr200_node/lib/python3.8/site-packages:${PYTHONPATH} /usr/bin/python3 -W ignore:setup.py install is deprecated -W ignore:easy_install command is deprecated setup.py egg_info --egg-base ../../build/jdamr200_node build --build-base /home/jucy/ydlidar_ws_11_29/ydlidar_ws/build/jdamr200_node/build install --record /home/jucy/ydlidar_ws_11_29/ydlidar_ws/build/jdamr200_node/install.log --single-version-externally-managed install_data
