-- Install configuration: ""
-- Up-to-date: /home/jucy/ydlidar_ws_11_29/ydlidar_ws/install/myagv_navigation2/share/myagv_navigation2/launch
-- Up-to-date: /home/jucy/ydlidar_ws_11_29/ydlidar_ws/install/myagv_navigation2/share/myagv_navigation2/launch/navigation2.launch.py
-- Up-to-date: /home/jucy/ydlidar_ws_11_29/ydlidar_ws/install/myagv_navigation2/share/myagv_navigation2/map
-- Up-to-date: /home/jucy/ydlidar_ws_11_29/ydlidar_ws/install/myagv_navigation2/share/myagv_navigation2/map/test7_map.pgm
-- Up-to-date: /home/jucy/ydlidar_ws_11_29/ydlidar_ws/install/myagv_navigation2/share/myagv_navigation2/map/test5_map.yaml
-- Up-to-date: /home/jucy/ydlidar_ws_11_29/ydlidar_ws/install/myagv_navigation2/share/myagv_navigation2/map/test4_map.yaml
-- Up-to-date: /home/jucy/ydlidar_ws_11_29/ydlidar_ws/install/myagv_navigation2/share/myagv_navigation2/map/test6_map.pgm
-- Up-to-date: /home/jucy/ydlidar_ws_11_29/ydlidar_ws/install/myagv_navigation2/share/myagv_navigation2/map/test4_map.pgm
-- Up-to-date: /home/jucy/ydlidar_ws_11_29/ydlidar_ws/install/myagv_navigation2/share/myagv_navigation2/map/test5_map.pgm
-- Up-to-date: /home/jucy/ydlidar_ws_11_29/ydlidar_ws/install/myagv_navigation2/share/myagv_navigation2/map/map.yaml
-- Up-to-date: /home/jucy/ydlidar_ws_11_29/ydlidar_ws/install/myagv_navigation2/share/myagv_navigation2/map/test6_map.yaml
-- Up-to-date: /home/jucy/ydlidar_ws_11_29/ydlidar_ws/install/myagv_navigation2/share/myagv_navigation2/map/test7_map.yaml
-- Up-to-date: /home/jucy/ydlidar_ws_11_29/ydlidar_ws/install/myagv_navigation2/share/myagv_navigation2/map/map.pgm
-- Up-to-date: /home/jucy/ydlidar_ws_11_29/ydlidar_ws/install/myagv_navigation2/share/myagv_navigation2/map/test7_map.zip
-- Up-to-date: /home/jucy/ydlidar_ws_11_29/ydlidar_ws/install/myagv_navigation2/share/myagv_navigation2/param
-- Installing: /home/jucy/ydlidar_ws_11_29/ydlidar_ws/install/myagv_navigation2/share/myagv_navigation2/param/myagv.yaml
-- Up-to-date: /home/jucy/ydlidar_ws_11_29/ydlidar_ws/install/myagv_navigation2/share/myagv_navigation2/param/follow_point_bt.xml
-- Up-to-date: /home/jucy/ydlidar_ws_11_29/ydlidar_ws/install/myagv_navigation2/share/myagv_navigation2/rviz
-- Up-to-date: /home/jucy/ydlidar_ws_11_29/ydlidar_ws/install/myagv_navigation2/share/myagv_navigation2/rviz/nav2_config_object_following.rviz
-- Up-to-date: /home/jucy/ydlidar_ws_11_29/ydlidar_ws/install/myagv_navigation2/share/ament_index/resource_index/package_run_dependencies/myagv_navigation2
-- Up-to-date: /home/jucy/ydlidar_ws_11_29/ydlidar_ws/install/myagv_navigation2/share/ament_index/resource_index/parent_prefix_path/myagv_navigation2
-- Up-to-date: /home/jucy/ydlidar_ws_11_29/ydlidar_ws/install/myagv_navigation2/share/myagv_navigation2/environment/ament_prefix_path.sh
-- Up-to-date: /home/jucy/ydlidar_ws_11_29/ydlidar_ws/install/myagv_navigation2/share/myagv_navigation2/environment/ament_prefix_path.dsv
-- Up-to-date: /home/jucy/ydlidar_ws_11_29/ydlidar_ws/install/myagv_navigation2/share/myagv_navigation2/environment/path.sh
-- Up-to-date: /home/jucy/ydlidar_ws_11_29/ydlidar_ws/install/myagv_navigation2/share/myagv_navigation2/environment/path.dsv
-- Up-to-date: /home/jucy/ydlidar_ws_11_29/ydlidar_ws/install/myagv_navigation2/share/myagv_navigation2/local_setup.bash
-- Up-to-date: /home/jucy/ydlidar_ws_11_29/ydlidar_ws/install/myagv_navigation2/share/myagv_navigation2/local_setup.sh
-- Up-to-date: /home/jucy/ydlidar_ws_11_29/ydlidar_ws/install/myagv_navigation2/share/myagv_navigation2/local_setup.zsh
-- Up-to-date: /home/jucy/ydlidar_ws_11_29/ydlidar_ws/install/myagv_navigation2/share/myagv_navigation2/local_setup.dsv
-- Up-to-date: /home/jucy/ydlidar_ws_11_29/ydlidar_ws/install/myagv_navigation2/share/myagv_navigation2/package.dsv
-- Up-to-date: /home/jucy/ydlidar_ws_11_29/ydlidar_ws/install/myagv_navigation2/share/ament_index/resource_index/packages/myagv_navigation2
-- Up-to-date: /home/jucy/ydlidar_ws_11_29/ydlidar_ws/install/myagv_navigation2/share/myagv_navigation2/cmake/myagv_navigation2Config.cmake
-- Up-to-date: /home/jucy/ydlidar_ws_11_29/ydlidar_ws/install/myagv_navigation2/share/myagv_navigation2/cmake/myagv_navigation2Config-version.cmake
-- Up-to-date: /home/jucy/ydlidar_ws_11_29/ydlidar_ws/install/myagv_navigation2/share/myagv_navigation2/package.xml
