[0.045s] Invoking command in '/home/jucy/ydlidar_ws_11_29/build/dwb_msgs': AMENT_PREFIX_PATH=/home/jucy/ydlidar_ws_11_29/install/nav_2d_msgs:${AMENT_PREFIX_PATH} CMAKE_PREFIX_PATH=/home/jucy/ydlidar_ws_11_29/install/nav_2d_msgs:/opt/ros/foxy:/opt/ros/foxy LD_LIBRARY_PATH=/home/jucy/ydlidar_ws_11_29/install/nav_2d_msgs/lib:${LD_LIBRARY_PATH} PYTHONPATH=/home/jucy/ydlidar_ws_11_29/install/nav_2d_msgs/lib/python3.8/site-packages:${PYTHONPATH} /usr/bin/cmake --build /home/jucy/ydlidar_ws_11_29/build/dwb_msgs -- -j12 -l12
[0.111s] [  1%] Built target dwb_msgs__cpp
[0.118s] [ 12%] Built target dwb_msgs__rosidl_generator_c
[0.153s] [ 24%] Built target dwb_msgs__rosidl_typesupport_cpp
[0.155s] [ 35%] Built target dwb_msgs__rosidl_typesupport_introspection_cpp
[0.169s] [ 47%] Built target dwb_msgs__rosidl_typesupport_fastrtps_cpp
[0.173s] [ 58%] Built target dwb_msgs__rosidl_typesupport_introspection_c
[0.175s] [ 70%] Built target dwb_msgs__rosidl_typesupport_c
[0.212s] [ 82%] Built target dwb_msgs__rosidl_typesupport_fastrtps_c
[0.234s] [ 82%] Built target dwb_msgs
[0.257s] [ 83%] Built target dwb_msgs__py
[0.291s] [ 93%] Built target dwb_msgs__python
[0.323s] [ 95%] Built target dwb_msgs__rosidl_typesupport_fastrtps_c__pyext
[0.323s] [100%] Built target dwb_msgs__rosidl_typesupport_c__pyext
[0.323s] [100%] Built target dwb_msgs__rosidl_typesupport_introspection_c__pyext
[0.336s] Invoked command in '/home/jucy/ydlidar_ws_11_29/build/dwb_msgs' returned '0': AMENT_PREFIX_PATH=/home/jucy/ydlidar_ws_11_29/install/nav_2d_msgs:${AMENT_PREFIX_PATH} CMAKE_PREFIX_PATH=/home/jucy/ydlidar_ws_11_29/install/nav_2d_msgs:/opt/ros/foxy:/opt/ros/foxy LD_LIBRARY_PATH=/home/jucy/ydlidar_ws_11_29/install/nav_2d_msgs/lib:${LD_LIBRARY_PATH} PYTHONPATH=/home/jucy/ydlidar_ws_11_29/install/nav_2d_msgs/lib/python3.8/site-packages:${PYTHONPATH} /usr/bin/cmake --build /home/jucy/ydlidar_ws_11_29/build/dwb_msgs -- -j12 -l12
[0.339s] Invoking command in '/home/jucy/ydlidar_ws_11_29/build/dwb_msgs': AMENT_PREFIX_PATH=/home/jucy/ydlidar_ws_11_29/install/nav_2d_msgs:${AMENT_PREFIX_PATH} CMAKE_PREFIX_PATH=/home/jucy/ydlidar_ws_11_29/install/nav_2d_msgs:/opt/ros/foxy:/opt/ros/foxy LD_LIBRARY_PATH=/home/jucy/ydlidar_ws_11_29/install/nav_2d_msgs/lib:${LD_LIBRARY_PATH} PYTHONPATH=/home/jucy/ydlidar_ws_11_29/install/nav_2d_msgs/lib/python3.8/site-packages:${PYTHONPATH} /usr/bin/cmake --install /home/jucy/ydlidar_ws_11_29/build/dwb_msgs
[0.348s] -- Install configuration: ""
[0.349s] -- Up-to-date: /home/jucy/ydlidar_ws_11_29/install/dwb_msgs/share/ament_index/resource_index/rosidl_interfaces/dwb_msgs
[0.349s] -- Up-to-date: /home/jucy/ydlidar_ws_11_29/install/dwb_msgs/include/dwb_msgs
[0.349s] -- Up-to-date: /home/jucy/ydlidar_ws_11_29/install/dwb_msgs/include/dwb_msgs/msg
[0.350s] -- Up-to-date: /home/jucy/ydlidar_ws_11_29/install/dwb_msgs/include/dwb_msgs/msg/rosidl_generator_c__visibility_control.h
[0.350s] -- Up-to-date: /home/jucy/ydlidar_ws_11_29/install/dwb_msgs/include/dwb_msgs/msg/critic_score.h
[0.350s] -- Up-to-date: /home/jucy/ydlidar_ws_11_29/install/dwb_msgs/include/dwb_msgs/msg/trajectory2_d.h
[0.350s] -- Up-to-date: /home/jucy/ydlidar_ws_11_29/install/dwb_msgs/include/dwb_msgs/msg/trajectory_score.h
[0.350s] -- Up-to-date: /home/jucy/ydlidar_ws_11_29/install/dwb_msgs/include/dwb_msgs/msg/local_plan_evaluation.h
[0.351s] -- Up-to-date: /home/jucy/ydlidar_ws_11_29/install/dwb_msgs/include/dwb_msgs/msg/detail
[0.351s] -- Up-to-date: /home/jucy/ydlidar_ws_11_29/install/dwb_msgs/include/dwb_msgs/msg/detail/trajectory_score__struct.h
[0.351s] -- Up-to-date: /home/jucy/ydlidar_ws_11_29/install/dwb_msgs/include/dwb_msgs/msg/detail/local_plan_evaluation__functions.c
[0.351s] -- Up-to-date: /home/jucy/ydlidar_ws_11_29/install/dwb_msgs/include/dwb_msgs/msg/detail/local_plan_evaluation__struct.h
[0.351s] -- Up-to-date: /home/jucy/ydlidar_ws_11_29/install/dwb_msgs/include/dwb_msgs/msg/detail/trajectory2_d__struct.h
[0.352s] -- Up-to-date: /home/jucy/ydlidar_ws_11_29/install/dwb_msgs/include/dwb_msgs/msg/detail/critic_score__struct.h
[0.352s] -- Up-to-date: /home/jucy/ydlidar_ws_11_29/install/dwb_msgs/include/dwb_msgs/msg/detail/trajectory2_d__functions.c
[0.352s] -- Up-to-date: /home/jucy/ydlidar_ws_11_29/install/dwb_msgs/include/dwb_msgs/msg/detail/critic_score__functions.c
[0.352s] -- Up-to-date: /home/jucy/ydlidar_ws_11_29/install/dwb_msgs/include/dwb_msgs/msg/detail/critic_score__type_support.h
[0.352s] -- Up-to-date: /home/jucy/ydlidar_ws_11_29/install/dwb_msgs/include/dwb_msgs/msg/detail/trajectory2_d__functions.h
[0.353s] -- Up-to-date: /home/jucy/ydlidar_ws_11_29/install/dwb_msgs/include/dwb_msgs/msg/detail/trajectory_score__functions.h
[0.353s] -- Up-to-date: /home/jucy/ydlidar_ws_11_29/install/dwb_msgs/include/dwb_msgs/msg/detail/trajectory_score__type_support.h
[0.353s] -- Up-to-date: /home/jucy/ydlidar_ws_11_29/install/dwb_msgs/include/dwb_msgs/msg/detail/local_plan_evaluation__type_support.h
[0.353s] -- Up-to-date: /home/jucy/ydlidar_ws_11_29/install/dwb_msgs/include/dwb_msgs/msg/detail/local_plan_evaluation__functions.h
[0.353s] -- Up-to-date: /home/jucy/ydlidar_ws_11_29/install/dwb_msgs/include/dwb_msgs/msg/detail/trajectory_score__functions.c
[0.354s] -- Up-to-date: /home/jucy/ydlidar_ws_11_29/install/dwb_msgs/include/dwb_msgs/msg/detail/trajectory2_d__type_support.h
[0.354s] -- Up-to-date: /home/jucy/ydlidar_ws_11_29/install/dwb_msgs/include/dwb_msgs/msg/detail/critic_score__functions.h
[0.354s] -- Up-to-date: /home/jucy/ydlidar_ws_11_29/install/dwb_msgs/include/dwb_msgs/srv
[0.354s] -- Up-to-date: /home/jucy/ydlidar_ws_11_29/install/dwb_msgs/include/dwb_msgs/srv/generate_twists.h
[0.354s] -- Up-to-date: /home/jucy/ydlidar_ws_11_29/install/dwb_msgs/include/dwb_msgs/srv/generate_trajectory.h
[0.355s] -- Up-to-date: /home/jucy/ydlidar_ws_11_29/install/dwb_msgs/include/dwb_msgs/srv/debug_local_plan.h
[0.355s] -- Up-to-date: /home/jucy/ydlidar_ws_11_29/install/dwb_msgs/include/dwb_msgs/srv/detail
[0.355s] -- Up-to-date: /home/jucy/ydlidar_ws_11_29/install/dwb_msgs/include/dwb_msgs/srv/detail/debug_local_plan__type_support.h
[0.355s] -- Up-to-date: /home/jucy/ydlidar_ws_11_29/install/dwb_msgs/include/dwb_msgs/srv/detail/generate_twists__functions.h
[0.355s] -- Up-to-date: /home/jucy/ydlidar_ws_11_29/install/dwb_msgs/include/dwb_msgs/srv/detail/generate_trajectory__type_support.h
[0.355s] -- Up-to-date: /home/jucy/ydlidar_ws_11_29/install/dwb_msgs/include/dwb_msgs/srv/detail/generate_trajectory__functions.c
[0.356s] -- Up-to-date: /home/jucy/ydlidar_ws_11_29/install/dwb_msgs/include/dwb_msgs/srv/detail/score_trajectory__functions.c
[0.356s] -- Up-to-date: /home/jucy/ydlidar_ws_11_29/install/dwb_msgs/include/dwb_msgs/srv/detail/generate_twists__functions.c
[0.356s] -- Up-to-date: /home/jucy/ydlidar_ws_11_29/install/dwb_msgs/include/dwb_msgs/srv/detail/score_trajectory__struct.h
[0.356s] -- Up-to-date: /home/jucy/ydlidar_ws_11_29/install/dwb_msgs/include/dwb_msgs/srv/detail/debug_local_plan__struct.h
[0.356s] -- Up-to-date: /home/jucy/ydlidar_ws_11_29/install/dwb_msgs/include/dwb_msgs/srv/detail/get_critic_score__type_support.h
[0.357s] -- Up-to-date: /home/jucy/ydlidar_ws_11_29/install/dwb_msgs/include/dwb_msgs/srv/detail/get_critic_score__struct.h
[0.357s] -- Up-to-date: /home/jucy/ydlidar_ws_11_29/install/dwb_msgs/include/dwb_msgs/srv/detail/generate_twists__type_support.h
[0.357s] -- Up-to-date: /home/jucy/ydlidar_ws_11_29/install/dwb_msgs/include/dwb_msgs/srv/detail/generate_trajectory__struct.h
[0.357s] -- Up-to-date: /home/jucy/ydlidar_ws_11_29/install/dwb_msgs/include/dwb_msgs/srv/detail/debug_local_plan__functions.c
[0.358s] -- Up-to-date: /home/jucy/ydlidar_ws_11_29/install/dwb_msgs/include/dwb_msgs/srv/detail/get_critic_score__functions.c
[0.358s] -- Up-to-date: /home/jucy/ydlidar_ws_11_29/install/dwb_msgs/include/dwb_msgs/srv/detail/score_trajectory__functions.h
[0.358s] -- Up-to-date: /home/jucy/ydlidar_ws_11_29/install/dwb_msgs/include/dwb_msgs/srv/detail/generate_trajectory__functions.h
[0.358s] -- Up-to-date: /home/jucy/ydlidar_ws_11_29/install/dwb_msgs/include/dwb_msgs/srv/detail/get_critic_score__functions.h
[0.359s] -- Up-to-date: /home/jucy/ydlidar_ws_11_29/install/dwb_msgs/include/dwb_msgs/srv/detail/debug_local_plan__functions.h
[0.359s] -- Up-to-date: /home/jucy/ydlidar_ws_11_29/install/dwb_msgs/include/dwb_msgs/srv/detail/score_trajectory__type_support.h
[0.359s] -- Up-to-date: /home/jucy/ydlidar_ws_11_29/install/dwb_msgs/include/dwb_msgs/srv/detail/generate_twists__struct.h
[0.359s] -- Up-to-date: /home/jucy/ydlidar_ws_11_29/install/dwb_msgs/include/dwb_msgs/srv/score_trajectory.h
[0.359s] -- Up-to-date: /home/jucy/ydlidar_ws_11_29/install/dwb_msgs/include/dwb_msgs/srv/get_critic_score.h
[0.359s] -- Up-to-date: /home/jucy/ydlidar_ws_11_29/install/dwb_msgs/share/dwb_msgs/environment/library_path.sh
[0.359s] -- Up-to-date: /home/jucy/ydlidar_ws_11_29/install/dwb_msgs/share/dwb_msgs/environment/library_path.dsv
[0.360s] -- Up-to-date: /home/jucy/ydlidar_ws_11_29/install/dwb_msgs/lib/libdwb_msgs__rosidl_generator_c.so
[0.360s] -- Up-to-date: /home/jucy/ydlidar_ws_11_29/install/dwb_msgs/include/dwb_msgs
[0.360s] -- Up-to-date: /home/jucy/ydlidar_ws_11_29/install/dwb_msgs/include/dwb_msgs/msg
[0.360s] -- Up-to-date: /home/jucy/ydlidar_ws_11_29/install/dwb_msgs/include/dwb_msgs/msg/rosidl_typesupport_fastrtps_c__visibility_control.h
[0.360s] -- Up-to-date: /home/jucy/ydlidar_ws_11_29/install/dwb_msgs/include/dwb_msgs/msg/detail
[0.361s] -- Up-to-date: /home/jucy/ydlidar_ws_11_29/install/dwb_msgs/include/dwb_msgs/msg/detail/trajectory2_d__rosidl_typesupport_fastrtps_c.h
[0.361s] -- Up-to-date: /home/jucy/ydlidar_ws_11_29/install/dwb_msgs/include/dwb_msgs/msg/detail/local_plan_evaluation__rosidl_typesupport_fastrtps_c.h
[0.361s] -- Up-to-date: /home/jucy/ydlidar_ws_11_29/install/dwb_msgs/include/dwb_msgs/msg/detail/trajectory_score__rosidl_typesupport_fastrtps_c.h
[0.361s] -- Up-to-date: /home/jucy/ydlidar_ws_11_29/install/dwb_msgs/include/dwb_msgs/msg/detail/critic_score__rosidl_typesupport_fastrtps_c.h
[0.361s] -- Up-to-date: /home/jucy/ydlidar_ws_11_29/install/dwb_msgs/include/dwb_msgs/srv
[0.361s] -- Up-to-date: /home/jucy/ydlidar_ws_11_29/install/dwb_msgs/include/dwb_msgs/srv/detail
[0.361s] -- Up-to-date: /home/jucy/ydlidar_ws_11_29/install/dwb_msgs/include/dwb_msgs/srv/detail/generate_twists__rosidl_typesupport_fastrtps_c.h
[0.361s] -- Up-to-date: /home/jucy/ydlidar_ws_11_29/install/dwb_msgs/include/dwb_msgs/srv/detail/generate_trajectory__rosidl_typesupport_fastrtps_c.h
[0.361s] -- Up-to-date: /home/jucy/ydlidar_ws_11_29/install/dwb_msgs/include/dwb_msgs/srv/detail/debug_local_plan__rosidl_typesupport_fastrtps_c.h
[0.361s] -- Up-to-date: /home/jucy/ydlidar_ws_11_29/install/dwb_msgs/include/dwb_msgs/srv/detail/get_critic_score__rosidl_typesupport_fastrtps_c.h
[0.361s] -- Up-to-date: /home/jucy/ydlidar_ws_11_29/install/dwb_msgs/include/dwb_msgs/srv/detail/score_trajectory__rosidl_typesupport_fastrtps_c.h
[0.361s] -- Up-to-date: /home/jucy/ydlidar_ws_11_29/install/dwb_msgs/lib/libdwb_msgs__rosidl_typesupport_fastrtps_c.so
[0.362s] -- Up-to-date: /home/jucy/ydlidar_ws_11_29/install/dwb_msgs/include/dwb_msgs
[0.362s] -- Up-to-date: /home/jucy/ydlidar_ws_11_29/install/dwb_msgs/include/dwb_msgs/msg
[0.362s] -- Up-to-date: /home/jucy/ydlidar_ws_11_29/install/dwb_msgs/include/dwb_msgs/msg/rosidl_typesupport_fastrtps_cpp__visibility_control.h
[0.362s] -- Up-to-date: /home/jucy/ydlidar_ws_11_29/install/dwb_msgs/include/dwb_msgs/msg/detail
[0.362s] -- Up-to-date: /home/jucy/ydlidar_ws_11_29/install/dwb_msgs/include/dwb_msgs/msg/detail/trajectory2_d__rosidl_typesupport_fastrtps_cpp.hpp
[0.362s] -- Up-to-date: /home/jucy/ydlidar_ws_11_29/install/dwb_msgs/include/dwb_msgs/msg/detail/trajectory_score__rosidl_typesupport_fastrtps_cpp.hpp
[0.362s] -- Up-to-date: /home/jucy/ydlidar_ws_11_29/install/dwb_msgs/include/dwb_msgs/msg/detail/critic_score__rosidl_typesupport_fastrtps_cpp.hpp
[0.362s] -- Up-to-date: /home/jucy/ydlidar_ws_11_29/install/dwb_msgs/include/dwb_msgs/msg/detail/local_plan_evaluation__rosidl_typesupport_fastrtps_cpp.hpp
[0.362s] -- Up-to-date: /home/jucy/ydlidar_ws_11_29/install/dwb_msgs/include/dwb_msgs/msg/detail/dds_fastrtps
[0.362s] -- Up-to-date: /home/jucy/ydlidar_ws_11_29/install/dwb_msgs/include/dwb_msgs/srv
[0.362s] -- Up-to-date: /home/jucy/ydlidar_ws_11_29/install/dwb_msgs/include/dwb_msgs/srv/detail
[0.362s] -- Up-to-date: /home/jucy/ydlidar_ws_11_29/install/dwb_msgs/include/dwb_msgs/srv/detail/score_trajectory__rosidl_typesupport_fastrtps_cpp.hpp
[0.362s] -- Up-to-date: /home/jucy/ydlidar_ws_11_29/install/dwb_msgs/include/dwb_msgs/srv/detail/debug_local_plan__rosidl_typesupport_fastrtps_cpp.hpp
[0.362s] -- Up-to-date: /home/jucy/ydlidar_ws_11_29/install/dwb_msgs/include/dwb_msgs/srv/detail/generate_trajectory__rosidl_typesupport_fastrtps_cpp.hpp
[0.362s] -- Up-to-date: /home/jucy/ydlidar_ws_11_29/install/dwb_msgs/include/dwb_msgs/srv/detail/get_critic_score__rosidl_typesupport_fastrtps_cpp.hpp
[0.363s] -- Up-to-date: /home/jucy/ydlidar_ws_11_29/install/dwb_msgs/include/dwb_msgs/srv/detail/generate_twists__rosidl_typesupport_fastrtps_cpp.hpp
[0.363s] -- Up-to-date: /home/jucy/ydlidar_ws_11_29/install/dwb_msgs/include/dwb_msgs/srv/detail/dds_fastrtps
[0.363s] -- Up-to-date: /home/jucy/ydlidar_ws_11_29/install/dwb_msgs/lib/libdwb_msgs__rosidl_typesupport_fastrtps_cpp.so
[0.363s] -- Up-to-date: /home/jucy/ydlidar_ws_11_29/install/dwb_msgs/include/dwb_msgs
[0.363s] -- Up-to-date: /home/jucy/ydlidar_ws_11_29/install/dwb_msgs/include/dwb_msgs/msg
[0.363s] -- Up-to-date: /home/jucy/ydlidar_ws_11_29/install/dwb_msgs/include/dwb_msgs/msg/rosidl_typesupport_introspection_c__visibility_control.h
[0.363s] -- Up-to-date: /home/jucy/ydlidar_ws_11_29/install/dwb_msgs/include/dwb_msgs/msg/detail
[0.363s] -- Up-to-date: /home/jucy/ydlidar_ws_11_29/install/dwb_msgs/include/dwb_msgs/msg/detail/trajectory2_d__rosidl_typesupport_introspection_c.h
[0.363s] -- Up-to-date: /home/jucy/ydlidar_ws_11_29/install/dwb_msgs/include/dwb_msgs/msg/detail/local_plan_evaluation__rosidl_typesupport_introspection_c.h
[0.363s] -- Up-to-date: /home/jucy/ydlidar_ws_11_29/install/dwb_msgs/include/dwb_msgs/msg/detail/critic_score__rosidl_typesupport_introspection_c.h
[0.364s] -- Up-to-date: /home/jucy/ydlidar_ws_11_29/install/dwb_msgs/include/dwb_msgs/msg/detail/trajectory2_d__type_support.c
[0.364s] -- Up-to-date: /home/jucy/ydlidar_ws_11_29/install/dwb_msgs/include/dwb_msgs/msg/detail/trajectory_score__rosidl_typesupport_introspection_c.h
[0.364s] -- Up-to-date: /home/jucy/ydlidar_ws_11_29/install/dwb_msgs/include/dwb_msgs/msg/detail/critic_score__type_support.c
[0.364s] -- Up-to-date: /home/jucy/ydlidar_ws_11_29/install/dwb_msgs/include/dwb_msgs/msg/detail/trajectory_score__type_support.c
[0.364s] -- Up-to-date: /home/jucy/ydlidar_ws_11_29/install/dwb_msgs/include/dwb_msgs/msg/detail/local_plan_evaluation__type_support.c
[0.364s] -- Up-to-date: /home/jucy/ydlidar_ws_11_29/install/dwb_msgs/include/dwb_msgs/srv
[0.365s] -- Up-to-date: /home/jucy/ydlidar_ws_11_29/install/dwb_msgs/include/dwb_msgs/srv/detail
[0.365s] -- Up-to-date: /home/jucy/ydlidar_ws_11_29/install/dwb_msgs/include/dwb_msgs/srv/detail/debug_local_plan__type_support.c
[0.365s] -- Up-to-date: /home/jucy/ydlidar_ws_11_29/install/dwb_msgs/include/dwb_msgs/srv/detail/generate_twists__type_support.c
[0.365s] -- Up-to-date: /home/jucy/ydlidar_ws_11_29/install/dwb_msgs/include/dwb_msgs/srv/detail/score_trajectory__type_support.c
[0.365s] -- Up-to-date: /home/jucy/ydlidar_ws_11_29/install/dwb_msgs/include/dwb_msgs/srv/detail/generate_trajectory__type_support.c
[0.365s] -- Up-to-date: /home/jucy/ydlidar_ws_11_29/install/dwb_msgs/include/dwb_msgs/srv/detail/score_trajectory__rosidl_typesupport_introspection_c.h
[0.365s] -- Up-to-date: /home/jucy/ydlidar_ws_11_29/install/dwb_msgs/include/dwb_msgs/srv/detail/get_critic_score__type_support.c
[0.365s] -- Up-to-date: /home/jucy/ydlidar_ws_11_29/install/dwb_msgs/include/dwb_msgs/srv/detail/get_critic_score__rosidl_typesupport_introspection_c.h
[0.365s] -- Up-to-date: /home/jucy/ydlidar_ws_11_29/install/dwb_msgs/include/dwb_msgs/srv/detail/generate_trajectory__rosidl_typesupport_introspection_c.h
[0.365s] -- Up-to-date: /home/jucy/ydlidar_ws_11_29/install/dwb_msgs/include/dwb_msgs/srv/detail/generate_twists__rosidl_typesupport_introspection_c.h
[0.365s] -- Up-to-date: /home/jucy/ydlidar_ws_11_29/install/dwb_msgs/include/dwb_msgs/srv/detail/debug_local_plan__rosidl_typesupport_introspection_c.h
[0.365s] -- Up-to-date: /home/jucy/ydlidar_ws_11_29/install/dwb_msgs/lib/libdwb_msgs__rosidl_typesupport_introspection_c.so
[0.366s] -- Up-to-date: /home/jucy/ydlidar_ws_11_29/install/dwb_msgs/lib/libdwb_msgs__rosidl_typesupport_c.so
[0.366s] -- Up-to-date: /home/jucy/ydlidar_ws_11_29/install/dwb_msgs/include/dwb_msgs
[0.366s] -- Up-to-date: /home/jucy/ydlidar_ws_11_29/install/dwb_msgs/include/dwb_msgs/msg
[0.366s] -- Up-to-date: /home/jucy/ydlidar_ws_11_29/install/dwb_msgs/include/dwb_msgs/msg/trajectory_score.hpp
[0.366s] -- Up-to-date: /home/jucy/ydlidar_ws_11_29/install/dwb_msgs/include/dwb_msgs/msg/rosidl_generator_cpp__visibility_control.hpp
[0.366s] -- Up-to-date: /home/jucy/ydlidar_ws_11_29/install/dwb_msgs/include/dwb_msgs/msg/local_plan_evaluation.hpp
[0.366s] -- Up-to-date: /home/jucy/ydlidar_ws_11_29/install/dwb_msgs/include/dwb_msgs/msg/critic_score.hpp
[0.366s] -- Up-to-date: /home/jucy/ydlidar_ws_11_29/install/dwb_msgs/include/dwb_msgs/msg/detail
[0.366s] -- Up-to-date: /home/jucy/ydlidar_ws_11_29/install/dwb_msgs/include/dwb_msgs/msg/detail/trajectory2_d__builder.hpp
[0.366s] -- Up-to-date: /home/jucy/ydlidar_ws_11_29/install/dwb_msgs/include/dwb_msgs/msg/detail/trajectory2_d__struct.hpp
[0.367s] -- Up-to-date: /home/jucy/ydlidar_ws_11_29/install/dwb_msgs/include/dwb_msgs/msg/detail/local_plan_evaluation__type_support.hpp
[0.367s] -- Up-to-date: /home/jucy/ydlidar_ws_11_29/install/dwb_msgs/include/dwb_msgs/msg/detail/critic_score__traits.hpp
[0.367s] -- Up-to-date: /home/jucy/ydlidar_ws_11_29/install/dwb_msgs/include/dwb_msgs/msg/detail/local_plan_evaluation__struct.hpp
[0.367s] -- Up-to-date: /home/jucy/ydlidar_ws_11_29/install/dwb_msgs/include/dwb_msgs/msg/detail/critic_score__struct.hpp
[0.367s] -- Up-to-date: /home/jucy/ydlidar_ws_11_29/install/dwb_msgs/include/dwb_msgs/msg/detail/trajectory2_d__traits.hpp
[0.367s] -- Up-to-date: /home/jucy/ydlidar_ws_11_29/install/dwb_msgs/include/dwb_msgs/msg/detail/trajectory2_d__type_support.hpp
[0.368s] -- Up-to-date: /home/jucy/ydlidar_ws_11_29/install/dwb_msgs/include/dwb_msgs/msg/detail/critic_score__builder.hpp
[0.368s] -- Up-to-date: /home/jucy/ydlidar_ws_11_29/install/dwb_msgs/include/dwb_msgs/msg/detail/trajectory_score__builder.hpp
[0.368s] -- Up-to-date: /home/jucy/ydlidar_ws_11_29/install/dwb_msgs/include/dwb_msgs/msg/detail/local_plan_evaluation__traits.hpp
[0.368s] -- Up-to-date: /home/jucy/ydlidar_ws_11_29/install/dwb_msgs/include/dwb_msgs/msg/detail/critic_score__type_support.hpp
[0.368s] -- Up-to-date: /home/jucy/ydlidar_ws_11_29/install/dwb_msgs/include/dwb_msgs/msg/detail/local_plan_evaluation__builder.hpp
[0.368s] -- Up-to-date: /home/jucy/ydlidar_ws_11_29/install/dwb_msgs/include/dwb_msgs/msg/detail/trajectory_score__traits.hpp
[0.368s] -- Up-to-date: /home/jucy/ydlidar_ws_11_29/install/dwb_msgs/include/dwb_msgs/msg/detail/trajectory_score__type_support.hpp
[0.368s] -- Up-to-date: /home/jucy/ydlidar_ws_11_29/install/dwb_msgs/include/dwb_msgs/msg/detail/trajectory_score__struct.hpp
[0.368s] -- Up-to-date: /home/jucy/ydlidar_ws_11_29/install/dwb_msgs/include/dwb_msgs/msg/trajectory2_d.hpp
[0.369s] -- Up-to-date: /home/jucy/ydlidar_ws_11_29/install/dwb_msgs/include/dwb_msgs/srv
[0.369s] -- Up-to-date: /home/jucy/ydlidar_ws_11_29/install/dwb_msgs/include/dwb_msgs/srv/debug_local_plan.hpp
[0.369s] -- Up-to-date: /home/jucy/ydlidar_ws_11_29/install/dwb_msgs/include/dwb_msgs/srv/get_critic_score.hpp
[0.369s] -- Up-to-date: /home/jucy/ydlidar_ws_11_29/install/dwb_msgs/include/dwb_msgs/srv/generate_twists.hpp
[0.369s] -- Up-to-date: /home/jucy/ydlidar_ws_11_29/install/dwb_msgs/include/dwb_msgs/srv/detail
[0.369s] -- Up-to-date: /home/jucy/ydlidar_ws_11_29/install/dwb_msgs/include/dwb_msgs/srv/detail/debug_local_plan__builder.hpp
[0.369s] -- Up-to-date: /home/jucy/ydlidar_ws_11_29/install/dwb_msgs/include/dwb_msgs/srv/detail/generate_twists__struct.hpp
[0.369s] -- Up-to-date: /home/jucy/ydlidar_ws_11_29/install/dwb_msgs/include/dwb_msgs/srv/detail/debug_local_plan__traits.hpp
[0.369s] -- Up-to-date: /home/jucy/ydlidar_ws_11_29/install/dwb_msgs/include/dwb_msgs/srv/detail/get_critic_score__builder.hpp
[0.370s] -- Up-to-date: /home/jucy/ydlidar_ws_11_29/install/dwb_msgs/include/dwb_msgs/srv/detail/debug_local_plan__type_support.hpp
[0.370s] -- Up-to-date: /home/jucy/ydlidar_ws_11_29/install/dwb_msgs/include/dwb_msgs/srv/detail/generate_twists__type_support.hpp
[0.370s] -- Up-to-date: /home/jucy/ydlidar_ws_11_29/install/dwb_msgs/include/dwb_msgs/srv/detail/generate_twists__traits.hpp
[0.370s] -- Up-to-date: /home/jucy/ydlidar_ws_11_29/install/dwb_msgs/include/dwb_msgs/srv/detail/get_critic_score__struct.hpp
[0.370s] -- Up-to-date: /home/jucy/ydlidar_ws_11_29/install/dwb_msgs/include/dwb_msgs/srv/detail/score_trajectory__traits.hpp
[0.370s] -- Up-to-date: /home/jucy/ydlidar_ws_11_29/install/dwb_msgs/include/dwb_msgs/srv/detail/score_trajectory__type_support.hpp
[0.370s] -- Up-to-date: /home/jucy/ydlidar_ws_11_29/install/dwb_msgs/include/dwb_msgs/srv/detail/score_trajectory__struct.hpp
[0.370s] -- Up-to-date: /home/jucy/ydlidar_ws_11_29/install/dwb_msgs/include/dwb_msgs/srv/detail/generate_trajectory__struct.hpp
[0.370s] -- Up-to-date: /home/jucy/ydlidar_ws_11_29/install/dwb_msgs/include/dwb_msgs/srv/detail/get_critic_score__type_support.hpp
[0.371s] -- Up-to-date: /home/jucy/ydlidar_ws_11_29/install/dwb_msgs/include/dwb_msgs/srv/detail/generate_trajectory__builder.hpp
[0.371s] -- Up-to-date: /home/jucy/ydlidar_ws_11_29/install/dwb_msgs/include/dwb_msgs/srv/detail/debug_local_plan__struct.hpp
[0.371s] -- Up-to-date: /home/jucy/ydlidar_ws_11_29/install/dwb_msgs/include/dwb_msgs/srv/detail/generate_trajectory__traits.hpp
[0.371s] -- Up-to-date: /home/jucy/ydlidar_ws_11_29/install/dwb_msgs/include/dwb_msgs/srv/detail/generate_twists__builder.hpp
[0.371s] -- Up-to-date: /home/jucy/ydlidar_ws_11_29/install/dwb_msgs/include/dwb_msgs/srv/detail/get_critic_score__traits.hpp
[0.371s] -- Up-to-date: /home/jucy/ydlidar_ws_11_29/install/dwb_msgs/include/dwb_msgs/srv/detail/score_trajectory__builder.hpp
[0.371s] -- Up-to-date: /home/jucy/ydlidar_ws_11_29/install/dwb_msgs/include/dwb_msgs/srv/detail/generate_trajectory__type_support.hpp
[0.371s] -- Up-to-date: /home/jucy/ydlidar_ws_11_29/install/dwb_msgs/include/dwb_msgs/srv/score_trajectory.hpp
[0.371s] -- Up-to-date: /home/jucy/ydlidar_ws_11_29/install/dwb_msgs/include/dwb_msgs/srv/generate_trajectory.hpp
[0.371s] -- Up-to-date: /home/jucy/ydlidar_ws_11_29/install/dwb_msgs/include/dwb_msgs
[0.371s] -- Up-to-date: /home/jucy/ydlidar_ws_11_29/install/dwb_msgs/include/dwb_msgs/msg
[0.371s] -- Up-to-date: /home/jucy/ydlidar_ws_11_29/install/dwb_msgs/include/dwb_msgs/msg/detail
[0.371s] -- Up-to-date: /home/jucy/ydlidar_ws_11_29/install/dwb_msgs/include/dwb_msgs/msg/detail/trajectory2_d__type_support.cpp
[0.371s] -- Up-to-date: /home/jucy/ydlidar_ws_11_29/install/dwb_msgs/include/dwb_msgs/msg/detail/critic_score__rosidl_typesupport_introspection_cpp.hpp
[0.371s] -- Up-to-date: /home/jucy/ydlidar_ws_11_29/install/dwb_msgs/include/dwb_msgs/msg/detail/trajectory_score__rosidl_typesupport_introspection_cpp.hpp
[0.372s] -- Up-to-date: /home/jucy/ydlidar_ws_11_29/install/dwb_msgs/include/dwb_msgs/msg/detail/local_plan_evaluation__type_support.cpp
[0.372s] -- Up-to-date: /home/jucy/ydlidar_ws_11_29/install/dwb_msgs/include/dwb_msgs/msg/detail/trajectory_score__type_support.cpp
[0.372s] -- Up-to-date: /home/jucy/ydlidar_ws_11_29/install/dwb_msgs/include/dwb_msgs/msg/detail/critic_score__type_support.cpp
[0.372s] -- Up-to-date: /home/jucy/ydlidar_ws_11_29/install/dwb_msgs/include/dwb_msgs/msg/detail/trajectory2_d__rosidl_typesupport_introspection_cpp.hpp
[0.372s] -- Up-to-date: /home/jucy/ydlidar_ws_11_29/install/dwb_msgs/include/dwb_msgs/msg/detail/local_plan_evaluation__rosidl_typesupport_introspection_cpp.hpp
[0.372s] -- Up-to-date: /home/jucy/ydlidar_ws_11_29/install/dwb_msgs/include/dwb_msgs/srv
[0.372s] -- Up-to-date: /home/jucy/ydlidar_ws_11_29/install/dwb_msgs/include/dwb_msgs/srv/detail
[0.372s] -- Up-to-date: /home/jucy/ydlidar_ws_11_29/install/dwb_msgs/include/dwb_msgs/srv/detail/generate_twists__rosidl_typesupport_introspection_cpp.hpp
[0.372s] -- Up-to-date: /home/jucy/ydlidar_ws_11_29/install/dwb_msgs/include/dwb_msgs/srv/detail/generate_trajectory__type_support.cpp
[0.372s] -- Up-to-date: /home/jucy/ydlidar_ws_11_29/install/dwb_msgs/include/dwb_msgs/srv/detail/score_trajectory__type_support.cpp
[0.372s] -- Up-to-date: /home/jucy/ydlidar_ws_11_29/install/dwb_msgs/include/dwb_msgs/srv/detail/get_critic_score__rosidl_typesupport_introspection_cpp.hpp
[0.372s] -- Up-to-date: /home/jucy/ydlidar_ws_11_29/install/dwb_msgs/include/dwb_msgs/srv/detail/generate_twists__type_support.cpp
[0.373s] -- Up-to-date: /home/jucy/ydlidar_ws_11_29/install/dwb_msgs/include/dwb_msgs/srv/detail/score_trajectory__rosidl_typesupport_introspection_cpp.hpp
[0.373s] -- Up-to-date: /home/jucy/ydlidar_ws_11_29/install/dwb_msgs/include/dwb_msgs/srv/detail/get_critic_score__type_support.cpp
[0.373s] -- Up-to-date: /home/jucy/ydlidar_ws_11_29/install/dwb_msgs/include/dwb_msgs/srv/detail/generate_trajectory__rosidl_typesupport_introspection_cpp.hpp
[0.373s] -- Up-to-date: /home/jucy/ydlidar_ws_11_29/install/dwb_msgs/include/dwb_msgs/srv/detail/debug_local_plan__rosidl_typesupport_introspection_cpp.hpp
[0.373s] -- Up-to-date: /home/jucy/ydlidar_ws_11_29/install/dwb_msgs/include/dwb_msgs/srv/detail/debug_local_plan__type_support.cpp
[0.373s] -- Up-to-date: /home/jucy/ydlidar_ws_11_29/install/dwb_msgs/lib/libdwb_msgs__rosidl_typesupport_introspection_cpp.so
[0.373s] -- Up-to-date: /home/jucy/ydlidar_ws_11_29/install/dwb_msgs/lib/libdwb_msgs__rosidl_typesupport_cpp.so
[0.373s] -- Up-to-date: /home/jucy/ydlidar_ws_11_29/install/dwb_msgs/share/dwb_msgs/environment/pythonpath.sh
[0.373s] -- Up-to-date: /home/jucy/ydlidar_ws_11_29/install/dwb_msgs/share/dwb_msgs/environment/pythonpath.dsv
[0.373s] -- Up-to-date: /home/jucy/ydlidar_ws_11_29/install/dwb_msgs/lib/python3.8/site-packages/dwb_msgs/__init__.py
[0.457s] -- Up-to-date: /home/jucy/ydlidar_ws_11_29/install/dwb_msgs/lib/python3.8/site-packages/dwb_msgs/msg
[0.457s] -- Up-to-date: /home/jucy/ydlidar_ws_11_29/install/dwb_msgs/lib/python3.8/site-packages/dwb_msgs/msg/_local_plan_evaluation.py
[0.457s] -- Up-to-date: /home/jucy/ydlidar_ws_11_29/install/dwb_msgs/lib/python3.8/site-packages/dwb_msgs/msg/_local_plan_evaluation_s.c
[0.457s] -- Up-to-date: /home/jucy/ydlidar_ws_11_29/install/dwb_msgs/lib/python3.8/site-packages/dwb_msgs/msg/_critic_score_s.c
[0.457s] -- Up-to-date: /home/jucy/ydlidar_ws_11_29/install/dwb_msgs/lib/python3.8/site-packages/dwb_msgs/msg/_critic_score.py
[0.457s] -- Up-to-date: /home/jucy/ydlidar_ws_11_29/install/dwb_msgs/lib/python3.8/site-packages/dwb_msgs/msg/_trajectory_score_s.c
[0.457s] -- Up-to-date: /home/jucy/ydlidar_ws_11_29/install/dwb_msgs/lib/python3.8/site-packages/dwb_msgs/msg/_trajectory_score.py
[0.457s] -- Up-to-date: /home/jucy/ydlidar_ws_11_29/install/dwb_msgs/lib/python3.8/site-packages/dwb_msgs/msg/__init__.py
[0.458s] -- Up-to-date: /home/jucy/ydlidar_ws_11_29/install/dwb_msgs/lib/python3.8/site-packages/dwb_msgs/msg/_trajectory2_d.py
[0.458s] -- Up-to-date: /home/jucy/ydlidar_ws_11_29/install/dwb_msgs/lib/python3.8/site-packages/dwb_msgs/msg/_trajectory2_d_s.c
[0.458s] -- Up-to-date: /home/jucy/ydlidar_ws_11_29/install/dwb_msgs/lib/python3.8/site-packages/dwb_msgs/srv
[0.458s] -- Up-to-date: /home/jucy/ydlidar_ws_11_29/install/dwb_msgs/lib/python3.8/site-packages/dwb_msgs/srv/_debug_local_plan_s.c
[0.458s] -- Up-to-date: /home/jucy/ydlidar_ws_11_29/install/dwb_msgs/lib/python3.8/site-packages/dwb_msgs/srv/_generate_twists_s.c
[0.458s] -- Up-to-date: /home/jucy/ydlidar_ws_11_29/install/dwb_msgs/lib/python3.8/site-packages/dwb_msgs/srv/_generate_trajectory.py
[0.458s] -- Up-to-date: /home/jucy/ydlidar_ws_11_29/install/dwb_msgs/lib/python3.8/site-packages/dwb_msgs/srv/_score_trajectory.py
[0.458s] -- Up-to-date: /home/jucy/ydlidar_ws_11_29/install/dwb_msgs/lib/python3.8/site-packages/dwb_msgs/srv/_get_critic_score_s.c
[0.458s] -- Up-to-date: /home/jucy/ydlidar_ws_11_29/install/dwb_msgs/lib/python3.8/site-packages/dwb_msgs/srv/_debug_local_plan.py
[0.459s] -- Up-to-date: /home/jucy/ydlidar_ws_11_29/install/dwb_msgs/lib/python3.8/site-packages/dwb_msgs/srv/_get_critic_score.py
[0.459s] -- Up-to-date: /home/jucy/ydlidar_ws_11_29/install/dwb_msgs/lib/python3.8/site-packages/dwb_msgs/srv/__init__.py
[0.459s] -- Up-to-date: /home/jucy/ydlidar_ws_11_29/install/dwb_msgs/lib/python3.8/site-packages/dwb_msgs/srv/_generate_twists.py
[0.459s] -- Up-to-date: /home/jucy/ydlidar_ws_11_29/install/dwb_msgs/lib/python3.8/site-packages/dwb_msgs/srv/_score_trajectory_s.c
[0.459s] -- Up-to-date: /home/jucy/ydlidar_ws_11_29/install/dwb_msgs/lib/python3.8/site-packages/dwb_msgs/srv/_generate_trajectory_s.c
[0.459s] -- Up-to-date: /home/jucy/ydlidar_ws_11_29/install/dwb_msgs/lib/python3.8/site-packages/dwb_msgs/dwb_msgs_s__rosidl_typesupport_fastrtps_c.cpython-38-x86_64-linux-gnu.so
[0.459s] -- Up-to-date: /home/jucy/ydlidar_ws_11_29/install/dwb_msgs/lib/python3.8/site-packages/dwb_msgs/dwb_msgs_s__rosidl_typesupport_introspection_c.cpython-38-x86_64-linux-gnu.so
[0.459s] -- Up-to-date: /home/jucy/ydlidar_ws_11_29/install/dwb_msgs/lib/python3.8/site-packages/dwb_msgs/dwb_msgs_s__rosidl_typesupport_c.cpython-38-x86_64-linux-gnu.so
[0.459s] -- Up-to-date: /home/jucy/ydlidar_ws_11_29/install/dwb_msgs/lib/libdwb_msgs__python.so
[0.460s] -- Up-to-date: /home/jucy/ydlidar_ws_11_29/install/dwb_msgs/share/dwb_msgs/msg/CriticScore.idl
[0.460s] -- Up-to-date: /home/jucy/ydlidar_ws_11_29/install/dwb_msgs/share/dwb_msgs/msg/LocalPlanEvaluation.idl
[0.460s] -- Up-to-date: /home/jucy/ydlidar_ws_11_29/install/dwb_msgs/share/dwb_msgs/msg/Trajectory2D.idl
[0.460s] -- Up-to-date: /home/jucy/ydlidar_ws_11_29/install/dwb_msgs/share/dwb_msgs/msg/TrajectoryScore.idl
[0.460s] -- Up-to-date: /home/jucy/ydlidar_ws_11_29/install/dwb_msgs/share/dwb_msgs/srv/DebugLocalPlan.idl
[0.460s] -- Up-to-date: /home/jucy/ydlidar_ws_11_29/install/dwb_msgs/share/dwb_msgs/srv/GenerateTrajectory.idl
[0.460s] -- Up-to-date: /home/jucy/ydlidar_ws_11_29/install/dwb_msgs/share/dwb_msgs/srv/GenerateTwists.idl
[0.460s] -- Up-to-date: /home/jucy/ydlidar_ws_11_29/install/dwb_msgs/share/dwb_msgs/srv/GetCriticScore.idl
[0.460s] -- Up-to-date: /home/jucy/ydlidar_ws_11_29/install/dwb_msgs/share/dwb_msgs/srv/ScoreTrajectory.idl
[0.460s] -- Up-to-date: /home/jucy/ydlidar_ws_11_29/install/dwb_msgs/share/dwb_msgs/msg/CriticScore.msg
[0.461s] -- Up-to-date: /home/jucy/ydlidar_ws_11_29/install/dwb_msgs/share/dwb_msgs/msg/LocalPlanEvaluation.msg
[0.461s] -- Up-to-date: /home/jucy/ydlidar_ws_11_29/install/dwb_msgs/share/dwb_msgs/msg/Trajectory2D.msg
[0.461s] -- Up-to-date: /home/jucy/ydlidar_ws_11_29/install/dwb_msgs/share/dwb_msgs/msg/TrajectoryScore.msg
[0.461s] -- Up-to-date: /home/jucy/ydlidar_ws_11_29/install/dwb_msgs/share/dwb_msgs/srv/DebugLocalPlan.srv
[0.461s] -- Up-to-date: /home/jucy/ydlidar_ws_11_29/install/dwb_msgs/share/dwb_msgs/srv/DebugLocalPlan_Request.msg
[0.461s] -- Up-to-date: /home/jucy/ydlidar_ws_11_29/install/dwb_msgs/share/dwb_msgs/srv/DebugLocalPlan_Response.msg
[0.461s] -- Up-to-date: /home/jucy/ydlidar_ws_11_29/install/dwb_msgs/share/dwb_msgs/srv/GenerateTrajectory.srv
[0.461s] -- Up-to-date: /home/jucy/ydlidar_ws_11_29/install/dwb_msgs/share/dwb_msgs/srv/GenerateTrajectory_Request.msg
[0.461s] -- Up-to-date: /home/jucy/ydlidar_ws_11_29/install/dwb_msgs/share/dwb_msgs/srv/GenerateTrajectory_Response.msg
[0.462s] -- Up-to-date: /home/jucy/ydlidar_ws_11_29/install/dwb_msgs/share/dwb_msgs/srv/GenerateTwists.srv
[0.462s] -- Up-to-date: /home/jucy/ydlidar_ws_11_29/install/dwb_msgs/share/dwb_msgs/srv/GenerateTwists_Request.msg
[0.462s] -- Up-to-date: /home/jucy/ydlidar_ws_11_29/install/dwb_msgs/share/dwb_msgs/srv/GenerateTwists_Response.msg
[0.462s] -- Up-to-date: /home/jucy/ydlidar_ws_11_29/install/dwb_msgs/share/dwb_msgs/srv/GetCriticScore.srv
[0.462s] -- Up-to-date: /home/jucy/ydlidar_ws_11_29/install/dwb_msgs/share/dwb_msgs/srv/GetCriticScore_Request.msg
[0.462s] -- Up-to-date: /home/jucy/ydlidar_ws_11_29/install/dwb_msgs/share/dwb_msgs/srv/GetCriticScore_Response.msg
[0.462s] -- Up-to-date: /home/jucy/ydlidar_ws_11_29/install/dwb_msgs/share/dwb_msgs/srv/ScoreTrajectory.srv
[0.462s] -- Up-to-date: /home/jucy/ydlidar_ws_11_29/install/dwb_msgs/share/dwb_msgs/srv/ScoreTrajectory_Request.msg
[0.462s] -- Up-to-date: /home/jucy/ydlidar_ws_11_29/install/dwb_msgs/share/dwb_msgs/srv/ScoreTrajectory_Response.msg
[0.462s] -- Up-to-date: /home/jucy/ydlidar_ws_11_29/install/dwb_msgs/share/ament_index/resource_index/package_run_dependencies/dwb_msgs
[0.462s] -- Up-to-date: /home/jucy/ydlidar_ws_11_29/install/dwb_msgs/share/ament_index/resource_index/parent_prefix_path/dwb_msgs
[0.463s] -- Up-to-date: /home/jucy/ydlidar_ws_11_29/install/dwb_msgs/share/dwb_msgs/environment/ament_prefix_path.sh
[0.463s] -- Up-to-date: /home/jucy/ydlidar_ws_11_29/install/dwb_msgs/share/dwb_msgs/environment/ament_prefix_path.dsv
[0.463s] -- Up-to-date: /home/jucy/ydlidar_ws_11_29/install/dwb_msgs/share/dwb_msgs/environment/path.sh
[0.463s] -- Up-to-date: /home/jucy/ydlidar_ws_11_29/install/dwb_msgs/share/dwb_msgs/environment/path.dsv
[0.463s] -- Up-to-date: /home/jucy/ydlidar_ws_11_29/install/dwb_msgs/share/dwb_msgs/local_setup.bash
[0.463s] -- Up-to-date: /home/jucy/ydlidar_ws_11_29/install/dwb_msgs/share/dwb_msgs/local_setup.sh
[0.464s] -- Up-to-date: /home/jucy/ydlidar_ws_11_29/install/dwb_msgs/share/dwb_msgs/local_setup.zsh
[0.464s] -- Up-to-date: /home/jucy/ydlidar_ws_11_29/install/dwb_msgs/share/dwb_msgs/local_setup.dsv
[0.464s] -- Installing: /home/jucy/ydlidar_ws_11_29/install/dwb_msgs/share/dwb_msgs/package.dsv
[0.464s] -- Up-to-date: /home/jucy/ydlidar_ws_11_29/install/dwb_msgs/share/ament_index/resource_index/packages/dwb_msgs
[0.465s] -- Up-to-date: /home/jucy/ydlidar_ws_11_29/install/dwb_msgs/share/dwb_msgs/cmake/dwb_msgs__rosidl_generator_cExport.cmake
[0.465s] -- Up-to-date: /home/jucy/ydlidar_ws_11_29/install/dwb_msgs/share/dwb_msgs/cmake/dwb_msgs__rosidl_generator_cExport-noconfig.cmake
[0.465s] -- Up-to-date: /home/jucy/ydlidar_ws_11_29/install/dwb_msgs/share/dwb_msgs/cmake/dwb_msgs__rosidl_typesupport_introspection_cExport.cmake
[0.465s] -- Up-to-date: /home/jucy/ydlidar_ws_11_29/install/dwb_msgs/share/dwb_msgs/cmake/dwb_msgs__rosidl_typesupport_introspection_cExport-noconfig.cmake
[0.465s] -- Up-to-date: /home/jucy/ydlidar_ws_11_29/install/dwb_msgs/share/dwb_msgs/cmake/dwb_msgs__rosidl_typesupport_cExport.cmake
[0.465s] -- Up-to-date: /home/jucy/ydlidar_ws_11_29/install/dwb_msgs/share/dwb_msgs/cmake/dwb_msgs__rosidl_typesupport_cExport-noconfig.cmake
[0.466s] -- Up-to-date: /home/jucy/ydlidar_ws_11_29/install/dwb_msgs/share/dwb_msgs/cmake/dwb_msgs__rosidl_generator_cppExport.cmake
[0.466s] -- Up-to-date: /home/jucy/ydlidar_ws_11_29/install/dwb_msgs/share/dwb_msgs/cmake/dwb_msgs__rosidl_typesupport_introspection_cppExport.cmake
[0.466s] -- Up-to-date: /home/jucy/ydlidar_ws_11_29/install/dwb_msgs/share/dwb_msgs/cmake/dwb_msgs__rosidl_typesupport_introspection_cppExport-noconfig.cmake
[0.467s] -- Up-to-date: /home/jucy/ydlidar_ws_11_29/install/dwb_msgs/share/dwb_msgs/cmake/dwb_msgs__rosidl_typesupport_cppExport.cmake
[0.467s] -- Up-to-date: /home/jucy/ydlidar_ws_11_29/install/dwb_msgs/share/dwb_msgs/cmake/dwb_msgs__rosidl_typesupport_cppExport-noconfig.cmake
[0.467s] -- Up-to-date: /home/jucy/ydlidar_ws_11_29/install/dwb_msgs/share/dwb_msgs/cmake/rosidl_cmake-extras.cmake
[0.467s] -- Up-to-date: /home/jucy/ydlidar_ws_11_29/install/dwb_msgs/share/dwb_msgs/cmake/ament_cmake_export_dependencies-extras.cmake
[0.467s] -- Up-to-date: /home/jucy/ydlidar_ws_11_29/install/dwb_msgs/share/dwb_msgs/cmake/ament_cmake_export_libraries-extras.cmake
[0.468s] -- Up-to-date: /home/jucy/ydlidar_ws_11_29/install/dwb_msgs/share/dwb_msgs/cmake/ament_cmake_export_targets-extras.cmake
[0.468s] -- Up-to-date: /home/jucy/ydlidar_ws_11_29/install/dwb_msgs/share/dwb_msgs/cmake/ament_cmake_export_include_directories-extras.cmake
[0.468s] -- Up-to-date: /home/jucy/ydlidar_ws_11_29/install/dwb_msgs/share/dwb_msgs/cmake/rosidl_cmake_export_typesupport_libraries-extras.cmake
[0.469s] -- Up-to-date: /home/jucy/ydlidar_ws_11_29/install/dwb_msgs/share/dwb_msgs/cmake/rosidl_cmake_export_typesupport_targets-extras.cmake
[0.469s] -- Up-to-date: /home/jucy/ydlidar_ws_11_29/install/dwb_msgs/share/dwb_msgs/cmake/dwb_msgsConfig.cmake
[0.469s] -- Up-to-date: /home/jucy/ydlidar_ws_11_29/install/dwb_msgs/share/dwb_msgs/cmake/dwb_msgsConfig-version.cmake
[0.469s] -- Up-to-date: /home/jucy/ydlidar_ws_11_29/install/dwb_msgs/share/dwb_msgs/package.xml
[0.469s] Invoked command in '/home/jucy/ydlidar_ws_11_29/build/dwb_msgs' returned '0': AMENT_PREFIX_PATH=/home/jucy/ydlidar_ws_11_29/install/nav_2d_msgs:${AMENT_PREFIX_PATH} CMAKE_PREFIX_PATH=/home/jucy/ydlidar_ws_11_29/install/nav_2d_msgs:/opt/ros/foxy:/opt/ros/foxy LD_LIBRARY_PATH=/home/jucy/ydlidar_ws_11_29/install/nav_2d_msgs/lib:${LD_LIBRARY_PATH} PYTHONPATH=/home/jucy/ydlidar_ws_11_29/install/nav_2d_msgs/lib/python3.8/site-packages:${PYTHONPATH} /usr/bin/cmake --install /home/jucy/ydlidar_ws_11_29/build/dwb_msgs
