[0.038s] Invoking command in '/home/jucy/ydlidar_ws_11_29/build/nav_2d_msgs': /usr/bin/cmake --build /home/jucy/ydlidar_ws_11_29/build/nav_2d_msgs -- -j12 -l12
[0.465s] [  1%] Built target nav_2d_msgs__cpp
[0.466s] [ 12%] Built target nav_2d_msgs__rosidl_generator_c
[0.466s] [ 35%] Built target nav_2d_msgs__rosidl_typesupport_cpp
[0.466s] [ 35%] Built target nav_2d_msgs__rosidl_typesupport_introspection_cpp
[0.467s] [ 46%] Built target nav_2d_msgs__rosidl_typesupport_c
[0.467s] [ 57%] Built target nav_2d_msgs__rosidl_typesupport_introspection_c
[0.468s] [ 69%] Built target nav_2d_msgs__rosidl_typesupport_fastrtps_cpp
[0.468s] [ 80%] Built target nav_2d_msgs__rosidl_typesupport_fastrtps_c
[0.468s] [ 80%] Built target nav_2d_msgs
[0.468s] [ 81%] Built target nav_2d_msgs__py
[0.469s] [ 91%] Built target nav_2d_msgs__python
[0.470s] [100%] Built target nav_2d_msgs__rosidl_typesupport_fastrtps_c__pyext
[0.470s] [100%] Built target nav_2d_msgs__rosidl_typesupport_introspection_c__pyext
[0.470s] [100%] Built target nav_2d_msgs__rosidl_typesupport_c__pyext
[0.480s] Invoked command in '/home/jucy/ydlidar_ws_11_29/build/nav_2d_msgs' returned '0': /usr/bin/cmake --build /home/jucy/ydlidar_ws_11_29/build/nav_2d_msgs -- -j12 -l12
[0.483s] Invoking command in '/home/jucy/ydlidar_ws_11_29/build/nav_2d_msgs': /usr/bin/cmake --install /home/jucy/ydlidar_ws_11_29/build/nav_2d_msgs
[0.499s] -- Install configuration: ""
[0.501s] -- Up-to-date: /home/jucy/ydlidar_ws_11_29/install/nav_2d_msgs/share/ament_index/resource_index/rosidl_interfaces/nav_2d_msgs
[0.502s] -- Up-to-date: /home/jucy/ydlidar_ws_11_29/install/nav_2d_msgs/include/nav_2d_msgs
[0.504s] -- Up-to-date: /home/jucy/ydlidar_ws_11_29/install/nav_2d_msgs/include/nav_2d_msgs/msg
[0.505s] -- Up-to-date: /home/jucy/ydlidar_ws_11_29/install/nav_2d_msgs/include/nav_2d_msgs/msg/twist2_d.h
[0.506s] -- Up-to-date: /home/jucy/ydlidar_ws_11_29/install/nav_2d_msgs/include/nav_2d_msgs/msg/rosidl_generator_c__visibility_control.h
[0.506s] -- Up-to-date: /home/jucy/ydlidar_ws_11_29/install/nav_2d_msgs/include/nav_2d_msgs/msg/twist2_d32.h
[0.507s] -- Up-to-date: /home/jucy/ydlidar_ws_11_29/install/nav_2d_msgs/include/nav_2d_msgs/msg/pose2_d32.h
[0.507s] -- Up-to-date: /home/jucy/ydlidar_ws_11_29/install/nav_2d_msgs/include/nav_2d_msgs/msg/twist2_d_stamped.h
[0.507s] -- Up-to-date: /home/jucy/ydlidar_ws_11_29/install/nav_2d_msgs/include/nav_2d_msgs/msg/path2_d.h
[0.507s] -- Up-to-date: /home/jucy/ydlidar_ws_11_29/install/nav_2d_msgs/include/nav_2d_msgs/msg/detail
[0.507s] -- Up-to-date: /home/jucy/ydlidar_ws_11_29/install/nav_2d_msgs/include/nav_2d_msgs/msg/detail/twist2_d__type_support.h
[0.508s] -- Up-to-date: /home/jucy/ydlidar_ws_11_29/install/nav_2d_msgs/include/nav_2d_msgs/msg/detail/twist2_d32__functions.h
[0.508s] -- Up-to-date: /home/jucy/ydlidar_ws_11_29/install/nav_2d_msgs/include/nav_2d_msgs/msg/detail/pose2_d32__functions.h
[0.508s] -- Up-to-date: /home/jucy/ydlidar_ws_11_29/install/nav_2d_msgs/include/nav_2d_msgs/msg/detail/twist2_d_stamped__type_support.h
[0.509s] -- Up-to-date: /home/jucy/ydlidar_ws_11_29/install/nav_2d_msgs/include/nav_2d_msgs/msg/detail/pose2_d32__struct.h
[0.509s] -- Up-to-date: /home/jucy/ydlidar_ws_11_29/install/nav_2d_msgs/include/nav_2d_msgs/msg/detail/twist2_d_stamped__functions.h
[0.509s] -- Up-to-date: /home/jucy/ydlidar_ws_11_29/install/nav_2d_msgs/include/nav_2d_msgs/msg/detail/twist2_d32__type_support.h
[0.509s] -- Up-to-date: /home/jucy/ydlidar_ws_11_29/install/nav_2d_msgs/include/nav_2d_msgs/msg/detail/twist2_d__struct.h
[0.509s] -- Up-to-date: /home/jucy/ydlidar_ws_11_29/install/nav_2d_msgs/include/nav_2d_msgs/msg/detail/pose2_d_stamped__functions.c
[0.510s] -- Up-to-date: /home/jucy/ydlidar_ws_11_29/install/nav_2d_msgs/include/nav_2d_msgs/msg/detail/pose2_d_stamped__functions.h
[0.510s] -- Up-to-date: /home/jucy/ydlidar_ws_11_29/install/nav_2d_msgs/include/nav_2d_msgs/msg/detail/path2_d__functions.c
[0.510s] -- Up-to-date: /home/jucy/ydlidar_ws_11_29/install/nav_2d_msgs/include/nav_2d_msgs/msg/detail/path2_d__type_support.h
[0.510s] -- Up-to-date: /home/jucy/ydlidar_ws_11_29/install/nav_2d_msgs/include/nav_2d_msgs/msg/detail/twist2_d32__functions.c
[0.510s] -- Up-to-date: /home/jucy/ydlidar_ws_11_29/install/nav_2d_msgs/include/nav_2d_msgs/msg/detail/twist2_d__functions.c
[0.511s] -- Up-to-date: /home/jucy/ydlidar_ws_11_29/install/nav_2d_msgs/include/nav_2d_msgs/msg/detail/twist2_d_stamped__struct.h
[0.511s] -- Up-to-date: /home/jucy/ydlidar_ws_11_29/install/nav_2d_msgs/include/nav_2d_msgs/msg/detail/twist2_d__functions.h
[0.511s] -- Up-to-date: /home/jucy/ydlidar_ws_11_29/install/nav_2d_msgs/include/nav_2d_msgs/msg/detail/twist2_d32__struct.h
[0.511s] -- Up-to-date: /home/jucy/ydlidar_ws_11_29/install/nav_2d_msgs/include/nav_2d_msgs/msg/detail/path2_d__struct.h
[0.512s] -- Up-to-date: /home/jucy/ydlidar_ws_11_29/install/nav_2d_msgs/include/nav_2d_msgs/msg/detail/path2_d__functions.h
[0.512s] -- Up-to-date: /home/jucy/ydlidar_ws_11_29/install/nav_2d_msgs/include/nav_2d_msgs/msg/detail/twist2_d_stamped__functions.c
[0.512s] -- Up-to-date: /home/jucy/ydlidar_ws_11_29/install/nav_2d_msgs/include/nav_2d_msgs/msg/detail/pose2_d_stamped__struct.h
[0.512s] -- Up-to-date: /home/jucy/ydlidar_ws_11_29/install/nav_2d_msgs/include/nav_2d_msgs/msg/detail/pose2_d32__functions.c
[0.513s] -- Up-to-date: /home/jucy/ydlidar_ws_11_29/install/nav_2d_msgs/include/nav_2d_msgs/msg/detail/pose2_d_stamped__type_support.h
[0.513s] -- Up-to-date: /home/jucy/ydlidar_ws_11_29/install/nav_2d_msgs/include/nav_2d_msgs/msg/detail/pose2_d32__type_support.h
[0.513s] -- Up-to-date: /home/jucy/ydlidar_ws_11_29/install/nav_2d_msgs/include/nav_2d_msgs/msg/pose2_d_stamped.h
[0.513s] -- Up-to-date: /home/jucy/ydlidar_ws_11_29/install/nav_2d_msgs/share/nav_2d_msgs/environment/library_path.sh
[0.514s] -- Up-to-date: /home/jucy/ydlidar_ws_11_29/install/nav_2d_msgs/share/nav_2d_msgs/environment/library_path.dsv
[0.515s] -- Up-to-date: /home/jucy/ydlidar_ws_11_29/install/nav_2d_msgs/lib/libnav_2d_msgs__rosidl_generator_c.so
[0.515s] -- Up-to-date: /home/jucy/ydlidar_ws_11_29/install/nav_2d_msgs/include/nav_2d_msgs
[0.515s] -- Up-to-date: /home/jucy/ydlidar_ws_11_29/install/nav_2d_msgs/include/nav_2d_msgs/msg
[0.515s] -- Up-to-date: /home/jucy/ydlidar_ws_11_29/install/nav_2d_msgs/include/nav_2d_msgs/msg/rosidl_typesupport_fastrtps_c__visibility_control.h
[0.515s] -- Up-to-date: /home/jucy/ydlidar_ws_11_29/install/nav_2d_msgs/include/nav_2d_msgs/msg/detail
[0.516s] -- Up-to-date: /home/jucy/ydlidar_ws_11_29/install/nav_2d_msgs/include/nav_2d_msgs/msg/detail/twist2_d32__rosidl_typesupport_fastrtps_c.h
[0.516s] -- Up-to-date: /home/jucy/ydlidar_ws_11_29/install/nav_2d_msgs/include/nav_2d_msgs/msg/detail/pose2_d_stamped__rosidl_typesupport_fastrtps_c.h
[0.516s] -- Up-to-date: /home/jucy/ydlidar_ws_11_29/install/nav_2d_msgs/include/nav_2d_msgs/msg/detail/pose2_d32__rosidl_typesupport_fastrtps_c.h
[0.516s] -- Up-to-date: /home/jucy/ydlidar_ws_11_29/install/nav_2d_msgs/include/nav_2d_msgs/msg/detail/path2_d__rosidl_typesupport_fastrtps_c.h
[0.516s] -- Up-to-date: /home/jucy/ydlidar_ws_11_29/install/nav_2d_msgs/include/nav_2d_msgs/msg/detail/twist2_d__rosidl_typesupport_fastrtps_c.h
[0.517s] -- Up-to-date: /home/jucy/ydlidar_ws_11_29/install/nav_2d_msgs/include/nav_2d_msgs/msg/detail/twist2_d_stamped__rosidl_typesupport_fastrtps_c.h
[0.517s] -- Up-to-date: /home/jucy/ydlidar_ws_11_29/install/nav_2d_msgs/lib/libnav_2d_msgs__rosidl_typesupport_fastrtps_c.so
[0.517s] -- Up-to-date: /home/jucy/ydlidar_ws_11_29/install/nav_2d_msgs/include/nav_2d_msgs
[0.517s] -- Up-to-date: /home/jucy/ydlidar_ws_11_29/install/nav_2d_msgs/include/nav_2d_msgs/msg
[0.517s] -- Up-to-date: /home/jucy/ydlidar_ws_11_29/install/nav_2d_msgs/include/nav_2d_msgs/msg/rosidl_typesupport_fastrtps_cpp__visibility_control.h
[0.517s] -- Up-to-date: /home/jucy/ydlidar_ws_11_29/install/nav_2d_msgs/include/nav_2d_msgs/msg/detail
[0.518s] -- Up-to-date: /home/jucy/ydlidar_ws_11_29/install/nav_2d_msgs/include/nav_2d_msgs/msg/detail/twist2_d32__rosidl_typesupport_fastrtps_cpp.hpp
[0.518s] -- Up-to-date: /home/jucy/ydlidar_ws_11_29/install/nav_2d_msgs/include/nav_2d_msgs/msg/detail/twist2_d_stamped__rosidl_typesupport_fastrtps_cpp.hpp
[0.518s] -- Up-to-date: /home/jucy/ydlidar_ws_11_29/install/nav_2d_msgs/include/nav_2d_msgs/msg/detail/pose2_d32__rosidl_typesupport_fastrtps_cpp.hpp
[0.518s] -- Up-to-date: /home/jucy/ydlidar_ws_11_29/install/nav_2d_msgs/include/nav_2d_msgs/msg/detail/pose2_d_stamped__rosidl_typesupport_fastrtps_cpp.hpp
[0.518s] -- Up-to-date: /home/jucy/ydlidar_ws_11_29/install/nav_2d_msgs/include/nav_2d_msgs/msg/detail/path2_d__rosidl_typesupport_fastrtps_cpp.hpp
[0.518s] -- Up-to-date: /home/jucy/ydlidar_ws_11_29/install/nav_2d_msgs/include/nav_2d_msgs/msg/detail/twist2_d__rosidl_typesupport_fastrtps_cpp.hpp
[0.519s] -- Up-to-date: /home/jucy/ydlidar_ws_11_29/install/nav_2d_msgs/include/nav_2d_msgs/msg/detail/dds_fastrtps
[0.519s] -- Up-to-date: /home/jucy/ydlidar_ws_11_29/install/nav_2d_msgs/lib/libnav_2d_msgs__rosidl_typesupport_fastrtps_cpp.so
[0.519s] -- Up-to-date: /home/jucy/ydlidar_ws_11_29/install/nav_2d_msgs/include/nav_2d_msgs
[0.519s] -- Up-to-date: /home/jucy/ydlidar_ws_11_29/install/nav_2d_msgs/include/nav_2d_msgs/msg
[0.520s] -- Up-to-date: /home/jucy/ydlidar_ws_11_29/install/nav_2d_msgs/include/nav_2d_msgs/msg/rosidl_typesupport_introspection_c__visibility_control.h
[0.520s] -- Up-to-date: /home/jucy/ydlidar_ws_11_29/install/nav_2d_msgs/include/nav_2d_msgs/msg/detail
[0.521s] -- Up-to-date: /home/jucy/ydlidar_ws_11_29/install/nav_2d_msgs/include/nav_2d_msgs/msg/detail/twist2_d_stamped__rosidl_typesupport_introspection_c.h
[0.521s] -- Up-to-date: /home/jucy/ydlidar_ws_11_29/install/nav_2d_msgs/include/nav_2d_msgs/msg/detail/twist2_d__rosidl_typesupport_introspection_c.h
[0.521s] -- Up-to-date: /home/jucy/ydlidar_ws_11_29/install/nav_2d_msgs/include/nav_2d_msgs/msg/detail/pose2_d_stamped__rosidl_typesupport_introspection_c.h
[0.522s] -- Up-to-date: /home/jucy/ydlidar_ws_11_29/install/nav_2d_msgs/include/nav_2d_msgs/msg/detail/pose2_d_stamped__type_support.c
[0.522s] -- Up-to-date: /home/jucy/ydlidar_ws_11_29/install/nav_2d_msgs/include/nav_2d_msgs/msg/detail/pose2_d32__rosidl_typesupport_introspection_c.h
[0.522s] -- Up-to-date: /home/jucy/ydlidar_ws_11_29/install/nav_2d_msgs/include/nav_2d_msgs/msg/detail/path2_d__rosidl_typesupport_introspection_c.h
[0.522s] -- Up-to-date: /home/jucy/ydlidar_ws_11_29/install/nav_2d_msgs/include/nav_2d_msgs/msg/detail/path2_d__type_support.c
[0.523s] -- Up-to-date: /home/jucy/ydlidar_ws_11_29/install/nav_2d_msgs/include/nav_2d_msgs/msg/detail/twist2_d_stamped__type_support.c
[0.523s] -- Up-to-date: /home/jucy/ydlidar_ws_11_29/install/nav_2d_msgs/include/nav_2d_msgs/msg/detail/twist2_d32__rosidl_typesupport_introspection_c.h
[0.523s] -- Up-to-date: /home/jucy/ydlidar_ws_11_29/install/nav_2d_msgs/include/nav_2d_msgs/msg/detail/twist2_d__type_support.c
[0.524s] -- Up-to-date: /home/jucy/ydlidar_ws_11_29/install/nav_2d_msgs/include/nav_2d_msgs/msg/detail/pose2_d32__type_support.c
[0.524s] -- Up-to-date: /home/jucy/ydlidar_ws_11_29/install/nav_2d_msgs/include/nav_2d_msgs/msg/detail/twist2_d32__type_support.c
[0.526s] -- Up-to-date: /home/jucy/ydlidar_ws_11_29/install/nav_2d_msgs/lib/libnav_2d_msgs__rosidl_typesupport_introspection_c.so
[0.527s] -- Up-to-date: /home/jucy/ydlidar_ws_11_29/install/nav_2d_msgs/lib/libnav_2d_msgs__rosidl_typesupport_c.so
[0.528s] -- Up-to-date: /home/jucy/ydlidar_ws_11_29/install/nav_2d_msgs/include/nav_2d_msgs
[0.528s] -- Up-to-date: /home/jucy/ydlidar_ws_11_29/install/nav_2d_msgs/include/nav_2d_msgs/msg
[0.528s] -- Up-to-date: /home/jucy/ydlidar_ws_11_29/install/nav_2d_msgs/include/nav_2d_msgs/msg/path2_d.hpp
[0.529s] -- Up-to-date: /home/jucy/ydlidar_ws_11_29/install/nav_2d_msgs/include/nav_2d_msgs/msg/rosidl_generator_cpp__visibility_control.hpp
[0.530s] -- Up-to-date: /home/jucy/ydlidar_ws_11_29/install/nav_2d_msgs/include/nav_2d_msgs/msg/twist2_d_stamped.hpp
[0.530s] -- Up-to-date: /home/jucy/ydlidar_ws_11_29/install/nav_2d_msgs/include/nav_2d_msgs/msg/pose2_d32.hpp
[0.530s] -- Up-to-date: /home/jucy/ydlidar_ws_11_29/install/nav_2d_msgs/include/nav_2d_msgs/msg/pose2_d_stamped.hpp
[0.531s] -- Up-to-date: /home/jucy/ydlidar_ws_11_29/install/nav_2d_msgs/include/nav_2d_msgs/msg/detail
[0.532s] -- Up-to-date: /home/jucy/ydlidar_ws_11_29/install/nav_2d_msgs/include/nav_2d_msgs/msg/detail/pose2_d_stamped__traits.hpp
[0.532s] -- Up-to-date: /home/jucy/ydlidar_ws_11_29/install/nav_2d_msgs/include/nav_2d_msgs/msg/detail/twist2_d_stamped__traits.hpp
[0.533s] -- Up-to-date: /home/jucy/ydlidar_ws_11_29/install/nav_2d_msgs/include/nav_2d_msgs/msg/detail/twist2_d32__builder.hpp
[0.533s] -- Up-to-date: /home/jucy/ydlidar_ws_11_29/install/nav_2d_msgs/include/nav_2d_msgs/msg/detail/twist2_d__type_support.hpp
[0.533s] -- Up-to-date: /home/jucy/ydlidar_ws_11_29/install/nav_2d_msgs/include/nav_2d_msgs/msg/detail/twist2_d_stamped__struct.hpp
[0.534s] -- Up-to-date: /home/jucy/ydlidar_ws_11_29/install/nav_2d_msgs/include/nav_2d_msgs/msg/detail/path2_d__traits.hpp
[0.534s] -- Up-to-date: /home/jucy/ydlidar_ws_11_29/install/nav_2d_msgs/include/nav_2d_msgs/msg/detail/pose2_d32__type_support.hpp
[0.534s] -- Up-to-date: /home/jucy/ydlidar_ws_11_29/install/nav_2d_msgs/include/nav_2d_msgs/msg/detail/path2_d__builder.hpp
[0.534s] -- Up-to-date: /home/jucy/ydlidar_ws_11_29/install/nav_2d_msgs/include/nav_2d_msgs/msg/detail/pose2_d_stamped__type_support.hpp
[0.534s] -- Up-to-date: /home/jucy/ydlidar_ws_11_29/install/nav_2d_msgs/include/nav_2d_msgs/msg/detail/twist2_d__struct.hpp
[0.535s] -- Up-to-date: /home/jucy/ydlidar_ws_11_29/install/nav_2d_msgs/include/nav_2d_msgs/msg/detail/path2_d__type_support.hpp
[0.535s] -- Up-to-date: /home/jucy/ydlidar_ws_11_29/install/nav_2d_msgs/include/nav_2d_msgs/msg/detail/pose2_d32__builder.hpp
[0.535s] -- Up-to-date: /home/jucy/ydlidar_ws_11_29/install/nav_2d_msgs/include/nav_2d_msgs/msg/detail/twist2_d__traits.hpp
[0.535s] -- Up-to-date: /home/jucy/ydlidar_ws_11_29/install/nav_2d_msgs/include/nav_2d_msgs/msg/detail/twist2_d_stamped__type_support.hpp
[0.535s] -- Up-to-date: /home/jucy/ydlidar_ws_11_29/install/nav_2d_msgs/include/nav_2d_msgs/msg/detail/pose2_d32__struct.hpp
[0.535s] -- Up-to-date: /home/jucy/ydlidar_ws_11_29/install/nav_2d_msgs/include/nav_2d_msgs/msg/detail/twist2_d32__type_support.hpp
[0.535s] -- Up-to-date: /home/jucy/ydlidar_ws_11_29/install/nav_2d_msgs/include/nav_2d_msgs/msg/detail/path2_d__struct.hpp
[0.535s] -- Up-to-date: /home/jucy/ydlidar_ws_11_29/install/nav_2d_msgs/include/nav_2d_msgs/msg/detail/twist2_d32__struct.hpp
[0.536s] -- Up-to-date: /home/jucy/ydlidar_ws_11_29/install/nav_2d_msgs/include/nav_2d_msgs/msg/detail/pose2_d32__traits.hpp
[0.536s] -- Up-to-date: /home/jucy/ydlidar_ws_11_29/install/nav_2d_msgs/include/nav_2d_msgs/msg/detail/pose2_d_stamped__builder.hpp
[0.536s] -- Up-to-date: /home/jucy/ydlidar_ws_11_29/install/nav_2d_msgs/include/nav_2d_msgs/msg/detail/twist2_d32__traits.hpp
[0.536s] -- Up-to-date: /home/jucy/ydlidar_ws_11_29/install/nav_2d_msgs/include/nav_2d_msgs/msg/detail/twist2_d_stamped__builder.hpp
[0.536s] -- Up-to-date: /home/jucy/ydlidar_ws_11_29/install/nav_2d_msgs/include/nav_2d_msgs/msg/detail/pose2_d_stamped__struct.hpp
[0.536s] -- Up-to-date: /home/jucy/ydlidar_ws_11_29/install/nav_2d_msgs/include/nav_2d_msgs/msg/detail/twist2_d__builder.hpp
[0.536s] -- Up-to-date: /home/jucy/ydlidar_ws_11_29/install/nav_2d_msgs/include/nav_2d_msgs/msg/twist2_d32.hpp
[0.536s] -- Up-to-date: /home/jucy/ydlidar_ws_11_29/install/nav_2d_msgs/include/nav_2d_msgs/msg/twist2_d.hpp
[0.536s] -- Up-to-date: /home/jucy/ydlidar_ws_11_29/install/nav_2d_msgs/include/nav_2d_msgs
[0.536s] -- Up-to-date: /home/jucy/ydlidar_ws_11_29/install/nav_2d_msgs/include/nav_2d_msgs/msg
[0.536s] -- Up-to-date: /home/jucy/ydlidar_ws_11_29/install/nav_2d_msgs/include/nav_2d_msgs/msg/detail
[0.536s] -- Up-to-date: /home/jucy/ydlidar_ws_11_29/install/nav_2d_msgs/include/nav_2d_msgs/msg/detail/path2_d__rosidl_typesupport_introspection_cpp.hpp
[0.537s] -- Up-to-date: /home/jucy/ydlidar_ws_11_29/install/nav_2d_msgs/include/nav_2d_msgs/msg/detail/twist2_d_stamped__rosidl_typesupport_introspection_cpp.hpp
[0.537s] -- Up-to-date: /home/jucy/ydlidar_ws_11_29/install/nav_2d_msgs/include/nav_2d_msgs/msg/detail/twist2_d__type_support.cpp
[0.537s] -- Up-to-date: /home/jucy/ydlidar_ws_11_29/install/nav_2d_msgs/include/nav_2d_msgs/msg/detail/twist2_d32__type_support.cpp
[0.538s] -- Up-to-date: /home/jucy/ydlidar_ws_11_29/install/nav_2d_msgs/include/nav_2d_msgs/msg/detail/twist2_d__rosidl_typesupport_introspection_cpp.hpp
[0.538s] -- Up-to-date: /home/jucy/ydlidar_ws_11_29/install/nav_2d_msgs/include/nav_2d_msgs/msg/detail/pose2_d32__rosidl_typesupport_introspection_cpp.hpp
[0.538s] -- Up-to-date: /home/jucy/ydlidar_ws_11_29/install/nav_2d_msgs/include/nav_2d_msgs/msg/detail/twist2_d_stamped__type_support.cpp
[0.538s] -- Up-to-date: /home/jucy/ydlidar_ws_11_29/install/nav_2d_msgs/include/nav_2d_msgs/msg/detail/pose2_d_stamped__type_support.cpp
[0.538s] -- Up-to-date: /home/jucy/ydlidar_ws_11_29/install/nav_2d_msgs/include/nav_2d_msgs/msg/detail/twist2_d32__rosidl_typesupport_introspection_cpp.hpp
[0.538s] -- Up-to-date: /home/jucy/ydlidar_ws_11_29/install/nav_2d_msgs/include/nav_2d_msgs/msg/detail/pose2_d32__type_support.cpp
[0.538s] -- Up-to-date: /home/jucy/ydlidar_ws_11_29/install/nav_2d_msgs/include/nav_2d_msgs/msg/detail/path2_d__type_support.cpp
[0.538s] -- Up-to-date: /home/jucy/ydlidar_ws_11_29/install/nav_2d_msgs/include/nav_2d_msgs/msg/detail/pose2_d_stamped__rosidl_typesupport_introspection_cpp.hpp
[0.539s] -- Up-to-date: /home/jucy/ydlidar_ws_11_29/install/nav_2d_msgs/lib/libnav_2d_msgs__rosidl_typesupport_introspection_cpp.so
[0.539s] -- Up-to-date: /home/jucy/ydlidar_ws_11_29/install/nav_2d_msgs/lib/libnav_2d_msgs__rosidl_typesupport_cpp.so
[0.539s] -- Up-to-date: /home/jucy/ydlidar_ws_11_29/install/nav_2d_msgs/share/nav_2d_msgs/environment/pythonpath.sh
[0.539s] -- Up-to-date: /home/jucy/ydlidar_ws_11_29/install/nav_2d_msgs/share/nav_2d_msgs/environment/pythonpath.dsv
[0.539s] -- Up-to-date: /home/jucy/ydlidar_ws_11_29/install/nav_2d_msgs/lib/python3.8/site-packages/nav_2d_msgs/__init__.py
[0.546s] -- Up-to-date: /home/jucy/ydlidar_ws_11_29/install/nav_2d_msgs/lib/python3.8/site-packages/nav_2d_msgs/msg
[0.546s] -- Up-to-date: /home/jucy/ydlidar_ws_11_29/install/nav_2d_msgs/lib/python3.8/site-packages/nav_2d_msgs/msg/_twist2_d32.py
[0.546s] -- Up-to-date: /home/jucy/ydlidar_ws_11_29/install/nav_2d_msgs/lib/python3.8/site-packages/nav_2d_msgs/msg/_pose2_d32_s.c
[0.546s] -- Up-to-date: /home/jucy/ydlidar_ws_11_29/install/nav_2d_msgs/lib/python3.8/site-packages/nav_2d_msgs/msg/_path2_d_s.c
[0.546s] -- Up-to-date: /home/jucy/ydlidar_ws_11_29/install/nav_2d_msgs/lib/python3.8/site-packages/nav_2d_msgs/msg/_twist2_d32_s.c
[0.546s] -- Up-to-date: /home/jucy/ydlidar_ws_11_29/install/nav_2d_msgs/lib/python3.8/site-packages/nav_2d_msgs/msg/_twist2_d_s.c
[0.546s] -- Up-to-date: /home/jucy/ydlidar_ws_11_29/install/nav_2d_msgs/lib/python3.8/site-packages/nav_2d_msgs/msg/_twist2_d.py
[0.546s] -- Up-to-date: /home/jucy/ydlidar_ws_11_29/install/nav_2d_msgs/lib/python3.8/site-packages/nav_2d_msgs/msg/_twist2_d_stamped.py
[0.546s] -- Up-to-date: /home/jucy/ydlidar_ws_11_29/install/nav_2d_msgs/lib/python3.8/site-packages/nav_2d_msgs/msg/_pose2_d_stamped.py
[0.546s] -- Up-to-date: /home/jucy/ydlidar_ws_11_29/install/nav_2d_msgs/lib/python3.8/site-packages/nav_2d_msgs/msg/_pose2_d_stamped_s.c
[0.547s] -- Up-to-date: /home/jucy/ydlidar_ws_11_29/install/nav_2d_msgs/lib/python3.8/site-packages/nav_2d_msgs/msg/_path2_d.py
[0.547s] -- Up-to-date: /home/jucy/ydlidar_ws_11_29/install/nav_2d_msgs/lib/python3.8/site-packages/nav_2d_msgs/msg/__init__.py
[0.547s] -- Up-to-date: /home/jucy/ydlidar_ws_11_29/install/nav_2d_msgs/lib/python3.8/site-packages/nav_2d_msgs/msg/_twist2_d_stamped_s.c
[0.547s] -- Up-to-date: /home/jucy/ydlidar_ws_11_29/install/nav_2d_msgs/lib/python3.8/site-packages/nav_2d_msgs/msg/_pose2_d32.py
[0.547s] -- Up-to-date: /home/jucy/ydlidar_ws_11_29/install/nav_2d_msgs/lib/python3.8/site-packages/nav_2d_msgs/nav_2d_msgs_s__rosidl_typesupport_fastrtps_c.cpython-38-x86_64-linux-gnu.so
[0.547s] -- Up-to-date: /home/jucy/ydlidar_ws_11_29/install/nav_2d_msgs/lib/python3.8/site-packages/nav_2d_msgs/nav_2d_msgs_s__rosidl_typesupport_introspection_c.cpython-38-x86_64-linux-gnu.so
[0.547s] -- Up-to-date: /home/jucy/ydlidar_ws_11_29/install/nav_2d_msgs/lib/python3.8/site-packages/nav_2d_msgs/nav_2d_msgs_s__rosidl_typesupport_c.cpython-38-x86_64-linux-gnu.so
[0.547s] -- Up-to-date: /home/jucy/ydlidar_ws_11_29/install/nav_2d_msgs/lib/libnav_2d_msgs__python.so
[0.547s] -- Up-to-date: /home/jucy/ydlidar_ws_11_29/install/nav_2d_msgs/share/nav_2d_msgs/msg/Path2D.idl
[0.547s] -- Up-to-date: /home/jucy/ydlidar_ws_11_29/install/nav_2d_msgs/share/nav_2d_msgs/msg/Pose2D32.idl
[0.547s] -- Up-to-date: /home/jucy/ydlidar_ws_11_29/install/nav_2d_msgs/share/nav_2d_msgs/msg/Pose2DStamped.idl
[0.547s] -- Up-to-date: /home/jucy/ydlidar_ws_11_29/install/nav_2d_msgs/share/nav_2d_msgs/msg/Twist2D.idl
[0.547s] -- Up-to-date: /home/jucy/ydlidar_ws_11_29/install/nav_2d_msgs/share/nav_2d_msgs/msg/Twist2D32.idl
[0.547s] -- Up-to-date: /home/jucy/ydlidar_ws_11_29/install/nav_2d_msgs/share/nav_2d_msgs/msg/Twist2DStamped.idl
[0.547s] -- Up-to-date: /home/jucy/ydlidar_ws_11_29/install/nav_2d_msgs/share/nav_2d_msgs/msg/Path2D.msg
[0.547s] -- Up-to-date: /home/jucy/ydlidar_ws_11_29/install/nav_2d_msgs/share/nav_2d_msgs/msg/Pose2D32.msg
[0.547s] -- Up-to-date: /home/jucy/ydlidar_ws_11_29/install/nav_2d_msgs/share/nav_2d_msgs/msg/Pose2DStamped.msg
[0.548s] -- Up-to-date: /home/jucy/ydlidar_ws_11_29/install/nav_2d_msgs/share/nav_2d_msgs/msg/Twist2D.msg
[0.548s] -- Up-to-date: /home/jucy/ydlidar_ws_11_29/install/nav_2d_msgs/share/nav_2d_msgs/msg/Twist2D32.msg
[0.548s] -- Up-to-date: /home/jucy/ydlidar_ws_11_29/install/nav_2d_msgs/share/nav_2d_msgs/msg/Twist2DStamped.msg
[0.548s] -- Up-to-date: /home/jucy/ydlidar_ws_11_29/install/nav_2d_msgs/share/ament_index/resource_index/package_run_dependencies/nav_2d_msgs
[0.548s] -- Up-to-date: /home/jucy/ydlidar_ws_11_29/install/nav_2d_msgs/share/ament_index/resource_index/parent_prefix_path/nav_2d_msgs
[0.548s] -- Up-to-date: /home/jucy/ydlidar_ws_11_29/install/nav_2d_msgs/share/nav_2d_msgs/environment/ament_prefix_path.sh
[0.548s] -- Up-to-date: /home/jucy/ydlidar_ws_11_29/install/nav_2d_msgs/share/nav_2d_msgs/environment/ament_prefix_path.dsv
[0.548s] -- Up-to-date: /home/jucy/ydlidar_ws_11_29/install/nav_2d_msgs/share/nav_2d_msgs/environment/path.sh
[0.548s] -- Up-to-date: /home/jucy/ydlidar_ws_11_29/install/nav_2d_msgs/share/nav_2d_msgs/environment/path.dsv
[0.548s] -- Up-to-date: /home/jucy/ydlidar_ws_11_29/install/nav_2d_msgs/share/nav_2d_msgs/local_setup.bash
[0.548s] -- Up-to-date: /home/jucy/ydlidar_ws_11_29/install/nav_2d_msgs/share/nav_2d_msgs/local_setup.sh
[0.548s] -- Up-to-date: /home/jucy/ydlidar_ws_11_29/install/nav_2d_msgs/share/nav_2d_msgs/local_setup.zsh
[0.548s] -- Up-to-date: /home/jucy/ydlidar_ws_11_29/install/nav_2d_msgs/share/nav_2d_msgs/local_setup.dsv
[0.548s] -- Installing: /home/jucy/ydlidar_ws_11_29/install/nav_2d_msgs/share/nav_2d_msgs/package.dsv
[0.548s] -- Up-to-date: /home/jucy/ydlidar_ws_11_29/install/nav_2d_msgs/share/ament_index/resource_index/packages/nav_2d_msgs
[0.549s] -- Up-to-date: /home/jucy/ydlidar_ws_11_29/install/nav_2d_msgs/share/nav_2d_msgs/cmake/nav_2d_msgs__rosidl_generator_cExport.cmake
[0.549s] -- Up-to-date: /home/jucy/ydlidar_ws_11_29/install/nav_2d_msgs/share/nav_2d_msgs/cmake/nav_2d_msgs__rosidl_generator_cExport-noconfig.cmake
[0.549s] -- Up-to-date: /home/jucy/ydlidar_ws_11_29/install/nav_2d_msgs/share/nav_2d_msgs/cmake/nav_2d_msgs__rosidl_typesupport_introspection_cExport.cmake
[0.549s] -- Up-to-date: /home/jucy/ydlidar_ws_11_29/install/nav_2d_msgs/share/nav_2d_msgs/cmake/nav_2d_msgs__rosidl_typesupport_introspection_cExport-noconfig.cmake
[0.549s] -- Up-to-date: /home/jucy/ydlidar_ws_11_29/install/nav_2d_msgs/share/nav_2d_msgs/cmake/nav_2d_msgs__rosidl_typesupport_cExport.cmake
[0.549s] -- Up-to-date: /home/jucy/ydlidar_ws_11_29/install/nav_2d_msgs/share/nav_2d_msgs/cmake/nav_2d_msgs__rosidl_typesupport_cExport-noconfig.cmake
[0.549s] -- Up-to-date: /home/jucy/ydlidar_ws_11_29/install/nav_2d_msgs/share/nav_2d_msgs/cmake/nav_2d_msgs__rosidl_generator_cppExport.cmake
[0.549s] -- Up-to-date: /home/jucy/ydlidar_ws_11_29/install/nav_2d_msgs/share/nav_2d_msgs/cmake/nav_2d_msgs__rosidl_typesupport_introspection_cppExport.cmake
[0.549s] -- Up-to-date: /home/jucy/ydlidar_ws_11_29/install/nav_2d_msgs/share/nav_2d_msgs/cmake/nav_2d_msgs__rosidl_typesupport_introspection_cppExport-noconfig.cmake
[0.549s] -- Up-to-date: /home/jucy/ydlidar_ws_11_29/install/nav_2d_msgs/share/nav_2d_msgs/cmake/nav_2d_msgs__rosidl_typesupport_cppExport.cmake
[0.549s] -- Up-to-date: /home/jucy/ydlidar_ws_11_29/install/nav_2d_msgs/share/nav_2d_msgs/cmake/nav_2d_msgs__rosidl_typesupport_cppExport-noconfig.cmake
[0.549s] -- Up-to-date: /home/jucy/ydlidar_ws_11_29/install/nav_2d_msgs/share/nav_2d_msgs/cmake/rosidl_cmake-extras.cmake
[0.549s] -- Up-to-date: /home/jucy/ydlidar_ws_11_29/install/nav_2d_msgs/share/nav_2d_msgs/cmake/ament_cmake_export_dependencies-extras.cmake
[0.550s] -- Up-to-date: /home/jucy/ydlidar_ws_11_29/install/nav_2d_msgs/share/nav_2d_msgs/cmake/ament_cmake_export_libraries-extras.cmake
[0.550s] -- Up-to-date: /home/jucy/ydlidar_ws_11_29/install/nav_2d_msgs/share/nav_2d_msgs/cmake/ament_cmake_export_targets-extras.cmake
[0.550s] -- Up-to-date: /home/jucy/ydlidar_ws_11_29/install/nav_2d_msgs/share/nav_2d_msgs/cmake/ament_cmake_export_include_directories-extras.cmake
[0.550s] -- Up-to-date: /home/jucy/ydlidar_ws_11_29/install/nav_2d_msgs/share/nav_2d_msgs/cmake/rosidl_cmake_export_typesupport_libraries-extras.cmake
[0.550s] -- Up-to-date: /home/jucy/ydlidar_ws_11_29/install/nav_2d_msgs/share/nav_2d_msgs/cmake/rosidl_cmake_export_typesupport_targets-extras.cmake
[0.550s] -- Up-to-date: /home/jucy/ydlidar_ws_11_29/install/nav_2d_msgs/share/nav_2d_msgs/cmake/nav_2d_msgsConfig.cmake
[0.550s] -- Up-to-date: /home/jucy/ydlidar_ws_11_29/install/nav_2d_msgs/share/nav_2d_msgs/cmake/nav_2d_msgsConfig-version.cmake
[0.550s] -- Up-to-date: /home/jucy/ydlidar_ws_11_29/install/nav_2d_msgs/share/nav_2d_msgs/package.xml
[0.582s] Invoked command in '/home/jucy/ydlidar_ws_11_29/build/nav_2d_msgs' returned '0': /usr/bin/cmake --install /home/jucy/ydlidar_ws_11_29/build/nav_2d_msgs
