[0.148s] Invoking command in '/home/jucy/ydlidar_ws_11_29/build/dwb_msgs': AMENT_PREFIX_PATH=/home/jucy/ydlidar_ws_11_29/install/nav_2d_msgs:${AMENT_PREFIX_PATH} CMAKE_PREFIX_PATH=/home/jucy/ydlidar_ws_11_29/install/nav_2d_msgs:/home/jucy/ydlidar_ws_11_29/install/ydlidar_ros2_driver:/home/jucy/ydlidar_ws_11_29/install/myagv_navigation2:/home/jucy/ydlidar_ws_11_29/install/myagv_bringup:/home/jucy/ydlidar_ws_11_29/install/myagv_description:/home/jucy/new_ws/install/myagv_description:/home/jucy/new_ws/install/aseembly:/home/jucy/turtlebot3_ws/install/turtlebot3:/home/jucy/turtlebot3_ws/install/turtlebot3_simulations:/home/jucy/turtlebot3_ws/install/turtlebot3_bringup:/home/jucy/turtlebot3_ws/install/turtlebot3_node:/home/jucy/turtlebot3_ws/install/turtlebot3_navigation2:/home/jucy/turtlebot3_ws/install/turtlebot3_fake_node:/home/jucy/turtlebot3_ws/install/turtlebot3_msgs:/home/jucy/turtlebot3_ws/install/turtlebot3_gazebo:/home/jucy/turtlebot3_ws/install/turtlebot3_description:/home/jucy/turtlebot3_ws/install/turtlebot3_cartographer:/home/jucy/turtlebot3_ws/install/dynamixel_sdk_examples:/home/jucy/turtlebot3_ws/install/dynamixel_sdk_custom_interfaces:/home/jucy/turtlebot3_ws/install/dynamixel_sdk:/home/jucy/ros2_ws/install/ps2_controller:/home/jucy/ydlidar_ros2_ws/install/ydlidar_ros2_driver:/home/jucy/ydlidar_ros2_ws/install/ps2_controller:/home/jucy/ydlidar_ros2_ws/install/myagv_navigation2:/home/jucy/ydlidar_ros2_ws/install/myagv_bringup:/home/jucy/ydlidar_ros2_ws/install/myagv_description:/home/jucy/ydlidar_ros2_wss/install/ydlidar_ros2_driver:/opt/ros/foxy:/opt/ros/foxy:/home/jucy/ydlidar_ws_11_29/install/jdamr200_node:/home/jucy/turtlebot3_ws/install/turtlebot3_teleop:/home/jucy/turtlebot3_ws/install/turtlebot3_example:/home/jucy/turtlebot3_ws/install/nav2_goal_pulisher_test:/home/jucy/turtlebot3_ws/install/nav2_goal_publisher:/home/jucy/ros2_ws/install/camera_udp_communication:/home/jucy/ros2_ws/install/agv_control_py:/home/jucy/ydlidar_ros2_ws/install/jdamr200_teleop:/home/jucy/ydlidar_ros2_ws/install/jdamr200_node LD_LIBRARY_PATH=/home/jucy/ydlidar_ws_11_29/install/nav_2d_msgs/lib:${LD_LIBRARY_PATH} PYTHONPATH=/home/jucy/ydlidar_ws_11_29/install/nav_2d_msgs/lib/python3.8/site-packages:${PYTHONPATH} /usr/bin/cmake /home/jucy/ydlidar_ws_11_29/ydlidar_ws/src/navigation2/nav2_dwb_controller/dwb_msgs -DCMAKE_INSTALL_PREFIX=/home/jucy/ydlidar_ws_11_29/install/dwb_msgs
[0.463s] -- The C compiler identification is GNU 9.4.0
[0.823s] -- The CXX compiler identification is GNU 9.4.0
[0.838s] -- Check for working C compiler: /usr/bin/cc
[1.252s] -- Check for working C compiler: /usr/bin/cc -- works
[1.256s] -- Detecting C compiler ABI info
[1.410s] -- Detecting C compiler ABI info - done
[1.427s] -- Detecting C compile features
[1.428s] -- Detecting C compile features - done
[1.437s] -- Check for working CXX compiler: /usr/bin/c++
[1.562s] -- Check for working CXX compiler: /usr/bin/c++ -- works
[1.564s] -- Detecting CXX compiler ABI info
[1.700s] -- Detecting CXX compiler ABI info - done
[1.731s] -- Detecting CXX compile features
[1.734s] -- Detecting CXX compile features - done
[1.747s] -- Found builtin_interfaces: 1.0.0 (/opt/ros/foxy/share/builtin_interfaces/cmake)
[1.846s] -- Found PythonInterp: /usr/bin/python3 (found suitable version "3.8.10", minimum required is "3") 
[1.846s] -- Using PYTHON_EXECUTABLE: /usr/bin/python3
[2.635s] -- Using all available rosidl_typesupport_c: rosidl_typesupport_fastrtps_c;rosidl_typesupport_introspection_c
[2.664s] -- Found rosidl_adapter: 1.3.1 (/opt/ros/foxy/share/rosidl_adapter/cmake)
[2.945s] -- Found OpenSSL: /usr/lib/x86_64-linux-gnu/libcrypto.so (found version "1.1.1f")  
[3.117s] -- Found FastRTPS: /opt/ros/foxy/include  
[3.572s] -- Using all available rosidl_typesupport_cpp: rosidl_typesupport_fastrtps_cpp;rosidl_typesupport_introspection_cpp
[3.691s] -- Found geometry_msgs: 2.0.5 (/opt/ros/foxy/share/geometry_msgs/cmake)
[3.942s] -- Found nav_2d_msgs: 0.4.7 (/home/jucy/ydlidar_ws_11_29/install/nav_2d_msgs/share/nav_2d_msgs/cmake)
[4.206s] -- Found nav_msgs: 2.0.5 (/opt/ros/foxy/share/nav_msgs/cmake)
[4.500s] -- Found rosidl_default_generators: 1.0.1 (/opt/ros/foxy/share/rosidl_default_generators/cmake)
[5.293s] -- Found PythonInterp: /usr/bin/python3 (found version "3.8.10") 
[6.441s] -- Found ament_cmake_ros: 0.9.2 (/opt/ros/foxy/share/ament_cmake_ros/cmake)
[7.708s] -- Using all available rosidl_typesupport_c: rosidl_typesupport_fastrtps_c;rosidl_typesupport_introspection_c
[8.451s] -- Using all available rosidl_typesupport_cpp: rosidl_typesupport_fastrtps_cpp;rosidl_typesupport_introspection_cpp
[8.640s] -- Found PythonInterp: /usr/bin/python3 (found suitable version "3.8.10", minimum required is "3.5") 
[8.647s] -- Found python_cmake_module: 0.8.1 (/opt/ros/foxy/share/python_cmake_module/cmake)
[8.868s] -- Found PythonLibs: /usr/lib/x86_64-linux-gnu/libpython3.8.so (found suitable version "3.8.10", minimum required is "3.5") 
[8.869s] -- Using PYTHON_EXECUTABLE: /usr/bin/python3
[8.869s] -- Using PYTHON_INCLUDE_DIRS: /usr/include/python3.8
[8.870s] -- Using PYTHON_LIBRARIES: /usr/lib/x86_64-linux-gnu/libpython3.8.so
[8.967s] -- Found PythonExtra: .so  
[9.487s] -- Configuring done
[9.875s] -- Generating done
[9.964s] -- Build files have been written to: /home/jucy/ydlidar_ws_11_29/build/dwb_msgs
[9.999s] Invoked command in '/home/jucy/ydlidar_ws_11_29/build/dwb_msgs' returned '0': AMENT_PREFIX_PATH=/home/jucy/ydlidar_ws_11_29/install/nav_2d_msgs:${AMENT_PREFIX_PATH} CMAKE_PREFIX_PATH=/home/jucy/ydlidar_ws_11_29/install/nav_2d_msgs:/home/jucy/ydlidar_ws_11_29/install/ydlidar_ros2_driver:/home/jucy/ydlidar_ws_11_29/install/myagv_navigation2:/home/jucy/ydlidar_ws_11_29/install/myagv_bringup:/home/jucy/ydlidar_ws_11_29/install/myagv_description:/home/jucy/new_ws/install/myagv_description:/home/jucy/new_ws/install/aseembly:/home/jucy/turtlebot3_ws/install/turtlebot3:/home/jucy/turtlebot3_ws/install/turtlebot3_simulations:/home/jucy/turtlebot3_ws/install/turtlebot3_bringup:/home/jucy/turtlebot3_ws/install/turtlebot3_node:/home/jucy/turtlebot3_ws/install/turtlebot3_navigation2:/home/jucy/turtlebot3_ws/install/turtlebot3_fake_node:/home/jucy/turtlebot3_ws/install/turtlebot3_msgs:/home/jucy/turtlebot3_ws/install/turtlebot3_gazebo:/home/jucy/turtlebot3_ws/install/turtlebot3_description:/home/jucy/turtlebot3_ws/install/turtlebot3_cartographer:/home/jucy/turtlebot3_ws/install/dynamixel_sdk_examples:/home/jucy/turtlebot3_ws/install/dynamixel_sdk_custom_interfaces:/home/jucy/turtlebot3_ws/install/dynamixel_sdk:/home/jucy/ros2_ws/install/ps2_controller:/home/jucy/ydlidar_ros2_ws/install/ydlidar_ros2_driver:/home/jucy/ydlidar_ros2_ws/install/ps2_controller:/home/jucy/ydlidar_ros2_ws/install/myagv_navigation2:/home/jucy/ydlidar_ros2_ws/install/myagv_bringup:/home/jucy/ydlidar_ros2_ws/install/myagv_description:/home/jucy/ydlidar_ros2_wss/install/ydlidar_ros2_driver:/opt/ros/foxy:/opt/ros/foxy:/home/jucy/ydlidar_ws_11_29/install/jdamr200_node:/home/jucy/turtlebot3_ws/install/turtlebot3_teleop:/home/jucy/turtlebot3_ws/install/turtlebot3_example:/home/jucy/turtlebot3_ws/install/nav2_goal_pulisher_test:/home/jucy/turtlebot3_ws/install/nav2_goal_publisher:/home/jucy/ros2_ws/install/camera_udp_communication:/home/jucy/ros2_ws/install/agv_control_py:/home/jucy/ydlidar_ros2_ws/install/jdamr200_teleop:/home/jucy/ydlidar_ros2_ws/install/jdamr200_node LD_LIBRARY_PATH=/home/jucy/ydlidar_ws_11_29/install/nav_2d_msgs/lib:${LD_LIBRARY_PATH} PYTHONPATH=/home/jucy/ydlidar_ws_11_29/install/nav_2d_msgs/lib/python3.8/site-packages:${PYTHONPATH} /usr/bin/cmake /home/jucy/ydlidar_ws_11_29/ydlidar_ws/src/navigation2/nav2_dwb_controller/dwb_msgs -DCMAKE_INSTALL_PREFIX=/home/jucy/ydlidar_ws_11_29/install/dwb_msgs
[10.002s] Invoking command in '/home/jucy/ydlidar_ws_11_29/build/dwb_msgs': AMENT_PREFIX_PATH=/home/jucy/ydlidar_ws_11_29/install/nav_2d_msgs:${AMENT_PREFIX_PATH} CMAKE_PREFIX_PATH=/home/jucy/ydlidar_ws_11_29/install/nav_2d_msgs:/home/jucy/ydlidar_ws_11_29/install/ydlidar_ros2_driver:/home/jucy/ydlidar_ws_11_29/install/myagv_navigation2:/home/jucy/ydlidar_ws_11_29/install/myagv_bringup:/home/jucy/ydlidar_ws_11_29/install/myagv_description:/home/jucy/new_ws/install/myagv_description:/home/jucy/new_ws/install/aseembly:/home/jucy/turtlebot3_ws/install/turtlebot3:/home/jucy/turtlebot3_ws/install/turtlebot3_simulations:/home/jucy/turtlebot3_ws/install/turtlebot3_bringup:/home/jucy/turtlebot3_ws/install/turtlebot3_node:/home/jucy/turtlebot3_ws/install/turtlebot3_navigation2:/home/jucy/turtlebot3_ws/install/turtlebot3_fake_node:/home/jucy/turtlebot3_ws/install/turtlebot3_msgs:/home/jucy/turtlebot3_ws/install/turtlebot3_gazebo:/home/jucy/turtlebot3_ws/install/turtlebot3_description:/home/jucy/turtlebot3_ws/install/turtlebot3_cartographer:/home/jucy/turtlebot3_ws/install/dynamixel_sdk_examples:/home/jucy/turtlebot3_ws/install/dynamixel_sdk_custom_interfaces:/home/jucy/turtlebot3_ws/install/dynamixel_sdk:/home/jucy/ros2_ws/install/ps2_controller:/home/jucy/ydlidar_ros2_ws/install/ydlidar_ros2_driver:/home/jucy/ydlidar_ros2_ws/install/ps2_controller:/home/jucy/ydlidar_ros2_ws/install/myagv_navigation2:/home/jucy/ydlidar_ros2_ws/install/myagv_bringup:/home/jucy/ydlidar_ros2_ws/install/myagv_description:/home/jucy/ydlidar_ros2_wss/install/ydlidar_ros2_driver:/opt/ros/foxy:/opt/ros/foxy:/home/jucy/ydlidar_ws_11_29/install/jdamr200_node:/home/jucy/turtlebot3_ws/install/turtlebot3_teleop:/home/jucy/turtlebot3_ws/install/turtlebot3_example:/home/jucy/turtlebot3_ws/install/nav2_goal_pulisher_test:/home/jucy/turtlebot3_ws/install/nav2_goal_publisher:/home/jucy/ros2_ws/install/camera_udp_communication:/home/jucy/ros2_ws/install/agv_control_py:/home/jucy/ydlidar_ros2_ws/install/jdamr200_teleop:/home/jucy/ydlidar_ros2_ws/install/jdamr200_node LD_LIBRARY_PATH=/home/jucy/ydlidar_ws_11_29/install/nav_2d_msgs/lib:${LD_LIBRARY_PATH} PYTHONPATH=/home/jucy/ydlidar_ws_11_29/install/nav_2d_msgs/lib/python3.8/site-packages:${PYTHONPATH} /usr/bin/cmake --build /home/jucy/ydlidar_ws_11_29/build/dwb_msgs -- -j12 -l12
[10.214s] [35m[1mScanning dependencies of target dwb_msgs__cpp[0m
[10.225s] [  1%] [34m[1mGenerating C code for ROS interfaces[0m
[10.312s] [  2%] [34m[1mGenerating C++ code for ROS interfaces[0m
[13.162s] [35m[1mScanning dependencies of target dwb_msgs__rosidl_generator_c[0m
[13.295s] [  3%] [32mBuilding C object CMakeFiles/dwb_msgs__rosidl_generator_c.dir/rosidl_generator_c/dwb_msgs/msg/detail/critic_score__functions.c.o[0m
[13.295s] [  4%] [32mBuilding C object CMakeFiles/dwb_msgs__rosidl_generator_c.dir/rosidl_generator_c/dwb_msgs/msg/detail/local_plan_evaluation__functions.c.o[0m
[13.298s] [  5%] [32mBuilding C object CMakeFiles/dwb_msgs__rosidl_generator_c.dir/rosidl_generator_c/dwb_msgs/msg/detail/trajectory2_d__functions.c.o[0m
[13.304s] [  6%] [32mBuilding C object CMakeFiles/dwb_msgs__rosidl_generator_c.dir/rosidl_generator_c/dwb_msgs/msg/detail/trajectory_score__functions.c.o[0m
[13.312s] [  7%] [32mBuilding C object CMakeFiles/dwb_msgs__rosidl_generator_c.dir/rosidl_generator_c/dwb_msgs/srv/detail/debug_local_plan__functions.c.o[0m
[13.317s] [  8%] [32mBuilding C object CMakeFiles/dwb_msgs__rosidl_generator_c.dir/rosidl_generator_c/dwb_msgs/srv/detail/generate_trajectory__functions.c.o[0m
[13.322s] [  9%] [32mBuilding C object CMakeFiles/dwb_msgs__rosidl_generator_c.dir/rosidl_generator_c/dwb_msgs/srv/detail/generate_twists__functions.c.o[0m
[13.324s] [ 10%] [32mBuilding C object CMakeFiles/dwb_msgs__rosidl_generator_c.dir/rosidl_generator_c/dwb_msgs/srv/detail/get_critic_score__functions.c.o[0m
[13.333s] [ 11%] [32mBuilding C object CMakeFiles/dwb_msgs__rosidl_generator_c.dir/rosidl_generator_c/dwb_msgs/srv/detail/score_trajectory__functions.c.o[0m
[13.334s] [ 11%] Built target dwb_msgs__cpp
[13.392s] [ 12%] [34m[1mGenerating C++ type support dispatch for ROS interfaces[0m
[13.398s] [ 13%] [34m[1mGenerating C++ type support for eProsima Fast-RTPS[0m
[13.436s] [ 14%] [34m[1mGenerating C++ introspection for ROS interfaces[0m
[13.501s] [ 15%] [32m[1mLinking C shared library libdwb_msgs__rosidl_generator_c.so[0m
[13.577s] [ 15%] Built target dwb_msgs__rosidl_generator_c
[13.596s] [ 16%] [34m[1mGenerating C introspection for ROS interfaces[0m
[13.600s] [ 17%] [34m[1mGenerating C type support dispatch for ROS interfaces[0m
[14.443s] [35m[1mScanning dependencies of target dwb_msgs__rosidl_typesupport_cpp[0m
[14.486s] [ 18%] [32mBuilding CXX object CMakeFiles/dwb_msgs__rosidl_typesupport_cpp.dir/rosidl_typesupport_cpp/dwb_msgs/msg/critic_score__type_support.cpp.o[0m
[14.488s] [ 21%] [32mBuilding CXX object CMakeFiles/dwb_msgs__rosidl_typesupport_cpp.dir/rosidl_typesupport_cpp/dwb_msgs/msg/trajectory_score__type_support.cpp.o[0m
[14.488s] [ 21%] [32mBuilding CXX object CMakeFiles/dwb_msgs__rosidl_typesupport_cpp.dir/rosidl_typesupport_cpp/dwb_msgs/srv/debug_local_plan__type_support.cpp.o[0m
[14.489s] [ 22%] [32mBuilding CXX object CMakeFiles/dwb_msgs__rosidl_typesupport_cpp.dir/rosidl_typesupport_cpp/dwb_msgs/msg/local_plan_evaluation__type_support.cpp.o[0m
[14.490s] [ 23%] [32mBuilding CXX object CMakeFiles/dwb_msgs__rosidl_typesupport_cpp.dir/rosidl_typesupport_cpp/dwb_msgs/msg/trajectory2_d__type_support.cpp.o[0m
[14.500s] [ 24%] [32mBuilding CXX object CMakeFiles/dwb_msgs__rosidl_typesupport_cpp.dir/rosidl_typesupport_cpp/dwb_msgs/srv/generate_trajectory__type_support.cpp.o[0m
[14.507s] [ 25%] [32mBuilding CXX object CMakeFiles/dwb_msgs__rosidl_typesupport_cpp.dir/rosidl_typesupport_cpp/dwb_msgs/srv/get_critic_score__type_support.cpp.o[0m
[14.508s] [ 26%] [32mBuilding CXX object CMakeFiles/dwb_msgs__rosidl_typesupport_cpp.dir/rosidl_typesupport_cpp/dwb_msgs/srv/generate_twists__type_support.cpp.o[0m
[15.321s] [ 27%] [32mBuilding CXX object CMakeFiles/dwb_msgs__rosidl_typesupport_cpp.dir/rosidl_typesupport_cpp/dwb_msgs/srv/score_trajectory__type_support.cpp.o[0m
[15.398s] [35m[1mScanning dependencies of target dwb_msgs__rosidl_typesupport_introspection_cpp[0m
[15.456s] [ 28%] [32mBuilding CXX object CMakeFiles/dwb_msgs__rosidl_typesupport_introspection_cpp.dir/rosidl_typesupport_introspection_cpp/dwb_msgs/msg/detail/critic_score__type_support.cpp.o[0m
[15.457s] [ 29%] [32mBuilding CXX object CMakeFiles/dwb_msgs__rosidl_typesupport_introspection_cpp.dir/rosidl_typesupport_introspection_cpp/dwb_msgs/msg/detail/local_plan_evaluation__type_support.cpp.o[0m
[15.463s] [ 30%] [32mBuilding CXX object CMakeFiles/dwb_msgs__rosidl_typesupport_introspection_cpp.dir/rosidl_typesupport_introspection_cpp/dwb_msgs/msg/detail/trajectory2_d__type_support.cpp.o[0m
[15.488s] [ 31%] [32mBuilding CXX object CMakeFiles/dwb_msgs__rosidl_typesupport_introspection_cpp.dir/rosidl_typesupport_introspection_cpp/dwb_msgs/srv/detail/debug_local_plan__type_support.cpp.o[0m
[15.496s] [ 32%] [32mBuilding CXX object CMakeFiles/dwb_msgs__rosidl_typesupport_introspection_cpp.dir/rosidl_typesupport_introspection_cpp/dwb_msgs/msg/detail/trajectory_score__type_support.cpp.o[0m
[15.497s] [35m[1mScanning dependencies of target dwb_msgs__rosidl_typesupport_fastrtps_cpp[0m
[15.498s] [ 33%] [32mBuilding CXX object CMakeFiles/dwb_msgs__rosidl_typesupport_introspection_cpp.dir/rosidl_typesupport_introspection_cpp/dwb_msgs/srv/detail/generate_trajectory__type_support.cpp.o[0m
[15.566s] [ 34%] [32mBuilding CXX object CMakeFiles/dwb_msgs__rosidl_typesupport_introspection_cpp.dir/rosidl_typesupport_introspection_cpp/dwb_msgs/srv/detail/generate_twists__type_support.cpp.o[0m
[15.582s] [ 35%] [32mBuilding CXX object CMakeFiles/dwb_msgs__rosidl_typesupport_fastrtps_cpp.dir/rosidl_typesupport_fastrtps_cpp/dwb_msgs/msg/detail/dds_fastrtps/critic_score__type_support.cpp.o[0m
[15.609s] [ 36%] [32mBuilding CXX object CMakeFiles/dwb_msgs__rosidl_typesupport_introspection_cpp.dir/rosidl_typesupport_introspection_cpp/dwb_msgs/srv/detail/get_critic_score__type_support.cpp.o[0m
[16.102s] [35m[1mScanning dependencies of target dwb_msgs__rosidl_typesupport_c[0m
[16.154s] [ 37%] [32m[1mLinking CXX shared library libdwb_msgs__rosidl_typesupport_cpp.so[0m
[16.206s] [ 38%] [32mBuilding CXX object CMakeFiles/dwb_msgs__rosidl_typesupport_c.dir/rosidl_typesupport_c/dwb_msgs/msg/critic_score__type_support.cpp.o[0m
[16.335s] [ 40%] [32mBuilding CXX object CMakeFiles/dwb_msgs__rosidl_typesupport_introspection_cpp.dir/rosidl_typesupport_introspection_cpp/dwb_msgs/srv/detail/score_trajectory__type_support.cpp.o[0m
[16.360s] [ 41%] [32mBuilding CXX object CMakeFiles/dwb_msgs__rosidl_typesupport_c.dir/rosidl_typesupport_c/dwb_msgs/msg/local_plan_evaluation__type_support.cpp.o[0m
[16.372s] [ 41%] Built target dwb_msgs__rosidl_typesupport_cpp
[16.393s] [ 42%] [32mBuilding CXX object CMakeFiles/dwb_msgs__rosidl_typesupport_fastrtps_cpp.dir/rosidl_typesupport_fastrtps_cpp/dwb_msgs/msg/detail/dds_fastrtps/local_plan_evaluation__type_support.cpp.o[0m
[16.495s] [ 43%] [32mBuilding CXX object CMakeFiles/dwb_msgs__rosidl_typesupport_c.dir/rosidl_typesupport_c/dwb_msgs/msg/trajectory2_d__type_support.cpp.o[0m
[16.530s] [ 44%] [32mBuilding CXX object CMakeFiles/dwb_msgs__rosidl_typesupport_c.dir/rosidl_typesupport_c/dwb_msgs/msg/trajectory_score__type_support.cpp.o[0m
[16.621s] [ 45%] [32mBuilding CXX object CMakeFiles/dwb_msgs__rosidl_typesupport_c.dir/rosidl_typesupport_c/dwb_msgs/srv/debug_local_plan__type_support.cpp.o[0m
[16.640s] [ 46%] [32mBuilding CXX object CMakeFiles/dwb_msgs__rosidl_typesupport_c.dir/rosidl_typesupport_c/dwb_msgs/srv/generate_trajectory__type_support.cpp.o[0m
[16.689s] [ 47%] [32mBuilding CXX object CMakeFiles/dwb_msgs__rosidl_typesupport_c.dir/rosidl_typesupport_c/dwb_msgs/srv/generate_twists__type_support.cpp.o[0m
[16.708s] [ 48%] [32mBuilding CXX object CMakeFiles/dwb_msgs__rosidl_typesupport_c.dir/rosidl_typesupport_c/dwb_msgs/srv/get_critic_score__type_support.cpp.o[0m
[16.713s] [ 49%] [32mBuilding CXX object CMakeFiles/dwb_msgs__rosidl_typesupport_fastrtps_cpp.dir/rosidl_typesupport_fastrtps_cpp/dwb_msgs/msg/detail/dds_fastrtps/trajectory2_d__type_support.cpp.o[0m
[16.729s] [ 50%] [32mBuilding CXX object CMakeFiles/dwb_msgs__rosidl_typesupport_c.dir/rosidl_typesupport_c/dwb_msgs/srv/score_trajectory__type_support.cpp.o[0m
[16.740s] [ 51%] [32mBuilding CXX object CMakeFiles/dwb_msgs__rosidl_typesupport_fastrtps_cpp.dir/rosidl_typesupport_fastrtps_cpp/dwb_msgs/msg/detail/dds_fastrtps/trajectory_score__type_support.cpp.o[0m
[16.750s] [ 52%] [32mBuilding CXX object CMakeFiles/dwb_msgs__rosidl_typesupport_fastrtps_cpp.dir/rosidl_typesupport_fastrtps_cpp/dwb_msgs/srv/detail/dds_fastrtps/generate_trajectory__type_support.cpp.o[0m
[16.762s] [ 53%] [32mBuilding CXX object CMakeFiles/dwb_msgs__rosidl_typesupport_fastrtps_cpp.dir/rosidl_typesupport_fastrtps_cpp/dwb_msgs/srv/detail/dds_fastrtps/debug_local_plan__type_support.cpp.o[0m
[16.779s] [35m[1mScanning dependencies of target dwb_msgs__rosidl_typesupport_introspection_c[0m
[16.782s] [ 54%] [32mBuilding CXX object CMakeFiles/dwb_msgs__rosidl_typesupport_fastrtps_cpp.dir/rosidl_typesupport_fastrtps_cpp/dwb_msgs/srv/detail/dds_fastrtps/generate_twists__type_support.cpp.o[0m
[16.822s] [ 55%] [32mBuilding CXX object CMakeFiles/dwb_msgs__rosidl_typesupport_fastrtps_cpp.dir/rosidl_typesupport_fastrtps_cpp/dwb_msgs/srv/detail/dds_fastrtps/get_critic_score__type_support.cpp.o[0m
[16.842s] [ 56%] [32m[1mLinking CXX shared library libdwb_msgs__rosidl_typesupport_c.so[0m
[16.872s] [ 57%] [32mBuilding CXX object CMakeFiles/dwb_msgs__rosidl_typesupport_fastrtps_cpp.dir/rosidl_typesupport_fastrtps_cpp/dwb_msgs/srv/detail/dds_fastrtps/score_trajectory__type_support.cpp.o[0m
[16.938s] [ 58%] [32mBuilding C object CMakeFiles/dwb_msgs__rosidl_typesupport_introspection_c.dir/rosidl_typesupport_introspection_c/dwb_msgs/msg/detail/critic_score__type_support.c.o[0m
[16.980s] [ 58%] Built target dwb_msgs__rosidl_typesupport_c
[17.010s] [ 60%] [32mBuilding C object CMakeFiles/dwb_msgs__rosidl_typesupport_introspection_c.dir/rosidl_typesupport_introspection_c/dwb_msgs/msg/detail/trajectory2_d__type_support.c.o[0m
[17.028s] [ 61%] [32mBuilding C object CMakeFiles/dwb_msgs__rosidl_typesupport_introspection_c.dir/rosidl_typesupport_introspection_c/dwb_msgs/msg/detail/local_plan_evaluation__type_support.c.o[0m
[17.030s] [ 62%] [32mBuilding C object CMakeFiles/dwb_msgs__rosidl_typesupport_introspection_c.dir/rosidl_typesupport_introspection_c/dwb_msgs/msg/detail/trajectory_score__type_support.c.o[0m
[17.115s] [ 63%] [32mBuilding C object CMakeFiles/dwb_msgs__rosidl_typesupport_introspection_c.dir/rosidl_typesupport_introspection_c/dwb_msgs/srv/detail/debug_local_plan__type_support.c.o[0m
[17.193s] [ 64%] [32mBuilding C object CMakeFiles/dwb_msgs__rosidl_typesupport_introspection_c.dir/rosidl_typesupport_introspection_c/dwb_msgs/srv/detail/generate_trajectory__type_support.c.o[0m
[17.269s] [ 65%] [32mBuilding C object CMakeFiles/dwb_msgs__rosidl_typesupport_introspection_c.dir/rosidl_typesupport_introspection_c/dwb_msgs/srv/detail/generate_twists__type_support.c.o[0m
[17.287s] [ 66%] [32mBuilding C object CMakeFiles/dwb_msgs__rosidl_typesupport_introspection_c.dir/rosidl_typesupport_introspection_c/dwb_msgs/srv/detail/get_critic_score__type_support.c.o[0m
[17.402s] [ 67%] [32mBuilding C object CMakeFiles/dwb_msgs__rosidl_typesupport_introspection_c.dir/rosidl_typesupport_introspection_c/dwb_msgs/srv/detail/score_trajectory__type_support.c.o[0m
[17.502s] [ 68%] [32m[1mLinking CXX shared library libdwb_msgs__rosidl_typesupport_introspection_cpp.so[0m
[17.523s] [ 69%] [32m[1mLinking C shared library libdwb_msgs__rosidl_typesupport_introspection_c.so[0m
[17.637s] [ 69%] Built target dwb_msgs__rosidl_typesupport_introspection_c
[17.773s] [ 69%] Built target dwb_msgs__rosidl_typesupport_introspection_cpp
[18.137s] [ 70%] [32m[1mLinking CXX shared library libdwb_msgs__rosidl_typesupport_fastrtps_cpp.so[0m
[18.284s] [ 70%] Built target dwb_msgs__rosidl_typesupport_fastrtps_cpp
[18.294s] [ 71%] [34m[1mGenerating C type support for eProsima Fast-RTPS[0m
[19.145s] [35m[1mScanning dependencies of target dwb_msgs__rosidl_typesupport_fastrtps_c[0m
[19.222s] [ 72%] [32mBuilding CXX object CMakeFiles/dwb_msgs__rosidl_typesupport_fastrtps_c.dir/rosidl_typesupport_fastrtps_c/dwb_msgs/msg/detail/critic_score__type_support_c.cpp.o[0m
[19.222s] [ 73%] [32mBuilding CXX object CMakeFiles/dwb_msgs__rosidl_typesupport_fastrtps_c.dir/rosidl_typesupport_fastrtps_c/dwb_msgs/msg/detail/trajectory_score__type_support_c.cpp.o[0m
[19.225s] [ 74%] [32mBuilding CXX object CMakeFiles/dwb_msgs__rosidl_typesupport_fastrtps_c.dir/rosidl_typesupport_fastrtps_c/dwb_msgs/msg/detail/local_plan_evaluation__type_support_c.cpp.o[0m
[19.226s] [ 75%] [32mBuilding CXX object CMakeFiles/dwb_msgs__rosidl_typesupport_fastrtps_c.dir/rosidl_typesupport_fastrtps_c/dwb_msgs/msg/detail/trajectory2_d__type_support_c.cpp.o[0m
[19.228s] [ 77%] [32mBuilding CXX object CMakeFiles/dwb_msgs__rosidl_typesupport_fastrtps_c.dir/rosidl_typesupport_fastrtps_c/dwb_msgs/srv/detail/generate_twists__type_support_c.cpp.o[0m
[19.228s] [ 77%] [32mBuilding CXX object CMakeFiles/dwb_msgs__rosidl_typesupport_fastrtps_c.dir/rosidl_typesupport_fastrtps_c/dwb_msgs/srv/detail/debug_local_plan__type_support_c.cpp.o[0m
[19.229s] [ 78%] [32mBuilding CXX object CMakeFiles/dwb_msgs__rosidl_typesupport_fastrtps_c.dir/rosidl_typesupport_fastrtps_c/dwb_msgs/srv/detail/generate_trajectory__type_support_c.cpp.o[0m
[19.229s] [ 80%] [32mBuilding CXX object CMakeFiles/dwb_msgs__rosidl_typesupport_fastrtps_c.dir/rosidl_typesupport_fastrtps_c/dwb_msgs/srv/detail/get_critic_score__type_support_c.cpp.o[0m
[19.230s] [ 81%] [32mBuilding CXX object CMakeFiles/dwb_msgs__rosidl_typesupport_fastrtps_c.dir/rosidl_typesupport_fastrtps_c/dwb_msgs/srv/detail/score_trajectory__type_support_c.cpp.o[0m
[20.240s] [ 82%] [32m[1mLinking CXX shared library libdwb_msgs__rosidl_typesupport_fastrtps_c.so[0m
[20.538s] [ 82%] Built target dwb_msgs__rosidl_typesupport_fastrtps_c
[20.620s] [35m[1mScanning dependencies of target dwb_msgs[0m
[20.698s] [ 82%] Built target dwb_msgs
[20.775s] [35m[1mScanning dependencies of target dwb_msgs__py[0m
[20.865s] [ 83%] [34m[1mGenerating Python code for ROS interfaces[0m
[24.082s] [ 83%] Built target dwb_msgs__py
[24.112s] [35m[1mScanning dependencies of target dwb_msgs__python[0m
[24.172s] [ 84%] [32mBuilding C object CMakeFiles/dwb_msgs__python.dir/rosidl_generator_py/dwb_msgs/msg/_critic_score_s.c.o[0m
[24.178s] [ 85%] [32mBuilding C object CMakeFiles/dwb_msgs__python.dir/rosidl_generator_py/dwb_msgs/msg/_local_plan_evaluation_s.c.o[0m
[24.178s] [ 87%] [32mBuilding C object CMakeFiles/dwb_msgs__python.dir/rosidl_generator_py/dwb_msgs/msg/_trajectory_score_s.c.o[0m
[24.179s] [ 87%] [32mBuilding C object CMakeFiles/dwb_msgs__python.dir/rosidl_generator_py/dwb_msgs/msg/_trajectory2_d_s.c.o[0m
[24.179s] [ 88%] [32mBuilding C object CMakeFiles/dwb_msgs__python.dir/rosidl_generator_py/dwb_msgs/srv/_score_trajectory_s.c.o[0m
[24.179s] [ 89%] [32mBuilding C object CMakeFiles/dwb_msgs__python.dir/rosidl_generator_py/dwb_msgs/srv/_generate_trajectory_s.c.o[0m
[24.179s] [ 90%] [32mBuilding C object CMakeFiles/dwb_msgs__python.dir/rosidl_generator_py/dwb_msgs/srv/_debug_local_plan_s.c.o[0m
[24.180s] [ 92%] [32mBuilding C object CMakeFiles/dwb_msgs__python.dir/rosidl_generator_py/dwb_msgs/srv/_generate_twists_s.c.o[0m
[24.180s] [ 92%] [32mBuilding C object CMakeFiles/dwb_msgs__python.dir/rosidl_generator_py/dwb_msgs/srv/_get_critic_score_s.c.o[0m
[24.446s] [ 93%] [32m[1mLinking C shared library rosidl_generator_py/dwb_msgs/libdwb_msgs__python.so[0m
[24.529s] [ 93%] Built target dwb_msgs__python
[24.540s] [35m[1mScanning dependencies of target dwb_msgs__rosidl_typesupport_introspection_c__pyext[0m
[24.540s] [35m[1mScanning dependencies of target dwb_msgs__rosidl_typesupport_c__pyext[0m
[24.540s] [35m[1mScanning dependencies of target dwb_msgs__rosidl_typesupport_fastrtps_c__pyext[0m
[24.577s] [ 95%] [32mBuilding C object CMakeFiles/dwb_msgs__rosidl_typesupport_introspection_c__pyext.dir/rosidl_generator_py/dwb_msgs/_dwb_msgs_s.ep.rosidl_typesupport_introspection_c.c.o[0m
[24.577s] [ 95%] [32mBuilding C object CMakeFiles/dwb_msgs__rosidl_typesupport_c__pyext.dir/rosidl_generator_py/dwb_msgs/_dwb_msgs_s.ep.rosidl_typesupport_c.c.o[0m
[24.584s] [ 96%] [32mBuilding C object CMakeFiles/dwb_msgs__rosidl_typesupport_fastrtps_c__pyext.dir/rosidl_generator_py/dwb_msgs/_dwb_msgs_s.ep.rosidl_typesupport_fastrtps_c.c.o[0m
[24.702s] [ 98%] [32m[1mLinking C shared library rosidl_generator_py/dwb_msgs/dwb_msgs_s__rosidl_typesupport_introspection_c.cpython-38-x86_64-linux-gnu.so[0m
[24.702s] [ 98%] [32m[1mLinking C shared library rosidl_generator_py/dwb_msgs/dwb_msgs_s__rosidl_typesupport_c.cpython-38-x86_64-linux-gnu.so[0m
[24.707s] [100%] [32m[1mLinking CXX shared library rosidl_generator_py/dwb_msgs/dwb_msgs_s__rosidl_typesupport_fastrtps_c.cpython-38-x86_64-linux-gnu.so[0m
[24.744s] [100%] Built target dwb_msgs__rosidl_typesupport_c__pyext
[24.744s] [100%] Built target dwb_msgs__rosidl_typesupport_introspection_c__pyext
[24.811s] [100%] Built target dwb_msgs__rosidl_typesupport_fastrtps_c__pyext
[24.830s] Invoked command in '/home/jucy/ydlidar_ws_11_29/build/dwb_msgs' returned '0': AMENT_PREFIX_PATH=/home/jucy/ydlidar_ws_11_29/install/nav_2d_msgs:${AMENT_PREFIX_PATH} CMAKE_PREFIX_PATH=/home/jucy/ydlidar_ws_11_29/install/nav_2d_msgs:/home/jucy/ydlidar_ws_11_29/install/ydlidar_ros2_driver:/home/jucy/ydlidar_ws_11_29/install/myagv_navigation2:/home/jucy/ydlidar_ws_11_29/install/myagv_bringup:/home/jucy/ydlidar_ws_11_29/install/myagv_description:/home/jucy/new_ws/install/myagv_description:/home/jucy/new_ws/install/aseembly:/home/jucy/turtlebot3_ws/install/turtlebot3:/home/jucy/turtlebot3_ws/install/turtlebot3_simulations:/home/jucy/turtlebot3_ws/install/turtlebot3_bringup:/home/jucy/turtlebot3_ws/install/turtlebot3_node:/home/jucy/turtlebot3_ws/install/turtlebot3_navigation2:/home/jucy/turtlebot3_ws/install/turtlebot3_fake_node:/home/jucy/turtlebot3_ws/install/turtlebot3_msgs:/home/jucy/turtlebot3_ws/install/turtlebot3_gazebo:/home/jucy/turtlebot3_ws/install/turtlebot3_description:/home/jucy/turtlebot3_ws/install/turtlebot3_cartographer:/home/jucy/turtlebot3_ws/install/dynamixel_sdk_examples:/home/jucy/turtlebot3_ws/install/dynamixel_sdk_custom_interfaces:/home/jucy/turtlebot3_ws/install/dynamixel_sdk:/home/jucy/ros2_ws/install/ps2_controller:/home/jucy/ydlidar_ros2_ws/install/ydlidar_ros2_driver:/home/jucy/ydlidar_ros2_ws/install/ps2_controller:/home/jucy/ydlidar_ros2_ws/install/myagv_navigation2:/home/jucy/ydlidar_ros2_ws/install/myagv_bringup:/home/jucy/ydlidar_ros2_ws/install/myagv_description:/home/jucy/ydlidar_ros2_wss/install/ydlidar_ros2_driver:/opt/ros/foxy:/opt/ros/foxy:/home/jucy/ydlidar_ws_11_29/install/jdamr200_node:/home/jucy/turtlebot3_ws/install/turtlebot3_teleop:/home/jucy/turtlebot3_ws/install/turtlebot3_example:/home/jucy/turtlebot3_ws/install/nav2_goal_pulisher_test:/home/jucy/turtlebot3_ws/install/nav2_goal_publisher:/home/jucy/ros2_ws/install/camera_udp_communication:/home/jucy/ros2_ws/install/agv_control_py:/home/jucy/ydlidar_ros2_ws/install/jdamr200_teleop:/home/jucy/ydlidar_ros2_ws/install/jdamr200_node LD_LIBRARY_PATH=/home/jucy/ydlidar_ws_11_29/install/nav_2d_msgs/lib:${LD_LIBRARY_PATH} PYTHONPATH=/home/jucy/ydlidar_ws_11_29/install/nav_2d_msgs/lib/python3.8/site-packages:${PYTHONPATH} /usr/bin/cmake --build /home/jucy/ydlidar_ws_11_29/build/dwb_msgs -- -j12 -l12
[24.838s] Invoking command in '/home/jucy/ydlidar_ws_11_29/build/dwb_msgs': AMENT_PREFIX_PATH=/home/jucy/ydlidar_ws_11_29/install/nav_2d_msgs:${AMENT_PREFIX_PATH} CMAKE_PREFIX_PATH=/home/jucy/ydlidar_ws_11_29/install/nav_2d_msgs:/home/jucy/ydlidar_ws_11_29/install/ydlidar_ros2_driver:/home/jucy/ydlidar_ws_11_29/install/myagv_navigation2:/home/jucy/ydlidar_ws_11_29/install/myagv_bringup:/home/jucy/ydlidar_ws_11_29/install/myagv_description:/home/jucy/new_ws/install/myagv_description:/home/jucy/new_ws/install/aseembly:/home/jucy/turtlebot3_ws/install/turtlebot3:/home/jucy/turtlebot3_ws/install/turtlebot3_simulations:/home/jucy/turtlebot3_ws/install/turtlebot3_bringup:/home/jucy/turtlebot3_ws/install/turtlebot3_node:/home/jucy/turtlebot3_ws/install/turtlebot3_navigation2:/home/jucy/turtlebot3_ws/install/turtlebot3_fake_node:/home/jucy/turtlebot3_ws/install/turtlebot3_msgs:/home/jucy/turtlebot3_ws/install/turtlebot3_gazebo:/home/jucy/turtlebot3_ws/install/turtlebot3_description:/home/jucy/turtlebot3_ws/install/turtlebot3_cartographer:/home/jucy/turtlebot3_ws/install/dynamixel_sdk_examples:/home/jucy/turtlebot3_ws/install/dynamixel_sdk_custom_interfaces:/home/jucy/turtlebot3_ws/install/dynamixel_sdk:/home/jucy/ros2_ws/install/ps2_controller:/home/jucy/ydlidar_ros2_ws/install/ydlidar_ros2_driver:/home/jucy/ydlidar_ros2_ws/install/ps2_controller:/home/jucy/ydlidar_ros2_ws/install/myagv_navigation2:/home/jucy/ydlidar_ros2_ws/install/myagv_bringup:/home/jucy/ydlidar_ros2_ws/install/myagv_description:/home/jucy/ydlidar_ros2_wss/install/ydlidar_ros2_driver:/opt/ros/foxy:/opt/ros/foxy:/home/jucy/ydlidar_ws_11_29/install/jdamr200_node:/home/jucy/turtlebot3_ws/install/turtlebot3_teleop:/home/jucy/turtlebot3_ws/install/turtlebot3_example:/home/jucy/turtlebot3_ws/install/nav2_goal_pulisher_test:/home/jucy/turtlebot3_ws/install/nav2_goal_publisher:/home/jucy/ros2_ws/install/camera_udp_communication:/home/jucy/ros2_ws/install/agv_control_py:/home/jucy/ydlidar_ros2_ws/install/jdamr200_teleop:/home/jucy/ydlidar_ros2_ws/install/jdamr200_node LD_LIBRARY_PATH=/home/jucy/ydlidar_ws_11_29/install/nav_2d_msgs/lib:${LD_LIBRARY_PATH} PYTHONPATH=/home/jucy/ydlidar_ws_11_29/install/nav_2d_msgs/lib/python3.8/site-packages:${PYTHONPATH} /usr/bin/cmake --install /home/jucy/ydlidar_ws_11_29/build/dwb_msgs
[24.855s] -- Install configuration: ""
[24.855s] -- Installing: /home/jucy/ydlidar_ws_11_29/install/dwb_msgs/share/ament_index/resource_index/rosidl_interfaces/dwb_msgs
[24.855s] -- Installing: /home/jucy/ydlidar_ws_11_29/install/dwb_msgs/include/dwb_msgs
[24.856s] -- Installing: /home/jucy/ydlidar_ws_11_29/install/dwb_msgs/include/dwb_msgs/msg
[24.856s] -- Installing: /home/jucy/ydlidar_ws_11_29/install/dwb_msgs/include/dwb_msgs/msg/rosidl_generator_c__visibility_control.h
[24.856s] -- Installing: /home/jucy/ydlidar_ws_11_29/install/dwb_msgs/include/dwb_msgs/msg/critic_score.h
[24.856s] -- Installing: /home/jucy/ydlidar_ws_11_29/install/dwb_msgs/include/dwb_msgs/msg/trajectory2_d.h
[24.856s] -- Installing: /home/jucy/ydlidar_ws_11_29/install/dwb_msgs/include/dwb_msgs/msg/trajectory_score.h
[24.856s] -- Installing: /home/jucy/ydlidar_ws_11_29/install/dwb_msgs/include/dwb_msgs/msg/local_plan_evaluation.h
[24.857s] -- Installing: /home/jucy/ydlidar_ws_11_29/install/dwb_msgs/include/dwb_msgs/msg/detail
[24.857s] -- Installing: /home/jucy/ydlidar_ws_11_29/install/dwb_msgs/include/dwb_msgs/msg/detail/trajectory_score__struct.h
[24.857s] -- Installing: /home/jucy/ydlidar_ws_11_29/install/dwb_msgs/include/dwb_msgs/msg/detail/local_plan_evaluation__functions.c
[24.857s] -- Installing: /home/jucy/ydlidar_ws_11_29/install/dwb_msgs/include/dwb_msgs/msg/detail/local_plan_evaluation__struct.h
[24.857s] -- Installing: /home/jucy/ydlidar_ws_11_29/install/dwb_msgs/include/dwb_msgs/msg/detail/trajectory2_d__struct.h
[24.857s] -- Installing: /home/jucy/ydlidar_ws_11_29/install/dwb_msgs/include/dwb_msgs/msg/detail/critic_score__struct.h
[24.857s] -- Installing: /home/jucy/ydlidar_ws_11_29/install/dwb_msgs/include/dwb_msgs/msg/detail/trajectory2_d__functions.c
[24.857s] -- Installing: /home/jucy/ydlidar_ws_11_29/install/dwb_msgs/include/dwb_msgs/msg/detail/critic_score__functions.c
[24.857s] -- Installing: /home/jucy/ydlidar_ws_11_29/install/dwb_msgs/include/dwb_msgs/msg/detail/critic_score__type_support.h
[24.858s] -- Installing: /home/jucy/ydlidar_ws_11_29/install/dwb_msgs/include/dwb_msgs/msg/detail/trajectory2_d__functions.h
[24.858s] -- Installing: /home/jucy/ydlidar_ws_11_29/install/dwb_msgs/include/dwb_msgs/msg/detail/trajectory_score__functions.h
[24.858s] -- Installing: /home/jucy/ydlidar_ws_11_29/install/dwb_msgs/include/dwb_msgs/msg/detail/trajectory_score__type_support.h
[24.858s] -- Installing: /home/jucy/ydlidar_ws_11_29/install/dwb_msgs/include/dwb_msgs/msg/detail/local_plan_evaluation__type_support.h
[24.858s] -- Installing: /home/jucy/ydlidar_ws_11_29/install/dwb_msgs/include/dwb_msgs/msg/detail/local_plan_evaluation__functions.h
[24.858s] -- Installing: /home/jucy/ydlidar_ws_11_29/install/dwb_msgs/include/dwb_msgs/msg/detail/trajectory_score__functions.c
[24.858s] -- Installing: /home/jucy/ydlidar_ws_11_29/install/dwb_msgs/include/dwb_msgs/msg/detail/trajectory2_d__type_support.h
[24.858s] -- Installing: /home/jucy/ydlidar_ws_11_29/install/dwb_msgs/include/dwb_msgs/msg/detail/critic_score__functions.h
[24.859s] -- Installing: /home/jucy/ydlidar_ws_11_29/install/dwb_msgs/include/dwb_msgs/srv
[24.859s] -- Installing: /home/jucy/ydlidar_ws_11_29/install/dwb_msgs/include/dwb_msgs/srv/generate_twists.h
[24.859s] -- Installing: /home/jucy/ydlidar_ws_11_29/install/dwb_msgs/include/dwb_msgs/srv/generate_trajectory.h
[24.859s] -- Installing: /home/jucy/ydlidar_ws_11_29/install/dwb_msgs/include/dwb_msgs/srv/debug_local_plan.h
[24.859s] -- Installing: /home/jucy/ydlidar_ws_11_29/install/dwb_msgs/include/dwb_msgs/srv/detail
[24.859s] -- Installing: /home/jucy/ydlidar_ws_11_29/install/dwb_msgs/include/dwb_msgs/srv/detail/debug_local_plan__type_support.h
[24.859s] -- Installing: /home/jucy/ydlidar_ws_11_29/install/dwb_msgs/include/dwb_msgs/srv/detail/generate_twists__functions.h
[24.859s] -- Installing: /home/jucy/ydlidar_ws_11_29/install/dwb_msgs/include/dwb_msgs/srv/detail/generate_trajectory__type_support.h
[24.860s] -- Installing: /home/jucy/ydlidar_ws_11_29/install/dwb_msgs/include/dwb_msgs/srv/detail/generate_trajectory__functions.c
[24.860s] -- Installing: /home/jucy/ydlidar_ws_11_29/install/dwb_msgs/include/dwb_msgs/srv/detail/score_trajectory__functions.c
[24.860s] -- Installing: /home/jucy/ydlidar_ws_11_29/install/dwb_msgs/include/dwb_msgs/srv/detail/generate_twists__functions.c
[24.860s] -- Installing: /home/jucy/ydlidar_ws_11_29/install/dwb_msgs/include/dwb_msgs/srv/detail/score_trajectory__struct.h
[24.860s] -- Installing: /home/jucy/ydlidar_ws_11_29/install/dwb_msgs/include/dwb_msgs/srv/detail/debug_local_plan__struct.h
[24.860s] -- Installing: /home/jucy/ydlidar_ws_11_29/install/dwb_msgs/include/dwb_msgs/srv/detail/get_critic_score__type_support.h
[24.860s] -- Installing: /home/jucy/ydlidar_ws_11_29/install/dwb_msgs/include/dwb_msgs/srv/detail/get_critic_score__struct.h
[24.860s] -- Installing: /home/jucy/ydlidar_ws_11_29/install/dwb_msgs/include/dwb_msgs/srv/detail/generate_twists__type_support.h
[24.860s] -- Installing: /home/jucy/ydlidar_ws_11_29/install/dwb_msgs/include/dwb_msgs/srv/detail/generate_trajectory__struct.h
[24.861s] -- Installing: /home/jucy/ydlidar_ws_11_29/install/dwb_msgs/include/dwb_msgs/srv/detail/debug_local_plan__functions.c
[24.861s] -- Installing: /home/jucy/ydlidar_ws_11_29/install/dwb_msgs/include/dwb_msgs/srv/detail/get_critic_score__functions.c
[24.861s] -- Installing: /home/jucy/ydlidar_ws_11_29/install/dwb_msgs/include/dwb_msgs/srv/detail/score_trajectory__functions.h
[24.861s] -- Installing: /home/jucy/ydlidar_ws_11_29/install/dwb_msgs/include/dwb_msgs/srv/detail/generate_trajectory__functions.h
[24.861s] -- Installing: /home/jucy/ydlidar_ws_11_29/install/dwb_msgs/include/dwb_msgs/srv/detail/get_critic_score__functions.h
[24.861s] -- Installing: /home/jucy/ydlidar_ws_11_29/install/dwb_msgs/include/dwb_msgs/srv/detail/debug_local_plan__functions.h
[24.861s] -- Installing: /home/jucy/ydlidar_ws_11_29/install/dwb_msgs/include/dwb_msgs/srv/detail/score_trajectory__type_support.h
[24.862s] -- Installing: /home/jucy/ydlidar_ws_11_29/install/dwb_msgs/include/dwb_msgs/srv/detail/generate_twists__struct.h
[24.862s] -- Installing: /home/jucy/ydlidar_ws_11_29/install/dwb_msgs/include/dwb_msgs/srv/score_trajectory.h
[24.862s] -- Installing: /home/jucy/ydlidar_ws_11_29/install/dwb_msgs/include/dwb_msgs/srv/get_critic_score.h
[24.862s] -- Installing: /home/jucy/ydlidar_ws_11_29/install/dwb_msgs/share/dwb_msgs/environment/library_path.sh
[24.862s] -- Installing: /home/jucy/ydlidar_ws_11_29/install/dwb_msgs/share/dwb_msgs/environment/library_path.dsv
[24.862s] -- Installing: /home/jucy/ydlidar_ws_11_29/install/dwb_msgs/lib/libdwb_msgs__rosidl_generator_c.so
[24.863s] -- Set runtime path of "/home/jucy/ydlidar_ws_11_29/install/dwb_msgs/lib/libdwb_msgs__rosidl_generator_c.so" to ""
[24.863s] -- Up-to-date: /home/jucy/ydlidar_ws_11_29/install/dwb_msgs/include/dwb_msgs
[24.863s] -- Up-to-date: /home/jucy/ydlidar_ws_11_29/install/dwb_msgs/include/dwb_msgs/msg
[24.864s] -- Installing: /home/jucy/ydlidar_ws_11_29/install/dwb_msgs/include/dwb_msgs/msg/rosidl_typesupport_fastrtps_c__visibility_control.h
[24.864s] -- Up-to-date: /home/jucy/ydlidar_ws_11_29/install/dwb_msgs/include/dwb_msgs/msg/detail
[24.864s] -- Installing: /home/jucy/ydlidar_ws_11_29/install/dwb_msgs/include/dwb_msgs/msg/detail/trajectory2_d__rosidl_typesupport_fastrtps_c.h
[24.864s] -- Installing: /home/jucy/ydlidar_ws_11_29/install/dwb_msgs/include/dwb_msgs/msg/detail/local_plan_evaluation__rosidl_typesupport_fastrtps_c.h
[24.864s] -- Installing: /home/jucy/ydlidar_ws_11_29/install/dwb_msgs/include/dwb_msgs/msg/detail/trajectory_score__rosidl_typesupport_fastrtps_c.h
[24.864s] -- Installing: /home/jucy/ydlidar_ws_11_29/install/dwb_msgs/include/dwb_msgs/msg/detail/critic_score__rosidl_typesupport_fastrtps_c.h
[24.864s] -- Up-to-date: /home/jucy/ydlidar_ws_11_29/install/dwb_msgs/include/dwb_msgs/srv
[24.864s] -- Up-to-date: /home/jucy/ydlidar_ws_11_29/install/dwb_msgs/include/dwb_msgs/srv/detail
[24.864s] -- Installing: /home/jucy/ydlidar_ws_11_29/install/dwb_msgs/include/dwb_msgs/srv/detail/generate_twists__rosidl_typesupport_fastrtps_c.h
[24.864s] -- Installing: /home/jucy/ydlidar_ws_11_29/install/dwb_msgs/include/dwb_msgs/srv/detail/generate_trajectory__rosidl_typesupport_fastrtps_c.h
[24.865s] -- Installing: /home/jucy/ydlidar_ws_11_29/install/dwb_msgs/include/dwb_msgs/srv/detail/debug_local_plan__rosidl_typesupport_fastrtps_c.h
[24.865s] -- Installing: /home/jucy/ydlidar_ws_11_29/install/dwb_msgs/include/dwb_msgs/srv/detail/get_critic_score__rosidl_typesupport_fastrtps_c.h
[24.865s] -- Installing: /home/jucy/ydlidar_ws_11_29/install/dwb_msgs/include/dwb_msgs/srv/detail/score_trajectory__rosidl_typesupport_fastrtps_c.h
[24.865s] -- Installing: /home/jucy/ydlidar_ws_11_29/install/dwb_msgs/lib/libdwb_msgs__rosidl_typesupport_fastrtps_c.so
[24.865s] -- Set runtime path of "/home/jucy/ydlidar_ws_11_29/install/dwb_msgs/lib/libdwb_msgs__rosidl_typesupport_fastrtps_c.so" to ""
[24.866s] -- Up-to-date: /home/jucy/ydlidar_ws_11_29/install/dwb_msgs/include/dwb_msgs
[24.866s] -- Up-to-date: /home/jucy/ydlidar_ws_11_29/install/dwb_msgs/include/dwb_msgs/msg
[24.866s] -- Installing: /home/jucy/ydlidar_ws_11_29/install/dwb_msgs/include/dwb_msgs/msg/rosidl_typesupport_fastrtps_cpp__visibility_control.h
[24.866s] -- Up-to-date: /home/jucy/ydlidar_ws_11_29/install/dwb_msgs/include/dwb_msgs/msg/detail
[24.866s] -- Installing: /home/jucy/ydlidar_ws_11_29/install/dwb_msgs/include/dwb_msgs/msg/detail/trajectory2_d__rosidl_typesupport_fastrtps_cpp.hpp
[24.866s] -- Installing: /home/jucy/ydlidar_ws_11_29/install/dwb_msgs/include/dwb_msgs/msg/detail/trajectory_score__rosidl_typesupport_fastrtps_cpp.hpp
[24.866s] -- Installing: /home/jucy/ydlidar_ws_11_29/install/dwb_msgs/include/dwb_msgs/msg/detail/critic_score__rosidl_typesupport_fastrtps_cpp.hpp
[24.866s] -- Installing: /home/jucy/ydlidar_ws_11_29/install/dwb_msgs/include/dwb_msgs/msg/detail/local_plan_evaluation__rosidl_typesupport_fastrtps_cpp.hpp
[24.866s] -- Installing: /home/jucy/ydlidar_ws_11_29/install/dwb_msgs/include/dwb_msgs/msg/detail/dds_fastrtps
[24.866s] -- Up-to-date: /home/jucy/ydlidar_ws_11_29/install/dwb_msgs/include/dwb_msgs/srv
[24.866s] -- Up-to-date: /home/jucy/ydlidar_ws_11_29/install/dwb_msgs/include/dwb_msgs/srv/detail
[24.867s] -- Installing: /home/jucy/ydlidar_ws_11_29/install/dwb_msgs/include/dwb_msgs/srv/detail/score_trajectory__rosidl_typesupport_fastrtps_cpp.hpp
[24.867s] -- Installing: /home/jucy/ydlidar_ws_11_29/install/dwb_msgs/include/dwb_msgs/srv/detail/debug_local_plan__rosidl_typesupport_fastrtps_cpp.hpp
[24.867s] -- Installing: /home/jucy/ydlidar_ws_11_29/install/dwb_msgs/include/dwb_msgs/srv/detail/generate_trajectory__rosidl_typesupport_fastrtps_cpp.hpp
[24.867s] -- Installing: /home/jucy/ydlidar_ws_11_29/install/dwb_msgs/include/dwb_msgs/srv/detail/get_critic_score__rosidl_typesupport_fastrtps_cpp.hpp
[24.867s] -- Installing: /home/jucy/ydlidar_ws_11_29/install/dwb_msgs/include/dwb_msgs/srv/detail/generate_twists__rosidl_typesupport_fastrtps_cpp.hpp
[24.867s] -- Installing: /home/jucy/ydlidar_ws_11_29/install/dwb_msgs/include/dwb_msgs/srv/detail/dds_fastrtps
[24.867s] -- Installing: /home/jucy/ydlidar_ws_11_29/install/dwb_msgs/lib/libdwb_msgs__rosidl_typesupport_fastrtps_cpp.so
[24.868s] -- Set runtime path of "/home/jucy/ydlidar_ws_11_29/install/dwb_msgs/lib/libdwb_msgs__rosidl_typesupport_fastrtps_cpp.so" to ""
[24.868s] -- Up-to-date: /home/jucy/ydlidar_ws_11_29/install/dwb_msgs/include/dwb_msgs
[24.868s] -- Up-to-date: /home/jucy/ydlidar_ws_11_29/install/dwb_msgs/include/dwb_msgs/msg
[24.868s] -- Installing: /home/jucy/ydlidar_ws_11_29/install/dwb_msgs/include/dwb_msgs/msg/rosidl_typesupport_introspection_c__visibility_control.h
[24.868s] -- Up-to-date: /home/jucy/ydlidar_ws_11_29/install/dwb_msgs/include/dwb_msgs/msg/detail
[24.868s] -- Installing: /home/jucy/ydlidar_ws_11_29/install/dwb_msgs/include/dwb_msgs/msg/detail/trajectory2_d__rosidl_typesupport_introspection_c.h
[24.868s] -- Installing: /home/jucy/ydlidar_ws_11_29/install/dwb_msgs/include/dwb_msgs/msg/detail/local_plan_evaluation__rosidl_typesupport_introspection_c.h
[24.869s] -- Installing: /home/jucy/ydlidar_ws_11_29/install/dwb_msgs/include/dwb_msgs/msg/detail/critic_score__rosidl_typesupport_introspection_c.h
[24.869s] -- Installing: /home/jucy/ydlidar_ws_11_29/install/dwb_msgs/include/dwb_msgs/msg/detail/trajectory2_d__type_support.c
[24.869s] -- Installing: /home/jucy/ydlidar_ws_11_29/install/dwb_msgs/include/dwb_msgs/msg/detail/trajectory_score__rosidl_typesupport_introspection_c.h
[24.869s] -- Installing: /home/jucy/ydlidar_ws_11_29/install/dwb_msgs/include/dwb_msgs/msg/detail/critic_score__type_support.c
[24.869s] -- Installing: /home/jucy/ydlidar_ws_11_29/install/dwb_msgs/include/dwb_msgs/msg/detail/trajectory_score__type_support.c
[24.869s] -- Installing: /home/jucy/ydlidar_ws_11_29/install/dwb_msgs/include/dwb_msgs/msg/detail/local_plan_evaluation__type_support.c
[24.869s] -- Up-to-date: /home/jucy/ydlidar_ws_11_29/install/dwb_msgs/include/dwb_msgs/srv
[24.869s] -- Up-to-date: /home/jucy/ydlidar_ws_11_29/install/dwb_msgs/include/dwb_msgs/srv/detail
[24.869s] -- Installing: /home/jucy/ydlidar_ws_11_29/install/dwb_msgs/include/dwb_msgs/srv/detail/debug_local_plan__type_support.c
[24.869s] -- Installing: /home/jucy/ydlidar_ws_11_29/install/dwb_msgs/include/dwb_msgs/srv/detail/generate_twists__type_support.c
[24.869s] -- Installing: /home/jucy/ydlidar_ws_11_29/install/dwb_msgs/include/dwb_msgs/srv/detail/score_trajectory__type_support.c
[24.870s] -- Installing: /home/jucy/ydlidar_ws_11_29/install/dwb_msgs/include/dwb_msgs/srv/detail/generate_trajectory__type_support.c
[24.870s] -- Installing: /home/jucy/ydlidar_ws_11_29/install/dwb_msgs/include/dwb_msgs/srv/detail/score_trajectory__rosidl_typesupport_introspection_c.h
[24.870s] -- Installing: /home/jucy/ydlidar_ws_11_29/install/dwb_msgs/include/dwb_msgs/srv/detail/get_critic_score__type_support.c
[24.870s] -- Installing: /home/jucy/ydlidar_ws_11_29/install/dwb_msgs/include/dwb_msgs/srv/detail/get_critic_score__rosidl_typesupport_introspection_c.h
[24.870s] -- Installing: /home/jucy/ydlidar_ws_11_29/install/dwb_msgs/include/dwb_msgs/srv/detail/generate_trajectory__rosidl_typesupport_introspection_c.h
[24.870s] -- Installing: /home/jucy/ydlidar_ws_11_29/install/dwb_msgs/include/dwb_msgs/srv/detail/generate_twists__rosidl_typesupport_introspection_c.h
[24.870s] -- Installing: /home/jucy/ydlidar_ws_11_29/install/dwb_msgs/include/dwb_msgs/srv/detail/debug_local_plan__rosidl_typesupport_introspection_c.h
[24.870s] -- Installing: /home/jucy/ydlidar_ws_11_29/install/dwb_msgs/lib/libdwb_msgs__rosidl_typesupport_introspection_c.so
[24.871s] -- Set runtime path of "/home/jucy/ydlidar_ws_11_29/install/dwb_msgs/lib/libdwb_msgs__rosidl_typesupport_introspection_c.so" to ""
[24.871s] -- Installing: /home/jucy/ydlidar_ws_11_29/install/dwb_msgs/lib/libdwb_msgs__rosidl_typesupport_c.so
[24.871s] -- Set runtime path of "/home/jucy/ydlidar_ws_11_29/install/dwb_msgs/lib/libdwb_msgs__rosidl_typesupport_c.so" to ""
[24.872s] -- Up-to-date: /home/jucy/ydlidar_ws_11_29/install/dwb_msgs/include/dwb_msgs
[24.872s] -- Up-to-date: /home/jucy/ydlidar_ws_11_29/install/dwb_msgs/include/dwb_msgs/msg
[24.872s] -- Installing: /home/jucy/ydlidar_ws_11_29/install/dwb_msgs/include/dwb_msgs/msg/trajectory_score.hpp
[24.872s] -- Installing: /home/jucy/ydlidar_ws_11_29/install/dwb_msgs/include/dwb_msgs/msg/rosidl_generator_cpp__visibility_control.hpp
[24.872s] -- Installing: /home/jucy/ydlidar_ws_11_29/install/dwb_msgs/include/dwb_msgs/msg/local_plan_evaluation.hpp
[24.872s] -- Installing: /home/jucy/ydlidar_ws_11_29/install/dwb_msgs/include/dwb_msgs/msg/critic_score.hpp
[24.872s] -- Up-to-date: /home/jucy/ydlidar_ws_11_29/install/dwb_msgs/include/dwb_msgs/msg/detail
[24.872s] -- Installing: /home/jucy/ydlidar_ws_11_29/install/dwb_msgs/include/dwb_msgs/msg/detail/trajectory2_d__builder.hpp
[24.872s] -- Installing: /home/jucy/ydlidar_ws_11_29/install/dwb_msgs/include/dwb_msgs/msg/detail/trajectory2_d__struct.hpp
[24.872s] -- Installing: /home/jucy/ydlidar_ws_11_29/install/dwb_msgs/include/dwb_msgs/msg/detail/local_plan_evaluation__type_support.hpp
[24.873s] -- Installing: /home/jucy/ydlidar_ws_11_29/install/dwb_msgs/include/dwb_msgs/msg/detail/critic_score__traits.hpp
[24.873s] -- Installing: /home/jucy/ydlidar_ws_11_29/install/dwb_msgs/include/dwb_msgs/msg/detail/local_plan_evaluation__struct.hpp
[24.873s] -- Installing: /home/jucy/ydlidar_ws_11_29/install/dwb_msgs/include/dwb_msgs/msg/detail/critic_score__struct.hpp
[24.873s] -- Installing: /home/jucy/ydlidar_ws_11_29/install/dwb_msgs/include/dwb_msgs/msg/detail/trajectory2_d__traits.hpp
[24.873s] -- Installing: /home/jucy/ydlidar_ws_11_29/install/dwb_msgs/include/dwb_msgs/msg/detail/trajectory2_d__type_support.hpp
[24.873s] -- Installing: /home/jucy/ydlidar_ws_11_29/install/dwb_msgs/include/dwb_msgs/msg/detail/critic_score__builder.hpp
[24.873s] -- Installing: /home/jucy/ydlidar_ws_11_29/install/dwb_msgs/include/dwb_msgs/msg/detail/trajectory_score__builder.hpp
[24.873s] -- Installing: /home/jucy/ydlidar_ws_11_29/install/dwb_msgs/include/dwb_msgs/msg/detail/local_plan_evaluation__traits.hpp
[24.873s] -- Installing: /home/jucy/ydlidar_ws_11_29/install/dwb_msgs/include/dwb_msgs/msg/detail/critic_score__type_support.hpp
[24.873s] -- Installing: /home/jucy/ydlidar_ws_11_29/install/dwb_msgs/include/dwb_msgs/msg/detail/local_plan_evaluation__builder.hpp
[24.873s] -- Installing: /home/jucy/ydlidar_ws_11_29/install/dwb_msgs/include/dwb_msgs/msg/detail/trajectory_score__traits.hpp
[24.873s] -- Installing: /home/jucy/ydlidar_ws_11_29/install/dwb_msgs/include/dwb_msgs/msg/detail/trajectory_score__type_support.hpp
[24.873s] -- Installing: /home/jucy/ydlidar_ws_11_29/install/dwb_msgs/include/dwb_msgs/msg/detail/trajectory_score__struct.hpp
[24.874s] -- Installing: /home/jucy/ydlidar_ws_11_29/install/dwb_msgs/include/dwb_msgs/msg/trajectory2_d.hpp
[24.874s] -- Up-to-date: /home/jucy/ydlidar_ws_11_29/install/dwb_msgs/include/dwb_msgs/srv
[24.874s] -- Installing: /home/jucy/ydlidar_ws_11_29/install/dwb_msgs/include/dwb_msgs/srv/debug_local_plan.hpp
[24.874s] -- Installing: /home/jucy/ydlidar_ws_11_29/install/dwb_msgs/include/dwb_msgs/srv/get_critic_score.hpp
[24.874s] -- Installing: /home/jucy/ydlidar_ws_11_29/install/dwb_msgs/include/dwb_msgs/srv/generate_twists.hpp
[24.874s] -- Up-to-date: /home/jucy/ydlidar_ws_11_29/install/dwb_msgs/include/dwb_msgs/srv/detail
[24.874s] -- Installing: /home/jucy/ydlidar_ws_11_29/install/dwb_msgs/include/dwb_msgs/srv/detail/debug_local_plan__builder.hpp
[24.874s] -- Installing: /home/jucy/ydlidar_ws_11_29/install/dwb_msgs/include/dwb_msgs/srv/detail/generate_twists__struct.hpp
[24.874s] -- Installing: /home/jucy/ydlidar_ws_11_29/install/dwb_msgs/include/dwb_msgs/srv/detail/debug_local_plan__traits.hpp
[24.874s] -- Installing: /home/jucy/ydlidar_ws_11_29/install/dwb_msgs/include/dwb_msgs/srv/detail/get_critic_score__builder.hpp
[24.874s] -- Installing: /home/jucy/ydlidar_ws_11_29/install/dwb_msgs/include/dwb_msgs/srv/detail/debug_local_plan__type_support.hpp
[24.874s] -- Installing: /home/jucy/ydlidar_ws_11_29/install/dwb_msgs/include/dwb_msgs/srv/detail/generate_twists__type_support.hpp
[24.875s] -- Installing: /home/jucy/ydlidar_ws_11_29/install/dwb_msgs/include/dwb_msgs/srv/detail/generate_twists__traits.hpp
[24.875s] -- Installing: /home/jucy/ydlidar_ws_11_29/install/dwb_msgs/include/dwb_msgs/srv/detail/get_critic_score__struct.hpp
[24.875s] -- Installing: /home/jucy/ydlidar_ws_11_29/install/dwb_msgs/include/dwb_msgs/srv/detail/score_trajectory__traits.hpp
[24.875s] -- Installing: /home/jucy/ydlidar_ws_11_29/install/dwb_msgs/include/dwb_msgs/srv/detail/score_trajectory__type_support.hpp
[24.875s] -- Installing: /home/jucy/ydlidar_ws_11_29/install/dwb_msgs/include/dwb_msgs/srv/detail/score_trajectory__struct.hpp
[24.875s] -- Installing: /home/jucy/ydlidar_ws_11_29/install/dwb_msgs/include/dwb_msgs/srv/detail/generate_trajectory__struct.hpp
[24.875s] -- Installing: /home/jucy/ydlidar_ws_11_29/install/dwb_msgs/include/dwb_msgs/srv/detail/get_critic_score__type_support.hpp
[24.875s] -- Installing: /home/jucy/ydlidar_ws_11_29/install/dwb_msgs/include/dwb_msgs/srv/detail/generate_trajectory__builder.hpp
[24.875s] -- Installing: /home/jucy/ydlidar_ws_11_29/install/dwb_msgs/include/dwb_msgs/srv/detail/debug_local_plan__struct.hpp
[24.875s] -- Installing: /home/jucy/ydlidar_ws_11_29/install/dwb_msgs/include/dwb_msgs/srv/detail/generate_trajectory__traits.hpp
[24.876s] -- Installing: /home/jucy/ydlidar_ws_11_29/install/dwb_msgs/include/dwb_msgs/srv/detail/generate_twists__builder.hpp
[24.876s] -- Installing: /home/jucy/ydlidar_ws_11_29/install/dwb_msgs/include/dwb_msgs/srv/detail/get_critic_score__traits.hpp
[24.876s] -- Installing: /home/jucy/ydlidar_ws_11_29/install/dwb_msgs/include/dwb_msgs/srv/detail/score_trajectory__builder.hpp
[24.876s] -- Installing: /home/jucy/ydlidar_ws_11_29/install/dwb_msgs/include/dwb_msgs/srv/detail/generate_trajectory__type_support.hpp
[24.876s] -- Installing: /home/jucy/ydlidar_ws_11_29/install/dwb_msgs/include/dwb_msgs/srv/score_trajectory.hpp
[24.876s] -- Installing: /home/jucy/ydlidar_ws_11_29/install/dwb_msgs/include/dwb_msgs/srv/generate_trajectory.hpp
[24.876s] -- Up-to-date: /home/jucy/ydlidar_ws_11_29/install/dwb_msgs/include/dwb_msgs
[24.876s] -- Up-to-date: /home/jucy/ydlidar_ws_11_29/install/dwb_msgs/include/dwb_msgs/msg
[24.876s] -- Up-to-date: /home/jucy/ydlidar_ws_11_29/install/dwb_msgs/include/dwb_msgs/msg/detail
[24.876s] -- Installing: /home/jucy/ydlidar_ws_11_29/install/dwb_msgs/include/dwb_msgs/msg/detail/trajectory2_d__type_support.cpp
[24.876s] -- Installing: /home/jucy/ydlidar_ws_11_29/install/dwb_msgs/include/dwb_msgs/msg/detail/critic_score__rosidl_typesupport_introspection_cpp.hpp
[24.877s] -- Installing: /home/jucy/ydlidar_ws_11_29/install/dwb_msgs/include/dwb_msgs/msg/detail/trajectory_score__rosidl_typesupport_introspection_cpp.hpp
[24.877s] -- Installing: /home/jucy/ydlidar_ws_11_29/install/dwb_msgs/include/dwb_msgs/msg/detail/local_plan_evaluation__type_support.cpp
[24.877s] -- Installing: /home/jucy/ydlidar_ws_11_29/install/dwb_msgs/include/dwb_msgs/msg/detail/trajectory_score__type_support.cpp
[24.877s] -- Installing: /home/jucy/ydlidar_ws_11_29/install/dwb_msgs/include/dwb_msgs/msg/detail/critic_score__type_support.cpp
[24.877s] -- Installing: /home/jucy/ydlidar_ws_11_29/install/dwb_msgs/include/dwb_msgs/msg/detail/trajectory2_d__rosidl_typesupport_introspection_cpp.hpp
[24.877s] -- Installing: /home/jucy/ydlidar_ws_11_29/install/dwb_msgs/include/dwb_msgs/msg/detail/local_plan_evaluation__rosidl_typesupport_introspection_cpp.hpp
[24.877s] -- Up-to-date: /home/jucy/ydlidar_ws_11_29/install/dwb_msgs/include/dwb_msgs/srv
[24.877s] -- Up-to-date: /home/jucy/ydlidar_ws_11_29/install/dwb_msgs/include/dwb_msgs/srv/detail
[24.877s] -- Installing: /home/jucy/ydlidar_ws_11_29/install/dwb_msgs/include/dwb_msgs/srv/detail/generate_twists__rosidl_typesupport_introspection_cpp.hpp
[24.877s] -- Installing: /home/jucy/ydlidar_ws_11_29/install/dwb_msgs/include/dwb_msgs/srv/detail/generate_trajectory__type_support.cpp
[24.877s] -- Installing: /home/jucy/ydlidar_ws_11_29/install/dwb_msgs/include/dwb_msgs/srv/detail/score_trajectory__type_support.cpp
[24.877s] -- Installing: /home/jucy/ydlidar_ws_11_29/install/dwb_msgs/include/dwb_msgs/srv/detail/get_critic_score__rosidl_typesupport_introspection_cpp.hpp
[24.878s] -- Installing: /home/jucy/ydlidar_ws_11_29/install/dwb_msgs/include/dwb_msgs/srv/detail/generate_twists__type_support.cpp
[24.878s] -- Installing: /home/jucy/ydlidar_ws_11_29/install/dwb_msgs/include/dwb_msgs/srv/detail/score_trajectory__rosidl_typesupport_introspection_cpp.hpp
[24.878s] -- Installing: /home/jucy/ydlidar_ws_11_29/install/dwb_msgs/include/dwb_msgs/srv/detail/get_critic_score__type_support.cpp
[24.878s] -- Installing: /home/jucy/ydlidar_ws_11_29/install/dwb_msgs/include/dwb_msgs/srv/detail/generate_trajectory__rosidl_typesupport_introspection_cpp.hpp
[24.878s] -- Installing: /home/jucy/ydlidar_ws_11_29/install/dwb_msgs/include/dwb_msgs/srv/detail/debug_local_plan__rosidl_typesupport_introspection_cpp.hpp
[24.878s] -- Installing: /home/jucy/ydlidar_ws_11_29/install/dwb_msgs/include/dwb_msgs/srv/detail/debug_local_plan__type_support.cpp
[24.878s] -- Installing: /home/jucy/ydlidar_ws_11_29/install/dwb_msgs/lib/libdwb_msgs__rosidl_typesupport_introspection_cpp.so
[24.879s] -- Set runtime path of "/home/jucy/ydlidar_ws_11_29/install/dwb_msgs/lib/libdwb_msgs__rosidl_typesupport_introspection_cpp.so" to ""
[24.879s] -- Installing: /home/jucy/ydlidar_ws_11_29/install/dwb_msgs/lib/libdwb_msgs__rosidl_typesupport_cpp.so
[24.879s] -- Set runtime path of "/home/jucy/ydlidar_ws_11_29/install/dwb_msgs/lib/libdwb_msgs__rosidl_typesupport_cpp.so" to ""
[24.880s] -- Installing: /home/jucy/ydlidar_ws_11_29/install/dwb_msgs/share/dwb_msgs/environment/pythonpath.sh
[24.880s] -- Installing: /home/jucy/ydlidar_ws_11_29/install/dwb_msgs/share/dwb_msgs/environment/pythonpath.dsv
[24.880s] -- Installing: /home/jucy/ydlidar_ws_11_29/install/dwb_msgs/lib/python3.8/site-packages/dwb_msgs/__init__.py
[24.933s] Compiling '/home/jucy/ydlidar_ws_11_29/install/dwb_msgs/lib/python3.8/site-packages/dwb_msgs/__init__.py'...
[24.937s] -- Installing: /home/jucy/ydlidar_ws_11_29/install/dwb_msgs/lib/python3.8/site-packages/dwb_msgs/msg
[24.938s] -- Installing: /home/jucy/ydlidar_ws_11_29/install/dwb_msgs/lib/python3.8/site-packages/dwb_msgs/msg/_local_plan_evaluation.py
[24.938s] -- Installing: /home/jucy/ydlidar_ws_11_29/install/dwb_msgs/lib/python3.8/site-packages/dwb_msgs/msg/_local_plan_evaluation_s.c
[24.938s] -- Installing: /home/jucy/ydlidar_ws_11_29/install/dwb_msgs/lib/python3.8/site-packages/dwb_msgs/msg/_critic_score_s.c
[24.938s] -- Installing: /home/jucy/ydlidar_ws_11_29/install/dwb_msgs/lib/python3.8/site-packages/dwb_msgs/msg/_critic_score.py
[24.938s] -- Installing: /home/jucy/ydlidar_ws_11_29/install/dwb_msgs/lib/python3.8/site-packages/dwb_msgs/msg/_trajectory_score_s.c
[24.938s] -- Installing: /home/jucy/ydlidar_ws_11_29/install/dwb_msgs/lib/python3.8/site-packages/dwb_msgs/msg/_trajectory_score.py
[24.938s] -- Installing: /home/jucy/ydlidar_ws_11_29/install/dwb_msgs/lib/python3.8/site-packages/dwb_msgs/msg/__init__.py
[24.938s] -- Installing: /home/jucy/ydlidar_ws_11_29/install/dwb_msgs/lib/python3.8/site-packages/dwb_msgs/msg/_trajectory2_d.py
[24.939s] -- Installing: /home/jucy/ydlidar_ws_11_29/install/dwb_msgs/lib/python3.8/site-packages/dwb_msgs/msg/_trajectory2_d_s.c
[24.939s] -- Installing: /home/jucy/ydlidar_ws_11_29/install/dwb_msgs/lib/python3.8/site-packages/dwb_msgs/srv
[24.939s] -- Installing: /home/jucy/ydlidar_ws_11_29/install/dwb_msgs/lib/python3.8/site-packages/dwb_msgs/srv/_debug_local_plan_s.c
[24.939s] -- Installing: /home/jucy/ydlidar_ws_11_29/install/dwb_msgs/lib/python3.8/site-packages/dwb_msgs/srv/_generate_twists_s.c
[24.939s] -- Installing: /home/jucy/ydlidar_ws_11_29/install/dwb_msgs/lib/python3.8/site-packages/dwb_msgs/srv/_generate_trajectory.py
[24.939s] -- Installing: /home/jucy/ydlidar_ws_11_29/install/dwb_msgs/lib/python3.8/site-packages/dwb_msgs/srv/_score_trajectory.py
[24.939s] -- Installing: /home/jucy/ydlidar_ws_11_29/install/dwb_msgs/lib/python3.8/site-packages/dwb_msgs/srv/_get_critic_score_s.c
[24.939s] -- Installing: /home/jucy/ydlidar_ws_11_29/install/dwb_msgs/lib/python3.8/site-packages/dwb_msgs/srv/_debug_local_plan.py
[24.940s] -- Installing: /home/jucy/ydlidar_ws_11_29/install/dwb_msgs/lib/python3.8/site-packages/dwb_msgs/srv/_get_critic_score.py
[24.940s] -- Installing: /home/jucy/ydlidar_ws_11_29/install/dwb_msgs/lib/python3.8/site-packages/dwb_msgs/srv/__init__.py
[24.940s] -- Installing: /home/jucy/ydlidar_ws_11_29/install/dwb_msgs/lib/python3.8/site-packages/dwb_msgs/srv/_generate_twists.py
[24.940s] -- Installing: /home/jucy/ydlidar_ws_11_29/install/dwb_msgs/lib/python3.8/site-packages/dwb_msgs/srv/_score_trajectory_s.c
[24.940s] -- Installing: /home/jucy/ydlidar_ws_11_29/install/dwb_msgs/lib/python3.8/site-packages/dwb_msgs/srv/_generate_trajectory_s.c
[24.940s] -- Installing: /home/jucy/ydlidar_ws_11_29/install/dwb_msgs/lib/python3.8/site-packages/dwb_msgs/dwb_msgs_s__rosidl_typesupport_fastrtps_c.cpython-38-x86_64-linux-gnu.so
[24.940s] -- Set runtime path of "/home/jucy/ydlidar_ws_11_29/install/dwb_msgs/lib/python3.8/site-packages/dwb_msgs/dwb_msgs_s__rosidl_typesupport_fastrtps_c.cpython-38-x86_64-linux-gnu.so" to ""
[24.940s] -- Installing: /home/jucy/ydlidar_ws_11_29/install/dwb_msgs/lib/python3.8/site-packages/dwb_msgs/dwb_msgs_s__rosidl_typesupport_introspection_c.cpython-38-x86_64-linux-gnu.so
[24.941s] -- Set runtime path of "/home/jucy/ydlidar_ws_11_29/install/dwb_msgs/lib/python3.8/site-packages/dwb_msgs/dwb_msgs_s__rosidl_typesupport_introspection_c.cpython-38-x86_64-linux-gnu.so" to ""
[24.941s] -- Installing: /home/jucy/ydlidar_ws_11_29/install/dwb_msgs/lib/python3.8/site-packages/dwb_msgs/dwb_msgs_s__rosidl_typesupport_c.cpython-38-x86_64-linux-gnu.so
[24.941s] -- Set runtime path of "/home/jucy/ydlidar_ws_11_29/install/dwb_msgs/lib/python3.8/site-packages/dwb_msgs/dwb_msgs_s__rosidl_typesupport_c.cpython-38-x86_64-linux-gnu.so" to ""
[24.941s] -- Installing: /home/jucy/ydlidar_ws_11_29/install/dwb_msgs/lib/libdwb_msgs__python.so
[24.942s] -- Set runtime path of "/home/jucy/ydlidar_ws_11_29/install/dwb_msgs/lib/libdwb_msgs__python.so" to ""
[24.942s] -- Installing: /home/jucy/ydlidar_ws_11_29/install/dwb_msgs/share/dwb_msgs/msg/CriticScore.idl
[24.942s] -- Installing: /home/jucy/ydlidar_ws_11_29/install/dwb_msgs/share/dwb_msgs/msg/LocalPlanEvaluation.idl
[24.942s] -- Installing: /home/jucy/ydlidar_ws_11_29/install/dwb_msgs/share/dwb_msgs/msg/Trajectory2D.idl
[24.942s] -- Installing: /home/jucy/ydlidar_ws_11_29/install/dwb_msgs/share/dwb_msgs/msg/TrajectoryScore.idl
[24.943s] -- Installing: /home/jucy/ydlidar_ws_11_29/install/dwb_msgs/share/dwb_msgs/srv/DebugLocalPlan.idl
[24.943s] -- Installing: /home/jucy/ydlidar_ws_11_29/install/dwb_msgs/share/dwb_msgs/srv/GenerateTrajectory.idl
[24.943s] -- Installing: /home/jucy/ydlidar_ws_11_29/install/dwb_msgs/share/dwb_msgs/srv/GenerateTwists.idl
[24.943s] -- Installing: /home/jucy/ydlidar_ws_11_29/install/dwb_msgs/share/dwb_msgs/srv/GetCriticScore.idl
[24.943s] -- Installing: /home/jucy/ydlidar_ws_11_29/install/dwb_msgs/share/dwb_msgs/srv/ScoreTrajectory.idl
[24.943s] -- Installing: /home/jucy/ydlidar_ws_11_29/install/dwb_msgs/share/dwb_msgs/msg/CriticScore.msg
[24.943s] -- Installing: /home/jucy/ydlidar_ws_11_29/install/dwb_msgs/share/dwb_msgs/msg/LocalPlanEvaluation.msg
[24.943s] -- Installing: /home/jucy/ydlidar_ws_11_29/install/dwb_msgs/share/dwb_msgs/msg/Trajectory2D.msg
[24.943s] -- Installing: /home/jucy/ydlidar_ws_11_29/install/dwb_msgs/share/dwb_msgs/msg/TrajectoryScore.msg
[24.944s] -- Installing: /home/jucy/ydlidar_ws_11_29/install/dwb_msgs/share/dwb_msgs/srv/DebugLocalPlan.srv
[24.944s] -- Installing: /home/jucy/ydlidar_ws_11_29/install/dwb_msgs/share/dwb_msgs/srv/DebugLocalPlan_Request.msg
[24.944s] -- Installing: /home/jucy/ydlidar_ws_11_29/install/dwb_msgs/share/dwb_msgs/srv/DebugLocalPlan_Response.msg
[24.944s] -- Installing: /home/jucy/ydlidar_ws_11_29/install/dwb_msgs/share/dwb_msgs/srv/GenerateTrajectory.srv
[24.944s] -- Installing: /home/jucy/ydlidar_ws_11_29/install/dwb_msgs/share/dwb_msgs/srv/GenerateTrajectory_Request.msg
[24.944s] -- Installing: /home/jucy/ydlidar_ws_11_29/install/dwb_msgs/share/dwb_msgs/srv/GenerateTrajectory_Response.msg
[24.944s] -- Installing: /home/jucy/ydlidar_ws_11_29/install/dwb_msgs/share/dwb_msgs/srv/GenerateTwists.srv
[24.944s] -- Installing: /home/jucy/ydlidar_ws_11_29/install/dwb_msgs/share/dwb_msgs/srv/GenerateTwists_Request.msg
[24.944s] -- Installing: /home/jucy/ydlidar_ws_11_29/install/dwb_msgs/share/dwb_msgs/srv/GenerateTwists_Response.msg
[24.945s] -- Installing: /home/jucy/ydlidar_ws_11_29/install/dwb_msgs/share/dwb_msgs/srv/GetCriticScore.srv
[24.945s] -- Installing: /home/jucy/ydlidar_ws_11_29/install/dwb_msgs/share/dwb_msgs/srv/GetCriticScore_Request.msg
[24.945s] -- Installing: /home/jucy/ydlidar_ws_11_29/install/dwb_msgs/share/dwb_msgs/srv/GetCriticScore_Response.msg
[24.945s] -- Installing: /home/jucy/ydlidar_ws_11_29/install/dwb_msgs/share/dwb_msgs/srv/ScoreTrajectory.srv
[24.945s] -- Installing: /home/jucy/ydlidar_ws_11_29/install/dwb_msgs/share/dwb_msgs/srv/ScoreTrajectory_Request.msg
[24.945s] -- Installing: /home/jucy/ydlidar_ws_11_29/install/dwb_msgs/share/dwb_msgs/srv/ScoreTrajectory_Response.msg
[24.945s] -- Installing: /home/jucy/ydlidar_ws_11_29/install/dwb_msgs/share/ament_index/resource_index/package_run_dependencies/dwb_msgs
[24.946s] -- Installing: /home/jucy/ydlidar_ws_11_29/install/dwb_msgs/share/ament_index/resource_index/parent_prefix_path/dwb_msgs
[24.946s] -- Installing: /home/jucy/ydlidar_ws_11_29/install/dwb_msgs/share/dwb_msgs/environment/ament_prefix_path.sh
[24.946s] -- Installing: /home/jucy/ydlidar_ws_11_29/install/dwb_msgs/share/dwb_msgs/environment/ament_prefix_path.dsv
[24.946s] -- Installing: /home/jucy/ydlidar_ws_11_29/install/dwb_msgs/share/dwb_msgs/environment/path.sh
[24.946s] -- Installing: /home/jucy/ydlidar_ws_11_29/install/dwb_msgs/share/dwb_msgs/environment/path.dsv
[24.946s] -- Installing: /home/jucy/ydlidar_ws_11_29/install/dwb_msgs/share/dwb_msgs/local_setup.bash
[24.946s] -- Installing: /home/jucy/ydlidar_ws_11_29/install/dwb_msgs/share/dwb_msgs/local_setup.sh
[24.946s] -- Installing: /home/jucy/ydlidar_ws_11_29/install/dwb_msgs/share/dwb_msgs/local_setup.zsh
[24.947s] -- Installing: /home/jucy/ydlidar_ws_11_29/install/dwb_msgs/share/dwb_msgs/local_setup.dsv
[24.947s] -- Installing: /home/jucy/ydlidar_ws_11_29/install/dwb_msgs/share/dwb_msgs/package.dsv
[24.947s] -- Installing: /home/jucy/ydlidar_ws_11_29/install/dwb_msgs/share/ament_index/resource_index/packages/dwb_msgs
[24.947s] -- Installing: /home/jucy/ydlidar_ws_11_29/install/dwb_msgs/share/dwb_msgs/cmake/dwb_msgs__rosidl_generator_cExport.cmake
[24.947s] -- Installing: /home/jucy/ydlidar_ws_11_29/install/dwb_msgs/share/dwb_msgs/cmake/dwb_msgs__rosidl_generator_cExport-noconfig.cmake
[24.947s] -- Installing: /home/jucy/ydlidar_ws_11_29/install/dwb_msgs/share/dwb_msgs/cmake/dwb_msgs__rosidl_typesupport_introspection_cExport.cmake
[24.947s] -- Installing: /home/jucy/ydlidar_ws_11_29/install/dwb_msgs/share/dwb_msgs/cmake/dwb_msgs__rosidl_typesupport_introspection_cExport-noconfig.cmake
[24.948s] -- Installing: /home/jucy/ydlidar_ws_11_29/install/dwb_msgs/share/dwb_msgs/cmake/dwb_msgs__rosidl_typesupport_cExport.cmake
[24.948s] -- Installing: /home/jucy/ydlidar_ws_11_29/install/dwb_msgs/share/dwb_msgs/cmake/dwb_msgs__rosidl_typesupport_cExport-noconfig.cmake
[24.948s] -- Installing: /home/jucy/ydlidar_ws_11_29/install/dwb_msgs/share/dwb_msgs/cmake/dwb_msgs__rosidl_generator_cppExport.cmake
[24.948s] -- Installing: /home/jucy/ydlidar_ws_11_29/install/dwb_msgs/share/dwb_msgs/cmake/dwb_msgs__rosidl_typesupport_introspection_cppExport.cmake
[24.948s] -- Installing: /home/jucy/ydlidar_ws_11_29/install/dwb_msgs/share/dwb_msgs/cmake/dwb_msgs__rosidl_typesupport_introspection_cppExport-noconfig.cmake
[24.948s] -- Installing: /home/jucy/ydlidar_ws_11_29/install/dwb_msgs/share/dwb_msgs/cmake/dwb_msgs__rosidl_typesupport_cppExport.cmake
[24.948s] -- Installing: /home/jucy/ydlidar_ws_11_29/install/dwb_msgs/share/dwb_msgs/cmake/dwb_msgs__rosidl_typesupport_cppExport-noconfig.cmake
[24.949s] -- Installing: /home/jucy/ydlidar_ws_11_29/install/dwb_msgs/share/dwb_msgs/cmake/rosidl_cmake-extras.cmake
[24.949s] -- Installing: /home/jucy/ydlidar_ws_11_29/install/dwb_msgs/share/dwb_msgs/cmake/ament_cmake_export_dependencies-extras.cmake
[24.949s] -- Installing: /home/jucy/ydlidar_ws_11_29/install/dwb_msgs/share/dwb_msgs/cmake/ament_cmake_export_libraries-extras.cmake
[24.949s] -- Installing: /home/jucy/ydlidar_ws_11_29/install/dwb_msgs/share/dwb_msgs/cmake/ament_cmake_export_targets-extras.cmake
[24.949s] -- Installing: /home/jucy/ydlidar_ws_11_29/install/dwb_msgs/share/dwb_msgs/cmake/ament_cmake_export_include_directories-extras.cmake
[24.949s] -- Installing: /home/jucy/ydlidar_ws_11_29/install/dwb_msgs/share/dwb_msgs/cmake/rosidl_cmake_export_typesupport_libraries-extras.cmake
[24.949s] -- Installing: /home/jucy/ydlidar_ws_11_29/install/dwb_msgs/share/dwb_msgs/cmake/rosidl_cmake_export_typesupport_targets-extras.cmake
[24.949s] -- Installing: /home/jucy/ydlidar_ws_11_29/install/dwb_msgs/share/dwb_msgs/cmake/dwb_msgsConfig.cmake
[24.950s] -- Installing: /home/jucy/ydlidar_ws_11_29/install/dwb_msgs/share/dwb_msgs/cmake/dwb_msgsConfig-version.cmake
[24.950s] -- Installing: /home/jucy/ydlidar_ws_11_29/install/dwb_msgs/share/dwb_msgs/package.xml
[24.953s] Invoked command in '/home/jucy/ydlidar_ws_11_29/build/dwb_msgs' returned '0': AMENT_PREFIX_PATH=/home/jucy/ydlidar_ws_11_29/install/nav_2d_msgs:${AMENT_PREFIX_PATH} CMAKE_PREFIX_PATH=/home/jucy/ydlidar_ws_11_29/install/nav_2d_msgs:/home/jucy/ydlidar_ws_11_29/install/ydlidar_ros2_driver:/home/jucy/ydlidar_ws_11_29/install/myagv_navigation2:/home/jucy/ydlidar_ws_11_29/install/myagv_bringup:/home/jucy/ydlidar_ws_11_29/install/myagv_description:/home/jucy/new_ws/install/myagv_description:/home/jucy/new_ws/install/aseembly:/home/jucy/turtlebot3_ws/install/turtlebot3:/home/jucy/turtlebot3_ws/install/turtlebot3_simulations:/home/jucy/turtlebot3_ws/install/turtlebot3_bringup:/home/jucy/turtlebot3_ws/install/turtlebot3_node:/home/jucy/turtlebot3_ws/install/turtlebot3_navigation2:/home/jucy/turtlebot3_ws/install/turtlebot3_fake_node:/home/jucy/turtlebot3_ws/install/turtlebot3_msgs:/home/jucy/turtlebot3_ws/install/turtlebot3_gazebo:/home/jucy/turtlebot3_ws/install/turtlebot3_description:/home/jucy/turtlebot3_ws/install/turtlebot3_cartographer:/home/jucy/turtlebot3_ws/install/dynamixel_sdk_examples:/home/jucy/turtlebot3_ws/install/dynamixel_sdk_custom_interfaces:/home/jucy/turtlebot3_ws/install/dynamixel_sdk:/home/jucy/ros2_ws/install/ps2_controller:/home/jucy/ydlidar_ros2_ws/install/ydlidar_ros2_driver:/home/jucy/ydlidar_ros2_ws/install/ps2_controller:/home/jucy/ydlidar_ros2_ws/install/myagv_navigation2:/home/jucy/ydlidar_ros2_ws/install/myagv_bringup:/home/jucy/ydlidar_ros2_ws/install/myagv_description:/home/jucy/ydlidar_ros2_wss/install/ydlidar_ros2_driver:/opt/ros/foxy:/opt/ros/foxy:/home/jucy/ydlidar_ws_11_29/install/jdamr200_node:/home/jucy/turtlebot3_ws/install/turtlebot3_teleop:/home/jucy/turtlebot3_ws/install/turtlebot3_example:/home/jucy/turtlebot3_ws/install/nav2_goal_pulisher_test:/home/jucy/turtlebot3_ws/install/nav2_goal_publisher:/home/jucy/ros2_ws/install/camera_udp_communication:/home/jucy/ros2_ws/install/agv_control_py:/home/jucy/ydlidar_ros2_ws/install/jdamr200_teleop:/home/jucy/ydlidar_ros2_ws/install/jdamr200_node LD_LIBRARY_PATH=/home/jucy/ydlidar_ws_11_29/install/nav_2d_msgs/lib:${LD_LIBRARY_PATH} PYTHONPATH=/home/jucy/ydlidar_ws_11_29/install/nav_2d_msgs/lib/python3.8/site-packages:${PYTHONPATH} /usr/bin/cmake --install /home/jucy/ydlidar_ws_11_29/build/dwb_msgs
