[0.113s] Invoking command in '/home/jucy/ydlidar_ws_11_29/build/dwb_msgs': CMAKE_PREFIX_PATH=/home/jucy/ydlidar_ws_11_29/install/nav_2d_msgs:/home/jucy/ydlidar_ws_11_29/install/ydlidar_ros2_driver:/home/jucy/ydlidar_ws_11_29/install/nav2_system_tests:/home/jucy/ydlidar_ws_11_29/install/myagv_navigation2:/home/jucy/ydlidar_ws_11_29/install/nav2_bringup:/home/jucy/ydlidar_ws_11_29/install/navigation2:/home/jucy/ydlidar_ws_11_29/install/smac_planner:/home/jucy/ydlidar_ws_11_29/install/nav2_dwb_controller:/home/jucy/ydlidar_ws_11_29/install/nav2_controller:/home/jucy/ydlidar_ws_11_29/install/dwb_plugins:/home/jucy/ydlidar_ws_11_29/install/dwb_critics:/home/jucy/ydlidar_ws_11_29/install/dwb_core:/home/jucy/ydlidar_ws_11_29/install/nav_2d_utils:/home/jucy/ydlidar_ws_11_29/install/dwb_msgs:/home/jucy/ydlidar_ws_11_29/install/nav2_waypoint_follower:/home/jucy/ydlidar_ws_11_29/install/nav2_regulated_pure_pursuit_controller:/home/jucy/ydlidar_ws_11_29/install/nav2_recoveries:/home/jucy/ydlidar_ws_11_29/install/nav2_planner:/home/jucy/ydlidar_ws_11_29/install/nav2_navfn_planner:/home/jucy/ydlidar_ws_11_29/install/nav2_core:/home/jucy/ydlidar_ws_11_29/install/costmap_queue:/home/jucy/ydlidar_ws_11_29/install/nav2_costmap_2d:/home/jucy/ydlidar_ws_11_29/install/nav2_voxel_grid:/home/jucy/ydlidar_ws_11_29/install/nav2_rviz_plugins:/home/jucy/ydlidar_ws_11_29/install/nav2_map_server:/home/jucy/ydlidar_ws_11_29/install/nav2_lifecycle_manager:/home/jucy/ydlidar_ws_11_29/install/nav2_bt_navigator:/home/jucy/ydlidar_ws_11_29/install/nav2_behavior_tree:/home/jucy/ydlidar_ws_11_29/install/nav2_amcl:/home/jucy/ydlidar_ws_11_29/install/nav2_util:/home/jucy/ydlidar_ws_11_29/install/nav2_msgs:/home/jucy/ydlidar_ws_11_29/install/nav2_common:/home/jucy/ydlidar_ws_11_29/install/myagv_bringup:/home/jucy/ydlidar_ws_11_29/install/myagv_description:/home/jucy/new_ws/install/myagv_description:/home/jucy/new_ws/install/aseembly:/home/jucy/turtlebot3_ws/install/turtlebot3:/home/jucy/turtlebot3_ws/install/turtlebot3_simulations:/home/jucy/turtlebot3_ws/install/turtlebot3_bringup:/home/jucy/turtlebot3_ws/install/turtlebot3_node:/home/jucy/turtlebot3_ws/install/turtlebot3_navigation2:/home/jucy/turtlebot3_ws/install/turtlebot3_fake_node:/home/jucy/turtlebot3_ws/install/turtlebot3_msgs:/home/jucy/turtlebot3_ws/install/turtlebot3_gazebo:/home/jucy/turtlebot3_ws/install/turtlebot3_description:/home/jucy/turtlebot3_ws/install/turtlebot3_cartographer:/home/jucy/turtlebot3_ws/install/dynamixel_sdk_examples:/home/jucy/turtlebot3_ws/install/dynamixel_sdk_custom_interfaces:/home/jucy/turtlebot3_ws/install/dynamixel_sdk:/home/jucy/ros2_ws/install/ps2_controller:/home/jucy/ydlidar_ros2_ws/install/ydlidar_ros2_driver:/home/jucy/ydlidar_ros2_ws/install/ps2_controller:/home/jucy/ydlidar_ros2_ws/install/myagv_navigation2:/home/jucy/ydlidar_ros2_ws/install/myagv_bringup:/home/jucy/ydlidar_ros2_ws/install/myagv_description:/home/jucy/ydlidar_ros2_wss/install/ydlidar_ros2_driver:/opt/ros/foxy:/opt/ros/foxy:/home/jucy/ydlidar_ws_11_29/install/nav2_gazebo_spawner:/home/jucy/ydlidar_ws_11_29/install/jdamr200_node:/home/jucy/turtlebot3_ws/install/turtlebot3_teleop:/home/jucy/turtlebot3_ws/install/turtlebot3_example:/home/jucy/turtlebot3_ws/install/nav2_goal_pulisher_test:/home/jucy/turtlebot3_ws/install/nav2_goal_publisher:/home/jucy/ros2_ws/install/camera_udp_communication:/home/jucy/ros2_ws/install/agv_control_py:/home/jucy/ydlidar_ros2_ws/install/jdamr200_teleop:/home/jucy/ydlidar_ros2_ws/install/jdamr200_node LD_LIBRARY_PATH=/home/jucy/ydlidar_ws_11_29/install/nav_2d_msgs/lib:/home/jucy/ydlidar_ws_11_29/install/smac_planner/lib:/home/jucy/ydlidar_ws_11_29/install/nav2_controller/lib:/home/jucy/ydlidar_ws_11_29/install/dwb_plugins/lib:/home/jucy/ydlidar_ws_11_29/install/dwb_critics/lib:/home/jucy/ydlidar_ws_11_29/install/dwb_core/lib:/home/jucy/ydlidar_ws_11_29/install/nav_2d_utils/lib:/home/jucy/ydlidar_ws_11_29/install/dwb_msgs/lib:/home/jucy/ydlidar_ws_11_29/install/nav2_waypoint_follower/lib:/home/jucy/ydlidar_ws_11_29/install/nav2_regulated_pure_pursuit_controller/lib:/home/jucy/ydlidar_ws_11_29/install/nav2_recoveries/lib:/home/jucy/ydlidar_ws_11_29/install/nav2_planner/lib:/home/jucy/ydlidar_ws_11_29/install/nav2_navfn_planner/lib:/home/jucy/ydlidar_ws_11_29/install/costmap_queue/lib:/home/jucy/ydlidar_ws_11_29/install/nav2_costmap_2d/lib:/home/jucy/ydlidar_ws_11_29/install/nav2_voxel_grid/lib:/home/jucy/ydlidar_ws_11_29/install/nav2_rviz_plugins/lib:/home/jucy/ydlidar_ws_11_29/install/nav2_map_server/lib:/home/jucy/ydlidar_ws_11_29/install/nav2_lifecycle_manager/lib:/home/jucy/ydlidar_ws_11_29/install/nav2_bt_navigator/lib:/home/jucy/ydlidar_ws_11_29/install/nav2_behavior_tree/lib:/home/jucy/ydlidar_ws_11_29/install/nav2_amcl/lib:/home/jucy/ydlidar_ws_11_29/install/nav2_util/lib:/home/jucy/ydlidar_ws_11_29/install/nav2_msgs/lib:/home/jucy/turtlebot3_ws/install/turtlebot3_msgs/lib:/home/jucy/turtlebot3_ws/install/dynamixel_sdk_custom_interfaces/lib:/home/jucy/turtlebot3_ws/install/dynamixel_sdk/lib:/usr/lib/x86_64-linux-gnu/gazebo-11/plugins:/opt/ros/foxy/opt/yaml_cpp_vendor/lib:/opt/ros/foxy/opt/rviz_ogre_vendor/lib:/opt/ros/foxy/lib/x86_64-linux-gnu:/opt/ros/foxy/lib PYTHONPATH=/home/jucy/ydlidar_ws_11_29/install/nav_2d_msgs/lib/python3.8/site-packages:/home/jucy/ydlidar_ws_11_29/install/dwb_msgs/lib/python3.8/site-packages:/home/jucy/ydlidar_ws_11_29/install/nav2_msgs/lib/python3.8/site-packages:/home/jucy/ydlidar_ws_11_29/install/nav2_gazebo_spawner/lib/python3.8/site-packages:/home/jucy/ydlidar_ws_11_29/install/nav2_common/lib/python3.8/site-packages:/home/jucy/ydlidar_ws_11_29/install/jdamr200_node/lib/python3.8/site-packages:/home/jucy/turtlebot3_ws/install/turtlebot3_teleop/lib/python3.8/site-packages:/home/jucy/turtlebot3_ws/install/turtlebot3_example/lib/python3.8/site-packages:/home/jucy/turtlebot3_ws/install/turtlebot3_msgs/lib/python3.8/site-packages:/home/jucy/turtlebot3_ws/install/nav2_goal_pulisher_test/lib/python3.8/site-packages:/home/jucy/turtlebot3_ws/install/nav2_goal_publisher/lib/python3.8/site-packages:/home/jucy/turtlebot3_ws/install/dynamixel_sdk_custom_interfaces/lib/python3.8/site-packages:/home/jucy/ros2_ws/install/camera_udp_communication/lib/python3.8/site-packages:/home/jucy/ros2_ws/install/agv_control_py/lib/python3.8/site-packages:/home/jucy/ydlidar_ros2_ws/install/jdamr200_teleop/lib/python3.8/site-packages:/home/jucy/ydlidar_ros2_ws/install/jdamr200_node/lib/python3.8/site-packages:/usr/bin/python3.8:/opt/ros/foxy/lib/python3.8/site-packages /usr/bin/cmake --build /home/jucy/ydlidar_ws_11_29/build/dwb_msgs -- -j12 -l12
[0.458s] [  1%] Built target dwb_msgs__cpp
[0.544s] [ 12%] Built target dwb_msgs__rosidl_generator_c
[0.592s] [ 24%] Built target dwb_msgs__rosidl_typesupport_cpp
[0.592s] [ 35%] Built target dwb_msgs__rosidl_typesupport_introspection_cpp
[0.609s] [ 47%] Built target dwb_msgs__rosidl_typesupport_introspection_c
[0.611s] [ 58%] Built target dwb_msgs__rosidl_typesupport_fastrtps_cpp
[0.649s] [ 70%] Built target dwb_msgs__rosidl_typesupport_c
[0.811s] [ 82%] Built target dwb_msgs__rosidl_typesupport_fastrtps_c
[0.970s] [ 82%] Built target dwb_msgs
[1.013s] [ 83%] Built target dwb_msgs__py
[1.135s] [ 93%] Built target dwb_msgs__python
[1.201s] [ 95%] Built target dwb_msgs__rosidl_typesupport_c__pyext
[1.231s] [ 97%] Built target dwb_msgs__rosidl_typesupport_introspection_c__pyext
[1.262s] [100%] Built target dwb_msgs__rosidl_typesupport_fastrtps_c__pyext
[1.276s] Invoked command in '/home/jucy/ydlidar_ws_11_29/build/dwb_msgs' returned '0': CMAKE_PREFIX_PATH=/home/jucy/ydlidar_ws_11_29/install/nav_2d_msgs:/home/jucy/ydlidar_ws_11_29/install/ydlidar_ros2_driver:/home/jucy/ydlidar_ws_11_29/install/nav2_system_tests:/home/jucy/ydlidar_ws_11_29/install/myagv_navigation2:/home/jucy/ydlidar_ws_11_29/install/nav2_bringup:/home/jucy/ydlidar_ws_11_29/install/navigation2:/home/jucy/ydlidar_ws_11_29/install/smac_planner:/home/jucy/ydlidar_ws_11_29/install/nav2_dwb_controller:/home/jucy/ydlidar_ws_11_29/install/nav2_controller:/home/jucy/ydlidar_ws_11_29/install/dwb_plugins:/home/jucy/ydlidar_ws_11_29/install/dwb_critics:/home/jucy/ydlidar_ws_11_29/install/dwb_core:/home/jucy/ydlidar_ws_11_29/install/nav_2d_utils:/home/jucy/ydlidar_ws_11_29/install/dwb_msgs:/home/jucy/ydlidar_ws_11_29/install/nav2_waypoint_follower:/home/jucy/ydlidar_ws_11_29/install/nav2_regulated_pure_pursuit_controller:/home/jucy/ydlidar_ws_11_29/install/nav2_recoveries:/home/jucy/ydlidar_ws_11_29/install/nav2_planner:/home/jucy/ydlidar_ws_11_29/install/nav2_navfn_planner:/home/jucy/ydlidar_ws_11_29/install/nav2_core:/home/jucy/ydlidar_ws_11_29/install/costmap_queue:/home/jucy/ydlidar_ws_11_29/install/nav2_costmap_2d:/home/jucy/ydlidar_ws_11_29/install/nav2_voxel_grid:/home/jucy/ydlidar_ws_11_29/install/nav2_rviz_plugins:/home/jucy/ydlidar_ws_11_29/install/nav2_map_server:/home/jucy/ydlidar_ws_11_29/install/nav2_lifecycle_manager:/home/jucy/ydlidar_ws_11_29/install/nav2_bt_navigator:/home/jucy/ydlidar_ws_11_29/install/nav2_behavior_tree:/home/jucy/ydlidar_ws_11_29/install/nav2_amcl:/home/jucy/ydlidar_ws_11_29/install/nav2_util:/home/jucy/ydlidar_ws_11_29/install/nav2_msgs:/home/jucy/ydlidar_ws_11_29/install/nav2_common:/home/jucy/ydlidar_ws_11_29/install/myagv_bringup:/home/jucy/ydlidar_ws_11_29/install/myagv_description:/home/jucy/new_ws/install/myagv_description:/home/jucy/new_ws/install/aseembly:/home/jucy/turtlebot3_ws/install/turtlebot3:/home/jucy/turtlebot3_ws/install/turtlebot3_simulations:/home/jucy/turtlebot3_ws/install/turtlebot3_bringup:/home/jucy/turtlebot3_ws/install/turtlebot3_node:/home/jucy/turtlebot3_ws/install/turtlebot3_navigation2:/home/jucy/turtlebot3_ws/install/turtlebot3_fake_node:/home/jucy/turtlebot3_ws/install/turtlebot3_msgs:/home/jucy/turtlebot3_ws/install/turtlebot3_gazebo:/home/jucy/turtlebot3_ws/install/turtlebot3_description:/home/jucy/turtlebot3_ws/install/turtlebot3_cartographer:/home/jucy/turtlebot3_ws/install/dynamixel_sdk_examples:/home/jucy/turtlebot3_ws/install/dynamixel_sdk_custom_interfaces:/home/jucy/turtlebot3_ws/install/dynamixel_sdk:/home/jucy/ros2_ws/install/ps2_controller:/home/jucy/ydlidar_ros2_ws/install/ydlidar_ros2_driver:/home/jucy/ydlidar_ros2_ws/install/ps2_controller:/home/jucy/ydlidar_ros2_ws/install/myagv_navigation2:/home/jucy/ydlidar_ros2_ws/install/myagv_bringup:/home/jucy/ydlidar_ros2_ws/install/myagv_description:/home/jucy/ydlidar_ros2_wss/install/ydlidar_ros2_driver:/opt/ros/foxy:/opt/ros/foxy:/home/jucy/ydlidar_ws_11_29/install/nav2_gazebo_spawner:/home/jucy/ydlidar_ws_11_29/install/jdamr200_node:/home/jucy/turtlebot3_ws/install/turtlebot3_teleop:/home/jucy/turtlebot3_ws/install/turtlebot3_example:/home/jucy/turtlebot3_ws/install/nav2_goal_pulisher_test:/home/jucy/turtlebot3_ws/install/nav2_goal_publisher:/home/jucy/ros2_ws/install/camera_udp_communication:/home/jucy/ros2_ws/install/agv_control_py:/home/jucy/ydlidar_ros2_ws/install/jdamr200_teleop:/home/jucy/ydlidar_ros2_ws/install/jdamr200_node LD_LIBRARY_PATH=/home/jucy/ydlidar_ws_11_29/install/nav_2d_msgs/lib:/home/jucy/ydlidar_ws_11_29/install/smac_planner/lib:/home/jucy/ydlidar_ws_11_29/install/nav2_controller/lib:/home/jucy/ydlidar_ws_11_29/install/dwb_plugins/lib:/home/jucy/ydlidar_ws_11_29/install/dwb_critics/lib:/home/jucy/ydlidar_ws_11_29/install/dwb_core/lib:/home/jucy/ydlidar_ws_11_29/install/nav_2d_utils/lib:/home/jucy/ydlidar_ws_11_29/install/dwb_msgs/lib:/home/jucy/ydlidar_ws_11_29/install/nav2_waypoint_follower/lib:/home/jucy/ydlidar_ws_11_29/install/nav2_regulated_pure_pursuit_controller/lib:/home/jucy/ydlidar_ws_11_29/install/nav2_recoveries/lib:/home/jucy/ydlidar_ws_11_29/install/nav2_planner/lib:/home/jucy/ydlidar_ws_11_29/install/nav2_navfn_planner/lib:/home/jucy/ydlidar_ws_11_29/install/costmap_queue/lib:/home/jucy/ydlidar_ws_11_29/install/nav2_costmap_2d/lib:/home/jucy/ydlidar_ws_11_29/install/nav2_voxel_grid/lib:/home/jucy/ydlidar_ws_11_29/install/nav2_rviz_plugins/lib:/home/jucy/ydlidar_ws_11_29/install/nav2_map_server/lib:/home/jucy/ydlidar_ws_11_29/install/nav2_lifecycle_manager/lib:/home/jucy/ydlidar_ws_11_29/install/nav2_bt_navigator/lib:/home/jucy/ydlidar_ws_11_29/install/nav2_behavior_tree/lib:/home/jucy/ydlidar_ws_11_29/install/nav2_amcl/lib:/home/jucy/ydlidar_ws_11_29/install/nav2_util/lib:/home/jucy/ydlidar_ws_11_29/install/nav2_msgs/lib:/home/jucy/turtlebot3_ws/install/turtlebot3_msgs/lib:/home/jucy/turtlebot3_ws/install/dynamixel_sdk_custom_interfaces/lib:/home/jucy/turtlebot3_ws/install/dynamixel_sdk/lib:/usr/lib/x86_64-linux-gnu/gazebo-11/plugins:/opt/ros/foxy/opt/yaml_cpp_vendor/lib:/opt/ros/foxy/opt/rviz_ogre_vendor/lib:/opt/ros/foxy/lib/x86_64-linux-gnu:/opt/ros/foxy/lib PYTHONPATH=/home/jucy/ydlidar_ws_11_29/install/nav_2d_msgs/lib/python3.8/site-packages:/home/jucy/ydlidar_ws_11_29/install/dwb_msgs/lib/python3.8/site-packages:/home/jucy/ydlidar_ws_11_29/install/nav2_msgs/lib/python3.8/site-packages:/home/jucy/ydlidar_ws_11_29/install/nav2_gazebo_spawner/lib/python3.8/site-packages:/home/jucy/ydlidar_ws_11_29/install/nav2_common/lib/python3.8/site-packages:/home/jucy/ydlidar_ws_11_29/install/jdamr200_node/lib/python3.8/site-packages:/home/jucy/turtlebot3_ws/install/turtlebot3_teleop/lib/python3.8/site-packages:/home/jucy/turtlebot3_ws/install/turtlebot3_example/lib/python3.8/site-packages:/home/jucy/turtlebot3_ws/install/turtlebot3_msgs/lib/python3.8/site-packages:/home/jucy/turtlebot3_ws/install/nav2_goal_pulisher_test/lib/python3.8/site-packages:/home/jucy/turtlebot3_ws/install/nav2_goal_publisher/lib/python3.8/site-packages:/home/jucy/turtlebot3_ws/install/dynamixel_sdk_custom_interfaces/lib/python3.8/site-packages:/home/jucy/ros2_ws/install/camera_udp_communication/lib/python3.8/site-packages:/home/jucy/ros2_ws/install/agv_control_py/lib/python3.8/site-packages:/home/jucy/ydlidar_ros2_ws/install/jdamr200_teleop/lib/python3.8/site-packages:/home/jucy/ydlidar_ros2_ws/install/jdamr200_node/lib/python3.8/site-packages:/usr/bin/python3.8:/opt/ros/foxy/lib/python3.8/site-packages /usr/bin/cmake --build /home/jucy/ydlidar_ws_11_29/build/dwb_msgs -- -j12 -l12
[1.279s] Invoking command in '/home/jucy/ydlidar_ws_11_29/build/dwb_msgs': CMAKE_PREFIX_PATH=/home/jucy/ydlidar_ws_11_29/install/nav_2d_msgs:/home/jucy/ydlidar_ws_11_29/install/ydlidar_ros2_driver:/home/jucy/ydlidar_ws_11_29/install/nav2_system_tests:/home/jucy/ydlidar_ws_11_29/install/myagv_navigation2:/home/jucy/ydlidar_ws_11_29/install/nav2_bringup:/home/jucy/ydlidar_ws_11_29/install/navigation2:/home/jucy/ydlidar_ws_11_29/install/smac_planner:/home/jucy/ydlidar_ws_11_29/install/nav2_dwb_controller:/home/jucy/ydlidar_ws_11_29/install/nav2_controller:/home/jucy/ydlidar_ws_11_29/install/dwb_plugins:/home/jucy/ydlidar_ws_11_29/install/dwb_critics:/home/jucy/ydlidar_ws_11_29/install/dwb_core:/home/jucy/ydlidar_ws_11_29/install/nav_2d_utils:/home/jucy/ydlidar_ws_11_29/install/dwb_msgs:/home/jucy/ydlidar_ws_11_29/install/nav2_waypoint_follower:/home/jucy/ydlidar_ws_11_29/install/nav2_regulated_pure_pursuit_controller:/home/jucy/ydlidar_ws_11_29/install/nav2_recoveries:/home/jucy/ydlidar_ws_11_29/install/nav2_planner:/home/jucy/ydlidar_ws_11_29/install/nav2_navfn_planner:/home/jucy/ydlidar_ws_11_29/install/nav2_core:/home/jucy/ydlidar_ws_11_29/install/costmap_queue:/home/jucy/ydlidar_ws_11_29/install/nav2_costmap_2d:/home/jucy/ydlidar_ws_11_29/install/nav2_voxel_grid:/home/jucy/ydlidar_ws_11_29/install/nav2_rviz_plugins:/home/jucy/ydlidar_ws_11_29/install/nav2_map_server:/home/jucy/ydlidar_ws_11_29/install/nav2_lifecycle_manager:/home/jucy/ydlidar_ws_11_29/install/nav2_bt_navigator:/home/jucy/ydlidar_ws_11_29/install/nav2_behavior_tree:/home/jucy/ydlidar_ws_11_29/install/nav2_amcl:/home/jucy/ydlidar_ws_11_29/install/nav2_util:/home/jucy/ydlidar_ws_11_29/install/nav2_msgs:/home/jucy/ydlidar_ws_11_29/install/nav2_common:/home/jucy/ydlidar_ws_11_29/install/myagv_bringup:/home/jucy/ydlidar_ws_11_29/install/myagv_description:/home/jucy/new_ws/install/myagv_description:/home/jucy/new_ws/install/aseembly:/home/jucy/turtlebot3_ws/install/turtlebot3:/home/jucy/turtlebot3_ws/install/turtlebot3_simulations:/home/jucy/turtlebot3_ws/install/turtlebot3_bringup:/home/jucy/turtlebot3_ws/install/turtlebot3_node:/home/jucy/turtlebot3_ws/install/turtlebot3_navigation2:/home/jucy/turtlebot3_ws/install/turtlebot3_fake_node:/home/jucy/turtlebot3_ws/install/turtlebot3_msgs:/home/jucy/turtlebot3_ws/install/turtlebot3_gazebo:/home/jucy/turtlebot3_ws/install/turtlebot3_description:/home/jucy/turtlebot3_ws/install/turtlebot3_cartographer:/home/jucy/turtlebot3_ws/install/dynamixel_sdk_examples:/home/jucy/turtlebot3_ws/install/dynamixel_sdk_custom_interfaces:/home/jucy/turtlebot3_ws/install/dynamixel_sdk:/home/jucy/ros2_ws/install/ps2_controller:/home/jucy/ydlidar_ros2_ws/install/ydlidar_ros2_driver:/home/jucy/ydlidar_ros2_ws/install/ps2_controller:/home/jucy/ydlidar_ros2_ws/install/myagv_navigation2:/home/jucy/ydlidar_ros2_ws/install/myagv_bringup:/home/jucy/ydlidar_ros2_ws/install/myagv_description:/home/jucy/ydlidar_ros2_wss/install/ydlidar_ros2_driver:/opt/ros/foxy:/opt/ros/foxy:/home/jucy/ydlidar_ws_11_29/install/nav2_gazebo_spawner:/home/jucy/ydlidar_ws_11_29/install/jdamr200_node:/home/jucy/turtlebot3_ws/install/turtlebot3_teleop:/home/jucy/turtlebot3_ws/install/turtlebot3_example:/home/jucy/turtlebot3_ws/install/nav2_goal_pulisher_test:/home/jucy/turtlebot3_ws/install/nav2_goal_publisher:/home/jucy/ros2_ws/install/camera_udp_communication:/home/jucy/ros2_ws/install/agv_control_py:/home/jucy/ydlidar_ros2_ws/install/jdamr200_teleop:/home/jucy/ydlidar_ros2_ws/install/jdamr200_node LD_LIBRARY_PATH=/home/jucy/ydlidar_ws_11_29/install/nav_2d_msgs/lib:/home/jucy/ydlidar_ws_11_29/install/smac_planner/lib:/home/jucy/ydlidar_ws_11_29/install/nav2_controller/lib:/home/jucy/ydlidar_ws_11_29/install/dwb_plugins/lib:/home/jucy/ydlidar_ws_11_29/install/dwb_critics/lib:/home/jucy/ydlidar_ws_11_29/install/dwb_core/lib:/home/jucy/ydlidar_ws_11_29/install/nav_2d_utils/lib:/home/jucy/ydlidar_ws_11_29/install/dwb_msgs/lib:/home/jucy/ydlidar_ws_11_29/install/nav2_waypoint_follower/lib:/home/jucy/ydlidar_ws_11_29/install/nav2_regulated_pure_pursuit_controller/lib:/home/jucy/ydlidar_ws_11_29/install/nav2_recoveries/lib:/home/jucy/ydlidar_ws_11_29/install/nav2_planner/lib:/home/jucy/ydlidar_ws_11_29/install/nav2_navfn_planner/lib:/home/jucy/ydlidar_ws_11_29/install/costmap_queue/lib:/home/jucy/ydlidar_ws_11_29/install/nav2_costmap_2d/lib:/home/jucy/ydlidar_ws_11_29/install/nav2_voxel_grid/lib:/home/jucy/ydlidar_ws_11_29/install/nav2_rviz_plugins/lib:/home/jucy/ydlidar_ws_11_29/install/nav2_map_server/lib:/home/jucy/ydlidar_ws_11_29/install/nav2_lifecycle_manager/lib:/home/jucy/ydlidar_ws_11_29/install/nav2_bt_navigator/lib:/home/jucy/ydlidar_ws_11_29/install/nav2_behavior_tree/lib:/home/jucy/ydlidar_ws_11_29/install/nav2_amcl/lib:/home/jucy/ydlidar_ws_11_29/install/nav2_util/lib:/home/jucy/ydlidar_ws_11_29/install/nav2_msgs/lib:/home/jucy/turtlebot3_ws/install/turtlebot3_msgs/lib:/home/jucy/turtlebot3_ws/install/dynamixel_sdk_custom_interfaces/lib:/home/jucy/turtlebot3_ws/install/dynamixel_sdk/lib:/usr/lib/x86_64-linux-gnu/gazebo-11/plugins:/opt/ros/foxy/opt/yaml_cpp_vendor/lib:/opt/ros/foxy/opt/rviz_ogre_vendor/lib:/opt/ros/foxy/lib/x86_64-linux-gnu:/opt/ros/foxy/lib PYTHONPATH=/home/jucy/ydlidar_ws_11_29/install/nav_2d_msgs/lib/python3.8/site-packages:/home/jucy/ydlidar_ws_11_29/install/dwb_msgs/lib/python3.8/site-packages:/home/jucy/ydlidar_ws_11_29/install/nav2_msgs/lib/python3.8/site-packages:/home/jucy/ydlidar_ws_11_29/install/nav2_gazebo_spawner/lib/python3.8/site-packages:/home/jucy/ydlidar_ws_11_29/install/nav2_common/lib/python3.8/site-packages:/home/jucy/ydlidar_ws_11_29/install/jdamr200_node/lib/python3.8/site-packages:/home/jucy/turtlebot3_ws/install/turtlebot3_teleop/lib/python3.8/site-packages:/home/jucy/turtlebot3_ws/install/turtlebot3_example/lib/python3.8/site-packages:/home/jucy/turtlebot3_ws/install/turtlebot3_msgs/lib/python3.8/site-packages:/home/jucy/turtlebot3_ws/install/nav2_goal_pulisher_test/lib/python3.8/site-packages:/home/jucy/turtlebot3_ws/install/nav2_goal_publisher/lib/python3.8/site-packages:/home/jucy/turtlebot3_ws/install/dynamixel_sdk_custom_interfaces/lib/python3.8/site-packages:/home/jucy/ros2_ws/install/camera_udp_communication/lib/python3.8/site-packages:/home/jucy/ros2_ws/install/agv_control_py/lib/python3.8/site-packages:/home/jucy/ydlidar_ros2_ws/install/jdamr200_teleop/lib/python3.8/site-packages:/home/jucy/ydlidar_ros2_ws/install/jdamr200_node/lib/python3.8/site-packages:/usr/bin/python3.8:/opt/ros/foxy/lib/python3.8/site-packages /usr/bin/cmake --install /home/jucy/ydlidar_ws_11_29/build/dwb_msgs
[1.292s] -- Install configuration: ""
[1.292s] -- Up-to-date: /home/jucy/ydlidar_ws_11_29/install/dwb_msgs/share/ament_index/resource_index/rosidl_interfaces/dwb_msgs
[1.293s] -- Up-to-date: /home/jucy/ydlidar_ws_11_29/install/dwb_msgs/include/dwb_msgs
[1.293s] -- Up-to-date: /home/jucy/ydlidar_ws_11_29/install/dwb_msgs/include/dwb_msgs/msg
[1.293s] -- Up-to-date: /home/jucy/ydlidar_ws_11_29/install/dwb_msgs/include/dwb_msgs/msg/rosidl_generator_c__visibility_control.h
[1.293s] -- Up-to-date: /home/jucy/ydlidar_ws_11_29/install/dwb_msgs/include/dwb_msgs/msg/critic_score.h
[1.293s] -- Up-to-date: /home/jucy/ydlidar_ws_11_29/install/dwb_msgs/include/dwb_msgs/msg/trajectory2_d.h
[1.293s] -- Up-to-date: /home/jucy/ydlidar_ws_11_29/install/dwb_msgs/include/dwb_msgs/msg/trajectory_score.h
[1.293s] -- Up-to-date: /home/jucy/ydlidar_ws_11_29/install/dwb_msgs/include/dwb_msgs/msg/local_plan_evaluation.h
[1.293s] -- Up-to-date: /home/jucy/ydlidar_ws_11_29/install/dwb_msgs/include/dwb_msgs/msg/detail
[1.293s] -- Up-to-date: /home/jucy/ydlidar_ws_11_29/install/dwb_msgs/include/dwb_msgs/msg/detail/trajectory_score__struct.h
[1.293s] -- Up-to-date: /home/jucy/ydlidar_ws_11_29/install/dwb_msgs/include/dwb_msgs/msg/detail/local_plan_evaluation__functions.c
[1.293s] -- Up-to-date: /home/jucy/ydlidar_ws_11_29/install/dwb_msgs/include/dwb_msgs/msg/detail/local_plan_evaluation__struct.h
[1.293s] -- Up-to-date: /home/jucy/ydlidar_ws_11_29/install/dwb_msgs/include/dwb_msgs/msg/detail/trajectory2_d__struct.h
[1.293s] -- Up-to-date: /home/jucy/ydlidar_ws_11_29/install/dwb_msgs/include/dwb_msgs/msg/detail/critic_score__struct.h
[1.294s] -- Up-to-date: /home/jucy/ydlidar_ws_11_29/install/dwb_msgs/include/dwb_msgs/msg/detail/trajectory2_d__functions.c
[1.294s] -- Up-to-date: /home/jucy/ydlidar_ws_11_29/install/dwb_msgs/include/dwb_msgs/msg/detail/critic_score__functions.c
[1.294s] -- Up-to-date: /home/jucy/ydlidar_ws_11_29/install/dwb_msgs/include/dwb_msgs/msg/detail/critic_score__type_support.h
[1.294s] -- Up-to-date: /home/jucy/ydlidar_ws_11_29/install/dwb_msgs/include/dwb_msgs/msg/detail/trajectory2_d__functions.h
[1.294s] -- Up-to-date: /home/jucy/ydlidar_ws_11_29/install/dwb_msgs/include/dwb_msgs/msg/detail/trajectory_score__functions.h
[1.294s] -- Up-to-date: /home/jucy/ydlidar_ws_11_29/install/dwb_msgs/include/dwb_msgs/msg/detail/trajectory_score__type_support.h
[1.294s] -- Up-to-date: /home/jucy/ydlidar_ws_11_29/install/dwb_msgs/include/dwb_msgs/msg/detail/local_plan_evaluation__type_support.h
[1.294s] -- Up-to-date: /home/jucy/ydlidar_ws_11_29/install/dwb_msgs/include/dwb_msgs/msg/detail/local_plan_evaluation__functions.h
[1.294s] -- Up-to-date: /home/jucy/ydlidar_ws_11_29/install/dwb_msgs/include/dwb_msgs/msg/detail/trajectory_score__functions.c
[1.294s] -- Up-to-date: /home/jucy/ydlidar_ws_11_29/install/dwb_msgs/include/dwb_msgs/msg/detail/trajectory2_d__type_support.h
[1.294s] -- Up-to-date: /home/jucy/ydlidar_ws_11_29/install/dwb_msgs/include/dwb_msgs/msg/detail/critic_score__functions.h
[1.294s] -- Up-to-date: /home/jucy/ydlidar_ws_11_29/install/dwb_msgs/include/dwb_msgs/srv
[1.294s] -- Up-to-date: /home/jucy/ydlidar_ws_11_29/install/dwb_msgs/include/dwb_msgs/srv/generate_twists.h
[1.294s] -- Up-to-date: /home/jucy/ydlidar_ws_11_29/install/dwb_msgs/include/dwb_msgs/srv/generate_trajectory.h
[1.294s] -- Up-to-date: /home/jucy/ydlidar_ws_11_29/install/dwb_msgs/include/dwb_msgs/srv/debug_local_plan.h
[1.294s] -- Up-to-date: /home/jucy/ydlidar_ws_11_29/install/dwb_msgs/include/dwb_msgs/srv/detail
[1.294s] -- Up-to-date: /home/jucy/ydlidar_ws_11_29/install/dwb_msgs/include/dwb_msgs/srv/detail/debug_local_plan__type_support.h
[1.294s] -- Up-to-date: /home/jucy/ydlidar_ws_11_29/install/dwb_msgs/include/dwb_msgs/srv/detail/generate_twists__functions.h
[1.295s] -- Up-to-date: /home/jucy/ydlidar_ws_11_29/install/dwb_msgs/include/dwb_msgs/srv/detail/generate_trajectory__type_support.h
[1.295s] -- Up-to-date: /home/jucy/ydlidar_ws_11_29/install/dwb_msgs/include/dwb_msgs/srv/detail/generate_trajectory__functions.c
[1.295s] -- Up-to-date: /home/jucy/ydlidar_ws_11_29/install/dwb_msgs/include/dwb_msgs/srv/detail/score_trajectory__functions.c
[1.295s] -- Up-to-date: /home/jucy/ydlidar_ws_11_29/install/dwb_msgs/include/dwb_msgs/srv/detail/generate_twists__functions.c
[1.295s] -- Up-to-date: /home/jucy/ydlidar_ws_11_29/install/dwb_msgs/include/dwb_msgs/srv/detail/score_trajectory__struct.h
[1.295s] -- Up-to-date: /home/jucy/ydlidar_ws_11_29/install/dwb_msgs/include/dwb_msgs/srv/detail/debug_local_plan__struct.h
[1.295s] -- Up-to-date: /home/jucy/ydlidar_ws_11_29/install/dwb_msgs/include/dwb_msgs/srv/detail/get_critic_score__type_support.h
[1.295s] -- Up-to-date: /home/jucy/ydlidar_ws_11_29/install/dwb_msgs/include/dwb_msgs/srv/detail/get_critic_score__struct.h
[1.295s] -- Up-to-date: /home/jucy/ydlidar_ws_11_29/install/dwb_msgs/include/dwb_msgs/srv/detail/generate_twists__type_support.h
[1.295s] -- Up-to-date: /home/jucy/ydlidar_ws_11_29/install/dwb_msgs/include/dwb_msgs/srv/detail/generate_trajectory__struct.h
[1.295s] -- Up-to-date: /home/jucy/ydlidar_ws_11_29/install/dwb_msgs/include/dwb_msgs/srv/detail/debug_local_plan__functions.c
[1.295s] -- Up-to-date: /home/jucy/ydlidar_ws_11_29/install/dwb_msgs/include/dwb_msgs/srv/detail/get_critic_score__functions.c
[1.295s] -- Up-to-date: /home/jucy/ydlidar_ws_11_29/install/dwb_msgs/include/dwb_msgs/srv/detail/score_trajectory__functions.h
[1.295s] -- Up-to-date: /home/jucy/ydlidar_ws_11_29/install/dwb_msgs/include/dwb_msgs/srv/detail/generate_trajectory__functions.h
[1.295s] -- Up-to-date: /home/jucy/ydlidar_ws_11_29/install/dwb_msgs/include/dwb_msgs/srv/detail/get_critic_score__functions.h
[1.295s] -- Up-to-date: /home/jucy/ydlidar_ws_11_29/install/dwb_msgs/include/dwb_msgs/srv/detail/debug_local_plan__functions.h
[1.295s] -- Up-to-date: /home/jucy/ydlidar_ws_11_29/install/dwb_msgs/include/dwb_msgs/srv/detail/score_trajectory__type_support.h
[1.295s] -- Up-to-date: /home/jucy/ydlidar_ws_11_29/install/dwb_msgs/include/dwb_msgs/srv/detail/generate_twists__struct.h
[1.296s] -- Up-to-date: /home/jucy/ydlidar_ws_11_29/install/dwb_msgs/include/dwb_msgs/srv/score_trajectory.h
[1.296s] -- Up-to-date: /home/jucy/ydlidar_ws_11_29/install/dwb_msgs/include/dwb_msgs/srv/get_critic_score.h
[1.296s] -- Up-to-date: /home/jucy/ydlidar_ws_11_29/install/dwb_msgs/share/dwb_msgs/environment/library_path.sh
[1.296s] -- Up-to-date: /home/jucy/ydlidar_ws_11_29/install/dwb_msgs/share/dwb_msgs/environment/library_path.dsv
[1.297s] -- Up-to-date: /home/jucy/ydlidar_ws_11_29/install/dwb_msgs/lib/libdwb_msgs__rosidl_generator_c.so
[1.297s] -- Up-to-date: /home/jucy/ydlidar_ws_11_29/install/dwb_msgs/include/dwb_msgs
[1.297s] -- Up-to-date: /home/jucy/ydlidar_ws_11_29/install/dwb_msgs/include/dwb_msgs/msg
[1.297s] -- Up-to-date: /home/jucy/ydlidar_ws_11_29/install/dwb_msgs/include/dwb_msgs/msg/rosidl_typesupport_fastrtps_c__visibility_control.h
[1.297s] -- Up-to-date: /home/jucy/ydlidar_ws_11_29/install/dwb_msgs/include/dwb_msgs/msg/detail
[1.297s] -- Up-to-date: /home/jucy/ydlidar_ws_11_29/install/dwb_msgs/include/dwb_msgs/msg/detail/trajectory2_d__rosidl_typesupport_fastrtps_c.h
[1.297s] -- Up-to-date: /home/jucy/ydlidar_ws_11_29/install/dwb_msgs/include/dwb_msgs/msg/detail/local_plan_evaluation__rosidl_typesupport_fastrtps_c.h
[1.297s] -- Up-to-date: /home/jucy/ydlidar_ws_11_29/install/dwb_msgs/include/dwb_msgs/msg/detail/trajectory_score__rosidl_typesupport_fastrtps_c.h
[1.297s] -- Up-to-date: /home/jucy/ydlidar_ws_11_29/install/dwb_msgs/include/dwb_msgs/msg/detail/critic_score__rosidl_typesupport_fastrtps_c.h
[1.297s] -- Up-to-date: /home/jucy/ydlidar_ws_11_29/install/dwb_msgs/include/dwb_msgs/srv
[1.297s] -- Up-to-date: /home/jucy/ydlidar_ws_11_29/install/dwb_msgs/include/dwb_msgs/srv/detail
[1.297s] -- Up-to-date: /home/jucy/ydlidar_ws_11_29/install/dwb_msgs/include/dwb_msgs/srv/detail/generate_twists__rosidl_typesupport_fastrtps_c.h
[1.298s] -- Up-to-date: /home/jucy/ydlidar_ws_11_29/install/dwb_msgs/include/dwb_msgs/srv/detail/generate_trajectory__rosidl_typesupport_fastrtps_c.h
[1.298s] -- Up-to-date: /home/jucy/ydlidar_ws_11_29/install/dwb_msgs/include/dwb_msgs/srv/detail/debug_local_plan__rosidl_typesupport_fastrtps_c.h
[1.298s] -- Up-to-date: /home/jucy/ydlidar_ws_11_29/install/dwb_msgs/include/dwb_msgs/srv/detail/get_critic_score__rosidl_typesupport_fastrtps_c.h
[1.298s] -- Up-to-date: /home/jucy/ydlidar_ws_11_29/install/dwb_msgs/include/dwb_msgs/srv/detail/score_trajectory__rosidl_typesupport_fastrtps_c.h
[1.376s] -- Up-to-date: /home/jucy/ydlidar_ws_11_29/install/dwb_msgs/lib/libdwb_msgs__rosidl_typesupport_fastrtps_c.so
[1.377s] -- Up-to-date: /home/jucy/ydlidar_ws_11_29/install/dwb_msgs/include/dwb_msgs
[1.378s] -- Up-to-date: /home/jucy/ydlidar_ws_11_29/install/dwb_msgs/include/dwb_msgs/msg
[1.379s] -- Up-to-date: /home/jucy/ydlidar_ws_11_29/install/dwb_msgs/include/dwb_msgs/msg/rosidl_typesupport_fastrtps_cpp__visibility_control.h
[1.379s] -- Up-to-date: /home/jucy/ydlidar_ws_11_29/install/dwb_msgs/include/dwb_msgs/msg/detail
[1.379s] -- Up-to-date: /home/jucy/ydlidar_ws_11_29/install/dwb_msgs/include/dwb_msgs/msg/detail/trajectory2_d__rosidl_typesupport_fastrtps_cpp.hpp
[1.380s] -- Up-to-date: /home/jucy/ydlidar_ws_11_29/install/dwb_msgs/include/dwb_msgs/msg/detail/trajectory_score__rosidl_typesupport_fastrtps_cpp.hpp
[1.380s] -- Up-to-date: /home/jucy/ydlidar_ws_11_29/install/dwb_msgs/include/dwb_msgs/msg/detail/critic_score__rosidl_typesupport_fastrtps_cpp.hpp
[1.380s] -- Up-to-date: /home/jucy/ydlidar_ws_11_29/install/dwb_msgs/include/dwb_msgs/msg/detail/local_plan_evaluation__rosidl_typesupport_fastrtps_cpp.hpp
[1.381s] -- Up-to-date: /home/jucy/ydlidar_ws_11_29/install/dwb_msgs/include/dwb_msgs/msg/detail/dds_fastrtps
[1.382s] -- Up-to-date: /home/jucy/ydlidar_ws_11_29/install/dwb_msgs/include/dwb_msgs/srv
[1.382s] -- Up-to-date: /home/jucy/ydlidar_ws_11_29/install/dwb_msgs/include/dwb_msgs/srv/detail
[1.383s] -- Up-to-date: /home/jucy/ydlidar_ws_11_29/install/dwb_msgs/include/dwb_msgs/srv/detail/score_trajectory__rosidl_typesupport_fastrtps_cpp.hpp
[1.383s] -- Up-to-date: /home/jucy/ydlidar_ws_11_29/install/dwb_msgs/include/dwb_msgs/srv/detail/debug_local_plan__rosidl_typesupport_fastrtps_cpp.hpp
[1.384s] -- Up-to-date: /home/jucy/ydlidar_ws_11_29/install/dwb_msgs/include/dwb_msgs/srv/detail/generate_trajectory__rosidl_typesupport_fastrtps_cpp.hpp
[1.384s] -- Up-to-date: /home/jucy/ydlidar_ws_11_29/install/dwb_msgs/include/dwb_msgs/srv/detail/get_critic_score__rosidl_typesupport_fastrtps_cpp.hpp
[1.384s] -- Up-to-date: /home/jucy/ydlidar_ws_11_29/install/dwb_msgs/include/dwb_msgs/srv/detail/generate_twists__rosidl_typesupport_fastrtps_cpp.hpp
[1.385s] -- Up-to-date: /home/jucy/ydlidar_ws_11_29/install/dwb_msgs/include/dwb_msgs/srv/detail/dds_fastrtps
[1.385s] -- Up-to-date: /home/jucy/ydlidar_ws_11_29/install/dwb_msgs/lib/libdwb_msgs__rosidl_typesupport_fastrtps_cpp.so
[1.385s] -- Up-to-date: /home/jucy/ydlidar_ws_11_29/install/dwb_msgs/include/dwb_msgs
[1.386s] -- Up-to-date: /home/jucy/ydlidar_ws_11_29/install/dwb_msgs/include/dwb_msgs/msg
[1.386s] -- Up-to-date: /home/jucy/ydlidar_ws_11_29/install/dwb_msgs/include/dwb_msgs/msg/rosidl_typesupport_introspection_c__visibility_control.h
[1.386s] -- Up-to-date: /home/jucy/ydlidar_ws_11_29/install/dwb_msgs/include/dwb_msgs/msg/detail
[1.387s] -- Up-to-date: /home/jucy/ydlidar_ws_11_29/install/dwb_msgs/include/dwb_msgs/msg/detail/trajectory2_d__rosidl_typesupport_introspection_c.h
[1.387s] -- Up-to-date: /home/jucy/ydlidar_ws_11_29/install/dwb_msgs/include/dwb_msgs/msg/detail/local_plan_evaluation__rosidl_typesupport_introspection_c.h
[1.388s] -- Up-to-date: /home/jucy/ydlidar_ws_11_29/install/dwb_msgs/include/dwb_msgs/msg/detail/critic_score__rosidl_typesupport_introspection_c.h
[1.388s] -- Up-to-date: /home/jucy/ydlidar_ws_11_29/install/dwb_msgs/include/dwb_msgs/msg/detail/trajectory2_d__type_support.c
[1.388s] -- Up-to-date: /home/jucy/ydlidar_ws_11_29/install/dwb_msgs/include/dwb_msgs/msg/detail/trajectory_score__rosidl_typesupport_introspection_c.h
[1.389s] -- Up-to-date: /home/jucy/ydlidar_ws_11_29/install/dwb_msgs/include/dwb_msgs/msg/detail/critic_score__type_support.c
[1.389s] -- Up-to-date: /home/jucy/ydlidar_ws_11_29/install/dwb_msgs/include/dwb_msgs/msg/detail/trajectory_score__type_support.c
[1.389s] -- Up-to-date: /home/jucy/ydlidar_ws_11_29/install/dwb_msgs/include/dwb_msgs/msg/detail/local_plan_evaluation__type_support.c
[1.390s] -- Up-to-date: /home/jucy/ydlidar_ws_11_29/install/dwb_msgs/include/dwb_msgs/srv
[1.390s] -- Up-to-date: /home/jucy/ydlidar_ws_11_29/install/dwb_msgs/include/dwb_msgs/srv/detail
[1.390s] -- Up-to-date: /home/jucy/ydlidar_ws_11_29/install/dwb_msgs/include/dwb_msgs/srv/detail/debug_local_plan__type_support.c
[1.391s] -- Up-to-date: /home/jucy/ydlidar_ws_11_29/install/dwb_msgs/include/dwb_msgs/srv/detail/generate_twists__type_support.c
[1.391s] -- Up-to-date: /home/jucy/ydlidar_ws_11_29/install/dwb_msgs/include/dwb_msgs/srv/detail/score_trajectory__type_support.c
[1.391s] -- Up-to-date: /home/jucy/ydlidar_ws_11_29/install/dwb_msgs/include/dwb_msgs/srv/detail/generate_trajectory__type_support.c
[1.391s] -- Up-to-date: /home/jucy/ydlidar_ws_11_29/install/dwb_msgs/include/dwb_msgs/srv/detail/score_trajectory__rosidl_typesupport_introspection_c.h
[1.391s] -- Up-to-date: /home/jucy/ydlidar_ws_11_29/install/dwb_msgs/include/dwb_msgs/srv/detail/get_critic_score__type_support.c
[1.392s] -- Up-to-date: /home/jucy/ydlidar_ws_11_29/install/dwb_msgs/include/dwb_msgs/srv/detail/get_critic_score__rosidl_typesupport_introspection_c.h
[1.392s] -- Up-to-date: /home/jucy/ydlidar_ws_11_29/install/dwb_msgs/include/dwb_msgs/srv/detail/generate_trajectory__rosidl_typesupport_introspection_c.h
[1.392s] -- Up-to-date: /home/jucy/ydlidar_ws_11_29/install/dwb_msgs/include/dwb_msgs/srv/detail/generate_twists__rosidl_typesupport_introspection_c.h
[1.392s] -- Up-to-date: /home/jucy/ydlidar_ws_11_29/install/dwb_msgs/include/dwb_msgs/srv/detail/debug_local_plan__rosidl_typesupport_introspection_c.h
[1.448s] -- Up-to-date: /home/jucy/ydlidar_ws_11_29/install/dwb_msgs/lib/libdwb_msgs__rosidl_typesupport_introspection_c.so
[1.451s] -- Up-to-date: /home/jucy/ydlidar_ws_11_29/install/dwb_msgs/lib/libdwb_msgs__rosidl_typesupport_c.so
[1.452s] -- Up-to-date: /home/jucy/ydlidar_ws_11_29/install/dwb_msgs/include/dwb_msgs
[1.453s] -- Up-to-date: /home/jucy/ydlidar_ws_11_29/install/dwb_msgs/include/dwb_msgs/msg
[1.454s] -- Up-to-date: /home/jucy/ydlidar_ws_11_29/install/dwb_msgs/include/dwb_msgs/msg/trajectory_score.hpp
[1.455s] -- Up-to-date: /home/jucy/ydlidar_ws_11_29/install/dwb_msgs/include/dwb_msgs/msg/rosidl_generator_cpp__visibility_control.hpp
[1.456s] -- Up-to-date: /home/jucy/ydlidar_ws_11_29/install/dwb_msgs/include/dwb_msgs/msg/local_plan_evaluation.hpp
[1.457s] -- Up-to-date: /home/jucy/ydlidar_ws_11_29/install/dwb_msgs/include/dwb_msgs/msg/critic_score.hpp
[1.457s] -- Up-to-date: /home/jucy/ydlidar_ws_11_29/install/dwb_msgs/include/dwb_msgs/msg/detail
[1.458s] -- Up-to-date: /home/jucy/ydlidar_ws_11_29/install/dwb_msgs/include/dwb_msgs/msg/detail/trajectory2_d__builder.hpp
[1.459s] -- Up-to-date: /home/jucy/ydlidar_ws_11_29/install/dwb_msgs/include/dwb_msgs/msg/detail/trajectory2_d__struct.hpp
[1.460s] -- Up-to-date: /home/jucy/ydlidar_ws_11_29/install/dwb_msgs/include/dwb_msgs/msg/detail/local_plan_evaluation__type_support.hpp
[1.460s] -- Up-to-date: /home/jucy/ydlidar_ws_11_29/install/dwb_msgs/include/dwb_msgs/msg/detail/critic_score__traits.hpp
[1.461s] -- Up-to-date: /home/jucy/ydlidar_ws_11_29/install/dwb_msgs/include/dwb_msgs/msg/detail/local_plan_evaluation__struct.hpp
[1.461s] -- Up-to-date: /home/jucy/ydlidar_ws_11_29/install/dwb_msgs/include/dwb_msgs/msg/detail/critic_score__struct.hpp
[1.461s] -- Up-to-date: /home/jucy/ydlidar_ws_11_29/install/dwb_msgs/include/dwb_msgs/msg/detail/trajectory2_d__traits.hpp
[1.462s] -- Up-to-date: /home/jucy/ydlidar_ws_11_29/install/dwb_msgs/include/dwb_msgs/msg/detail/trajectory2_d__type_support.hpp
[1.462s] -- Up-to-date: /home/jucy/ydlidar_ws_11_29/install/dwb_msgs/include/dwb_msgs/msg/detail/critic_score__builder.hpp
[1.463s] -- Up-to-date: /home/jucy/ydlidar_ws_11_29/install/dwb_msgs/include/dwb_msgs/msg/detail/trajectory_score__builder.hpp
[1.463s] -- Up-to-date: /home/jucy/ydlidar_ws_11_29/install/dwb_msgs/include/dwb_msgs/msg/detail/local_plan_evaluation__traits.hpp
[1.463s] -- Up-to-date: /home/jucy/ydlidar_ws_11_29/install/dwb_msgs/include/dwb_msgs/msg/detail/critic_score__type_support.hpp
[1.464s] -- Up-to-date: /home/jucy/ydlidar_ws_11_29/install/dwb_msgs/include/dwb_msgs/msg/detail/local_plan_evaluation__builder.hpp
[1.464s] -- Up-to-date: /home/jucy/ydlidar_ws_11_29/install/dwb_msgs/include/dwb_msgs/msg/detail/trajectory_score__traits.hpp
[1.465s] -- Up-to-date: /home/jucy/ydlidar_ws_11_29/install/dwb_msgs/include/dwb_msgs/msg/detail/trajectory_score__type_support.hpp
[1.465s] -- Up-to-date: /home/jucy/ydlidar_ws_11_29/install/dwb_msgs/include/dwb_msgs/msg/detail/trajectory_score__struct.hpp
[1.465s] -- Up-to-date: /home/jucy/ydlidar_ws_11_29/install/dwb_msgs/include/dwb_msgs/msg/trajectory2_d.hpp
[1.466s] -- Up-to-date: /home/jucy/ydlidar_ws_11_29/install/dwb_msgs/include/dwb_msgs/srv
[1.466s] -- Up-to-date: /home/jucy/ydlidar_ws_11_29/install/dwb_msgs/include/dwb_msgs/srv/debug_local_plan.hpp
[1.467s] -- Up-to-date: /home/jucy/ydlidar_ws_11_29/install/dwb_msgs/include/dwb_msgs/srv/get_critic_score.hpp
[1.467s] -- Up-to-date: /home/jucy/ydlidar_ws_11_29/install/dwb_msgs/include/dwb_msgs/srv/generate_twists.hpp
[1.467s] -- Up-to-date: /home/jucy/ydlidar_ws_11_29/install/dwb_msgs/include/dwb_msgs/srv/detail
[1.468s] -- Up-to-date: /home/jucy/ydlidar_ws_11_29/install/dwb_msgs/include/dwb_msgs/srv/detail/debug_local_plan__builder.hpp
[1.468s] -- Up-to-date: /home/jucy/ydlidar_ws_11_29/install/dwb_msgs/include/dwb_msgs/srv/detail/generate_twists__struct.hpp
[1.469s] -- Up-to-date: /home/jucy/ydlidar_ws_11_29/install/dwb_msgs/include/dwb_msgs/srv/detail/debug_local_plan__traits.hpp
[1.469s] -- Up-to-date: /home/jucy/ydlidar_ws_11_29/install/dwb_msgs/include/dwb_msgs/srv/detail/get_critic_score__builder.hpp
[1.469s] -- Up-to-date: /home/jucy/ydlidar_ws_11_29/install/dwb_msgs/include/dwb_msgs/srv/detail/debug_local_plan__type_support.hpp
[1.470s] -- Up-to-date: /home/jucy/ydlidar_ws_11_29/install/dwb_msgs/include/dwb_msgs/srv/detail/generate_twists__type_support.hpp
[1.470s] -- Up-to-date: /home/jucy/ydlidar_ws_11_29/install/dwb_msgs/include/dwb_msgs/srv/detail/generate_twists__traits.hpp
[1.471s] -- Up-to-date: /home/jucy/ydlidar_ws_11_29/install/dwb_msgs/include/dwb_msgs/srv/detail/get_critic_score__struct.hpp
[1.471s] -- Up-to-date: /home/jucy/ydlidar_ws_11_29/install/dwb_msgs/include/dwb_msgs/srv/detail/score_trajectory__traits.hpp
[1.471s] -- Up-to-date: /home/jucy/ydlidar_ws_11_29/install/dwb_msgs/include/dwb_msgs/srv/detail/score_trajectory__type_support.hpp
[1.472s] -- Up-to-date: /home/jucy/ydlidar_ws_11_29/install/dwb_msgs/include/dwb_msgs/srv/detail/score_trajectory__struct.hpp
[1.472s] -- Up-to-date: /home/jucy/ydlidar_ws_11_29/install/dwb_msgs/include/dwb_msgs/srv/detail/generate_trajectory__struct.hpp
[1.473s] -- Up-to-date: /home/jucy/ydlidar_ws_11_29/install/dwb_msgs/include/dwb_msgs/srv/detail/get_critic_score__type_support.hpp
[1.473s] -- Up-to-date: /home/jucy/ydlidar_ws_11_29/install/dwb_msgs/include/dwb_msgs/srv/detail/generate_trajectory__builder.hpp
[1.473s] -- Up-to-date: /home/jucy/ydlidar_ws_11_29/install/dwb_msgs/include/dwb_msgs/srv/detail/debug_local_plan__struct.hpp
[1.474s] -- Up-to-date: /home/jucy/ydlidar_ws_11_29/install/dwb_msgs/include/dwb_msgs/srv/detail/generate_trajectory__traits.hpp
[1.474s] -- Up-to-date: /home/jucy/ydlidar_ws_11_29/install/dwb_msgs/include/dwb_msgs/srv/detail/generate_twists__builder.hpp
[1.474s] -- Up-to-date: /home/jucy/ydlidar_ws_11_29/install/dwb_msgs/include/dwb_msgs/srv/detail/get_critic_score__traits.hpp
[1.475s] -- Up-to-date: /home/jucy/ydlidar_ws_11_29/install/dwb_msgs/include/dwb_msgs/srv/detail/score_trajectory__builder.hpp
[1.475s] -- Up-to-date: /home/jucy/ydlidar_ws_11_29/install/dwb_msgs/include/dwb_msgs/srv/detail/generate_trajectory__type_support.hpp
[1.476s] -- Up-to-date: /home/jucy/ydlidar_ws_11_29/install/dwb_msgs/include/dwb_msgs/srv/score_trajectory.hpp
[1.476s] -- Up-to-date: /home/jucy/ydlidar_ws_11_29/install/dwb_msgs/include/dwb_msgs/srv/generate_trajectory.hpp
[1.476s] -- Up-to-date: /home/jucy/ydlidar_ws_11_29/install/dwb_msgs/include/dwb_msgs
[1.477s] -- Up-to-date: /home/jucy/ydlidar_ws_11_29/install/dwb_msgs/include/dwb_msgs/msg
[1.477s] -- Up-to-date: /home/jucy/ydlidar_ws_11_29/install/dwb_msgs/include/dwb_msgs/msg/detail
[1.478s] -- Up-to-date: /home/jucy/ydlidar_ws_11_29/install/dwb_msgs/include/dwb_msgs/msg/detail/trajectory2_d__type_support.cpp
[1.478s] -- Up-to-date: /home/jucy/ydlidar_ws_11_29/install/dwb_msgs/include/dwb_msgs/msg/detail/critic_score__rosidl_typesupport_introspection_cpp.hpp
[1.478s] -- Up-to-date: /home/jucy/ydlidar_ws_11_29/install/dwb_msgs/include/dwb_msgs/msg/detail/trajectory_score__rosidl_typesupport_introspection_cpp.hpp
[1.479s] -- Up-to-date: /home/jucy/ydlidar_ws_11_29/install/dwb_msgs/include/dwb_msgs/msg/detail/local_plan_evaluation__type_support.cpp
[1.479s] -- Up-to-date: /home/jucy/ydlidar_ws_11_29/install/dwb_msgs/include/dwb_msgs/msg/detail/trajectory_score__type_support.cpp
[1.480s] -- Up-to-date: /home/jucy/ydlidar_ws_11_29/install/dwb_msgs/include/dwb_msgs/msg/detail/critic_score__type_support.cpp
[1.480s] -- Up-to-date: /home/jucy/ydlidar_ws_11_29/install/dwb_msgs/include/dwb_msgs/msg/detail/trajectory2_d__rosidl_typesupport_introspection_cpp.hpp
[1.480s] -- Up-to-date: /home/jucy/ydlidar_ws_11_29/install/dwb_msgs/include/dwb_msgs/msg/detail/local_plan_evaluation__rosidl_typesupport_introspection_cpp.hpp
[1.481s] -- Up-to-date: /home/jucy/ydlidar_ws_11_29/install/dwb_msgs/include/dwb_msgs/srv
[1.481s] -- Up-to-date: /home/jucy/ydlidar_ws_11_29/install/dwb_msgs/include/dwb_msgs/srv/detail
[1.482s] -- Up-to-date: /home/jucy/ydlidar_ws_11_29/install/dwb_msgs/include/dwb_msgs/srv/detail/generate_twists__rosidl_typesupport_introspection_cpp.hpp
[1.482s] -- Up-to-date: /home/jucy/ydlidar_ws_11_29/install/dwb_msgs/include/dwb_msgs/srv/detail/generate_trajectory__type_support.cpp
[1.482s] -- Up-to-date: /home/jucy/ydlidar_ws_11_29/install/dwb_msgs/include/dwb_msgs/srv/detail/score_trajectory__type_support.cpp
[1.483s] -- Up-to-date: /home/jucy/ydlidar_ws_11_29/install/dwb_msgs/include/dwb_msgs/srv/detail/get_critic_score__rosidl_typesupport_introspection_cpp.hpp
[1.483s] -- Up-to-date: /home/jucy/ydlidar_ws_11_29/install/dwb_msgs/include/dwb_msgs/srv/detail/generate_twists__type_support.cpp
[1.484s] -- Up-to-date: /home/jucy/ydlidar_ws_11_29/install/dwb_msgs/include/dwb_msgs/srv/detail/score_trajectory__rosidl_typesupport_introspection_cpp.hpp
[1.484s] -- Up-to-date: /home/jucy/ydlidar_ws_11_29/install/dwb_msgs/include/dwb_msgs/srv/detail/get_critic_score__type_support.cpp
[1.484s] -- Up-to-date: /home/jucy/ydlidar_ws_11_29/install/dwb_msgs/include/dwb_msgs/srv/detail/generate_trajectory__rosidl_typesupport_introspection_cpp.hpp
[1.485s] -- Up-to-date: /home/jucy/ydlidar_ws_11_29/install/dwb_msgs/include/dwb_msgs/srv/detail/debug_local_plan__rosidl_typesupport_introspection_cpp.hpp
[1.485s] -- Up-to-date: /home/jucy/ydlidar_ws_11_29/install/dwb_msgs/include/dwb_msgs/srv/detail/debug_local_plan__type_support.cpp
[1.513s] -- Up-to-date: /home/jucy/ydlidar_ws_11_29/install/dwb_msgs/lib/libdwb_msgs__rosidl_typesupport_introspection_cpp.so
[1.514s] -- Up-to-date: /home/jucy/ydlidar_ws_11_29/install/dwb_msgs/lib/libdwb_msgs__rosidl_typesupport_cpp.so
[1.514s] -- Up-to-date: /home/jucy/ydlidar_ws_11_29/install/dwb_msgs/share/dwb_msgs/environment/pythonpath.sh
[1.514s] -- Up-to-date: /home/jucy/ydlidar_ws_11_29/install/dwb_msgs/share/dwb_msgs/environment/pythonpath.dsv
[1.514s] -- Up-to-date: /home/jucy/ydlidar_ws_11_29/install/dwb_msgs/lib/python3.8/site-packages/dwb_msgs/__init__.py
[1.565s] -- Up-to-date: /home/jucy/ydlidar_ws_11_29/install/dwb_msgs/lib/python3.8/site-packages/dwb_msgs/msg
[1.565s] -- Up-to-date: /home/jucy/ydlidar_ws_11_29/install/dwb_msgs/lib/python3.8/site-packages/dwb_msgs/msg/_local_plan_evaluation.py
[1.565s] -- Up-to-date: /home/jucy/ydlidar_ws_11_29/install/dwb_msgs/lib/python3.8/site-packages/dwb_msgs/msg/_local_plan_evaluation_s.c
[1.565s] -- Up-to-date: /home/jucy/ydlidar_ws_11_29/install/dwb_msgs/lib/python3.8/site-packages/dwb_msgs/msg/_critic_score_s.c
[1.565s] -- Up-to-date: /home/jucy/ydlidar_ws_11_29/install/dwb_msgs/lib/python3.8/site-packages/dwb_msgs/msg/_critic_score.py
[1.565s] -- Up-to-date: /home/jucy/ydlidar_ws_11_29/install/dwb_msgs/lib/python3.8/site-packages/dwb_msgs/msg/_trajectory_score_s.c
[1.565s] -- Up-to-date: /home/jucy/ydlidar_ws_11_29/install/dwb_msgs/lib/python3.8/site-packages/dwb_msgs/msg/_trajectory_score.py
[1.565s] -- Up-to-date: /home/jucy/ydlidar_ws_11_29/install/dwb_msgs/lib/python3.8/site-packages/dwb_msgs/msg/__init__.py
[1.565s] -- Up-to-date: /home/jucy/ydlidar_ws_11_29/install/dwb_msgs/lib/python3.8/site-packages/dwb_msgs/msg/_trajectory2_d.py
[1.565s] -- Up-to-date: /home/jucy/ydlidar_ws_11_29/install/dwb_msgs/lib/python3.8/site-packages/dwb_msgs/msg/_trajectory2_d_s.c
[1.565s] -- Up-to-date: /home/jucy/ydlidar_ws_11_29/install/dwb_msgs/lib/python3.8/site-packages/dwb_msgs/srv
[1.566s] -- Up-to-date: /home/jucy/ydlidar_ws_11_29/install/dwb_msgs/lib/python3.8/site-packages/dwb_msgs/srv/_debug_local_plan_s.c
[1.566s] -- Up-to-date: /home/jucy/ydlidar_ws_11_29/install/dwb_msgs/lib/python3.8/site-packages/dwb_msgs/srv/_generate_twists_s.c
[1.566s] -- Up-to-date: /home/jucy/ydlidar_ws_11_29/install/dwb_msgs/lib/python3.8/site-packages/dwb_msgs/srv/_generate_trajectory.py
[1.566s] -- Up-to-date: /home/jucy/ydlidar_ws_11_29/install/dwb_msgs/lib/python3.8/site-packages/dwb_msgs/srv/_score_trajectory.py
[1.566s] -- Up-to-date: /home/jucy/ydlidar_ws_11_29/install/dwb_msgs/lib/python3.8/site-packages/dwb_msgs/srv/_get_critic_score_s.c
[1.566s] -- Up-to-date: /home/jucy/ydlidar_ws_11_29/install/dwb_msgs/lib/python3.8/site-packages/dwb_msgs/srv/_debug_local_plan.py
[1.566s] -- Up-to-date: /home/jucy/ydlidar_ws_11_29/install/dwb_msgs/lib/python3.8/site-packages/dwb_msgs/srv/_get_critic_score.py
[1.566s] -- Up-to-date: /home/jucy/ydlidar_ws_11_29/install/dwb_msgs/lib/python3.8/site-packages/dwb_msgs/srv/__init__.py
[1.566s] -- Up-to-date: /home/jucy/ydlidar_ws_11_29/install/dwb_msgs/lib/python3.8/site-packages/dwb_msgs/srv/_generate_twists.py
[1.566s] -- Up-to-date: /home/jucy/ydlidar_ws_11_29/install/dwb_msgs/lib/python3.8/site-packages/dwb_msgs/srv/_score_trajectory_s.c
[1.566s] -- Up-to-date: /home/jucy/ydlidar_ws_11_29/install/dwb_msgs/lib/python3.8/site-packages/dwb_msgs/srv/_generate_trajectory_s.c
[1.568s] -- Up-to-date: /home/jucy/ydlidar_ws_11_29/install/dwb_msgs/lib/python3.8/site-packages/dwb_msgs/dwb_msgs_s__rosidl_typesupport_fastrtps_c.cpython-38-x86_64-linux-gnu.so
[1.569s] -- Up-to-date: /home/jucy/ydlidar_ws_11_29/install/dwb_msgs/lib/python3.8/site-packages/dwb_msgs/dwb_msgs_s__rosidl_typesupport_introspection_c.cpython-38-x86_64-linux-gnu.so
[1.570s] -- Up-to-date: /home/jucy/ydlidar_ws_11_29/install/dwb_msgs/lib/python3.8/site-packages/dwb_msgs/dwb_msgs_s__rosidl_typesupport_c.cpython-38-x86_64-linux-gnu.so
[1.573s] -- Up-to-date: /home/jucy/ydlidar_ws_11_29/install/dwb_msgs/lib/libdwb_msgs__python.so
[1.575s] -- Up-to-date: /home/jucy/ydlidar_ws_11_29/install/dwb_msgs/share/dwb_msgs/msg/CriticScore.idl
[1.575s] -- Up-to-date: /home/jucy/ydlidar_ws_11_29/install/dwb_msgs/share/dwb_msgs/msg/LocalPlanEvaluation.idl
[1.576s] -- Up-to-date: /home/jucy/ydlidar_ws_11_29/install/dwb_msgs/share/dwb_msgs/msg/Trajectory2D.idl
[1.576s] -- Up-to-date: /home/jucy/ydlidar_ws_11_29/install/dwb_msgs/share/dwb_msgs/msg/TrajectoryScore.idl
[1.576s] -- Up-to-date: /home/jucy/ydlidar_ws_11_29/install/dwb_msgs/share/dwb_msgs/srv/DebugLocalPlan.idl
[1.577s] -- Up-to-date: /home/jucy/ydlidar_ws_11_29/install/dwb_msgs/share/dwb_msgs/srv/GenerateTrajectory.idl
[1.577s] -- Up-to-date: /home/jucy/ydlidar_ws_11_29/install/dwb_msgs/share/dwb_msgs/srv/GenerateTwists.idl
[1.577s] -- Up-to-date: /home/jucy/ydlidar_ws_11_29/install/dwb_msgs/share/dwb_msgs/srv/GetCriticScore.idl
[1.578s] -- Up-to-date: /home/jucy/ydlidar_ws_11_29/install/dwb_msgs/share/dwb_msgs/srv/ScoreTrajectory.idl
[1.578s] -- Up-to-date: /home/jucy/ydlidar_ws_11_29/install/dwb_msgs/share/dwb_msgs/msg/CriticScore.msg
[1.578s] -- Up-to-date: /home/jucy/ydlidar_ws_11_29/install/dwb_msgs/share/dwb_msgs/msg/LocalPlanEvaluation.msg
[1.578s] -- Up-to-date: /home/jucy/ydlidar_ws_11_29/install/dwb_msgs/share/dwb_msgs/msg/Trajectory2D.msg
[1.579s] -- Up-to-date: /home/jucy/ydlidar_ws_11_29/install/dwb_msgs/share/dwb_msgs/msg/TrajectoryScore.msg
[1.579s] -- Up-to-date: /home/jucy/ydlidar_ws_11_29/install/dwb_msgs/share/dwb_msgs/srv/DebugLocalPlan.srv
[1.579s] -- Up-to-date: /home/jucy/ydlidar_ws_11_29/install/dwb_msgs/share/dwb_msgs/srv/DebugLocalPlan_Request.msg
[1.579s] -- Up-to-date: /home/jucy/ydlidar_ws_11_29/install/dwb_msgs/share/dwb_msgs/srv/DebugLocalPlan_Response.msg
[1.580s] -- Up-to-date: /home/jucy/ydlidar_ws_11_29/install/dwb_msgs/share/dwb_msgs/srv/GenerateTrajectory.srv
[1.580s] -- Up-to-date: /home/jucy/ydlidar_ws_11_29/install/dwb_msgs/share/dwb_msgs/srv/GenerateTrajectory_Request.msg
[1.580s] -- Up-to-date: /home/jucy/ydlidar_ws_11_29/install/dwb_msgs/share/dwb_msgs/srv/GenerateTrajectory_Response.msg
[1.581s] -- Up-to-date: /home/jucy/ydlidar_ws_11_29/install/dwb_msgs/share/dwb_msgs/srv/GenerateTwists.srv
[1.581s] -- Up-to-date: /home/jucy/ydlidar_ws_11_29/install/dwb_msgs/share/dwb_msgs/srv/GenerateTwists_Request.msg
[1.581s] -- Up-to-date: /home/jucy/ydlidar_ws_11_29/install/dwb_msgs/share/dwb_msgs/srv/GenerateTwists_Response.msg
[1.582s] -- Up-to-date: /home/jucy/ydlidar_ws_11_29/install/dwb_msgs/share/dwb_msgs/srv/GetCriticScore.srv
[1.582s] -- Up-to-date: /home/jucy/ydlidar_ws_11_29/install/dwb_msgs/share/dwb_msgs/srv/GetCriticScore_Request.msg
[1.582s] -- Up-to-date: /home/jucy/ydlidar_ws_11_29/install/dwb_msgs/share/dwb_msgs/srv/GetCriticScore_Response.msg
[1.582s] -- Up-to-date: /home/jucy/ydlidar_ws_11_29/install/dwb_msgs/share/dwb_msgs/srv/ScoreTrajectory.srv
[1.582s] -- Up-to-date: /home/jucy/ydlidar_ws_11_29/install/dwb_msgs/share/dwb_msgs/srv/ScoreTrajectory_Request.msg
[1.582s] -- Up-to-date: /home/jucy/ydlidar_ws_11_29/install/dwb_msgs/share/dwb_msgs/srv/ScoreTrajectory_Response.msg
[1.583s] -- Up-to-date: /home/jucy/ydlidar_ws_11_29/install/dwb_msgs/share/ament_index/resource_index/package_run_dependencies/dwb_msgs
[1.583s] -- Up-to-date: /home/jucy/ydlidar_ws_11_29/install/dwb_msgs/share/ament_index/resource_index/parent_prefix_path/dwb_msgs
[1.583s] -- Up-to-date: /home/jucy/ydlidar_ws_11_29/install/dwb_msgs/share/dwb_msgs/environment/ament_prefix_path.sh
[1.583s] -- Up-to-date: /home/jucy/ydlidar_ws_11_29/install/dwb_msgs/share/dwb_msgs/environment/ament_prefix_path.dsv
[1.583s] -- Up-to-date: /home/jucy/ydlidar_ws_11_29/install/dwb_msgs/share/dwb_msgs/environment/path.sh
[1.584s] -- Up-to-date: /home/jucy/ydlidar_ws_11_29/install/dwb_msgs/share/dwb_msgs/environment/path.dsv
[1.584s] -- Up-to-date: /home/jucy/ydlidar_ws_11_29/install/dwb_msgs/share/dwb_msgs/local_setup.bash
[1.584s] -- Up-to-date: /home/jucy/ydlidar_ws_11_29/install/dwb_msgs/share/dwb_msgs/local_setup.sh
[1.584s] -- Up-to-date: /home/jucy/ydlidar_ws_11_29/install/dwb_msgs/share/dwb_msgs/local_setup.zsh
[1.584s] -- Up-to-date: /home/jucy/ydlidar_ws_11_29/install/dwb_msgs/share/dwb_msgs/local_setup.dsv
[1.585s] -- Installing: /home/jucy/ydlidar_ws_11_29/install/dwb_msgs/share/dwb_msgs/package.dsv
[1.585s] -- Up-to-date: /home/jucy/ydlidar_ws_11_29/install/dwb_msgs/share/ament_index/resource_index/packages/dwb_msgs
[1.617s] -- Up-to-date: /home/jucy/ydlidar_ws_11_29/install/dwb_msgs/share/dwb_msgs/cmake/dwb_msgs__rosidl_generator_cExport.cmake
[1.617s] -- Up-to-date: /home/jucy/ydlidar_ws_11_29/install/dwb_msgs/share/dwb_msgs/cmake/dwb_msgs__rosidl_generator_cExport-noconfig.cmake
[1.619s] -- Up-to-date: /home/jucy/ydlidar_ws_11_29/install/dwb_msgs/share/dwb_msgs/cmake/dwb_msgs__rosidl_typesupport_introspection_cExport.cmake
[1.619s] -- Up-to-date: /home/jucy/ydlidar_ws_11_29/install/dwb_msgs/share/dwb_msgs/cmake/dwb_msgs__rosidl_typesupport_introspection_cExport-noconfig.cmake
[1.620s] -- Up-to-date: /home/jucy/ydlidar_ws_11_29/install/dwb_msgs/share/dwb_msgs/cmake/dwb_msgs__rosidl_typesupport_cExport.cmake
[1.620s] -- Up-to-date: /home/jucy/ydlidar_ws_11_29/install/dwb_msgs/share/dwb_msgs/cmake/dwb_msgs__rosidl_typesupport_cExport-noconfig.cmake
[1.621s] -- Up-to-date: /home/jucy/ydlidar_ws_11_29/install/dwb_msgs/share/dwb_msgs/cmake/dwb_msgs__rosidl_generator_cppExport.cmake
[1.622s] -- Up-to-date: /home/jucy/ydlidar_ws_11_29/install/dwb_msgs/share/dwb_msgs/cmake/dwb_msgs__rosidl_typesupport_introspection_cppExport.cmake
[1.622s] -- Up-to-date: /home/jucy/ydlidar_ws_11_29/install/dwb_msgs/share/dwb_msgs/cmake/dwb_msgs__rosidl_typesupport_introspection_cppExport-noconfig.cmake
[1.622s] -- Up-to-date: /home/jucy/ydlidar_ws_11_29/install/dwb_msgs/share/dwb_msgs/cmake/dwb_msgs__rosidl_typesupport_cppExport.cmake
[1.622s] -- Up-to-date: /home/jucy/ydlidar_ws_11_29/install/dwb_msgs/share/dwb_msgs/cmake/dwb_msgs__rosidl_typesupport_cppExport-noconfig.cmake
[1.622s] -- Up-to-date: /home/jucy/ydlidar_ws_11_29/install/dwb_msgs/share/dwb_msgs/cmake/rosidl_cmake-extras.cmake
[1.623s] -- Up-to-date: /home/jucy/ydlidar_ws_11_29/install/dwb_msgs/share/dwb_msgs/cmake/ament_cmake_export_dependencies-extras.cmake
[1.623s] -- Up-to-date: /home/jucy/ydlidar_ws_11_29/install/dwb_msgs/share/dwb_msgs/cmake/ament_cmake_export_libraries-extras.cmake
[1.623s] -- Up-to-date: /home/jucy/ydlidar_ws_11_29/install/dwb_msgs/share/dwb_msgs/cmake/ament_cmake_export_targets-extras.cmake
[1.623s] -- Up-to-date: /home/jucy/ydlidar_ws_11_29/install/dwb_msgs/share/dwb_msgs/cmake/ament_cmake_export_include_directories-extras.cmake
[1.623s] -- Up-to-date: /home/jucy/ydlidar_ws_11_29/install/dwb_msgs/share/dwb_msgs/cmake/rosidl_cmake_export_typesupport_libraries-extras.cmake
[1.623s] -- Up-to-date: /home/jucy/ydlidar_ws_11_29/install/dwb_msgs/share/dwb_msgs/cmake/rosidl_cmake_export_typesupport_targets-extras.cmake
[1.623s] -- Up-to-date: /home/jucy/ydlidar_ws_11_29/install/dwb_msgs/share/dwb_msgs/cmake/dwb_msgsConfig.cmake
[1.623s] -- Up-to-date: /home/jucy/ydlidar_ws_11_29/install/dwb_msgs/share/dwb_msgs/cmake/dwb_msgsConfig-version.cmake
[1.623s] -- Up-to-date: /home/jucy/ydlidar_ws_11_29/install/dwb_msgs/share/dwb_msgs/package.xml
[1.627s] Invoked command in '/home/jucy/ydlidar_ws_11_29/build/dwb_msgs' returned '0': CMAKE_PREFIX_PATH=/home/jucy/ydlidar_ws_11_29/install/nav_2d_msgs:/home/jucy/ydlidar_ws_11_29/install/ydlidar_ros2_driver:/home/jucy/ydlidar_ws_11_29/install/nav2_system_tests:/home/jucy/ydlidar_ws_11_29/install/myagv_navigation2:/home/jucy/ydlidar_ws_11_29/install/nav2_bringup:/home/jucy/ydlidar_ws_11_29/install/navigation2:/home/jucy/ydlidar_ws_11_29/install/smac_planner:/home/jucy/ydlidar_ws_11_29/install/nav2_dwb_controller:/home/jucy/ydlidar_ws_11_29/install/nav2_controller:/home/jucy/ydlidar_ws_11_29/install/dwb_plugins:/home/jucy/ydlidar_ws_11_29/install/dwb_critics:/home/jucy/ydlidar_ws_11_29/install/dwb_core:/home/jucy/ydlidar_ws_11_29/install/nav_2d_utils:/home/jucy/ydlidar_ws_11_29/install/dwb_msgs:/home/jucy/ydlidar_ws_11_29/install/nav2_waypoint_follower:/home/jucy/ydlidar_ws_11_29/install/nav2_regulated_pure_pursuit_controller:/home/jucy/ydlidar_ws_11_29/install/nav2_recoveries:/home/jucy/ydlidar_ws_11_29/install/nav2_planner:/home/jucy/ydlidar_ws_11_29/install/nav2_navfn_planner:/home/jucy/ydlidar_ws_11_29/install/nav2_core:/home/jucy/ydlidar_ws_11_29/install/costmap_queue:/home/jucy/ydlidar_ws_11_29/install/nav2_costmap_2d:/home/jucy/ydlidar_ws_11_29/install/nav2_voxel_grid:/home/jucy/ydlidar_ws_11_29/install/nav2_rviz_plugins:/home/jucy/ydlidar_ws_11_29/install/nav2_map_server:/home/jucy/ydlidar_ws_11_29/install/nav2_lifecycle_manager:/home/jucy/ydlidar_ws_11_29/install/nav2_bt_navigator:/home/jucy/ydlidar_ws_11_29/install/nav2_behavior_tree:/home/jucy/ydlidar_ws_11_29/install/nav2_amcl:/home/jucy/ydlidar_ws_11_29/install/nav2_util:/home/jucy/ydlidar_ws_11_29/install/nav2_msgs:/home/jucy/ydlidar_ws_11_29/install/nav2_common:/home/jucy/ydlidar_ws_11_29/install/myagv_bringup:/home/jucy/ydlidar_ws_11_29/install/myagv_description:/home/jucy/new_ws/install/myagv_description:/home/jucy/new_ws/install/aseembly:/home/jucy/turtlebot3_ws/install/turtlebot3:/home/jucy/turtlebot3_ws/install/turtlebot3_simulations:/home/jucy/turtlebot3_ws/install/turtlebot3_bringup:/home/jucy/turtlebot3_ws/install/turtlebot3_node:/home/jucy/turtlebot3_ws/install/turtlebot3_navigation2:/home/jucy/turtlebot3_ws/install/turtlebot3_fake_node:/home/jucy/turtlebot3_ws/install/turtlebot3_msgs:/home/jucy/turtlebot3_ws/install/turtlebot3_gazebo:/home/jucy/turtlebot3_ws/install/turtlebot3_description:/home/jucy/turtlebot3_ws/install/turtlebot3_cartographer:/home/jucy/turtlebot3_ws/install/dynamixel_sdk_examples:/home/jucy/turtlebot3_ws/install/dynamixel_sdk_custom_interfaces:/home/jucy/turtlebot3_ws/install/dynamixel_sdk:/home/jucy/ros2_ws/install/ps2_controller:/home/jucy/ydlidar_ros2_ws/install/ydlidar_ros2_driver:/home/jucy/ydlidar_ros2_ws/install/ps2_controller:/home/jucy/ydlidar_ros2_ws/install/myagv_navigation2:/home/jucy/ydlidar_ros2_ws/install/myagv_bringup:/home/jucy/ydlidar_ros2_ws/install/myagv_description:/home/jucy/ydlidar_ros2_wss/install/ydlidar_ros2_driver:/opt/ros/foxy:/opt/ros/foxy:/home/jucy/ydlidar_ws_11_29/install/nav2_gazebo_spawner:/home/jucy/ydlidar_ws_11_29/install/jdamr200_node:/home/jucy/turtlebot3_ws/install/turtlebot3_teleop:/home/jucy/turtlebot3_ws/install/turtlebot3_example:/home/jucy/turtlebot3_ws/install/nav2_goal_pulisher_test:/home/jucy/turtlebot3_ws/install/nav2_goal_publisher:/home/jucy/ros2_ws/install/camera_udp_communication:/home/jucy/ros2_ws/install/agv_control_py:/home/jucy/ydlidar_ros2_ws/install/jdamr200_teleop:/home/jucy/ydlidar_ros2_ws/install/jdamr200_node LD_LIBRARY_PATH=/home/jucy/ydlidar_ws_11_29/install/nav_2d_msgs/lib:/home/jucy/ydlidar_ws_11_29/install/smac_planner/lib:/home/jucy/ydlidar_ws_11_29/install/nav2_controller/lib:/home/jucy/ydlidar_ws_11_29/install/dwb_plugins/lib:/home/jucy/ydlidar_ws_11_29/install/dwb_critics/lib:/home/jucy/ydlidar_ws_11_29/install/dwb_core/lib:/home/jucy/ydlidar_ws_11_29/install/nav_2d_utils/lib:/home/jucy/ydlidar_ws_11_29/install/dwb_msgs/lib:/home/jucy/ydlidar_ws_11_29/install/nav2_waypoint_follower/lib:/home/jucy/ydlidar_ws_11_29/install/nav2_regulated_pure_pursuit_controller/lib:/home/jucy/ydlidar_ws_11_29/install/nav2_recoveries/lib:/home/jucy/ydlidar_ws_11_29/install/nav2_planner/lib:/home/jucy/ydlidar_ws_11_29/install/nav2_navfn_planner/lib:/home/jucy/ydlidar_ws_11_29/install/costmap_queue/lib:/home/jucy/ydlidar_ws_11_29/install/nav2_costmap_2d/lib:/home/jucy/ydlidar_ws_11_29/install/nav2_voxel_grid/lib:/home/jucy/ydlidar_ws_11_29/install/nav2_rviz_plugins/lib:/home/jucy/ydlidar_ws_11_29/install/nav2_map_server/lib:/home/jucy/ydlidar_ws_11_29/install/nav2_lifecycle_manager/lib:/home/jucy/ydlidar_ws_11_29/install/nav2_bt_navigator/lib:/home/jucy/ydlidar_ws_11_29/install/nav2_behavior_tree/lib:/home/jucy/ydlidar_ws_11_29/install/nav2_amcl/lib:/home/jucy/ydlidar_ws_11_29/install/nav2_util/lib:/home/jucy/ydlidar_ws_11_29/install/nav2_msgs/lib:/home/jucy/turtlebot3_ws/install/turtlebot3_msgs/lib:/home/jucy/turtlebot3_ws/install/dynamixel_sdk_custom_interfaces/lib:/home/jucy/turtlebot3_ws/install/dynamixel_sdk/lib:/usr/lib/x86_64-linux-gnu/gazebo-11/plugins:/opt/ros/foxy/opt/yaml_cpp_vendor/lib:/opt/ros/foxy/opt/rviz_ogre_vendor/lib:/opt/ros/foxy/lib/x86_64-linux-gnu:/opt/ros/foxy/lib PYTHONPATH=/home/jucy/ydlidar_ws_11_29/install/nav_2d_msgs/lib/python3.8/site-packages:/home/jucy/ydlidar_ws_11_29/install/dwb_msgs/lib/python3.8/site-packages:/home/jucy/ydlidar_ws_11_29/install/nav2_msgs/lib/python3.8/site-packages:/home/jucy/ydlidar_ws_11_29/install/nav2_gazebo_spawner/lib/python3.8/site-packages:/home/jucy/ydlidar_ws_11_29/install/nav2_common/lib/python3.8/site-packages:/home/jucy/ydlidar_ws_11_29/install/jdamr200_node/lib/python3.8/site-packages:/home/jucy/turtlebot3_ws/install/turtlebot3_teleop/lib/python3.8/site-packages:/home/jucy/turtlebot3_ws/install/turtlebot3_example/lib/python3.8/site-packages:/home/jucy/turtlebot3_ws/install/turtlebot3_msgs/lib/python3.8/site-packages:/home/jucy/turtlebot3_ws/install/nav2_goal_pulisher_test/lib/python3.8/site-packages:/home/jucy/turtlebot3_ws/install/nav2_goal_publisher/lib/python3.8/site-packages:/home/jucy/turtlebot3_ws/install/dynamixel_sdk_custom_interfaces/lib/python3.8/site-packages:/home/jucy/ros2_ws/install/camera_udp_communication/lib/python3.8/site-packages:/home/jucy/ros2_ws/install/agv_control_py/lib/python3.8/site-packages:/home/jucy/ydlidar_ros2_ws/install/jdamr200_teleop/lib/python3.8/site-packages:/home/jucy/ydlidar_ros2_ws/install/jdamr200_node/lib/python3.8/site-packages:/usr/bin/python3.8:/opt/ros/foxy/lib/python3.8/site-packages /usr/bin/cmake --install /home/jucy/ydlidar_ws_11_29/build/dwb_msgs
