[0.072s] Invoking command in '/home/jucy/ydlidar_ws_11_29/build/nav2_waypoint_follower': AMENT_PREFIX_PATH=/home/jucy/ydlidar_ws_11_29/install/nav2_util:/home/jucy/ydlidar_ws_11_29/install/nav2_msgs:/home/jucy/ydlidar_ws_11_29/install/nav2_common:${AMENT_PREFIX_PATH} CMAKE_PREFIX_PATH=/home/jucy/ydlidar_ws_11_29/install/nav2_util:/home/jucy/ydlidar_ws_11_29/install/nav2_msgs:/home/jucy/ydlidar_ws_11_29/install/nav2_common:/opt/ros/foxy:/opt/ros/foxy LD_LIBRARY_PATH=/home/jucy/ydlidar_ws_11_29/install/nav2_util/lib:/home/jucy/ydlidar_ws_11_29/install/nav2_msgs/lib:${LD_LIBRARY_PATH} PYTHONPATH=/home/jucy/ydlidar_ws_11_29/install/nav2_msgs/lib/python3.8/site-packages:/home/jucy/ydlidar_ws_11_29/install/nav2_common/lib/python3.8/site-packages:${PYTHONPATH} /usr/bin/cmake --build /home/jucy/ydlidar_ws_11_29/build/nav2_waypoint_follower -- -j12 -l12
[0.195s] [ 50%] Built target waypoint_follower_core
[0.270s] [100%] Built target waypoint_follower
[0.355s] Invoked command in '/home/jucy/ydlidar_ws_11_29/build/nav2_waypoint_follower' returned '0': AMENT_PREFIX_PATH=/home/jucy/ydlidar_ws_11_29/install/nav2_util:/home/jucy/ydlidar_ws_11_29/install/nav2_msgs:/home/jucy/ydlidar_ws_11_29/install/nav2_common:${AMENT_PREFIX_PATH} CMAKE_PREFIX_PATH=/home/jucy/ydlidar_ws_11_29/install/nav2_util:/home/jucy/ydlidar_ws_11_29/install/nav2_msgs:/home/jucy/ydlidar_ws_11_29/install/nav2_common:/opt/ros/foxy:/opt/ros/foxy LD_LIBRARY_PATH=/home/jucy/ydlidar_ws_11_29/install/nav2_util/lib:/home/jucy/ydlidar_ws_11_29/install/nav2_msgs/lib:${LD_LIBRARY_PATH} PYTHONPATH=/home/jucy/ydlidar_ws_11_29/install/nav2_msgs/lib/python3.8/site-packages:/home/jucy/ydlidar_ws_11_29/install/nav2_common/lib/python3.8/site-packages:${PYTHONPATH} /usr/bin/cmake --build /home/jucy/ydlidar_ws_11_29/build/nav2_waypoint_follower -- -j12 -l12
[0.357s] Invoking command in '/home/jucy/ydlidar_ws_11_29/build/nav2_waypoint_follower': AMENT_PREFIX_PATH=/home/jucy/ydlidar_ws_11_29/install/nav2_util:/home/jucy/ydlidar_ws_11_29/install/nav2_msgs:/home/jucy/ydlidar_ws_11_29/install/nav2_common:${AMENT_PREFIX_PATH} CMAKE_PREFIX_PATH=/home/jucy/ydlidar_ws_11_29/install/nav2_util:/home/jucy/ydlidar_ws_11_29/install/nav2_msgs:/home/jucy/ydlidar_ws_11_29/install/nav2_common:/opt/ros/foxy:/opt/ros/foxy LD_LIBRARY_PATH=/home/jucy/ydlidar_ws_11_29/install/nav2_util/lib:/home/jucy/ydlidar_ws_11_29/install/nav2_msgs/lib:${LD_LIBRARY_PATH} PYTHONPATH=/home/jucy/ydlidar_ws_11_29/install/nav2_msgs/lib/python3.8/site-packages:/home/jucy/ydlidar_ws_11_29/install/nav2_common/lib/python3.8/site-packages:${PYTHONPATH} /usr/bin/cmake --install /home/jucy/ydlidar_ws_11_29/build/nav2_waypoint_follower
[0.380s] -- Install configuration: "Release"
[0.380s] -- Up-to-date: /home/jucy/ydlidar_ws_11_29/install/nav2_waypoint_follower/lib/libwaypoint_follower_core.so
[0.380s] -- Up-to-date: /home/jucy/ydlidar_ws_11_29/install/nav2_waypoint_follower/lib/nav2_waypoint_follower/waypoint_follower
[0.381s] -- Up-to-date: /home/jucy/ydlidar_ws_11_29/install/nav2_waypoint_follower/include/
[0.381s] -- Up-to-date: /home/jucy/ydlidar_ws_11_29/install/nav2_waypoint_follower/include//nav2_waypoint_follower
[0.381s] -- Up-to-date: /home/jucy/ydlidar_ws_11_29/install/nav2_waypoint_follower/include//nav2_waypoint_follower/waypoint_follower.hpp
[0.381s] -- Up-to-date: /home/jucy/ydlidar_ws_11_29/install/nav2_waypoint_follower/share/ament_index/resource_index/package_run_dependencies/nav2_waypoint_follower
[0.381s] -- Up-to-date: /home/jucy/ydlidar_ws_11_29/install/nav2_waypoint_follower/share/ament_index/resource_index/parent_prefix_path/nav2_waypoint_follower
[0.382s] -- Up-to-date: /home/jucy/ydlidar_ws_11_29/install/nav2_waypoint_follower/share/nav2_waypoint_follower/environment/ament_prefix_path.sh
[0.382s] -- Up-to-date: /home/jucy/ydlidar_ws_11_29/install/nav2_waypoint_follower/share/nav2_waypoint_follower/environment/ament_prefix_path.dsv
[0.382s] -- Up-to-date: /home/jucy/ydlidar_ws_11_29/install/nav2_waypoint_follower/share/nav2_waypoint_follower/environment/path.sh
[0.382s] -- Up-to-date: /home/jucy/ydlidar_ws_11_29/install/nav2_waypoint_follower/share/nav2_waypoint_follower/environment/path.dsv
[0.382s] -- Up-to-date: /home/jucy/ydlidar_ws_11_29/install/nav2_waypoint_follower/share/nav2_waypoint_follower/local_setup.bash
[0.382s] -- Up-to-date: /home/jucy/ydlidar_ws_11_29/install/nav2_waypoint_follower/share/nav2_waypoint_follower/local_setup.sh
[0.382s] -- Up-to-date: /home/jucy/ydlidar_ws_11_29/install/nav2_waypoint_follower/share/nav2_waypoint_follower/local_setup.zsh
[0.383s] -- Up-to-date: /home/jucy/ydlidar_ws_11_29/install/nav2_waypoint_follower/share/nav2_waypoint_follower/local_setup.dsv
[0.383s] -- Installing: /home/jucy/ydlidar_ws_11_29/install/nav2_waypoint_follower/share/nav2_waypoint_follower/package.dsv
[0.384s] -- Up-to-date: /home/jucy/ydlidar_ws_11_29/install/nav2_waypoint_follower/share/ament_index/resource_index/packages/nav2_waypoint_follower
[0.384s] -- Up-to-date: /home/jucy/ydlidar_ws_11_29/install/nav2_waypoint_follower/share/nav2_waypoint_follower/cmake/ament_cmake_export_include_directories-extras.cmake
[0.384s] -- Up-to-date: /home/jucy/ydlidar_ws_11_29/install/nav2_waypoint_follower/share/nav2_waypoint_follower/cmake/nav2_waypoint_followerConfig.cmake
[0.384s] -- Up-to-date: /home/jucy/ydlidar_ws_11_29/install/nav2_waypoint_follower/share/nav2_waypoint_follower/cmake/nav2_waypoint_followerConfig-version.cmake
[0.384s] -- Up-to-date: /home/jucy/ydlidar_ws_11_29/install/nav2_waypoint_follower/share/nav2_waypoint_follower/package.xml
[0.425s] Invoked command in '/home/jucy/ydlidar_ws_11_29/build/nav2_waypoint_follower' returned '0': AMENT_PREFIX_PATH=/home/jucy/ydlidar_ws_11_29/install/nav2_util:/home/jucy/ydlidar_ws_11_29/install/nav2_msgs:/home/jucy/ydlidar_ws_11_29/install/nav2_common:${AMENT_PREFIX_PATH} CMAKE_PREFIX_PATH=/home/jucy/ydlidar_ws_11_29/install/nav2_util:/home/jucy/ydlidar_ws_11_29/install/nav2_msgs:/home/jucy/ydlidar_ws_11_29/install/nav2_common:/opt/ros/foxy:/opt/ros/foxy LD_LIBRARY_PATH=/home/jucy/ydlidar_ws_11_29/install/nav2_util/lib:/home/jucy/ydlidar_ws_11_29/install/nav2_msgs/lib:${LD_LIBRARY_PATH} PYTHONPATH=/home/jucy/ydlidar_ws_11_29/install/nav2_msgs/lib/python3.8/site-packages:/home/jucy/ydlidar_ws_11_29/install/nav2_common/lib/python3.8/site-packages:${PYTHONPATH} /usr/bin/cmake --install /home/jucy/ydlidar_ws_11_29/build/nav2_waypoint_follower
