[0.094s] Invoking command in '/home/jucy/ydlidar_ws_11_29/ydlidar_ws/build/nav_2d_msgs': CMAKE_PREFIX_PATH=${CMAKE_PREFIX_PATH}:/home/jucy/ydlidar_ws_11_29/install/nav2_gazebo_spawner:/home/jucy/ydlidar_ws_11_29/install/jdamr200_node:/home/jucy/ydlidar_ws_11_29/ydlidar_ws/install/nav2_gazebo_spawner:/home/jucy/ydlidar_ws_11_29/ydlidar_ws/install/jdamr200_node:/home/jucy/turtlebot3_ws/install/turtlebot3_teleop:/home/jucy/turtlebot3_ws/install/turtlebot3_example:/home/jucy/turtlebot3_ws/install/nav2_goal_pulisher_test:/home/jucy/turtlebot3_ws/install/nav2_goal_publisher:/home/jucy/ros2_ws/install/nav2_simple_commander:/home/jucy/ros2_ws/install/nav2_gazebo_spawner:/home/jucy/ros2_ws/install/camera_udp_communication:/home/jucy/ros2_ws/install/agv_control_py:/home/jucy/ydlidar_ros2_ws/install/jdamr200_teleop:/home/jucy/ydlidar_ros2_ws/install/jdamr200_node /usr/bin/cmake --build /home/jucy/ydlidar_ws_11_29/ydlidar_ws/build/nav_2d_msgs -- -j12 -l12
[0.625s] [  1%] Built target nav_2d_msgs__cpp
[0.625s] [ 12%] Built target nav_2d_msgs__rosidl_generator_c
[0.626s] [ 40%] Built target nav_2d_msgs__rosidl_typesupport_c
[0.626s] [ 40%] Built target nav_2d_msgs__rosidl_typesupport_cpp
[0.627s] [ 46%] Built target nav_2d_msgs__rosidl_typesupport_introspection_cpp
[0.627s] [ 57%] Built target nav_2d_msgs__rosidl_typesupport_introspection_c
[0.627s] [ 69%] Built target nav_2d_msgs__rosidl_typesupport_fastrtps_cpp
[0.628s] [ 80%] Built target nav_2d_msgs__rosidl_typesupport_fastrtps_c
[0.628s] [ 80%] Built target nav_2d_msgs
[0.628s] [ 81%] Built target nav_2d_msgs__py
[0.628s] [ 91%] Built target nav_2d_msgs__python
[0.629s] [ 97%] Built target nav_2d_msgs__rosidl_typesupport_introspection_c__pyext
[0.630s] [ 97%] Built target nav_2d_msgs__rosidl_typesupport_c__pyext
[0.630s] [100%] Built target nav_2d_msgs__rosidl_typesupport_fastrtps_c__pyext
[0.649s] Invoked command in '/home/jucy/ydlidar_ws_11_29/ydlidar_ws/build/nav_2d_msgs' returned '0': CMAKE_PREFIX_PATH=${CMAKE_PREFIX_PATH}:/home/jucy/ydlidar_ws_11_29/install/nav2_gazebo_spawner:/home/jucy/ydlidar_ws_11_29/install/jdamr200_node:/home/jucy/ydlidar_ws_11_29/ydlidar_ws/install/nav2_gazebo_spawner:/home/jucy/ydlidar_ws_11_29/ydlidar_ws/install/jdamr200_node:/home/jucy/turtlebot3_ws/install/turtlebot3_teleop:/home/jucy/turtlebot3_ws/install/turtlebot3_example:/home/jucy/turtlebot3_ws/install/nav2_goal_pulisher_test:/home/jucy/turtlebot3_ws/install/nav2_goal_publisher:/home/jucy/ros2_ws/install/nav2_simple_commander:/home/jucy/ros2_ws/install/nav2_gazebo_spawner:/home/jucy/ros2_ws/install/camera_udp_communication:/home/jucy/ros2_ws/install/agv_control_py:/home/jucy/ydlidar_ros2_ws/install/jdamr200_teleop:/home/jucy/ydlidar_ros2_ws/install/jdamr200_node /usr/bin/cmake --build /home/jucy/ydlidar_ws_11_29/ydlidar_ws/build/nav_2d_msgs -- -j12 -l12
[0.652s] Invoking command in '/home/jucy/ydlidar_ws_11_29/ydlidar_ws/build/nav_2d_msgs': CMAKE_PREFIX_PATH=${CMAKE_PREFIX_PATH}:/home/jucy/ydlidar_ws_11_29/install/nav2_gazebo_spawner:/home/jucy/ydlidar_ws_11_29/install/jdamr200_node:/home/jucy/ydlidar_ws_11_29/ydlidar_ws/install/nav2_gazebo_spawner:/home/jucy/ydlidar_ws_11_29/ydlidar_ws/install/jdamr200_node:/home/jucy/turtlebot3_ws/install/turtlebot3_teleop:/home/jucy/turtlebot3_ws/install/turtlebot3_example:/home/jucy/turtlebot3_ws/install/nav2_goal_pulisher_test:/home/jucy/turtlebot3_ws/install/nav2_goal_publisher:/home/jucy/ros2_ws/install/nav2_simple_commander:/home/jucy/ros2_ws/install/nav2_gazebo_spawner:/home/jucy/ros2_ws/install/camera_udp_communication:/home/jucy/ros2_ws/install/agv_control_py:/home/jucy/ydlidar_ros2_ws/install/jdamr200_teleop:/home/jucy/ydlidar_ros2_ws/install/jdamr200_node /usr/bin/cmake --install /home/jucy/ydlidar_ws_11_29/ydlidar_ws/build/nav_2d_msgs
[0.671s] -- Install configuration: ""
[0.673s] -- Up-to-date: /home/jucy/ydlidar_ws_11_29/ydlidar_ws/install/nav_2d_msgs/share/ament_index/resource_index/rosidl_interfaces/nav_2d_msgs
[0.677s] -- Up-to-date: /home/jucy/ydlidar_ws_11_29/ydlidar_ws/install/nav_2d_msgs/include/nav_2d_msgs
[0.677s] -- Up-to-date: /home/jucy/ydlidar_ws_11_29/ydlidar_ws/install/nav_2d_msgs/include/nav_2d_msgs/msg
[0.677s] -- Up-to-date: /home/jucy/ydlidar_ws_11_29/ydlidar_ws/install/nav_2d_msgs/include/nav_2d_msgs/msg/twist2_d.h
[0.677s] -- Up-to-date: /home/jucy/ydlidar_ws_11_29/ydlidar_ws/install/nav_2d_msgs/include/nav_2d_msgs/msg/rosidl_generator_c__visibility_control.h
[0.678s] -- Up-to-date: /home/jucy/ydlidar_ws_11_29/ydlidar_ws/install/nav_2d_msgs/include/nav_2d_msgs/msg/twist2_d32.h
[0.678s] -- Up-to-date: /home/jucy/ydlidar_ws_11_29/ydlidar_ws/install/nav_2d_msgs/include/nav_2d_msgs/msg/pose2_d32.h
[0.678s] -- Up-to-date: /home/jucy/ydlidar_ws_11_29/ydlidar_ws/install/nav_2d_msgs/include/nav_2d_msgs/msg/twist2_d_stamped.h
[0.679s] -- Up-to-date: /home/jucy/ydlidar_ws_11_29/ydlidar_ws/install/nav_2d_msgs/include/nav_2d_msgs/msg/path2_d.h
[0.680s] -- Up-to-date: /home/jucy/ydlidar_ws_11_29/ydlidar_ws/install/nav_2d_msgs/include/nav_2d_msgs/msg/detail
[0.680s] -- Up-to-date: /home/jucy/ydlidar_ws_11_29/ydlidar_ws/install/nav_2d_msgs/include/nav_2d_msgs/msg/detail/twist2_d__type_support.h
[0.680s] -- Up-to-date: /home/jucy/ydlidar_ws_11_29/ydlidar_ws/install/nav_2d_msgs/include/nav_2d_msgs/msg/detail/twist2_d32__functions.h
[0.680s] -- Up-to-date: /home/jucy/ydlidar_ws_11_29/ydlidar_ws/install/nav_2d_msgs/include/nav_2d_msgs/msg/detail/pose2_d32__functions.h
[0.680s] -- Up-to-date: /home/jucy/ydlidar_ws_11_29/ydlidar_ws/install/nav_2d_msgs/include/nav_2d_msgs/msg/detail/twist2_d_stamped__type_support.h
[0.681s] -- Up-to-date: /home/jucy/ydlidar_ws_11_29/ydlidar_ws/install/nav_2d_msgs/include/nav_2d_msgs/msg/detail/pose2_d32__struct.h
[0.681s] -- Up-to-date: /home/jucy/ydlidar_ws_11_29/ydlidar_ws/install/nav_2d_msgs/include/nav_2d_msgs/msg/detail/twist2_d_stamped__functions.h
[0.681s] -- Up-to-date: /home/jucy/ydlidar_ws_11_29/ydlidar_ws/install/nav_2d_msgs/include/nav_2d_msgs/msg/detail/twist2_d32__type_support.h
[0.681s] -- Up-to-date: /home/jucy/ydlidar_ws_11_29/ydlidar_ws/install/nav_2d_msgs/include/nav_2d_msgs/msg/detail/twist2_d__struct.h
[0.682s] -- Up-to-date: /home/jucy/ydlidar_ws_11_29/ydlidar_ws/install/nav_2d_msgs/include/nav_2d_msgs/msg/detail/pose2_d_stamped__functions.c
[0.682s] -- Up-to-date: /home/jucy/ydlidar_ws_11_29/ydlidar_ws/install/nav_2d_msgs/include/nav_2d_msgs/msg/detail/pose2_d_stamped__functions.h
[0.682s] -- Up-to-date: /home/jucy/ydlidar_ws_11_29/ydlidar_ws/install/nav_2d_msgs/include/nav_2d_msgs/msg/detail/path2_d__functions.c
[0.683s] -- Up-to-date: /home/jucy/ydlidar_ws_11_29/ydlidar_ws/install/nav_2d_msgs/include/nav_2d_msgs/msg/detail/path2_d__type_support.h
[0.683s] -- Up-to-date: /home/jucy/ydlidar_ws_11_29/ydlidar_ws/install/nav_2d_msgs/include/nav_2d_msgs/msg/detail/twist2_d32__functions.c
[0.683s] -- Up-to-date: /home/jucy/ydlidar_ws_11_29/ydlidar_ws/install/nav_2d_msgs/include/nav_2d_msgs/msg/detail/twist2_d__functions.c
[0.684s] -- Up-to-date: /home/jucy/ydlidar_ws_11_29/ydlidar_ws/install/nav_2d_msgs/include/nav_2d_msgs/msg/detail/twist2_d_stamped__struct.h
[0.684s] -- Up-to-date: /home/jucy/ydlidar_ws_11_29/ydlidar_ws/install/nav_2d_msgs/include/nav_2d_msgs/msg/detail/twist2_d__functions.h
[0.684s] -- Up-to-date: /home/jucy/ydlidar_ws_11_29/ydlidar_ws/install/nav_2d_msgs/include/nav_2d_msgs/msg/detail/twist2_d32__struct.h
[0.685s] -- Up-to-date: /home/jucy/ydlidar_ws_11_29/ydlidar_ws/install/nav_2d_msgs/include/nav_2d_msgs/msg/detail/path2_d__struct.h
[0.685s] -- Up-to-date: /home/jucy/ydlidar_ws_11_29/ydlidar_ws/install/nav_2d_msgs/include/nav_2d_msgs/msg/detail/path2_d__functions.h
[0.685s] -- Up-to-date: /home/jucy/ydlidar_ws_11_29/ydlidar_ws/install/nav_2d_msgs/include/nav_2d_msgs/msg/detail/twist2_d_stamped__functions.c
[0.685s] -- Up-to-date: /home/jucy/ydlidar_ws_11_29/ydlidar_ws/install/nav_2d_msgs/include/nav_2d_msgs/msg/detail/pose2_d_stamped__struct.h
[0.686s] -- Up-to-date: /home/jucy/ydlidar_ws_11_29/ydlidar_ws/install/nav_2d_msgs/include/nav_2d_msgs/msg/detail/pose2_d32__functions.c
[0.688s] -- Up-to-date: /home/jucy/ydlidar_ws_11_29/ydlidar_ws/install/nav_2d_msgs/include/nav_2d_msgs/msg/detail/pose2_d_stamped__type_support.h
[0.688s] -- Up-to-date: /home/jucy/ydlidar_ws_11_29/ydlidar_ws/install/nav_2d_msgs/include/nav_2d_msgs/msg/detail/pose2_d32__type_support.h
[0.688s] -- Up-to-date: /home/jucy/ydlidar_ws_11_29/ydlidar_ws/install/nav_2d_msgs/include/nav_2d_msgs/msg/pose2_d_stamped.h
[0.688s] -- Up-to-date: /home/jucy/ydlidar_ws_11_29/ydlidar_ws/install/nav_2d_msgs/share/nav_2d_msgs/environment/library_path.sh
[0.688s] -- Up-to-date: /home/jucy/ydlidar_ws_11_29/ydlidar_ws/install/nav_2d_msgs/share/nav_2d_msgs/environment/library_path.dsv
[0.689s] -- Up-to-date: /home/jucy/ydlidar_ws_11_29/ydlidar_ws/install/nav_2d_msgs/lib/libnav_2d_msgs__rosidl_generator_c.so
[0.689s] -- Up-to-date: /home/jucy/ydlidar_ws_11_29/ydlidar_ws/install/nav_2d_msgs/include/nav_2d_msgs
[0.689s] -- Up-to-date: /home/jucy/ydlidar_ws_11_29/ydlidar_ws/install/nav_2d_msgs/include/nav_2d_msgs/msg
[0.689s] -- Up-to-date: /home/jucy/ydlidar_ws_11_29/ydlidar_ws/install/nav_2d_msgs/include/nav_2d_msgs/msg/rosidl_typesupport_fastrtps_c__visibility_control.h
[0.689s] -- Up-to-date: /home/jucy/ydlidar_ws_11_29/ydlidar_ws/install/nav_2d_msgs/include/nav_2d_msgs/msg/detail
[0.690s] -- Up-to-date: /home/jucy/ydlidar_ws_11_29/ydlidar_ws/install/nav_2d_msgs/include/nav_2d_msgs/msg/detail/twist2_d32__rosidl_typesupport_fastrtps_c.h
[0.690s] -- Up-to-date: /home/jucy/ydlidar_ws_11_29/ydlidar_ws/install/nav_2d_msgs/include/nav_2d_msgs/msg/detail/pose2_d_stamped__rosidl_typesupport_fastrtps_c.h
[0.690s] -- Up-to-date: /home/jucy/ydlidar_ws_11_29/ydlidar_ws/install/nav_2d_msgs/include/nav_2d_msgs/msg/detail/pose2_d32__rosidl_typesupport_fastrtps_c.h
[0.690s] -- Up-to-date: /home/jucy/ydlidar_ws_11_29/ydlidar_ws/install/nav_2d_msgs/include/nav_2d_msgs/msg/detail/path2_d__rosidl_typesupport_fastrtps_c.h
[0.690s] -- Up-to-date: /home/jucy/ydlidar_ws_11_29/ydlidar_ws/install/nav_2d_msgs/include/nav_2d_msgs/msg/detail/twist2_d__rosidl_typesupport_fastrtps_c.h
[0.690s] -- Up-to-date: /home/jucy/ydlidar_ws_11_29/ydlidar_ws/install/nav_2d_msgs/include/nav_2d_msgs/msg/detail/twist2_d_stamped__rosidl_typesupport_fastrtps_c.h
[0.691s] -- Up-to-date: /home/jucy/ydlidar_ws_11_29/ydlidar_ws/install/nav_2d_msgs/lib/libnav_2d_msgs__rosidl_typesupport_fastrtps_c.so
[0.691s] -- Up-to-date: /home/jucy/ydlidar_ws_11_29/ydlidar_ws/install/nav_2d_msgs/include/nav_2d_msgs
[0.691s] -- Up-to-date: /home/jucy/ydlidar_ws_11_29/ydlidar_ws/install/nav_2d_msgs/include/nav_2d_msgs/msg
[0.691s] -- Up-to-date: /home/jucy/ydlidar_ws_11_29/ydlidar_ws/install/nav_2d_msgs/include/nav_2d_msgs/msg/rosidl_typesupport_fastrtps_cpp__visibility_control.h
[0.691s] -- Up-to-date: /home/jucy/ydlidar_ws_11_29/ydlidar_ws/install/nav_2d_msgs/include/nav_2d_msgs/msg/detail
[0.691s] -- Up-to-date: /home/jucy/ydlidar_ws_11_29/ydlidar_ws/install/nav_2d_msgs/include/nav_2d_msgs/msg/detail/twist2_d32__rosidl_typesupport_fastrtps_cpp.hpp
[0.691s] -- Up-to-date: /home/jucy/ydlidar_ws_11_29/ydlidar_ws/install/nav_2d_msgs/include/nav_2d_msgs/msg/detail/twist2_d_stamped__rosidl_typesupport_fastrtps_cpp.hpp
[0.692s] -- Up-to-date: /home/jucy/ydlidar_ws_11_29/ydlidar_ws/install/nav_2d_msgs/include/nav_2d_msgs/msg/detail/pose2_d32__rosidl_typesupport_fastrtps_cpp.hpp
[0.693s] -- Up-to-date: /home/jucy/ydlidar_ws_11_29/ydlidar_ws/install/nav_2d_msgs/include/nav_2d_msgs/msg/detail/pose2_d_stamped__rosidl_typesupport_fastrtps_cpp.hpp
[0.693s] -- Up-to-date: /home/jucy/ydlidar_ws_11_29/ydlidar_ws/install/nav_2d_msgs/include/nav_2d_msgs/msg/detail/path2_d__rosidl_typesupport_fastrtps_cpp.hpp
[0.693s] -- Up-to-date: /home/jucy/ydlidar_ws_11_29/ydlidar_ws/install/nav_2d_msgs/include/nav_2d_msgs/msg/detail/twist2_d__rosidl_typesupport_fastrtps_cpp.hpp
[0.694s] -- Up-to-date: /home/jucy/ydlidar_ws_11_29/ydlidar_ws/install/nav_2d_msgs/include/nav_2d_msgs/msg/detail/dds_fastrtps
[0.694s] -- Up-to-date: /home/jucy/ydlidar_ws_11_29/ydlidar_ws/install/nav_2d_msgs/lib/libnav_2d_msgs__rosidl_typesupport_fastrtps_cpp.so
[0.694s] -- Up-to-date: /home/jucy/ydlidar_ws_11_29/ydlidar_ws/install/nav_2d_msgs/include/nav_2d_msgs
[0.694s] -- Up-to-date: /home/jucy/ydlidar_ws_11_29/ydlidar_ws/install/nav_2d_msgs/include/nav_2d_msgs/msg
[0.695s] -- Up-to-date: /home/jucy/ydlidar_ws_11_29/ydlidar_ws/install/nav_2d_msgs/include/nav_2d_msgs/msg/rosidl_typesupport_introspection_c__visibility_control.h
[0.695s] -- Up-to-date: /home/jucy/ydlidar_ws_11_29/ydlidar_ws/install/nav_2d_msgs/include/nav_2d_msgs/msg/detail
[0.696s] -- Up-to-date: /home/jucy/ydlidar_ws_11_29/ydlidar_ws/install/nav_2d_msgs/include/nav_2d_msgs/msg/detail/twist2_d_stamped__rosidl_typesupport_introspection_c.h
[0.696s] -- Up-to-date: /home/jucy/ydlidar_ws_11_29/ydlidar_ws/install/nav_2d_msgs/include/nav_2d_msgs/msg/detail/twist2_d__rosidl_typesupport_introspection_c.h
[0.697s] -- Up-to-date: /home/jucy/ydlidar_ws_11_29/ydlidar_ws/install/nav_2d_msgs/include/nav_2d_msgs/msg/detail/pose2_d_stamped__rosidl_typesupport_introspection_c.h
[0.698s] -- Up-to-date: /home/jucy/ydlidar_ws_11_29/ydlidar_ws/install/nav_2d_msgs/include/nav_2d_msgs/msg/detail/pose2_d_stamped__type_support.c
[0.699s] -- Up-to-date: /home/jucy/ydlidar_ws_11_29/ydlidar_ws/install/nav_2d_msgs/include/nav_2d_msgs/msg/detail/pose2_d32__rosidl_typesupport_introspection_c.h
[0.699s] -- Up-to-date: /home/jucy/ydlidar_ws_11_29/ydlidar_ws/install/nav_2d_msgs/include/nav_2d_msgs/msg/detail/path2_d__rosidl_typesupport_introspection_c.h
[0.699s] -- Up-to-date: /home/jucy/ydlidar_ws_11_29/ydlidar_ws/install/nav_2d_msgs/include/nav_2d_msgs/msg/detail/path2_d__type_support.c
[0.700s] -- Up-to-date: /home/jucy/ydlidar_ws_11_29/ydlidar_ws/install/nav_2d_msgs/include/nav_2d_msgs/msg/detail/twist2_d_stamped__type_support.c
[0.700s] -- Up-to-date: /home/jucy/ydlidar_ws_11_29/ydlidar_ws/install/nav_2d_msgs/include/nav_2d_msgs/msg/detail/twist2_d32__rosidl_typesupport_introspection_c.h
[0.700s] -- Up-to-date: /home/jucy/ydlidar_ws_11_29/ydlidar_ws/install/nav_2d_msgs/include/nav_2d_msgs/msg/detail/twist2_d__type_support.c
[0.701s] -- Up-to-date: /home/jucy/ydlidar_ws_11_29/ydlidar_ws/install/nav_2d_msgs/include/nav_2d_msgs/msg/detail/pose2_d32__type_support.c
[0.702s] -- Up-to-date: /home/jucy/ydlidar_ws_11_29/ydlidar_ws/install/nav_2d_msgs/include/nav_2d_msgs/msg/detail/twist2_d32__type_support.c
[0.703s] -- Up-to-date: /home/jucy/ydlidar_ws_11_29/ydlidar_ws/install/nav_2d_msgs/lib/libnav_2d_msgs__rosidl_typesupport_introspection_c.so
[0.703s] -- Up-to-date: /home/jucy/ydlidar_ws_11_29/ydlidar_ws/install/nav_2d_msgs/lib/libnav_2d_msgs__rosidl_typesupport_c.so
[0.704s] -- Up-to-date: /home/jucy/ydlidar_ws_11_29/ydlidar_ws/install/nav_2d_msgs/include/nav_2d_msgs
[0.704s] -- Up-to-date: /home/jucy/ydlidar_ws_11_29/ydlidar_ws/install/nav_2d_msgs/include/nav_2d_msgs/msg
[0.705s] -- Up-to-date: /home/jucy/ydlidar_ws_11_29/ydlidar_ws/install/nav_2d_msgs/include/nav_2d_msgs/msg/path2_d.hpp
[0.705s] -- Up-to-date: /home/jucy/ydlidar_ws_11_29/ydlidar_ws/install/nav_2d_msgs/include/nav_2d_msgs/msg/rosidl_generator_cpp__visibility_control.hpp
[0.705s] -- Up-to-date: /home/jucy/ydlidar_ws_11_29/ydlidar_ws/install/nav_2d_msgs/include/nav_2d_msgs/msg/twist2_d_stamped.hpp
[0.706s] -- Up-to-date: /home/jucy/ydlidar_ws_11_29/ydlidar_ws/install/nav_2d_msgs/include/nav_2d_msgs/msg/pose2_d32.hpp
[0.706s] -- Up-to-date: /home/jucy/ydlidar_ws_11_29/ydlidar_ws/install/nav_2d_msgs/include/nav_2d_msgs/msg/pose2_d_stamped.hpp
[0.707s] -- Up-to-date: /home/jucy/ydlidar_ws_11_29/ydlidar_ws/install/nav_2d_msgs/include/nav_2d_msgs/msg/detail
[0.707s] -- Up-to-date: /home/jucy/ydlidar_ws_11_29/ydlidar_ws/install/nav_2d_msgs/include/nav_2d_msgs/msg/detail/pose2_d_stamped__traits.hpp
[0.708s] -- Up-to-date: /home/jucy/ydlidar_ws_11_29/ydlidar_ws/install/nav_2d_msgs/include/nav_2d_msgs/msg/detail/twist2_d_stamped__traits.hpp
[0.708s] -- Up-to-date: /home/jucy/ydlidar_ws_11_29/ydlidar_ws/install/nav_2d_msgs/include/nav_2d_msgs/msg/detail/twist2_d32__builder.hpp
[0.708s] -- Up-to-date: /home/jucy/ydlidar_ws_11_29/ydlidar_ws/install/nav_2d_msgs/include/nav_2d_msgs/msg/detail/twist2_d__type_support.hpp
[0.708s] -- Up-to-date: /home/jucy/ydlidar_ws_11_29/ydlidar_ws/install/nav_2d_msgs/include/nav_2d_msgs/msg/detail/twist2_d_stamped__struct.hpp
[0.709s] -- Up-to-date: /home/jucy/ydlidar_ws_11_29/ydlidar_ws/install/nav_2d_msgs/include/nav_2d_msgs/msg/detail/path2_d__traits.hpp
[0.709s] -- Up-to-date: /home/jucy/ydlidar_ws_11_29/ydlidar_ws/install/nav_2d_msgs/include/nav_2d_msgs/msg/detail/pose2_d32__type_support.hpp
[0.709s] -- Up-to-date: /home/jucy/ydlidar_ws_11_29/ydlidar_ws/install/nav_2d_msgs/include/nav_2d_msgs/msg/detail/path2_d__builder.hpp
[0.709s] -- Up-to-date: /home/jucy/ydlidar_ws_11_29/ydlidar_ws/install/nav_2d_msgs/include/nav_2d_msgs/msg/detail/pose2_d_stamped__type_support.hpp
[0.709s] -- Up-to-date: /home/jucy/ydlidar_ws_11_29/ydlidar_ws/install/nav_2d_msgs/include/nav_2d_msgs/msg/detail/twist2_d__struct.hpp
[0.709s] -- Up-to-date: /home/jucy/ydlidar_ws_11_29/ydlidar_ws/install/nav_2d_msgs/include/nav_2d_msgs/msg/detail/path2_d__type_support.hpp
[0.709s] -- Up-to-date: /home/jucy/ydlidar_ws_11_29/ydlidar_ws/install/nav_2d_msgs/include/nav_2d_msgs/msg/detail/pose2_d32__builder.hpp
[0.709s] -- Up-to-date: /home/jucy/ydlidar_ws_11_29/ydlidar_ws/install/nav_2d_msgs/include/nav_2d_msgs/msg/detail/twist2_d__traits.hpp
[0.710s] -- Up-to-date: /home/jucy/ydlidar_ws_11_29/ydlidar_ws/install/nav_2d_msgs/include/nav_2d_msgs/msg/detail/twist2_d_stamped__type_support.hpp
[0.710s] -- Up-to-date: /home/jucy/ydlidar_ws_11_29/ydlidar_ws/install/nav_2d_msgs/include/nav_2d_msgs/msg/detail/pose2_d32__struct.hpp
[0.710s] -- Up-to-date: /home/jucy/ydlidar_ws_11_29/ydlidar_ws/install/nav_2d_msgs/include/nav_2d_msgs/msg/detail/twist2_d32__type_support.hpp
[0.710s] -- Up-to-date: /home/jucy/ydlidar_ws_11_29/ydlidar_ws/install/nav_2d_msgs/include/nav_2d_msgs/msg/detail/path2_d__struct.hpp
[0.710s] -- Up-to-date: /home/jucy/ydlidar_ws_11_29/ydlidar_ws/install/nav_2d_msgs/include/nav_2d_msgs/msg/detail/twist2_d32__struct.hpp
[0.710s] -- Up-to-date: /home/jucy/ydlidar_ws_11_29/ydlidar_ws/install/nav_2d_msgs/include/nav_2d_msgs/msg/detail/pose2_d32__traits.hpp
[0.710s] -- Up-to-date: /home/jucy/ydlidar_ws_11_29/ydlidar_ws/install/nav_2d_msgs/include/nav_2d_msgs/msg/detail/pose2_d_stamped__builder.hpp
[0.710s] -- Up-to-date: /home/jucy/ydlidar_ws_11_29/ydlidar_ws/install/nav_2d_msgs/include/nav_2d_msgs/msg/detail/twist2_d32__traits.hpp
[0.711s] -- Up-to-date: /home/jucy/ydlidar_ws_11_29/ydlidar_ws/install/nav_2d_msgs/include/nav_2d_msgs/msg/detail/twist2_d_stamped__builder.hpp
[0.711s] -- Up-to-date: /home/jucy/ydlidar_ws_11_29/ydlidar_ws/install/nav_2d_msgs/include/nav_2d_msgs/msg/detail/pose2_d_stamped__struct.hpp
[0.711s] -- Up-to-date: /home/jucy/ydlidar_ws_11_29/ydlidar_ws/install/nav_2d_msgs/include/nav_2d_msgs/msg/detail/twist2_d__builder.hpp
[0.711s] -- Up-to-date: /home/jucy/ydlidar_ws_11_29/ydlidar_ws/install/nav_2d_msgs/include/nav_2d_msgs/msg/twist2_d32.hpp
[0.711s] -- Up-to-date: /home/jucy/ydlidar_ws_11_29/ydlidar_ws/install/nav_2d_msgs/include/nav_2d_msgs/msg/twist2_d.hpp
[0.711s] -- Up-to-date: /home/jucy/ydlidar_ws_11_29/ydlidar_ws/install/nav_2d_msgs/include/nav_2d_msgs
[0.712s] -- Up-to-date: /home/jucy/ydlidar_ws_11_29/ydlidar_ws/install/nav_2d_msgs/include/nav_2d_msgs/msg
[0.712s] -- Up-to-date: /home/jucy/ydlidar_ws_11_29/ydlidar_ws/install/nav_2d_msgs/include/nav_2d_msgs/msg/detail
[0.712s] -- Up-to-date: /home/jucy/ydlidar_ws_11_29/ydlidar_ws/install/nav_2d_msgs/include/nav_2d_msgs/msg/detail/path2_d__rosidl_typesupport_introspection_cpp.hpp
[0.712s] -- Up-to-date: /home/jucy/ydlidar_ws_11_29/ydlidar_ws/install/nav_2d_msgs/include/nav_2d_msgs/msg/detail/twist2_d_stamped__rosidl_typesupport_introspection_cpp.hpp
[0.717s] -- Up-to-date: /home/jucy/ydlidar_ws_11_29/ydlidar_ws/install/nav_2d_msgs/include/nav_2d_msgs/msg/detail/twist2_d__type_support.cpp
[0.718s] -- Up-to-date: /home/jucy/ydlidar_ws_11_29/ydlidar_ws/install/nav_2d_msgs/include/nav_2d_msgs/msg/detail/twist2_d32__type_support.cpp
[0.719s] -- Up-to-date: /home/jucy/ydlidar_ws_11_29/ydlidar_ws/install/nav_2d_msgs/include/nav_2d_msgs/msg/detail/twist2_d__rosidl_typesupport_introspection_cpp.hpp
[0.719s] -- Up-to-date: /home/jucy/ydlidar_ws_11_29/ydlidar_ws/install/nav_2d_msgs/include/nav_2d_msgs/msg/detail/pose2_d32__rosidl_typesupport_introspection_cpp.hpp
[0.719s] -- Up-to-date: /home/jucy/ydlidar_ws_11_29/ydlidar_ws/install/nav_2d_msgs/include/nav_2d_msgs/msg/detail/twist2_d_stamped__type_support.cpp
[0.720s] -- Up-to-date: /home/jucy/ydlidar_ws_11_29/ydlidar_ws/install/nav_2d_msgs/include/nav_2d_msgs/msg/detail/pose2_d_stamped__type_support.cpp
[0.720s] -- Up-to-date: /home/jucy/ydlidar_ws_11_29/ydlidar_ws/install/nav_2d_msgs/include/nav_2d_msgs/msg/detail/twist2_d32__rosidl_typesupport_introspection_cpp.hpp
[0.720s] -- Up-to-date: /home/jucy/ydlidar_ws_11_29/ydlidar_ws/install/nav_2d_msgs/include/nav_2d_msgs/msg/detail/pose2_d32__type_support.cpp
[0.721s] -- Up-to-date: /home/jucy/ydlidar_ws_11_29/ydlidar_ws/install/nav_2d_msgs/include/nav_2d_msgs/msg/detail/path2_d__type_support.cpp
[0.721s] -- Up-to-date: /home/jucy/ydlidar_ws_11_29/ydlidar_ws/install/nav_2d_msgs/include/nav_2d_msgs/msg/detail/pose2_d_stamped__rosidl_typesupport_introspection_cpp.hpp
[0.722s] -- Up-to-date: /home/jucy/ydlidar_ws_11_29/ydlidar_ws/install/nav_2d_msgs/lib/libnav_2d_msgs__rosidl_typesupport_introspection_cpp.so
[0.728s] -- Up-to-date: /home/jucy/ydlidar_ws_11_29/ydlidar_ws/install/nav_2d_msgs/lib/libnav_2d_msgs__rosidl_typesupport_cpp.so
[0.728s] -- Up-to-date: /home/jucy/ydlidar_ws_11_29/ydlidar_ws/install/nav_2d_msgs/share/nav_2d_msgs/environment/pythonpath.sh
[0.728s] -- Up-to-date: /home/jucy/ydlidar_ws_11_29/ydlidar_ws/install/nav_2d_msgs/share/nav_2d_msgs/environment/pythonpath.dsv
[0.728s] -- Up-to-date: /home/jucy/ydlidar_ws_11_29/ydlidar_ws/install/nav_2d_msgs/lib/python3.8/site-packages/nav_2d_msgs/__init__.py
[0.732s] -- Up-to-date: /home/jucy/ydlidar_ws_11_29/ydlidar_ws/install/nav_2d_msgs/lib/python3.8/site-packages/nav_2d_msgs/msg
[0.732s] -- Up-to-date: /home/jucy/ydlidar_ws_11_29/ydlidar_ws/install/nav_2d_msgs/lib/python3.8/site-packages/nav_2d_msgs/msg/_twist2_d32.py
[0.732s] -- Up-to-date: /home/jucy/ydlidar_ws_11_29/ydlidar_ws/install/nav_2d_msgs/lib/python3.8/site-packages/nav_2d_msgs/msg/_pose2_d32_s.c
[0.732s] -- Up-to-date: /home/jucy/ydlidar_ws_11_29/ydlidar_ws/install/nav_2d_msgs/lib/python3.8/site-packages/nav_2d_msgs/msg/_path2_d_s.c
[0.732s] -- Up-to-date: /home/jucy/ydlidar_ws_11_29/ydlidar_ws/install/nav_2d_msgs/lib/python3.8/site-packages/nav_2d_msgs/msg/_twist2_d32_s.c
[0.733s] -- Up-to-date: /home/jucy/ydlidar_ws_11_29/ydlidar_ws/install/nav_2d_msgs/lib/python3.8/site-packages/nav_2d_msgs/msg/_twist2_d_s.c
[0.733s] -- Up-to-date: /home/jucy/ydlidar_ws_11_29/ydlidar_ws/install/nav_2d_msgs/lib/python3.8/site-packages/nav_2d_msgs/msg/_twist2_d.py
[0.733s] -- Up-to-date: /home/jucy/ydlidar_ws_11_29/ydlidar_ws/install/nav_2d_msgs/lib/python3.8/site-packages/nav_2d_msgs/msg/_twist2_d_stamped.py
[0.733s] -- Up-to-date: /home/jucy/ydlidar_ws_11_29/ydlidar_ws/install/nav_2d_msgs/lib/python3.8/site-packages/nav_2d_msgs/msg/_pose2_d_stamped.py
[0.733s] -- Up-to-date: /home/jucy/ydlidar_ws_11_29/ydlidar_ws/install/nav_2d_msgs/lib/python3.8/site-packages/nav_2d_msgs/msg/_pose2_d_stamped_s.c
[0.733s] -- Up-to-date: /home/jucy/ydlidar_ws_11_29/ydlidar_ws/install/nav_2d_msgs/lib/python3.8/site-packages/nav_2d_msgs/msg/_path2_d.py
[0.734s] -- Up-to-date: /home/jucy/ydlidar_ws_11_29/ydlidar_ws/install/nav_2d_msgs/lib/python3.8/site-packages/nav_2d_msgs/msg/__init__.py
[0.734s] -- Up-to-date: /home/jucy/ydlidar_ws_11_29/ydlidar_ws/install/nav_2d_msgs/lib/python3.8/site-packages/nav_2d_msgs/msg/_twist2_d_stamped_s.c
[0.734s] -- Up-to-date: /home/jucy/ydlidar_ws_11_29/ydlidar_ws/install/nav_2d_msgs/lib/python3.8/site-packages/nav_2d_msgs/msg/_pose2_d32.py
[0.734s] -- Up-to-date: /home/jucy/ydlidar_ws_11_29/ydlidar_ws/install/nav_2d_msgs/lib/python3.8/site-packages/nav_2d_msgs/nav_2d_msgs_s__rosidl_typesupport_fastrtps_c.cpython-38-x86_64-linux-gnu.so
[0.734s] -- Up-to-date: /home/jucy/ydlidar_ws_11_29/ydlidar_ws/install/nav_2d_msgs/lib/python3.8/site-packages/nav_2d_msgs/nav_2d_msgs_s__rosidl_typesupport_introspection_c.cpython-38-x86_64-linux-gnu.so
[0.734s] -- Up-to-date: /home/jucy/ydlidar_ws_11_29/ydlidar_ws/install/nav_2d_msgs/lib/python3.8/site-packages/nav_2d_msgs/nav_2d_msgs_s__rosidl_typesupport_c.cpython-38-x86_64-linux-gnu.so
[0.735s] -- Up-to-date: /home/jucy/ydlidar_ws_11_29/ydlidar_ws/install/nav_2d_msgs/lib/libnav_2d_msgs__python.so
[0.735s] -- Up-to-date: /home/jucy/ydlidar_ws_11_29/ydlidar_ws/install/nav_2d_msgs/share/nav_2d_msgs/msg/Path2D.idl
[0.735s] -- Up-to-date: /home/jucy/ydlidar_ws_11_29/ydlidar_ws/install/nav_2d_msgs/share/nav_2d_msgs/msg/Pose2D32.idl
[0.736s] -- Up-to-date: /home/jucy/ydlidar_ws_11_29/ydlidar_ws/install/nav_2d_msgs/share/nav_2d_msgs/msg/Pose2DStamped.idl
[0.736s] -- Up-to-date: /home/jucy/ydlidar_ws_11_29/ydlidar_ws/install/nav_2d_msgs/share/nav_2d_msgs/msg/Twist2D.idl
[0.736s] -- Up-to-date: /home/jucy/ydlidar_ws_11_29/ydlidar_ws/install/nav_2d_msgs/share/nav_2d_msgs/msg/Twist2D32.idl
[0.737s] -- Up-to-date: /home/jucy/ydlidar_ws_11_29/ydlidar_ws/install/nav_2d_msgs/share/nav_2d_msgs/msg/Twist2DStamped.idl
[0.737s] -- Up-to-date: /home/jucy/ydlidar_ws_11_29/ydlidar_ws/install/nav_2d_msgs/share/nav_2d_msgs/msg/Path2D.msg
[0.737s] -- Up-to-date: /home/jucy/ydlidar_ws_11_29/ydlidar_ws/install/nav_2d_msgs/share/nav_2d_msgs/msg/Pose2D32.msg
[0.737s] -- Up-to-date: /home/jucy/ydlidar_ws_11_29/ydlidar_ws/install/nav_2d_msgs/share/nav_2d_msgs/msg/Pose2DStamped.msg
[0.738s] -- Up-to-date: /home/jucy/ydlidar_ws_11_29/ydlidar_ws/install/nav_2d_msgs/share/nav_2d_msgs/msg/Twist2D.msg
[0.738s] -- Up-to-date: /home/jucy/ydlidar_ws_11_29/ydlidar_ws/install/nav_2d_msgs/share/nav_2d_msgs/msg/Twist2D32.msg
[0.738s] -- Up-to-date: /home/jucy/ydlidar_ws_11_29/ydlidar_ws/install/nav_2d_msgs/share/nav_2d_msgs/msg/Twist2DStamped.msg
[0.738s] -- Up-to-date: /home/jucy/ydlidar_ws_11_29/ydlidar_ws/install/nav_2d_msgs/share/ament_index/resource_index/package_run_dependencies/nav_2d_msgs
[0.739s] -- Up-to-date: /home/jucy/ydlidar_ws_11_29/ydlidar_ws/install/nav_2d_msgs/share/ament_index/resource_index/parent_prefix_path/nav_2d_msgs
[0.739s] -- Up-to-date: /home/jucy/ydlidar_ws_11_29/ydlidar_ws/install/nav_2d_msgs/share/nav_2d_msgs/environment/ament_prefix_path.sh
[0.739s] -- Up-to-date: /home/jucy/ydlidar_ws_11_29/ydlidar_ws/install/nav_2d_msgs/share/nav_2d_msgs/environment/ament_prefix_path.dsv
[0.739s] -- Up-to-date: /home/jucy/ydlidar_ws_11_29/ydlidar_ws/install/nav_2d_msgs/share/nav_2d_msgs/environment/path.sh
[0.740s] -- Up-to-date: /home/jucy/ydlidar_ws_11_29/ydlidar_ws/install/nav_2d_msgs/share/nav_2d_msgs/environment/path.dsv
[0.740s] -- Up-to-date: /home/jucy/ydlidar_ws_11_29/ydlidar_ws/install/nav_2d_msgs/share/nav_2d_msgs/local_setup.bash
[0.740s] -- Up-to-date: /home/jucy/ydlidar_ws_11_29/ydlidar_ws/install/nav_2d_msgs/share/nav_2d_msgs/local_setup.sh
[0.740s] -- Up-to-date: /home/jucy/ydlidar_ws_11_29/ydlidar_ws/install/nav_2d_msgs/share/nav_2d_msgs/local_setup.zsh
[0.740s] -- Up-to-date: /home/jucy/ydlidar_ws_11_29/ydlidar_ws/install/nav_2d_msgs/share/nav_2d_msgs/local_setup.dsv
[0.741s] -- Installing: /home/jucy/ydlidar_ws_11_29/ydlidar_ws/install/nav_2d_msgs/share/nav_2d_msgs/package.dsv
[0.741s] -- Up-to-date: /home/jucy/ydlidar_ws_11_29/ydlidar_ws/install/nav_2d_msgs/share/ament_index/resource_index/packages/nav_2d_msgs
[0.741s] -- Up-to-date: /home/jucy/ydlidar_ws_11_29/ydlidar_ws/install/nav_2d_msgs/share/nav_2d_msgs/cmake/nav_2d_msgs__rosidl_generator_cExport.cmake
[0.741s] -- Up-to-date: /home/jucy/ydlidar_ws_11_29/ydlidar_ws/install/nav_2d_msgs/share/nav_2d_msgs/cmake/nav_2d_msgs__rosidl_generator_cExport-noconfig.cmake
[0.741s] -- Up-to-date: /home/jucy/ydlidar_ws_11_29/ydlidar_ws/install/nav_2d_msgs/share/nav_2d_msgs/cmake/nav_2d_msgs__rosidl_typesupport_introspection_cExport.cmake
[0.741s] -- Up-to-date: /home/jucy/ydlidar_ws_11_29/ydlidar_ws/install/nav_2d_msgs/share/nav_2d_msgs/cmake/nav_2d_msgs__rosidl_typesupport_introspection_cExport-noconfig.cmake
[0.741s] -- Up-to-date: /home/jucy/ydlidar_ws_11_29/ydlidar_ws/install/nav_2d_msgs/share/nav_2d_msgs/cmake/nav_2d_msgs__rosidl_typesupport_cExport.cmake
[0.742s] -- Up-to-date: /home/jucy/ydlidar_ws_11_29/ydlidar_ws/install/nav_2d_msgs/share/nav_2d_msgs/cmake/nav_2d_msgs__rosidl_typesupport_cExport-noconfig.cmake
[0.742s] -- Up-to-date: /home/jucy/ydlidar_ws_11_29/ydlidar_ws/install/nav_2d_msgs/share/nav_2d_msgs/cmake/nav_2d_msgs__rosidl_generator_cppExport.cmake
[0.742s] -- Up-to-date: /home/jucy/ydlidar_ws_11_29/ydlidar_ws/install/nav_2d_msgs/share/nav_2d_msgs/cmake/nav_2d_msgs__rosidl_typesupport_introspection_cppExport.cmake
[0.742s] -- Up-to-date: /home/jucy/ydlidar_ws_11_29/ydlidar_ws/install/nav_2d_msgs/share/nav_2d_msgs/cmake/nav_2d_msgs__rosidl_typesupport_introspection_cppExport-noconfig.cmake
[0.742s] -- Up-to-date: /home/jucy/ydlidar_ws_11_29/ydlidar_ws/install/nav_2d_msgs/share/nav_2d_msgs/cmake/nav_2d_msgs__rosidl_typesupport_cppExport.cmake
[0.743s] -- Up-to-date: /home/jucy/ydlidar_ws_11_29/ydlidar_ws/install/nav_2d_msgs/share/nav_2d_msgs/cmake/nav_2d_msgs__rosidl_typesupport_cppExport-noconfig.cmake
[0.743s] -- Up-to-date: /home/jucy/ydlidar_ws_11_29/ydlidar_ws/install/nav_2d_msgs/share/nav_2d_msgs/cmake/rosidl_cmake-extras.cmake
[0.743s] -- Up-to-date: /home/jucy/ydlidar_ws_11_29/ydlidar_ws/install/nav_2d_msgs/share/nav_2d_msgs/cmake/ament_cmake_export_dependencies-extras.cmake
[0.743s] -- Up-to-date: /home/jucy/ydlidar_ws_11_29/ydlidar_ws/install/nav_2d_msgs/share/nav_2d_msgs/cmake/ament_cmake_export_libraries-extras.cmake
[0.743s] -- Up-to-date: /home/jucy/ydlidar_ws_11_29/ydlidar_ws/install/nav_2d_msgs/share/nav_2d_msgs/cmake/ament_cmake_export_targets-extras.cmake
[0.743s] -- Up-to-date: /home/jucy/ydlidar_ws_11_29/ydlidar_ws/install/nav_2d_msgs/share/nav_2d_msgs/cmake/ament_cmake_export_include_directories-extras.cmake
[0.744s] -- Up-to-date: /home/jucy/ydlidar_ws_11_29/ydlidar_ws/install/nav_2d_msgs/share/nav_2d_msgs/cmake/rosidl_cmake_export_typesupport_libraries-extras.cmake
[0.744s] -- Up-to-date: /home/jucy/ydlidar_ws_11_29/ydlidar_ws/install/nav_2d_msgs/share/nav_2d_msgs/cmake/rosidl_cmake_export_typesupport_targets-extras.cmake
[0.744s] -- Up-to-date: /home/jucy/ydlidar_ws_11_29/ydlidar_ws/install/nav_2d_msgs/share/nav_2d_msgs/cmake/nav_2d_msgsConfig.cmake
[0.744s] -- Up-to-date: /home/jucy/ydlidar_ws_11_29/ydlidar_ws/install/nav_2d_msgs/share/nav_2d_msgs/cmake/nav_2d_msgsConfig-version.cmake
[0.744s] -- Up-to-date: /home/jucy/ydlidar_ws_11_29/ydlidar_ws/install/nav_2d_msgs/share/nav_2d_msgs/package.xml
[0.850s] Invoked command in '/home/jucy/ydlidar_ws_11_29/ydlidar_ws/build/nav_2d_msgs' returned '0': CMAKE_PREFIX_PATH=${CMAKE_PREFIX_PATH}:/home/jucy/ydlidar_ws_11_29/install/nav2_gazebo_spawner:/home/jucy/ydlidar_ws_11_29/install/jdamr200_node:/home/jucy/ydlidar_ws_11_29/ydlidar_ws/install/nav2_gazebo_spawner:/home/jucy/ydlidar_ws_11_29/ydlidar_ws/install/jdamr200_node:/home/jucy/turtlebot3_ws/install/turtlebot3_teleop:/home/jucy/turtlebot3_ws/install/turtlebot3_example:/home/jucy/turtlebot3_ws/install/nav2_goal_pulisher_test:/home/jucy/turtlebot3_ws/install/nav2_goal_publisher:/home/jucy/ros2_ws/install/nav2_simple_commander:/home/jucy/ros2_ws/install/nav2_gazebo_spawner:/home/jucy/ros2_ws/install/camera_udp_communication:/home/jucy/ros2_ws/install/agv_control_py:/home/jucy/ydlidar_ros2_ws/install/jdamr200_teleop:/home/jucy/ydlidar_ros2_ws/install/jdamr200_node /usr/bin/cmake --install /home/jucy/ydlidar_ws_11_29/ydlidar_ws/build/nav_2d_msgs
