[0.048s] Invoking command in '/home/jucy/ydlidar_ws_11_29/ydlidar_ws/build/nav2_rviz_plugins': AMENT_PREFIX_PATH=/home/jucy/ydlidar_ws_11_29/ydlidar_ws/install/nav2_lifecycle_manager:/home/jucy/ydlidar_ws_11_29/ydlidar_ws/install/nav2_util:/home/jucy/ydlidar_ws_11_29/ydlidar_ws/install/nav2_msgs:/home/jucy/ydlidar_ws_11_29/ydlidar_ws/install/nav2_common:${AMENT_PREFIX_PATH} CMAKE_PREFIX_PATH=/home/jucy/ydlidar_ws_11_29/ydlidar_ws/install/nav2_lifecycle_manager:/home/jucy/ydlidar_ws_11_29/ydlidar_ws/install/nav2_util:/home/jucy/ydlidar_ws_11_29/ydlidar_ws/install/nav2_msgs:/home/jucy/ydlidar_ws_11_29/ydlidar_ws/install/nav2_common:/home/jucy/ydlidar_ws_11_29/install/ydlidar_ros2_driver:/home/jucy/ydlidar_ws_11_29/install/nav2_system_tests:/home/jucy/ydlidar_ws_11_29/install/myagv_navigation2:/home/jucy/ydlidar_ws_11_29/install/nav2_bringup:/home/jucy/ydlidar_ws_11_29/install/navigation2:/home/jucy/ydlidar_ws_11_29/install/smac_planner:/home/jucy/ydlidar_ws_11_29/install/nav2_dwb_controller:/home/jucy/ydlidar_ws_11_29/install/nav2_controller:/home/jucy/ydlidar_ws_11_29/install/dwb_plugins:/home/jucy/ydlidar_ws_11_29/install/dwb_critics:/home/jucy/ydlidar_ws_11_29/install/dwb_core:/home/jucy/ydlidar_ws_11_29/install/nav_2d_utils:/home/jucy/ydlidar_ws_11_29/install/dwb_msgs:/home/jucy/ydlidar_ws_11_29/install/nav_2d_msgs:/home/jucy/ydlidar_ws_11_29/install/nav2_waypoint_follower:/home/jucy/ydlidar_ws_11_29/install/nav2_regulated_pure_pursuit_controller:/home/jucy/ydlidar_ws_11_29/install/nav2_recoveries:/home/jucy/ydlidar_ws_11_29/install/nav2_planner:/home/jucy/ydlidar_ws_11_29/install/nav2_navfn_planner:/home/jucy/ydlidar_ws_11_29/install/nav2_core:/home/jucy/ydlidar_ws_11_29/install/costmap_queue:/home/jucy/ydlidar_ws_11_29/install/nav2_costmap_2d:/home/jucy/ydlidar_ws_11_29/install/nav2_voxel_grid:/home/jucy/ydlidar_ws_11_29/install/nav2_rviz_plugins:/home/jucy/ydlidar_ws_11_29/install/nav2_map_server:/home/jucy/ydlidar_ws_11_29/install/nav2_lifecycle_manager:/home/jucy/ydlidar_ws_11_29/install/nav2_bt_navigator:/home/jucy/ydlidar_ws_11_29/install/nav2_behavior_tree:/home/jucy/ydlidar_ws_11_29/install/nav2_amcl:/home/jucy/ydlidar_ws_11_29/install/nav2_util:/home/jucy/ydlidar_ws_11_29/install/nav2_msgs:/home/jucy/ydlidar_ws_11_29/install/nav2_common:/home/jucy/ydlidar_ws_11_29/install/myagv_bringup:/home/jucy/ydlidar_ws_11_29/install/myagv_description:/home/jucy/new_ws/install/myagv_description:/home/jucy/new_ws/install/aseembly:/home/jucy/turtlebot3_ws/install/turtlebot3:/home/jucy/turtlebot3_ws/install/turtlebot3_simulations:/home/jucy/turtlebot3_ws/install/turtlebot3_bringup:/home/jucy/turtlebot3_ws/install/turtlebot3_node:/home/jucy/turtlebot3_ws/install/turtlebot3_navigation2:/home/jucy/turtlebot3_ws/install/turtlebot3_fake_node:/home/jucy/turtlebot3_ws/install/turtlebot3_msgs:/home/jucy/turtlebot3_ws/install/turtlebot3_gazebo:/home/jucy/turtlebot3_ws/install/turtlebot3_description:/home/jucy/turtlebot3_ws/install/turtlebot3_cartographer:/home/jucy/turtlebot3_ws/install/dynamixel_sdk_examples:/home/jucy/turtlebot3_ws/install/dynamixel_sdk_custom_interfaces:/home/jucy/turtlebot3_ws/install/dynamixel_sdk:/home/jucy/ros2_ws/install/ps2_controller:/home/jucy/ydlidar_ros2_ws/install/ydlidar_ros2_driver:/home/jucy/ydlidar_ros2_ws/install/ps2_controller:/home/jucy/ydlidar_ros2_ws/install/myagv_navigation2:/home/jucy/ydlidar_ros2_ws/install/myagv_bringup:/home/jucy/ydlidar_ros2_ws/install/myagv_description:/home/jucy/ydlidar_ros2_wss/install/ydlidar_ros2_driver:/opt/ros/foxy:/opt/ros/foxy:/home/jucy/ydlidar_ws_11_29/install/nav2_gazebo_spawner:/home/jucy/ydlidar_ws_11_29/install/jdamr200_node:/home/jucy/turtlebot3_ws/install/turtlebot3_teleop:/home/jucy/turtlebot3_ws/install/turtlebot3_example:/home/jucy/turtlebot3_ws/install/nav2_goal_pulisher_test:/home/jucy/turtlebot3_ws/install/nav2_goal_publisher:/home/jucy/ros2_ws/install/camera_udp_communication:/home/jucy/ros2_ws/install/agv_control_py:/home/jucy/ydlidar_ros2_ws/install/jdamr200_teleop:/home/jucy/ydlidar_ros2_ws/install/jdamr200_node LD_LIBRARY_PATH=/home/jucy/ydlidar_ws_11_29/ydlidar_ws/install/nav2_lifecycle_manager/lib:/home/jucy/ydlidar_ws_11_29/ydlidar_ws/install/nav2_util/lib:/home/jucy/ydlidar_ws_11_29/ydlidar_ws/install/nav2_msgs/lib:${LD_LIBRARY_PATH} PYTHONPATH=/home/jucy/ydlidar_ws_11_29/ydlidar_ws/install/nav2_msgs/lib/python3.8/site-packages:/home/jucy/ydlidar_ws_11_29/ydlidar_ws/install/nav2_common/lib/python3.8/site-packages:${PYTHONPATH} /usr/bin/cmake /home/jucy/ydlidar_ws_11_29/ydlidar_ws/src/navigation2/nav2_rviz_plugins -DCMAKE_INSTALL_PREFIX=/home/jucy/ydlidar_ws_11_29/ydlidar_ws/install/nav2_rviz_plugins
[0.140s] -- The C compiler identification is GNU 9.4.0
[0.225s] -- The CXX compiler identification is GNU 9.4.0
[0.235s] -- Check for working C compiler: /usr/bin/cc
[0.343s] -- Check for working C compiler: /usr/bin/cc -- works
[0.344s] -- Detecting C compiler ABI info
[0.523s] -- Detecting C compiler ABI info - done
[0.552s] -- Detecting C compile features
[0.553s] -- Detecting C compile features - done
[0.561s] -- Check for working CXX compiler: /usr/bin/c++
[0.745s] -- Check for working CXX compiler: /usr/bin/c++ -- works
[0.748s] -- Detecting CXX compiler ABI info
[0.928s] -- Detecting CXX compiler ABI info - done
[0.956s] -- Detecting CXX compile features
[0.958s] -- Detecting CXX compile features - done
[0.972s] -- Found ament_cmake: 0.9.12 (/opt/ros/foxy/share/ament_cmake/cmake)
[1.073s] -- Found PythonInterp: /usr/bin/python3 (found suitable version "3.8.10", minimum required is "3") 
[1.073s] -- Using PYTHON_EXECUTABLE: /usr/bin/python3
[1.686s] -- Found geometry_msgs: 2.0.5 (/opt/ros/foxy/share/geometry_msgs/cmake)
[1.851s] -- Using all available rosidl_typesupport_c: rosidl_typesupport_fastrtps_c;rosidl_typesupport_introspection_c
[1.895s] -- Found rosidl_adapter: 1.3.1 (/opt/ros/foxy/share/rosidl_adapter/cmake)
[2.182s] -- Found OpenSSL: /usr/lib/x86_64-linux-gnu/libcrypto.so (found version "1.1.1f")  
[2.264s] -- Found FastRTPS: /opt/ros/foxy/include  
[2.510s] -- Using all available rosidl_typesupport_cpp: rosidl_typesupport_fastrtps_cpp;rosidl_typesupport_introspection_cpp
[2.727s] -- Found nav2_util: 0.4.7 (/home/jucy/ydlidar_ws_11_29/ydlidar_ws/install/nav2_util/share/nav2_util/cmake)
[3.662s] -- Found rmw_implementation_cmake: 1.0.4 (/opt/ros/foxy/share/rmw_implementation_cmake/cmake)
[3.668s] -- Using RMW implementation 'rmw_fastrtps_cpp' as default
[3.669s] -- Looking for pthread.h
[4.137s] -- Looking for pthread.h - found
[4.137s] -- Performing Test CMAKE_HAVE_LIBC_PTHREAD
[4.573s] -- Performing Test CMAKE_HAVE_LIBC_PTHREAD - Failed
[4.573s] -- Looking for pthread_create in pthreads
[5.005s] -- Looking for pthread_create in pthreads - not found
[5.005s] -- Looking for pthread_create in pthread
[5.423s] -- Looking for pthread_create in pthread - found
[5.426s] -- Found Threads: TRUE  
[6.928s] -- Found eigen3_cmake_module: 0.1.1 (/opt/ros/foxy/share/eigen3_cmake_module/cmake)
[6.961s] -- Found Eigen3: TRUE (found version "3.3.7") 
[7.513s] -- Found nav2_lifecycle_manager: 0.4.7 (/home/jucy/ydlidar_ws_11_29/ydlidar_ws/install/nav2_lifecycle_manager/share/nav2_lifecycle_manager/cmake)
[8.540s] -- Found pluginlib: 2.5.4 (/opt/ros/foxy/share/pluginlib/cmake)
[9.024s] -- Found rviz_common: 8.2.8 (/opt/ros/foxy/share/rviz_common/cmake)
[9.117s] -- Setting OGRE_DIR to: '/opt/ros/foxy/share/rviz_ogre_vendor/cmake/../../../opt/rviz_ogre_vendor/lib/OGRE/cmake'
[9.130s] -- Found OGRE
[9.130s] --   static     : OFF
[9.130s] --   components : HLMS;MeshLodGenerator;Overlay;Paging;Property;RTShaderSystem;Terrain;Volume
[9.130s] --   plugins    : Plugin_BSPSceneManager;Plugin_OctreeSceneManager;Plugin_PCZSceneManager;Plugin_ParticleFX;RenderSystem_GL;RenderSystem_GL3Plus;Codec_STBI
[9.130s] --   media      : /opt/ros/foxy/opt/rviz_ogre_vendor/share/OGRE/Media
[9.131s] -- OGRE_LIBRARIES: OgreHLMS;OgreMeshLodGenerator;OgreOverlay;OgrePaging;OgreProperty;OgreRTShaderSystem;OgreTerrain;OgreVolume;OgreMain
[9.131s] -- OGRE_LIBRARY_DIRS: /opt/ros/foxy/opt/rviz_ogre_vendor/lib
[9.131s] -- OGRE_PLUGINS: Plugin_BSPSceneManager;Plugin_OctreeSceneManager;Plugin_PCZSceneManager;Plugin_ParticleFX;RenderSystem_GL;RenderSystem_GL3Plus;Codec_STBI
[9.131s] -- OGRE_PLUGIN_DIR: /opt/ros/foxy/opt/rviz_ogre_vendor/lib/OGRE
[9.131s] -- rviz_ogre_vendor::OgreOverlay for IMPORTED_LOCATION_RELEASE: /opt/ros/foxy/opt/rviz_ogre_vendor/lib/libOgreOverlay.so
[9.131s] -- rviz_ogre_vendor::OgreOverlay for IMPORTED_LOCATION_DEBUG: /opt/ros/foxy/opt/rviz_ogre_vendor/lib/libOgreOverlay.so
[9.132s] -- rviz_ogre_vendor::OgreMain for IMPORTED_LOCATION_RELEASE: /opt/ros/foxy/opt/rviz_ogre_vendor/lib/libOgreMain.so
[9.132s] -- rviz_ogre_vendor::OgreMain for IMPORTED_LOCATION_DEBUG: /opt/ros/foxy/opt/rviz_ogre_vendor/lib/libOgreMain.so
[9.343s] -- Found ZLIB: /usr/lib/x86_64-linux-gnu/libz.so (found version "1.2.11") 
[9.403s] -- Found OpenGL: /usr/lib/x86_64-linux-gnu/libOpenGL.so   
[10.277s] -- Found X11: /usr/include   
[10.285s] -- Looking for XOpenDisplay in /usr/lib/x86_64-linux-gnu/libX11.so;/usr/lib/x86_64-linux-gnu/libXext.so
[10.746s] -- Looking for XOpenDisplay in /usr/lib/x86_64-linux-gnu/libX11.so;/usr/lib/x86_64-linux-gnu/libXext.so - found
[10.746s] -- Looking for gethostbyname
[11.155s] -- Looking for gethostbyname - found
[11.155s] -- Looking for connect
[11.665s] -- Looking for connect - found
[11.665s] -- Looking for remove
[12.066s] -- Looking for remove - found
[12.066s] -- Looking for shmat
[12.557s] -- Looking for shmat - found
[12.558s] -- Looking for IceConnectionNumber in ICE
[13.046s] -- Looking for IceConnectionNumber in ICE - found
[13.054s] -- rviz_ogre_vendor::RenderSystem_GL for IMPORTED_LOCATION_RELEASE: _render_system_gl_static_library_abs-NOTFOUND
[13.054s] -- rviz_ogre_vendor::RenderSystem_GL for IMPORTED_LOCATION_DEBUG: _render_system_gl_static_library_abs-NOTFOUND
[13.119s] -- library: libassimp.so.5
[13.742s] -- library: /usr/lib/x86_64-linux-gnu/libcurl.so
[14.373s] -- Setting yaml-cpp_DIR to: '/opt/ros/foxy/share/yaml_cpp_vendor/cmake/../../../opt/yaml_cpp_vendor/lib/cmake/yaml-cpp'
[14.406s] -- Found rviz_default_plugins: 8.2.8 (/opt/ros/foxy/share/rviz_default_plugins/cmake)
[18.899s] -- Found ament_lint_auto: 0.9.8 (/opt/ros/foxy/share/ament_lint_auto/cmake)
[19.268s] -- Added test 'copyright' to check source files copyright and LICENSE
[19.272s] -- Added test 'cppcheck' to perform static code analysis on C / C++ code
[19.273s] -- Configured cppcheck include dirs: /home/jucy/ydlidar_ws_11_29/ydlidar_ws/src/navigation2/nav2_rviz_plugins/include
[19.274s] -- Configured cppcheck exclude dirs and/or files: 
[19.278s] -- Added test 'cpplint' to check C / C++ code against the Google style
[19.278s] -- Configured cpplint exclude dirs and/or files: 
[19.281s] -- Added test 'lint_cmake' to check CMake code style
[19.290s] -- Added test 'uncrustify' to check C / C++ code style
[19.290s] -- Configured uncrustify additional arguments: 
[19.293s] -- Added test 'xmllint' to check XML markup files
[19.346s] -- Configuring done
[19.830s] -- Generating done
[19.931s] -- Build files have been written to: /home/jucy/ydlidar_ws_11_29/ydlidar_ws/build/nav2_rviz_plugins
[19.976s] Invoked command in '/home/jucy/ydlidar_ws_11_29/ydlidar_ws/build/nav2_rviz_plugins' returned '0': AMENT_PREFIX_PATH=/home/jucy/ydlidar_ws_11_29/ydlidar_ws/install/nav2_lifecycle_manager:/home/jucy/ydlidar_ws_11_29/ydlidar_ws/install/nav2_util:/home/jucy/ydlidar_ws_11_29/ydlidar_ws/install/nav2_msgs:/home/jucy/ydlidar_ws_11_29/ydlidar_ws/install/nav2_common:${AMENT_PREFIX_PATH} CMAKE_PREFIX_PATH=/home/jucy/ydlidar_ws_11_29/ydlidar_ws/install/nav2_lifecycle_manager:/home/jucy/ydlidar_ws_11_29/ydlidar_ws/install/nav2_util:/home/jucy/ydlidar_ws_11_29/ydlidar_ws/install/nav2_msgs:/home/jucy/ydlidar_ws_11_29/ydlidar_ws/install/nav2_common:/home/jucy/ydlidar_ws_11_29/install/ydlidar_ros2_driver:/home/jucy/ydlidar_ws_11_29/install/nav2_system_tests:/home/jucy/ydlidar_ws_11_29/install/myagv_navigation2:/home/jucy/ydlidar_ws_11_29/install/nav2_bringup:/home/jucy/ydlidar_ws_11_29/install/navigation2:/home/jucy/ydlidar_ws_11_29/install/smac_planner:/home/jucy/ydlidar_ws_11_29/install/nav2_dwb_controller:/home/jucy/ydlidar_ws_11_29/install/nav2_controller:/home/jucy/ydlidar_ws_11_29/install/dwb_plugins:/home/jucy/ydlidar_ws_11_29/install/dwb_critics:/home/jucy/ydlidar_ws_11_29/install/dwb_core:/home/jucy/ydlidar_ws_11_29/install/nav_2d_utils:/home/jucy/ydlidar_ws_11_29/install/dwb_msgs:/home/jucy/ydlidar_ws_11_29/install/nav_2d_msgs:/home/jucy/ydlidar_ws_11_29/install/nav2_waypoint_follower:/home/jucy/ydlidar_ws_11_29/install/nav2_regulated_pure_pursuit_controller:/home/jucy/ydlidar_ws_11_29/install/nav2_recoveries:/home/jucy/ydlidar_ws_11_29/install/nav2_planner:/home/jucy/ydlidar_ws_11_29/install/nav2_navfn_planner:/home/jucy/ydlidar_ws_11_29/install/nav2_core:/home/jucy/ydlidar_ws_11_29/install/costmap_queue:/home/jucy/ydlidar_ws_11_29/install/nav2_costmap_2d:/home/jucy/ydlidar_ws_11_29/install/nav2_voxel_grid:/home/jucy/ydlidar_ws_11_29/install/nav2_rviz_plugins:/home/jucy/ydlidar_ws_11_29/install/nav2_map_server:/home/jucy/ydlidar_ws_11_29/install/nav2_lifecycle_manager:/home/jucy/ydlidar_ws_11_29/install/nav2_bt_navigator:/home/jucy/ydlidar_ws_11_29/install/nav2_behavior_tree:/home/jucy/ydlidar_ws_11_29/install/nav2_amcl:/home/jucy/ydlidar_ws_11_29/install/nav2_util:/home/jucy/ydlidar_ws_11_29/install/nav2_msgs:/home/jucy/ydlidar_ws_11_29/install/nav2_common:/home/jucy/ydlidar_ws_11_29/install/myagv_bringup:/home/jucy/ydlidar_ws_11_29/install/myagv_description:/home/jucy/new_ws/install/myagv_description:/home/jucy/new_ws/install/aseembly:/home/jucy/turtlebot3_ws/install/turtlebot3:/home/jucy/turtlebot3_ws/install/turtlebot3_simulations:/home/jucy/turtlebot3_ws/install/turtlebot3_bringup:/home/jucy/turtlebot3_ws/install/turtlebot3_node:/home/jucy/turtlebot3_ws/install/turtlebot3_navigation2:/home/jucy/turtlebot3_ws/install/turtlebot3_fake_node:/home/jucy/turtlebot3_ws/install/turtlebot3_msgs:/home/jucy/turtlebot3_ws/install/turtlebot3_gazebo:/home/jucy/turtlebot3_ws/install/turtlebot3_description:/home/jucy/turtlebot3_ws/install/turtlebot3_cartographer:/home/jucy/turtlebot3_ws/install/dynamixel_sdk_examples:/home/jucy/turtlebot3_ws/install/dynamixel_sdk_custom_interfaces:/home/jucy/turtlebot3_ws/install/dynamixel_sdk:/home/jucy/ros2_ws/install/ps2_controller:/home/jucy/ydlidar_ros2_ws/install/ydlidar_ros2_driver:/home/jucy/ydlidar_ros2_ws/install/ps2_controller:/home/jucy/ydlidar_ros2_ws/install/myagv_navigation2:/home/jucy/ydlidar_ros2_ws/install/myagv_bringup:/home/jucy/ydlidar_ros2_ws/install/myagv_description:/home/jucy/ydlidar_ros2_wss/install/ydlidar_ros2_driver:/opt/ros/foxy:/opt/ros/foxy:/home/jucy/ydlidar_ws_11_29/install/nav2_gazebo_spawner:/home/jucy/ydlidar_ws_11_29/install/jdamr200_node:/home/jucy/turtlebot3_ws/install/turtlebot3_teleop:/home/jucy/turtlebot3_ws/install/turtlebot3_example:/home/jucy/turtlebot3_ws/install/nav2_goal_pulisher_test:/home/jucy/turtlebot3_ws/install/nav2_goal_publisher:/home/jucy/ros2_ws/install/camera_udp_communication:/home/jucy/ros2_ws/install/agv_control_py:/home/jucy/ydlidar_ros2_ws/install/jdamr200_teleop:/home/jucy/ydlidar_ros2_ws/install/jdamr200_node LD_LIBRARY_PATH=/home/jucy/ydlidar_ws_11_29/ydlidar_ws/install/nav2_lifecycle_manager/lib:/home/jucy/ydlidar_ws_11_29/ydlidar_ws/install/nav2_util/lib:/home/jucy/ydlidar_ws_11_29/ydlidar_ws/install/nav2_msgs/lib:${LD_LIBRARY_PATH} PYTHONPATH=/home/jucy/ydlidar_ws_11_29/ydlidar_ws/install/nav2_msgs/lib/python3.8/site-packages:/home/jucy/ydlidar_ws_11_29/ydlidar_ws/install/nav2_common/lib/python3.8/site-packages:${PYTHONPATH} /usr/bin/cmake /home/jucy/ydlidar_ws_11_29/ydlidar_ws/src/navigation2/nav2_rviz_plugins -DCMAKE_INSTALL_PREFIX=/home/jucy/ydlidar_ws_11_29/ydlidar_ws/install/nav2_rviz_plugins
[19.978s] Invoking command in '/home/jucy/ydlidar_ws_11_29/ydlidar_ws/build/nav2_rviz_plugins': AMENT_PREFIX_PATH=/home/jucy/ydlidar_ws_11_29/ydlidar_ws/install/nav2_lifecycle_manager:/home/jucy/ydlidar_ws_11_29/ydlidar_ws/install/nav2_util:/home/jucy/ydlidar_ws_11_29/ydlidar_ws/install/nav2_msgs:/home/jucy/ydlidar_ws_11_29/ydlidar_ws/install/nav2_common:${AMENT_PREFIX_PATH} CMAKE_PREFIX_PATH=/home/jucy/ydlidar_ws_11_29/ydlidar_ws/install/nav2_lifecycle_manager:/home/jucy/ydlidar_ws_11_29/ydlidar_ws/install/nav2_util:/home/jucy/ydlidar_ws_11_29/ydlidar_ws/install/nav2_msgs:/home/jucy/ydlidar_ws_11_29/ydlidar_ws/install/nav2_common:/home/jucy/ydlidar_ws_11_29/install/ydlidar_ros2_driver:/home/jucy/ydlidar_ws_11_29/install/nav2_system_tests:/home/jucy/ydlidar_ws_11_29/install/myagv_navigation2:/home/jucy/ydlidar_ws_11_29/install/nav2_bringup:/home/jucy/ydlidar_ws_11_29/install/navigation2:/home/jucy/ydlidar_ws_11_29/install/smac_planner:/home/jucy/ydlidar_ws_11_29/install/nav2_dwb_controller:/home/jucy/ydlidar_ws_11_29/install/nav2_controller:/home/jucy/ydlidar_ws_11_29/install/dwb_plugins:/home/jucy/ydlidar_ws_11_29/install/dwb_critics:/home/jucy/ydlidar_ws_11_29/install/dwb_core:/home/jucy/ydlidar_ws_11_29/install/nav_2d_utils:/home/jucy/ydlidar_ws_11_29/install/dwb_msgs:/home/jucy/ydlidar_ws_11_29/install/nav_2d_msgs:/home/jucy/ydlidar_ws_11_29/install/nav2_waypoint_follower:/home/jucy/ydlidar_ws_11_29/install/nav2_regulated_pure_pursuit_controller:/home/jucy/ydlidar_ws_11_29/install/nav2_recoveries:/home/jucy/ydlidar_ws_11_29/install/nav2_planner:/home/jucy/ydlidar_ws_11_29/install/nav2_navfn_planner:/home/jucy/ydlidar_ws_11_29/install/nav2_core:/home/jucy/ydlidar_ws_11_29/install/costmap_queue:/home/jucy/ydlidar_ws_11_29/install/nav2_costmap_2d:/home/jucy/ydlidar_ws_11_29/install/nav2_voxel_grid:/home/jucy/ydlidar_ws_11_29/install/nav2_rviz_plugins:/home/jucy/ydlidar_ws_11_29/install/nav2_map_server:/home/jucy/ydlidar_ws_11_29/install/nav2_lifecycle_manager:/home/jucy/ydlidar_ws_11_29/install/nav2_bt_navigator:/home/jucy/ydlidar_ws_11_29/install/nav2_behavior_tree:/home/jucy/ydlidar_ws_11_29/install/nav2_amcl:/home/jucy/ydlidar_ws_11_29/install/nav2_util:/home/jucy/ydlidar_ws_11_29/install/nav2_msgs:/home/jucy/ydlidar_ws_11_29/install/nav2_common:/home/jucy/ydlidar_ws_11_29/install/myagv_bringup:/home/jucy/ydlidar_ws_11_29/install/myagv_description:/home/jucy/new_ws/install/myagv_description:/home/jucy/new_ws/install/aseembly:/home/jucy/turtlebot3_ws/install/turtlebot3:/home/jucy/turtlebot3_ws/install/turtlebot3_simulations:/home/jucy/turtlebot3_ws/install/turtlebot3_bringup:/home/jucy/turtlebot3_ws/install/turtlebot3_node:/home/jucy/turtlebot3_ws/install/turtlebot3_navigation2:/home/jucy/turtlebot3_ws/install/turtlebot3_fake_node:/home/jucy/turtlebot3_ws/install/turtlebot3_msgs:/home/jucy/turtlebot3_ws/install/turtlebot3_gazebo:/home/jucy/turtlebot3_ws/install/turtlebot3_description:/home/jucy/turtlebot3_ws/install/turtlebot3_cartographer:/home/jucy/turtlebot3_ws/install/dynamixel_sdk_examples:/home/jucy/turtlebot3_ws/install/dynamixel_sdk_custom_interfaces:/home/jucy/turtlebot3_ws/install/dynamixel_sdk:/home/jucy/ros2_ws/install/ps2_controller:/home/jucy/ydlidar_ros2_ws/install/ydlidar_ros2_driver:/home/jucy/ydlidar_ros2_ws/install/ps2_controller:/home/jucy/ydlidar_ros2_ws/install/myagv_navigation2:/home/jucy/ydlidar_ros2_ws/install/myagv_bringup:/home/jucy/ydlidar_ros2_ws/install/myagv_description:/home/jucy/ydlidar_ros2_wss/install/ydlidar_ros2_driver:/opt/ros/foxy:/opt/ros/foxy:/home/jucy/ydlidar_ws_11_29/install/nav2_gazebo_spawner:/home/jucy/ydlidar_ws_11_29/install/jdamr200_node:/home/jucy/turtlebot3_ws/install/turtlebot3_teleop:/home/jucy/turtlebot3_ws/install/turtlebot3_example:/home/jucy/turtlebot3_ws/install/nav2_goal_pulisher_test:/home/jucy/turtlebot3_ws/install/nav2_goal_publisher:/home/jucy/ros2_ws/install/camera_udp_communication:/home/jucy/ros2_ws/install/agv_control_py:/home/jucy/ydlidar_ros2_ws/install/jdamr200_teleop:/home/jucy/ydlidar_ros2_ws/install/jdamr200_node LD_LIBRARY_PATH=/home/jucy/ydlidar_ws_11_29/ydlidar_ws/install/nav2_lifecycle_manager/lib:/home/jucy/ydlidar_ws_11_29/ydlidar_ws/install/nav2_util/lib:/home/jucy/ydlidar_ws_11_29/ydlidar_ws/install/nav2_msgs/lib:${LD_LIBRARY_PATH} PYTHONPATH=/home/jucy/ydlidar_ws_11_29/ydlidar_ws/install/nav2_msgs/lib/python3.8/site-packages:/home/jucy/ydlidar_ws_11_29/ydlidar_ws/install/nav2_common/lib/python3.8/site-packages:${PYTHONPATH} /usr/bin/cmake --build /home/jucy/ydlidar_ws_11_29/ydlidar_ws/build/nav2_rviz_plugins -- -j12 -l12
[20.239s] [35m[1mScanning dependencies of target nav2_rviz_plugins_autogen[0m
[20.321s] [ 20%] [34m[1mAutomatic MOC for target nav2_rviz_plugins[0m
[23.052s] [ 20%] Built target nav2_rviz_plugins_autogen
[23.145s] [35m[1mScanning dependencies of target nav2_rviz_plugins[0m
[23.923s] [ 40%] [32mBuilding CXX object CMakeFiles/nav2_rviz_plugins.dir/nav2_rviz_plugins_autogen/mocs_compilation.cpp.o[0m
[23.953s] [ 60%] [32mBuilding CXX object CMakeFiles/nav2_rviz_plugins.dir/src/goal_tool.cpp.o[0m
[23.956s] [ 80%] [32mBuilding CXX object CMakeFiles/nav2_rviz_plugins.dir/src/nav2_panel.cpp.o[0m
[41.165s] [100%] [32m[1mLinking CXX shared library libnav2_rviz_plugins.so[0m
[48.353s] [100%] Built target nav2_rviz_plugins
[48.412s] Invoked command in '/home/jucy/ydlidar_ws_11_29/ydlidar_ws/build/nav2_rviz_plugins' returned '0': AMENT_PREFIX_PATH=/home/jucy/ydlidar_ws_11_29/ydlidar_ws/install/nav2_lifecycle_manager:/home/jucy/ydlidar_ws_11_29/ydlidar_ws/install/nav2_util:/home/jucy/ydlidar_ws_11_29/ydlidar_ws/install/nav2_msgs:/home/jucy/ydlidar_ws_11_29/ydlidar_ws/install/nav2_common:${AMENT_PREFIX_PATH} CMAKE_PREFIX_PATH=/home/jucy/ydlidar_ws_11_29/ydlidar_ws/install/nav2_lifecycle_manager:/home/jucy/ydlidar_ws_11_29/ydlidar_ws/install/nav2_util:/home/jucy/ydlidar_ws_11_29/ydlidar_ws/install/nav2_msgs:/home/jucy/ydlidar_ws_11_29/ydlidar_ws/install/nav2_common:/home/jucy/ydlidar_ws_11_29/install/ydlidar_ros2_driver:/home/jucy/ydlidar_ws_11_29/install/nav2_system_tests:/home/jucy/ydlidar_ws_11_29/install/myagv_navigation2:/home/jucy/ydlidar_ws_11_29/install/nav2_bringup:/home/jucy/ydlidar_ws_11_29/install/navigation2:/home/jucy/ydlidar_ws_11_29/install/smac_planner:/home/jucy/ydlidar_ws_11_29/install/nav2_dwb_controller:/home/jucy/ydlidar_ws_11_29/install/nav2_controller:/home/jucy/ydlidar_ws_11_29/install/dwb_plugins:/home/jucy/ydlidar_ws_11_29/install/dwb_critics:/home/jucy/ydlidar_ws_11_29/install/dwb_core:/home/jucy/ydlidar_ws_11_29/install/nav_2d_utils:/home/jucy/ydlidar_ws_11_29/install/dwb_msgs:/home/jucy/ydlidar_ws_11_29/install/nav_2d_msgs:/home/jucy/ydlidar_ws_11_29/install/nav2_waypoint_follower:/home/jucy/ydlidar_ws_11_29/install/nav2_regulated_pure_pursuit_controller:/home/jucy/ydlidar_ws_11_29/install/nav2_recoveries:/home/jucy/ydlidar_ws_11_29/install/nav2_planner:/home/jucy/ydlidar_ws_11_29/install/nav2_navfn_planner:/home/jucy/ydlidar_ws_11_29/install/nav2_core:/home/jucy/ydlidar_ws_11_29/install/costmap_queue:/home/jucy/ydlidar_ws_11_29/install/nav2_costmap_2d:/home/jucy/ydlidar_ws_11_29/install/nav2_voxel_grid:/home/jucy/ydlidar_ws_11_29/install/nav2_rviz_plugins:/home/jucy/ydlidar_ws_11_29/install/nav2_map_server:/home/jucy/ydlidar_ws_11_29/install/nav2_lifecycle_manager:/home/jucy/ydlidar_ws_11_29/install/nav2_bt_navigator:/home/jucy/ydlidar_ws_11_29/install/nav2_behavior_tree:/home/jucy/ydlidar_ws_11_29/install/nav2_amcl:/home/jucy/ydlidar_ws_11_29/install/nav2_util:/home/jucy/ydlidar_ws_11_29/install/nav2_msgs:/home/jucy/ydlidar_ws_11_29/install/nav2_common:/home/jucy/ydlidar_ws_11_29/install/myagv_bringup:/home/jucy/ydlidar_ws_11_29/install/myagv_description:/home/jucy/new_ws/install/myagv_description:/home/jucy/new_ws/install/aseembly:/home/jucy/turtlebot3_ws/install/turtlebot3:/home/jucy/turtlebot3_ws/install/turtlebot3_simulations:/home/jucy/turtlebot3_ws/install/turtlebot3_bringup:/home/jucy/turtlebot3_ws/install/turtlebot3_node:/home/jucy/turtlebot3_ws/install/turtlebot3_navigation2:/home/jucy/turtlebot3_ws/install/turtlebot3_fake_node:/home/jucy/turtlebot3_ws/install/turtlebot3_msgs:/home/jucy/turtlebot3_ws/install/turtlebot3_gazebo:/home/jucy/turtlebot3_ws/install/turtlebot3_description:/home/jucy/turtlebot3_ws/install/turtlebot3_cartographer:/home/jucy/turtlebot3_ws/install/dynamixel_sdk_examples:/home/jucy/turtlebot3_ws/install/dynamixel_sdk_custom_interfaces:/home/jucy/turtlebot3_ws/install/dynamixel_sdk:/home/jucy/ros2_ws/install/ps2_controller:/home/jucy/ydlidar_ros2_ws/install/ydlidar_ros2_driver:/home/jucy/ydlidar_ros2_ws/install/ps2_controller:/home/jucy/ydlidar_ros2_ws/install/myagv_navigation2:/home/jucy/ydlidar_ros2_ws/install/myagv_bringup:/home/jucy/ydlidar_ros2_ws/install/myagv_description:/home/jucy/ydlidar_ros2_wss/install/ydlidar_ros2_driver:/opt/ros/foxy:/opt/ros/foxy:/home/jucy/ydlidar_ws_11_29/install/nav2_gazebo_spawner:/home/jucy/ydlidar_ws_11_29/install/jdamr200_node:/home/jucy/turtlebot3_ws/install/turtlebot3_teleop:/home/jucy/turtlebot3_ws/install/turtlebot3_example:/home/jucy/turtlebot3_ws/install/nav2_goal_pulisher_test:/home/jucy/turtlebot3_ws/install/nav2_goal_publisher:/home/jucy/ros2_ws/install/camera_udp_communication:/home/jucy/ros2_ws/install/agv_control_py:/home/jucy/ydlidar_ros2_ws/install/jdamr200_teleop:/home/jucy/ydlidar_ros2_ws/install/jdamr200_node LD_LIBRARY_PATH=/home/jucy/ydlidar_ws_11_29/ydlidar_ws/install/nav2_lifecycle_manager/lib:/home/jucy/ydlidar_ws_11_29/ydlidar_ws/install/nav2_util/lib:/home/jucy/ydlidar_ws_11_29/ydlidar_ws/install/nav2_msgs/lib:${LD_LIBRARY_PATH} PYTHONPATH=/home/jucy/ydlidar_ws_11_29/ydlidar_ws/install/nav2_msgs/lib/python3.8/site-packages:/home/jucy/ydlidar_ws_11_29/ydlidar_ws/install/nav2_common/lib/python3.8/site-packages:${PYTHONPATH} /usr/bin/cmake --build /home/jucy/ydlidar_ws_11_29/ydlidar_ws/build/nav2_rviz_plugins -- -j12 -l12
[48.419s] Invoking command in '/home/jucy/ydlidar_ws_11_29/ydlidar_ws/build/nav2_rviz_plugins': AMENT_PREFIX_PATH=/home/jucy/ydlidar_ws_11_29/ydlidar_ws/install/nav2_lifecycle_manager:/home/jucy/ydlidar_ws_11_29/ydlidar_ws/install/nav2_util:/home/jucy/ydlidar_ws_11_29/ydlidar_ws/install/nav2_msgs:/home/jucy/ydlidar_ws_11_29/ydlidar_ws/install/nav2_common:${AMENT_PREFIX_PATH} CMAKE_PREFIX_PATH=/home/jucy/ydlidar_ws_11_29/ydlidar_ws/install/nav2_lifecycle_manager:/home/jucy/ydlidar_ws_11_29/ydlidar_ws/install/nav2_util:/home/jucy/ydlidar_ws_11_29/ydlidar_ws/install/nav2_msgs:/home/jucy/ydlidar_ws_11_29/ydlidar_ws/install/nav2_common:/home/jucy/ydlidar_ws_11_29/install/ydlidar_ros2_driver:/home/jucy/ydlidar_ws_11_29/install/nav2_system_tests:/home/jucy/ydlidar_ws_11_29/install/myagv_navigation2:/home/jucy/ydlidar_ws_11_29/install/nav2_bringup:/home/jucy/ydlidar_ws_11_29/install/navigation2:/home/jucy/ydlidar_ws_11_29/install/smac_planner:/home/jucy/ydlidar_ws_11_29/install/nav2_dwb_controller:/home/jucy/ydlidar_ws_11_29/install/nav2_controller:/home/jucy/ydlidar_ws_11_29/install/dwb_plugins:/home/jucy/ydlidar_ws_11_29/install/dwb_critics:/home/jucy/ydlidar_ws_11_29/install/dwb_core:/home/jucy/ydlidar_ws_11_29/install/nav_2d_utils:/home/jucy/ydlidar_ws_11_29/install/dwb_msgs:/home/jucy/ydlidar_ws_11_29/install/nav_2d_msgs:/home/jucy/ydlidar_ws_11_29/install/nav2_waypoint_follower:/home/jucy/ydlidar_ws_11_29/install/nav2_regulated_pure_pursuit_controller:/home/jucy/ydlidar_ws_11_29/install/nav2_recoveries:/home/jucy/ydlidar_ws_11_29/install/nav2_planner:/home/jucy/ydlidar_ws_11_29/install/nav2_navfn_planner:/home/jucy/ydlidar_ws_11_29/install/nav2_core:/home/jucy/ydlidar_ws_11_29/install/costmap_queue:/home/jucy/ydlidar_ws_11_29/install/nav2_costmap_2d:/home/jucy/ydlidar_ws_11_29/install/nav2_voxel_grid:/home/jucy/ydlidar_ws_11_29/install/nav2_rviz_plugins:/home/jucy/ydlidar_ws_11_29/install/nav2_map_server:/home/jucy/ydlidar_ws_11_29/install/nav2_lifecycle_manager:/home/jucy/ydlidar_ws_11_29/install/nav2_bt_navigator:/home/jucy/ydlidar_ws_11_29/install/nav2_behavior_tree:/home/jucy/ydlidar_ws_11_29/install/nav2_amcl:/home/jucy/ydlidar_ws_11_29/install/nav2_util:/home/jucy/ydlidar_ws_11_29/install/nav2_msgs:/home/jucy/ydlidar_ws_11_29/install/nav2_common:/home/jucy/ydlidar_ws_11_29/install/myagv_bringup:/home/jucy/ydlidar_ws_11_29/install/myagv_description:/home/jucy/new_ws/install/myagv_description:/home/jucy/new_ws/install/aseembly:/home/jucy/turtlebot3_ws/install/turtlebot3:/home/jucy/turtlebot3_ws/install/turtlebot3_simulations:/home/jucy/turtlebot3_ws/install/turtlebot3_bringup:/home/jucy/turtlebot3_ws/install/turtlebot3_node:/home/jucy/turtlebot3_ws/install/turtlebot3_navigation2:/home/jucy/turtlebot3_ws/install/turtlebot3_fake_node:/home/jucy/turtlebot3_ws/install/turtlebot3_msgs:/home/jucy/turtlebot3_ws/install/turtlebot3_gazebo:/home/jucy/turtlebot3_ws/install/turtlebot3_description:/home/jucy/turtlebot3_ws/install/turtlebot3_cartographer:/home/jucy/turtlebot3_ws/install/dynamixel_sdk_examples:/home/jucy/turtlebot3_ws/install/dynamixel_sdk_custom_interfaces:/home/jucy/turtlebot3_ws/install/dynamixel_sdk:/home/jucy/ros2_ws/install/ps2_controller:/home/jucy/ydlidar_ros2_ws/install/ydlidar_ros2_driver:/home/jucy/ydlidar_ros2_ws/install/ps2_controller:/home/jucy/ydlidar_ros2_ws/install/myagv_navigation2:/home/jucy/ydlidar_ros2_ws/install/myagv_bringup:/home/jucy/ydlidar_ros2_ws/install/myagv_description:/home/jucy/ydlidar_ros2_wss/install/ydlidar_ros2_driver:/opt/ros/foxy:/opt/ros/foxy:/home/jucy/ydlidar_ws_11_29/install/nav2_gazebo_spawner:/home/jucy/ydlidar_ws_11_29/install/jdamr200_node:/home/jucy/turtlebot3_ws/install/turtlebot3_teleop:/home/jucy/turtlebot3_ws/install/turtlebot3_example:/home/jucy/turtlebot3_ws/install/nav2_goal_pulisher_test:/home/jucy/turtlebot3_ws/install/nav2_goal_publisher:/home/jucy/ros2_ws/install/camera_udp_communication:/home/jucy/ros2_ws/install/agv_control_py:/home/jucy/ydlidar_ros2_ws/install/jdamr200_teleop:/home/jucy/ydlidar_ros2_ws/install/jdamr200_node LD_LIBRARY_PATH=/home/jucy/ydlidar_ws_11_29/ydlidar_ws/install/nav2_lifecycle_manager/lib:/home/jucy/ydlidar_ws_11_29/ydlidar_ws/install/nav2_util/lib:/home/jucy/ydlidar_ws_11_29/ydlidar_ws/install/nav2_msgs/lib:${LD_LIBRARY_PATH} PYTHONPATH=/home/jucy/ydlidar_ws_11_29/ydlidar_ws/install/nav2_msgs/lib/python3.8/site-packages:/home/jucy/ydlidar_ws_11_29/ydlidar_ws/install/nav2_common/lib/python3.8/site-packages:${PYTHONPATH} /usr/bin/cmake --install /home/jucy/ydlidar_ws_11_29/ydlidar_ws/build/nav2_rviz_plugins
[48.466s] -- Install configuration: ""
[48.466s] -- Installing: /home/jucy/ydlidar_ws_11_29/ydlidar_ws/install/nav2_rviz_plugins/share/nav2_rviz_plugins/plugins_description.xml
[48.467s] -- Installing: /home/jucy/ydlidar_ws_11_29/ydlidar_ws/install/nav2_rviz_plugins/lib/libnav2_rviz_plugins.so
[48.474s] -- Set runtime path of "/home/jucy/ydlidar_ws_11_29/ydlidar_ws/install/nav2_rviz_plugins/lib/libnav2_rviz_plugins.so" to ""
[48.475s] -- Installing: /home/jucy/ydlidar_ws_11_29/ydlidar_ws/install/nav2_rviz_plugins/include/
[48.475s] -- Installing: /home/jucy/ydlidar_ws_11_29/ydlidar_ws/install/nav2_rviz_plugins/include//nav2_rviz_plugins
[48.476s] -- Installing: /home/jucy/ydlidar_ws_11_29/ydlidar_ws/install/nav2_rviz_plugins/include//nav2_rviz_plugins/nav2_panel.hpp
[48.476s] -- Installing: /home/jucy/ydlidar_ws_11_29/ydlidar_ws/install/nav2_rviz_plugins/include//nav2_rviz_plugins/goal_pose_updater.hpp
[48.477s] -- Installing: /home/jucy/ydlidar_ws_11_29/ydlidar_ws/install/nav2_rviz_plugins/include//nav2_rviz_plugins/goal_common.hpp
[48.477s] -- Installing: /home/jucy/ydlidar_ws_11_29/ydlidar_ws/install/nav2_rviz_plugins/include//nav2_rviz_plugins/ros_action_qevent.hpp
[48.478s] -- Installing: /home/jucy/ydlidar_ws_11_29/ydlidar_ws/install/nav2_rviz_plugins/include//nav2_rviz_plugins/goal_tool.hpp
[48.479s] -- Installing: /home/jucy/ydlidar_ws_11_29/ydlidar_ws/install/nav2_rviz_plugins/share/nav2_rviz_plugins/environment/library_path.sh
[48.479s] -- Installing: /home/jucy/ydlidar_ws_11_29/ydlidar_ws/install/nav2_rviz_plugins/share/nav2_rviz_plugins/environment/library_path.dsv
[48.480s] -- Installing: /home/jucy/ydlidar_ws_11_29/ydlidar_ws/install/nav2_rviz_plugins/share/ament_index/resource_index/package_run_dependencies/nav2_rviz_plugins
[48.481s] -- Installing: /home/jucy/ydlidar_ws_11_29/ydlidar_ws/install/nav2_rviz_plugins/share/ament_index/resource_index/parent_prefix_path/nav2_rviz_plugins
[48.482s] -- Installing: /home/jucy/ydlidar_ws_11_29/ydlidar_ws/install/nav2_rviz_plugins/share/nav2_rviz_plugins/environment/ament_prefix_path.sh
[48.482s] -- Installing: /home/jucy/ydlidar_ws_11_29/ydlidar_ws/install/nav2_rviz_plugins/share/nav2_rviz_plugins/environment/ament_prefix_path.dsv
[48.483s] -- Installing: /home/jucy/ydlidar_ws_11_29/ydlidar_ws/install/nav2_rviz_plugins/share/nav2_rviz_plugins/environment/path.sh
[48.484s] -- Installing: /home/jucy/ydlidar_ws_11_29/ydlidar_ws/install/nav2_rviz_plugins/share/nav2_rviz_plugins/environment/path.dsv
[48.484s] -- Installing: /home/jucy/ydlidar_ws_11_29/ydlidar_ws/install/nav2_rviz_plugins/share/nav2_rviz_plugins/local_setup.bash
[48.485s] -- Installing: /home/jucy/ydlidar_ws_11_29/ydlidar_ws/install/nav2_rviz_plugins/share/nav2_rviz_plugins/local_setup.sh
[48.486s] -- Installing: /home/jucy/ydlidar_ws_11_29/ydlidar_ws/install/nav2_rviz_plugins/share/nav2_rviz_plugins/local_setup.zsh
[48.487s] -- Installing: /home/jucy/ydlidar_ws_11_29/ydlidar_ws/install/nav2_rviz_plugins/share/nav2_rviz_plugins/local_setup.dsv
[48.487s] -- Installing: /home/jucy/ydlidar_ws_11_29/ydlidar_ws/install/nav2_rviz_plugins/share/nav2_rviz_plugins/package.dsv
[48.488s] -- Installing: /home/jucy/ydlidar_ws_11_29/ydlidar_ws/install/nav2_rviz_plugins/share/ament_index/resource_index/packages/nav2_rviz_plugins
[48.489s] -- Installing: /home/jucy/ydlidar_ws_11_29/ydlidar_ws/install/nav2_rviz_plugins/share/ament_index/resource_index/rviz_common__pluginlib__plugin/nav2_rviz_plugins
[48.490s] -- Installing: /home/jucy/ydlidar_ws_11_29/ydlidar_ws/install/nav2_rviz_plugins/share/nav2_rviz_plugins/cmake/nav2_rviz_pluginsExport.cmake
[48.490s] -- Installing: /home/jucy/ydlidar_ws_11_29/ydlidar_ws/install/nav2_rviz_plugins/share/nav2_rviz_plugins/cmake/nav2_rviz_pluginsExport-noconfig.cmake
[48.491s] -- Installing: /home/jucy/ydlidar_ws_11_29/ydlidar_ws/install/nav2_rviz_plugins/share/nav2_rviz_plugins/cmake/ament_cmake_export_include_directories-extras.cmake
[48.492s] -- Installing: /home/jucy/ydlidar_ws_11_29/ydlidar_ws/install/nav2_rviz_plugins/share/nav2_rviz_plugins/cmake/ament_cmake_export_targets-extras.cmake
[48.492s] -- Installing: /home/jucy/ydlidar_ws_11_29/ydlidar_ws/install/nav2_rviz_plugins/share/nav2_rviz_plugins/cmake/ament_cmake_export_dependencies-extras.cmake
[48.493s] -- Installing: /home/jucy/ydlidar_ws_11_29/ydlidar_ws/install/nav2_rviz_plugins/share/nav2_rviz_plugins/cmake/nav2_rviz_pluginsConfig.cmake
[48.494s] -- Installing: /home/jucy/ydlidar_ws_11_29/ydlidar_ws/install/nav2_rviz_plugins/share/nav2_rviz_plugins/cmake/nav2_rviz_pluginsConfig-version.cmake
[48.494s] -- Installing: /home/jucy/ydlidar_ws_11_29/ydlidar_ws/install/nav2_rviz_plugins/share/nav2_rviz_plugins/package.xml
[48.499s] Invoked command in '/home/jucy/ydlidar_ws_11_29/ydlidar_ws/build/nav2_rviz_plugins' returned '0': AMENT_PREFIX_PATH=/home/jucy/ydlidar_ws_11_29/ydlidar_ws/install/nav2_lifecycle_manager:/home/jucy/ydlidar_ws_11_29/ydlidar_ws/install/nav2_util:/home/jucy/ydlidar_ws_11_29/ydlidar_ws/install/nav2_msgs:/home/jucy/ydlidar_ws_11_29/ydlidar_ws/install/nav2_common:${AMENT_PREFIX_PATH} CMAKE_PREFIX_PATH=/home/jucy/ydlidar_ws_11_29/ydlidar_ws/install/nav2_lifecycle_manager:/home/jucy/ydlidar_ws_11_29/ydlidar_ws/install/nav2_util:/home/jucy/ydlidar_ws_11_29/ydlidar_ws/install/nav2_msgs:/home/jucy/ydlidar_ws_11_29/ydlidar_ws/install/nav2_common:/home/jucy/ydlidar_ws_11_29/install/ydlidar_ros2_driver:/home/jucy/ydlidar_ws_11_29/install/nav2_system_tests:/home/jucy/ydlidar_ws_11_29/install/myagv_navigation2:/home/jucy/ydlidar_ws_11_29/install/nav2_bringup:/home/jucy/ydlidar_ws_11_29/install/navigation2:/home/jucy/ydlidar_ws_11_29/install/smac_planner:/home/jucy/ydlidar_ws_11_29/install/nav2_dwb_controller:/home/jucy/ydlidar_ws_11_29/install/nav2_controller:/home/jucy/ydlidar_ws_11_29/install/dwb_plugins:/home/jucy/ydlidar_ws_11_29/install/dwb_critics:/home/jucy/ydlidar_ws_11_29/install/dwb_core:/home/jucy/ydlidar_ws_11_29/install/nav_2d_utils:/home/jucy/ydlidar_ws_11_29/install/dwb_msgs:/home/jucy/ydlidar_ws_11_29/install/nav_2d_msgs:/home/jucy/ydlidar_ws_11_29/install/nav2_waypoint_follower:/home/jucy/ydlidar_ws_11_29/install/nav2_regulated_pure_pursuit_controller:/home/jucy/ydlidar_ws_11_29/install/nav2_recoveries:/home/jucy/ydlidar_ws_11_29/install/nav2_planner:/home/jucy/ydlidar_ws_11_29/install/nav2_navfn_planner:/home/jucy/ydlidar_ws_11_29/install/nav2_core:/home/jucy/ydlidar_ws_11_29/install/costmap_queue:/home/jucy/ydlidar_ws_11_29/install/nav2_costmap_2d:/home/jucy/ydlidar_ws_11_29/install/nav2_voxel_grid:/home/jucy/ydlidar_ws_11_29/install/nav2_rviz_plugins:/home/jucy/ydlidar_ws_11_29/install/nav2_map_server:/home/jucy/ydlidar_ws_11_29/install/nav2_lifecycle_manager:/home/jucy/ydlidar_ws_11_29/install/nav2_bt_navigator:/home/jucy/ydlidar_ws_11_29/install/nav2_behavior_tree:/home/jucy/ydlidar_ws_11_29/install/nav2_amcl:/home/jucy/ydlidar_ws_11_29/install/nav2_util:/home/jucy/ydlidar_ws_11_29/install/nav2_msgs:/home/jucy/ydlidar_ws_11_29/install/nav2_common:/home/jucy/ydlidar_ws_11_29/install/myagv_bringup:/home/jucy/ydlidar_ws_11_29/install/myagv_description:/home/jucy/new_ws/install/myagv_description:/home/jucy/new_ws/install/aseembly:/home/jucy/turtlebot3_ws/install/turtlebot3:/home/jucy/turtlebot3_ws/install/turtlebot3_simulations:/home/jucy/turtlebot3_ws/install/turtlebot3_bringup:/home/jucy/turtlebot3_ws/install/turtlebot3_node:/home/jucy/turtlebot3_ws/install/turtlebot3_navigation2:/home/jucy/turtlebot3_ws/install/turtlebot3_fake_node:/home/jucy/turtlebot3_ws/install/turtlebot3_msgs:/home/jucy/turtlebot3_ws/install/turtlebot3_gazebo:/home/jucy/turtlebot3_ws/install/turtlebot3_description:/home/jucy/turtlebot3_ws/install/turtlebot3_cartographer:/home/jucy/turtlebot3_ws/install/dynamixel_sdk_examples:/home/jucy/turtlebot3_ws/install/dynamixel_sdk_custom_interfaces:/home/jucy/turtlebot3_ws/install/dynamixel_sdk:/home/jucy/ros2_ws/install/ps2_controller:/home/jucy/ydlidar_ros2_ws/install/ydlidar_ros2_driver:/home/jucy/ydlidar_ros2_ws/install/ps2_controller:/home/jucy/ydlidar_ros2_ws/install/myagv_navigation2:/home/jucy/ydlidar_ros2_ws/install/myagv_bringup:/home/jucy/ydlidar_ros2_ws/install/myagv_description:/home/jucy/ydlidar_ros2_wss/install/ydlidar_ros2_driver:/opt/ros/foxy:/opt/ros/foxy:/home/jucy/ydlidar_ws_11_29/install/nav2_gazebo_spawner:/home/jucy/ydlidar_ws_11_29/install/jdamr200_node:/home/jucy/turtlebot3_ws/install/turtlebot3_teleop:/home/jucy/turtlebot3_ws/install/turtlebot3_example:/home/jucy/turtlebot3_ws/install/nav2_goal_pulisher_test:/home/jucy/turtlebot3_ws/install/nav2_goal_publisher:/home/jucy/ros2_ws/install/camera_udp_communication:/home/jucy/ros2_ws/install/agv_control_py:/home/jucy/ydlidar_ros2_ws/install/jdamr200_teleop:/home/jucy/ydlidar_ros2_ws/install/jdamr200_node LD_LIBRARY_PATH=/home/jucy/ydlidar_ws_11_29/ydlidar_ws/install/nav2_lifecycle_manager/lib:/home/jucy/ydlidar_ws_11_29/ydlidar_ws/install/nav2_util/lib:/home/jucy/ydlidar_ws_11_29/ydlidar_ws/install/nav2_msgs/lib:${LD_LIBRARY_PATH} PYTHONPATH=/home/jucy/ydlidar_ws_11_29/ydlidar_ws/install/nav2_msgs/lib/python3.8/site-packages:/home/jucy/ydlidar_ws_11_29/ydlidar_ws/install/nav2_common/lib/python3.8/site-packages:${PYTHONPATH} /usr/bin/cmake --install /home/jucy/ydlidar_ws_11_29/ydlidar_ws/build/nav2_rviz_plugins
