[0.045s] Invoking command in '/home/jucy/ydlidar_ws_11_29/build/myagv_description': CMAKE_PREFIX_PATH=${CMAKE_PREFIX_PATH}:/home/jucy/ydlidar_ros2_ws/install/nav2_gazebo_spawner:/home/jucy/ydlidar_ros2_ws/install/jdamr200_teleop:/home/jucy/ydlidar_ros2_ws/install/jdamr200_node:/home/jucy/turtlebot3_ws/install/turtlebot3_teleop:/home/jucy/turtlebot3_ws/install/turtlebot3_example:/home/jucy/turtlebot3_ws/install/nav2_goal_pulisher_test:/home/jucy/turtlebot3_ws/install/nav2_goal_publisher:/home/jucy/ros2_ws/install/camera_udp_communication:/home/jucy/ros2_ws/install/agv_control_py:/home/jucy/ydlidar_ws_11_29/install/jdamr200_node /usr/bin/cmake --build /home/jucy/ydlidar_ws_11_29/build/myagv_description -- -j12 -l12
[0.517s] Invoked command in '/home/jucy/ydlidar_ws_11_29/build/myagv_description' returned '0': CMAKE_PREFIX_PATH=${CMAKE_PREFIX_PATH}:/home/jucy/ydlidar_ros2_ws/install/nav2_gazebo_spawner:/home/jucy/ydlidar_ros2_ws/install/jdamr200_teleop:/home/jucy/ydlidar_ros2_ws/install/jdamr200_node:/home/jucy/turtlebot3_ws/install/turtlebot3_teleop:/home/jucy/turtlebot3_ws/install/turtlebot3_example:/home/jucy/turtlebot3_ws/install/nav2_goal_pulisher_test:/home/jucy/turtlebot3_ws/install/nav2_goal_publisher:/home/jucy/ros2_ws/install/camera_udp_communication:/home/jucy/ros2_ws/install/agv_control_py:/home/jucy/ydlidar_ws_11_29/install/jdamr200_node /usr/bin/cmake --build /home/jucy/ydlidar_ws_11_29/build/myagv_description -- -j12 -l12
[0.546s] Invoking command in '/home/jucy/ydlidar_ws_11_29/build/myagv_description': CMAKE_PREFIX_PATH=${CMAKE_PREFIX_PATH}:/home/jucy/ydlidar_ros2_ws/install/nav2_gazebo_spawner:/home/jucy/ydlidar_ros2_ws/install/jdamr200_teleop:/home/jucy/ydlidar_ros2_ws/install/jdamr200_node:/home/jucy/turtlebot3_ws/install/turtlebot3_teleop:/home/jucy/turtlebot3_ws/install/turtlebot3_example:/home/jucy/turtlebot3_ws/install/nav2_goal_pulisher_test:/home/jucy/turtlebot3_ws/install/nav2_goal_publisher:/home/jucy/ros2_ws/install/camera_udp_communication:/home/jucy/ros2_ws/install/agv_control_py:/home/jucy/ydlidar_ws_11_29/install/jdamr200_node /usr/bin/cmake --install /home/jucy/ydlidar_ws_11_29/build/myagv_description
[0.557s] -- Install configuration: ""
[0.557s] -- Up-to-date: /home/jucy/ydlidar_ws_11_29/install/myagv_description/share/myagv_description/config
[0.557s] -- Up-to-date: /home/jucy/ydlidar_ws_11_29/install/myagv_description/share/myagv_description/config/joint_names_aseembly.yaml
[0.557s] -- Up-to-date: /home/jucy/ydlidar_ws_11_29/install/myagv_description/share/myagv_description/launch
[0.557s] -- Up-to-date: /home/jucy/ydlidar_ws_11_29/install/myagv_description/share/myagv_description/launch/display_s.launch.py
[0.558s] -- Up-to-date: /home/jucy/ydlidar_ws_11_29/install/myagv_description/share/myagv_description/launch/gazebo.launch
[0.558s] -- Up-to-date: /home/jucy/ydlidar_ws_11_29/install/myagv_description/share/myagv_description/launch/transform_publisher.launch.py
[0.558s] -- Up-to-date: /home/jucy/ydlidar_ws_11_29/install/myagv_description/share/myagv_description/launch/display.launch.py
[0.558s] -- Up-to-date: /home/jucy/ydlidar_ws_11_29/install/myagv_description/share/myagv_description/launch/robot_state_publisher.launch.py
[0.558s] -- Up-to-date: /home/jucy/ydlidar_ws_11_29/install/myagv_description/share/myagv_description/meshes
[0.558s] -- Up-to-date: /home/jucy/ydlidar_ws_11_29/install/myagv_description/share/myagv_description/meshes/wheele4_link.STL
[0.558s] -- Up-to-date: /home/jucy/ydlidar_ws_11_29/install/myagv_description/share/myagv_description/meshes/wheele2_link.STL
[0.558s] -- Up-to-date: /home/jucy/ydlidar_ws_11_29/install/myagv_description/share/myagv_description/meshes/wheele3_link.STL
[0.558s] -- Up-to-date: /home/jucy/ydlidar_ws_11_29/install/myagv_description/share/myagv_description/meshes/base_link.STL
[0.558s] -- Up-to-date: /home/jucy/ydlidar_ws_11_29/install/myagv_description/share/myagv_description/meshes/wheele1_link.STL
[0.558s] -- Up-to-date: /home/jucy/ydlidar_ws_11_29/install/myagv_description/share/myagv_description/meshes/lidar_link.STL
[0.558s] -- Up-to-date: /home/jucy/ydlidar_ws_11_29/install/myagv_description/share/myagv_description/urdf
[0.558s] -- Up-to-date: /home/jucy/ydlidar_ws_11_29/install/myagv_description/share/myagv_description/urdf/myagv_description.urdf
[0.558s] -- Up-to-date: /home/jucy/ydlidar_ws_11_29/install/myagv_description/share/myagv_description/urdf/myagv_description.csv
[0.559s] -- Up-to-date: /home/jucy/ydlidar_ws_11_29/install/myagv_description/share/ament_index/resource_index/package_run_dependencies/myagv_description
[0.559s] -- Up-to-date: /home/jucy/ydlidar_ws_11_29/install/myagv_description/share/ament_index/resource_index/parent_prefix_path/myagv_description
[0.559s] -- Up-to-date: /home/jucy/ydlidar_ws_11_29/install/myagv_description/share/myagv_description/environment/ament_prefix_path.sh
[0.559s] -- Up-to-date: /home/jucy/ydlidar_ws_11_29/install/myagv_description/share/myagv_description/environment/ament_prefix_path.dsv
[0.559s] -- Up-to-date: /home/jucy/ydlidar_ws_11_29/install/myagv_description/share/myagv_description/environment/path.sh
[0.559s] -- Up-to-date: /home/jucy/ydlidar_ws_11_29/install/myagv_description/share/myagv_description/environment/path.dsv
[0.559s] -- Up-to-date: /home/jucy/ydlidar_ws_11_29/install/myagv_description/share/myagv_description/local_setup.bash
[0.559s] -- Up-to-date: /home/jucy/ydlidar_ws_11_29/install/myagv_description/share/myagv_description/local_setup.sh
[0.559s] -- Up-to-date: /home/jucy/ydlidar_ws_11_29/install/myagv_description/share/myagv_description/local_setup.zsh
[0.559s] -- Up-to-date: /home/jucy/ydlidar_ws_11_29/install/myagv_description/share/myagv_description/local_setup.dsv
[0.559s] -- Installing: /home/jucy/ydlidar_ws_11_29/install/myagv_description/share/myagv_description/package.dsv
[0.560s] -- Up-to-date: /home/jucy/ydlidar_ws_11_29/install/myagv_description/share/ament_index/resource_index/packages/myagv_description
[0.560s] -- Up-to-date: /home/jucy/ydlidar_ws_11_29/install/myagv_description/share/myagv_description/cmake/myagv_descriptionConfig.cmake
[0.561s] -- Up-to-date: /home/jucy/ydlidar_ws_11_29/install/myagv_description/share/myagv_description/cmake/myagv_descriptionConfig-version.cmake
[0.561s] -- Up-to-date: /home/jucy/ydlidar_ws_11_29/install/myagv_description/share/myagv_description/package.xml
[0.561s] Invoked command in '/home/jucy/ydlidar_ws_11_29/build/myagv_description' returned '0': CMAKE_PREFIX_PATH=${CMAKE_PREFIX_PATH}:/home/jucy/ydlidar_ros2_ws/install/nav2_gazebo_spawner:/home/jucy/ydlidar_ros2_ws/install/jdamr200_teleop:/home/jucy/ydlidar_ros2_ws/install/jdamr200_node:/home/jucy/turtlebot3_ws/install/turtlebot3_teleop:/home/jucy/turtlebot3_ws/install/turtlebot3_example:/home/jucy/turtlebot3_ws/install/nav2_goal_pulisher_test:/home/jucy/turtlebot3_ws/install/nav2_goal_publisher:/home/jucy/ros2_ws/install/camera_udp_communication:/home/jucy/ros2_ws/install/agv_control_py:/home/jucy/ydlidar_ws_11_29/install/jdamr200_node /usr/bin/cmake --install /home/jucy/ydlidar_ws_11_29/build/myagv_description
