[0.233s] Invoking command in '/home/jucy/ydlidar_ws_11_29/build/myagv_navigation2': /usr/bin/cmake --build /home/jucy/ydlidar_ws_11_29/build/myagv_navigation2 -- -j12 -l12
[0.292s] Invoked command in '/home/jucy/ydlidar_ws_11_29/build/myagv_navigation2' returned '0': /usr/bin/cmake --build /home/jucy/ydlidar_ws_11_29/build/myagv_navigation2 -- -j12 -l12
[0.294s] Invoking command in '/home/jucy/ydlidar_ws_11_29/build/myagv_navigation2': /usr/bin/cmake --install /home/jucy/ydlidar_ws_11_29/build/myagv_navigation2
[0.306s] -- Install configuration: ""
[0.306s] -- Up-to-date: /home/jucy/ydlidar_ws_11_29/install/myagv_navigation2/share/myagv_navigation2/launch
[0.306s] -- Up-to-date: /home/jucy/ydlidar_ws_11_29/install/myagv_navigation2/share/myagv_navigation2/launch/navigation2.launch.py
[0.306s] -- Up-to-date: /home/jucy/ydlidar_ws_11_29/install/myagv_navigation2/share/myagv_navigation2/map
[0.307s] -- Up-to-date: /home/jucy/ydlidar_ws_11_29/install/myagv_navigation2/share/myagv_navigation2/map/test7_map.pgm
[0.307s] -- Up-to-date: /home/jucy/ydlidar_ws_11_29/install/myagv_navigation2/share/myagv_navigation2/map/test5_map.yaml
[0.307s] -- Up-to-date: /home/jucy/ydlidar_ws_11_29/install/myagv_navigation2/share/myagv_navigation2/map/test4_map.yaml
[0.307s] -- Up-to-date: /home/jucy/ydlidar_ws_11_29/install/myagv_navigation2/share/myagv_navigation2/map/test6_map.pgm
[0.307s] -- Up-to-date: /home/jucy/ydlidar_ws_11_29/install/myagv_navigation2/share/myagv_navigation2/map/test4_map.pgm
[0.307s] -- Up-to-date: /home/jucy/ydlidar_ws_11_29/install/myagv_navigation2/share/myagv_navigation2/map/test5_map.pgm
[0.308s] -- Up-to-date: /home/jucy/ydlidar_ws_11_29/install/myagv_navigation2/share/myagv_navigation2/map/map.yaml
[0.308s] -- Up-to-date: /home/jucy/ydlidar_ws_11_29/install/myagv_navigation2/share/myagv_navigation2/map/test6_map.yaml
[0.308s] -- Up-to-date: /home/jucy/ydlidar_ws_11_29/install/myagv_navigation2/share/myagv_navigation2/map/test7_map.yaml
[0.308s] -- Up-to-date: /home/jucy/ydlidar_ws_11_29/install/myagv_navigation2/share/myagv_navigation2/map/map.pgm
[0.308s] -- Up-to-date: /home/jucy/ydlidar_ws_11_29/install/myagv_navigation2/share/myagv_navigation2/map/test7_map.zip
[0.308s] -- Up-to-date: /home/jucy/ydlidar_ws_11_29/install/myagv_navigation2/share/myagv_navigation2/param
[0.308s] -- Up-to-date: /home/jucy/ydlidar_ws_11_29/install/myagv_navigation2/share/myagv_navigation2/param/myagv.yaml
[0.308s] -- Up-to-date: /home/jucy/ydlidar_ws_11_29/install/myagv_navigation2/share/myagv_navigation2/param/follow_point_bt.xml
[0.309s] -- Up-to-date: /home/jucy/ydlidar_ws_11_29/install/myagv_navigation2/share/myagv_navigation2/rviz
[0.309s] -- Up-to-date: /home/jucy/ydlidar_ws_11_29/install/myagv_navigation2/share/myagv_navigation2/rviz/nav2_config_object_following.rviz
[0.309s] -- Up-to-date: /home/jucy/ydlidar_ws_11_29/install/myagv_navigation2/share/ament_index/resource_index/package_run_dependencies/myagv_navigation2
[0.309s] -- Up-to-date: /home/jucy/ydlidar_ws_11_29/install/myagv_navigation2/share/ament_index/resource_index/parent_prefix_path/myagv_navigation2
[0.309s] -- Up-to-date: /home/jucy/ydlidar_ws_11_29/install/myagv_navigation2/share/myagv_navigation2/environment/ament_prefix_path.sh
[0.310s] -- Up-to-date: /home/jucy/ydlidar_ws_11_29/install/myagv_navigation2/share/myagv_navigation2/environment/ament_prefix_path.dsv
[0.310s] -- Up-to-date: /home/jucy/ydlidar_ws_11_29/install/myagv_navigation2/share/myagv_navigation2/environment/path.sh
[0.310s] -- Up-to-date: /home/jucy/ydlidar_ws_11_29/install/myagv_navigation2/share/myagv_navigation2/environment/path.dsv
[0.310s] -- Up-to-date: /home/jucy/ydlidar_ws_11_29/install/myagv_navigation2/share/myagv_navigation2/local_setup.bash
[0.310s] -- Up-to-date: /home/jucy/ydlidar_ws_11_29/install/myagv_navigation2/share/myagv_navigation2/local_setup.sh
[0.310s] -- Up-to-date: /home/jucy/ydlidar_ws_11_29/install/myagv_navigation2/share/myagv_navigation2/local_setup.zsh
[0.310s] -- Up-to-date: /home/jucy/ydlidar_ws_11_29/install/myagv_navigation2/share/myagv_navigation2/local_setup.dsv
[0.310s] -- Installing: /home/jucy/ydlidar_ws_11_29/install/myagv_navigation2/share/myagv_navigation2/package.dsv
[0.310s] -- Up-to-date: /home/jucy/ydlidar_ws_11_29/install/myagv_navigation2/share/ament_index/resource_index/packages/myagv_navigation2
[0.310s] -- Up-to-date: /home/jucy/ydlidar_ws_11_29/install/myagv_navigation2/share/myagv_navigation2/cmake/myagv_navigation2Config.cmake
[0.310s] -- Up-to-date: /home/jucy/ydlidar_ws_11_29/install/myagv_navigation2/share/myagv_navigation2/cmake/myagv_navigation2Config-version.cmake
[0.310s] -- Up-to-date: /home/jucy/ydlidar_ws_11_29/install/myagv_navigation2/share/myagv_navigation2/package.xml
[0.312s] Invoked command in '/home/jucy/ydlidar_ws_11_29/build/myagv_navigation2' returned '0': /usr/bin/cmake --install /home/jucy/ydlidar_ws_11_29/build/myagv_navigation2
