[0.083s] Invoking command in '/home/jucy/ydlidar_ws_11_29/build/dwb_msgs': CMAKE_PREFIX_PATH=/home/jucy/ydlidar_ws_11_29/install/nav_2d_msgs:/home/jucy/ydlidar_ws_11_29/install/ydlidar_ros2_driver:/home/jucy/ydlidar_ws_11_29/install/nav2_system_tests:/home/jucy/ydlidar_ws_11_29/install/myagv_navigation2:/home/jucy/ydlidar_ws_11_29/install/nav2_bringup:/home/jucy/ydlidar_ws_11_29/install/navigation2:/home/jucy/ydlidar_ws_11_29/install/smac_planner:/home/jucy/ydlidar_ws_11_29/install/nav2_dwb_controller:/home/jucy/ydlidar_ws_11_29/install/nav2_controller:/home/jucy/ydlidar_ws_11_29/install/dwb_plugins:/home/jucy/ydlidar_ws_11_29/install/dwb_critics:/home/jucy/ydlidar_ws_11_29/install/dwb_core:/home/jucy/ydlidar_ws_11_29/install/nav_2d_utils:/home/jucy/ydlidar_ws_11_29/install/dwb_msgs:/home/jucy/ydlidar_ws_11_29/install/nav2_waypoint_follower:/home/jucy/ydlidar_ws_11_29/install/nav2_regulated_pure_pursuit_controller:/home/jucy/ydlidar_ws_11_29/install/nav2_recoveries:/home/jucy/ydlidar_ws_11_29/install/nav2_planner:/home/jucy/ydlidar_ws_11_29/install/nav2_navfn_planner:/home/jucy/ydlidar_ws_11_29/install/nav2_core:/home/jucy/ydlidar_ws_11_29/install/costmap_queue:/home/jucy/ydlidar_ws_11_29/install/nav2_costmap_2d:/home/jucy/ydlidar_ws_11_29/install/nav2_voxel_grid:/home/jucy/ydlidar_ws_11_29/install/nav2_rviz_plugins:/home/jucy/ydlidar_ws_11_29/install/nav2_map_server:/home/jucy/ydlidar_ws_11_29/install/nav2_lifecycle_manager:/home/jucy/ydlidar_ws_11_29/install/nav2_bt_navigator:/home/jucy/ydlidar_ws_11_29/install/nav2_behavior_tree:/home/jucy/ydlidar_ws_11_29/install/nav2_amcl:/home/jucy/ydlidar_ws_11_29/install/nav2_util:/home/jucy/ydlidar_ws_11_29/install/nav2_msgs:/home/jucy/ydlidar_ws_11_29/install/nav2_common:/home/jucy/ydlidar_ws_11_29/install/myagv_bringup:/home/jucy/ydlidar_ws_11_29/install/myagv_description:/home/jucy/new_ws/install/myagv_description:/home/jucy/new_ws/install/aseembly:/home/jucy/turtlebot3_ws/install/turtlebot3:/home/jucy/turtlebot3_ws/install/turtlebot3_simulations:/home/jucy/turtlebot3_ws/install/turtlebot3_bringup:/home/jucy/turtlebot3_ws/install/turtlebot3_node:/home/jucy/turtlebot3_ws/install/turtlebot3_navigation2:/home/jucy/turtlebot3_ws/install/turtlebot3_fake_node:/home/jucy/turtlebot3_ws/install/turtlebot3_msgs:/home/jucy/turtlebot3_ws/install/turtlebot3_gazebo:/home/jucy/turtlebot3_ws/install/turtlebot3_description:/home/jucy/turtlebot3_ws/install/turtlebot3_cartographer:/home/jucy/turtlebot3_ws/install/dynamixel_sdk_examples:/home/jucy/turtlebot3_ws/install/dynamixel_sdk_custom_interfaces:/home/jucy/turtlebot3_ws/install/dynamixel_sdk:/home/jucy/ros2_ws/install/ps2_controller:/home/jucy/ydlidar_ros2_ws/install/ydlidar_ros2_driver:/home/jucy/ydlidar_ros2_ws/install/ps2_controller:/home/jucy/ydlidar_ros2_ws/install/myagv_navigation2:/home/jucy/ydlidar_ros2_ws/install/myagv_bringup:/home/jucy/ydlidar_ros2_ws/install/myagv_description:/home/jucy/ydlidar_ros2_wss/install/ydlidar_ros2_driver:/opt/ros/foxy:/opt/ros/foxy:/home/jucy/ydlidar_ws_11_29/install/nav2_gazebo_spawner:/home/jucy/ydlidar_ws_11_29/install/jdamr200_node:/home/jucy/turtlebot3_ws/install/turtlebot3_teleop:/home/jucy/turtlebot3_ws/install/turtlebot3_example:/home/jucy/turtlebot3_ws/install/nav2_goal_pulisher_test:/home/jucy/turtlebot3_ws/install/nav2_goal_publisher:/home/jucy/ros2_ws/install/camera_udp_communication:/home/jucy/ros2_ws/install/agv_control_py:/home/jucy/ydlidar_ros2_ws/install/jdamr200_teleop:/home/jucy/ydlidar_ros2_ws/install/jdamr200_node LD_LIBRARY_PATH=/home/jucy/ydlidar_ws_11_29/install/nav_2d_msgs/lib:/home/jucy/ydlidar_ws_11_29/install/smac_planner/lib:/home/jucy/ydlidar_ws_11_29/install/nav2_controller/lib:/home/jucy/ydlidar_ws_11_29/install/dwb_plugins/lib:/home/jucy/ydlidar_ws_11_29/install/dwb_critics/lib:/home/jucy/ydlidar_ws_11_29/install/dwb_core/lib:/home/jucy/ydlidar_ws_11_29/install/nav_2d_utils/lib:/home/jucy/ydlidar_ws_11_29/install/dwb_msgs/lib:/home/jucy/ydlidar_ws_11_29/install/nav2_waypoint_follower/lib:/home/jucy/ydlidar_ws_11_29/install/nav2_regulated_pure_pursuit_controller/lib:/home/jucy/ydlidar_ws_11_29/install/nav2_recoveries/lib:/home/jucy/ydlidar_ws_11_29/install/nav2_planner/lib:/home/jucy/ydlidar_ws_11_29/install/nav2_navfn_planner/lib:/home/jucy/ydlidar_ws_11_29/install/costmap_queue/lib:/home/jucy/ydlidar_ws_11_29/install/nav2_costmap_2d/lib:/home/jucy/ydlidar_ws_11_29/install/nav2_voxel_grid/lib:/home/jucy/ydlidar_ws_11_29/install/nav2_rviz_plugins/lib:/home/jucy/ydlidar_ws_11_29/install/nav2_map_server/lib:/home/jucy/ydlidar_ws_11_29/install/nav2_lifecycle_manager/lib:/home/jucy/ydlidar_ws_11_29/install/nav2_bt_navigator/lib:/home/jucy/ydlidar_ws_11_29/install/nav2_behavior_tree/lib:/home/jucy/ydlidar_ws_11_29/install/nav2_amcl/lib:/home/jucy/ydlidar_ws_11_29/install/nav2_util/lib:/home/jucy/ydlidar_ws_11_29/install/nav2_msgs/lib:/home/jucy/turtlebot3_ws/install/turtlebot3_msgs/lib:/home/jucy/turtlebot3_ws/install/dynamixel_sdk_custom_interfaces/lib:/home/jucy/turtlebot3_ws/install/dynamixel_sdk/lib:/usr/lib/x86_64-linux-gnu/gazebo-11/plugins:/opt/ros/foxy/opt/yaml_cpp_vendor/lib:/opt/ros/foxy/opt/rviz_ogre_vendor/lib:/opt/ros/foxy/lib/x86_64-linux-gnu:/opt/ros/foxy/lib PYTHONPATH=/home/jucy/ydlidar_ws_11_29/install/nav_2d_msgs/lib/python3.8/site-packages:/home/jucy/ydlidar_ws_11_29/install/dwb_msgs/lib/python3.8/site-packages:/home/jucy/ydlidar_ws_11_29/install/nav2_msgs/lib/python3.8/site-packages:/home/jucy/ydlidar_ws_11_29/install/nav2_gazebo_spawner/lib/python3.8/site-packages:/home/jucy/ydlidar_ws_11_29/install/nav2_common/lib/python3.8/site-packages:/home/jucy/ydlidar_ws_11_29/install/jdamr200_node/lib/python3.8/site-packages:/home/jucy/turtlebot3_ws/install/turtlebot3_teleop/lib/python3.8/site-packages:/home/jucy/turtlebot3_ws/install/turtlebot3_example/lib/python3.8/site-packages:/home/jucy/turtlebot3_ws/install/turtlebot3_msgs/lib/python3.8/site-packages:/home/jucy/turtlebot3_ws/install/nav2_goal_pulisher_test/lib/python3.8/site-packages:/home/jucy/turtlebot3_ws/install/nav2_goal_publisher/lib/python3.8/site-packages:/home/jucy/turtlebot3_ws/install/dynamixel_sdk_custom_interfaces/lib/python3.8/site-packages:/home/jucy/ros2_ws/install/camera_udp_communication/lib/python3.8/site-packages:/home/jucy/ros2_ws/install/agv_control_py/lib/python3.8/site-packages:/home/jucy/ydlidar_ros2_ws/install/jdamr200_teleop/lib/python3.8/site-packages:/home/jucy/ydlidar_ros2_ws/install/jdamr200_node/lib/python3.8/site-packages:/usr/bin/python3.8:/opt/ros/foxy/lib/python3.8/site-packages /usr/bin/cmake --build /home/jucy/ydlidar_ws_11_29/build/dwb_msgs -- -j12 -l12
[0.179s] [  2%] Built target dwb_msgs__cpp
[0.179s] [ 12%] Built target dwb_msgs__rosidl_generator_c
[0.238s] [ 24%] Built target dwb_msgs__rosidl_typesupport_cpp
[0.243s] [ 44%] Built target dwb_msgs__rosidl_typesupport_introspection_cpp
[0.243s] [ 47%] Built target dwb_msgs__rosidl_typesupport_c
[0.253s] [ 58%] Built target dwb_msgs__rosidl_typesupport_fastrtps_cpp
[0.301s] [ 70%] Built target dwb_msgs__rosidl_typesupport_introspection_c
[0.309s] [ 82%] Built target dwb_msgs__rosidl_typesupport_fastrtps_c
[0.342s] [ 82%] Built target dwb_msgs
[0.375s] [ 83%] Built target dwb_msgs__py
[0.417s] [ 93%] Built target dwb_msgs__python
[0.456s] [ 97%] Built target dwb_msgs__rosidl_typesupport_introspection_c__pyext
[0.457s] [ 97%] Built target dwb_msgs__rosidl_typesupport_fastrtps_c__pyext
[0.460s] [100%] Built target dwb_msgs__rosidl_typesupport_c__pyext
[0.477s] Invoked command in '/home/jucy/ydlidar_ws_11_29/build/dwb_msgs' returned '0': CMAKE_PREFIX_PATH=/home/jucy/ydlidar_ws_11_29/install/nav_2d_msgs:/home/jucy/ydlidar_ws_11_29/install/ydlidar_ros2_driver:/home/jucy/ydlidar_ws_11_29/install/nav2_system_tests:/home/jucy/ydlidar_ws_11_29/install/myagv_navigation2:/home/jucy/ydlidar_ws_11_29/install/nav2_bringup:/home/jucy/ydlidar_ws_11_29/install/navigation2:/home/jucy/ydlidar_ws_11_29/install/smac_planner:/home/jucy/ydlidar_ws_11_29/install/nav2_dwb_controller:/home/jucy/ydlidar_ws_11_29/install/nav2_controller:/home/jucy/ydlidar_ws_11_29/install/dwb_plugins:/home/jucy/ydlidar_ws_11_29/install/dwb_critics:/home/jucy/ydlidar_ws_11_29/install/dwb_core:/home/jucy/ydlidar_ws_11_29/install/nav_2d_utils:/home/jucy/ydlidar_ws_11_29/install/dwb_msgs:/home/jucy/ydlidar_ws_11_29/install/nav2_waypoint_follower:/home/jucy/ydlidar_ws_11_29/install/nav2_regulated_pure_pursuit_controller:/home/jucy/ydlidar_ws_11_29/install/nav2_recoveries:/home/jucy/ydlidar_ws_11_29/install/nav2_planner:/home/jucy/ydlidar_ws_11_29/install/nav2_navfn_planner:/home/jucy/ydlidar_ws_11_29/install/nav2_core:/home/jucy/ydlidar_ws_11_29/install/costmap_queue:/home/jucy/ydlidar_ws_11_29/install/nav2_costmap_2d:/home/jucy/ydlidar_ws_11_29/install/nav2_voxel_grid:/home/jucy/ydlidar_ws_11_29/install/nav2_rviz_plugins:/home/jucy/ydlidar_ws_11_29/install/nav2_map_server:/home/jucy/ydlidar_ws_11_29/install/nav2_lifecycle_manager:/home/jucy/ydlidar_ws_11_29/install/nav2_bt_navigator:/home/jucy/ydlidar_ws_11_29/install/nav2_behavior_tree:/home/jucy/ydlidar_ws_11_29/install/nav2_amcl:/home/jucy/ydlidar_ws_11_29/install/nav2_util:/home/jucy/ydlidar_ws_11_29/install/nav2_msgs:/home/jucy/ydlidar_ws_11_29/install/nav2_common:/home/jucy/ydlidar_ws_11_29/install/myagv_bringup:/home/jucy/ydlidar_ws_11_29/install/myagv_description:/home/jucy/new_ws/install/myagv_description:/home/jucy/new_ws/install/aseembly:/home/jucy/turtlebot3_ws/install/turtlebot3:/home/jucy/turtlebot3_ws/install/turtlebot3_simulations:/home/jucy/turtlebot3_ws/install/turtlebot3_bringup:/home/jucy/turtlebot3_ws/install/turtlebot3_node:/home/jucy/turtlebot3_ws/install/turtlebot3_navigation2:/home/jucy/turtlebot3_ws/install/turtlebot3_fake_node:/home/jucy/turtlebot3_ws/install/turtlebot3_msgs:/home/jucy/turtlebot3_ws/install/turtlebot3_gazebo:/home/jucy/turtlebot3_ws/install/turtlebot3_description:/home/jucy/turtlebot3_ws/install/turtlebot3_cartographer:/home/jucy/turtlebot3_ws/install/dynamixel_sdk_examples:/home/jucy/turtlebot3_ws/install/dynamixel_sdk_custom_interfaces:/home/jucy/turtlebot3_ws/install/dynamixel_sdk:/home/jucy/ros2_ws/install/ps2_controller:/home/jucy/ydlidar_ros2_ws/install/ydlidar_ros2_driver:/home/jucy/ydlidar_ros2_ws/install/ps2_controller:/home/jucy/ydlidar_ros2_ws/install/myagv_navigation2:/home/jucy/ydlidar_ros2_ws/install/myagv_bringup:/home/jucy/ydlidar_ros2_ws/install/myagv_description:/home/jucy/ydlidar_ros2_wss/install/ydlidar_ros2_driver:/opt/ros/foxy:/opt/ros/foxy:/home/jucy/ydlidar_ws_11_29/install/nav2_gazebo_spawner:/home/jucy/ydlidar_ws_11_29/install/jdamr200_node:/home/jucy/turtlebot3_ws/install/turtlebot3_teleop:/home/jucy/turtlebot3_ws/install/turtlebot3_example:/home/jucy/turtlebot3_ws/install/nav2_goal_pulisher_test:/home/jucy/turtlebot3_ws/install/nav2_goal_publisher:/home/jucy/ros2_ws/install/camera_udp_communication:/home/jucy/ros2_ws/install/agv_control_py:/home/jucy/ydlidar_ros2_ws/install/jdamr200_teleop:/home/jucy/ydlidar_ros2_ws/install/jdamr200_node LD_LIBRARY_PATH=/home/jucy/ydlidar_ws_11_29/install/nav_2d_msgs/lib:/home/jucy/ydlidar_ws_11_29/install/smac_planner/lib:/home/jucy/ydlidar_ws_11_29/install/nav2_controller/lib:/home/jucy/ydlidar_ws_11_29/install/dwb_plugins/lib:/home/jucy/ydlidar_ws_11_29/install/dwb_critics/lib:/home/jucy/ydlidar_ws_11_29/install/dwb_core/lib:/home/jucy/ydlidar_ws_11_29/install/nav_2d_utils/lib:/home/jucy/ydlidar_ws_11_29/install/dwb_msgs/lib:/home/jucy/ydlidar_ws_11_29/install/nav2_waypoint_follower/lib:/home/jucy/ydlidar_ws_11_29/install/nav2_regulated_pure_pursuit_controller/lib:/home/jucy/ydlidar_ws_11_29/install/nav2_recoveries/lib:/home/jucy/ydlidar_ws_11_29/install/nav2_planner/lib:/home/jucy/ydlidar_ws_11_29/install/nav2_navfn_planner/lib:/home/jucy/ydlidar_ws_11_29/install/costmap_queue/lib:/home/jucy/ydlidar_ws_11_29/install/nav2_costmap_2d/lib:/home/jucy/ydlidar_ws_11_29/install/nav2_voxel_grid/lib:/home/jucy/ydlidar_ws_11_29/install/nav2_rviz_plugins/lib:/home/jucy/ydlidar_ws_11_29/install/nav2_map_server/lib:/home/jucy/ydlidar_ws_11_29/install/nav2_lifecycle_manager/lib:/home/jucy/ydlidar_ws_11_29/install/nav2_bt_navigator/lib:/home/jucy/ydlidar_ws_11_29/install/nav2_behavior_tree/lib:/home/jucy/ydlidar_ws_11_29/install/nav2_amcl/lib:/home/jucy/ydlidar_ws_11_29/install/nav2_util/lib:/home/jucy/ydlidar_ws_11_29/install/nav2_msgs/lib:/home/jucy/turtlebot3_ws/install/turtlebot3_msgs/lib:/home/jucy/turtlebot3_ws/install/dynamixel_sdk_custom_interfaces/lib:/home/jucy/turtlebot3_ws/install/dynamixel_sdk/lib:/usr/lib/x86_64-linux-gnu/gazebo-11/plugins:/opt/ros/foxy/opt/yaml_cpp_vendor/lib:/opt/ros/foxy/opt/rviz_ogre_vendor/lib:/opt/ros/foxy/lib/x86_64-linux-gnu:/opt/ros/foxy/lib PYTHONPATH=/home/jucy/ydlidar_ws_11_29/install/nav_2d_msgs/lib/python3.8/site-packages:/home/jucy/ydlidar_ws_11_29/install/dwb_msgs/lib/python3.8/site-packages:/home/jucy/ydlidar_ws_11_29/install/nav2_msgs/lib/python3.8/site-packages:/home/jucy/ydlidar_ws_11_29/install/nav2_gazebo_spawner/lib/python3.8/site-packages:/home/jucy/ydlidar_ws_11_29/install/nav2_common/lib/python3.8/site-packages:/home/jucy/ydlidar_ws_11_29/install/jdamr200_node/lib/python3.8/site-packages:/home/jucy/turtlebot3_ws/install/turtlebot3_teleop/lib/python3.8/site-packages:/home/jucy/turtlebot3_ws/install/turtlebot3_example/lib/python3.8/site-packages:/home/jucy/turtlebot3_ws/install/turtlebot3_msgs/lib/python3.8/site-packages:/home/jucy/turtlebot3_ws/install/nav2_goal_pulisher_test/lib/python3.8/site-packages:/home/jucy/turtlebot3_ws/install/nav2_goal_publisher/lib/python3.8/site-packages:/home/jucy/turtlebot3_ws/install/dynamixel_sdk_custom_interfaces/lib/python3.8/site-packages:/home/jucy/ros2_ws/install/camera_udp_communication/lib/python3.8/site-packages:/home/jucy/ros2_ws/install/agv_control_py/lib/python3.8/site-packages:/home/jucy/ydlidar_ros2_ws/install/jdamr200_teleop/lib/python3.8/site-packages:/home/jucy/ydlidar_ros2_ws/install/jdamr200_node/lib/python3.8/site-packages:/usr/bin/python3.8:/opt/ros/foxy/lib/python3.8/site-packages /usr/bin/cmake --build /home/jucy/ydlidar_ws_11_29/build/dwb_msgs -- -j12 -l12
[0.479s] Invoking command in '/home/jucy/ydlidar_ws_11_29/build/dwb_msgs': CMAKE_PREFIX_PATH=/home/jucy/ydlidar_ws_11_29/install/nav_2d_msgs:/home/jucy/ydlidar_ws_11_29/install/ydlidar_ros2_driver:/home/jucy/ydlidar_ws_11_29/install/nav2_system_tests:/home/jucy/ydlidar_ws_11_29/install/myagv_navigation2:/home/jucy/ydlidar_ws_11_29/install/nav2_bringup:/home/jucy/ydlidar_ws_11_29/install/navigation2:/home/jucy/ydlidar_ws_11_29/install/smac_planner:/home/jucy/ydlidar_ws_11_29/install/nav2_dwb_controller:/home/jucy/ydlidar_ws_11_29/install/nav2_controller:/home/jucy/ydlidar_ws_11_29/install/dwb_plugins:/home/jucy/ydlidar_ws_11_29/install/dwb_critics:/home/jucy/ydlidar_ws_11_29/install/dwb_core:/home/jucy/ydlidar_ws_11_29/install/nav_2d_utils:/home/jucy/ydlidar_ws_11_29/install/dwb_msgs:/home/jucy/ydlidar_ws_11_29/install/nav2_waypoint_follower:/home/jucy/ydlidar_ws_11_29/install/nav2_regulated_pure_pursuit_controller:/home/jucy/ydlidar_ws_11_29/install/nav2_recoveries:/home/jucy/ydlidar_ws_11_29/install/nav2_planner:/home/jucy/ydlidar_ws_11_29/install/nav2_navfn_planner:/home/jucy/ydlidar_ws_11_29/install/nav2_core:/home/jucy/ydlidar_ws_11_29/install/costmap_queue:/home/jucy/ydlidar_ws_11_29/install/nav2_costmap_2d:/home/jucy/ydlidar_ws_11_29/install/nav2_voxel_grid:/home/jucy/ydlidar_ws_11_29/install/nav2_rviz_plugins:/home/jucy/ydlidar_ws_11_29/install/nav2_map_server:/home/jucy/ydlidar_ws_11_29/install/nav2_lifecycle_manager:/home/jucy/ydlidar_ws_11_29/install/nav2_bt_navigator:/home/jucy/ydlidar_ws_11_29/install/nav2_behavior_tree:/home/jucy/ydlidar_ws_11_29/install/nav2_amcl:/home/jucy/ydlidar_ws_11_29/install/nav2_util:/home/jucy/ydlidar_ws_11_29/install/nav2_msgs:/home/jucy/ydlidar_ws_11_29/install/nav2_common:/home/jucy/ydlidar_ws_11_29/install/myagv_bringup:/home/jucy/ydlidar_ws_11_29/install/myagv_description:/home/jucy/new_ws/install/myagv_description:/home/jucy/new_ws/install/aseembly:/home/jucy/turtlebot3_ws/install/turtlebot3:/home/jucy/turtlebot3_ws/install/turtlebot3_simulations:/home/jucy/turtlebot3_ws/install/turtlebot3_bringup:/home/jucy/turtlebot3_ws/install/turtlebot3_node:/home/jucy/turtlebot3_ws/install/turtlebot3_navigation2:/home/jucy/turtlebot3_ws/install/turtlebot3_fake_node:/home/jucy/turtlebot3_ws/install/turtlebot3_msgs:/home/jucy/turtlebot3_ws/install/turtlebot3_gazebo:/home/jucy/turtlebot3_ws/install/turtlebot3_description:/home/jucy/turtlebot3_ws/install/turtlebot3_cartographer:/home/jucy/turtlebot3_ws/install/dynamixel_sdk_examples:/home/jucy/turtlebot3_ws/install/dynamixel_sdk_custom_interfaces:/home/jucy/turtlebot3_ws/install/dynamixel_sdk:/home/jucy/ros2_ws/install/ps2_controller:/home/jucy/ydlidar_ros2_ws/install/ydlidar_ros2_driver:/home/jucy/ydlidar_ros2_ws/install/ps2_controller:/home/jucy/ydlidar_ros2_ws/install/myagv_navigation2:/home/jucy/ydlidar_ros2_ws/install/myagv_bringup:/home/jucy/ydlidar_ros2_ws/install/myagv_description:/home/jucy/ydlidar_ros2_wss/install/ydlidar_ros2_driver:/opt/ros/foxy:/opt/ros/foxy:/home/jucy/ydlidar_ws_11_29/install/nav2_gazebo_spawner:/home/jucy/ydlidar_ws_11_29/install/jdamr200_node:/home/jucy/turtlebot3_ws/install/turtlebot3_teleop:/home/jucy/turtlebot3_ws/install/turtlebot3_example:/home/jucy/turtlebot3_ws/install/nav2_goal_pulisher_test:/home/jucy/turtlebot3_ws/install/nav2_goal_publisher:/home/jucy/ros2_ws/install/camera_udp_communication:/home/jucy/ros2_ws/install/agv_control_py:/home/jucy/ydlidar_ros2_ws/install/jdamr200_teleop:/home/jucy/ydlidar_ros2_ws/install/jdamr200_node LD_LIBRARY_PATH=/home/jucy/ydlidar_ws_11_29/install/nav_2d_msgs/lib:/home/jucy/ydlidar_ws_11_29/install/smac_planner/lib:/home/jucy/ydlidar_ws_11_29/install/nav2_controller/lib:/home/jucy/ydlidar_ws_11_29/install/dwb_plugins/lib:/home/jucy/ydlidar_ws_11_29/install/dwb_critics/lib:/home/jucy/ydlidar_ws_11_29/install/dwb_core/lib:/home/jucy/ydlidar_ws_11_29/install/nav_2d_utils/lib:/home/jucy/ydlidar_ws_11_29/install/dwb_msgs/lib:/home/jucy/ydlidar_ws_11_29/install/nav2_waypoint_follower/lib:/home/jucy/ydlidar_ws_11_29/install/nav2_regulated_pure_pursuit_controller/lib:/home/jucy/ydlidar_ws_11_29/install/nav2_recoveries/lib:/home/jucy/ydlidar_ws_11_29/install/nav2_planner/lib:/home/jucy/ydlidar_ws_11_29/install/nav2_navfn_planner/lib:/home/jucy/ydlidar_ws_11_29/install/costmap_queue/lib:/home/jucy/ydlidar_ws_11_29/install/nav2_costmap_2d/lib:/home/jucy/ydlidar_ws_11_29/install/nav2_voxel_grid/lib:/home/jucy/ydlidar_ws_11_29/install/nav2_rviz_plugins/lib:/home/jucy/ydlidar_ws_11_29/install/nav2_map_server/lib:/home/jucy/ydlidar_ws_11_29/install/nav2_lifecycle_manager/lib:/home/jucy/ydlidar_ws_11_29/install/nav2_bt_navigator/lib:/home/jucy/ydlidar_ws_11_29/install/nav2_behavior_tree/lib:/home/jucy/ydlidar_ws_11_29/install/nav2_amcl/lib:/home/jucy/ydlidar_ws_11_29/install/nav2_util/lib:/home/jucy/ydlidar_ws_11_29/install/nav2_msgs/lib:/home/jucy/turtlebot3_ws/install/turtlebot3_msgs/lib:/home/jucy/turtlebot3_ws/install/dynamixel_sdk_custom_interfaces/lib:/home/jucy/turtlebot3_ws/install/dynamixel_sdk/lib:/usr/lib/x86_64-linux-gnu/gazebo-11/plugins:/opt/ros/foxy/opt/yaml_cpp_vendor/lib:/opt/ros/foxy/opt/rviz_ogre_vendor/lib:/opt/ros/foxy/lib/x86_64-linux-gnu:/opt/ros/foxy/lib PYTHONPATH=/home/jucy/ydlidar_ws_11_29/install/nav_2d_msgs/lib/python3.8/site-packages:/home/jucy/ydlidar_ws_11_29/install/dwb_msgs/lib/python3.8/site-packages:/home/jucy/ydlidar_ws_11_29/install/nav2_msgs/lib/python3.8/site-packages:/home/jucy/ydlidar_ws_11_29/install/nav2_gazebo_spawner/lib/python3.8/site-packages:/home/jucy/ydlidar_ws_11_29/install/nav2_common/lib/python3.8/site-packages:/home/jucy/ydlidar_ws_11_29/install/jdamr200_node/lib/python3.8/site-packages:/home/jucy/turtlebot3_ws/install/turtlebot3_teleop/lib/python3.8/site-packages:/home/jucy/turtlebot3_ws/install/turtlebot3_example/lib/python3.8/site-packages:/home/jucy/turtlebot3_ws/install/turtlebot3_msgs/lib/python3.8/site-packages:/home/jucy/turtlebot3_ws/install/nav2_goal_pulisher_test/lib/python3.8/site-packages:/home/jucy/turtlebot3_ws/install/nav2_goal_publisher/lib/python3.8/site-packages:/home/jucy/turtlebot3_ws/install/dynamixel_sdk_custom_interfaces/lib/python3.8/site-packages:/home/jucy/ros2_ws/install/camera_udp_communication/lib/python3.8/site-packages:/home/jucy/ros2_ws/install/agv_control_py/lib/python3.8/site-packages:/home/jucy/ydlidar_ros2_ws/install/jdamr200_teleop/lib/python3.8/site-packages:/home/jucy/ydlidar_ros2_ws/install/jdamr200_node/lib/python3.8/site-packages:/usr/bin/python3.8:/opt/ros/foxy/lib/python3.8/site-packages /usr/bin/cmake --install /home/jucy/ydlidar_ws_11_29/build/dwb_msgs
[0.496s] -- Install configuration: ""
[0.496s] -- Up-to-date: /home/jucy/ydlidar_ws_11_29/install/dwb_msgs/share/ament_index/resource_index/rosidl_interfaces/dwb_msgs
[0.497s] -- Up-to-date: /home/jucy/ydlidar_ws_11_29/install/dwb_msgs/include/dwb_msgs
[0.497s] -- Up-to-date: /home/jucy/ydlidar_ws_11_29/install/dwb_msgs/include/dwb_msgs/msg
[0.497s] -- Up-to-date: /home/jucy/ydlidar_ws_11_29/install/dwb_msgs/include/dwb_msgs/msg/rosidl_generator_c__visibility_control.h
[0.497s] -- Up-to-date: /home/jucy/ydlidar_ws_11_29/install/dwb_msgs/include/dwb_msgs/msg/critic_score.h
[0.497s] -- Up-to-date: /home/jucy/ydlidar_ws_11_29/install/dwb_msgs/include/dwb_msgs/msg/trajectory2_d.h
[0.497s] -- Up-to-date: /home/jucy/ydlidar_ws_11_29/install/dwb_msgs/include/dwb_msgs/msg/trajectory_score.h
[0.498s] -- Up-to-date: /home/jucy/ydlidar_ws_11_29/install/dwb_msgs/include/dwb_msgs/msg/local_plan_evaluation.h
[0.498s] -- Up-to-date: /home/jucy/ydlidar_ws_11_29/install/dwb_msgs/include/dwb_msgs/msg/detail
[0.498s] -- Up-to-date: /home/jucy/ydlidar_ws_11_29/install/dwb_msgs/include/dwb_msgs/msg/detail/trajectory_score__struct.h
[0.498s] -- Up-to-date: /home/jucy/ydlidar_ws_11_29/install/dwb_msgs/include/dwb_msgs/msg/detail/local_plan_evaluation__functions.c
[0.498s] -- Up-to-date: /home/jucy/ydlidar_ws_11_29/install/dwb_msgs/include/dwb_msgs/msg/detail/local_plan_evaluation__struct.h
[0.499s] -- Up-to-date: /home/jucy/ydlidar_ws_11_29/install/dwb_msgs/include/dwb_msgs/msg/detail/trajectory2_d__struct.h
[0.499s] -- Up-to-date: /home/jucy/ydlidar_ws_11_29/install/dwb_msgs/include/dwb_msgs/msg/detail/critic_score__struct.h
[0.499s] -- Up-to-date: /home/jucy/ydlidar_ws_11_29/install/dwb_msgs/include/dwb_msgs/msg/detail/trajectory2_d__functions.c
[0.499s] -- Up-to-date: /home/jucy/ydlidar_ws_11_29/install/dwb_msgs/include/dwb_msgs/msg/detail/critic_score__functions.c
[0.499s] -- Up-to-date: /home/jucy/ydlidar_ws_11_29/install/dwb_msgs/include/dwb_msgs/msg/detail/critic_score__type_support.h
[0.499s] -- Up-to-date: /home/jucy/ydlidar_ws_11_29/install/dwb_msgs/include/dwb_msgs/msg/detail/trajectory2_d__functions.h
[0.500s] -- Up-to-date: /home/jucy/ydlidar_ws_11_29/install/dwb_msgs/include/dwb_msgs/msg/detail/trajectory_score__functions.h
[0.500s] -- Up-to-date: /home/jucy/ydlidar_ws_11_29/install/dwb_msgs/include/dwb_msgs/msg/detail/trajectory_score__type_support.h
[0.500s] -- Up-to-date: /home/jucy/ydlidar_ws_11_29/install/dwb_msgs/include/dwb_msgs/msg/detail/local_plan_evaluation__type_support.h
[0.500s] -- Up-to-date: /home/jucy/ydlidar_ws_11_29/install/dwb_msgs/include/dwb_msgs/msg/detail/local_plan_evaluation__functions.h
[0.500s] -- Up-to-date: /home/jucy/ydlidar_ws_11_29/install/dwb_msgs/include/dwb_msgs/msg/detail/trajectory_score__functions.c
[0.500s] -- Up-to-date: /home/jucy/ydlidar_ws_11_29/install/dwb_msgs/include/dwb_msgs/msg/detail/trajectory2_d__type_support.h
[0.501s] -- Up-to-date: /home/jucy/ydlidar_ws_11_29/install/dwb_msgs/include/dwb_msgs/msg/detail/critic_score__functions.h
[0.501s] -- Up-to-date: /home/jucy/ydlidar_ws_11_29/install/dwb_msgs/include/dwb_msgs/srv
[0.501s] -- Up-to-date: /home/jucy/ydlidar_ws_11_29/install/dwb_msgs/include/dwb_msgs/srv/generate_twists.h
[0.501s] -- Up-to-date: /home/jucy/ydlidar_ws_11_29/install/dwb_msgs/include/dwb_msgs/srv/generate_trajectory.h
[0.501s] -- Up-to-date: /home/jucy/ydlidar_ws_11_29/install/dwb_msgs/include/dwb_msgs/srv/debug_local_plan.h
[0.502s] -- Up-to-date: /home/jucy/ydlidar_ws_11_29/install/dwb_msgs/include/dwb_msgs/srv/detail
[0.502s] -- Up-to-date: /home/jucy/ydlidar_ws_11_29/install/dwb_msgs/include/dwb_msgs/srv/detail/debug_local_plan__type_support.h
[0.502s] -- Up-to-date: /home/jucy/ydlidar_ws_11_29/install/dwb_msgs/include/dwb_msgs/srv/detail/generate_twists__functions.h
[0.503s] -- Up-to-date: /home/jucy/ydlidar_ws_11_29/install/dwb_msgs/include/dwb_msgs/srv/detail/generate_trajectory__type_support.h
[0.503s] -- Up-to-date: /home/jucy/ydlidar_ws_11_29/install/dwb_msgs/include/dwb_msgs/srv/detail/generate_trajectory__functions.c
[0.503s] -- Up-to-date: /home/jucy/ydlidar_ws_11_29/install/dwb_msgs/include/dwb_msgs/srv/detail/score_trajectory__functions.c
[0.503s] -- Up-to-date: /home/jucy/ydlidar_ws_11_29/install/dwb_msgs/include/dwb_msgs/srv/detail/generate_twists__functions.c
[0.503s] -- Up-to-date: /home/jucy/ydlidar_ws_11_29/install/dwb_msgs/include/dwb_msgs/srv/detail/score_trajectory__struct.h
[0.503s] -- Up-to-date: /home/jucy/ydlidar_ws_11_29/install/dwb_msgs/include/dwb_msgs/srv/detail/debug_local_plan__struct.h
[0.503s] -- Up-to-date: /home/jucy/ydlidar_ws_11_29/install/dwb_msgs/include/dwb_msgs/srv/detail/get_critic_score__type_support.h
[0.504s] -- Up-to-date: /home/jucy/ydlidar_ws_11_29/install/dwb_msgs/include/dwb_msgs/srv/detail/get_critic_score__struct.h
[0.504s] -- Up-to-date: /home/jucy/ydlidar_ws_11_29/install/dwb_msgs/include/dwb_msgs/srv/detail/generate_twists__type_support.h
[0.504s] -- Up-to-date: /home/jucy/ydlidar_ws_11_29/install/dwb_msgs/include/dwb_msgs/srv/detail/generate_trajectory__struct.h
[0.504s] -- Up-to-date: /home/jucy/ydlidar_ws_11_29/install/dwb_msgs/include/dwb_msgs/srv/detail/debug_local_plan__functions.c
[0.504s] -- Up-to-date: /home/jucy/ydlidar_ws_11_29/install/dwb_msgs/include/dwb_msgs/srv/detail/get_critic_score__functions.c
[0.504s] -- Up-to-date: /home/jucy/ydlidar_ws_11_29/install/dwb_msgs/include/dwb_msgs/srv/detail/score_trajectory__functions.h
[0.504s] -- Up-to-date: /home/jucy/ydlidar_ws_11_29/install/dwb_msgs/include/dwb_msgs/srv/detail/generate_trajectory__functions.h
[0.504s] -- Up-to-date: /home/jucy/ydlidar_ws_11_29/install/dwb_msgs/include/dwb_msgs/srv/detail/get_critic_score__functions.h
[0.505s] -- Up-to-date: /home/jucy/ydlidar_ws_11_29/install/dwb_msgs/include/dwb_msgs/srv/detail/debug_local_plan__functions.h
[0.505s] -- Up-to-date: /home/jucy/ydlidar_ws_11_29/install/dwb_msgs/include/dwb_msgs/srv/detail/score_trajectory__type_support.h
[0.505s] -- Up-to-date: /home/jucy/ydlidar_ws_11_29/install/dwb_msgs/include/dwb_msgs/srv/detail/generate_twists__struct.h
[0.505s] -- Up-to-date: /home/jucy/ydlidar_ws_11_29/install/dwb_msgs/include/dwb_msgs/srv/score_trajectory.h
[0.505s] -- Up-to-date: /home/jucy/ydlidar_ws_11_29/install/dwb_msgs/include/dwb_msgs/srv/get_critic_score.h
[0.505s] -- Up-to-date: /home/jucy/ydlidar_ws_11_29/install/dwb_msgs/share/dwb_msgs/environment/library_path.sh
[0.505s] -- Up-to-date: /home/jucy/ydlidar_ws_11_29/install/dwb_msgs/share/dwb_msgs/environment/library_path.dsv
[0.505s] -- Up-to-date: /home/jucy/ydlidar_ws_11_29/install/dwb_msgs/lib/libdwb_msgs__rosidl_generator_c.so
[0.506s] -- Up-to-date: /home/jucy/ydlidar_ws_11_29/install/dwb_msgs/include/dwb_msgs
[0.506s] -- Up-to-date: /home/jucy/ydlidar_ws_11_29/install/dwb_msgs/include/dwb_msgs/msg
[0.506s] -- Up-to-date: /home/jucy/ydlidar_ws_11_29/install/dwb_msgs/include/dwb_msgs/msg/rosidl_typesupport_fastrtps_c__visibility_control.h
[0.506s] -- Up-to-date: /home/jucy/ydlidar_ws_11_29/install/dwb_msgs/include/dwb_msgs/msg/detail
[0.506s] -- Up-to-date: /home/jucy/ydlidar_ws_11_29/install/dwb_msgs/include/dwb_msgs/msg/detail/trajectory2_d__rosidl_typesupport_fastrtps_c.h
[0.506s] -- Up-to-date: /home/jucy/ydlidar_ws_11_29/install/dwb_msgs/include/dwb_msgs/msg/detail/local_plan_evaluation__rosidl_typesupport_fastrtps_c.h
[0.506s] -- Up-to-date: /home/jucy/ydlidar_ws_11_29/install/dwb_msgs/include/dwb_msgs/msg/detail/trajectory_score__rosidl_typesupport_fastrtps_c.h
[0.506s] -- Up-to-date: /home/jucy/ydlidar_ws_11_29/install/dwb_msgs/include/dwb_msgs/msg/detail/critic_score__rosidl_typesupport_fastrtps_c.h
[0.507s] -- Up-to-date: /home/jucy/ydlidar_ws_11_29/install/dwb_msgs/include/dwb_msgs/srv
[0.507s] -- Up-to-date: /home/jucy/ydlidar_ws_11_29/install/dwb_msgs/include/dwb_msgs/srv/detail
[0.507s] -- Up-to-date: /home/jucy/ydlidar_ws_11_29/install/dwb_msgs/include/dwb_msgs/srv/detail/generate_twists__rosidl_typesupport_fastrtps_c.h
[0.507s] -- Up-to-date: /home/jucy/ydlidar_ws_11_29/install/dwb_msgs/include/dwb_msgs/srv/detail/generate_trajectory__rosidl_typesupport_fastrtps_c.h
[0.507s] -- Up-to-date: /home/jucy/ydlidar_ws_11_29/install/dwb_msgs/include/dwb_msgs/srv/detail/debug_local_plan__rosidl_typesupport_fastrtps_c.h
[0.507s] -- Up-to-date: /home/jucy/ydlidar_ws_11_29/install/dwb_msgs/include/dwb_msgs/srv/detail/get_critic_score__rosidl_typesupport_fastrtps_c.h
[0.507s] -- Up-to-date: /home/jucy/ydlidar_ws_11_29/install/dwb_msgs/include/dwb_msgs/srv/detail/score_trajectory__rosidl_typesupport_fastrtps_c.h
[0.507s] -- Up-to-date: /home/jucy/ydlidar_ws_11_29/install/dwb_msgs/lib/libdwb_msgs__rosidl_typesupport_fastrtps_c.so
[0.508s] -- Up-to-date: /home/jucy/ydlidar_ws_11_29/install/dwb_msgs/include/dwb_msgs
[0.508s] -- Up-to-date: /home/jucy/ydlidar_ws_11_29/install/dwb_msgs/include/dwb_msgs/msg
[0.508s] -- Up-to-date: /home/jucy/ydlidar_ws_11_29/install/dwb_msgs/include/dwb_msgs/msg/rosidl_typesupport_fastrtps_cpp__visibility_control.h
[0.508s] -- Up-to-date: /home/jucy/ydlidar_ws_11_29/install/dwb_msgs/include/dwb_msgs/msg/detail
[0.508s] -- Up-to-date: /home/jucy/ydlidar_ws_11_29/install/dwb_msgs/include/dwb_msgs/msg/detail/trajectory2_d__rosidl_typesupport_fastrtps_cpp.hpp
[0.508s] -- Up-to-date: /home/jucy/ydlidar_ws_11_29/install/dwb_msgs/include/dwb_msgs/msg/detail/trajectory_score__rosidl_typesupport_fastrtps_cpp.hpp
[0.508s] -- Up-to-date: /home/jucy/ydlidar_ws_11_29/install/dwb_msgs/include/dwb_msgs/msg/detail/critic_score__rosidl_typesupport_fastrtps_cpp.hpp
[0.508s] -- Up-to-date: /home/jucy/ydlidar_ws_11_29/install/dwb_msgs/include/dwb_msgs/msg/detail/local_plan_evaluation__rosidl_typesupport_fastrtps_cpp.hpp
[0.509s] -- Up-to-date: /home/jucy/ydlidar_ws_11_29/install/dwb_msgs/include/dwb_msgs/msg/detail/dds_fastrtps
[0.509s] -- Up-to-date: /home/jucy/ydlidar_ws_11_29/install/dwb_msgs/include/dwb_msgs/srv
[0.509s] -- Up-to-date: /home/jucy/ydlidar_ws_11_29/install/dwb_msgs/include/dwb_msgs/srv/detail
[0.509s] -- Up-to-date: /home/jucy/ydlidar_ws_11_29/install/dwb_msgs/include/dwb_msgs/srv/detail/score_trajectory__rosidl_typesupport_fastrtps_cpp.hpp
[0.509s] -- Up-to-date: /home/jucy/ydlidar_ws_11_29/install/dwb_msgs/include/dwb_msgs/srv/detail/debug_local_plan__rosidl_typesupport_fastrtps_cpp.hpp
[0.509s] -- Up-to-date: /home/jucy/ydlidar_ws_11_29/install/dwb_msgs/include/dwb_msgs/srv/detail/generate_trajectory__rosidl_typesupport_fastrtps_cpp.hpp
[0.509s] -- Up-to-date: /home/jucy/ydlidar_ws_11_29/install/dwb_msgs/include/dwb_msgs/srv/detail/get_critic_score__rosidl_typesupport_fastrtps_cpp.hpp
[0.509s] -- Up-to-date: /home/jucy/ydlidar_ws_11_29/install/dwb_msgs/include/dwb_msgs/srv/detail/generate_twists__rosidl_typesupport_fastrtps_cpp.hpp
[0.509s] -- Up-to-date: /home/jucy/ydlidar_ws_11_29/install/dwb_msgs/include/dwb_msgs/srv/detail/dds_fastrtps
[0.510s] -- Up-to-date: /home/jucy/ydlidar_ws_11_29/install/dwb_msgs/lib/libdwb_msgs__rosidl_typesupport_fastrtps_cpp.so
[0.510s] -- Up-to-date: /home/jucy/ydlidar_ws_11_29/install/dwb_msgs/include/dwb_msgs
[0.510s] -- Up-to-date: /home/jucy/ydlidar_ws_11_29/install/dwb_msgs/include/dwb_msgs/msg
[0.510s] -- Up-to-date: /home/jucy/ydlidar_ws_11_29/install/dwb_msgs/include/dwb_msgs/msg/rosidl_typesupport_introspection_c__visibility_control.h
[0.510s] -- Up-to-date: /home/jucy/ydlidar_ws_11_29/install/dwb_msgs/include/dwb_msgs/msg/detail
[0.510s] -- Up-to-date: /home/jucy/ydlidar_ws_11_29/install/dwb_msgs/include/dwb_msgs/msg/detail/trajectory2_d__rosidl_typesupport_introspection_c.h
[0.510s] -- Up-to-date: /home/jucy/ydlidar_ws_11_29/install/dwb_msgs/include/dwb_msgs/msg/detail/local_plan_evaluation__rosidl_typesupport_introspection_c.h
[0.510s] -- Up-to-date: /home/jucy/ydlidar_ws_11_29/install/dwb_msgs/include/dwb_msgs/msg/detail/critic_score__rosidl_typesupport_introspection_c.h
[0.511s] -- Up-to-date: /home/jucy/ydlidar_ws_11_29/install/dwb_msgs/include/dwb_msgs/msg/detail/trajectory2_d__type_support.c
[0.511s] -- Up-to-date: /home/jucy/ydlidar_ws_11_29/install/dwb_msgs/include/dwb_msgs/msg/detail/trajectory_score__rosidl_typesupport_introspection_c.h
[0.511s] -- Up-to-date: /home/jucy/ydlidar_ws_11_29/install/dwb_msgs/include/dwb_msgs/msg/detail/critic_score__type_support.c
[0.511s] -- Up-to-date: /home/jucy/ydlidar_ws_11_29/install/dwb_msgs/include/dwb_msgs/msg/detail/trajectory_score__type_support.c
[0.511s] -- Up-to-date: /home/jucy/ydlidar_ws_11_29/install/dwb_msgs/include/dwb_msgs/msg/detail/local_plan_evaluation__type_support.c
[0.511s] -- Up-to-date: /home/jucy/ydlidar_ws_11_29/install/dwb_msgs/include/dwb_msgs/srv
[0.511s] -- Up-to-date: /home/jucy/ydlidar_ws_11_29/install/dwb_msgs/include/dwb_msgs/srv/detail
[0.511s] -- Up-to-date: /home/jucy/ydlidar_ws_11_29/install/dwb_msgs/include/dwb_msgs/srv/detail/debug_local_plan__type_support.c
[0.512s] -- Up-to-date: /home/jucy/ydlidar_ws_11_29/install/dwb_msgs/include/dwb_msgs/srv/detail/generate_twists__type_support.c
[0.512s] -- Up-to-date: /home/jucy/ydlidar_ws_11_29/install/dwb_msgs/include/dwb_msgs/srv/detail/score_trajectory__type_support.c
[0.512s] -- Up-to-date: /home/jucy/ydlidar_ws_11_29/install/dwb_msgs/include/dwb_msgs/srv/detail/generate_trajectory__type_support.c
[0.512s] -- Up-to-date: /home/jucy/ydlidar_ws_11_29/install/dwb_msgs/include/dwb_msgs/srv/detail/score_trajectory__rosidl_typesupport_introspection_c.h
[0.512s] -- Up-to-date: /home/jucy/ydlidar_ws_11_29/install/dwb_msgs/include/dwb_msgs/srv/detail/get_critic_score__type_support.c
[0.512s] -- Up-to-date: /home/jucy/ydlidar_ws_11_29/install/dwb_msgs/include/dwb_msgs/srv/detail/get_critic_score__rosidl_typesupport_introspection_c.h
[0.512s] -- Up-to-date: /home/jucy/ydlidar_ws_11_29/install/dwb_msgs/include/dwb_msgs/srv/detail/generate_trajectory__rosidl_typesupport_introspection_c.h
[0.513s] -- Up-to-date: /home/jucy/ydlidar_ws_11_29/install/dwb_msgs/include/dwb_msgs/srv/detail/generate_twists__rosidl_typesupport_introspection_c.h
[0.513s] -- Up-to-date: /home/jucy/ydlidar_ws_11_29/install/dwb_msgs/include/dwb_msgs/srv/detail/debug_local_plan__rosidl_typesupport_introspection_c.h
[0.513s] -- Up-to-date: /home/jucy/ydlidar_ws_11_29/install/dwb_msgs/lib/libdwb_msgs__rosidl_typesupport_introspection_c.so
[0.513s] -- Up-to-date: /home/jucy/ydlidar_ws_11_29/install/dwb_msgs/lib/libdwb_msgs__rosidl_typesupport_c.so
[0.513s] -- Up-to-date: /home/jucy/ydlidar_ws_11_29/install/dwb_msgs/include/dwb_msgs
[0.513s] -- Up-to-date: /home/jucy/ydlidar_ws_11_29/install/dwb_msgs/include/dwb_msgs/msg
[0.513s] -- Up-to-date: /home/jucy/ydlidar_ws_11_29/install/dwb_msgs/include/dwb_msgs/msg/trajectory_score.hpp
[0.513s] -- Up-to-date: /home/jucy/ydlidar_ws_11_29/install/dwb_msgs/include/dwb_msgs/msg/rosidl_generator_cpp__visibility_control.hpp
[0.514s] -- Up-to-date: /home/jucy/ydlidar_ws_11_29/install/dwb_msgs/include/dwb_msgs/msg/local_plan_evaluation.hpp
[0.514s] -- Up-to-date: /home/jucy/ydlidar_ws_11_29/install/dwb_msgs/include/dwb_msgs/msg/critic_score.hpp
[0.514s] -- Up-to-date: /home/jucy/ydlidar_ws_11_29/install/dwb_msgs/include/dwb_msgs/msg/detail
[0.514s] -- Up-to-date: /home/jucy/ydlidar_ws_11_29/install/dwb_msgs/include/dwb_msgs/msg/detail/trajectory2_d__builder.hpp
[0.514s] -- Up-to-date: /home/jucy/ydlidar_ws_11_29/install/dwb_msgs/include/dwb_msgs/msg/detail/trajectory2_d__struct.hpp
[0.514s] -- Up-to-date: /home/jucy/ydlidar_ws_11_29/install/dwb_msgs/include/dwb_msgs/msg/detail/local_plan_evaluation__type_support.hpp
[0.514s] -- Up-to-date: /home/jucy/ydlidar_ws_11_29/install/dwb_msgs/include/dwb_msgs/msg/detail/critic_score__traits.hpp
[0.514s] -- Up-to-date: /home/jucy/ydlidar_ws_11_29/install/dwb_msgs/include/dwb_msgs/msg/detail/local_plan_evaluation__struct.hpp
[0.515s] -- Up-to-date: /home/jucy/ydlidar_ws_11_29/install/dwb_msgs/include/dwb_msgs/msg/detail/critic_score__struct.hpp
[0.515s] -- Up-to-date: /home/jucy/ydlidar_ws_11_29/install/dwb_msgs/include/dwb_msgs/msg/detail/trajectory2_d__traits.hpp
[0.515s] -- Up-to-date: /home/jucy/ydlidar_ws_11_29/install/dwb_msgs/include/dwb_msgs/msg/detail/trajectory2_d__type_support.hpp
[0.515s] -- Up-to-date: /home/jucy/ydlidar_ws_11_29/install/dwb_msgs/include/dwb_msgs/msg/detail/critic_score__builder.hpp
[0.515s] -- Up-to-date: /home/jucy/ydlidar_ws_11_29/install/dwb_msgs/include/dwb_msgs/msg/detail/trajectory_score__builder.hpp
[0.515s] -- Up-to-date: /home/jucy/ydlidar_ws_11_29/install/dwb_msgs/include/dwb_msgs/msg/detail/local_plan_evaluation__traits.hpp
[0.515s] -- Up-to-date: /home/jucy/ydlidar_ws_11_29/install/dwb_msgs/include/dwb_msgs/msg/detail/critic_score__type_support.hpp
[0.515s] -- Up-to-date: /home/jucy/ydlidar_ws_11_29/install/dwb_msgs/include/dwb_msgs/msg/detail/local_plan_evaluation__builder.hpp
[0.516s] -- Up-to-date: /home/jucy/ydlidar_ws_11_29/install/dwb_msgs/include/dwb_msgs/msg/detail/trajectory_score__traits.hpp
[0.516s] -- Up-to-date: /home/jucy/ydlidar_ws_11_29/install/dwb_msgs/include/dwb_msgs/msg/detail/trajectory_score__type_support.hpp
[0.516s] -- Up-to-date: /home/jucy/ydlidar_ws_11_29/install/dwb_msgs/include/dwb_msgs/msg/detail/trajectory_score__struct.hpp
[0.516s] -- Up-to-date: /home/jucy/ydlidar_ws_11_29/install/dwb_msgs/include/dwb_msgs/msg/trajectory2_d.hpp
[0.516s] -- Up-to-date: /home/jucy/ydlidar_ws_11_29/install/dwb_msgs/include/dwb_msgs/srv
[0.516s] -- Up-to-date: /home/jucy/ydlidar_ws_11_29/install/dwb_msgs/include/dwb_msgs/srv/debug_local_plan.hpp
[0.516s] -- Up-to-date: /home/jucy/ydlidar_ws_11_29/install/dwb_msgs/include/dwb_msgs/srv/get_critic_score.hpp
[0.516s] -- Up-to-date: /home/jucy/ydlidar_ws_11_29/install/dwb_msgs/include/dwb_msgs/srv/generate_twists.hpp
[0.517s] -- Up-to-date: /home/jucy/ydlidar_ws_11_29/install/dwb_msgs/include/dwb_msgs/srv/detail
[0.517s] -- Up-to-date: /home/jucy/ydlidar_ws_11_29/install/dwb_msgs/include/dwb_msgs/srv/detail/debug_local_plan__builder.hpp
[0.517s] -- Up-to-date: /home/jucy/ydlidar_ws_11_29/install/dwb_msgs/include/dwb_msgs/srv/detail/generate_twists__struct.hpp
[0.517s] -- Up-to-date: /home/jucy/ydlidar_ws_11_29/install/dwb_msgs/include/dwb_msgs/srv/detail/debug_local_plan__traits.hpp
[0.517s] -- Up-to-date: /home/jucy/ydlidar_ws_11_29/install/dwb_msgs/include/dwb_msgs/srv/detail/get_critic_score__builder.hpp
[0.517s] -- Up-to-date: /home/jucy/ydlidar_ws_11_29/install/dwb_msgs/include/dwb_msgs/srv/detail/debug_local_plan__type_support.hpp
[0.517s] -- Up-to-date: /home/jucy/ydlidar_ws_11_29/install/dwb_msgs/include/dwb_msgs/srv/detail/generate_twists__type_support.hpp
[0.517s] -- Up-to-date: /home/jucy/ydlidar_ws_11_29/install/dwb_msgs/include/dwb_msgs/srv/detail/generate_twists__traits.hpp
[0.518s] -- Up-to-date: /home/jucy/ydlidar_ws_11_29/install/dwb_msgs/include/dwb_msgs/srv/detail/get_critic_score__struct.hpp
[0.518s] -- Up-to-date: /home/jucy/ydlidar_ws_11_29/install/dwb_msgs/include/dwb_msgs/srv/detail/score_trajectory__traits.hpp
[0.518s] -- Up-to-date: /home/jucy/ydlidar_ws_11_29/install/dwb_msgs/include/dwb_msgs/srv/detail/score_trajectory__type_support.hpp
[0.518s] -- Up-to-date: /home/jucy/ydlidar_ws_11_29/install/dwb_msgs/include/dwb_msgs/srv/detail/score_trajectory__struct.hpp
[0.518s] -- Up-to-date: /home/jucy/ydlidar_ws_11_29/install/dwb_msgs/include/dwb_msgs/srv/detail/generate_trajectory__struct.hpp
[0.518s] -- Up-to-date: /home/jucy/ydlidar_ws_11_29/install/dwb_msgs/include/dwb_msgs/srv/detail/get_critic_score__type_support.hpp
[0.518s] -- Up-to-date: /home/jucy/ydlidar_ws_11_29/install/dwb_msgs/include/dwb_msgs/srv/detail/generate_trajectory__builder.hpp
[0.518s] -- Up-to-date: /home/jucy/ydlidar_ws_11_29/install/dwb_msgs/include/dwb_msgs/srv/detail/debug_local_plan__struct.hpp
[0.519s] -- Up-to-date: /home/jucy/ydlidar_ws_11_29/install/dwb_msgs/include/dwb_msgs/srv/detail/generate_trajectory__traits.hpp
[0.519s] -- Up-to-date: /home/jucy/ydlidar_ws_11_29/install/dwb_msgs/include/dwb_msgs/srv/detail/generate_twists__builder.hpp
[0.519s] -- Up-to-date: /home/jucy/ydlidar_ws_11_29/install/dwb_msgs/include/dwb_msgs/srv/detail/get_critic_score__traits.hpp
[0.519s] -- Up-to-date: /home/jucy/ydlidar_ws_11_29/install/dwb_msgs/include/dwb_msgs/srv/detail/score_trajectory__builder.hpp
[0.519s] -- Up-to-date: /home/jucy/ydlidar_ws_11_29/install/dwb_msgs/include/dwb_msgs/srv/detail/generate_trajectory__type_support.hpp
[0.519s] -- Up-to-date: /home/jucy/ydlidar_ws_11_29/install/dwb_msgs/include/dwb_msgs/srv/score_trajectory.hpp
[0.519s] -- Up-to-date: /home/jucy/ydlidar_ws_11_29/install/dwb_msgs/include/dwb_msgs/srv/generate_trajectory.hpp
[0.519s] -- Up-to-date: /home/jucy/ydlidar_ws_11_29/install/dwb_msgs/include/dwb_msgs
[0.520s] -- Up-to-date: /home/jucy/ydlidar_ws_11_29/install/dwb_msgs/include/dwb_msgs/msg
[0.520s] -- Up-to-date: /home/jucy/ydlidar_ws_11_29/install/dwb_msgs/include/dwb_msgs/msg/detail
[0.520s] -- Up-to-date: /home/jucy/ydlidar_ws_11_29/install/dwb_msgs/include/dwb_msgs/msg/detail/trajectory2_d__type_support.cpp
[0.520s] -- Up-to-date: /home/jucy/ydlidar_ws_11_29/install/dwb_msgs/include/dwb_msgs/msg/detail/critic_score__rosidl_typesupport_introspection_cpp.hpp
[0.520s] -- Up-to-date: /home/jucy/ydlidar_ws_11_29/install/dwb_msgs/include/dwb_msgs/msg/detail/trajectory_score__rosidl_typesupport_introspection_cpp.hpp
[0.520s] -- Up-to-date: /home/jucy/ydlidar_ws_11_29/install/dwb_msgs/include/dwb_msgs/msg/detail/local_plan_evaluation__type_support.cpp
[0.520s] -- Up-to-date: /home/jucy/ydlidar_ws_11_29/install/dwb_msgs/include/dwb_msgs/msg/detail/trajectory_score__type_support.cpp
[0.520s] -- Up-to-date: /home/jucy/ydlidar_ws_11_29/install/dwb_msgs/include/dwb_msgs/msg/detail/critic_score__type_support.cpp
[0.521s] -- Up-to-date: /home/jucy/ydlidar_ws_11_29/install/dwb_msgs/include/dwb_msgs/msg/detail/trajectory2_d__rosidl_typesupport_introspection_cpp.hpp
[0.521s] -- Up-to-date: /home/jucy/ydlidar_ws_11_29/install/dwb_msgs/include/dwb_msgs/msg/detail/local_plan_evaluation__rosidl_typesupport_introspection_cpp.hpp
[0.521s] -- Up-to-date: /home/jucy/ydlidar_ws_11_29/install/dwb_msgs/include/dwb_msgs/srv
[0.521s] -- Up-to-date: /home/jucy/ydlidar_ws_11_29/install/dwb_msgs/include/dwb_msgs/srv/detail
[0.521s] -- Up-to-date: /home/jucy/ydlidar_ws_11_29/install/dwb_msgs/include/dwb_msgs/srv/detail/generate_twists__rosidl_typesupport_introspection_cpp.hpp
[0.521s] -- Up-to-date: /home/jucy/ydlidar_ws_11_29/install/dwb_msgs/include/dwb_msgs/srv/detail/generate_trajectory__type_support.cpp
[0.521s] -- Up-to-date: /home/jucy/ydlidar_ws_11_29/install/dwb_msgs/include/dwb_msgs/srv/detail/score_trajectory__type_support.cpp
[0.521s] -- Up-to-date: /home/jucy/ydlidar_ws_11_29/install/dwb_msgs/include/dwb_msgs/srv/detail/get_critic_score__rosidl_typesupport_introspection_cpp.hpp
[0.521s] -- Up-to-date: /home/jucy/ydlidar_ws_11_29/install/dwb_msgs/include/dwb_msgs/srv/detail/generate_twists__type_support.cpp
[0.522s] -- Up-to-date: /home/jucy/ydlidar_ws_11_29/install/dwb_msgs/include/dwb_msgs/srv/detail/score_trajectory__rosidl_typesupport_introspection_cpp.hpp
[0.522s] -- Up-to-date: /home/jucy/ydlidar_ws_11_29/install/dwb_msgs/include/dwb_msgs/srv/detail/get_critic_score__type_support.cpp
[0.522s] -- Up-to-date: /home/jucy/ydlidar_ws_11_29/install/dwb_msgs/include/dwb_msgs/srv/detail/generate_trajectory__rosidl_typesupport_introspection_cpp.hpp
[0.522s] -- Up-to-date: /home/jucy/ydlidar_ws_11_29/install/dwb_msgs/include/dwb_msgs/srv/detail/debug_local_plan__rosidl_typesupport_introspection_cpp.hpp
[0.522s] -- Up-to-date: /home/jucy/ydlidar_ws_11_29/install/dwb_msgs/include/dwb_msgs/srv/detail/debug_local_plan__type_support.cpp
[0.522s] -- Up-to-date: /home/jucy/ydlidar_ws_11_29/install/dwb_msgs/lib/libdwb_msgs__rosidl_typesupport_introspection_cpp.so
[0.522s] -- Up-to-date: /home/jucy/ydlidar_ws_11_29/install/dwb_msgs/lib/libdwb_msgs__rosidl_typesupport_cpp.so
[0.522s] -- Up-to-date: /home/jucy/ydlidar_ws_11_29/install/dwb_msgs/share/dwb_msgs/environment/pythonpath.sh
[0.523s] -- Up-to-date: /home/jucy/ydlidar_ws_11_29/install/dwb_msgs/share/dwb_msgs/environment/pythonpath.dsv
[0.523s] -- Up-to-date: /home/jucy/ydlidar_ws_11_29/install/dwb_msgs/lib/python3.8/site-packages/dwb_msgs/__init__.py
[0.555s] -- Up-to-date: /home/jucy/ydlidar_ws_11_29/install/dwb_msgs/lib/python3.8/site-packages/dwb_msgs/msg
[0.555s] -- Up-to-date: /home/jucy/ydlidar_ws_11_29/install/dwb_msgs/lib/python3.8/site-packages/dwb_msgs/msg/_local_plan_evaluation.py
[0.555s] -- Up-to-date: /home/jucy/ydlidar_ws_11_29/install/dwb_msgs/lib/python3.8/site-packages/dwb_msgs/msg/_local_plan_evaluation_s.c
[0.555s] -- Up-to-date: /home/jucy/ydlidar_ws_11_29/install/dwb_msgs/lib/python3.8/site-packages/dwb_msgs/msg/_critic_score_s.c
[0.556s] -- Up-to-date: /home/jucy/ydlidar_ws_11_29/install/dwb_msgs/lib/python3.8/site-packages/dwb_msgs/msg/_critic_score.py
[0.556s] -- Up-to-date: /home/jucy/ydlidar_ws_11_29/install/dwb_msgs/lib/python3.8/site-packages/dwb_msgs/msg/_trajectory_score_s.c
[0.556s] -- Up-to-date: /home/jucy/ydlidar_ws_11_29/install/dwb_msgs/lib/python3.8/site-packages/dwb_msgs/msg/_trajectory_score.py
[0.557s] -- Up-to-date: /home/jucy/ydlidar_ws_11_29/install/dwb_msgs/lib/python3.8/site-packages/dwb_msgs/msg/__init__.py
[0.557s] -- Up-to-date: /home/jucy/ydlidar_ws_11_29/install/dwb_msgs/lib/python3.8/site-packages/dwb_msgs/msg/_trajectory2_d.py
[0.557s] -- Up-to-date: /home/jucy/ydlidar_ws_11_29/install/dwb_msgs/lib/python3.8/site-packages/dwb_msgs/msg/_trajectory2_d_s.c
[0.558s] -- Up-to-date: /home/jucy/ydlidar_ws_11_29/install/dwb_msgs/lib/python3.8/site-packages/dwb_msgs/srv
[0.560s] -- Up-to-date: /home/jucy/ydlidar_ws_11_29/install/dwb_msgs/lib/python3.8/site-packages/dwb_msgs/srv/_debug_local_plan_s.c
[0.562s] -- Up-to-date: /home/jucy/ydlidar_ws_11_29/install/dwb_msgs/lib/python3.8/site-packages/dwb_msgs/srv/_generate_twists_s.c
[0.562s] -- Up-to-date: /home/jucy/ydlidar_ws_11_29/install/dwb_msgs/lib/python3.8/site-packages/dwb_msgs/srv/_generate_trajectory.py
[0.562s] -- Up-to-date: /home/jucy/ydlidar_ws_11_29/install/dwb_msgs/lib/python3.8/site-packages/dwb_msgs/srv/_score_trajectory.py
[0.563s] -- Up-to-date: /home/jucy/ydlidar_ws_11_29/install/dwb_msgs/lib/python3.8/site-packages/dwb_msgs/srv/_get_critic_score_s.c
[0.563s] -- Up-to-date: /home/jucy/ydlidar_ws_11_29/install/dwb_msgs/lib/python3.8/site-packages/dwb_msgs/srv/_debug_local_plan.py
[0.563s] -- Up-to-date: /home/jucy/ydlidar_ws_11_29/install/dwb_msgs/lib/python3.8/site-packages/dwb_msgs/srv/_get_critic_score.py
[0.563s] -- Up-to-date: /home/jucy/ydlidar_ws_11_29/install/dwb_msgs/lib/python3.8/site-packages/dwb_msgs/srv/__init__.py
[0.563s] -- Up-to-date: /home/jucy/ydlidar_ws_11_29/install/dwb_msgs/lib/python3.8/site-packages/dwb_msgs/srv/_generate_twists.py
[0.563s] -- Up-to-date: /home/jucy/ydlidar_ws_11_29/install/dwb_msgs/lib/python3.8/site-packages/dwb_msgs/srv/_score_trajectory_s.c
[0.563s] -- Up-to-date: /home/jucy/ydlidar_ws_11_29/install/dwb_msgs/lib/python3.8/site-packages/dwb_msgs/srv/_generate_trajectory_s.c
[0.563s] -- Up-to-date: /home/jucy/ydlidar_ws_11_29/install/dwb_msgs/lib/python3.8/site-packages/dwb_msgs/dwb_msgs_s__rosidl_typesupport_fastrtps_c.cpython-38-x86_64-linux-gnu.so
[0.563s] -- Up-to-date: /home/jucy/ydlidar_ws_11_29/install/dwb_msgs/lib/python3.8/site-packages/dwb_msgs/dwb_msgs_s__rosidl_typesupport_introspection_c.cpython-38-x86_64-linux-gnu.so
[0.566s] -- Up-to-date: /home/jucy/ydlidar_ws_11_29/install/dwb_msgs/lib/python3.8/site-packages/dwb_msgs/dwb_msgs_s__rosidl_typesupport_c.cpython-38-x86_64-linux-gnu.so
[0.567s] -- Up-to-date: /home/jucy/ydlidar_ws_11_29/install/dwb_msgs/lib/libdwb_msgs__python.so
[0.567s] -- Up-to-date: /home/jucy/ydlidar_ws_11_29/install/dwb_msgs/share/dwb_msgs/msg/CriticScore.idl
[0.567s] -- Up-to-date: /home/jucy/ydlidar_ws_11_29/install/dwb_msgs/share/dwb_msgs/msg/LocalPlanEvaluation.idl
[0.567s] -- Up-to-date: /home/jucy/ydlidar_ws_11_29/install/dwb_msgs/share/dwb_msgs/msg/Trajectory2D.idl
[0.568s] -- Up-to-date: /home/jucy/ydlidar_ws_11_29/install/dwb_msgs/share/dwb_msgs/msg/TrajectoryScore.idl
[0.568s] -- Up-to-date: /home/jucy/ydlidar_ws_11_29/install/dwb_msgs/share/dwb_msgs/srv/DebugLocalPlan.idl
[0.568s] -- Up-to-date: /home/jucy/ydlidar_ws_11_29/install/dwb_msgs/share/dwb_msgs/srv/GenerateTrajectory.idl
[0.568s] -- Up-to-date: /home/jucy/ydlidar_ws_11_29/install/dwb_msgs/share/dwb_msgs/srv/GenerateTwists.idl
[0.569s] -- Up-to-date: /home/jucy/ydlidar_ws_11_29/install/dwb_msgs/share/dwb_msgs/srv/GetCriticScore.idl
[0.569s] -- Up-to-date: /home/jucy/ydlidar_ws_11_29/install/dwb_msgs/share/dwb_msgs/srv/ScoreTrajectory.idl
[0.570s] -- Up-to-date: /home/jucy/ydlidar_ws_11_29/install/dwb_msgs/share/dwb_msgs/msg/CriticScore.msg
[0.570s] -- Up-to-date: /home/jucy/ydlidar_ws_11_29/install/dwb_msgs/share/dwb_msgs/msg/LocalPlanEvaluation.msg
[0.570s] -- Up-to-date: /home/jucy/ydlidar_ws_11_29/install/dwb_msgs/share/dwb_msgs/msg/Trajectory2D.msg
[0.570s] -- Up-to-date: /home/jucy/ydlidar_ws_11_29/install/dwb_msgs/share/dwb_msgs/msg/TrajectoryScore.msg
[0.570s] -- Up-to-date: /home/jucy/ydlidar_ws_11_29/install/dwb_msgs/share/dwb_msgs/srv/DebugLocalPlan.srv
[0.570s] -- Up-to-date: /home/jucy/ydlidar_ws_11_29/install/dwb_msgs/share/dwb_msgs/srv/DebugLocalPlan_Request.msg
[0.571s] -- Up-to-date: /home/jucy/ydlidar_ws_11_29/install/dwb_msgs/share/dwb_msgs/srv/DebugLocalPlan_Response.msg
[0.571s] -- Up-to-date: /home/jucy/ydlidar_ws_11_29/install/dwb_msgs/share/dwb_msgs/srv/GenerateTrajectory.srv
[0.571s] -- Up-to-date: /home/jucy/ydlidar_ws_11_29/install/dwb_msgs/share/dwb_msgs/srv/GenerateTrajectory_Request.msg
[0.571s] -- Up-to-date: /home/jucy/ydlidar_ws_11_29/install/dwb_msgs/share/dwb_msgs/srv/GenerateTrajectory_Response.msg
[0.571s] -- Up-to-date: /home/jucy/ydlidar_ws_11_29/install/dwb_msgs/share/dwb_msgs/srv/GenerateTwists.srv
[0.572s] -- Up-to-date: /home/jucy/ydlidar_ws_11_29/install/dwb_msgs/share/dwb_msgs/srv/GenerateTwists_Request.msg
[0.572s] -- Up-to-date: /home/jucy/ydlidar_ws_11_29/install/dwb_msgs/share/dwb_msgs/srv/GenerateTwists_Response.msg
[0.572s] -- Up-to-date: /home/jucy/ydlidar_ws_11_29/install/dwb_msgs/share/dwb_msgs/srv/GetCriticScore.srv
[0.572s] -- Up-to-date: /home/jucy/ydlidar_ws_11_29/install/dwb_msgs/share/dwb_msgs/srv/GetCriticScore_Request.msg
[0.572s] -- Up-to-date: /home/jucy/ydlidar_ws_11_29/install/dwb_msgs/share/dwb_msgs/srv/GetCriticScore_Response.msg
[0.573s] -- Up-to-date: /home/jucy/ydlidar_ws_11_29/install/dwb_msgs/share/dwb_msgs/srv/ScoreTrajectory.srv
[0.573s] -- Up-to-date: /home/jucy/ydlidar_ws_11_29/install/dwb_msgs/share/dwb_msgs/srv/ScoreTrajectory_Request.msg
[0.573s] -- Up-to-date: /home/jucy/ydlidar_ws_11_29/install/dwb_msgs/share/dwb_msgs/srv/ScoreTrajectory_Response.msg
[0.573s] -- Up-to-date: /home/jucy/ydlidar_ws_11_29/install/dwb_msgs/share/ament_index/resource_index/package_run_dependencies/dwb_msgs
[0.573s] -- Up-to-date: /home/jucy/ydlidar_ws_11_29/install/dwb_msgs/share/ament_index/resource_index/parent_prefix_path/dwb_msgs
[0.573s] -- Up-to-date: /home/jucy/ydlidar_ws_11_29/install/dwb_msgs/share/dwb_msgs/environment/ament_prefix_path.sh
[0.573s] -- Up-to-date: /home/jucy/ydlidar_ws_11_29/install/dwb_msgs/share/dwb_msgs/environment/ament_prefix_path.dsv
[0.574s] -- Up-to-date: /home/jucy/ydlidar_ws_11_29/install/dwb_msgs/share/dwb_msgs/environment/path.sh
[0.574s] -- Up-to-date: /home/jucy/ydlidar_ws_11_29/install/dwb_msgs/share/dwb_msgs/environment/path.dsv
[0.574s] -- Up-to-date: /home/jucy/ydlidar_ws_11_29/install/dwb_msgs/share/dwb_msgs/local_setup.bash
[0.575s] -- Up-to-date: /home/jucy/ydlidar_ws_11_29/install/dwb_msgs/share/dwb_msgs/local_setup.sh
[0.575s] -- Up-to-date: /home/jucy/ydlidar_ws_11_29/install/dwb_msgs/share/dwb_msgs/local_setup.zsh
[0.575s] -- Up-to-date: /home/jucy/ydlidar_ws_11_29/install/dwb_msgs/share/dwb_msgs/local_setup.dsv
[0.575s] -- Installing: /home/jucy/ydlidar_ws_11_29/install/dwb_msgs/share/dwb_msgs/package.dsv
[0.576s] -- Up-to-date: /home/jucy/ydlidar_ws_11_29/install/dwb_msgs/share/ament_index/resource_index/packages/dwb_msgs
[0.576s] -- Up-to-date: /home/jucy/ydlidar_ws_11_29/install/dwb_msgs/share/dwb_msgs/cmake/dwb_msgs__rosidl_generator_cExport.cmake
[0.576s] -- Up-to-date: /home/jucy/ydlidar_ws_11_29/install/dwb_msgs/share/dwb_msgs/cmake/dwb_msgs__rosidl_generator_cExport-noconfig.cmake
[0.576s] -- Up-to-date: /home/jucy/ydlidar_ws_11_29/install/dwb_msgs/share/dwb_msgs/cmake/dwb_msgs__rosidl_typesupport_introspection_cExport.cmake
[0.577s] -- Up-to-date: /home/jucy/ydlidar_ws_11_29/install/dwb_msgs/share/dwb_msgs/cmake/dwb_msgs__rosidl_typesupport_introspection_cExport-noconfig.cmake
[0.577s] -- Up-to-date: /home/jucy/ydlidar_ws_11_29/install/dwb_msgs/share/dwb_msgs/cmake/dwb_msgs__rosidl_typesupport_cExport.cmake
[0.578s] -- Up-to-date: /home/jucy/ydlidar_ws_11_29/install/dwb_msgs/share/dwb_msgs/cmake/dwb_msgs__rosidl_typesupport_cExport-noconfig.cmake
[0.578s] -- Up-to-date: /home/jucy/ydlidar_ws_11_29/install/dwb_msgs/share/dwb_msgs/cmake/dwb_msgs__rosidl_generator_cppExport.cmake
[0.579s] -- Up-to-date: /home/jucy/ydlidar_ws_11_29/install/dwb_msgs/share/dwb_msgs/cmake/dwb_msgs__rosidl_typesupport_introspection_cppExport.cmake
[0.580s] -- Up-to-date: /home/jucy/ydlidar_ws_11_29/install/dwb_msgs/share/dwb_msgs/cmake/dwb_msgs__rosidl_typesupport_introspection_cppExport-noconfig.cmake
[0.580s] -- Up-to-date: /home/jucy/ydlidar_ws_11_29/install/dwb_msgs/share/dwb_msgs/cmake/dwb_msgs__rosidl_typesupport_cppExport.cmake
[0.580s] -- Up-to-date: /home/jucy/ydlidar_ws_11_29/install/dwb_msgs/share/dwb_msgs/cmake/dwb_msgs__rosidl_typesupport_cppExport-noconfig.cmake
[0.581s] -- Up-to-date: /home/jucy/ydlidar_ws_11_29/install/dwb_msgs/share/dwb_msgs/cmake/rosidl_cmake-extras.cmake
[0.581s] -- Up-to-date: /home/jucy/ydlidar_ws_11_29/install/dwb_msgs/share/dwb_msgs/cmake/ament_cmake_export_dependencies-extras.cmake
[0.582s] -- Up-to-date: /home/jucy/ydlidar_ws_11_29/install/dwb_msgs/share/dwb_msgs/cmake/ament_cmake_export_libraries-extras.cmake
[0.582s] -- Up-to-date: /home/jucy/ydlidar_ws_11_29/install/dwb_msgs/share/dwb_msgs/cmake/ament_cmake_export_targets-extras.cmake
[0.582s] -- Up-to-date: /home/jucy/ydlidar_ws_11_29/install/dwb_msgs/share/dwb_msgs/cmake/ament_cmake_export_include_directories-extras.cmake
[0.582s] -- Up-to-date: /home/jucy/ydlidar_ws_11_29/install/dwb_msgs/share/dwb_msgs/cmake/rosidl_cmake_export_typesupport_libraries-extras.cmake
[0.583s] -- Up-to-date: /home/jucy/ydlidar_ws_11_29/install/dwb_msgs/share/dwb_msgs/cmake/rosidl_cmake_export_typesupport_targets-extras.cmake
[0.584s] -- Up-to-date: /home/jucy/ydlidar_ws_11_29/install/dwb_msgs/share/dwb_msgs/cmake/dwb_msgsConfig.cmake
[0.584s] -- Up-to-date: /home/jucy/ydlidar_ws_11_29/install/dwb_msgs/share/dwb_msgs/cmake/dwb_msgsConfig-version.cmake
[0.584s] -- Up-to-date: /home/jucy/ydlidar_ws_11_29/install/dwb_msgs/share/dwb_msgs/package.xml
[0.585s] Invoked command in '/home/jucy/ydlidar_ws_11_29/build/dwb_msgs' returned '0': CMAKE_PREFIX_PATH=/home/jucy/ydlidar_ws_11_29/install/nav_2d_msgs:/home/jucy/ydlidar_ws_11_29/install/ydlidar_ros2_driver:/home/jucy/ydlidar_ws_11_29/install/nav2_system_tests:/home/jucy/ydlidar_ws_11_29/install/myagv_navigation2:/home/jucy/ydlidar_ws_11_29/install/nav2_bringup:/home/jucy/ydlidar_ws_11_29/install/navigation2:/home/jucy/ydlidar_ws_11_29/install/smac_planner:/home/jucy/ydlidar_ws_11_29/install/nav2_dwb_controller:/home/jucy/ydlidar_ws_11_29/install/nav2_controller:/home/jucy/ydlidar_ws_11_29/install/dwb_plugins:/home/jucy/ydlidar_ws_11_29/install/dwb_critics:/home/jucy/ydlidar_ws_11_29/install/dwb_core:/home/jucy/ydlidar_ws_11_29/install/nav_2d_utils:/home/jucy/ydlidar_ws_11_29/install/dwb_msgs:/home/jucy/ydlidar_ws_11_29/install/nav2_waypoint_follower:/home/jucy/ydlidar_ws_11_29/install/nav2_regulated_pure_pursuit_controller:/home/jucy/ydlidar_ws_11_29/install/nav2_recoveries:/home/jucy/ydlidar_ws_11_29/install/nav2_planner:/home/jucy/ydlidar_ws_11_29/install/nav2_navfn_planner:/home/jucy/ydlidar_ws_11_29/install/nav2_core:/home/jucy/ydlidar_ws_11_29/install/costmap_queue:/home/jucy/ydlidar_ws_11_29/install/nav2_costmap_2d:/home/jucy/ydlidar_ws_11_29/install/nav2_voxel_grid:/home/jucy/ydlidar_ws_11_29/install/nav2_rviz_plugins:/home/jucy/ydlidar_ws_11_29/install/nav2_map_server:/home/jucy/ydlidar_ws_11_29/install/nav2_lifecycle_manager:/home/jucy/ydlidar_ws_11_29/install/nav2_bt_navigator:/home/jucy/ydlidar_ws_11_29/install/nav2_behavior_tree:/home/jucy/ydlidar_ws_11_29/install/nav2_amcl:/home/jucy/ydlidar_ws_11_29/install/nav2_util:/home/jucy/ydlidar_ws_11_29/install/nav2_msgs:/home/jucy/ydlidar_ws_11_29/install/nav2_common:/home/jucy/ydlidar_ws_11_29/install/myagv_bringup:/home/jucy/ydlidar_ws_11_29/install/myagv_description:/home/jucy/new_ws/install/myagv_description:/home/jucy/new_ws/install/aseembly:/home/jucy/turtlebot3_ws/install/turtlebot3:/home/jucy/turtlebot3_ws/install/turtlebot3_simulations:/home/jucy/turtlebot3_ws/install/turtlebot3_bringup:/home/jucy/turtlebot3_ws/install/turtlebot3_node:/home/jucy/turtlebot3_ws/install/turtlebot3_navigation2:/home/jucy/turtlebot3_ws/install/turtlebot3_fake_node:/home/jucy/turtlebot3_ws/install/turtlebot3_msgs:/home/jucy/turtlebot3_ws/install/turtlebot3_gazebo:/home/jucy/turtlebot3_ws/install/turtlebot3_description:/home/jucy/turtlebot3_ws/install/turtlebot3_cartographer:/home/jucy/turtlebot3_ws/install/dynamixel_sdk_examples:/home/jucy/turtlebot3_ws/install/dynamixel_sdk_custom_interfaces:/home/jucy/turtlebot3_ws/install/dynamixel_sdk:/home/jucy/ros2_ws/install/ps2_controller:/home/jucy/ydlidar_ros2_ws/install/ydlidar_ros2_driver:/home/jucy/ydlidar_ros2_ws/install/ps2_controller:/home/jucy/ydlidar_ros2_ws/install/myagv_navigation2:/home/jucy/ydlidar_ros2_ws/install/myagv_bringup:/home/jucy/ydlidar_ros2_ws/install/myagv_description:/home/jucy/ydlidar_ros2_wss/install/ydlidar_ros2_driver:/opt/ros/foxy:/opt/ros/foxy:/home/jucy/ydlidar_ws_11_29/install/nav2_gazebo_spawner:/home/jucy/ydlidar_ws_11_29/install/jdamr200_node:/home/jucy/turtlebot3_ws/install/turtlebot3_teleop:/home/jucy/turtlebot3_ws/install/turtlebot3_example:/home/jucy/turtlebot3_ws/install/nav2_goal_pulisher_test:/home/jucy/turtlebot3_ws/install/nav2_goal_publisher:/home/jucy/ros2_ws/install/camera_udp_communication:/home/jucy/ros2_ws/install/agv_control_py:/home/jucy/ydlidar_ros2_ws/install/jdamr200_teleop:/home/jucy/ydlidar_ros2_ws/install/jdamr200_node LD_LIBRARY_PATH=/home/jucy/ydlidar_ws_11_29/install/nav_2d_msgs/lib:/home/jucy/ydlidar_ws_11_29/install/smac_planner/lib:/home/jucy/ydlidar_ws_11_29/install/nav2_controller/lib:/home/jucy/ydlidar_ws_11_29/install/dwb_plugins/lib:/home/jucy/ydlidar_ws_11_29/install/dwb_critics/lib:/home/jucy/ydlidar_ws_11_29/install/dwb_core/lib:/home/jucy/ydlidar_ws_11_29/install/nav_2d_utils/lib:/home/jucy/ydlidar_ws_11_29/install/dwb_msgs/lib:/home/jucy/ydlidar_ws_11_29/install/nav2_waypoint_follower/lib:/home/jucy/ydlidar_ws_11_29/install/nav2_regulated_pure_pursuit_controller/lib:/home/jucy/ydlidar_ws_11_29/install/nav2_recoveries/lib:/home/jucy/ydlidar_ws_11_29/install/nav2_planner/lib:/home/jucy/ydlidar_ws_11_29/install/nav2_navfn_planner/lib:/home/jucy/ydlidar_ws_11_29/install/costmap_queue/lib:/home/jucy/ydlidar_ws_11_29/install/nav2_costmap_2d/lib:/home/jucy/ydlidar_ws_11_29/install/nav2_voxel_grid/lib:/home/jucy/ydlidar_ws_11_29/install/nav2_rviz_plugins/lib:/home/jucy/ydlidar_ws_11_29/install/nav2_map_server/lib:/home/jucy/ydlidar_ws_11_29/install/nav2_lifecycle_manager/lib:/home/jucy/ydlidar_ws_11_29/install/nav2_bt_navigator/lib:/home/jucy/ydlidar_ws_11_29/install/nav2_behavior_tree/lib:/home/jucy/ydlidar_ws_11_29/install/nav2_amcl/lib:/home/jucy/ydlidar_ws_11_29/install/nav2_util/lib:/home/jucy/ydlidar_ws_11_29/install/nav2_msgs/lib:/home/jucy/turtlebot3_ws/install/turtlebot3_msgs/lib:/home/jucy/turtlebot3_ws/install/dynamixel_sdk_custom_interfaces/lib:/home/jucy/turtlebot3_ws/install/dynamixel_sdk/lib:/usr/lib/x86_64-linux-gnu/gazebo-11/plugins:/opt/ros/foxy/opt/yaml_cpp_vendor/lib:/opt/ros/foxy/opt/rviz_ogre_vendor/lib:/opt/ros/foxy/lib/x86_64-linux-gnu:/opt/ros/foxy/lib PYTHONPATH=/home/jucy/ydlidar_ws_11_29/install/nav_2d_msgs/lib/python3.8/site-packages:/home/jucy/ydlidar_ws_11_29/install/dwb_msgs/lib/python3.8/site-packages:/home/jucy/ydlidar_ws_11_29/install/nav2_msgs/lib/python3.8/site-packages:/home/jucy/ydlidar_ws_11_29/install/nav2_gazebo_spawner/lib/python3.8/site-packages:/home/jucy/ydlidar_ws_11_29/install/nav2_common/lib/python3.8/site-packages:/home/jucy/ydlidar_ws_11_29/install/jdamr200_node/lib/python3.8/site-packages:/home/jucy/turtlebot3_ws/install/turtlebot3_teleop/lib/python3.8/site-packages:/home/jucy/turtlebot3_ws/install/turtlebot3_example/lib/python3.8/site-packages:/home/jucy/turtlebot3_ws/install/turtlebot3_msgs/lib/python3.8/site-packages:/home/jucy/turtlebot3_ws/install/nav2_goal_pulisher_test/lib/python3.8/site-packages:/home/jucy/turtlebot3_ws/install/nav2_goal_publisher/lib/python3.8/site-packages:/home/jucy/turtlebot3_ws/install/dynamixel_sdk_custom_interfaces/lib/python3.8/site-packages:/home/jucy/ros2_ws/install/camera_udp_communication/lib/python3.8/site-packages:/home/jucy/ros2_ws/install/agv_control_py/lib/python3.8/site-packages:/home/jucy/ydlidar_ros2_ws/install/jdamr200_teleop/lib/python3.8/site-packages:/home/jucy/ydlidar_ros2_ws/install/jdamr200_node/lib/python3.8/site-packages:/usr/bin/python3.8:/opt/ros/foxy/lib/python3.8/site-packages /usr/bin/cmake --install /home/jucy/ydlidar_ws_11_29/build/dwb_msgs
