[0.234s] Invoking command in '/home/jucy/ydlidar_ws_11_29/build/myagv_navigation2': CMAKE_PREFIX_PATH=${CMAKE_PREFIX_PATH}:/home/jucy/ydlidar_ws_11_29/install/jdamr200_node /usr/bin/cmake --build /home/jucy/ydlidar_ws_11_29/build/myagv_navigation2 -- -j12 -l12
[0.335s] Invoked command in '/home/jucy/ydlidar_ws_11_29/build/myagv_navigation2' returned '0': CMAKE_PREFIX_PATH=${CMAKE_PREFIX_PATH}:/home/jucy/ydlidar_ws_11_29/install/jdamr200_node /usr/bin/cmake --build /home/jucy/ydlidar_ws_11_29/build/myagv_navigation2 -- -j12 -l12
[0.336s] Invoking command in '/home/jucy/ydlidar_ws_11_29/build/myagv_navigation2': CMAKE_PREFIX_PATH=${CMAKE_PREFIX_PATH}:/home/jucy/ydlidar_ws_11_29/install/jdamr200_node /usr/bin/cmake --install /home/jucy/ydlidar_ws_11_29/build/myagv_navigation2
[0.351s] -- Install configuration: ""
[0.352s] -- Up-to-date: /home/jucy/ydlidar_ws_11_29/install/myagv_navigation2/share/myagv_navigation2/launch
[0.352s] -- Up-to-date: /home/jucy/ydlidar_ws_11_29/install/myagv_navigation2/share/myagv_navigation2/launch/navigation2.launch.py
[0.352s] -- Up-to-date: /home/jucy/ydlidar_ws_11_29/install/myagv_navigation2/share/myagv_navigation2/map
[0.353s] -- Up-to-date: /home/jucy/ydlidar_ws_11_29/install/myagv_navigation2/share/myagv_navigation2/map/test7_map.pgm
[0.353s] -- Up-to-date: /home/jucy/ydlidar_ws_11_29/install/myagv_navigation2/share/myagv_navigation2/map/test5_map.yaml
[0.353s] -- Up-to-date: /home/jucy/ydlidar_ws_11_29/install/myagv_navigation2/share/myagv_navigation2/map/test4_map.yaml
[0.353s] -- Up-to-date: /home/jucy/ydlidar_ws_11_29/install/myagv_navigation2/share/myagv_navigation2/map/test6_map.pgm
[0.353s] -- Up-to-date: /home/jucy/ydlidar_ws_11_29/install/myagv_navigation2/share/myagv_navigation2/map/test4_map.pgm
[0.354s] -- Up-to-date: /home/jucy/ydlidar_ws_11_29/install/myagv_navigation2/share/myagv_navigation2/map/test5_map.pgm
[0.354s] -- Up-to-date: /home/jucy/ydlidar_ws_11_29/install/myagv_navigation2/share/myagv_navigation2/map/map.yaml
[0.354s] -- Up-to-date: /home/jucy/ydlidar_ws_11_29/install/myagv_navigation2/share/myagv_navigation2/map/test6_map.yaml
[0.354s] -- Up-to-date: /home/jucy/ydlidar_ws_11_29/install/myagv_navigation2/share/myagv_navigation2/map/test7_map.yaml
[0.354s] -- Up-to-date: /home/jucy/ydlidar_ws_11_29/install/myagv_navigation2/share/myagv_navigation2/map/map.pgm
[0.354s] -- Up-to-date: /home/jucy/ydlidar_ws_11_29/install/myagv_navigation2/share/myagv_navigation2/map/test7_map.zip
[0.354s] -- Up-to-date: /home/jucy/ydlidar_ws_11_29/install/myagv_navigation2/share/myagv_navigation2/param
[0.354s] -- Up-to-date: /home/jucy/ydlidar_ws_11_29/install/myagv_navigation2/share/myagv_navigation2/param/myagv.yaml
[0.355s] -- Up-to-date: /home/jucy/ydlidar_ws_11_29/install/myagv_navigation2/share/myagv_navigation2/param/follow_point_bt.xml
[0.355s] -- Up-to-date: /home/jucy/ydlidar_ws_11_29/install/myagv_navigation2/share/myagv_navigation2/rviz
[0.355s] -- Up-to-date: /home/jucy/ydlidar_ws_11_29/install/myagv_navigation2/share/myagv_navigation2/rviz/nav2_config_object_following.rviz
[0.355s] -- Up-to-date: /home/jucy/ydlidar_ws_11_29/install/myagv_navigation2/share/ament_index/resource_index/package_run_dependencies/myagv_navigation2
[0.355s] -- Up-to-date: /home/jucy/ydlidar_ws_11_29/install/myagv_navigation2/share/ament_index/resource_index/parent_prefix_path/myagv_navigation2
[0.356s] -- Up-to-date: /home/jucy/ydlidar_ws_11_29/install/myagv_navigation2/share/myagv_navigation2/environment/ament_prefix_path.sh
[0.356s] -- Up-to-date: /home/jucy/ydlidar_ws_11_29/install/myagv_navigation2/share/myagv_navigation2/environment/ament_prefix_path.dsv
[0.357s] -- Up-to-date: /home/jucy/ydlidar_ws_11_29/install/myagv_navigation2/share/myagv_navigation2/environment/path.sh
[0.357s] -- Up-to-date: /home/jucy/ydlidar_ws_11_29/install/myagv_navigation2/share/myagv_navigation2/environment/path.dsv
[0.357s] -- Up-to-date: /home/jucy/ydlidar_ws_11_29/install/myagv_navigation2/share/myagv_navigation2/local_setup.bash
[0.358s] -- Up-to-date: /home/jucy/ydlidar_ws_11_29/install/myagv_navigation2/share/myagv_navigation2/local_setup.sh
[0.359s] -- Up-to-date: /home/jucy/ydlidar_ws_11_29/install/myagv_navigation2/share/myagv_navigation2/local_setup.zsh
[0.359s] -- Up-to-date: /home/jucy/ydlidar_ws_11_29/install/myagv_navigation2/share/myagv_navigation2/local_setup.dsv
[0.359s] -- Installing: /home/jucy/ydlidar_ws_11_29/install/myagv_navigation2/share/myagv_navigation2/package.dsv
[0.359s] -- Up-to-date: /home/jucy/ydlidar_ws_11_29/install/myagv_navigation2/share/ament_index/resource_index/packages/myagv_navigation2
[0.359s] -- Up-to-date: /home/jucy/ydlidar_ws_11_29/install/myagv_navigation2/share/myagv_navigation2/cmake/myagv_navigation2Config.cmake
[0.360s] -- Up-to-date: /home/jucy/ydlidar_ws_11_29/install/myagv_navigation2/share/myagv_navigation2/cmake/myagv_navigation2Config-version.cmake
[0.360s] -- Up-to-date: /home/jucy/ydlidar_ws_11_29/install/myagv_navigation2/share/myagv_navigation2/package.xml
[0.361s] Invoked command in '/home/jucy/ydlidar_ws_11_29/build/myagv_navigation2' returned '0': CMAKE_PREFIX_PATH=${CMAKE_PREFIX_PATH}:/home/jucy/ydlidar_ws_11_29/install/jdamr200_node /usr/bin/cmake --install /home/jucy/ydlidar_ws_11_29/build/myagv_navigation2
