[0.028s] Invoking command in '/home/ysh/KG_2_Project/AGV_team/ros2_ws/build/ps2_controller': CMAKE_PREFIX_PATH=${CMAKE_PREFIX_PATH}:/home/ysh/ros2_ws/install/my_monitoring:/home/ysh/ros2_ws/install/lidar_receiver:/opt/ros/foxy /usr/bin/cmake /home/ysh/KG_2_Project/AGV_team/ros2_ws/src/ps2_controller -DCMAKE_INSTALL_PREFIX=/home/ysh/KG_2_Project/AGV_team/ros2_ws/install/ps2_controller
[0.053s] -- Found ament_cmake: 0.9.12 (/opt/ros/foxy/share/ament_cmake/cmake)
[0.092s] -- Using PYTHON_EXECUTABLE: /usr/bin/python3
[0.359s] -- Found rclcpp: 2.4.3 (/opt/ros/foxy/share/rclcpp/cmake)
[0.411s] -- Using all available rosidl_typesupport_c: rosidl_typesupport_fastrtps_c;rosidl_typesupport_introspection_c
[0.416s] -- Found rosidl_adapter: 1.3.1 (/opt/ros/foxy/share/rosidl_adapter/cmake)
[0.641s] -- Using all available rosidl_typesupport_cpp: rosidl_typesupport_fastrtps_cpp;rosidl_typesupport_introspection_cpp
[0.713s] -- Found rmw_implementation_cmake: 1.0.4 (/opt/ros/foxy/share/rmw_implementation_cmake/cmake)
[0.715s] -- Using RMW implementation 'rmw_fastrtps_cpp' as default
[0.928s] -- Found geometry_msgs: 2.0.5 (/opt/ros/foxy/share/geometry_msgs/cmake)
[0.999s] CMake Error at CMakeLists.txt:11 (find_package):
[0.999s]   By not providing "Findserial.cmake" in CMAKE_MODULE_PATH this project has
[0.999s]   asked CMake to find a package configuration file provided by "serial", but
[0.999s]   CMake did not find one.
[1.000s] 
[1.000s]   Could not find a package configuration file provided by "serial" with any
[1.000s]   of the following names:
[1.000s] 
[1.000s]     serialConfig.cmake
[1.000s]     serial-config.cmake
[1.000s] 
[1.001s]   Add the installation prefix of "serial" to CMAKE_PREFIX_PATH or set
[1.001s]   "serial_DIR" to a directory containing one of the above files.  If "serial"
[1.001s]   provides a separate development package or SDK, be sure it has been
[1.001s]   installed.
[1.001s] 
[1.001s] 
[1.002s] -- Configuring incomplete, errors occurred!
[1.002s] See also "/home/ysh/KG_2_Project/AGV_team/ros2_ws/build/ps2_controller/CMakeFiles/CMakeOutput.log".
[1.002s] See also "/home/ysh/KG_2_Project/AGV_team/ros2_ws/build/ps2_controller/CMakeFiles/CMakeError.log".
[1.014s] Invoked command in '/home/ysh/KG_2_Project/AGV_team/ros2_ws/build/ps2_controller' returned '1': CMAKE_PREFIX_PATH=${CMAKE_PREFIX_PATH}:/home/ysh/ros2_ws/install/my_monitoring:/home/ysh/ros2_ws/install/lidar_receiver:/opt/ros/foxy /usr/bin/cmake /home/ysh/KG_2_Project/AGV_team/ros2_ws/src/ps2_controller -DCMAKE_INSTALL_PREFIX=/home/ysh/KG_2_Project/AGV_team/ros2_ws/install/ps2_controller
