[0.021s] Invoking command in '/home/jucy/ydlidar_ws_11_29/build/nav2_core': AMENT_PREFIX_PATH=/home/jucy/ydlidar_ws_11_29/install/nav2_costmap_2d:/home/jucy/ydlidar_ws_11_29/install/nav2_map_server:/home/jucy/ydlidar_ws_11_29/install/nav2_lifecycle_manager:/home/jucy/ydlidar_ws_11_29/install/nav2_util:/home/jucy/ydlidar_ws_11_29/install/nav2_voxel_grid:/home/jucy/ydlidar_ws_11_29/install/nav2_msgs:/home/jucy/ydlidar_ws_11_29/install/nav2_common:${AMENT_PREFIX_PATH} CMAKE_PREFIX_PATH=/home/jucy/ydlidar_ws_11_29/install/nav2_costmap_2d:/home/jucy/ydlidar_ws_11_29/install/nav2_map_server:/home/jucy/ydlidar_ws_11_29/install/nav2_lifecycle_manager:/home/jucy/ydlidar_ws_11_29/install/nav2_util:/home/jucy/ydlidar_ws_11_29/install/nav2_voxel_grid:/home/jucy/ydlidar_ws_11_29/install/nav2_msgs:/home/jucy/ydlidar_ws_11_29/install/nav2_common:/opt/ros/foxy:/opt/ros/foxy LD_LIBRARY_PATH=/home/jucy/ydlidar_ws_11_29/install/nav2_costmap_2d/lib:/home/jucy/ydlidar_ws_11_29/install/nav2_map_server/lib:/home/jucy/ydlidar_ws_11_29/install/nav2_lifecycle_manager/lib:/home/jucy/ydlidar_ws_11_29/install/nav2_util/lib:/home/jucy/ydlidar_ws_11_29/install/nav2_voxel_grid/lib:/home/jucy/ydlidar_ws_11_29/install/nav2_msgs/lib:${LD_LIBRARY_PATH} PYTHONPATH=/home/jucy/ydlidar_ws_11_29/install/nav2_msgs/lib/python3.8/site-packages:/home/jucy/ydlidar_ws_11_29/install/nav2_common/lib/python3.8/site-packages:${PYTHONPATH} /usr/bin/cmake --build /home/jucy/ydlidar_ws_11_29/build/nav2_core -- -j12 -l12
[0.064s] Invoked command in '/home/jucy/ydlidar_ws_11_29/build/nav2_core' returned '0': AMENT_PREFIX_PATH=/home/jucy/ydlidar_ws_11_29/install/nav2_costmap_2d:/home/jucy/ydlidar_ws_11_29/install/nav2_map_server:/home/jucy/ydlidar_ws_11_29/install/nav2_lifecycle_manager:/home/jucy/ydlidar_ws_11_29/install/nav2_util:/home/jucy/ydlidar_ws_11_29/install/nav2_voxel_grid:/home/jucy/ydlidar_ws_11_29/install/nav2_msgs:/home/jucy/ydlidar_ws_11_29/install/nav2_common:${AMENT_PREFIX_PATH} CMAKE_PREFIX_PATH=/home/jucy/ydlidar_ws_11_29/install/nav2_costmap_2d:/home/jucy/ydlidar_ws_11_29/install/nav2_map_server:/home/jucy/ydlidar_ws_11_29/install/nav2_lifecycle_manager:/home/jucy/ydlidar_ws_11_29/install/nav2_util:/home/jucy/ydlidar_ws_11_29/install/nav2_voxel_grid:/home/jucy/ydlidar_ws_11_29/install/nav2_msgs:/home/jucy/ydlidar_ws_11_29/install/nav2_common:/opt/ros/foxy:/opt/ros/foxy LD_LIBRARY_PATH=/home/jucy/ydlidar_ws_11_29/install/nav2_costmap_2d/lib:/home/jucy/ydlidar_ws_11_29/install/nav2_map_server/lib:/home/jucy/ydlidar_ws_11_29/install/nav2_lifecycle_manager/lib:/home/jucy/ydlidar_ws_11_29/install/nav2_util/lib:/home/jucy/ydlidar_ws_11_29/install/nav2_voxel_grid/lib:/home/jucy/ydlidar_ws_11_29/install/nav2_msgs/lib:${LD_LIBRARY_PATH} PYTHONPATH=/home/jucy/ydlidar_ws_11_29/install/nav2_msgs/lib/python3.8/site-packages:/home/jucy/ydlidar_ws_11_29/install/nav2_common/lib/python3.8/site-packages:${PYTHONPATH} /usr/bin/cmake --build /home/jucy/ydlidar_ws_11_29/build/nav2_core -- -j12 -l12
[0.067s] Invoking command in '/home/jucy/ydlidar_ws_11_29/build/nav2_core': AMENT_PREFIX_PATH=/home/jucy/ydlidar_ws_11_29/install/nav2_costmap_2d:/home/jucy/ydlidar_ws_11_29/install/nav2_map_server:/home/jucy/ydlidar_ws_11_29/install/nav2_lifecycle_manager:/home/jucy/ydlidar_ws_11_29/install/nav2_util:/home/jucy/ydlidar_ws_11_29/install/nav2_voxel_grid:/home/jucy/ydlidar_ws_11_29/install/nav2_msgs:/home/jucy/ydlidar_ws_11_29/install/nav2_common:${AMENT_PREFIX_PATH} CMAKE_PREFIX_PATH=/home/jucy/ydlidar_ws_11_29/install/nav2_costmap_2d:/home/jucy/ydlidar_ws_11_29/install/nav2_map_server:/home/jucy/ydlidar_ws_11_29/install/nav2_lifecycle_manager:/home/jucy/ydlidar_ws_11_29/install/nav2_util:/home/jucy/ydlidar_ws_11_29/install/nav2_voxel_grid:/home/jucy/ydlidar_ws_11_29/install/nav2_msgs:/home/jucy/ydlidar_ws_11_29/install/nav2_common:/opt/ros/foxy:/opt/ros/foxy LD_LIBRARY_PATH=/home/jucy/ydlidar_ws_11_29/install/nav2_costmap_2d/lib:/home/jucy/ydlidar_ws_11_29/install/nav2_map_server/lib:/home/jucy/ydlidar_ws_11_29/install/nav2_lifecycle_manager/lib:/home/jucy/ydlidar_ws_11_29/install/nav2_util/lib:/home/jucy/ydlidar_ws_11_29/install/nav2_voxel_grid/lib:/home/jucy/ydlidar_ws_11_29/install/nav2_msgs/lib:${LD_LIBRARY_PATH} PYTHONPATH=/home/jucy/ydlidar_ws_11_29/install/nav2_msgs/lib/python3.8/site-packages:/home/jucy/ydlidar_ws_11_29/install/nav2_common/lib/python3.8/site-packages:${PYTHONPATH} /usr/bin/cmake --install /home/jucy/ydlidar_ws_11_29/build/nav2_core
[0.075s] -- Install configuration: "Release"
[0.075s] -- Up-to-date: /home/jucy/ydlidar_ws_11_29/install/nav2_core/include/
[0.075s] -- Up-to-date: /home/jucy/ydlidar_ws_11_29/install/nav2_core/include//nav2_core
[0.075s] -- Up-to-date: /home/jucy/ydlidar_ws_11_29/install/nav2_core/include//nav2_core/global_planner.hpp
[0.075s] -- Up-to-date: /home/jucy/ydlidar_ws_11_29/install/nav2_core/include//nav2_core/exceptions.hpp
[0.075s] -- Up-to-date: /home/jucy/ydlidar_ws_11_29/install/nav2_core/include//nav2_core/recovery.hpp
[0.076s] -- Up-to-date: /home/jucy/ydlidar_ws_11_29/install/nav2_core/include//nav2_core/goal_checker.hpp
[0.076s] -- Up-to-date: /home/jucy/ydlidar_ws_11_29/install/nav2_core/include//nav2_core/controller.hpp
[0.076s] -- Up-to-date: /home/jucy/ydlidar_ws_11_29/install/nav2_core/include//nav2_core/progress_checker.hpp
[0.076s] -- Up-to-date: /home/jucy/ydlidar_ws_11_29/install/nav2_core/share/ament_index/resource_index/package_run_dependencies/nav2_core
[0.076s] -- Up-to-date: /home/jucy/ydlidar_ws_11_29/install/nav2_core/share/ament_index/resource_index/parent_prefix_path/nav2_core
[0.076s] -- Up-to-date: /home/jucy/ydlidar_ws_11_29/install/nav2_core/share/nav2_core/environment/ament_prefix_path.sh
[0.076s] -- Up-to-date: /home/jucy/ydlidar_ws_11_29/install/nav2_core/share/nav2_core/environment/ament_prefix_path.dsv
[0.076s] -- Up-to-date: /home/jucy/ydlidar_ws_11_29/install/nav2_core/share/nav2_core/environment/path.sh
[0.076s] -- Up-to-date: /home/jucy/ydlidar_ws_11_29/install/nav2_core/share/nav2_core/environment/path.dsv
[0.076s] -- Up-to-date: /home/jucy/ydlidar_ws_11_29/install/nav2_core/share/nav2_core/local_setup.bash
[0.076s] -- Up-to-date: /home/jucy/ydlidar_ws_11_29/install/nav2_core/share/nav2_core/local_setup.sh
[0.076s] -- Up-to-date: /home/jucy/ydlidar_ws_11_29/install/nav2_core/share/nav2_core/local_setup.zsh
[0.076s] -- Up-to-date: /home/jucy/ydlidar_ws_11_29/install/nav2_core/share/nav2_core/local_setup.dsv
[0.076s] -- Installing: /home/jucy/ydlidar_ws_11_29/install/nav2_core/share/nav2_core/package.dsv
[0.092s] -- Up-to-date: /home/jucy/ydlidar_ws_11_29/install/nav2_core/share/ament_index/resource_index/packages/nav2_core
[0.092s] -- Up-to-date: /home/jucy/ydlidar_ws_11_29/install/nav2_core/share/nav2_core/cmake/ament_cmake_export_include_directories-extras.cmake
[0.092s] -- Up-to-date: /home/jucy/ydlidar_ws_11_29/install/nav2_core/share/nav2_core/cmake/ament_cmake_export_dependencies-extras.cmake
[0.092s] -- Up-to-date: /home/jucy/ydlidar_ws_11_29/install/nav2_core/share/nav2_core/cmake/nav2_coreConfig.cmake
[0.092s] -- Up-to-date: /home/jucy/ydlidar_ws_11_29/install/nav2_core/share/nav2_core/cmake/nav2_coreConfig-version.cmake
[0.092s] -- Up-to-date: /home/jucy/ydlidar_ws_11_29/install/nav2_core/share/nav2_core/package.xml
[0.094s] Invoked command in '/home/jucy/ydlidar_ws_11_29/build/nav2_core' returned '0': AMENT_PREFIX_PATH=/home/jucy/ydlidar_ws_11_29/install/nav2_costmap_2d:/home/jucy/ydlidar_ws_11_29/install/nav2_map_server:/home/jucy/ydlidar_ws_11_29/install/nav2_lifecycle_manager:/home/jucy/ydlidar_ws_11_29/install/nav2_util:/home/jucy/ydlidar_ws_11_29/install/nav2_voxel_grid:/home/jucy/ydlidar_ws_11_29/install/nav2_msgs:/home/jucy/ydlidar_ws_11_29/install/nav2_common:${AMENT_PREFIX_PATH} CMAKE_PREFIX_PATH=/home/jucy/ydlidar_ws_11_29/install/nav2_costmap_2d:/home/jucy/ydlidar_ws_11_29/install/nav2_map_server:/home/jucy/ydlidar_ws_11_29/install/nav2_lifecycle_manager:/home/jucy/ydlidar_ws_11_29/install/nav2_util:/home/jucy/ydlidar_ws_11_29/install/nav2_voxel_grid:/home/jucy/ydlidar_ws_11_29/install/nav2_msgs:/home/jucy/ydlidar_ws_11_29/install/nav2_common:/opt/ros/foxy:/opt/ros/foxy LD_LIBRARY_PATH=/home/jucy/ydlidar_ws_11_29/install/nav2_costmap_2d/lib:/home/jucy/ydlidar_ws_11_29/install/nav2_map_server/lib:/home/jucy/ydlidar_ws_11_29/install/nav2_lifecycle_manager/lib:/home/jucy/ydlidar_ws_11_29/install/nav2_util/lib:/home/jucy/ydlidar_ws_11_29/install/nav2_voxel_grid/lib:/home/jucy/ydlidar_ws_11_29/install/nav2_msgs/lib:${LD_LIBRARY_PATH} PYTHONPATH=/home/jucy/ydlidar_ws_11_29/install/nav2_msgs/lib/python3.8/site-packages:/home/jucy/ydlidar_ws_11_29/install/nav2_common/lib/python3.8/site-packages:${PYTHONPATH} /usr/bin/cmake --install /home/jucy/ydlidar_ws_11_29/build/nav2_core
