[0.087s] Invoking command in '/home/jucy/ydlidar_ws_11_29/build/nav2_behavior_tree': AMENT_PREFIX_PATH=/home/jucy/ydlidar_ws_11_29/install/nav2_util:/home/jucy/ydlidar_ws_11_29/install/nav2_msgs:/home/jucy/ydlidar_ws_11_29/install/nav2_common:${AMENT_PREFIX_PATH} CMAKE_PREFIX_PATH=/home/jucy/ydlidar_ws_11_29/install/nav2_util:/home/jucy/ydlidar_ws_11_29/install/nav2_msgs:/home/jucy/ydlidar_ws_11_29/install/nav2_common:/home/jucy/ydlidar_ws_11_29/install/ydlidar_ros2_driver:/home/jucy/ydlidar_ws_11_29/install/myagv_navigation2:/home/jucy/ydlidar_ws_11_29/install/myagv_bringup:/home/jucy/ydlidar_ws_11_29/install/myagv_description:/home/jucy/new_ws/install/myagv_description:/home/jucy/new_ws/install/aseembly:/home/jucy/turtlebot3_ws/install/turtlebot3:/home/jucy/turtlebot3_ws/install/turtlebot3_simulations:/home/jucy/turtlebot3_ws/install/turtlebot3_bringup:/home/jucy/turtlebot3_ws/install/turtlebot3_node:/home/jucy/turtlebot3_ws/install/turtlebot3_navigation2:/home/jucy/turtlebot3_ws/install/turtlebot3_fake_node:/home/jucy/turtlebot3_ws/install/turtlebot3_msgs:/home/jucy/turtlebot3_ws/install/turtlebot3_gazebo:/home/jucy/turtlebot3_ws/install/turtlebot3_description:/home/jucy/turtlebot3_ws/install/turtlebot3_cartographer:/home/jucy/turtlebot3_ws/install/dynamixel_sdk_examples:/home/jucy/turtlebot3_ws/install/dynamixel_sdk_custom_interfaces:/home/jucy/turtlebot3_ws/install/dynamixel_sdk:/home/jucy/ros2_ws/install/ps2_controller:/home/jucy/ydlidar_ros2_ws/install/ydlidar_ros2_driver:/home/jucy/ydlidar_ros2_ws/install/ps2_controller:/home/jucy/ydlidar_ros2_ws/install/myagv_navigation2:/home/jucy/ydlidar_ros2_ws/install/myagv_bringup:/home/jucy/ydlidar_ros2_ws/install/myagv_description:/home/jucy/ydlidar_ros2_wss/install/ydlidar_ros2_driver:/opt/ros/foxy:/opt/ros/foxy:/home/jucy/ydlidar_ws_11_29/install/jdamr200_node:/home/jucy/turtlebot3_ws/install/turtlebot3_teleop:/home/jucy/turtlebot3_ws/install/turtlebot3_example:/home/jucy/turtlebot3_ws/install/nav2_goal_pulisher_test:/home/jucy/turtlebot3_ws/install/nav2_goal_publisher:/home/jucy/ros2_ws/install/camera_udp_communication:/home/jucy/ros2_ws/install/agv_control_py:/home/jucy/ydlidar_ros2_ws/install/jdamr200_teleop:/home/jucy/ydlidar_ros2_ws/install/jdamr200_node LD_LIBRARY_PATH=/home/jucy/ydlidar_ws_11_29/install/nav2_util/lib:/home/jucy/ydlidar_ws_11_29/install/nav2_msgs/lib:${LD_LIBRARY_PATH} PYTHONPATH=/home/jucy/ydlidar_ws_11_29/install/nav2_msgs/lib/python3.8/site-packages:/home/jucy/ydlidar_ws_11_29/install/nav2_common/lib/python3.8/site-packages:${PYTHONPATH} /usr/bin/cmake /home/jucy/ydlidar_ws_11_29/ydlidar_ws/src/navigation2/nav2_behavior_tree -DCMAKE_INSTALL_PREFIX=/home/jucy/ydlidar_ws_11_29/install/nav2_behavior_tree
[0.226s] -- The CXX compiler identification is GNU 9.4.0
[0.248s] -- Check for working CXX compiler: /usr/bin/c++
[0.380s] -- Check for working CXX compiler: /usr/bin/c++ -- works
[0.381s] -- Detecting CXX compiler ABI info
[0.519s] -- Detecting CXX compiler ABI info - done
[0.544s] -- Detecting CXX compile features
[0.545s] -- Detecting CXX compile features - done
[0.550s] -- Found ament_cmake: 0.9.12 (/opt/ros/foxy/share/ament_cmake/cmake)
[0.619s] -- Found PythonInterp: /usr/bin/python3 (found suitable version "3.8.10", minimum required is "3") 
[0.619s] -- Using PYTHON_EXECUTABLE: /usr/bin/python3
[1.070s] -- Found nav2_common: 0.4.7 (/home/jucy/ydlidar_ws_11_29/install/nav2_common/share/nav2_common/cmake)
[1.084s] -- Found rclcpp: 2.4.3 (/opt/ros/foxy/share/rclcpp/cmake)
[1.202s] -- Using all available rosidl_typesupport_c: rosidl_typesupport_fastrtps_c;rosidl_typesupport_introspection_c
[1.235s] -- Found rosidl_adapter: 1.3.1 (/opt/ros/foxy/share/rosidl_adapter/cmake)
[1.426s] -- Found OpenSSL: /usr/lib/x86_64-linux-gnu/libcrypto.so (found version "1.1.1f")  
[1.494s] -- Found FastRTPS: /opt/ros/foxy/include  
[1.673s] -- Using all available rosidl_typesupport_cpp: rosidl_typesupport_fastrtps_cpp;rosidl_typesupport_introspection_cpp
[1.817s] -- Found rmw_implementation_cmake: 1.0.4 (/opt/ros/foxy/share/rmw_implementation_cmake/cmake)
[1.823s] -- Using RMW implementation 'rmw_fastrtps_cpp' as default
[2.140s] -- Looking for C++ include pthread.h
[2.301s] -- Looking for C++ include pthread.h - found
[2.301s] -- Performing Test CMAKE_HAVE_LIBC_PTHREAD
[2.457s] -- Performing Test CMAKE_HAVE_LIBC_PTHREAD - Failed
[2.459s] -- Looking for pthread_create in pthreads
[2.580s] -- Looking for pthread_create in pthreads - not found
[2.580s] -- Looking for pthread_create in pthread
[2.730s] -- Looking for pthread_create in pthread - found
[2.731s] -- Found Threads: TRUE  
[3.035s] -- Found rclcpp_action: 2.4.3 (/opt/ros/foxy/share/rclcpp_action/cmake)
[3.185s] -- Found rclcpp_lifecycle: 2.4.3 (/opt/ros/foxy/share/rclcpp_lifecycle/cmake)
[3.246s] -- Found geometry_msgs: 2.0.5 (/opt/ros/foxy/share/geometry_msgs/cmake)
[3.325s] -- Found sensor_msgs: 2.0.5 (/opt/ros/foxy/share/sensor_msgs/cmake)
[3.500s] -- Found nav2_msgs: 0.4.7 (/home/jucy/ydlidar_ws_11_29/install/nav2_msgs/share/nav2_msgs/cmake)
[4.098s] -- Found tf2_ros: 0.13.14 (/opt/ros/foxy/share/tf2_ros/cmake)
[4.601s] -- Found tf2_geometry_msgs: 0.13.14 (/opt/ros/foxy/share/tf2_geometry_msgs/cmake)
[4.615s] -- Found eigen3_cmake_module: 0.1.1 (/opt/ros/foxy/share/eigen3_cmake_module/cmake)
[4.628s] -- Found Eigen3: TRUE (found version "3.3.7") 
[4.679s] -- Found std_srvs: 2.0.5 (/opt/ros/foxy/share/std_srvs/cmake)
[4.689s] -- Found nav2_util: 0.4.7 (/home/jucy/ydlidar_ws_11_29/install/nav2_util/share/nav2_util/cmake)
[4.967s] -- Setting build type to Release as none was specified.
[14.951s] -- Found ament_lint_auto: 0.9.8 (/opt/ros/foxy/share/ament_lint_auto/cmake)
[15.156s] -- Found ament_cmake_gtest: 0.9.12 (/opt/ros/foxy/share/ament_cmake_gtest/cmake)
[15.180s] -- Found gtest sources under '/opt/ros/foxy/src/gtest_vendor': C++ tests using 'Google Test' will be built
[15.260s] -- The C compiler identification is GNU 9.4.0
[15.271s] -- Check for working C compiler: /usr/bin/cc
[15.388s] -- Check for working C compiler: /usr/bin/cc -- works
[15.392s] -- Detecting C compiler ABI info
[15.504s] -- Detecting C compiler ABI info - done
[15.518s] -- Detecting C compile features
[15.518s] -- Detecting C compile features - done
[15.520s] -- Check if compiler accepts -pthread
[15.670s] -- Check if compiler accepts -pthread - yes
[22.495s] -- Added test 'copyright' to check source files copyright and LICENSE
[22.517s] -- Added test 'cppcheck' to perform static code analysis on C / C++ code
[22.524s] -- Configured cppcheck include dirs: /home/jucy/ydlidar_ws_11_29/ydlidar_ws/src/navigation2/nav2_behavior_tree/include
[22.524s] -- Configured cppcheck exclude dirs and/or files: 
[22.536s] -- Added test 'cpplint' to check C / C++ code against the Google style
[22.536s] -- Configured cpplint exclude dirs and/or files: 
[22.541s] -- Added test 'lint_cmake' to check CMake code style
[22.550s] -- Added test 'uncrustify' to check C / C++ code style
[22.551s] -- Configured uncrustify additional arguments: 
[22.553s] -- Added test 'xmllint' to check XML markup files
[22.564s] -- Configuring done
[25.510s] -- Generating done
[26.728s] -- Build files have been written to: /home/jucy/ydlidar_ws_11_29/build/nav2_behavior_tree
[26.757s] Invoked command in '/home/jucy/ydlidar_ws_11_29/build/nav2_behavior_tree' returned '0': AMENT_PREFIX_PATH=/home/jucy/ydlidar_ws_11_29/install/nav2_util:/home/jucy/ydlidar_ws_11_29/install/nav2_msgs:/home/jucy/ydlidar_ws_11_29/install/nav2_common:${AMENT_PREFIX_PATH} CMAKE_PREFIX_PATH=/home/jucy/ydlidar_ws_11_29/install/nav2_util:/home/jucy/ydlidar_ws_11_29/install/nav2_msgs:/home/jucy/ydlidar_ws_11_29/install/nav2_common:/home/jucy/ydlidar_ws_11_29/install/ydlidar_ros2_driver:/home/jucy/ydlidar_ws_11_29/install/myagv_navigation2:/home/jucy/ydlidar_ws_11_29/install/myagv_bringup:/home/jucy/ydlidar_ws_11_29/install/myagv_description:/home/jucy/new_ws/install/myagv_description:/home/jucy/new_ws/install/aseembly:/home/jucy/turtlebot3_ws/install/turtlebot3:/home/jucy/turtlebot3_ws/install/turtlebot3_simulations:/home/jucy/turtlebot3_ws/install/turtlebot3_bringup:/home/jucy/turtlebot3_ws/install/turtlebot3_node:/home/jucy/turtlebot3_ws/install/turtlebot3_navigation2:/home/jucy/turtlebot3_ws/install/turtlebot3_fake_node:/home/jucy/turtlebot3_ws/install/turtlebot3_msgs:/home/jucy/turtlebot3_ws/install/turtlebot3_gazebo:/home/jucy/turtlebot3_ws/install/turtlebot3_description:/home/jucy/turtlebot3_ws/install/turtlebot3_cartographer:/home/jucy/turtlebot3_ws/install/dynamixel_sdk_examples:/home/jucy/turtlebot3_ws/install/dynamixel_sdk_custom_interfaces:/home/jucy/turtlebot3_ws/install/dynamixel_sdk:/home/jucy/ros2_ws/install/ps2_controller:/home/jucy/ydlidar_ros2_ws/install/ydlidar_ros2_driver:/home/jucy/ydlidar_ros2_ws/install/ps2_controller:/home/jucy/ydlidar_ros2_ws/install/myagv_navigation2:/home/jucy/ydlidar_ros2_ws/install/myagv_bringup:/home/jucy/ydlidar_ros2_ws/install/myagv_description:/home/jucy/ydlidar_ros2_wss/install/ydlidar_ros2_driver:/opt/ros/foxy:/opt/ros/foxy:/home/jucy/ydlidar_ws_11_29/install/jdamr200_node:/home/jucy/turtlebot3_ws/install/turtlebot3_teleop:/home/jucy/turtlebot3_ws/install/turtlebot3_example:/home/jucy/turtlebot3_ws/install/nav2_goal_pulisher_test:/home/jucy/turtlebot3_ws/install/nav2_goal_publisher:/home/jucy/ros2_ws/install/camera_udp_communication:/home/jucy/ros2_ws/install/agv_control_py:/home/jucy/ydlidar_ros2_ws/install/jdamr200_teleop:/home/jucy/ydlidar_ros2_ws/install/jdamr200_node LD_LIBRARY_PATH=/home/jucy/ydlidar_ws_11_29/install/nav2_util/lib:/home/jucy/ydlidar_ws_11_29/install/nav2_msgs/lib:${LD_LIBRARY_PATH} PYTHONPATH=/home/jucy/ydlidar_ws_11_29/install/nav2_msgs/lib/python3.8/site-packages:/home/jucy/ydlidar_ws_11_29/install/nav2_common/lib/python3.8/site-packages:${PYTHONPATH} /usr/bin/cmake /home/jucy/ydlidar_ws_11_29/ydlidar_ws/src/navigation2/nav2_behavior_tree -DCMAKE_INSTALL_PREFIX=/home/jucy/ydlidar_ws_11_29/install/nav2_behavior_tree
[26.759s] Invoking command in '/home/jucy/ydlidar_ws_11_29/build/nav2_behavior_tree': AMENT_PREFIX_PATH=/home/jucy/ydlidar_ws_11_29/install/nav2_util:/home/jucy/ydlidar_ws_11_29/install/nav2_msgs:/home/jucy/ydlidar_ws_11_29/install/nav2_common:${AMENT_PREFIX_PATH} CMAKE_PREFIX_PATH=/home/jucy/ydlidar_ws_11_29/install/nav2_util:/home/jucy/ydlidar_ws_11_29/install/nav2_msgs:/home/jucy/ydlidar_ws_11_29/install/nav2_common:/home/jucy/ydlidar_ws_11_29/install/ydlidar_ros2_driver:/home/jucy/ydlidar_ws_11_29/install/myagv_navigation2:/home/jucy/ydlidar_ws_11_29/install/myagv_bringup:/home/jucy/ydlidar_ws_11_29/install/myagv_description:/home/jucy/new_ws/install/myagv_description:/home/jucy/new_ws/install/aseembly:/home/jucy/turtlebot3_ws/install/turtlebot3:/home/jucy/turtlebot3_ws/install/turtlebot3_simulations:/home/jucy/turtlebot3_ws/install/turtlebot3_bringup:/home/jucy/turtlebot3_ws/install/turtlebot3_node:/home/jucy/turtlebot3_ws/install/turtlebot3_navigation2:/home/jucy/turtlebot3_ws/install/turtlebot3_fake_node:/home/jucy/turtlebot3_ws/install/turtlebot3_msgs:/home/jucy/turtlebot3_ws/install/turtlebot3_gazebo:/home/jucy/turtlebot3_ws/install/turtlebot3_description:/home/jucy/turtlebot3_ws/install/turtlebot3_cartographer:/home/jucy/turtlebot3_ws/install/dynamixel_sdk_examples:/home/jucy/turtlebot3_ws/install/dynamixel_sdk_custom_interfaces:/home/jucy/turtlebot3_ws/install/dynamixel_sdk:/home/jucy/ros2_ws/install/ps2_controller:/home/jucy/ydlidar_ros2_ws/install/ydlidar_ros2_driver:/home/jucy/ydlidar_ros2_ws/install/ps2_controller:/home/jucy/ydlidar_ros2_ws/install/myagv_navigation2:/home/jucy/ydlidar_ros2_ws/install/myagv_bringup:/home/jucy/ydlidar_ros2_ws/install/myagv_description:/home/jucy/ydlidar_ros2_wss/install/ydlidar_ros2_driver:/opt/ros/foxy:/opt/ros/foxy:/home/jucy/ydlidar_ws_11_29/install/jdamr200_node:/home/jucy/turtlebot3_ws/install/turtlebot3_teleop:/home/jucy/turtlebot3_ws/install/turtlebot3_example:/home/jucy/turtlebot3_ws/install/nav2_goal_pulisher_test:/home/jucy/turtlebot3_ws/install/nav2_goal_publisher:/home/jucy/ros2_ws/install/camera_udp_communication:/home/jucy/ros2_ws/install/agv_control_py:/home/jucy/ydlidar_ros2_ws/install/jdamr200_teleop:/home/jucy/ydlidar_ros2_ws/install/jdamr200_node LD_LIBRARY_PATH=/home/jucy/ydlidar_ws_11_29/install/nav2_util/lib:/home/jucy/ydlidar_ws_11_29/install/nav2_msgs/lib:${LD_LIBRARY_PATH} PYTHONPATH=/home/jucy/ydlidar_ws_11_29/install/nav2_msgs/lib/python3.8/site-packages:/home/jucy/ydlidar_ws_11_29/install/nav2_common/lib/python3.8/site-packages:${PYTHONPATH} /usr/bin/cmake --build /home/jucy/ydlidar_ws_11_29/build/nav2_behavior_tree -- -j12 -l12
[26.868s] [35m[1mScanning dependencies of target nav2_wait_action_bt_node[0m
[26.870s] [35m[1mScanning dependencies of target nav2_spin_action_bt_node[0m
[26.870s] [35m[1mScanning dependencies of target nav2_transform_available_condition_bt_node[0m
[26.874s] [35m[1mScanning dependencies of target nav2_compute_path_to_pose_action_bt_node[0m
[26.907s] [35m[1mScanning dependencies of target nav2_pipeline_sequence_bt_node[0m
[26.908s] [35m[1mScanning dependencies of target nav2_goal_updater_node_bt_node[0m
[26.913s] [35m[1mScanning dependencies of target nav2_goal_updated_condition_bt_node[0m
[26.924s] [35m[1mScanning dependencies of target nav2_initial_pose_received_condition_bt_node[0m
[26.931s] [35m[1mScanning dependencies of target nav2_goal_reached_condition_bt_node[0m
[26.934s] [35m[1mScanning dependencies of target nav2_follow_path_action_bt_node[0m
[26.943s] [35m[1mScanning dependencies of target nav2_behavior_tree[0m
[26.944s] [35m[1mScanning dependencies of target nav2_is_stuck_condition_bt_node[0m
[27.064s] [  1%] [32mBuilding CXX object CMakeFiles/nav2_pipeline_sequence_bt_node.dir/plugins/control/pipeline_sequence.cpp.o[0m
[27.070s] [  2%] [32mBuilding CXX object CMakeFiles/nav2_goal_updated_condition_bt_node.dir/plugins/condition/goal_updated_condition.cpp.o[0m
[27.123s] [  3%] [32mBuilding CXX object CMakeFiles/nav2_initial_pose_received_condition_bt_node.dir/plugins/condition/initial_pose_received_condition.cpp.o[0m
[27.141s] [  4%] [32mBuilding CXX object CMakeFiles/nav2_transform_available_condition_bt_node.dir/plugins/condition/transform_available_condition.cpp.o[0m
[27.179s] [  5%] [32mBuilding CXX object CMakeFiles/nav2_compute_path_to_pose_action_bt_node.dir/plugins/action/compute_path_to_pose_action.cpp.o[0m
[27.241s] [  6%] [32mBuilding CXX object CMakeFiles/nav2_wait_action_bt_node.dir/plugins/action/wait_action.cpp.o[0m
[27.281s] [  7%] [32mBuilding CXX object CMakeFiles/nav2_goal_updater_node_bt_node.dir/plugins/decorator/goal_updater_node.cpp.o[0m
[27.302s] [  8%] [32mBuilding CXX object CMakeFiles/nav2_spin_action_bt_node.dir/plugins/action/spin_action.cpp.o[0m
[27.303s] [  9%] [32mBuilding CXX object CMakeFiles/nav2_goal_reached_condition_bt_node.dir/plugins/condition/goal_reached_condition.cpp.o[0m
[27.317s] [ 10%] [32mBuilding CXX object CMakeFiles/nav2_is_stuck_condition_bt_node.dir/plugins/condition/is_stuck_condition.cpp.o[0m
[27.332s] [ 11%] [32mBuilding CXX object CMakeFiles/nav2_behavior_tree.dir/src/behavior_tree_engine.cpp.o[0m
[27.363s] [ 12%] [32mBuilding CXX object CMakeFiles/nav2_follow_path_action_bt_node.dir/plugins/action/follow_path_action.cpp.o[0m
[33.257s] [ 13%] [32m[1mLinking CXX shared library libnav2_pipeline_sequence_bt_node.so[0m
[33.487s] [ 14%] [32m[1mLinking CXX shared library libnav2_initial_pose_received_condition_bt_node.so[0m
[34.403s] [ 14%] Built target nav2_initial_pose_received_condition_bt_node
[34.495s] [35m[1mScanning dependencies of target nav2_time_expired_condition_bt_node[0m
[34.514s] [ 14%] Built target nav2_pipeline_sequence_bt_node
[34.616s] [35m[1mScanning dependencies of target nav2_distance_traveled_condition_bt_node[0m
[34.778s] [ 15%] [32mBuilding CXX object CMakeFiles/nav2_time_expired_condition_bt_node.dir/plugins/condition/time_expired_condition.cpp.o[0m
[34.954s] [ 16%] [32mBuilding CXX object CMakeFiles/nav2_distance_traveled_condition_bt_node.dir/plugins/condition/distance_traveled_condition.cpp.o[0m
[35.516s] [ 17%] [32m[1mLinking CXX shared library libnav2_goal_updated_condition_bt_node.so[0m
[36.303s] [ 17%] Built target nav2_goal_updated_condition_bt_node
[36.412s] [35m[1mScanning dependencies of target nav2_is_battery_low_condition_bt_node[0m
[36.756s] [ 18%] [32mBuilding CXX object CMakeFiles/nav2_is_battery_low_condition_bt_node.dir/plugins/condition/is_battery_low_condition.cpp.o[0m
[39.731s] [ 19%] [32m[1mLinking CXX shared library libnav2_behavior_tree.so[0m
[40.659s] [ 19%] Built target nav2_behavior_tree
[40.747s] [35m[1mScanning dependencies of target nav2_reinitialize_global_localization_service_bt_node[0m
[40.974s] [ 20%] [32mBuilding CXX object CMakeFiles/nav2_reinitialize_global_localization_service_bt_node.dir/plugins/action/reinitialize_global_localization_service.cpp.o[0m
[42.520s] [ 21%] [32m[1mLinking CXX shared library libnav2_transform_available_condition_bt_node.so[0m
[43.273s] [ 21%] Built target nav2_transform_available_condition_bt_node
[43.336s] [35m[1mScanning dependencies of target nav2_rate_controller_bt_node[0m
[43.459s] [ 22%] [32mBuilding CXX object CMakeFiles/nav2_rate_controller_bt_node.dir/plugins/decorator/rate_controller.cpp.o[0m
[46.374s] [ 23%] [32m[1mLinking CXX shared library libnav2_goal_reached_condition_bt_node.so[0m
[46.985s] [ 23%] Built target nav2_goal_reached_condition_bt_node
[47.008s] [35m[1mScanning dependencies of target nav2_distance_controller_bt_node[0m
[47.348s] [ 24%] [32mBuilding CXX object CMakeFiles/nav2_distance_controller_bt_node.dir/plugins/decorator/distance_controller.cpp.o[0m
[50.026s] [ 25%] [32m[1mLinking CXX shared library libnav2_follow_path_action_bt_node.so[0m
[50.596s] [ 26%] [32m[1mLinking CXX shared library libnav2_time_expired_condition_bt_node.so[0m
[50.769s] [ 27%] [32m[1mLinking CXX shared library libnav2_wait_action_bt_node.so[0m
[50.902s] [ 27%] Built target nav2_follow_path_action_bt_node
[50.996s] [35m[1mScanning dependencies of target nav2_round_robin_node_bt_node[0m
[51.103s] [ 28%] [32mBuilding CXX object CMakeFiles/nav2_round_robin_node_bt_node.dir/plugins/control/round_robin_node.cpp.o[0m
[51.175s] [ 28%] Built target nav2_time_expired_condition_bt_node
[51.239s] [ 29%] [32m[1mLinking CXX shared library libnav2_spin_action_bt_node.so[0m
[51.285s] [35m[1mScanning dependencies of target nav2_clear_costmap_service_bt_node[0m
[51.555s] [ 30%] [32mBuilding CXX object CMakeFiles/nav2_clear_costmap_service_bt_node.dir/plugins/action/clear_costmap_service.cpp.o[0m
[51.569s] [ 30%] Built target nav2_wait_action_bt_node
[51.645s] [ 31%] [32m[1mLinking CXX shared library libnav2_compute_path_to_pose_action_bt_node.so[0m
[51.683s] [35m[1mScanning dependencies of target nav2_speed_controller_bt_node[0m
[51.999s] [ 32%] [32mBuilding CXX object CMakeFiles/nav2_speed_controller_bt_node.dir/plugins/decorator/speed_controller.cpp.o[0m
[52.112s] [ 32%] Built target nav2_spin_action_bt_node
[52.209s] [35m[1mScanning dependencies of target nav2_truncate_path_action_bt_node[0m
[52.350s] [ 32%] Built target nav2_compute_path_to_pose_action_bt_node
[52.417s] [ 33%] [32mBuilding CXX object CMakeFiles/nav2_truncate_path_action_bt_node.dir/plugins/action/truncate_path_action.cpp.o[0m
[52.450s] [35m[1mScanning dependencies of target nav2_navigate_to_pose_action_bt_node[0m
[52.762s] [ 34%] [32mBuilding CXX object CMakeFiles/nav2_navigate_to_pose_action_bt_node.dir/plugins/action/navigate_to_pose_action.cpp.o[0m
[52.854s] [ 35%] [32m[1mLinking CXX shared library libnav2_rate_controller_bt_node.so[0m
[53.487s] [ 35%] Built target nav2_rate_controller_bt_node
[53.580s] [35m[1mScanning dependencies of target nav2_back_up_action_bt_node[0m
[53.937s] [ 36%] [32mBuilding CXX object CMakeFiles/nav2_back_up_action_bt_node.dir/plugins/action/back_up_action.cpp.o[0m
[54.869s] [ 37%] [32m[1mLinking CXX shared library libnav2_distance_traveled_condition_bt_node.so[0m
[55.810s] [ 37%] Built target nav2_distance_traveled_condition_bt_node
[55.867s] [35m[1mScanning dependencies of target nav2_recovery_node_bt_node[0m
[55.993s] [ 38%] [32mBuilding CXX object CMakeFiles/nav2_recovery_node_bt_node.dir/plugins/control/recovery_node.cpp.o[0m
[56.448s] [ 39%] [32m[1mLinking CXX shared library libnav2_round_robin_node_bt_node.so[0m
[56.976s] [ 39%] Built target nav2_round_robin_node_bt_node
[57.052s] [35m[1mScanning dependencies of target gtest[0m
[57.163s] [ 40%] [32mBuilding CXX object gtest/CMakeFiles/gtest.dir/src/gtest-all.cc.o[0m
[57.205s] [ 41%] [32m[1mLinking CXX shared library libnav2_is_stuck_condition_bt_node.so[0m
[58.035s] [ 41%] Built target nav2_is_stuck_condition_bt_node
[58.094s] [35m[1mScanning dependencies of target gtest_main[0m
[58.233s] [ 42%] [32mBuilding CXX object gtest/CMakeFiles/gtest_main.dir/src/gtest_main.cc.o[0m
[59.286s] [ 43%] [32m[1mLinking CXX shared library libnav2_goal_updater_node_bt_node.so[0m
[60.179s] [ 43%] Built target nav2_goal_updater_node_bt_node
[60.491s] [ 44%] [32m[1mLinking CXX shared library libnav2_distance_controller_bt_node.so[0m
[60.867s] [ 45%] [32m[1mLinking CXX static library libgtest_main.a[0m
[60.952s] [ 46%] [32m[1mLinking CXX shared library libnav2_reinitialize_global_localization_service_bt_node.so[0m
[61.107s] [ 46%] Built target gtest_main
[61.220s] [ 46%] Built target nav2_distance_controller_bt_node
[61.623s] [ 46%] Built target nav2_reinitialize_global_localization_service_bt_node
[62.495s] [ 47%] [32m[1mLinking CXX shared library libnav2_is_battery_low_condition_bt_node.so[0m
[62.966s] [ 47%] Built target nav2_is_battery_low_condition_bt_node
[63.475s] [ 48%] [32m[1mLinking CXX shared library libnav2_recovery_node_bt_node.so[0m
[63.731s] [ 48%] Built target nav2_recovery_node_bt_node
[65.498s] [ 50%] [32m[1mLinking CXX shared library libnav2_speed_controller_bt_node.so[0m
[65.829s] [ 50%] Built target nav2_speed_controller_bt_node
[66.094s] [ 51%] [32m[1mLinking CXX shared library libnav2_clear_costmap_service_bt_node.so[0m
[66.425s] [ 51%] Built target nav2_clear_costmap_service_bt_node
[66.446s] [ 52%] [32m[1mLinking CXX shared library libnav2_truncate_path_action_bt_node.so[0m
[66.776s] [ 52%] Built target nav2_truncate_path_action_bt_node
[68.625s] [ 53%] [32m[1mLinking CXX shared library libnav2_navigate_to_pose_action_bt_node.so[0m
[68.856s] [ 54%] [32m[1mLinking CXX shared library libnav2_back_up_action_bt_node.so[0m
[68.964s] [ 54%] Built target nav2_navigate_to_pose_action_bt_node
[69.190s] [ 54%] Built target nav2_back_up_action_bt_node
[75.153s] [ 55%] [32m[1mLinking CXX static library libgtest.a[0m
[75.214s] [ 55%] Built target gtest
[75.230s] [35m[1mScanning dependencies of target test_condition_initial_pose_received[0m
[75.234s] [35m[1mScanning dependencies of target test_condition_time_expired[0m
[75.234s] [35m[1mScanning dependencies of target test_condition_goal_updated[0m
[75.234s] [35m[1mScanning dependencies of target test_bt_conversions[0m
[75.234s] [35m[1mScanning dependencies of target test_condition_is_battery_low[0m
[75.234s] [35m[1mScanning dependencies of target test_condition_distance_traveled[0m
[75.404s] [ 56%] [32mBuilding CXX object test/plugins/condition/CMakeFiles/test_condition_distance_traveled.dir/test_distance_traveled.cpp.o[0m
[75.461s] [ 57%] [32mBuilding CXX object test/CMakeFiles/test_bt_conversions.dir/test_bt_conversions.cpp.o[0m
[75.569s] [ 58%] [32mBuilding CXX object test/plugins/condition/CMakeFiles/test_condition_is_battery_low.dir/test_is_battery_low.cpp.o[0m
[75.579s] [ 59%] [32mBuilding CXX object test/plugins/condition/CMakeFiles/test_condition_goal_updated.dir/test_goal_updated.cpp.o[0m
[75.584s] [ 60%] [32mBuilding CXX object test/plugins/condition/CMakeFiles/test_condition_initial_pose_received.dir/test_initial_pose_received.cpp.o[0m
[75.610s] [ 61%] [32mBuilding CXX object test/plugins/condition/CMakeFiles/test_condition_time_expired.dir/test_time_expired.cpp.o[0m
[76.590s] [35m[1mScanning dependencies of target test_decorator_speed_controller[0m
[76.597s] [35m[1mScanning dependencies of target test_decorator_rate_controller[0m
[76.642s] [35m[1mScanning dependencies of target test_goal_updater_node[0m
[76.642s] [35m[1mScanning dependencies of target test_condition_goal_reached[0m
[76.950s] [ 62%] [32mBuilding CXX object test/plugins/decorator/CMakeFiles/test_goal_updater_node.dir/test_goal_updater_node.cpp.o[0m
[76.996s] [ 63%] [32mBuilding CXX object test/plugins/condition/CMakeFiles/test_condition_goal_reached.dir/test_goal_reached.cpp.o[0m
[77.044s] [ 65%] [32mBuilding CXX object test/plugins/decorator/CMakeFiles/test_decorator_rate_controller.dir/test_rate_controller.cpp.o[0m
[77.048s] [ 64%] [32mBuilding CXX object test/plugins/decorator/CMakeFiles/test_decorator_speed_controller.dir/test_speed_controller.cpp.o[0m
[77.987s] [35m[1mScanning dependencies of target test_condition_transform_available[0m
[78.022s] [35m[1mScanning dependencies of target test_condition_is_stuck[0m
[78.259s] [ 66%] [32mBuilding CXX object test/plugins/condition/CMakeFiles/test_condition_transform_available.dir/test_transform_available.cpp.o[0m
[78.323s] [ 67%] [32mBuilding CXX object test/plugins/condition/CMakeFiles/test_condition_is_stuck.dir/test_is_stuck.cpp.o[0m
[89.453s] [ 68%] [32m[1mLinking CXX executable test_bt_conversions[0m
[90.646s] [ 68%] Built target test_bt_conversions
[97.229s] [ 69%] [32m[1mLinking CXX executable test_condition_initial_pose_received[0m
[97.903s] [ 70%] [32m[1mLinking CXX executable test_condition_time_expired[0m
[98.200s] [ 70%] Built target test_condition_initial_pose_received
[99.253s] [ 70%] Built target test_condition_time_expired
[99.464s] [ 71%] [32m[1mLinking CXX executable test_condition_goal_updated[0m
[99.465s] [ 72%] [32m[1mLinking CXX executable test_condition_distance_traveled[0m
[99.598s] [ 73%] [32m[1mLinking CXX executable test_decorator_rate_controller[0m
[99.945s] [ 74%] [32m[1mLinking CXX executable test_goal_updater_node[0m
[100.359s] [ 74%] Built target test_condition_distance_traveled
[100.361s] [ 74%] Built target test_condition_goal_updated
[100.387s] [ 74%] Built target test_decorator_rate_controller
[100.584s] [ 74%] Built target test_goal_updater_node
[101.621s] [ 75%] [32m[1mLinking CXX executable test_condition_is_battery_low[0m
[101.641s] [ 76%] [32m[1mLinking CXX executable test_condition_goal_reached[0m
[101.792s] [ 77%] [32m[1mLinking CXX executable test_condition_transform_available[0m
[102.154s] [ 77%] Built target test_condition_is_battery_low
[102.349s] [ 78%] [32m[1mLinking CXX executable test_decorator_speed_controller[0m
[102.360s] [ 78%] Built target test_condition_goal_reached
[102.486s] [ 78%] Built target test_condition_transform_available
[102.761s] [ 79%] [32m[1mLinking CXX executable test_condition_is_stuck[0m
[102.762s] [ 79%] Built target test_decorator_speed_controller
[103.034s] [ 79%] Built target test_condition_is_stuck
[103.045s] [35m[1mScanning dependencies of target test_action_clear_costmap_service[0m
[103.183s] [ 80%] [32mBuilding CXX object test/plugins/action/CMakeFiles/test_action_clear_costmap_service.dir/test_clear_costmap_service.cpp.o[0m
[107.655s] [ 81%] [32m[1mLinking CXX executable test_action_clear_costmap_service[0m
[107.883s] [ 81%] Built target test_action_clear_costmap_service
[107.894s] [35m[1mScanning dependencies of target test_action_reinitialize_global_localization_service[0m
[107.963s] [ 82%] [32mBuilding CXX object test/plugins/action/CMakeFiles/test_action_reinitialize_global_localization_service.dir/test_reinitialize_global_localization_service.cpp.o[0m
[112.904s] [ 83%] [32m[1mLinking CXX executable test_action_reinitialize_global_localization_service[0m
[113.120s] [ 83%] Built target test_action_reinitialize_global_localization_service
[113.132s] [35m[1mScanning dependencies of target test_action_compute_path_to_pose_action[0m
[113.132s] [35m[1mScanning dependencies of target test_action_follow_path_action[0m
[113.226s] [ 84%] [32mBuilding CXX object test/plugins/action/CMakeFiles/test_action_compute_path_to_pose_action.dir/test_compute_path_to_pose_action.cpp.o[0m
[113.226s] [ 85%] [32mBuilding CXX object test/plugins/action/CMakeFiles/test_action_follow_path_action.dir/test_follow_path_action.cpp.o[0m
[124.593s] [ 86%] [32m[1mLinking CXX executable test_action_follow_path_action[0m
[124.754s] [ 87%] [32m[1mLinking CXX executable test_action_compute_path_to_pose_action[0m
[125.310s] [ 87%] Built target test_action_follow_path_action
[125.362s] [35m[1mScanning dependencies of target test_action_navigate_to_pose_action[0m
[125.369s] [35m[1mScanning dependencies of target test_truncate_path_action[0m
[125.387s] [35m[1mScanning dependencies of target test_control_recovery_node[0m
[125.514s] [ 87%] Built target test_action_compute_path_to_pose_action
[125.608s] [35m[1mScanning dependencies of target test_control_pipeline_sequence[0m
[125.642s] [ 88%] [32mBuilding CXX object test/plugins/action/CMakeFiles/test_action_navigate_to_pose_action.dir/test_navigate_to_pose_action.cpp.o[0m
[125.651s] [ 89%] [32mBuilding CXX object test/plugins/control/CMakeFiles/test_control_recovery_node.dir/test_recovery_node.cpp.o[0m
[125.754s] [ 90%] [32mBuilding CXX object test/plugins/action/CMakeFiles/test_truncate_path_action.dir/test_truncate_path_action.cpp.o[0m
[125.899s] [ 91%] [32mBuilding CXX object test/plugins/control/CMakeFiles/test_control_pipeline_sequence.dir/test_pipeline_sequence.cpp.o[0m
[139.494s] [ 92%] [32m[1mLinking CXX executable test_truncate_path_action[0m
[139.917s] [ 92%] Built target test_truncate_path_action
[139.940s] [35m[1mScanning dependencies of target test_decorator_distance_controller[0m
[139.949s] [35m[1mScanning dependencies of target test_control_round_robin_node[0m
[140.054s] [ 93%] [32mBuilding CXX object test/plugins/decorator/CMakeFiles/test_decorator_distance_controller.dir/test_distance_controller.cpp.o[0m
[140.099s] [ 94%] [32mBuilding CXX object test/plugins/control/CMakeFiles/test_control_round_robin_node.dir/test_round_robin_node.cpp.o[0m
[142.023s] [ 95%] [32m[1mLinking CXX executable test_action_navigate_to_pose_action[0m
[142.466s] [ 95%] Built target test_action_navigate_to_pose_action
[142.964s] [ 96%] [32m[1mLinking CXX executable test_control_pipeline_sequence[0m
[143.046s] [ 97%] [32m[1mLinking CXX executable test_control_recovery_node[0m
[143.424s] [ 97%] Built target test_control_pipeline_sequence
[143.551s] [ 97%] Built target test_control_recovery_node
[147.324s] [ 98%] [32m[1mLinking CXX executable test_decorator_distance_controller[0m
[147.592s] [ 98%] Built target test_decorator_distance_controller
[147.817s] [100%] [32m[1mLinking CXX executable test_control_round_robin_node[0m
[148.125s] [100%] Built target test_control_round_robin_node
[148.156s] Invoked command in '/home/jucy/ydlidar_ws_11_29/build/nav2_behavior_tree' returned '0': AMENT_PREFIX_PATH=/home/jucy/ydlidar_ws_11_29/install/nav2_util:/home/jucy/ydlidar_ws_11_29/install/nav2_msgs:/home/jucy/ydlidar_ws_11_29/install/nav2_common:${AMENT_PREFIX_PATH} CMAKE_PREFIX_PATH=/home/jucy/ydlidar_ws_11_29/install/nav2_util:/home/jucy/ydlidar_ws_11_29/install/nav2_msgs:/home/jucy/ydlidar_ws_11_29/install/nav2_common:/home/jucy/ydlidar_ws_11_29/install/ydlidar_ros2_driver:/home/jucy/ydlidar_ws_11_29/install/myagv_navigation2:/home/jucy/ydlidar_ws_11_29/install/myagv_bringup:/home/jucy/ydlidar_ws_11_29/install/myagv_description:/home/jucy/new_ws/install/myagv_description:/home/jucy/new_ws/install/aseembly:/home/jucy/turtlebot3_ws/install/turtlebot3:/home/jucy/turtlebot3_ws/install/turtlebot3_simulations:/home/jucy/turtlebot3_ws/install/turtlebot3_bringup:/home/jucy/turtlebot3_ws/install/turtlebot3_node:/home/jucy/turtlebot3_ws/install/turtlebot3_navigation2:/home/jucy/turtlebot3_ws/install/turtlebot3_fake_node:/home/jucy/turtlebot3_ws/install/turtlebot3_msgs:/home/jucy/turtlebot3_ws/install/turtlebot3_gazebo:/home/jucy/turtlebot3_ws/install/turtlebot3_description:/home/jucy/turtlebot3_ws/install/turtlebot3_cartographer:/home/jucy/turtlebot3_ws/install/dynamixel_sdk_examples:/home/jucy/turtlebot3_ws/install/dynamixel_sdk_custom_interfaces:/home/jucy/turtlebot3_ws/install/dynamixel_sdk:/home/jucy/ros2_ws/install/ps2_controller:/home/jucy/ydlidar_ros2_ws/install/ydlidar_ros2_driver:/home/jucy/ydlidar_ros2_ws/install/ps2_controller:/home/jucy/ydlidar_ros2_ws/install/myagv_navigation2:/home/jucy/ydlidar_ros2_ws/install/myagv_bringup:/home/jucy/ydlidar_ros2_ws/install/myagv_description:/home/jucy/ydlidar_ros2_wss/install/ydlidar_ros2_driver:/opt/ros/foxy:/opt/ros/foxy:/home/jucy/ydlidar_ws_11_29/install/jdamr200_node:/home/jucy/turtlebot3_ws/install/turtlebot3_teleop:/home/jucy/turtlebot3_ws/install/turtlebot3_example:/home/jucy/turtlebot3_ws/install/nav2_goal_pulisher_test:/home/jucy/turtlebot3_ws/install/nav2_goal_publisher:/home/jucy/ros2_ws/install/camera_udp_communication:/home/jucy/ros2_ws/install/agv_control_py:/home/jucy/ydlidar_ros2_ws/install/jdamr200_teleop:/home/jucy/ydlidar_ros2_ws/install/jdamr200_node LD_LIBRARY_PATH=/home/jucy/ydlidar_ws_11_29/install/nav2_util/lib:/home/jucy/ydlidar_ws_11_29/install/nav2_msgs/lib:${LD_LIBRARY_PATH} PYTHONPATH=/home/jucy/ydlidar_ws_11_29/install/nav2_msgs/lib/python3.8/site-packages:/home/jucy/ydlidar_ws_11_29/install/nav2_common/lib/python3.8/site-packages:${PYTHONPATH} /usr/bin/cmake --build /home/jucy/ydlidar_ws_11_29/build/nav2_behavior_tree -- -j12 -l12
[148.160s] Invoking command in '/home/jucy/ydlidar_ws_11_29/build/nav2_behavior_tree': AMENT_PREFIX_PATH=/home/jucy/ydlidar_ws_11_29/install/nav2_util:/home/jucy/ydlidar_ws_11_29/install/nav2_msgs:/home/jucy/ydlidar_ws_11_29/install/nav2_common:${AMENT_PREFIX_PATH} CMAKE_PREFIX_PATH=/home/jucy/ydlidar_ws_11_29/install/nav2_util:/home/jucy/ydlidar_ws_11_29/install/nav2_msgs:/home/jucy/ydlidar_ws_11_29/install/nav2_common:/home/jucy/ydlidar_ws_11_29/install/ydlidar_ros2_driver:/home/jucy/ydlidar_ws_11_29/install/myagv_navigation2:/home/jucy/ydlidar_ws_11_29/install/myagv_bringup:/home/jucy/ydlidar_ws_11_29/install/myagv_description:/home/jucy/new_ws/install/myagv_description:/home/jucy/new_ws/install/aseembly:/home/jucy/turtlebot3_ws/install/turtlebot3:/home/jucy/turtlebot3_ws/install/turtlebot3_simulations:/home/jucy/turtlebot3_ws/install/turtlebot3_bringup:/home/jucy/turtlebot3_ws/install/turtlebot3_node:/home/jucy/turtlebot3_ws/install/turtlebot3_navigation2:/home/jucy/turtlebot3_ws/install/turtlebot3_fake_node:/home/jucy/turtlebot3_ws/install/turtlebot3_msgs:/home/jucy/turtlebot3_ws/install/turtlebot3_gazebo:/home/jucy/turtlebot3_ws/install/turtlebot3_description:/home/jucy/turtlebot3_ws/install/turtlebot3_cartographer:/home/jucy/turtlebot3_ws/install/dynamixel_sdk_examples:/home/jucy/turtlebot3_ws/install/dynamixel_sdk_custom_interfaces:/home/jucy/turtlebot3_ws/install/dynamixel_sdk:/home/jucy/ros2_ws/install/ps2_controller:/home/jucy/ydlidar_ros2_ws/install/ydlidar_ros2_driver:/home/jucy/ydlidar_ros2_ws/install/ps2_controller:/home/jucy/ydlidar_ros2_ws/install/myagv_navigation2:/home/jucy/ydlidar_ros2_ws/install/myagv_bringup:/home/jucy/ydlidar_ros2_ws/install/myagv_description:/home/jucy/ydlidar_ros2_wss/install/ydlidar_ros2_driver:/opt/ros/foxy:/opt/ros/foxy:/home/jucy/ydlidar_ws_11_29/install/jdamr200_node:/home/jucy/turtlebot3_ws/install/turtlebot3_teleop:/home/jucy/turtlebot3_ws/install/turtlebot3_example:/home/jucy/turtlebot3_ws/install/nav2_goal_pulisher_test:/home/jucy/turtlebot3_ws/install/nav2_goal_publisher:/home/jucy/ros2_ws/install/camera_udp_communication:/home/jucy/ros2_ws/install/agv_control_py:/home/jucy/ydlidar_ros2_ws/install/jdamr200_teleop:/home/jucy/ydlidar_ros2_ws/install/jdamr200_node LD_LIBRARY_PATH=/home/jucy/ydlidar_ws_11_29/install/nav2_util/lib:/home/jucy/ydlidar_ws_11_29/install/nav2_msgs/lib:${LD_LIBRARY_PATH} PYTHONPATH=/home/jucy/ydlidar_ws_11_29/install/nav2_msgs/lib/python3.8/site-packages:/home/jucy/ydlidar_ws_11_29/install/nav2_common/lib/python3.8/site-packages:${PYTHONPATH} /usr/bin/cmake --install /home/jucy/ydlidar_ws_11_29/build/nav2_behavior_tree
[148.170s] -- Install configuration: "Release"
[148.170s] -- Installing: /home/jucy/ydlidar_ws_11_29/install/nav2_behavior_tree/lib/libnav2_behavior_tree.so
[148.170s] -- Set runtime path of "/home/jucy/ydlidar_ws_11_29/install/nav2_behavior_tree/lib/libnav2_behavior_tree.so" to ""
[148.170s] -- Installing: /home/jucy/ydlidar_ws_11_29/install/nav2_behavior_tree/lib/libnav2_compute_path_to_pose_action_bt_node.so
[148.171s] -- Set runtime path of "/home/jucy/ydlidar_ws_11_29/install/nav2_behavior_tree/lib/libnav2_compute_path_to_pose_action_bt_node.so" to ""
[148.171s] -- Installing: /home/jucy/ydlidar_ws_11_29/install/nav2_behavior_tree/lib/libnav2_follow_path_action_bt_node.so
[148.172s] -- Set runtime path of "/home/jucy/ydlidar_ws_11_29/install/nav2_behavior_tree/lib/libnav2_follow_path_action_bt_node.so" to ""
[148.172s] -- Installing: /home/jucy/ydlidar_ws_11_29/install/nav2_behavior_tree/lib/libnav2_back_up_action_bt_node.so
[148.173s] -- Set runtime path of "/home/jucy/ydlidar_ws_11_29/install/nav2_behavior_tree/lib/libnav2_back_up_action_bt_node.so" to ""
[148.173s] -- Installing: /home/jucy/ydlidar_ws_11_29/install/nav2_behavior_tree/lib/libnav2_spin_action_bt_node.so
[148.174s] -- Set runtime path of "/home/jucy/ydlidar_ws_11_29/install/nav2_behavior_tree/lib/libnav2_spin_action_bt_node.so" to ""
[148.174s] -- Installing: /home/jucy/ydlidar_ws_11_29/install/nav2_behavior_tree/lib/libnav2_wait_action_bt_node.so
[148.174s] -- Set runtime path of "/home/jucy/ydlidar_ws_11_29/install/nav2_behavior_tree/lib/libnav2_wait_action_bt_node.so" to ""
[148.175s] -- Installing: /home/jucy/ydlidar_ws_11_29/install/nav2_behavior_tree/lib/libnav2_clear_costmap_service_bt_node.so
[148.175s] -- Set runtime path of "/home/jucy/ydlidar_ws_11_29/install/nav2_behavior_tree/lib/libnav2_clear_costmap_service_bt_node.so" to ""
[148.175s] -- Installing: /home/jucy/ydlidar_ws_11_29/install/nav2_behavior_tree/lib/libnav2_is_stuck_condition_bt_node.so
[148.176s] -- Set runtime path of "/home/jucy/ydlidar_ws_11_29/install/nav2_behavior_tree/lib/libnav2_is_stuck_condition_bt_node.so" to ""
[148.176s] -- Installing: /home/jucy/ydlidar_ws_11_29/install/nav2_behavior_tree/lib/libnav2_transform_available_condition_bt_node.so
[148.176s] -- Set runtime path of "/home/jucy/ydlidar_ws_11_29/install/nav2_behavior_tree/lib/libnav2_transform_available_condition_bt_node.so" to ""
[148.177s] -- Installing: /home/jucy/ydlidar_ws_11_29/install/nav2_behavior_tree/lib/libnav2_goal_reached_condition_bt_node.so
[148.177s] -- Set runtime path of "/home/jucy/ydlidar_ws_11_29/install/nav2_behavior_tree/lib/libnav2_goal_reached_condition_bt_node.so" to ""
[148.177s] -- Installing: /home/jucy/ydlidar_ws_11_29/install/nav2_behavior_tree/lib/libnav2_goal_updated_condition_bt_node.so
[148.178s] -- Set runtime path of "/home/jucy/ydlidar_ws_11_29/install/nav2_behavior_tree/lib/libnav2_goal_updated_condition_bt_node.so" to ""
[148.178s] -- Installing: /home/jucy/ydlidar_ws_11_29/install/nav2_behavior_tree/lib/libnav2_time_expired_condition_bt_node.so
[148.178s] -- Set runtime path of "/home/jucy/ydlidar_ws_11_29/install/nav2_behavior_tree/lib/libnav2_time_expired_condition_bt_node.so" to ""
[148.178s] -- Installing: /home/jucy/ydlidar_ws_11_29/install/nav2_behavior_tree/lib/libnav2_distance_traveled_condition_bt_node.so
[148.179s] -- Set runtime path of "/home/jucy/ydlidar_ws_11_29/install/nav2_behavior_tree/lib/libnav2_distance_traveled_condition_bt_node.so" to ""
[148.179s] -- Installing: /home/jucy/ydlidar_ws_11_29/install/nav2_behavior_tree/lib/libnav2_initial_pose_received_condition_bt_node.so
[148.179s] -- Set runtime path of "/home/jucy/ydlidar_ws_11_29/install/nav2_behavior_tree/lib/libnav2_initial_pose_received_condition_bt_node.so" to ""
[148.180s] -- Installing: /home/jucy/ydlidar_ws_11_29/install/nav2_behavior_tree/lib/libnav2_is_battery_low_condition_bt_node.so
[148.180s] -- Set runtime path of "/home/jucy/ydlidar_ws_11_29/install/nav2_behavior_tree/lib/libnav2_is_battery_low_condition_bt_node.so" to ""
[148.180s] -- Installing: /home/jucy/ydlidar_ws_11_29/install/nav2_behavior_tree/lib/libnav2_reinitialize_global_localization_service_bt_node.so
[148.181s] -- Set runtime path of "/home/jucy/ydlidar_ws_11_29/install/nav2_behavior_tree/lib/libnav2_reinitialize_global_localization_service_bt_node.so" to ""
[148.181s] -- Installing: /home/jucy/ydlidar_ws_11_29/install/nav2_behavior_tree/lib/libnav2_rate_controller_bt_node.so
[148.182s] -- Set runtime path of "/home/jucy/ydlidar_ws_11_29/install/nav2_behavior_tree/lib/libnav2_rate_controller_bt_node.so" to ""
[148.182s] -- Installing: /home/jucy/ydlidar_ws_11_29/install/nav2_behavior_tree/lib/libnav2_distance_controller_bt_node.so
[148.182s] -- Set runtime path of "/home/jucy/ydlidar_ws_11_29/install/nav2_behavior_tree/lib/libnav2_distance_controller_bt_node.so" to ""
[148.182s] -- Installing: /home/jucy/ydlidar_ws_11_29/install/nav2_behavior_tree/lib/libnav2_speed_controller_bt_node.so
[148.183s] -- Set runtime path of "/home/jucy/ydlidar_ws_11_29/install/nav2_behavior_tree/lib/libnav2_speed_controller_bt_node.so" to ""
[148.183s] -- Installing: /home/jucy/ydlidar_ws_11_29/install/nav2_behavior_tree/lib/libnav2_truncate_path_action_bt_node.so
[148.183s] -- Set runtime path of "/home/jucy/ydlidar_ws_11_29/install/nav2_behavior_tree/lib/libnav2_truncate_path_action_bt_node.so" to ""
[148.184s] -- Installing: /home/jucy/ydlidar_ws_11_29/install/nav2_behavior_tree/lib/libnav2_goal_updater_node_bt_node.so
[148.184s] -- Set runtime path of "/home/jucy/ydlidar_ws_11_29/install/nav2_behavior_tree/lib/libnav2_goal_updater_node_bt_node.so" to ""
[148.184s] -- Installing: /home/jucy/ydlidar_ws_11_29/install/nav2_behavior_tree/lib/libnav2_recovery_node_bt_node.so
[148.185s] -- Set runtime path of "/home/jucy/ydlidar_ws_11_29/install/nav2_behavior_tree/lib/libnav2_recovery_node_bt_node.so" to ""
[148.185s] -- Installing: /home/jucy/ydlidar_ws_11_29/install/nav2_behavior_tree/lib/libnav2_navigate_to_pose_action_bt_node.so
[148.186s] -- Set runtime path of "/home/jucy/ydlidar_ws_11_29/install/nav2_behavior_tree/lib/libnav2_navigate_to_pose_action_bt_node.so" to ""
[148.186s] -- Installing: /home/jucy/ydlidar_ws_11_29/install/nav2_behavior_tree/lib/libnav2_pipeline_sequence_bt_node.so
[148.186s] -- Set runtime path of "/home/jucy/ydlidar_ws_11_29/install/nav2_behavior_tree/lib/libnav2_pipeline_sequence_bt_node.so" to ""
[148.186s] -- Installing: /home/jucy/ydlidar_ws_11_29/install/nav2_behavior_tree/lib/libnav2_round_robin_node_bt_node.so
[148.187s] -- Set runtime path of "/home/jucy/ydlidar_ws_11_29/install/nav2_behavior_tree/lib/libnav2_round_robin_node_bt_node.so" to ""
[148.187s] -- Installing: /home/jucy/ydlidar_ws_11_29/install/nav2_behavior_tree/include/
[148.187s] -- Installing: /home/jucy/ydlidar_ws_11_29/install/nav2_behavior_tree/include//nav2_behavior_tree
[148.187s] -- Installing: /home/jucy/ydlidar_ws_11_29/install/nav2_behavior_tree/include//nav2_behavior_tree/bt_action_node.hpp
[148.187s] -- Installing: /home/jucy/ydlidar_ws_11_29/install/nav2_behavior_tree/include//nav2_behavior_tree/plugins
[148.187s] -- Installing: /home/jucy/ydlidar_ws_11_29/install/nav2_behavior_tree/include//nav2_behavior_tree/plugins/decorator
[148.187s] -- Installing: /home/jucy/ydlidar_ws_11_29/install/nav2_behavior_tree/include//nav2_behavior_tree/plugins/decorator/rate_controller.hpp
[148.187s] -- Installing: /home/jucy/ydlidar_ws_11_29/install/nav2_behavior_tree/include//nav2_behavior_tree/plugins/decorator/distance_controller.hpp
[148.187s] -- Installing: /home/jucy/ydlidar_ws_11_29/install/nav2_behavior_tree/include//nav2_behavior_tree/plugins/decorator/goal_updater_node.hpp
[148.187s] -- Installing: /home/jucy/ydlidar_ws_11_29/install/nav2_behavior_tree/include//nav2_behavior_tree/plugins/decorator/speed_controller.hpp
[148.187s] -- Installing: /home/jucy/ydlidar_ws_11_29/install/nav2_behavior_tree/include//nav2_behavior_tree/plugins/condition
[148.188s] -- Installing: /home/jucy/ydlidar_ws_11_29/install/nav2_behavior_tree/include//nav2_behavior_tree/plugins/condition/goal_updated_condition.hpp
[148.188s] -- Installing: /home/jucy/ydlidar_ws_11_29/install/nav2_behavior_tree/include//nav2_behavior_tree/plugins/condition/goal_reached_condition.hpp
[148.188s] -- Installing: /home/jucy/ydlidar_ws_11_29/install/nav2_behavior_tree/include//nav2_behavior_tree/plugins/condition/distance_traveled_condition.hpp
[148.188s] -- Installing: /home/jucy/ydlidar_ws_11_29/install/nav2_behavior_tree/include//nav2_behavior_tree/plugins/condition/time_expired_condition.hpp
[148.188s] -- Installing: /home/jucy/ydlidar_ws_11_29/install/nav2_behavior_tree/include//nav2_behavior_tree/plugins/condition/is_stuck_condition.hpp
[148.188s] -- Installing: /home/jucy/ydlidar_ws_11_29/install/nav2_behavior_tree/include//nav2_behavior_tree/plugins/condition/is_battery_low_condition.hpp
[148.188s] -- Installing: /home/jucy/ydlidar_ws_11_29/install/nav2_behavior_tree/include//nav2_behavior_tree/plugins/condition/transform_available_condition.hpp
[148.188s] -- Installing: /home/jucy/ydlidar_ws_11_29/install/nav2_behavior_tree/include//nav2_behavior_tree/plugins/condition/initial_pose_received_condition.hpp
[148.188s] -- Installing: /home/jucy/ydlidar_ws_11_29/install/nav2_behavior_tree/include//nav2_behavior_tree/plugins/control
[148.188s] -- Installing: /home/jucy/ydlidar_ws_11_29/install/nav2_behavior_tree/include//nav2_behavior_tree/plugins/control/round_robin_node.hpp
[148.188s] -- Installing: /home/jucy/ydlidar_ws_11_29/install/nav2_behavior_tree/include//nav2_behavior_tree/plugins/control/recovery_node.hpp
[148.188s] -- Installing: /home/jucy/ydlidar_ws_11_29/install/nav2_behavior_tree/include//nav2_behavior_tree/plugins/control/pipeline_sequence.hpp
[148.188s] -- Installing: /home/jucy/ydlidar_ws_11_29/install/nav2_behavior_tree/include//nav2_behavior_tree/plugins/action
[148.188s] -- Installing: /home/jucy/ydlidar_ws_11_29/install/nav2_behavior_tree/include//nav2_behavior_tree/plugins/action/clear_costmap_service.hpp
[148.189s] -- Installing: /home/jucy/ydlidar_ws_11_29/install/nav2_behavior_tree/include//nav2_behavior_tree/plugins/action/compute_path_to_pose_action.hpp
[148.189s] -- Installing: /home/jucy/ydlidar_ws_11_29/install/nav2_behavior_tree/include//nav2_behavior_tree/plugins/action/reinitialize_global_localization_service.hpp
[148.189s] -- Installing: /home/jucy/ydlidar_ws_11_29/install/nav2_behavior_tree/include//nav2_behavior_tree/plugins/action/navigate_to_pose_action.hpp
[148.189s] -- Installing: /home/jucy/ydlidar_ws_11_29/install/nav2_behavior_tree/include//nav2_behavior_tree/plugins/action/back_up_action.hpp
[148.277s] -- Installing: /home/jucy/ydlidar_ws_11_29/install/nav2_behavior_tree/include//nav2_behavior_tree/plugins/action/truncate_path_action.hpp
[148.278s] -- Installing: /home/jucy/ydlidar_ws_11_29/install/nav2_behavior_tree/include//nav2_behavior_tree/plugins/action/wait_action.hpp
[148.279s] -- Installing: /home/jucy/ydlidar_ws_11_29/install/nav2_behavior_tree/include//nav2_behavior_tree/plugins/action/spin_action.hpp
[148.279s] -- Installing: /home/jucy/ydlidar_ws_11_29/install/nav2_behavior_tree/include//nav2_behavior_tree/plugins/action/follow_path_action.hpp
[148.279s] -- Installing: /home/jucy/ydlidar_ws_11_29/install/nav2_behavior_tree/include//nav2_behavior_tree/bt_service_node.hpp
[148.279s] -- Installing: /home/jucy/ydlidar_ws_11_29/install/nav2_behavior_tree/include//nav2_behavior_tree/behavior_tree_engine.hpp
[148.279s] -- Installing: /home/jucy/ydlidar_ws_11_29/install/nav2_behavior_tree/include//nav2_behavior_tree/bt_conversions.hpp
[148.279s] -- Installing: /home/jucy/ydlidar_ws_11_29/install/nav2_behavior_tree/share/nav2_behavior_tree/nav2_tree_nodes.xml
[148.319s] -- Installing: /home/jucy/ydlidar_ws_11_29/install/nav2_behavior_tree/share/nav2_behavior_tree/environment/library_path.sh
[148.319s] -- Installing: /home/jucy/ydlidar_ws_11_29/install/nav2_behavior_tree/share/nav2_behavior_tree/environment/library_path.dsv
[148.319s] -- Installing: /home/jucy/ydlidar_ws_11_29/install/nav2_behavior_tree/share/ament_index/resource_index/package_run_dependencies/nav2_behavior_tree
[148.319s] -- Installing: /home/jucy/ydlidar_ws_11_29/install/nav2_behavior_tree/share/ament_index/resource_index/parent_prefix_path/nav2_behavior_tree
[148.319s] -- Installing: /home/jucy/ydlidar_ws_11_29/install/nav2_behavior_tree/share/nav2_behavior_tree/environment/ament_prefix_path.sh
[148.320s] -- Installing: /home/jucy/ydlidar_ws_11_29/install/nav2_behavior_tree/share/nav2_behavior_tree/environment/ament_prefix_path.dsv
[148.320s] -- Installing: /home/jucy/ydlidar_ws_11_29/install/nav2_behavior_tree/share/nav2_behavior_tree/environment/path.sh
[148.320s] -- Installing: /home/jucy/ydlidar_ws_11_29/install/nav2_behavior_tree/share/nav2_behavior_tree/environment/path.dsv
[148.320s] -- Installing: /home/jucy/ydlidar_ws_11_29/install/nav2_behavior_tree/share/nav2_behavior_tree/local_setup.bash
[148.320s] -- Installing: /home/jucy/ydlidar_ws_11_29/install/nav2_behavior_tree/share/nav2_behavior_tree/local_setup.sh
[148.320s] -- Installing: /home/jucy/ydlidar_ws_11_29/install/nav2_behavior_tree/share/nav2_behavior_tree/local_setup.zsh
[148.320s] -- Installing: /home/jucy/ydlidar_ws_11_29/install/nav2_behavior_tree/share/nav2_behavior_tree/local_setup.dsv
[148.320s] -- Installing: /home/jucy/ydlidar_ws_11_29/install/nav2_behavior_tree/share/nav2_behavior_tree/package.dsv
[148.320s] -- Installing: /home/jucy/ydlidar_ws_11_29/install/nav2_behavior_tree/share/ament_index/resource_index/packages/nav2_behavior_tree
[148.321s] -- Installing: /home/jucy/ydlidar_ws_11_29/install/nav2_behavior_tree/share/nav2_behavior_tree/cmake/ament_cmake_export_include_directories-extras.cmake
[148.321s] -- Installing: /home/jucy/ydlidar_ws_11_29/install/nav2_behavior_tree/share/nav2_behavior_tree/cmake/ament_cmake_export_libraries-extras.cmake
[148.321s] -- Installing: /home/jucy/ydlidar_ws_11_29/install/nav2_behavior_tree/share/nav2_behavior_tree/cmake/ament_cmake_export_dependencies-extras.cmake
[148.321s] -- Installing: /home/jucy/ydlidar_ws_11_29/install/nav2_behavior_tree/share/nav2_behavior_tree/cmake/nav2_behavior_treeConfig.cmake
[148.321s] -- Installing: /home/jucy/ydlidar_ws_11_29/install/nav2_behavior_tree/share/nav2_behavior_tree/cmake/nav2_behavior_treeConfig-version.cmake
[148.321s] -- Installing: /home/jucy/ydlidar_ws_11_29/install/nav2_behavior_tree/share/nav2_behavior_tree/package.xml
[148.324s] Invoked command in '/home/jucy/ydlidar_ws_11_29/build/nav2_behavior_tree' returned '0': AMENT_PREFIX_PATH=/home/jucy/ydlidar_ws_11_29/install/nav2_util:/home/jucy/ydlidar_ws_11_29/install/nav2_msgs:/home/jucy/ydlidar_ws_11_29/install/nav2_common:${AMENT_PREFIX_PATH} CMAKE_PREFIX_PATH=/home/jucy/ydlidar_ws_11_29/install/nav2_util:/home/jucy/ydlidar_ws_11_29/install/nav2_msgs:/home/jucy/ydlidar_ws_11_29/install/nav2_common:/home/jucy/ydlidar_ws_11_29/install/ydlidar_ros2_driver:/home/jucy/ydlidar_ws_11_29/install/myagv_navigation2:/home/jucy/ydlidar_ws_11_29/install/myagv_bringup:/home/jucy/ydlidar_ws_11_29/install/myagv_description:/home/jucy/new_ws/install/myagv_description:/home/jucy/new_ws/install/aseembly:/home/jucy/turtlebot3_ws/install/turtlebot3:/home/jucy/turtlebot3_ws/install/turtlebot3_simulations:/home/jucy/turtlebot3_ws/install/turtlebot3_bringup:/home/jucy/turtlebot3_ws/install/turtlebot3_node:/home/jucy/turtlebot3_ws/install/turtlebot3_navigation2:/home/jucy/turtlebot3_ws/install/turtlebot3_fake_node:/home/jucy/turtlebot3_ws/install/turtlebot3_msgs:/home/jucy/turtlebot3_ws/install/turtlebot3_gazebo:/home/jucy/turtlebot3_ws/install/turtlebot3_description:/home/jucy/turtlebot3_ws/install/turtlebot3_cartographer:/home/jucy/turtlebot3_ws/install/dynamixel_sdk_examples:/home/jucy/turtlebot3_ws/install/dynamixel_sdk_custom_interfaces:/home/jucy/turtlebot3_ws/install/dynamixel_sdk:/home/jucy/ros2_ws/install/ps2_controller:/home/jucy/ydlidar_ros2_ws/install/ydlidar_ros2_driver:/home/jucy/ydlidar_ros2_ws/install/ps2_controller:/home/jucy/ydlidar_ros2_ws/install/myagv_navigation2:/home/jucy/ydlidar_ros2_ws/install/myagv_bringup:/home/jucy/ydlidar_ros2_ws/install/myagv_description:/home/jucy/ydlidar_ros2_wss/install/ydlidar_ros2_driver:/opt/ros/foxy:/opt/ros/foxy:/home/jucy/ydlidar_ws_11_29/install/jdamr200_node:/home/jucy/turtlebot3_ws/install/turtlebot3_teleop:/home/jucy/turtlebot3_ws/install/turtlebot3_example:/home/jucy/turtlebot3_ws/install/nav2_goal_pulisher_test:/home/jucy/turtlebot3_ws/install/nav2_goal_publisher:/home/jucy/ros2_ws/install/camera_udp_communication:/home/jucy/ros2_ws/install/agv_control_py:/home/jucy/ydlidar_ros2_ws/install/jdamr200_teleop:/home/jucy/ydlidar_ros2_ws/install/jdamr200_node LD_LIBRARY_PATH=/home/jucy/ydlidar_ws_11_29/install/nav2_util/lib:/home/jucy/ydlidar_ws_11_29/install/nav2_msgs/lib:${LD_LIBRARY_PATH} PYTHONPATH=/home/jucy/ydlidar_ws_11_29/install/nav2_msgs/lib/python3.8/site-packages:/home/jucy/ydlidar_ws_11_29/install/nav2_common/lib/python3.8/site-packages:${PYTHONPATH} /usr/bin/cmake --install /home/jucy/ydlidar_ws_11_29/build/nav2_behavior_tree
