-- Found ament_cmake: 0.9.12 (/opt/ros/foxy/share/ament_cmake/cmake)
-- Using PYTHON_EXECUTABLE: /usr/bin/python3
-- Found rclcpp: 2.4.3 (/opt/ros/foxy/share/rclcpp/cmake)
-- Using all available rosidl_typesupport_c: rosidl_typesupport_fastrtps_c;rosidl_typesupport_introspection_c
-- Found rosidl_adapter: 1.3.1 (/opt/ros/foxy/share/rosidl_adapter/cmake)
-- Using all available rosidl_typesupport_cpp: rosidl_typesupport_fastrtps_cpp;rosidl_typesupport_introspection_cpp
-- Found rmw_implementation_cmake: 1.0.4 (/opt/ros/foxy/share/rmw_implementation_cmake/cmake)
-- Using RMW implementation 'rmw_fastrtps_cpp' as default
-- Found geometry_msgs: 2.0.5 (/opt/ros/foxy/share/geometry_msgs/cmake)
-- Configuring done
-- Generating done
-- Build files have been written to: /home/ysh/KG_2_Project/AGV_team/ros2_ws/build/ps2_controller
[35m[1mScanning dependencies of target ps2_controller_node[0m
[ 33%] [32mBuilding CXX object CMakeFiles/ps2_controller_node.dir/src/ps2_controller.cpp.o[0m
[ 66%] [32mBuilding CXX object CMakeFiles/ps2_controller_node.dir/src/ps2_controller_node.cpp.o[0m
[100%] [32m[1mLinking CXX executable ps2_controller_node[0m
[100%] Built target ps2_controller_node
-- Install configuration: ""
-- Installing: /home/ysh/KG_2_Project/AGV_team/ros2_ws/install/ps2_controller/lib/ps2_controller/ps2_controller_node
-- Set runtime path of "/home/ysh/KG_2_Project/AGV_team/ros2_ws/install/ps2_controller/lib/ps2_controller/ps2_controller_node" to ""
-- Installing: /home/ysh/KG_2_Project/AGV_team/ros2_ws/install/ps2_controller/include/
-- Installing: /home/ysh/KG_2_Project/AGV_team/ros2_ws/install/ps2_controller/include//ps2_controller
-- Installing: /home/ysh/KG_2_Project/AGV_team/ros2_ws/install/ps2_controller/include//ps2_controller/ps2_controller.h
-- Installing: /home/ysh/KG_2_Project/AGV_team/ros2_ws/install/ps2_controller/include//ps2_controller/ps2_controller_node.hpp
-- Installing: /home/ysh/KG_2_Project/AGV_team/ros2_ws/install/ps2_controller/share/ament_index/resource_index/package_run_dependencies/ps2_controller
-- Installing: /home/ysh/KG_2_Project/AGV_team/ros2_ws/install/ps2_controller/share/ament_index/resource_index/parent_prefix_path/ps2_controller
-- Installing: /home/ysh/KG_2_Project/AGV_team/ros2_ws/install/ps2_controller/share/ps2_controller/environment/ament_prefix_path.sh
-- Installing: /home/ysh/KG_2_Project/AGV_team/ros2_ws/install/ps2_controller/share/ps2_controller/environment/ament_prefix_path.dsv
-- Installing: /home/ysh/KG_2_Project/AGV_team/ros2_ws/install/ps2_controller/share/ps2_controller/environment/path.sh
-- Installing: /home/ysh/KG_2_Project/AGV_team/ros2_ws/install/ps2_controller/share/ps2_controller/environment/path.dsv
-- Installing: /home/ysh/KG_2_Project/AGV_team/ros2_ws/install/ps2_controller/share/ps2_controller/local_setup.bash
-- Installing: /home/ysh/KG_2_Project/AGV_team/ros2_ws/install/ps2_controller/share/ps2_controller/local_setup.sh
-- Installing: /home/ysh/KG_2_Project/AGV_team/ros2_ws/install/ps2_controller/share/ps2_controller/local_setup.zsh
-- Installing: /home/ysh/KG_2_Project/AGV_team/ros2_ws/install/ps2_controller/share/ps2_controller/local_setup.dsv
-- Installing: /home/ysh/KG_2_Project/AGV_team/ros2_ws/install/ps2_controller/share/ps2_controller/package.dsv
-- Installing: /home/ysh/KG_2_Project/AGV_team/ros2_ws/install/ps2_controller/share/ament_index/resource_index/packages/ps2_controller
-- Installing: /home/ysh/KG_2_Project/AGV_team/ros2_ws/install/ps2_controller/share/ps2_controller/cmake/ps2_controllerConfig.cmake
-- Installing: /home/ysh/KG_2_Project/AGV_team/ros2_ws/install/ps2_controller/share/ps2_controller/cmake/ps2_controllerConfig-version.cmake
-- Installing: /home/ysh/KG_2_Project/AGV_team/ros2_ws/install/ps2_controller/share/ps2_controller/package.xml
