[0.028s] Invoking command in '/home/ysh/KG_2_Project/AGV_team/ros2_ws/build/ps2_controller': CMAKE_PREFIX_PATH=${CMAKE_PREFIX_PATH}:/home/ysh/ros2_ws/install/my_monitoring:/home/ysh/ros2_ws/install/lidar_receiver:/opt/ros/foxy /usr/bin/cmake /home/ysh/KG_2_Project/AGV_team/ros2_ws/src/ps2_controller -DCMAKE_INSTALL_PREFIX=/home/ysh/KG_2_Project/AGV_team/ros2_ws/install/ps2_controller
[0.050s] -- Found ament_cmake: 0.9.12 (/opt/ros/foxy/share/ament_cmake/cmake)
[0.086s] -- Using PYTHON_EXECUTABLE: /usr/bin/python3
[0.349s] -- Found rclcpp: 2.4.3 (/opt/ros/foxy/share/rclcpp/cmake)
[0.400s] -- Using all available rosidl_typesupport_c: rosidl_typesupport_fastrtps_c;rosidl_typesupport_introspection_c
[0.404s] -- Found rosidl_adapter: 1.3.1 (/opt/ros/foxy/share/rosidl_adapter/cmake)
[0.635s] -- Using all available rosidl_typesupport_cpp: rosidl_typesupport_fastrtps_cpp;rosidl_typesupport_introspection_cpp
[0.707s] -- Found rmw_implementation_cmake: 1.0.4 (/opt/ros/foxy/share/rmw_implementation_cmake/cmake)
[0.708s] -- Using RMW implementation 'rmw_fastrtps_cpp' as default
[0.922s] -- Found geometry_msgs: 2.0.5 (/opt/ros/foxy/share/geometry_msgs/cmake)
[1.066s] -- Configuring done
[1.078s] -- Generating done
[1.080s] -- Build files have been written to: /home/ysh/KG_2_Project/AGV_team/ros2_ws/build/ps2_controller
[1.098s] Invoked command in '/home/ysh/KG_2_Project/AGV_team/ros2_ws/build/ps2_controller' returned '0': CMAKE_PREFIX_PATH=${CMAKE_PREFIX_PATH}:/home/ysh/ros2_ws/install/my_monitoring:/home/ysh/ros2_ws/install/lidar_receiver:/opt/ros/foxy /usr/bin/cmake /home/ysh/KG_2_Project/AGV_team/ros2_ws/src/ps2_controller -DCMAKE_INSTALL_PREFIX=/home/ysh/KG_2_Project/AGV_team/ros2_ws/install/ps2_controller
[1.100s] Invoking command in '/home/ysh/KG_2_Project/AGV_team/ros2_ws/build/ps2_controller': CMAKE_PREFIX_PATH=${CMAKE_PREFIX_PATH}:/home/ysh/ros2_ws/install/my_monitoring:/home/ysh/ros2_ws/install/lidar_receiver:/opt/ros/foxy /usr/bin/cmake --build /home/ysh/KG_2_Project/AGV_team/ros2_ws/build/ps2_controller -- -j12 -l12
[1.177s] [35m[1mScanning dependencies of target ps2_controller_node[0m
[1.248s] [ 33%] [32mBuilding CXX object CMakeFiles/ps2_controller_node.dir/src/ps2_controller.cpp.o[0m
[1.249s] [ 66%] [32mBuilding CXX object CMakeFiles/ps2_controller_node.dir/src/ps2_controller_node.cpp.o[0m
[4.981s] [100%] [32m[1mLinking CXX executable ps2_controller_node[0m
[5.231s] [100%] Built target ps2_controller_node
[5.255s] Invoked command in '/home/ysh/KG_2_Project/AGV_team/ros2_ws/build/ps2_controller' returned '0': CMAKE_PREFIX_PATH=${CMAKE_PREFIX_PATH}:/home/ysh/ros2_ws/install/my_monitoring:/home/ysh/ros2_ws/install/lidar_receiver:/opt/ros/foxy /usr/bin/cmake --build /home/ysh/KG_2_Project/AGV_team/ros2_ws/build/ps2_controller -- -j12 -l12
[5.333s] Invoking command in '/home/ysh/KG_2_Project/AGV_team/ros2_ws/build/ps2_controller': CMAKE_PREFIX_PATH=${CMAKE_PREFIX_PATH}:/home/ysh/ros2_ws/install/my_monitoring:/home/ysh/ros2_ws/install/lidar_receiver:/opt/ros/foxy /usr/bin/cmake --install /home/ysh/KG_2_Project/AGV_team/ros2_ws/build/ps2_controller
[5.350s] -- Install configuration: ""
[5.350s] -- Installing: /home/ysh/KG_2_Project/AGV_team/ros2_ws/install/ps2_controller/lib/ps2_controller/ps2_controller_node
[5.352s] -- Set runtime path of "/home/ysh/KG_2_Project/AGV_team/ros2_ws/install/ps2_controller/lib/ps2_controller/ps2_controller_node" to ""
[5.352s] -- Installing: /home/ysh/KG_2_Project/AGV_team/ros2_ws/install/ps2_controller/include/
[5.352s] -- Installing: /home/ysh/KG_2_Project/AGV_team/ros2_ws/install/ps2_controller/include//ps2_controller
[5.352s] -- Installing: /home/ysh/KG_2_Project/AGV_team/ros2_ws/install/ps2_controller/include//ps2_controller/ps2_controller.h
[5.353s] -- Installing: /home/ysh/KG_2_Project/AGV_team/ros2_ws/install/ps2_controller/include//ps2_controller/ps2_controller_node.hpp
[5.353s] -- Installing: /home/ysh/KG_2_Project/AGV_team/ros2_ws/install/ps2_controller/share/ament_index/resource_index/package_run_dependencies/ps2_controller
[5.353s] -- Installing: /home/ysh/KG_2_Project/AGV_team/ros2_ws/install/ps2_controller/share/ament_index/resource_index/parent_prefix_path/ps2_controller
[5.353s] -- Installing: /home/ysh/KG_2_Project/AGV_team/ros2_ws/install/ps2_controller/share/ps2_controller/environment/ament_prefix_path.sh
[5.354s] -- Installing: /home/ysh/KG_2_Project/AGV_team/ros2_ws/install/ps2_controller/share/ps2_controller/environment/ament_prefix_path.dsv
[5.354s] -- Installing: /home/ysh/KG_2_Project/AGV_team/ros2_ws/install/ps2_controller/share/ps2_controller/environment/path.sh
[5.354s] -- Installing: /home/ysh/KG_2_Project/AGV_team/ros2_ws/install/ps2_controller/share/ps2_controller/environment/path.dsv
[5.354s] -- Installing: /home/ysh/KG_2_Project/AGV_team/ros2_ws/install/ps2_controller/share/ps2_controller/local_setup.bash
[5.355s] -- Installing: /home/ysh/KG_2_Project/AGV_team/ros2_ws/install/ps2_controller/share/ps2_controller/local_setup.sh
[5.355s] -- Installing: /home/ysh/KG_2_Project/AGV_team/ros2_ws/install/ps2_controller/share/ps2_controller/local_setup.zsh
[5.355s] -- Installing: /home/ysh/KG_2_Project/AGV_team/ros2_ws/install/ps2_controller/share/ps2_controller/local_setup.dsv
[5.355s] -- Installing: /home/ysh/KG_2_Project/AGV_team/ros2_ws/install/ps2_controller/share/ps2_controller/package.dsv
[5.356s] -- Installing: /home/ysh/KG_2_Project/AGV_team/ros2_ws/install/ps2_controller/share/ament_index/resource_index/packages/ps2_controller
[5.356s] -- Installing: /home/ysh/KG_2_Project/AGV_team/ros2_ws/install/ps2_controller/share/ps2_controller/cmake/ps2_controllerConfig.cmake
[5.356s] -- Installing: /home/ysh/KG_2_Project/AGV_team/ros2_ws/install/ps2_controller/share/ps2_controller/cmake/ps2_controllerConfig-version.cmake
[5.356s] -- Installing: /home/ysh/KG_2_Project/AGV_team/ros2_ws/install/ps2_controller/share/ps2_controller/package.xml
[5.361s] Invoked command in '/home/ysh/KG_2_Project/AGV_team/ros2_ws/build/ps2_controller' returned '0': CMAKE_PREFIX_PATH=${CMAKE_PREFIX_PATH}:/home/ysh/ros2_ws/install/my_monitoring:/home/ysh/ros2_ws/install/lidar_receiver:/opt/ros/foxy /usr/bin/cmake --install /home/ysh/KG_2_Project/AGV_team/ros2_ws/build/ps2_controller
