[0.066s] Invoking command in '/home/jucy/ydlidar_ws_11_29/ydlidar_ws/build/nav_2d_msgs': CMAKE_PREFIX_PATH=${CMAKE_PREFIX_PATH}:/home/jucy/ydlidar_ws_11_29/install/nav2_gazebo_spawner:/home/jucy/ydlidar_ws_11_29/install/jdamr200_node:/home/jucy/turtlebot3_ws/install/turtlebot3_teleop:/home/jucy/turtlebot3_ws/install/turtlebot3_example:/home/jucy/turtlebot3_ws/install/nav2_goal_pulisher_test:/home/jucy/turtlebot3_ws/install/nav2_goal_publisher:/home/jucy/ros2_ws/install/camera_udp_communication:/home/jucy/ros2_ws/install/agv_control_py:/home/jucy/ydlidar_ros2_ws/install/jdamr200_teleop:/home/jucy/ydlidar_ros2_ws/install/jdamr200_node /usr/bin/cmake /home/jucy/ydlidar_ws_11_29/ydlidar_ws/src/navigation2/nav2_dwb_controller/nav_2d_msgs -DCMAKE_INSTALL_PREFIX=/home/jucy/ydlidar_ws_11_29/ydlidar_ws/install/nav_2d_msgs
[0.560s] -- The C compiler identification is GNU 9.4.0
[0.561s] -- The CXX compiler identification is GNU 9.4.0
[0.561s] -- Check for working C compiler: /usr/bin/cc
[0.562s] -- Check for working C compiler: /usr/bin/cc -- works
[0.562s] -- Detecting C compiler ABI info
[0.563s] -- Detecting C compiler ABI info - done
[0.563s] -- Detecting C compile features
[0.563s] -- Detecting C compile features - done
[0.563s] -- Check for working CXX compiler: /usr/bin/c++
[0.563s] -- Check for working CXX compiler: /usr/bin/c++ -- works
[0.564s] -- Detecting CXX compiler ABI info
[0.572s] -- Detecting CXX compiler ABI info - done
[0.577s] -- Detecting CXX compile features
[0.578s] -- Detecting CXX compile features - done
[0.583s] -- Found geometry_msgs: 2.0.5 (/opt/ros/foxy/share/geometry_msgs/cmake)
[0.634s] -- Found PythonInterp: /usr/bin/python3 (found suitable version "3.8.10", minimum required is "3") 
[0.635s] -- Using PYTHON_EXECUTABLE: /usr/bin/python3
[1.059s] -- Using all available rosidl_typesupport_c: rosidl_typesupport_fastrtps_c;rosidl_typesupport_introspection_c
[1.082s] -- Found rosidl_adapter: 1.3.1 (/opt/ros/foxy/share/rosidl_adapter/cmake)
[1.258s] -- Found OpenSSL: /usr/lib/x86_64-linux-gnu/libcrypto.so (found version "1.1.1f")  
[1.306s] -- Found FastRTPS: /opt/ros/foxy/include  
[1.444s] -- Using all available rosidl_typesupport_cpp: rosidl_typesupport_fastrtps_cpp;rosidl_typesupport_introspection_cpp
[1.650s] -- Found rosidl_default_generators: 1.0.1 (/opt/ros/foxy/share/rosidl_default_generators/cmake)
[1.702s] -- Found PythonInterp: /usr/bin/python3 (found version "3.8.10") 
[1.995s] -- Found ament_cmake_ros: 0.9.2 (/opt/ros/foxy/share/ament_cmake_ros/cmake)
[2.318s] -- Using all available rosidl_typesupport_c: rosidl_typesupport_fastrtps_c;rosidl_typesupport_introspection_c
[2.443s] -- Using all available rosidl_typesupport_cpp: rosidl_typesupport_fastrtps_cpp;rosidl_typesupport_introspection_cpp
[2.486s] -- Found PythonInterp: /usr/bin/python3 (found suitable version "3.8.10", minimum required is "3.5") 
[2.491s] -- Found python_cmake_module: 0.8.1 (/opt/ros/foxy/share/python_cmake_module/cmake)
[2.531s] -- Found PythonLibs: /usr/lib/x86_64-linux-gnu/libpython3.8.so (found suitable version "3.8.10", minimum required is "3.5") 
[2.531s] -- Using PYTHON_EXECUTABLE: /usr/bin/python3
[2.531s] -- Using PYTHON_INCLUDE_DIRS: /usr/include/python3.8
[2.531s] -- Using PYTHON_LIBRARIES: /usr/lib/x86_64-linux-gnu/libpython3.8.so
[2.562s] -- Found PythonExtra: .so  
[2.692s] -- Configuring done
[2.753s] -- Generating done
[2.769s] -- Build files have been written to: /home/jucy/ydlidar_ws_11_29/ydlidar_ws/build/nav_2d_msgs
[2.775s] Invoked command in '/home/jucy/ydlidar_ws_11_29/ydlidar_ws/build/nav_2d_msgs' returned '0': CMAKE_PREFIX_PATH=${CMAKE_PREFIX_PATH}:/home/jucy/ydlidar_ws_11_29/install/nav2_gazebo_spawner:/home/jucy/ydlidar_ws_11_29/install/jdamr200_node:/home/jucy/turtlebot3_ws/install/turtlebot3_teleop:/home/jucy/turtlebot3_ws/install/turtlebot3_example:/home/jucy/turtlebot3_ws/install/nav2_goal_pulisher_test:/home/jucy/turtlebot3_ws/install/nav2_goal_publisher:/home/jucy/ros2_ws/install/camera_udp_communication:/home/jucy/ros2_ws/install/agv_control_py:/home/jucy/ydlidar_ros2_ws/install/jdamr200_teleop:/home/jucy/ydlidar_ros2_ws/install/jdamr200_node /usr/bin/cmake /home/jucy/ydlidar_ws_11_29/ydlidar_ws/src/navigation2/nav2_dwb_controller/nav_2d_msgs -DCMAKE_INSTALL_PREFIX=/home/jucy/ydlidar_ws_11_29/ydlidar_ws/install/nav_2d_msgs
[2.777s] Invoking command in '/home/jucy/ydlidar_ws_11_29/ydlidar_ws/build/nav_2d_msgs': CMAKE_PREFIX_PATH=${CMAKE_PREFIX_PATH}:/home/jucy/ydlidar_ws_11_29/install/nav2_gazebo_spawner:/home/jucy/ydlidar_ws_11_29/install/jdamr200_node:/home/jucy/turtlebot3_ws/install/turtlebot3_teleop:/home/jucy/turtlebot3_ws/install/turtlebot3_example:/home/jucy/turtlebot3_ws/install/nav2_goal_pulisher_test:/home/jucy/turtlebot3_ws/install/nav2_goal_publisher:/home/jucy/ros2_ws/install/camera_udp_communication:/home/jucy/ros2_ws/install/agv_control_py:/home/jucy/ydlidar_ros2_ws/install/jdamr200_teleop:/home/jucy/ydlidar_ros2_ws/install/jdamr200_node /usr/bin/cmake --build /home/jucy/ydlidar_ws_11_29/ydlidar_ws/build/nav_2d_msgs -- -j12 -l12
[2.829s] [  1%] [34m[1mGenerating C code for ROS interfaces[0m
[2.830s] [35m[1mScanning dependencies of target nav_2d_msgs__cpp[0m
[2.844s] [  2%] [34m[1mGenerating C++ code for ROS interfaces[0m
[3.802s] [  2%] Built target nav_2d_msgs__cpp
[3.834s] [  4%] [34m[1mGenerating C++ type support dispatch for ROS interfaces[0m
[3.836s] [  5%] [34m[1mGenerating C++ introspection for ROS interfaces[0m
[3.841s] [  7%] [34m[1mGenerating C++ type support for eProsima Fast-RTPS[0m
[3.884s] [35m[1mScanning dependencies of target nav_2d_msgs__rosidl_generator_c[0m
[4.042s] [  9%] [32mBuilding C object CMakeFiles/nav_2d_msgs__rosidl_generator_c.dir/rosidl_generator_c/nav_2d_msgs/msg/detail/pose2_d_stamped__functions.c.o[0m
[4.042s] [ 11%] [32mBuilding C object CMakeFiles/nav_2d_msgs__rosidl_generator_c.dir/rosidl_generator_c/nav_2d_msgs/msg/detail/twist2_d__functions.c.o[0m
[4.044s] [ 12%] [32mBuilding C object CMakeFiles/nav_2d_msgs__rosidl_generator_c.dir/rosidl_generator_c/nav_2d_msgs/msg/detail/path2_d__functions.c.o[0m
[4.049s] [ 14%] [32mBuilding C object CMakeFiles/nav_2d_msgs__rosidl_generator_c.dir/rosidl_generator_c/nav_2d_msgs/msg/detail/twist2_d32__functions.c.o[0m
[4.054s] [  9%] [32mBuilding C object CMakeFiles/nav_2d_msgs__rosidl_generator_c.dir/rosidl_generator_c/nav_2d_msgs/msg/detail/pose2_d32__functions.c.o[0m
[4.061s] [ 15%] [32mBuilding C object CMakeFiles/nav_2d_msgs__rosidl_generator_c.dir/rosidl_generator_c/nav_2d_msgs/msg/detail/twist2_d_stamped__functions.c.o[0m
[4.297s] [ 16%] [32m[1mLinking C shared library libnav_2d_msgs__rosidl_generator_c.so[0m
[4.310s] [35m[1mScanning dependencies of target nav_2d_msgs__rosidl_typesupport_cpp[0m
[4.371s] [35m[1mScanning dependencies of target nav_2d_msgs__rosidl_typesupport_introspection_cpp[0m
[4.447s] [ 18%] [32mBuilding CXX object CMakeFiles/nav_2d_msgs__rosidl_typesupport_cpp.dir/rosidl_typesupport_cpp/nav_2d_msgs/msg/twist2_d__type_support.cpp.o[0m
[4.448s] [ 19%] [32mBuilding CXX object CMakeFiles/nav_2d_msgs__rosidl_typesupport_cpp.dir/rosidl_typesupport_cpp/nav_2d_msgs/msg/pose2_d32__type_support.cpp.o[0m
[4.449s] [ 21%] [32mBuilding CXX object CMakeFiles/nav_2d_msgs__rosidl_typesupport_cpp.dir/rosidl_typesupport_cpp/nav_2d_msgs/msg/path2_d__type_support.cpp.o[0m
[4.450s] [ 22%] [32mBuilding CXX object CMakeFiles/nav_2d_msgs__rosidl_typesupport_cpp.dir/rosidl_typesupport_cpp/nav_2d_msgs/msg/twist2_d_stamped__type_support.cpp.o[0m
[4.450s] [ 23%] [32mBuilding CXX object CMakeFiles/nav_2d_msgs__rosidl_typesupport_cpp.dir/rosidl_typesupport_cpp/nav_2d_msgs/msg/pose2_d_stamped__type_support.cpp.o[0m
[4.451s] [ 25%] [32mBuilding CXX object CMakeFiles/nav_2d_msgs__rosidl_typesupport_cpp.dir/rosidl_typesupport_cpp/nav_2d_msgs/msg/twist2_d32__type_support.cpp.o[0m
[4.457s] [ 26%] [32mBuilding CXX object CMakeFiles/nav_2d_msgs__rosidl_typesupport_introspection_cpp.dir/rosidl_typesupport_introspection_cpp/nav_2d_msgs/msg/detail/path2_d__type_support.cpp.o[0m
[4.459s] [ 28%] [32mBuilding CXX object CMakeFiles/nav_2d_msgs__rosidl_typesupport_introspection_cpp.dir/rosidl_typesupport_introspection_cpp/nav_2d_msgs/msg/detail/pose2_d32__type_support.cpp.o[0m
[4.468s] [ 29%] [32mBuilding CXX object CMakeFiles/nav_2d_msgs__rosidl_typesupport_introspection_cpp.dir/rosidl_typesupport_introspection_cpp/nav_2d_msgs/msg/detail/pose2_d_stamped__type_support.cpp.o[0m
[4.471s] [ 30%] [32mBuilding CXX object CMakeFiles/nav_2d_msgs__rosidl_typesupport_introspection_cpp.dir/rosidl_typesupport_introspection_cpp/nav_2d_msgs/msg/detail/twist2_d__type_support.cpp.o[0m
[4.665s] [35m[1mScanning dependencies of target nav_2d_msgs__rosidl_typesupport_fastrtps_cpp[0m
[4.710s] [ 30%] Built target nav_2d_msgs__rosidl_generator_c
[4.727s] [ 32%] [34m[1mGenerating C type support dispatch for ROS interfaces[0m
[5.127s] [35m[1mScanning dependencies of target nav_2d_msgs__rosidl_typesupport_c[0m
[5.131s] [ 33%] [32mBuilding CXX object CMakeFiles/nav_2d_msgs__rosidl_typesupport_fastrtps_cpp.dir/rosidl_typesupport_fastrtps_cpp/nav_2d_msgs/msg/detail/dds_fastrtps/path2_d__type_support.cpp.o[0m
[5.150s] [ 35%] [32mBuilding CXX object CMakeFiles/nav_2d_msgs__rosidl_typesupport_c.dir/rosidl_typesupport_c/nav_2d_msgs/msg/path2_d__type_support.cpp.o[0m
[5.436s] [ 36%] [32mBuilding CXX object CMakeFiles/nav_2d_msgs__rosidl_typesupport_c.dir/rosidl_typesupport_c/nav_2d_msgs/msg/pose2_d32__type_support.cpp.o[0m
[5.545s] [ 38%] [32mBuilding CXX object CMakeFiles/nav_2d_msgs__rosidl_typesupport_c.dir/rosidl_typesupport_c/nav_2d_msgs/msg/pose2_d_stamped__type_support.cpp.o[0m
[5.717s] [ 39%] [32mBuilding CXX object CMakeFiles/nav_2d_msgs__rosidl_typesupport_c.dir/rosidl_typesupport_c/nav_2d_msgs/msg/twist2_d__type_support.cpp.o[0m
[5.745s] [ 40%] [32mBuilding CXX object CMakeFiles/nav_2d_msgs__rosidl_typesupport_c.dir/rosidl_typesupport_c/nav_2d_msgs/msg/twist2_d32__type_support.cpp.o[0m
[5.752s] [ 42%] [32mBuilding CXX object CMakeFiles/nav_2d_msgs__rosidl_typesupport_introspection_cpp.dir/rosidl_typesupport_introspection_cpp/nav_2d_msgs/msg/detail/twist2_d32__type_support.cpp.o[0m
[5.759s] [ 43%] [32mBuilding CXX object CMakeFiles/nav_2d_msgs__rosidl_typesupport_introspection_cpp.dir/rosidl_typesupport_introspection_cpp/nav_2d_msgs/msg/detail/twist2_d_stamped__type_support.cpp.o[0m
[5.768s] [ 45%] [32mBuilding CXX object CMakeFiles/nav_2d_msgs__rosidl_typesupport_c.dir/rosidl_typesupport_c/nav_2d_msgs/msg/twist2_d_stamped__type_support.cpp.o[0m
[5.779s] [ 46%] [34m[1mGenerating C introspection for ROS interfaces[0m
[5.783s] [ 47%] [32mBuilding CXX object CMakeFiles/nav_2d_msgs__rosidl_typesupport_fastrtps_cpp.dir/rosidl_typesupport_fastrtps_cpp/nav_2d_msgs/msg/detail/dds_fastrtps/pose2_d32__type_support.cpp.o[0m
[5.807s] [ 49%] [32mBuilding CXX object CMakeFiles/nav_2d_msgs__rosidl_typesupport_fastrtps_cpp.dir/rosidl_typesupport_fastrtps_cpp/nav_2d_msgs/msg/detail/dds_fastrtps/pose2_d_stamped__type_support.cpp.o[0m
[5.813s] [ 50%] [32mBuilding CXX object CMakeFiles/nav_2d_msgs__rosidl_typesupport_fastrtps_cpp.dir/rosidl_typesupport_fastrtps_cpp/nav_2d_msgs/msg/detail/dds_fastrtps/twist2_d32__type_support.cpp.o[0m
[5.831s] [ 52%] [32mBuilding CXX object CMakeFiles/nav_2d_msgs__rosidl_typesupport_fastrtps_cpp.dir/rosidl_typesupport_fastrtps_cpp/nav_2d_msgs/msg/detail/dds_fastrtps/twist2_d__type_support.cpp.o[0m
[5.850s] [ 53%] [32m[1mLinking CXX shared library libnav_2d_msgs__rosidl_typesupport_c.so[0m
[5.871s] [ 54%] [32mBuilding CXX object CMakeFiles/nav_2d_msgs__rosidl_typesupport_fastrtps_cpp.dir/rosidl_typesupport_fastrtps_cpp/nav_2d_msgs/msg/detail/dds_fastrtps/twist2_d_stamped__type_support.cpp.o[0m
[5.900s] [ 56%] [32m[1mLinking CXX shared library libnav_2d_msgs__rosidl_typesupport_cpp.so[0m
[6.042s] [ 56%] Built target nav_2d_msgs__rosidl_typesupport_c
[6.110s] [ 56%] Built target nav_2d_msgs__rosidl_typesupport_cpp
[6.380s] [ 57%] [32m[1mLinking CXX shared library libnav_2d_msgs__rosidl_typesupport_introspection_cpp.so[0m
[6.606s] [ 57%] Built target nav_2d_msgs__rosidl_typesupport_introspection_cpp
[6.708s] [ 59%] [32m[1mLinking CXX shared library libnav_2d_msgs__rosidl_typesupport_fastrtps_cpp.so[0m
[6.756s] [35m[1mScanning dependencies of target nav_2d_msgs__rosidl_typesupport_introspection_c[0m
[6.890s] [ 59%] Built target nav_2d_msgs__rosidl_typesupport_fastrtps_cpp
[6.912s] [ 60%] [34m[1mGenerating C type support for eProsima Fast-RTPS[0m
[6.953s] [ 61%] [32mBuilding C object CMakeFiles/nav_2d_msgs__rosidl_typesupport_introspection_c.dir/rosidl_typesupport_introspection_c/nav_2d_msgs/msg/detail/path2_d__type_support.c.o[0m
[6.954s] [ 63%] [32mBuilding C object CMakeFiles/nav_2d_msgs__rosidl_typesupport_introspection_c.dir/rosidl_typesupport_introspection_c/nav_2d_msgs/msg/detail/pose2_d_stamped__type_support.c.o[0m
[6.955s] [ 64%] [32mBuilding C object CMakeFiles/nav_2d_msgs__rosidl_typesupport_introspection_c.dir/rosidl_typesupport_introspection_c/nav_2d_msgs/msg/detail/pose2_d32__type_support.c.o[0m
[6.966s] [ 66%] [32mBuilding C object CMakeFiles/nav_2d_msgs__rosidl_typesupport_introspection_c.dir/rosidl_typesupport_introspection_c/nav_2d_msgs/msg/detail/twist2_d__type_support.c.o[0m
[6.978s] [ 67%] [32mBuilding C object CMakeFiles/nav_2d_msgs__rosidl_typesupport_introspection_c.dir/rosidl_typesupport_introspection_c/nav_2d_msgs/msg/detail/twist2_d32__type_support.c.o[0m
[7.020s] [ 69%] [32mBuilding C object CMakeFiles/nav_2d_msgs__rosidl_typesupport_introspection_c.dir/rosidl_typesupport_introspection_c/nav_2d_msgs/msg/detail/twist2_d_stamped__type_support.c.o[0m
[7.097s] [ 70%] [32m[1mLinking C shared library libnav_2d_msgs__rosidl_typesupport_introspection_c.so[0m
[7.174s] [ 70%] Built target nav_2d_msgs__rosidl_typesupport_introspection_c
[7.575s] [35m[1mScanning dependencies of target nav_2d_msgs__rosidl_typesupport_fastrtps_c[0m
[7.615s] [ 74%] [32mBuilding CXX object CMakeFiles/nav_2d_msgs__rosidl_typesupport_fastrtps_c.dir/rosidl_typesupport_fastrtps_c/nav_2d_msgs/msg/detail/pose2_d_stamped__type_support_c.cpp.o[0m
[7.615s] [ 74%] [32mBuilding CXX object CMakeFiles/nav_2d_msgs__rosidl_typesupport_fastrtps_c.dir/rosidl_typesupport_fastrtps_c/nav_2d_msgs/msg/detail/pose2_d32__type_support_c.cpp.o[0m
[7.616s] [ 74%] [32mBuilding CXX object CMakeFiles/nav_2d_msgs__rosidl_typesupport_fastrtps_c.dir/rosidl_typesupport_fastrtps_c/nav_2d_msgs/msg/detail/twist2_d32__type_support_c.cpp.o[0m
[7.616s] [ 76%] [32mBuilding CXX object CMakeFiles/nav_2d_msgs__rosidl_typesupport_fastrtps_c.dir/rosidl_typesupport_fastrtps_c/nav_2d_msgs/msg/detail/path2_d__type_support_c.cpp.o[0m
[7.626s] [ 77%] [32mBuilding CXX object CMakeFiles/nav_2d_msgs__rosidl_typesupport_fastrtps_c.dir/rosidl_typesupport_fastrtps_c/nav_2d_msgs/msg/detail/twist2_d_stamped__type_support_c.cpp.o[0m
[7.633s] [ 78%] [32mBuilding CXX object CMakeFiles/nav_2d_msgs__rosidl_typesupport_fastrtps_c.dir/rosidl_typesupport_fastrtps_c/nav_2d_msgs/msg/detail/twist2_d__type_support_c.cpp.o[0m
[8.501s] [ 80%] [32m[1mLinking CXX shared library libnav_2d_msgs__rosidl_typesupport_fastrtps_c.so[0m
[8.635s] [ 80%] Built target nav_2d_msgs__rosidl_typesupport_fastrtps_c
[8.653s] [35m[1mScanning dependencies of target nav_2d_msgs[0m
[8.672s] [ 80%] Built target nav_2d_msgs
[8.691s] [35m[1mScanning dependencies of target nav_2d_msgs__py[0m
[8.711s] [ 81%] [34m[1mGenerating Python code for ROS interfaces[0m
[9.727s] [ 81%] Built target nav_2d_msgs__py
[9.746s] [35m[1mScanning dependencies of target nav_2d_msgs__python[0m
[10.530s] [ 84%] [32mBuilding C object CMakeFiles/nav_2d_msgs__python.dir/rosidl_generator_py/nav_2d_msgs/msg/_twist2_d_s.c.o[0m
[10.531s] [ 84%] [32mBuilding C object CMakeFiles/nav_2d_msgs__python.dir/rosidl_generator_py/nav_2d_msgs/msg/_pose2_d_stamped_s.c.o[0m
[10.531s] [ 85%] [32mBuilding C object CMakeFiles/nav_2d_msgs__python.dir/rosidl_generator_py/nav_2d_msgs/msg/_pose2_d32_s.c.o[0m
[10.533s] [ 87%] [32mBuilding C object CMakeFiles/nav_2d_msgs__python.dir/rosidl_generator_py/nav_2d_msgs/msg/_path2_d_s.c.o[0m
[10.544s] [ 88%] [32mBuilding C object CMakeFiles/nav_2d_msgs__python.dir/rosidl_generator_py/nav_2d_msgs/msg/_twist2_d32_s.c.o[0m
[10.550s] [ 90%] [32mBuilding C object CMakeFiles/nav_2d_msgs__python.dir/rosidl_generator_py/nav_2d_msgs/msg/_twist2_d_stamped_s.c.o[0m
[10.782s] [ 91%] [32m[1mLinking C shared library rosidl_generator_py/nav_2d_msgs/libnav_2d_msgs__python.so[0m
[10.881s] [ 91%] Built target nav_2d_msgs__python
[10.906s] [35m[1mScanning dependencies of target nav_2d_msgs__rosidl_typesupport_fastrtps_c__pyext[0m
[10.906s] [35m[1mScanning dependencies of target nav_2d_msgs__rosidl_typesupport_c__pyext[0m
[10.906s] [35m[1mScanning dependencies of target nav_2d_msgs__rosidl_typesupport_introspection_c__pyext[0m
[10.946s] [ 92%] [32mBuilding C object CMakeFiles/nav_2d_msgs__rosidl_typesupport_introspection_c__pyext.dir/rosidl_generator_py/nav_2d_msgs/_nav_2d_msgs_s.ep.rosidl_typesupport_introspection_c.c.o[0m
[10.949s] [ 94%] [32mBuilding C object CMakeFiles/nav_2d_msgs__rosidl_typesupport_c__pyext.dir/rosidl_generator_py/nav_2d_msgs/_nav_2d_msgs_s.ep.rosidl_typesupport_c.c.o[0m
[10.952s] [ 95%] [32mBuilding C object CMakeFiles/nav_2d_msgs__rosidl_typesupport_fastrtps_c__pyext.dir/rosidl_generator_py/nav_2d_msgs/_nav_2d_msgs_s.ep.rosidl_typesupport_fastrtps_c.c.o[0m
[11.138s] [ 97%] [32m[1mLinking C shared library rosidl_generator_py/nav_2d_msgs/nav_2d_msgs_s__rosidl_typesupport_c.cpython-38-x86_64-linux-gnu.so[0m
[11.162s] [ 98%] [32m[1mLinking CXX shared library rosidl_generator_py/nav_2d_msgs/nav_2d_msgs_s__rosidl_typesupport_fastrtps_c.cpython-38-x86_64-linux-gnu.so[0m
[11.164s] [100%] [32m[1mLinking C shared library rosidl_generator_py/nav_2d_msgs/nav_2d_msgs_s__rosidl_typesupport_introspection_c.cpython-38-x86_64-linux-gnu.so[0m
[11.225s] [100%] Built target nav_2d_msgs__rosidl_typesupport_c__pyext
[11.248s] [100%] Built target nav_2d_msgs__rosidl_typesupport_introspection_c__pyext
[11.287s] [100%] Built target nav_2d_msgs__rosidl_typesupport_fastrtps_c__pyext
[11.307s] Invoked command in '/home/jucy/ydlidar_ws_11_29/ydlidar_ws/build/nav_2d_msgs' returned '0': CMAKE_PREFIX_PATH=${CMAKE_PREFIX_PATH}:/home/jucy/ydlidar_ws_11_29/install/nav2_gazebo_spawner:/home/jucy/ydlidar_ws_11_29/install/jdamr200_node:/home/jucy/turtlebot3_ws/install/turtlebot3_teleop:/home/jucy/turtlebot3_ws/install/turtlebot3_example:/home/jucy/turtlebot3_ws/install/nav2_goal_pulisher_test:/home/jucy/turtlebot3_ws/install/nav2_goal_publisher:/home/jucy/ros2_ws/install/camera_udp_communication:/home/jucy/ros2_ws/install/agv_control_py:/home/jucy/ydlidar_ros2_ws/install/jdamr200_teleop:/home/jucy/ydlidar_ros2_ws/install/jdamr200_node /usr/bin/cmake --build /home/jucy/ydlidar_ws_11_29/ydlidar_ws/build/nav_2d_msgs -- -j12 -l12
[11.312s] Invoking command in '/home/jucy/ydlidar_ws_11_29/ydlidar_ws/build/nav_2d_msgs': CMAKE_PREFIX_PATH=${CMAKE_PREFIX_PATH}:/home/jucy/ydlidar_ws_11_29/install/nav2_gazebo_spawner:/home/jucy/ydlidar_ws_11_29/install/jdamr200_node:/home/jucy/turtlebot3_ws/install/turtlebot3_teleop:/home/jucy/turtlebot3_ws/install/turtlebot3_example:/home/jucy/turtlebot3_ws/install/nav2_goal_pulisher_test:/home/jucy/turtlebot3_ws/install/nav2_goal_publisher:/home/jucy/ros2_ws/install/camera_udp_communication:/home/jucy/ros2_ws/install/agv_control_py:/home/jucy/ydlidar_ros2_ws/install/jdamr200_teleop:/home/jucy/ydlidar_ros2_ws/install/jdamr200_node /usr/bin/cmake --install /home/jucy/ydlidar_ws_11_29/ydlidar_ws/build/nav_2d_msgs
[11.327s] -- Install configuration: ""
[11.327s] -- Installing: /home/jucy/ydlidar_ws_11_29/ydlidar_ws/install/nav_2d_msgs/share/ament_index/resource_index/rosidl_interfaces/nav_2d_msgs
[11.327s] -- Installing: /home/jucy/ydlidar_ws_11_29/ydlidar_ws/install/nav_2d_msgs/include/nav_2d_msgs
[11.327s] -- Installing: /home/jucy/ydlidar_ws_11_29/ydlidar_ws/install/nav_2d_msgs/include/nav_2d_msgs/msg
[11.328s] -- Installing: /home/jucy/ydlidar_ws_11_29/ydlidar_ws/install/nav_2d_msgs/include/nav_2d_msgs/msg/twist2_d.h
[11.328s] -- Installing: /home/jucy/ydlidar_ws_11_29/ydlidar_ws/install/nav_2d_msgs/include/nav_2d_msgs/msg/rosidl_generator_c__visibility_control.h
[11.328s] -- Installing: /home/jucy/ydlidar_ws_11_29/ydlidar_ws/install/nav_2d_msgs/include/nav_2d_msgs/msg/twist2_d32.h
[11.328s] -- Installing: /home/jucy/ydlidar_ws_11_29/ydlidar_ws/install/nav_2d_msgs/include/nav_2d_msgs/msg/pose2_d32.h
[11.329s] -- Installing: /home/jucy/ydlidar_ws_11_29/ydlidar_ws/install/nav_2d_msgs/include/nav_2d_msgs/msg/twist2_d_stamped.h
[11.329s] -- Installing: /home/jucy/ydlidar_ws_11_29/ydlidar_ws/install/nav_2d_msgs/include/nav_2d_msgs/msg/path2_d.h
[11.329s] -- Installing: /home/jucy/ydlidar_ws_11_29/ydlidar_ws/install/nav_2d_msgs/include/nav_2d_msgs/msg/detail
[11.329s] -- Installing: /home/jucy/ydlidar_ws_11_29/ydlidar_ws/install/nav_2d_msgs/include/nav_2d_msgs/msg/detail/twist2_d__type_support.h
[11.329s] -- Installing: /home/jucy/ydlidar_ws_11_29/ydlidar_ws/install/nav_2d_msgs/include/nav_2d_msgs/msg/detail/twist2_d32__functions.h
[11.330s] -- Installing: /home/jucy/ydlidar_ws_11_29/ydlidar_ws/install/nav_2d_msgs/include/nav_2d_msgs/msg/detail/pose2_d32__functions.h
[11.330s] -- Installing: /home/jucy/ydlidar_ws_11_29/ydlidar_ws/install/nav_2d_msgs/include/nav_2d_msgs/msg/detail/twist2_d_stamped__type_support.h
[11.330s] -- Installing: /home/jucy/ydlidar_ws_11_29/ydlidar_ws/install/nav_2d_msgs/include/nav_2d_msgs/msg/detail/pose2_d32__struct.h
[11.330s] -- Installing: /home/jucy/ydlidar_ws_11_29/ydlidar_ws/install/nav_2d_msgs/include/nav_2d_msgs/msg/detail/twist2_d_stamped__functions.h
[11.331s] -- Installing: /home/jucy/ydlidar_ws_11_29/ydlidar_ws/install/nav_2d_msgs/include/nav_2d_msgs/msg/detail/twist2_d32__type_support.h
[11.331s] -- Installing: /home/jucy/ydlidar_ws_11_29/ydlidar_ws/install/nav_2d_msgs/include/nav_2d_msgs/msg/detail/twist2_d__struct.h
[11.331s] -- Installing: /home/jucy/ydlidar_ws_11_29/ydlidar_ws/install/nav_2d_msgs/include/nav_2d_msgs/msg/detail/pose2_d_stamped__functions.c
[11.331s] -- Installing: /home/jucy/ydlidar_ws_11_29/ydlidar_ws/install/nav_2d_msgs/include/nav_2d_msgs/msg/detail/pose2_d_stamped__functions.h
[11.331s] -- Installing: /home/jucy/ydlidar_ws_11_29/ydlidar_ws/install/nav_2d_msgs/include/nav_2d_msgs/msg/detail/path2_d__functions.c
[11.332s] -- Installing: /home/jucy/ydlidar_ws_11_29/ydlidar_ws/install/nav_2d_msgs/include/nav_2d_msgs/msg/detail/path2_d__type_support.h
[11.332s] -- Installing: /home/jucy/ydlidar_ws_11_29/ydlidar_ws/install/nav_2d_msgs/include/nav_2d_msgs/msg/detail/twist2_d32__functions.c
[11.332s] -- Installing: /home/jucy/ydlidar_ws_11_29/ydlidar_ws/install/nav_2d_msgs/include/nav_2d_msgs/msg/detail/twist2_d__functions.c
[11.332s] -- Installing: /home/jucy/ydlidar_ws_11_29/ydlidar_ws/install/nav_2d_msgs/include/nav_2d_msgs/msg/detail/twist2_d_stamped__struct.h
[11.332s] -- Installing: /home/jucy/ydlidar_ws_11_29/ydlidar_ws/install/nav_2d_msgs/include/nav_2d_msgs/msg/detail/twist2_d__functions.h
[11.333s] -- Installing: /home/jucy/ydlidar_ws_11_29/ydlidar_ws/install/nav_2d_msgs/include/nav_2d_msgs/msg/detail/twist2_d32__struct.h
[11.333s] -- Installing: /home/jucy/ydlidar_ws_11_29/ydlidar_ws/install/nav_2d_msgs/include/nav_2d_msgs/msg/detail/path2_d__struct.h
[11.333s] -- Installing: /home/jucy/ydlidar_ws_11_29/ydlidar_ws/install/nav_2d_msgs/include/nav_2d_msgs/msg/detail/path2_d__functions.h
[11.333s] -- Installing: /home/jucy/ydlidar_ws_11_29/ydlidar_ws/install/nav_2d_msgs/include/nav_2d_msgs/msg/detail/twist2_d_stamped__functions.c
[11.333s] -- Installing: /home/jucy/ydlidar_ws_11_29/ydlidar_ws/install/nav_2d_msgs/include/nav_2d_msgs/msg/detail/pose2_d_stamped__struct.h
[11.334s] -- Installing: /home/jucy/ydlidar_ws_11_29/ydlidar_ws/install/nav_2d_msgs/include/nav_2d_msgs/msg/detail/pose2_d32__functions.c
[11.334s] -- Installing: /home/jucy/ydlidar_ws_11_29/ydlidar_ws/install/nav_2d_msgs/include/nav_2d_msgs/msg/detail/pose2_d_stamped__type_support.h
[11.334s] -- Installing: /home/jucy/ydlidar_ws_11_29/ydlidar_ws/install/nav_2d_msgs/include/nav_2d_msgs/msg/detail/pose2_d32__type_support.h
[11.334s] -- Installing: /home/jucy/ydlidar_ws_11_29/ydlidar_ws/install/nav_2d_msgs/include/nav_2d_msgs/msg/pose2_d_stamped.h
[11.334s] -- Installing: /home/jucy/ydlidar_ws_11_29/ydlidar_ws/install/nav_2d_msgs/share/nav_2d_msgs/environment/library_path.sh
[11.335s] -- Installing: /home/jucy/ydlidar_ws_11_29/ydlidar_ws/install/nav_2d_msgs/share/nav_2d_msgs/environment/library_path.dsv
[11.335s] -- Installing: /home/jucy/ydlidar_ws_11_29/ydlidar_ws/install/nav_2d_msgs/lib/libnav_2d_msgs__rosidl_generator_c.so
[11.335s] -- Set runtime path of "/home/jucy/ydlidar_ws_11_29/ydlidar_ws/install/nav_2d_msgs/lib/libnav_2d_msgs__rosidl_generator_c.so" to ""
[11.335s] -- Up-to-date: /home/jucy/ydlidar_ws_11_29/ydlidar_ws/install/nav_2d_msgs/include/nav_2d_msgs
[11.335s] -- Up-to-date: /home/jucy/ydlidar_ws_11_29/ydlidar_ws/install/nav_2d_msgs/include/nav_2d_msgs/msg
[11.336s] -- Installing: /home/jucy/ydlidar_ws_11_29/ydlidar_ws/install/nav_2d_msgs/include/nav_2d_msgs/msg/rosidl_typesupport_fastrtps_c__visibility_control.h
[11.336s] -- Up-to-date: /home/jucy/ydlidar_ws_11_29/ydlidar_ws/install/nav_2d_msgs/include/nav_2d_msgs/msg/detail
[11.336s] -- Installing: /home/jucy/ydlidar_ws_11_29/ydlidar_ws/install/nav_2d_msgs/include/nav_2d_msgs/msg/detail/twist2_d32__rosidl_typesupport_fastrtps_c.h
[11.336s] -- Installing: /home/jucy/ydlidar_ws_11_29/ydlidar_ws/install/nav_2d_msgs/include/nav_2d_msgs/msg/detail/pose2_d_stamped__rosidl_typesupport_fastrtps_c.h
[11.336s] -- Installing: /home/jucy/ydlidar_ws_11_29/ydlidar_ws/install/nav_2d_msgs/include/nav_2d_msgs/msg/detail/pose2_d32__rosidl_typesupport_fastrtps_c.h
[11.337s] -- Installing: /home/jucy/ydlidar_ws_11_29/ydlidar_ws/install/nav_2d_msgs/include/nav_2d_msgs/msg/detail/path2_d__rosidl_typesupport_fastrtps_c.h
[11.337s] -- Installing: /home/jucy/ydlidar_ws_11_29/ydlidar_ws/install/nav_2d_msgs/include/nav_2d_msgs/msg/detail/twist2_d__rosidl_typesupport_fastrtps_c.h
[11.337s] -- Installing: /home/jucy/ydlidar_ws_11_29/ydlidar_ws/install/nav_2d_msgs/include/nav_2d_msgs/msg/detail/twist2_d_stamped__rosidl_typesupport_fastrtps_c.h
[11.337s] -- Installing: /home/jucy/ydlidar_ws_11_29/ydlidar_ws/install/nav_2d_msgs/lib/libnav_2d_msgs__rosidl_typesupport_fastrtps_c.so
[11.337s] -- Set runtime path of "/home/jucy/ydlidar_ws_11_29/ydlidar_ws/install/nav_2d_msgs/lib/libnav_2d_msgs__rosidl_typesupport_fastrtps_c.so" to ""
[11.338s] -- Up-to-date: /home/jucy/ydlidar_ws_11_29/ydlidar_ws/install/nav_2d_msgs/include/nav_2d_msgs
[11.338s] -- Up-to-date: /home/jucy/ydlidar_ws_11_29/ydlidar_ws/install/nav_2d_msgs/include/nav_2d_msgs/msg
[11.338s] -- Installing: /home/jucy/ydlidar_ws_11_29/ydlidar_ws/install/nav_2d_msgs/include/nav_2d_msgs/msg/rosidl_typesupport_fastrtps_cpp__visibility_control.h
[11.338s] -- Up-to-date: /home/jucy/ydlidar_ws_11_29/ydlidar_ws/install/nav_2d_msgs/include/nav_2d_msgs/msg/detail
[11.338s] -- Installing: /home/jucy/ydlidar_ws_11_29/ydlidar_ws/install/nav_2d_msgs/include/nav_2d_msgs/msg/detail/twist2_d32__rosidl_typesupport_fastrtps_cpp.hpp
[11.339s] -- Installing: /home/jucy/ydlidar_ws_11_29/ydlidar_ws/install/nav_2d_msgs/include/nav_2d_msgs/msg/detail/twist2_d_stamped__rosidl_typesupport_fastrtps_cpp.hpp
[11.339s] -- Installing: /home/jucy/ydlidar_ws_11_29/ydlidar_ws/install/nav_2d_msgs/include/nav_2d_msgs/msg/detail/pose2_d32__rosidl_typesupport_fastrtps_cpp.hpp
[11.339s] -- Installing: /home/jucy/ydlidar_ws_11_29/ydlidar_ws/install/nav_2d_msgs/include/nav_2d_msgs/msg/detail/pose2_d_stamped__rosidl_typesupport_fastrtps_cpp.hpp
[11.339s] -- Installing: /home/jucy/ydlidar_ws_11_29/ydlidar_ws/install/nav_2d_msgs/include/nav_2d_msgs/msg/detail/path2_d__rosidl_typesupport_fastrtps_cpp.hpp
[11.339s] -- Installing: /home/jucy/ydlidar_ws_11_29/ydlidar_ws/install/nav_2d_msgs/include/nav_2d_msgs/msg/detail/twist2_d__rosidl_typesupport_fastrtps_cpp.hpp
[11.339s] -- Installing: /home/jucy/ydlidar_ws_11_29/ydlidar_ws/install/nav_2d_msgs/include/nav_2d_msgs/msg/detail/dds_fastrtps
[11.340s] -- Installing: /home/jucy/ydlidar_ws_11_29/ydlidar_ws/install/nav_2d_msgs/lib/libnav_2d_msgs__rosidl_typesupport_fastrtps_cpp.so
[11.340s] -- Set runtime path of "/home/jucy/ydlidar_ws_11_29/ydlidar_ws/install/nav_2d_msgs/lib/libnav_2d_msgs__rosidl_typesupport_fastrtps_cpp.so" to ""
[11.340s] -- Up-to-date: /home/jucy/ydlidar_ws_11_29/ydlidar_ws/install/nav_2d_msgs/include/nav_2d_msgs
[11.341s] -- Up-to-date: /home/jucy/ydlidar_ws_11_29/ydlidar_ws/install/nav_2d_msgs/include/nav_2d_msgs/msg
[11.341s] -- Installing: /home/jucy/ydlidar_ws_11_29/ydlidar_ws/install/nav_2d_msgs/include/nav_2d_msgs/msg/rosidl_typesupport_introspection_c__visibility_control.h
[11.341s] -- Up-to-date: /home/jucy/ydlidar_ws_11_29/ydlidar_ws/install/nav_2d_msgs/include/nav_2d_msgs/msg/detail
[11.341s] -- Installing: /home/jucy/ydlidar_ws_11_29/ydlidar_ws/install/nav_2d_msgs/include/nav_2d_msgs/msg/detail/twist2_d_stamped__rosidl_typesupport_introspection_c.h
[11.341s] -- Installing: /home/jucy/ydlidar_ws_11_29/ydlidar_ws/install/nav_2d_msgs/include/nav_2d_msgs/msg/detail/twist2_d__rosidl_typesupport_introspection_c.h
[11.342s] -- Installing: /home/jucy/ydlidar_ws_11_29/ydlidar_ws/install/nav_2d_msgs/include/nav_2d_msgs/msg/detail/pose2_d_stamped__rosidl_typesupport_introspection_c.h
[11.342s] -- Installing: /home/jucy/ydlidar_ws_11_29/ydlidar_ws/install/nav_2d_msgs/include/nav_2d_msgs/msg/detail/pose2_d_stamped__type_support.c
[11.342s] -- Installing: /home/jucy/ydlidar_ws_11_29/ydlidar_ws/install/nav_2d_msgs/include/nav_2d_msgs/msg/detail/pose2_d32__rosidl_typesupport_introspection_c.h
[11.342s] -- Installing: /home/jucy/ydlidar_ws_11_29/ydlidar_ws/install/nav_2d_msgs/include/nav_2d_msgs/msg/detail/path2_d__rosidl_typesupport_introspection_c.h
[11.342s] -- Installing: /home/jucy/ydlidar_ws_11_29/ydlidar_ws/install/nav_2d_msgs/include/nav_2d_msgs/msg/detail/path2_d__type_support.c
[11.342s] -- Installing: /home/jucy/ydlidar_ws_11_29/ydlidar_ws/install/nav_2d_msgs/include/nav_2d_msgs/msg/detail/twist2_d_stamped__type_support.c
[11.343s] -- Installing: /home/jucy/ydlidar_ws_11_29/ydlidar_ws/install/nav_2d_msgs/include/nav_2d_msgs/msg/detail/twist2_d32__rosidl_typesupport_introspection_c.h
[11.343s] -- Installing: /home/jucy/ydlidar_ws_11_29/ydlidar_ws/install/nav_2d_msgs/include/nav_2d_msgs/msg/detail/twist2_d__type_support.c
[11.343s] -- Installing: /home/jucy/ydlidar_ws_11_29/ydlidar_ws/install/nav_2d_msgs/include/nav_2d_msgs/msg/detail/pose2_d32__type_support.c
[11.343s] -- Installing: /home/jucy/ydlidar_ws_11_29/ydlidar_ws/install/nav_2d_msgs/include/nav_2d_msgs/msg/detail/twist2_d32__type_support.c
[11.343s] -- Installing: /home/jucy/ydlidar_ws_11_29/ydlidar_ws/install/nav_2d_msgs/lib/libnav_2d_msgs__rosidl_typesupport_introspection_c.so
[11.344s] -- Set runtime path of "/home/jucy/ydlidar_ws_11_29/ydlidar_ws/install/nav_2d_msgs/lib/libnav_2d_msgs__rosidl_typesupport_introspection_c.so" to ""
[11.344s] -- Installing: /home/jucy/ydlidar_ws_11_29/ydlidar_ws/install/nav_2d_msgs/lib/libnav_2d_msgs__rosidl_typesupport_c.so
[11.344s] -- Set runtime path of "/home/jucy/ydlidar_ws_11_29/ydlidar_ws/install/nav_2d_msgs/lib/libnav_2d_msgs__rosidl_typesupport_c.so" to ""
[11.344s] -- Up-to-date: /home/jucy/ydlidar_ws_11_29/ydlidar_ws/install/nav_2d_msgs/include/nav_2d_msgs
[11.344s] -- Up-to-date: /home/jucy/ydlidar_ws_11_29/ydlidar_ws/install/nav_2d_msgs/include/nav_2d_msgs/msg
[11.344s] -- Installing: /home/jucy/ydlidar_ws_11_29/ydlidar_ws/install/nav_2d_msgs/include/nav_2d_msgs/msg/path2_d.hpp
[11.345s] -- Installing: /home/jucy/ydlidar_ws_11_29/ydlidar_ws/install/nav_2d_msgs/include/nav_2d_msgs/msg/rosidl_generator_cpp__visibility_control.hpp
[11.345s] -- Installing: /home/jucy/ydlidar_ws_11_29/ydlidar_ws/install/nav_2d_msgs/include/nav_2d_msgs/msg/twist2_d_stamped.hpp
[11.345s] -- Installing: /home/jucy/ydlidar_ws_11_29/ydlidar_ws/install/nav_2d_msgs/include/nav_2d_msgs/msg/pose2_d32.hpp
[11.345s] -- Installing: /home/jucy/ydlidar_ws_11_29/ydlidar_ws/install/nav_2d_msgs/include/nav_2d_msgs/msg/pose2_d_stamped.hpp
[11.345s] -- Up-to-date: /home/jucy/ydlidar_ws_11_29/ydlidar_ws/install/nav_2d_msgs/include/nav_2d_msgs/msg/detail
[11.345s] -- Installing: /home/jucy/ydlidar_ws_11_29/ydlidar_ws/install/nav_2d_msgs/include/nav_2d_msgs/msg/detail/pose2_d_stamped__traits.hpp
[11.345s] -- Installing: /home/jucy/ydlidar_ws_11_29/ydlidar_ws/install/nav_2d_msgs/include/nav_2d_msgs/msg/detail/twist2_d_stamped__traits.hpp
[11.346s] -- Installing: /home/jucy/ydlidar_ws_11_29/ydlidar_ws/install/nav_2d_msgs/include/nav_2d_msgs/msg/detail/twist2_d32__builder.hpp
[11.346s] -- Installing: /home/jucy/ydlidar_ws_11_29/ydlidar_ws/install/nav_2d_msgs/include/nav_2d_msgs/msg/detail/twist2_d__type_support.hpp
[11.346s] -- Installing: /home/jucy/ydlidar_ws_11_29/ydlidar_ws/install/nav_2d_msgs/include/nav_2d_msgs/msg/detail/twist2_d_stamped__struct.hpp
[11.346s] -- Installing: /home/jucy/ydlidar_ws_11_29/ydlidar_ws/install/nav_2d_msgs/include/nav_2d_msgs/msg/detail/path2_d__traits.hpp
[11.346s] -- Installing: /home/jucy/ydlidar_ws_11_29/ydlidar_ws/install/nav_2d_msgs/include/nav_2d_msgs/msg/detail/pose2_d32__type_support.hpp
[11.347s] -- Installing: /home/jucy/ydlidar_ws_11_29/ydlidar_ws/install/nav_2d_msgs/include/nav_2d_msgs/msg/detail/path2_d__builder.hpp
[11.347s] -- Installing: /home/jucy/ydlidar_ws_11_29/ydlidar_ws/install/nav_2d_msgs/include/nav_2d_msgs/msg/detail/pose2_d_stamped__type_support.hpp
[11.347s] -- Installing: /home/jucy/ydlidar_ws_11_29/ydlidar_ws/install/nav_2d_msgs/include/nav_2d_msgs/msg/detail/twist2_d__struct.hpp
[11.347s] -- Installing: /home/jucy/ydlidar_ws_11_29/ydlidar_ws/install/nav_2d_msgs/include/nav_2d_msgs/msg/detail/path2_d__type_support.hpp
[11.347s] -- Installing: /home/jucy/ydlidar_ws_11_29/ydlidar_ws/install/nav_2d_msgs/include/nav_2d_msgs/msg/detail/pose2_d32__builder.hpp
[11.347s] -- Installing: /home/jucy/ydlidar_ws_11_29/ydlidar_ws/install/nav_2d_msgs/include/nav_2d_msgs/msg/detail/twist2_d__traits.hpp
[11.347s] -- Installing: /home/jucy/ydlidar_ws_11_29/ydlidar_ws/install/nav_2d_msgs/include/nav_2d_msgs/msg/detail/twist2_d_stamped__type_support.hpp
[11.348s] -- Installing: /home/jucy/ydlidar_ws_11_29/ydlidar_ws/install/nav_2d_msgs/include/nav_2d_msgs/msg/detail/pose2_d32__struct.hpp
[11.348s] -- Installing: /home/jucy/ydlidar_ws_11_29/ydlidar_ws/install/nav_2d_msgs/include/nav_2d_msgs/msg/detail/twist2_d32__type_support.hpp
[11.348s] -- Installing: /home/jucy/ydlidar_ws_11_29/ydlidar_ws/install/nav_2d_msgs/include/nav_2d_msgs/msg/detail/path2_d__struct.hpp
[11.348s] -- Installing: /home/jucy/ydlidar_ws_11_29/ydlidar_ws/install/nav_2d_msgs/include/nav_2d_msgs/msg/detail/twist2_d32__struct.hpp
[11.348s] -- Installing: /home/jucy/ydlidar_ws_11_29/ydlidar_ws/install/nav_2d_msgs/include/nav_2d_msgs/msg/detail/pose2_d32__traits.hpp
[11.348s] -- Installing: /home/jucy/ydlidar_ws_11_29/ydlidar_ws/install/nav_2d_msgs/include/nav_2d_msgs/msg/detail/pose2_d_stamped__builder.hpp
[11.349s] -- Installing: /home/jucy/ydlidar_ws_11_29/ydlidar_ws/install/nav_2d_msgs/include/nav_2d_msgs/msg/detail/twist2_d32__traits.hpp
[11.349s] -- Installing: /home/jucy/ydlidar_ws_11_29/ydlidar_ws/install/nav_2d_msgs/include/nav_2d_msgs/msg/detail/twist2_d_stamped__builder.hpp
[11.349s] -- Installing: /home/jucy/ydlidar_ws_11_29/ydlidar_ws/install/nav_2d_msgs/include/nav_2d_msgs/msg/detail/pose2_d_stamped__struct.hpp
[11.349s] -- Installing: /home/jucy/ydlidar_ws_11_29/ydlidar_ws/install/nav_2d_msgs/include/nav_2d_msgs/msg/detail/twist2_d__builder.hpp
[11.349s] -- Installing: /home/jucy/ydlidar_ws_11_29/ydlidar_ws/install/nav_2d_msgs/include/nav_2d_msgs/msg/twist2_d32.hpp
[11.349s] -- Installing: /home/jucy/ydlidar_ws_11_29/ydlidar_ws/install/nav_2d_msgs/include/nav_2d_msgs/msg/twist2_d.hpp
[11.350s] -- Up-to-date: /home/jucy/ydlidar_ws_11_29/ydlidar_ws/install/nav_2d_msgs/include/nav_2d_msgs
[11.350s] -- Up-to-date: /home/jucy/ydlidar_ws_11_29/ydlidar_ws/install/nav_2d_msgs/include/nav_2d_msgs/msg
[11.350s] -- Up-to-date: /home/jucy/ydlidar_ws_11_29/ydlidar_ws/install/nav_2d_msgs/include/nav_2d_msgs/msg/detail
[11.350s] -- Installing: /home/jucy/ydlidar_ws_11_29/ydlidar_ws/install/nav_2d_msgs/include/nav_2d_msgs/msg/detail/path2_d__rosidl_typesupport_introspection_cpp.hpp
[11.350s] -- Installing: /home/jucy/ydlidar_ws_11_29/ydlidar_ws/install/nav_2d_msgs/include/nav_2d_msgs/msg/detail/twist2_d_stamped__rosidl_typesupport_introspection_cpp.hpp
[11.350s] -- Installing: /home/jucy/ydlidar_ws_11_29/ydlidar_ws/install/nav_2d_msgs/include/nav_2d_msgs/msg/detail/twist2_d__type_support.cpp
[11.350s] -- Installing: /home/jucy/ydlidar_ws_11_29/ydlidar_ws/install/nav_2d_msgs/include/nav_2d_msgs/msg/detail/twist2_d32__type_support.cpp
[11.351s] -- Installing: /home/jucy/ydlidar_ws_11_29/ydlidar_ws/install/nav_2d_msgs/include/nav_2d_msgs/msg/detail/twist2_d__rosidl_typesupport_introspection_cpp.hpp
[11.351s] -- Installing: /home/jucy/ydlidar_ws_11_29/ydlidar_ws/install/nav_2d_msgs/include/nav_2d_msgs/msg/detail/pose2_d32__rosidl_typesupport_introspection_cpp.hpp
[11.351s] -- Installing: /home/jucy/ydlidar_ws_11_29/ydlidar_ws/install/nav_2d_msgs/include/nav_2d_msgs/msg/detail/twist2_d_stamped__type_support.cpp
[11.351s] -- Installing: /home/jucy/ydlidar_ws_11_29/ydlidar_ws/install/nav_2d_msgs/include/nav_2d_msgs/msg/detail/pose2_d_stamped__type_support.cpp
[11.351s] -- Installing: /home/jucy/ydlidar_ws_11_29/ydlidar_ws/install/nav_2d_msgs/include/nav_2d_msgs/msg/detail/twist2_d32__rosidl_typesupport_introspection_cpp.hpp
[11.351s] -- Installing: /home/jucy/ydlidar_ws_11_29/ydlidar_ws/install/nav_2d_msgs/include/nav_2d_msgs/msg/detail/pose2_d32__type_support.cpp
[11.351s] -- Installing: /home/jucy/ydlidar_ws_11_29/ydlidar_ws/install/nav_2d_msgs/include/nav_2d_msgs/msg/detail/path2_d__type_support.cpp
[11.352s] -- Installing: /home/jucy/ydlidar_ws_11_29/ydlidar_ws/install/nav_2d_msgs/include/nav_2d_msgs/msg/detail/pose2_d_stamped__rosidl_typesupport_introspection_cpp.hpp
[11.352s] -- Installing: /home/jucy/ydlidar_ws_11_29/ydlidar_ws/install/nav_2d_msgs/lib/libnav_2d_msgs__rosidl_typesupport_introspection_cpp.so
[11.352s] -- Set runtime path of "/home/jucy/ydlidar_ws_11_29/ydlidar_ws/install/nav_2d_msgs/lib/libnav_2d_msgs__rosidl_typesupport_introspection_cpp.so" to ""
[11.352s] -- Installing: /home/jucy/ydlidar_ws_11_29/ydlidar_ws/install/nav_2d_msgs/lib/libnav_2d_msgs__rosidl_typesupport_cpp.so
[11.352s] -- Set runtime path of "/home/jucy/ydlidar_ws_11_29/ydlidar_ws/install/nav_2d_msgs/lib/libnav_2d_msgs__rosidl_typesupport_cpp.so" to ""
[11.352s] -- Installing: /home/jucy/ydlidar_ws_11_29/ydlidar_ws/install/nav_2d_msgs/share/nav_2d_msgs/environment/pythonpath.sh
[11.352s] -- Installing: /home/jucy/ydlidar_ws_11_29/ydlidar_ws/install/nav_2d_msgs/share/nav_2d_msgs/environment/pythonpath.dsv
[11.353s] -- Installing: /home/jucy/ydlidar_ws_11_29/ydlidar_ws/install/nav_2d_msgs/lib/python3.8/site-packages/nav_2d_msgs/__init__.py
[11.409s] Compiling '/home/jucy/ydlidar_ws_11_29/ydlidar_ws/install/nav_2d_msgs/lib/python3.8/site-packages/nav_2d_msgs/__init__.py'...
[11.417s] -- Installing: /home/jucy/ydlidar_ws_11_29/ydlidar_ws/install/nav_2d_msgs/lib/python3.8/site-packages/nav_2d_msgs/msg
[11.417s] -- Installing: /home/jucy/ydlidar_ws_11_29/ydlidar_ws/install/nav_2d_msgs/lib/python3.8/site-packages/nav_2d_msgs/msg/_twist2_d32.py
[11.417s] -- Installing: /home/jucy/ydlidar_ws_11_29/ydlidar_ws/install/nav_2d_msgs/lib/python3.8/site-packages/nav_2d_msgs/msg/_pose2_d32_s.c
[11.417s] -- Installing: /home/jucy/ydlidar_ws_11_29/ydlidar_ws/install/nav_2d_msgs/lib/python3.8/site-packages/nav_2d_msgs/msg/_path2_d_s.c
[11.418s] -- Installing: /home/jucy/ydlidar_ws_11_29/ydlidar_ws/install/nav_2d_msgs/lib/python3.8/site-packages/nav_2d_msgs/msg/_twist2_d32_s.c
[11.418s] -- Installing: /home/jucy/ydlidar_ws_11_29/ydlidar_ws/install/nav_2d_msgs/lib/python3.8/site-packages/nav_2d_msgs/msg/_twist2_d_s.c
[11.418s] -- Installing: /home/jucy/ydlidar_ws_11_29/ydlidar_ws/install/nav_2d_msgs/lib/python3.8/site-packages/nav_2d_msgs/msg/_twist2_d.py
[11.418s] -- Installing: /home/jucy/ydlidar_ws_11_29/ydlidar_ws/install/nav_2d_msgs/lib/python3.8/site-packages/nav_2d_msgs/msg/_twist2_d_stamped.py
[11.418s] -- Installing: /home/jucy/ydlidar_ws_11_29/ydlidar_ws/install/nav_2d_msgs/lib/python3.8/site-packages/nav_2d_msgs/msg/_pose2_d_stamped.py
[11.418s] -- Installing: /home/jucy/ydlidar_ws_11_29/ydlidar_ws/install/nav_2d_msgs/lib/python3.8/site-packages/nav_2d_msgs/msg/_pose2_d_stamped_s.c
[11.419s] -- Installing: /home/jucy/ydlidar_ws_11_29/ydlidar_ws/install/nav_2d_msgs/lib/python3.8/site-packages/nav_2d_msgs/msg/_path2_d.py
[11.419s] -- Installing: /home/jucy/ydlidar_ws_11_29/ydlidar_ws/install/nav_2d_msgs/lib/python3.8/site-packages/nav_2d_msgs/msg/__init__.py
[11.419s] -- Installing: /home/jucy/ydlidar_ws_11_29/ydlidar_ws/install/nav_2d_msgs/lib/python3.8/site-packages/nav_2d_msgs/msg/_twist2_d_stamped_s.c
[11.419s] -- Installing: /home/jucy/ydlidar_ws_11_29/ydlidar_ws/install/nav_2d_msgs/lib/python3.8/site-packages/nav_2d_msgs/msg/_pose2_d32.py
[11.419s] -- Installing: /home/jucy/ydlidar_ws_11_29/ydlidar_ws/install/nav_2d_msgs/lib/python3.8/site-packages/nav_2d_msgs/nav_2d_msgs_s__rosidl_typesupport_fastrtps_c.cpython-38-x86_64-linux-gnu.so
[11.420s] -- Set runtime path of "/home/jucy/ydlidar_ws_11_29/ydlidar_ws/install/nav_2d_msgs/lib/python3.8/site-packages/nav_2d_msgs/nav_2d_msgs_s__rosidl_typesupport_fastrtps_c.cpython-38-x86_64-linux-gnu.so" to ""
[11.420s] -- Installing: /home/jucy/ydlidar_ws_11_29/ydlidar_ws/install/nav_2d_msgs/lib/python3.8/site-packages/nav_2d_msgs/nav_2d_msgs_s__rosidl_typesupport_introspection_c.cpython-38-x86_64-linux-gnu.so
[11.421s] -- Set runtime path of "/home/jucy/ydlidar_ws_11_29/ydlidar_ws/install/nav_2d_msgs/lib/python3.8/site-packages/nav_2d_msgs/nav_2d_msgs_s__rosidl_typesupport_introspection_c.cpython-38-x86_64-linux-gnu.so" to ""
[11.422s] -- Installing: /home/jucy/ydlidar_ws_11_29/ydlidar_ws/install/nav_2d_msgs/lib/python3.8/site-packages/nav_2d_msgs/nav_2d_msgs_s__rosidl_typesupport_c.cpython-38-x86_64-linux-gnu.so
[11.423s] -- Set runtime path of "/home/jucy/ydlidar_ws_11_29/ydlidar_ws/install/nav_2d_msgs/lib/python3.8/site-packages/nav_2d_msgs/nav_2d_msgs_s__rosidl_typesupport_c.cpython-38-x86_64-linux-gnu.so" to ""
[11.423s] -- Installing: /home/jucy/ydlidar_ws_11_29/ydlidar_ws/install/nav_2d_msgs/lib/libnav_2d_msgs__python.so
[11.423s] -- Set runtime path of "/home/jucy/ydlidar_ws_11_29/ydlidar_ws/install/nav_2d_msgs/lib/libnav_2d_msgs__python.so" to ""
[11.424s] -- Installing: /home/jucy/ydlidar_ws_11_29/ydlidar_ws/install/nav_2d_msgs/share/nav_2d_msgs/msg/Path2D.idl
[11.424s] -- Installing: /home/jucy/ydlidar_ws_11_29/ydlidar_ws/install/nav_2d_msgs/share/nav_2d_msgs/msg/Pose2D32.idl
[11.424s] -- Installing: /home/jucy/ydlidar_ws_11_29/ydlidar_ws/install/nav_2d_msgs/share/nav_2d_msgs/msg/Pose2DStamped.idl
[11.424s] -- Installing: /home/jucy/ydlidar_ws_11_29/ydlidar_ws/install/nav_2d_msgs/share/nav_2d_msgs/msg/Twist2D.idl
[11.425s] -- Installing: /home/jucy/ydlidar_ws_11_29/ydlidar_ws/install/nav_2d_msgs/share/nav_2d_msgs/msg/Twist2D32.idl
[11.425s] -- Installing: /home/jucy/ydlidar_ws_11_29/ydlidar_ws/install/nav_2d_msgs/share/nav_2d_msgs/msg/Twist2DStamped.idl
[11.425s] -- Installing: /home/jucy/ydlidar_ws_11_29/ydlidar_ws/install/nav_2d_msgs/share/nav_2d_msgs/msg/Path2D.msg
[11.425s] -- Installing: /home/jucy/ydlidar_ws_11_29/ydlidar_ws/install/nav_2d_msgs/share/nav_2d_msgs/msg/Pose2D32.msg
[11.426s] -- Installing: /home/jucy/ydlidar_ws_11_29/ydlidar_ws/install/nav_2d_msgs/share/nav_2d_msgs/msg/Pose2DStamped.msg
[11.426s] -- Installing: /home/jucy/ydlidar_ws_11_29/ydlidar_ws/install/nav_2d_msgs/share/nav_2d_msgs/msg/Twist2D.msg
[11.426s] -- Installing: /home/jucy/ydlidar_ws_11_29/ydlidar_ws/install/nav_2d_msgs/share/nav_2d_msgs/msg/Twist2D32.msg
[11.426s] -- Installing: /home/jucy/ydlidar_ws_11_29/ydlidar_ws/install/nav_2d_msgs/share/nav_2d_msgs/msg/Twist2DStamped.msg
[11.427s] -- Installing: /home/jucy/ydlidar_ws_11_29/ydlidar_ws/install/nav_2d_msgs/share/ament_index/resource_index/package_run_dependencies/nav_2d_msgs
[11.427s] -- Installing: /home/jucy/ydlidar_ws_11_29/ydlidar_ws/install/nav_2d_msgs/share/ament_index/resource_index/parent_prefix_path/nav_2d_msgs
[11.427s] -- Installing: /home/jucy/ydlidar_ws_11_29/ydlidar_ws/install/nav_2d_msgs/share/nav_2d_msgs/environment/ament_prefix_path.sh
[11.427s] -- Installing: /home/jucy/ydlidar_ws_11_29/ydlidar_ws/install/nav_2d_msgs/share/nav_2d_msgs/environment/ament_prefix_path.dsv
[11.428s] -- Installing: /home/jucy/ydlidar_ws_11_29/ydlidar_ws/install/nav_2d_msgs/share/nav_2d_msgs/environment/path.sh
[11.428s] -- Installing: /home/jucy/ydlidar_ws_11_29/ydlidar_ws/install/nav_2d_msgs/share/nav_2d_msgs/environment/path.dsv
[11.428s] -- Installing: /home/jucy/ydlidar_ws_11_29/ydlidar_ws/install/nav_2d_msgs/share/nav_2d_msgs/local_setup.bash
[11.428s] -- Installing: /home/jucy/ydlidar_ws_11_29/ydlidar_ws/install/nav_2d_msgs/share/nav_2d_msgs/local_setup.sh
[11.429s] -- Installing: /home/jucy/ydlidar_ws_11_29/ydlidar_ws/install/nav_2d_msgs/share/nav_2d_msgs/local_setup.zsh
[11.429s] -- Installing: /home/jucy/ydlidar_ws_11_29/ydlidar_ws/install/nav_2d_msgs/share/nav_2d_msgs/local_setup.dsv
[11.429s] -- Installing: /home/jucy/ydlidar_ws_11_29/ydlidar_ws/install/nav_2d_msgs/share/nav_2d_msgs/package.dsv
[11.429s] -- Installing: /home/jucy/ydlidar_ws_11_29/ydlidar_ws/install/nav_2d_msgs/share/ament_index/resource_index/packages/nav_2d_msgs
[11.430s] -- Installing: /home/jucy/ydlidar_ws_11_29/ydlidar_ws/install/nav_2d_msgs/share/nav_2d_msgs/cmake/nav_2d_msgs__rosidl_generator_cExport.cmake
[11.430s] -- Installing: /home/jucy/ydlidar_ws_11_29/ydlidar_ws/install/nav_2d_msgs/share/nav_2d_msgs/cmake/nav_2d_msgs__rosidl_generator_cExport-noconfig.cmake
[11.430s] -- Installing: /home/jucy/ydlidar_ws_11_29/ydlidar_ws/install/nav_2d_msgs/share/nav_2d_msgs/cmake/nav_2d_msgs__rosidl_typesupport_introspection_cExport.cmake
[11.431s] -- Installing: /home/jucy/ydlidar_ws_11_29/ydlidar_ws/install/nav_2d_msgs/share/nav_2d_msgs/cmake/nav_2d_msgs__rosidl_typesupport_introspection_cExport-noconfig.cmake
[11.431s] -- Installing: /home/jucy/ydlidar_ws_11_29/ydlidar_ws/install/nav_2d_msgs/share/nav_2d_msgs/cmake/nav_2d_msgs__rosidl_typesupport_cExport.cmake
[11.431s] -- Installing: /home/jucy/ydlidar_ws_11_29/ydlidar_ws/install/nav_2d_msgs/share/nav_2d_msgs/cmake/nav_2d_msgs__rosidl_typesupport_cExport-noconfig.cmake
[11.431s] -- Installing: /home/jucy/ydlidar_ws_11_29/ydlidar_ws/install/nav_2d_msgs/share/nav_2d_msgs/cmake/nav_2d_msgs__rosidl_generator_cppExport.cmake
[11.432s] -- Installing: /home/jucy/ydlidar_ws_11_29/ydlidar_ws/install/nav_2d_msgs/share/nav_2d_msgs/cmake/nav_2d_msgs__rosidl_typesupport_introspection_cppExport.cmake
[11.432s] -- Installing: /home/jucy/ydlidar_ws_11_29/ydlidar_ws/install/nav_2d_msgs/share/nav_2d_msgs/cmake/nav_2d_msgs__rosidl_typesupport_introspection_cppExport-noconfig.cmake
[11.432s] -- Installing: /home/jucy/ydlidar_ws_11_29/ydlidar_ws/install/nav_2d_msgs/share/nav_2d_msgs/cmake/nav_2d_msgs__rosidl_typesupport_cppExport.cmake
[11.433s] -- Installing: /home/jucy/ydlidar_ws_11_29/ydlidar_ws/install/nav_2d_msgs/share/nav_2d_msgs/cmake/nav_2d_msgs__rosidl_typesupport_cppExport-noconfig.cmake
[11.433s] -- Installing: /home/jucy/ydlidar_ws_11_29/ydlidar_ws/install/nav_2d_msgs/share/nav_2d_msgs/cmake/rosidl_cmake-extras.cmake
[11.433s] -- Installing: /home/jucy/ydlidar_ws_11_29/ydlidar_ws/install/nav_2d_msgs/share/nav_2d_msgs/cmake/ament_cmake_export_dependencies-extras.cmake
[11.433s] -- Installing: /home/jucy/ydlidar_ws_11_29/ydlidar_ws/install/nav_2d_msgs/share/nav_2d_msgs/cmake/ament_cmake_export_libraries-extras.cmake
[11.434s] -- Installing: /home/jucy/ydlidar_ws_11_29/ydlidar_ws/install/nav_2d_msgs/share/nav_2d_msgs/cmake/ament_cmake_export_targets-extras.cmake
[11.434s] -- Installing: /home/jucy/ydlidar_ws_11_29/ydlidar_ws/install/nav_2d_msgs/share/nav_2d_msgs/cmake/ament_cmake_export_include_directories-extras.cmake
[11.434s] -- Installing: /home/jucy/ydlidar_ws_11_29/ydlidar_ws/install/nav_2d_msgs/share/nav_2d_msgs/cmake/rosidl_cmake_export_typesupport_libraries-extras.cmake
[11.434s] -- Installing: /home/jucy/ydlidar_ws_11_29/ydlidar_ws/install/nav_2d_msgs/share/nav_2d_msgs/cmake/rosidl_cmake_export_typesupport_targets-extras.cmake
[11.434s] -- Installing: /home/jucy/ydlidar_ws_11_29/ydlidar_ws/install/nav_2d_msgs/share/nav_2d_msgs/cmake/nav_2d_msgsConfig.cmake
[11.435s] -- Installing: /home/jucy/ydlidar_ws_11_29/ydlidar_ws/install/nav_2d_msgs/share/nav_2d_msgs/cmake/nav_2d_msgsConfig-version.cmake
[11.435s] -- Installing: /home/jucy/ydlidar_ws_11_29/ydlidar_ws/install/nav_2d_msgs/share/nav_2d_msgs/package.xml
[11.439s] Invoked command in '/home/jucy/ydlidar_ws_11_29/ydlidar_ws/build/nav_2d_msgs' returned '0': CMAKE_PREFIX_PATH=${CMAKE_PREFIX_PATH}:/home/jucy/ydlidar_ws_11_29/install/nav2_gazebo_spawner:/home/jucy/ydlidar_ws_11_29/install/jdamr200_node:/home/jucy/turtlebot3_ws/install/turtlebot3_teleop:/home/jucy/turtlebot3_ws/install/turtlebot3_example:/home/jucy/turtlebot3_ws/install/nav2_goal_pulisher_test:/home/jucy/turtlebot3_ws/install/nav2_goal_publisher:/home/jucy/ros2_ws/install/camera_udp_communication:/home/jucy/ros2_ws/install/agv_control_py:/home/jucy/ydlidar_ros2_ws/install/jdamr200_teleop:/home/jucy/ydlidar_ros2_ws/install/jdamr200_node /usr/bin/cmake --install /home/jucy/ydlidar_ws_11_29/ydlidar_ws/build/nav_2d_msgs
