[1.124s] Invoking command in '/home/jucy/ydlidar_ws_11_29/ydlidar_ws/src/navigation2/nav2_bringup/nav2_gazebo_spawner': PYTHONPATH=/home/jucy/ydlidar_ws_11_29/build/nav2_gazebo_spawner/prefix_override:/usr/lib/python3/dist-packages/colcon_core/task/python/colcon_distutils_commands:/home/jucy/ydlidar_ws_11_29/install/nav2_gazebo_spawner/lib/python3.8/site-packages:${PYTHONPATH} /usr/bin/python3 -W ignore:setup.py install is deprecated -W ignore:easy_install command is deprecated setup.py egg_info --egg-base ../../../../../build/nav2_gazebo_spawner build --build-base /home/jucy/ydlidar_ws_11_29/build/nav2_gazebo_spawner/build install --record /home/jucy/ydlidar_ws_11_29/build/nav2_gazebo_spawner/install.log --install-scripts $base/lib/nav2_gazebo_spawner --single-version-externally-managed install_data
[1.388s] running egg_info
[1.389s] writing ../../../../../build/nav2_gazebo_spawner/nav2_gazebo_spawner.egg-info/PKG-INFO
[1.389s] writing dependency_links to ../../../../../build/nav2_gazebo_spawner/nav2_gazebo_spawner.egg-info/dependency_links.txt
[1.389s] writing entry points to ../../../../../build/nav2_gazebo_spawner/nav2_gazebo_spawner.egg-info/entry_points.txt
[1.389s] writing requirements to ../../../../../build/nav2_gazebo_spawner/nav2_gazebo_spawner.egg-info/requires.txt
[1.389s] writing top-level names to ../../../../../build/nav2_gazebo_spawner/nav2_gazebo_spawner.egg-info/top_level.txt
[1.428s] reading manifest file '../../../../../build/nav2_gazebo_spawner/nav2_gazebo_spawner.egg-info/SOURCES.txt'
[1.430s] writing manifest file '../../../../../build/nav2_gazebo_spawner/nav2_gazebo_spawner.egg-info/SOURCES.txt'
[1.431s] running build
[1.431s] running build_py
[1.432s] running install
[1.434s] running install_lib
[1.438s] running install_data
[1.438s] running install_egg_info
[1.442s] removing '/home/jucy/ydlidar_ws_11_29/install/nav2_gazebo_spawner/lib/python3.8/site-packages/nav2_gazebo_spawner-0.3.0-py3.8.egg-info' (and everything under it)
[1.442s] Copying ../../../../../build/nav2_gazebo_spawner/nav2_gazebo_spawner.egg-info to /home/jucy/ydlidar_ws_11_29/install/nav2_gazebo_spawner/lib/python3.8/site-packages/nav2_gazebo_spawner-0.3.0-py3.8.egg-info
[1.444s] running install_scripts
[1.481s] Installing nav2_gazebo_spawner script to /home/jucy/ydlidar_ws_11_29/install/nav2_gazebo_spawner/lib/nav2_gazebo_spawner
[1.481s] writing list of installed files to '/home/jucy/ydlidar_ws_11_29/build/nav2_gazebo_spawner/install.log'
[1.510s] Invoked command in '/home/jucy/ydlidar_ws_11_29/ydlidar_ws/src/navigation2/nav2_bringup/nav2_gazebo_spawner' returned '0': PYTHONPATH=/home/jucy/ydlidar_ws_11_29/build/nav2_gazebo_spawner/prefix_override:/usr/lib/python3/dist-packages/colcon_core/task/python/colcon_distutils_commands:/home/jucy/ydlidar_ws_11_29/install/nav2_gazebo_spawner/lib/python3.8/site-packages:${PYTHONPATH} /usr/bin/python3 -W ignore:setup.py install is deprecated -W ignore:easy_install command is deprecated setup.py egg_info --egg-base ../../../../../build/nav2_gazebo_spawner build --build-base /home/jucy/ydlidar_ws_11_29/build/nav2_gazebo_spawner/build install --record /home/jucy/ydlidar_ws_11_29/build/nav2_gazebo_spawner/install.log --install-scripts $base/lib/nav2_gazebo_spawner --single-version-externally-managed install_data
