[5.520s] DEBUG:colcon:Command line arguments: ['/usr/bin/colcon', 'build', '--packages-select', 'ydlidar_ros2_driver']
[5.520s] DEBUG:colcon:Parsed command line arguments: Namespace(allow_overriding=[], ament_cmake_args=None, base_paths=['.'], build_base='build', catkin_cmake_args=None, catkin_skip_building_tests=False, cmake_args=None, cmake_clean_cache=False, cmake_clean_first=False, cmake_force_configure=False, cmake_target=None, cmake_target_skip_unavailable=False, continue_on_error=False, event_handlers=None, executor='parallel', ignore_user_meta=False, install_base='install', log_base=None, log_level=None, main=<bound method BuildVerb.main of <colcon_core.verb.build.BuildVerb object at 0x7fc3cfdba430>>, merge_install=False, metas=['./colcon.meta'], packages_above=None, packages_above_and_dependencies=None, packages_above_depth=None, packages_end=None, packages_ignore=None, packages_ignore_regex=None, packages_select=['ydlidar_ros2_driver'], packages_select_build_failed=False, packages_select_by_dep=None, packages_select_regex=None, packages_select_test_failures=False, packages_skip=None, packages_skip_build_finished=False, packages_skip_by_dep=None, packages_skip_regex=None, packages_skip_test_passed=False, packages_skip_up_to=None, packages_start=None, packages_up_to=None, packages_up_to_regex=None, parallel_workers=12, paths=None, symlink_install=False, test_result_base=None, verb_extension=<colcon_core.verb.build.BuildVerb object at 0x7fc3cfdba430>, verb_name='build', verb_parser=<colcon_defaults.argument_parser.defaults.DefaultArgumentsDecorator object at 0x7fc3cfdba910>)
[6.355s] Level 1:colcon.colcon_core.package_discovery:discover_packages(colcon_meta) check parameters
[6.355s] Level 1:colcon.colcon_core.package_discovery:discover_packages(recursive) check parameters
[6.356s] Level 1:colcon.colcon_core.package_discovery:discover_packages(ignore) check parameters
[6.356s] Level 1:colcon.colcon_core.package_discovery:discover_packages(path) check parameters
[6.356s] Level 1:colcon.colcon_core.package_discovery:discover_packages(colcon_meta) discover
[6.356s] Level 1:colcon.colcon_core.package_discovery:discover_packages(recursive) discover
[6.356s] INFO:colcon.colcon_core.package_discovery:Crawling recursively for packages in '/home/jucy/ydlidar_ws_11_29/ydlidar_ws'
[6.357s] Level 1:colcon.colcon_core.package_identification:_identify(.) by extensions ['ignore', 'ignore_ament_install']
[6.357s] Level 1:colcon.colcon_core.package_identification:_identify(.) by extension 'ignore'
[6.357s] Level 1:colcon.colcon_core.package_identification:_identify(.) by extension 'ignore_ament_install'
[6.358s] Level 1:colcon.colcon_core.package_identification:_identify(.) by extensions ['colcon_pkg']
[6.358s] Level 1:colcon.colcon_core.package_identification:_identify(.) by extension 'colcon_pkg'
[6.358s] Level 1:colcon.colcon_core.package_identification:_identify(.) by extensions ['colcon_meta']
[6.358s] Level 1:colcon.colcon_core.package_identification:_identify(.) by extension 'colcon_meta'
[6.358s] Level 1:colcon.colcon_core.package_identification:_identify(.) by extensions ['ros']
[6.359s] Level 1:colcon.colcon_core.package_identification:_identify(.) by extension 'ros'
[6.549s] Level 1:colcon.colcon_core.package_identification:_identify(.) by extensions ['cmake', 'python']
[6.549s] Level 1:colcon.colcon_core.package_identification:_identify(.) by extension 'cmake'
[6.549s] Level 1:colcon.colcon_core.package_identification:_identify(.) by extension 'python'
[6.550s] Level 1:colcon.colcon_core.package_identification:_identify(.) by extensions ['python_setup_py']
[6.550s] Level 1:colcon.colcon_core.package_identification:_identify(.) by extension 'python_setup_py'
[6.550s] Level 1:colcon.colcon_core.package_identification:_identify(build) by extensions ['ignore', 'ignore_ament_install']
[6.551s] Level 1:colcon.colcon_core.package_identification:_identify(build) by extension 'ignore'
[6.551s] Level 1:colcon.colcon_core.package_identification:_identify(build) ignored
[6.551s] Level 1:colcon.colcon_core.package_identification:_identify(install) by extensions ['ignore', 'ignore_ament_install']
[6.551s] Level 1:colcon.colcon_core.package_identification:_identify(install) by extension 'ignore'
[6.552s] Level 1:colcon.colcon_core.package_identification:_identify(install) ignored
[6.552s] Level 1:colcon.colcon_core.package_identification:_identify(log) by extensions ['ignore', 'ignore_ament_install']
[6.552s] Level 1:colcon.colcon_core.package_identification:_identify(log) by extension 'ignore'
[6.552s] Level 1:colcon.colcon_core.package_identification:_identify(log) ignored
[6.553s] Level 1:colcon.colcon_core.package_identification:_identify(src) by extensions ['ignore', 'ignore_ament_install']
[6.553s] Level 1:colcon.colcon_core.package_identification:_identify(src) by extension 'ignore'
[6.553s] Level 1:colcon.colcon_core.package_identification:_identify(src) by extension 'ignore_ament_install'
[6.553s] Level 1:colcon.colcon_core.package_identification:_identify(src) by extensions ['colcon_pkg']
[6.553s] Level 1:colcon.colcon_core.package_identification:_identify(src) by extension 'colcon_pkg'
[6.554s] Level 1:colcon.colcon_core.package_identification:_identify(src) by extensions ['colcon_meta']
[6.554s] Level 1:colcon.colcon_core.package_identification:_identify(src) by extension 'colcon_meta'
[6.554s] Level 1:colcon.colcon_core.package_identification:_identify(src) by extensions ['ros']
[6.554s] Level 1:colcon.colcon_core.package_identification:_identify(src) by extension 'ros'
[6.554s] Level 1:colcon.colcon_core.package_identification:_identify(src) by extensions ['cmake', 'python']
[6.554s] Level 1:colcon.colcon_core.package_identification:_identify(src) by extension 'cmake'
[6.554s] Level 1:colcon.colcon_core.package_identification:_identify(src) by extension 'python'
[6.555s] Level 1:colcon.colcon_core.package_identification:_identify(src) by extensions ['python_setup_py']
[6.555s] Level 1:colcon.colcon_core.package_identification:_identify(src) by extension 'python_setup_py'
[6.556s] Level 1:colcon.colcon_core.package_identification:_identify(src/jdamr200_node) by extensions ['ignore', 'ignore_ament_install']
[6.556s] Level 1:colcon.colcon_core.package_identification:_identify(src/jdamr200_node) by extension 'ignore'
[6.556s] Level 1:colcon.colcon_core.package_identification:_identify(src/jdamr200_node) by extension 'ignore_ament_install'
[6.556s] Level 1:colcon.colcon_core.package_identification:_identify(src/jdamr200_node) by extensions ['colcon_pkg']
[6.556s] Level 1:colcon.colcon_core.package_identification:_identify(src/jdamr200_node) by extension 'colcon_pkg'
[6.556s] Level 1:colcon.colcon_core.package_identification:_identify(src/jdamr200_node) by extensions ['colcon_meta']
[6.556s] Level 1:colcon.colcon_core.package_identification:_identify(src/jdamr200_node) by extension 'colcon_meta'
[6.557s] Level 1:colcon.colcon_core.package_identification:_identify(src/jdamr200_node) by extensions ['ros']
[6.557s] Level 1:colcon.colcon_core.package_identification:_identify(src/jdamr200_node) by extension 'ros'
[6.603s] DEBUG:colcon.colcon_core.package_identification:Package 'src/jdamr200_node' with type 'ros.ament_python' and name 'jdamr200_node'
[6.604s] Level 1:colcon.colcon_core.package_identification:_identify(src/myagv_bringup) by extensions ['ignore', 'ignore_ament_install']
[6.604s] Level 1:colcon.colcon_core.package_identification:_identify(src/myagv_bringup) by extension 'ignore'
[6.605s] Level 1:colcon.colcon_core.package_identification:_identify(src/myagv_bringup) by extension 'ignore_ament_install'
[6.605s] Level 1:colcon.colcon_core.package_identification:_identify(src/myagv_bringup) by extensions ['colcon_pkg']
[6.605s] Level 1:colcon.colcon_core.package_identification:_identify(src/myagv_bringup) by extension 'colcon_pkg'
[6.605s] Level 1:colcon.colcon_core.package_identification:_identify(src/myagv_bringup) by extensions ['colcon_meta']
[6.605s] Level 1:colcon.colcon_core.package_identification:_identify(src/myagv_bringup) by extension 'colcon_meta'
[6.606s] Level 1:colcon.colcon_core.package_identification:_identify(src/myagv_bringup) by extensions ['ros']
[6.606s] Level 1:colcon.colcon_core.package_identification:_identify(src/myagv_bringup) by extension 'ros'
[6.618s] DEBUG:colcon.colcon_core.package_identification:Package 'src/myagv_bringup' with type 'ros.ament_cmake' and name 'myagv_bringup'
[6.632s] Level 1:colcon.colcon_core.package_identification:_identify(src/myagv_description) by extensions ['ignore', 'ignore_ament_install']
[6.632s] Level 1:colcon.colcon_core.package_identification:_identify(src/myagv_description) by extension 'ignore'
[6.633s] Level 1:colcon.colcon_core.package_identification:_identify(src/myagv_description) by extension 'ignore_ament_install'
[6.633s] Level 1:colcon.colcon_core.package_identification:_identify(src/myagv_description) by extensions ['colcon_pkg']
[6.633s] Level 1:colcon.colcon_core.package_identification:_identify(src/myagv_description) by extension 'colcon_pkg'
[6.633s] Level 1:colcon.colcon_core.package_identification:_identify(src/myagv_description) by extensions ['colcon_meta']
[6.633s] Level 1:colcon.colcon_core.package_identification:_identify(src/myagv_description) by extension 'colcon_meta'
[6.634s] Level 1:colcon.colcon_core.package_identification:_identify(src/myagv_description) by extensions ['ros']
[6.634s] Level 1:colcon.colcon_core.package_identification:_identify(src/myagv_description) by extension 'ros'
[6.643s] DEBUG:colcon.colcon_core.package_identification:Package 'src/myagv_description' with type 'ros.ament_cmake' and name 'myagv_description'
[6.653s] Level 1:colcon.colcon_core.package_identification:_identify(src/myagv_navigation2) by extensions ['ignore', 'ignore_ament_install']
[6.653s] Level 1:colcon.colcon_core.package_identification:_identify(src/myagv_navigation2) by extension 'ignore'
[6.653s] Level 1:colcon.colcon_core.package_identification:_identify(src/myagv_navigation2) by extension 'ignore_ament_install'
[6.654s] Level 1:colcon.colcon_core.package_identification:_identify(src/myagv_navigation2) by extensions ['colcon_pkg']
[6.654s] Level 1:colcon.colcon_core.package_identification:_identify(src/myagv_navigation2) by extension 'colcon_pkg'
[6.654s] Level 1:colcon.colcon_core.package_identification:_identify(src/myagv_navigation2) by extensions ['colcon_meta']
[6.654s] Level 1:colcon.colcon_core.package_identification:_identify(src/myagv_navigation2) by extension 'colcon_meta'
[6.655s] Level 1:colcon.colcon_core.package_identification:_identify(src/myagv_navigation2) by extensions ['ros']
[6.655s] Level 1:colcon.colcon_core.package_identification:_identify(src/myagv_navigation2) by extension 'ros'
[6.658s] DEBUG:colcon.colcon_core.package_identification:Package 'src/myagv_navigation2' with type 'ros.ament_cmake' and name 'myagv_navigation2'
[6.658s] Level 1:colcon.colcon_core.package_identification:_identify(src/ydlidar_ros2_driver) by extensions ['ignore', 'ignore_ament_install']
[6.659s] Level 1:colcon.colcon_core.package_identification:_identify(src/ydlidar_ros2_driver) by extension 'ignore'
[6.659s] Level 1:colcon.colcon_core.package_identification:_identify(src/ydlidar_ros2_driver) by extension 'ignore_ament_install'
[6.660s] Level 1:colcon.colcon_core.package_identification:_identify(src/ydlidar_ros2_driver) by extensions ['colcon_pkg']
[6.660s] Level 1:colcon.colcon_core.package_identification:_identify(src/ydlidar_ros2_driver) by extension 'colcon_pkg'
[6.660s] Level 1:colcon.colcon_core.package_identification:_identify(src/ydlidar_ros2_driver) by extensions ['colcon_meta']
[6.660s] Level 1:colcon.colcon_core.package_identification:_identify(src/ydlidar_ros2_driver) by extension 'colcon_meta'
[6.660s] Level 1:colcon.colcon_core.package_identification:_identify(src/ydlidar_ros2_driver) by extensions ['ros']
[6.661s] Level 1:colcon.colcon_core.package_identification:_identify(src/ydlidar_ros2_driver) by extension 'ros'
[6.675s] DEBUG:colcon.colcon_core.package_identification:Package 'src/ydlidar_ros2_driver' with type 'ros.ament_cmake' and name 'ydlidar_ros2_driver'
[6.676s] Level 1:colcon.colcon_core.package_discovery:discover_packages(recursive) using defaults
[6.676s] Level 1:colcon.colcon_core.package_discovery:discover_packages(ignore) discover
[6.676s] Level 1:colcon.colcon_core.package_discovery:discover_packages(ignore) using defaults
[6.676s] Level 1:colcon.colcon_core.package_discovery:discover_packages(path) discover
[6.676s] Level 1:colcon.colcon_core.package_discovery:discover_packages(path) using defaults
[6.888s] INFO:colcon.colcon_core.package_selection:Skipping not selected package 'jdamr200_node' in 'src/jdamr200_node'
[6.889s] INFO:colcon.colcon_core.package_selection:Skipping not selected package 'myagv_description' in 'src/myagv_description'
[6.889s] INFO:colcon.colcon_core.package_selection:Skipping not selected package 'myagv_navigation2' in 'src/myagv_navigation2'
[6.889s] INFO:colcon.colcon_core.package_selection:Skipping not selected package 'myagv_bringup' in 'src/myagv_bringup'
[6.890s] Level 1:colcon.colcon_core.package_discovery:discover_packages(prefix_path) check parameters
[6.890s] Level 1:colcon.colcon_core.package_discovery:discover_packages(prefix_path) discover
[7.050s] DEBUG:colcon.colcon_installed_package_information.package_discovery:Found 36 installed packages in /home/jucy/ydlidar_ws_11_29/ydlidar_ws/install
[7.056s] DEBUG:colcon.colcon_installed_package_information.package_discovery:Found 36 installed packages in /home/jucy/ydlidar_ws_11_29/install
[7.066s] DEBUG:colcon.colcon_installed_package_information.package_discovery:Found 2 installed packages in /home/jucy/new_ws/install
[7.068s] DEBUG:colcon.colcon_installed_package_information.package_discovery:Found 17 installed packages in /home/jucy/turtlebot3_ws/install
[7.072s] DEBUG:colcon.colcon_installed_package_information.package_discovery:Found 35 installed packages in /home/jucy/ros2_ws/install
[7.080s] DEBUG:colcon.colcon_installed_package_information.package_discovery:Found 7 installed packages in /home/jucy/ydlidar_ros2_ws/install
[7.081s] DEBUG:colcon.colcon_installed_package_information.package_discovery:Found 1 installed packages in /home/jucy/ydlidar_ros2_wss/install
[7.083s] DEBUG:colcon.colcon_installed_package_information.package_discovery:Found 335 installed packages in /opt/ros/foxy
[7.097s] Level 1:colcon.colcon_core.package_discovery:discover_packages(prefix_path) using defaults
[10.887s] Level 5:colcon.colcon_core.verb:set package 'ydlidar_ros2_driver' build argument 'cmake_args' from command line to 'None'
[10.887s] Level 5:colcon.colcon_core.verb:set package 'ydlidar_ros2_driver' build argument 'cmake_target' from command line to 'None'
[10.887s] Level 5:colcon.colcon_core.verb:set package 'ydlidar_ros2_driver' build argument 'cmake_target_skip_unavailable' from command line to 'False'
[10.888s] Level 5:colcon.colcon_core.verb:set package 'ydlidar_ros2_driver' build argument 'cmake_clean_cache' from command line to 'False'
[10.888s] Level 5:colcon.colcon_core.verb:set package 'ydlidar_ros2_driver' build argument 'cmake_clean_first' from command line to 'False'
[10.888s] Level 5:colcon.colcon_core.verb:set package 'ydlidar_ros2_driver' build argument 'cmake_force_configure' from command line to 'False'
[10.888s] Level 5:colcon.colcon_core.verb:set package 'ydlidar_ros2_driver' build argument 'ament_cmake_args' from command line to 'None'
[10.888s] Level 5:colcon.colcon_core.verb:set package 'ydlidar_ros2_driver' build argument 'catkin_cmake_args' from command line to 'None'
[10.888s] Level 5:colcon.colcon_core.verb:set package 'ydlidar_ros2_driver' build argument 'catkin_skip_building_tests' from command line to 'False'
[10.888s] DEBUG:colcon.colcon_core.verb:Building package 'ydlidar_ros2_driver' with the following arguments: {'ament_cmake_args': None, 'build_base': '/home/jucy/ydlidar_ws_11_29/ydlidar_ws/build/ydlidar_ros2_driver', 'catkin_cmake_args': None, 'catkin_skip_building_tests': False, 'cmake_args': None, 'cmake_clean_cache': False, 'cmake_clean_first': False, 'cmake_force_configure': False, 'cmake_target': None, 'cmake_target_skip_unavailable': False, 'install_base': '/home/jucy/ydlidar_ws_11_29/ydlidar_ws/install/ydlidar_ros2_driver', 'merge_install': False, 'path': '/home/jucy/ydlidar_ws_11_29/ydlidar_ws/src/ydlidar_ros2_driver', 'symlink_install': False, 'test_result_base': None}
[10.888s] INFO:colcon.colcon_core.executor:Executing jobs using 'parallel' executor
[10.889s] DEBUG:colcon.colcon_parallel_executor.executor.parallel:run_until_complete
[10.889s] INFO:colcon.colcon_ros.task.ament_cmake.build:Building ROS package in '/home/jucy/ydlidar_ws_11_29/ydlidar_ws/src/ydlidar_ros2_driver' with build type 'ament_cmake'
[10.890s] INFO:colcon.colcon_cmake.task.cmake.build:Building CMake package in '/home/jucy/ydlidar_ws_11_29/ydlidar_ws/src/ydlidar_ros2_driver'
[10.967s] INFO:colcon.colcon_core.plugin_system:Skipping extension 'colcon_core.shell.bat': Not used on non-Windows systems
[10.968s] INFO:colcon.colcon_core.shell:Skip shell extension 'powershell' for command environment: Not usable outside of PowerShell
[10.968s] DEBUG:colcon.colcon_core.shell:Skip shell extension 'dsv' for command environment
[11.072s] DEBUG:colcon.colcon_core.event_handler.log_command:Invoking command in '/home/jucy/ydlidar_ws_11_29/ydlidar_ws/build/ydlidar_ros2_driver': CMAKE_PREFIX_PATH=${CMAKE_PREFIX_PATH}:/home/jucy/ydlidar_ws_11_29/install/nav2_gazebo_spawner:/home/jucy/ydlidar_ws_11_29/install/jdamr200_node:/home/jucy/ydlidar_ws_11_29/ydlidar_ws/install/nav2_gazebo_spawner:/home/jucy/ydlidar_ws_11_29/ydlidar_ws/install/jdamr200_node:/home/jucy/turtlebot3_ws/install/turtlebot3_teleop:/home/jucy/turtlebot3_ws/install/turtlebot3_example:/home/jucy/turtlebot3_ws/install/nav2_goal_pulisher_test:/home/jucy/turtlebot3_ws/install/nav2_goal_publisher:/home/jucy/ros2_ws/install/nav2_simple_commander:/home/jucy/ros2_ws/install/nav2_gazebo_spawner:/home/jucy/ros2_ws/install/camera_udp_communication:/home/jucy/ros2_ws/install/agv_control_py:/home/jucy/ydlidar_ros2_ws/install/jdamr200_teleop:/home/jucy/ydlidar_ros2_ws/install/jdamr200_node /usr/bin/cmake --build /home/jucy/ydlidar_ws_11_29/ydlidar_ws/build/ydlidar_ros2_driver -- -j12 -l12
[12.450s] DEBUG:colcon.colcon_core.event_handler.log_command:Invoked command in '/home/jucy/ydlidar_ws_11_29/ydlidar_ws/build/ydlidar_ros2_driver' returned '0': CMAKE_PREFIX_PATH=${CMAKE_PREFIX_PATH}:/home/jucy/ydlidar_ws_11_29/install/nav2_gazebo_spawner:/home/jucy/ydlidar_ws_11_29/install/jdamr200_node:/home/jucy/ydlidar_ws_11_29/ydlidar_ws/install/nav2_gazebo_spawner:/home/jucy/ydlidar_ws_11_29/ydlidar_ws/install/jdamr200_node:/home/jucy/turtlebot3_ws/install/turtlebot3_teleop:/home/jucy/turtlebot3_ws/install/turtlebot3_example:/home/jucy/turtlebot3_ws/install/nav2_goal_pulisher_test:/home/jucy/turtlebot3_ws/install/nav2_goal_publisher:/home/jucy/ros2_ws/install/nav2_simple_commander:/home/jucy/ros2_ws/install/nav2_gazebo_spawner:/home/jucy/ros2_ws/install/camera_udp_communication:/home/jucy/ros2_ws/install/agv_control_py:/home/jucy/ydlidar_ros2_ws/install/jdamr200_teleop:/home/jucy/ydlidar_ros2_ws/install/jdamr200_node /usr/bin/cmake --build /home/jucy/ydlidar_ws_11_29/ydlidar_ws/build/ydlidar_ros2_driver -- -j12 -l12
[12.522s] DEBUG:colcon.colcon_core.event_handler.log_command:Invoking command in '/home/jucy/ydlidar_ws_11_29/ydlidar_ws/build/ydlidar_ros2_driver': CMAKE_PREFIX_PATH=${CMAKE_PREFIX_PATH}:/home/jucy/ydlidar_ws_11_29/install/nav2_gazebo_spawner:/home/jucy/ydlidar_ws_11_29/install/jdamr200_node:/home/jucy/ydlidar_ws_11_29/ydlidar_ws/install/nav2_gazebo_spawner:/home/jucy/ydlidar_ws_11_29/ydlidar_ws/install/jdamr200_node:/home/jucy/turtlebot3_ws/install/turtlebot3_teleop:/home/jucy/turtlebot3_ws/install/turtlebot3_example:/home/jucy/turtlebot3_ws/install/nav2_goal_pulisher_test:/home/jucy/turtlebot3_ws/install/nav2_goal_publisher:/home/jucy/ros2_ws/install/nav2_simple_commander:/home/jucy/ros2_ws/install/nav2_gazebo_spawner:/home/jucy/ros2_ws/install/camera_udp_communication:/home/jucy/ros2_ws/install/agv_control_py:/home/jucy/ydlidar_ros2_ws/install/jdamr200_teleop:/home/jucy/ydlidar_ros2_ws/install/jdamr200_node /usr/bin/cmake --install /home/jucy/ydlidar_ws_11_29/ydlidar_ws/build/ydlidar_ros2_driver
[12.633s] Level 1:colcon.colcon_core.environment:create_environment_scripts_only(ydlidar_ros2_driver)
[12.636s] DEBUG:colcon.colcon_core.event_handler.log_command:Invoked command in '/home/jucy/ydlidar_ws_11_29/ydlidar_ws/build/ydlidar_ros2_driver' returned '0': CMAKE_PREFIX_PATH=${CMAKE_PREFIX_PATH}:/home/jucy/ydlidar_ws_11_29/install/nav2_gazebo_spawner:/home/jucy/ydlidar_ws_11_29/install/jdamr200_node:/home/jucy/ydlidar_ws_11_29/ydlidar_ws/install/nav2_gazebo_spawner:/home/jucy/ydlidar_ws_11_29/ydlidar_ws/install/jdamr200_node:/home/jucy/turtlebot3_ws/install/turtlebot3_teleop:/home/jucy/turtlebot3_ws/install/turtlebot3_example:/home/jucy/turtlebot3_ws/install/nav2_goal_pulisher_test:/home/jucy/turtlebot3_ws/install/nav2_goal_publisher:/home/jucy/ros2_ws/install/nav2_simple_commander:/home/jucy/ros2_ws/install/nav2_gazebo_spawner:/home/jucy/ros2_ws/install/camera_udp_communication:/home/jucy/ros2_ws/install/agv_control_py:/home/jucy/ydlidar_ros2_ws/install/jdamr200_teleop:/home/jucy/ydlidar_ros2_ws/install/jdamr200_node /usr/bin/cmake --install /home/jucy/ydlidar_ws_11_29/ydlidar_ws/build/ydlidar_ros2_driver
[12.702s] Level 1:colcon.colcon_core.environment:checking '/home/jucy/ydlidar_ws_11_29/ydlidar_ws/install/ydlidar_ros2_driver' for CMake module files
[12.705s] Level 1:colcon.colcon_core.environment:checking '/home/jucy/ydlidar_ws_11_29/ydlidar_ws/install/ydlidar_ros2_driver' for CMake config files
[12.706s] Level 1:colcon.colcon_core.shell:create_environment_hook('ydlidar_ros2_driver', 'cmake_prefix_path')
[12.707s] INFO:colcon.colcon_core.shell:Creating environment hook '/home/jucy/ydlidar_ws_11_29/ydlidar_ws/install/ydlidar_ros2_driver/share/ydlidar_ros2_driver/hook/cmake_prefix_path.ps1'
[12.743s] INFO:colcon.colcon_core.shell:Creating environment descriptor '/home/jucy/ydlidar_ws_11_29/ydlidar_ws/install/ydlidar_ros2_driver/share/ydlidar_ros2_driver/hook/cmake_prefix_path.dsv'
[12.746s] INFO:colcon.colcon_core.shell:Creating environment hook '/home/jucy/ydlidar_ws_11_29/ydlidar_ws/install/ydlidar_ros2_driver/share/ydlidar_ros2_driver/hook/cmake_prefix_path.sh'
[12.750s] Level 1:colcon.colcon_core.environment:checking '/home/jucy/ydlidar_ws_11_29/ydlidar_ws/install/ydlidar_ros2_driver/lib'
[12.751s] Level 1:colcon.colcon_core.environment:checking '/home/jucy/ydlidar_ws_11_29/ydlidar_ws/install/ydlidar_ros2_driver/bin'
[12.752s] Level 1:colcon.colcon_core.environment:checking '/home/jucy/ydlidar_ws_11_29/ydlidar_ws/install/ydlidar_ros2_driver/lib/pkgconfig/ydlidar_ros2_driver.pc'
[12.753s] Level 1:colcon.colcon_core.environment:checking '/home/jucy/ydlidar_ws_11_29/ydlidar_ws/install/ydlidar_ros2_driver/lib/python3.8/site-packages'
[12.753s] Level 1:colcon.colcon_core.environment:checking '/home/jucy/ydlidar_ws_11_29/ydlidar_ws/install/ydlidar_ros2_driver/bin'
[12.755s] INFO:colcon.colcon_core.shell:Creating package script '/home/jucy/ydlidar_ws_11_29/ydlidar_ws/install/ydlidar_ros2_driver/share/ydlidar_ros2_driver/package.ps1'
[12.758s] INFO:colcon.colcon_core.shell:Creating package descriptor '/home/jucy/ydlidar_ws_11_29/ydlidar_ws/install/ydlidar_ros2_driver/share/ydlidar_ros2_driver/package.dsv'
[12.761s] INFO:colcon.colcon_core.shell:Creating package script '/home/jucy/ydlidar_ws_11_29/ydlidar_ws/install/ydlidar_ros2_driver/share/ydlidar_ros2_driver/package.sh'
[12.765s] INFO:colcon.colcon_core.shell:Creating package script '/home/jucy/ydlidar_ws_11_29/ydlidar_ws/install/ydlidar_ros2_driver/share/ydlidar_ros2_driver/package.bash'
[12.777s] INFO:colcon.colcon_core.shell:Creating package script '/home/jucy/ydlidar_ws_11_29/ydlidar_ws/install/ydlidar_ros2_driver/share/ydlidar_ros2_driver/package.zsh'
[12.810s] Level 1:colcon.colcon_core.environment:create_file_with_runtime_dependencies(/home/jucy/ydlidar_ws_11_29/ydlidar_ws/install/ydlidar_ros2_driver/share/colcon-core/packages/ydlidar_ros2_driver)
[12.813s] Level 1:colcon.colcon_core.environment:create_environment_scripts_only(ydlidar_ros2_driver)
[12.814s] Level 1:colcon.colcon_core.environment:checking '/home/jucy/ydlidar_ws_11_29/ydlidar_ws/install/ydlidar_ros2_driver' for CMake module files
[12.816s] Level 1:colcon.colcon_core.environment:checking '/home/jucy/ydlidar_ws_11_29/ydlidar_ws/install/ydlidar_ros2_driver' for CMake config files
[12.817s] Level 1:colcon.colcon_core.shell:create_environment_hook('ydlidar_ros2_driver', 'cmake_prefix_path')
[12.818s] INFO:colcon.colcon_core.shell:Creating environment hook '/home/jucy/ydlidar_ws_11_29/ydlidar_ws/install/ydlidar_ros2_driver/share/ydlidar_ros2_driver/hook/cmake_prefix_path.ps1'
[12.820s] INFO:colcon.colcon_core.shell:Creating environment descriptor '/home/jucy/ydlidar_ws_11_29/ydlidar_ws/install/ydlidar_ros2_driver/share/ydlidar_ros2_driver/hook/cmake_prefix_path.dsv'
[12.821s] INFO:colcon.colcon_core.shell:Creating environment hook '/home/jucy/ydlidar_ws_11_29/ydlidar_ws/install/ydlidar_ros2_driver/share/ydlidar_ros2_driver/hook/cmake_prefix_path.sh'
[12.823s] Level 1:colcon.colcon_core.environment:checking '/home/jucy/ydlidar_ws_11_29/ydlidar_ws/install/ydlidar_ros2_driver/lib'
[12.824s] Level 1:colcon.colcon_core.environment:checking '/home/jucy/ydlidar_ws_11_29/ydlidar_ws/install/ydlidar_ros2_driver/bin'
[12.824s] Level 1:colcon.colcon_core.environment:checking '/home/jucy/ydlidar_ws_11_29/ydlidar_ws/install/ydlidar_ros2_driver/lib/pkgconfig/ydlidar_ros2_driver.pc'
[12.825s] Level 1:colcon.colcon_core.environment:checking '/home/jucy/ydlidar_ws_11_29/ydlidar_ws/install/ydlidar_ros2_driver/lib/python3.8/site-packages'
[12.825s] Level 1:colcon.colcon_core.environment:checking '/home/jucy/ydlidar_ws_11_29/ydlidar_ws/install/ydlidar_ros2_driver/bin'
[12.827s] INFO:colcon.colcon_core.shell:Creating package script '/home/jucy/ydlidar_ws_11_29/ydlidar_ws/install/ydlidar_ros2_driver/share/ydlidar_ros2_driver/package.ps1'
[12.829s] INFO:colcon.colcon_core.shell:Creating package descriptor '/home/jucy/ydlidar_ws_11_29/ydlidar_ws/install/ydlidar_ros2_driver/share/ydlidar_ros2_driver/package.dsv'
[12.831s] INFO:colcon.colcon_core.shell:Creating package script '/home/jucy/ydlidar_ws_11_29/ydlidar_ws/install/ydlidar_ros2_driver/share/ydlidar_ros2_driver/package.sh'
[12.833s] INFO:colcon.colcon_core.shell:Creating package script '/home/jucy/ydlidar_ws_11_29/ydlidar_ws/install/ydlidar_ros2_driver/share/ydlidar_ros2_driver/package.bash'
[12.834s] INFO:colcon.colcon_core.shell:Creating package script '/home/jucy/ydlidar_ws_11_29/ydlidar_ws/install/ydlidar_ros2_driver/share/ydlidar_ros2_driver/package.zsh'
[12.836s] Level 1:colcon.colcon_core.environment:create_file_with_runtime_dependencies(/home/jucy/ydlidar_ws_11_29/ydlidar_ws/install/ydlidar_ros2_driver/share/colcon-core/packages/ydlidar_ros2_driver)
[12.836s] DEBUG:colcon.colcon_parallel_executor.executor.parallel:closing loop
[12.837s] DEBUG:colcon.colcon_parallel_executor.executor.parallel:loop closed
[12.837s] DEBUG:colcon.colcon_parallel_executor.executor.parallel:run_until_complete finished with '0'
[12.838s] DEBUG:colcon.colcon_core.event_reactor:joining thread
[12.881s] INFO:colcon.colcon_core.plugin_system:Skipping extension 'colcon_notification.desktop_notification.terminal_notifier': Not used on non-Darwin systems
[12.881s] INFO:colcon.colcon_core.plugin_system:Skipping extension 'colcon_notification.desktop_notification.win32': Not used on non-Windows systems
[12.881s] INFO:colcon.colcon_notification.desktop_notification:Sending desktop notification using 'notify2'
[12.931s] DEBUG:colcon.colcon_core.event_reactor:joined thread
[12.931s] INFO:colcon.colcon_core.shell:Creating prefix script '/home/jucy/ydlidar_ws_11_29/ydlidar_ws/install/local_setup.ps1'
[12.933s] INFO:colcon.colcon_core.shell:Creating prefix util module '/home/jucy/ydlidar_ws_11_29/ydlidar_ws/install/_local_setup_util_ps1.py'
[12.938s] INFO:colcon.colcon_core.shell:Creating prefix chain script '/home/jucy/ydlidar_ws_11_29/ydlidar_ws/install/setup.ps1'
[12.954s] INFO:colcon.colcon_core.shell:Creating prefix script '/home/jucy/ydlidar_ws_11_29/ydlidar_ws/install/local_setup.sh'
[12.956s] INFO:colcon.colcon_core.shell:Creating prefix util module '/home/jucy/ydlidar_ws_11_29/ydlidar_ws/install/_local_setup_util_sh.py'
[12.957s] INFO:colcon.colcon_core.shell:Creating prefix chain script '/home/jucy/ydlidar_ws_11_29/ydlidar_ws/install/setup.sh'
[12.970s] INFO:colcon.colcon_core.shell:Creating prefix script '/home/jucy/ydlidar_ws_11_29/ydlidar_ws/install/local_setup.bash'
[12.971s] INFO:colcon.colcon_core.shell:Creating prefix chain script '/home/jucy/ydlidar_ws_11_29/ydlidar_ws/install/setup.bash'
[12.980s] INFO:colcon.colcon_core.shell:Creating prefix script '/home/jucy/ydlidar_ws_11_29/ydlidar_ws/install/local_setup.zsh'
[12.981s] INFO:colcon.colcon_core.shell:Creating prefix chain script '/home/jucy/ydlidar_ws_11_29/ydlidar_ws/install/setup.zsh'
