[0.509s] Invoking command in '/home/jucy/ydlidar_ws_11_29/build/ydlidar_ros2_driver': CMAKE_PREFIX_PATH=${CMAKE_PREFIX_PATH}:/home/jucy/ydlidar_ws_11_29/install/nav2_gazebo_spawner:/home/jucy/ydlidar_ws_11_29/install/jdamr200_node:/home/jucy/turtlebot3_ws/install/turtlebot3_teleop:/home/jucy/turtlebot3_ws/install/turtlebot3_example:/home/jucy/turtlebot3_ws/install/nav2_goal_pulisher_test:/home/jucy/turtlebot3_ws/install/nav2_goal_publisher:/home/jucy/ros2_ws/install/camera_udp_communication:/home/jucy/ros2_ws/install/agv_control_py:/home/jucy/ydlidar_ros2_ws/install/jdamr200_teleop:/home/jucy/ydlidar_ros2_ws/install/jdamr200_node /usr/bin/cmake --build /home/jucy/ydlidar_ws_11_29/build/ydlidar_ros2_driver -- -j12 -l12
[1.211s] -- Found ament_cmake: 0.9.12 (/opt/ros/foxy/share/ament_cmake/cmake)
[1.307s] -- Using PYTHON_EXECUTABLE: /usr/bin/python3
[1.704s] -- Found rclcpp: 2.4.3 (/opt/ros/foxy/share/rclcpp/cmake)
[1.945s] -- Using all available rosidl_typesupport_c: rosidl_typesupport_fastrtps_c;rosidl_typesupport_introspection_c
[1.959s] -- Found rosidl_adapter: 1.3.1 (/opt/ros/foxy/share/rosidl_adapter/cmake)
[2.429s] -- Using all available rosidl_typesupport_cpp: rosidl_typesupport_fastrtps_cpp;rosidl_typesupport_introspection_cpp
[2.530s] -- Found rmw_implementation_cmake: 1.0.4 (/opt/ros/foxy/share/rmw_implementation_cmake/cmake)
[2.536s] -- Using RMW implementation 'rmw_fastrtps_cpp' as default
[2.755s] -- Found sensor_msgs: 2.0.5 (/opt/ros/foxy/share/sensor_msgs/cmake)
[2.976s] -- Found visualization_msgs: 2.0.5 (/opt/ros/foxy/share/visualization_msgs/cmake)
[3.185s] -- Found std_srvs: 2.0.5 (/opt/ros/foxy/share/std_srvs/cmake)
[3.245s] -- Found ament_lint_auto: 0.9.8 (/opt/ros/foxy/share/ament_lint_auto/cmake)
[3.448s] -- Added test 'copyright' to check source files copyright and LICENSE
[3.457s] -- Added test 'cppcheck' to perform static code analysis on C / C++ code
[3.457s] -- Configured cppcheck include dirs: /home/jucy/ydlidar_ws_11_29/ydlidar_ws/src/ydlidar_ros2_driver/src
[3.457s] -- Configured cppcheck exclude dirs and/or files: 
[3.460s] -- Added test 'cpplint' to check C / C++ code against the Google style
[3.460s] -- Configured cpplint exclude dirs and/or files: 
[3.461s] -- Added test 'flake8' to check Python code syntax and style conventions
[3.461s] -- Added test 'lint_cmake' to check CMake code style
[3.462s] -- Added test 'pep257' to check Python code against some of the style conventions in PEP 257
[3.465s] -- Added test 'uncrustify' to check C / C++ code style
[3.465s] -- Configured uncrustify additional arguments: 
[3.466s] -- Added test 'xmllint' to check XML markup files
[3.472s] -- Configuring done
[3.542s] -- Generating done
[3.552s] -- Build files have been written to: /home/jucy/ydlidar_ws_11_29/build/ydlidar_ros2_driver
[3.609s] [ 50%] Built target ydlidar_ros2_driver_client
[3.609s] [100%] Built target ydlidar_ros2_driver_node
[3.622s] Invoked command in '/home/jucy/ydlidar_ws_11_29/build/ydlidar_ros2_driver' returned '0': CMAKE_PREFIX_PATH=${CMAKE_PREFIX_PATH}:/home/jucy/ydlidar_ws_11_29/install/nav2_gazebo_spawner:/home/jucy/ydlidar_ws_11_29/install/jdamr200_node:/home/jucy/turtlebot3_ws/install/turtlebot3_teleop:/home/jucy/turtlebot3_ws/install/turtlebot3_example:/home/jucy/turtlebot3_ws/install/nav2_goal_pulisher_test:/home/jucy/turtlebot3_ws/install/nav2_goal_publisher:/home/jucy/ros2_ws/install/camera_udp_communication:/home/jucy/ros2_ws/install/agv_control_py:/home/jucy/ydlidar_ros2_ws/install/jdamr200_teleop:/home/jucy/ydlidar_ros2_ws/install/jdamr200_node /usr/bin/cmake --build /home/jucy/ydlidar_ws_11_29/build/ydlidar_ros2_driver -- -j12 -l12
[3.625s] Invoking command in '/home/jucy/ydlidar_ws_11_29/build/ydlidar_ros2_driver': CMAKE_PREFIX_PATH=${CMAKE_PREFIX_PATH}:/home/jucy/ydlidar_ws_11_29/install/nav2_gazebo_spawner:/home/jucy/ydlidar_ws_11_29/install/jdamr200_node:/home/jucy/turtlebot3_ws/install/turtlebot3_teleop:/home/jucy/turtlebot3_ws/install/turtlebot3_example:/home/jucy/turtlebot3_ws/install/nav2_goal_pulisher_test:/home/jucy/turtlebot3_ws/install/nav2_goal_publisher:/home/jucy/ros2_ws/install/camera_udp_communication:/home/jucy/ros2_ws/install/agv_control_py:/home/jucy/ydlidar_ros2_ws/install/jdamr200_teleop:/home/jucy/ydlidar_ros2_ws/install/jdamr200_node /usr/bin/cmake --install /home/jucy/ydlidar_ws_11_29/build/ydlidar_ros2_driver
[3.635s] -- Install configuration: ""
[3.635s] -- Up-to-date: /home/jucy/ydlidar_ws_11_29/install/ydlidar_ros2_driver/lib/ydlidar_ros2_driver/ydlidar_ros2_driver_node
[3.636s] -- Up-to-date: /home/jucy/ydlidar_ws_11_29/install/ydlidar_ros2_driver/lib/ydlidar_ros2_driver/ydlidar_ros2_driver_client
[3.636s] -- Up-to-date: /home/jucy/ydlidar_ws_11_29/install/ydlidar_ros2_driver/share/ydlidar_ros2_driver/launch
[3.636s] -- Up-to-date: /home/jucy/ydlidar_ws_11_29/install/ydlidar_ros2_driver/share/ydlidar_ros2_driver/launch/ydlidar_launch_view.py
[3.636s] -- Up-to-date: /home/jucy/ydlidar_ws_11_29/install/ydlidar_ros2_driver/share/ydlidar_ros2_driver/launch/ydlidar_launch.py
[3.636s] -- Up-to-date: /home/jucy/ydlidar_ws_11_29/install/ydlidar_ros2_driver/share/ydlidar_ros2_driver/launch/ydlidar.py
[3.636s] -- Up-to-date: /home/jucy/ydlidar_ws_11_29/install/ydlidar_ros2_driver/share/ydlidar_ros2_driver/launch/ydlidar_cartographer.launch.py
[3.636s] -- Up-to-date: /home/jucy/ydlidar_ws_11_29/install/ydlidar_ros2_driver/share/ydlidar_ros2_driver/launch/ydlidar_cartographer2.launch.py
[3.636s] -- Up-to-date: /home/jucy/ydlidar_ws_11_29/install/ydlidar_ros2_driver/share/ydlidar_ros2_driver/params
[3.636s] -- Up-to-date: /home/jucy/ydlidar_ws_11_29/install/ydlidar_ros2_driver/share/ydlidar_ros2_driver/params/old.yaml
[3.636s] -- Up-to-date: /home/jucy/ydlidar_ws_11_29/install/ydlidar_ros2_driver/share/ydlidar_ros2_driver/params/X4.yaml
[3.637s] -- Up-to-date: /home/jucy/ydlidar_ws_11_29/install/ydlidar_ros2_driver/share/ydlidar_ros2_driver/params/G1.yaml
[3.637s] -- Up-to-date: /home/jucy/ydlidar_ws_11_29/install/ydlidar_ros2_driver/share/ydlidar_ros2_driver/params/X4-Pro.yaml
[3.637s] -- Up-to-date: /home/jucy/ydlidar_ws_11_29/install/ydlidar_ros2_driver/share/ydlidar_ros2_driver/params/TEA.yaml
[3.637s] -- Up-to-date: /home/jucy/ydlidar_ws_11_29/install/ydlidar_ros2_driver/share/ydlidar_ros2_driver/params/TminiPro.yaml
[3.637s] -- Up-to-date: /home/jucy/ydlidar_ws_11_29/install/ydlidar_ros2_driver/share/ydlidar_ros2_driver/params/TG.yaml
[3.637s] -- Up-to-date: /home/jucy/ydlidar_ws_11_29/install/ydlidar_ros2_driver/share/ydlidar_ros2_driver/params/G6.yaml
[3.637s] -- Up-to-date: /home/jucy/ydlidar_ws_11_29/install/ydlidar_ros2_driver/share/ydlidar_ros2_driver/params/GS2.yaml
[3.637s] -- Up-to-date: /home/jucy/ydlidar_ws_11_29/install/ydlidar_ros2_driver/share/ydlidar_ros2_driver/params/G2.yaml
[3.637s] -- Up-to-date: /home/jucy/ydlidar_ws_11_29/install/ydlidar_ros2_driver/share/ydlidar_ros2_driver/params/ydlidar.yaml
[3.637s] -- Up-to-date: /home/jucy/ydlidar_ws_11_29/install/ydlidar_ros2_driver/share/ydlidar_ros2_driver/startup
[3.637s] -- Up-to-date: /home/jucy/ydlidar_ws_11_29/install/ydlidar_ros2_driver/share/ydlidar_ros2_driver/startup/initenv.sh
[3.637s] -- Up-to-date: /home/jucy/ydlidar_ws_11_29/install/ydlidar_ros2_driver/share/ydlidar_ros2_driver/config
[3.637s] -- Up-to-date: /home/jucy/ydlidar_ws_11_29/install/ydlidar_ros2_driver/share/ydlidar_ros2_driver/config/ydlidar_cartographer.lua
[3.637s] -- Up-to-date: /home/jucy/ydlidar_ws_11_29/install/ydlidar_ros2_driver/share/ydlidar_ros2_driver/config/ydlidar.rviz
[3.637s] -- Up-to-date: /home/jucy/ydlidar_ws_11_29/install/ydlidar_ros2_driver/share/ydlidar_ros2_driver/config/ydlidar_cartographer.rviz
[3.638s] -- Up-to-date: /home/jucy/ydlidar_ws_11_29/install/ydlidar_ros2_driver/lib/ydlidar_ros2_driver
[3.638s] -- Installing: /home/jucy/ydlidar_ws_11_29/install/ydlidar_ros2_driver/lib/ydlidar_ros2_driver/dynamic_tf_broadcaster.py
[3.638s] -- Up-to-date: /home/jucy/ydlidar_ws_11_29/install/ydlidar_ros2_driver/share/ament_index/resource_index/package_run_dependencies/ydlidar_ros2_driver
[3.638s] -- Installing: /home/jucy/ydlidar_ws_11_29/install/ydlidar_ros2_driver/share/ament_index/resource_index/parent_prefix_path/ydlidar_ros2_driver
[3.638s] -- Up-to-date: /home/jucy/ydlidar_ws_11_29/install/ydlidar_ros2_driver/share/ydlidar_ros2_driver/environment/ament_prefix_path.sh
[3.638s] -- Installing: /home/jucy/ydlidar_ws_11_29/install/ydlidar_ros2_driver/share/ydlidar_ros2_driver/environment/ament_prefix_path.dsv
[3.638s] -- Up-to-date: /home/jucy/ydlidar_ws_11_29/install/ydlidar_ros2_driver/share/ydlidar_ros2_driver/environment/path.sh
[3.638s] -- Installing: /home/jucy/ydlidar_ws_11_29/install/ydlidar_ros2_driver/share/ydlidar_ros2_driver/environment/path.dsv
[3.638s] -- Up-to-date: /home/jucy/ydlidar_ws_11_29/install/ydlidar_ros2_driver/share/ydlidar_ros2_driver/local_setup.bash
[3.638s] -- Up-to-date: /home/jucy/ydlidar_ws_11_29/install/ydlidar_ros2_driver/share/ydlidar_ros2_driver/local_setup.sh
[3.638s] -- Up-to-date: /home/jucy/ydlidar_ws_11_29/install/ydlidar_ros2_driver/share/ydlidar_ros2_driver/local_setup.zsh
[3.638s] -- Installing: /home/jucy/ydlidar_ws_11_29/install/ydlidar_ros2_driver/share/ydlidar_ros2_driver/local_setup.dsv
[3.638s] -- Installing: /home/jucy/ydlidar_ws_11_29/install/ydlidar_ros2_driver/share/ydlidar_ros2_driver/package.dsv
[3.638s] -- Up-to-date: /home/jucy/ydlidar_ws_11_29/install/ydlidar_ros2_driver/share/ament_index/resource_index/packages/ydlidar_ros2_driver
[3.638s] -- Up-to-date: /home/jucy/ydlidar_ws_11_29/install/ydlidar_ros2_driver/share/ydlidar_ros2_driver/cmake/ydlidar_ros2_driverConfig.cmake
[3.638s] -- Up-to-date: /home/jucy/ydlidar_ws_11_29/install/ydlidar_ros2_driver/share/ydlidar_ros2_driver/cmake/ydlidar_ros2_driverConfig-version.cmake
[3.638s] -- Up-to-date: /home/jucy/ydlidar_ws_11_29/install/ydlidar_ros2_driver/share/ydlidar_ros2_driver/package.xml
[3.640s] Invoked command in '/home/jucy/ydlidar_ws_11_29/build/ydlidar_ros2_driver' returned '0': CMAKE_PREFIX_PATH=${CMAKE_PREFIX_PATH}:/home/jucy/ydlidar_ws_11_29/install/nav2_gazebo_spawner:/home/jucy/ydlidar_ws_11_29/install/jdamr200_node:/home/jucy/turtlebot3_ws/install/turtlebot3_teleop:/home/jucy/turtlebot3_ws/install/turtlebot3_example:/home/jucy/turtlebot3_ws/install/nav2_goal_pulisher_test:/home/jucy/turtlebot3_ws/install/nav2_goal_publisher:/home/jucy/ros2_ws/install/camera_udp_communication:/home/jucy/ros2_ws/install/agv_control_py:/home/jucy/ydlidar_ros2_ws/install/jdamr200_teleop:/home/jucy/ydlidar_ros2_ws/install/jdamr200_node /usr/bin/cmake --install /home/jucy/ydlidar_ws_11_29/build/ydlidar_ros2_driver
