[0.102s] Invoking command in '/home/jucy/ydlidar_ws_11_29/build/myagv_description': /usr/bin/cmake --build /home/jucy/ydlidar_ws_11_29/build/myagv_description -- -j12 -l12
[1.679s] Invoked command in '/home/jucy/ydlidar_ws_11_29/build/myagv_description' returned '0': /usr/bin/cmake --build /home/jucy/ydlidar_ws_11_29/build/myagv_description -- -j12 -l12
[1.684s] Invoking command in '/home/jucy/ydlidar_ws_11_29/build/myagv_description': /usr/bin/cmake --install /home/jucy/ydlidar_ws_11_29/build/myagv_description
[1.692s] -- Install configuration: ""
[1.692s] -- Up-to-date: /home/jucy/ydlidar_ws_11_29/install/myagv_description/share/myagv_description/config
[1.719s] -- Up-to-date: /home/jucy/ydlidar_ws_11_29/install/myagv_description/share/myagv_description/config/joint_names_aseembly.yaml
[1.719s] -- Up-to-date: /home/jucy/ydlidar_ws_11_29/install/myagv_description/share/myagv_description/launch
[1.725s] -- Up-to-date: /home/jucy/ydlidar_ws_11_29/install/myagv_description/share/myagv_description/launch/display_s.launch.py
[1.725s] -- Up-to-date: /home/jucy/ydlidar_ws_11_29/install/myagv_description/share/myagv_description/launch/gazebo.launch
[1.725s] -- Up-to-date: /home/jucy/ydlidar_ws_11_29/install/myagv_description/share/myagv_description/launch/transform_publisher.launch.py
[1.725s] -- Up-to-date: /home/jucy/ydlidar_ws_11_29/install/myagv_description/share/myagv_description/launch/display.launch.py
[1.725s] -- Up-to-date: /home/jucy/ydlidar_ws_11_29/install/myagv_description/share/myagv_description/launch/robot_state_publisher.launch.py
[1.725s] -- Up-to-date: /home/jucy/ydlidar_ws_11_29/install/myagv_description/share/myagv_description/meshes
[1.726s] -- Up-to-date: /home/jucy/ydlidar_ws_11_29/install/myagv_description/share/myagv_description/meshes/wheele4_link.STL
[1.726s] -- Up-to-date: /home/jucy/ydlidar_ws_11_29/install/myagv_description/share/myagv_description/meshes/wheele2_link.STL
[1.726s] -- Up-to-date: /home/jucy/ydlidar_ws_11_29/install/myagv_description/share/myagv_description/meshes/wheele3_link.STL
[1.726s] -- Up-to-date: /home/jucy/ydlidar_ws_11_29/install/myagv_description/share/myagv_description/meshes/base_link.STL
[1.727s] -- Up-to-date: /home/jucy/ydlidar_ws_11_29/install/myagv_description/share/myagv_description/meshes/wheele1_link.STL
[1.727s] -- Up-to-date: /home/jucy/ydlidar_ws_11_29/install/myagv_description/share/myagv_description/meshes/lidar_link.STL
[1.727s] -- Up-to-date: /home/jucy/ydlidar_ws_11_29/install/myagv_description/share/myagv_description/urdf
[1.727s] -- Up-to-date: /home/jucy/ydlidar_ws_11_29/install/myagv_description/share/myagv_description/urdf/myagv_description.urdf
[1.727s] -- Up-to-date: /home/jucy/ydlidar_ws_11_29/install/myagv_description/share/myagv_description/urdf/myagv_description.csv
[1.727s] -- Up-to-date: /home/jucy/ydlidar_ws_11_29/install/myagv_description/share/ament_index/resource_index/package_run_dependencies/myagv_description
[1.727s] -- Up-to-date: /home/jucy/ydlidar_ws_11_29/install/myagv_description/share/ament_index/resource_index/parent_prefix_path/myagv_description
[1.727s] -- Up-to-date: /home/jucy/ydlidar_ws_11_29/install/myagv_description/share/myagv_description/environment/ament_prefix_path.sh
[1.727s] -- Up-to-date: /home/jucy/ydlidar_ws_11_29/install/myagv_description/share/myagv_description/environment/ament_prefix_path.dsv
[1.727s] -- Up-to-date: /home/jucy/ydlidar_ws_11_29/install/myagv_description/share/myagv_description/environment/path.sh
[1.727s] -- Up-to-date: /home/jucy/ydlidar_ws_11_29/install/myagv_description/share/myagv_description/environment/path.dsv
[1.728s] -- Up-to-date: /home/jucy/ydlidar_ws_11_29/install/myagv_description/share/myagv_description/local_setup.bash
[1.728s] -- Up-to-date: /home/jucy/ydlidar_ws_11_29/install/myagv_description/share/myagv_description/local_setup.sh
[1.728s] -- Up-to-date: /home/jucy/ydlidar_ws_11_29/install/myagv_description/share/myagv_description/local_setup.zsh
[1.728s] -- Up-to-date: /home/jucy/ydlidar_ws_11_29/install/myagv_description/share/myagv_description/local_setup.dsv
[1.728s] -- Installing: /home/jucy/ydlidar_ws_11_29/install/myagv_description/share/myagv_description/package.dsv
[1.728s] -- Up-to-date: /home/jucy/ydlidar_ws_11_29/install/myagv_description/share/ament_index/resource_index/packages/myagv_description
[1.728s] -- Up-to-date: /home/jucy/ydlidar_ws_11_29/install/myagv_description/share/myagv_description/cmake/myagv_descriptionConfig.cmake
[1.729s] -- Up-to-date: /home/jucy/ydlidar_ws_11_29/install/myagv_description/share/myagv_description/cmake/myagv_descriptionConfig-version.cmake
[1.729s] -- Up-to-date: /home/jucy/ydlidar_ws_11_29/install/myagv_description/share/myagv_description/package.xml
[1.731s] Invoked command in '/home/jucy/ydlidar_ws_11_29/build/myagv_description' returned '0': /usr/bin/cmake --install /home/jucy/ydlidar_ws_11_29/build/myagv_description
