[0.080s] Invoking command in '/home/jucy/ydlidar_ws_11_29/build/smac_planner': AMENT_PREFIX_PATH=/home/jucy/ydlidar_ws_11_29/install/nav2_core:/home/jucy/ydlidar_ws_11_29/install/nav2_costmap_2d:/home/jucy/ydlidar_ws_11_29/install/nav2_map_server:/home/jucy/ydlidar_ws_11_29/install/nav2_lifecycle_manager:/home/jucy/ydlidar_ws_11_29/install/nav2_util:/home/jucy/ydlidar_ws_11_29/install/nav2_voxel_grid:/home/jucy/ydlidar_ws_11_29/install/nav2_msgs:/home/jucy/ydlidar_ws_11_29/install/nav2_common:${AMENT_PREFIX_PATH} CMAKE_PREFIX_PATH=/home/jucy/ydlidar_ws_11_29/install/nav2_core:/home/jucy/ydlidar_ws_11_29/install/nav2_costmap_2d:/home/jucy/ydlidar_ws_11_29/install/nav2_map_server:/home/jucy/ydlidar_ws_11_29/install/nav2_lifecycle_manager:/home/jucy/ydlidar_ws_11_29/install/nav2_util:/home/jucy/ydlidar_ws_11_29/install/nav2_voxel_grid:/home/jucy/ydlidar_ws_11_29/install/nav2_msgs:/home/jucy/ydlidar_ws_11_29/install/nav2_common:/opt/ros/foxy:/opt/ros/foxy LD_LIBRARY_PATH=/home/jucy/ydlidar_ws_11_29/install/nav2_costmap_2d/lib:/home/jucy/ydlidar_ws_11_29/install/nav2_map_server/lib:/home/jucy/ydlidar_ws_11_29/install/nav2_lifecycle_manager/lib:/home/jucy/ydlidar_ws_11_29/install/nav2_util/lib:/home/jucy/ydlidar_ws_11_29/install/nav2_voxel_grid/lib:/home/jucy/ydlidar_ws_11_29/install/nav2_msgs/lib:${LD_LIBRARY_PATH} PYTHONPATH=/home/jucy/ydlidar_ws_11_29/install/nav2_msgs/lib/python3.8/site-packages:/home/jucy/ydlidar_ws_11_29/install/nav2_common/lib/python3.8/site-packages:${PYTHONPATH} /usr/bin/cmake --build /home/jucy/ydlidar_ws_11_29/build/smac_planner -- -j12 -l12
[0.217s] [  5%] Built target gtest
[0.232s] [ 11%] Built target gtest_main
[0.270s] [ 29%] Built target smac_planner_2d
[0.276s] [ 47%] Built target smac_planner
[0.336s] [ 52%] Built target test_nodese2
[0.337s] [ 58%] Built target test_collision_checker
[0.340s] [ 64%] Built target test_node2d
[0.342s] [ 70%] Built target test_smoother
[0.343s] [ 76%] Built target test_a_star
[0.345s] [ 88%] Built target test_nodebasic
[0.345s] [ 88%] Built target test_costmap_downsampler
[0.346s] [ 94%] Built target test_smac_2d
[0.348s] [100%] Built target test_smac_se2
[0.399s] Invoked command in '/home/jucy/ydlidar_ws_11_29/build/smac_planner' returned '0': AMENT_PREFIX_PATH=/home/jucy/ydlidar_ws_11_29/install/nav2_core:/home/jucy/ydlidar_ws_11_29/install/nav2_costmap_2d:/home/jucy/ydlidar_ws_11_29/install/nav2_map_server:/home/jucy/ydlidar_ws_11_29/install/nav2_lifecycle_manager:/home/jucy/ydlidar_ws_11_29/install/nav2_util:/home/jucy/ydlidar_ws_11_29/install/nav2_voxel_grid:/home/jucy/ydlidar_ws_11_29/install/nav2_msgs:/home/jucy/ydlidar_ws_11_29/install/nav2_common:${AMENT_PREFIX_PATH} CMAKE_PREFIX_PATH=/home/jucy/ydlidar_ws_11_29/install/nav2_core:/home/jucy/ydlidar_ws_11_29/install/nav2_costmap_2d:/home/jucy/ydlidar_ws_11_29/install/nav2_map_server:/home/jucy/ydlidar_ws_11_29/install/nav2_lifecycle_manager:/home/jucy/ydlidar_ws_11_29/install/nav2_util:/home/jucy/ydlidar_ws_11_29/install/nav2_voxel_grid:/home/jucy/ydlidar_ws_11_29/install/nav2_msgs:/home/jucy/ydlidar_ws_11_29/install/nav2_common:/opt/ros/foxy:/opt/ros/foxy LD_LIBRARY_PATH=/home/jucy/ydlidar_ws_11_29/install/nav2_costmap_2d/lib:/home/jucy/ydlidar_ws_11_29/install/nav2_map_server/lib:/home/jucy/ydlidar_ws_11_29/install/nav2_lifecycle_manager/lib:/home/jucy/ydlidar_ws_11_29/install/nav2_util/lib:/home/jucy/ydlidar_ws_11_29/install/nav2_voxel_grid/lib:/home/jucy/ydlidar_ws_11_29/install/nav2_msgs/lib:${LD_LIBRARY_PATH} PYTHONPATH=/home/jucy/ydlidar_ws_11_29/install/nav2_msgs/lib/python3.8/site-packages:/home/jucy/ydlidar_ws_11_29/install/nav2_common/lib/python3.8/site-packages:${PYTHONPATH} /usr/bin/cmake --build /home/jucy/ydlidar_ws_11_29/build/smac_planner -- -j12 -l12
[0.402s] Invoking command in '/home/jucy/ydlidar_ws_11_29/build/smac_planner': AMENT_PREFIX_PATH=/home/jucy/ydlidar_ws_11_29/install/nav2_core:/home/jucy/ydlidar_ws_11_29/install/nav2_costmap_2d:/home/jucy/ydlidar_ws_11_29/install/nav2_map_server:/home/jucy/ydlidar_ws_11_29/install/nav2_lifecycle_manager:/home/jucy/ydlidar_ws_11_29/install/nav2_util:/home/jucy/ydlidar_ws_11_29/install/nav2_voxel_grid:/home/jucy/ydlidar_ws_11_29/install/nav2_msgs:/home/jucy/ydlidar_ws_11_29/install/nav2_common:${AMENT_PREFIX_PATH} CMAKE_PREFIX_PATH=/home/jucy/ydlidar_ws_11_29/install/nav2_core:/home/jucy/ydlidar_ws_11_29/install/nav2_costmap_2d:/home/jucy/ydlidar_ws_11_29/install/nav2_map_server:/home/jucy/ydlidar_ws_11_29/install/nav2_lifecycle_manager:/home/jucy/ydlidar_ws_11_29/install/nav2_util:/home/jucy/ydlidar_ws_11_29/install/nav2_voxel_grid:/home/jucy/ydlidar_ws_11_29/install/nav2_msgs:/home/jucy/ydlidar_ws_11_29/install/nav2_common:/opt/ros/foxy:/opt/ros/foxy LD_LIBRARY_PATH=/home/jucy/ydlidar_ws_11_29/install/nav2_costmap_2d/lib:/home/jucy/ydlidar_ws_11_29/install/nav2_map_server/lib:/home/jucy/ydlidar_ws_11_29/install/nav2_lifecycle_manager/lib:/home/jucy/ydlidar_ws_11_29/install/nav2_util/lib:/home/jucy/ydlidar_ws_11_29/install/nav2_voxel_grid/lib:/home/jucy/ydlidar_ws_11_29/install/nav2_msgs/lib:${LD_LIBRARY_PATH} PYTHONPATH=/home/jucy/ydlidar_ws_11_29/install/nav2_msgs/lib/python3.8/site-packages:/home/jucy/ydlidar_ws_11_29/install/nav2_common/lib/python3.8/site-packages:${PYTHONPATH} /usr/bin/cmake --install /home/jucy/ydlidar_ws_11_29/build/smac_planner
[0.432s] -- Install configuration: "Release"
[0.432s] -- Up-to-date: /home/jucy/ydlidar_ws_11_29/install/smac_planner/share/smac_planner/smac_plugin.xml
[0.433s] -- Up-to-date: /home/jucy/ydlidar_ws_11_29/install/smac_planner/share/smac_planner/smac_plugin_2d.xml
[0.433s] -- Up-to-date: /home/jucy/ydlidar_ws_11_29/install/smac_planner/lib/libsmac_planner.so
[0.433s] -- Up-to-date: /home/jucy/ydlidar_ws_11_29/install/smac_planner/lib/libsmac_planner_2d.so
[0.433s] -- Up-to-date: /home/jucy/ydlidar_ws_11_29/install/smac_planner/include/
[0.433s] -- Up-to-date: /home/jucy/ydlidar_ws_11_29/install/smac_planner/include//smac_planner
[0.435s] -- Up-to-date: /home/jucy/ydlidar_ws_11_29/install/smac_planner/include//smac_planner/smoother.hpp
[0.435s] -- Up-to-date: /home/jucy/ydlidar_ws_11_29/install/smac_planner/include//smac_planner/options.hpp
[0.435s] -- Up-to-date: /home/jucy/ydlidar_ws_11_29/install/smac_planner/include//smac_planner/collision_checker.hpp
[0.435s] -- Up-to-date: /home/jucy/ydlidar_ws_11_29/install/smac_planner/include//smac_planner/node_se2.hpp
[0.436s] -- Up-to-date: /home/jucy/ydlidar_ws_11_29/install/smac_planner/include//smac_planner/constants.hpp
[0.437s] -- Up-to-date: /home/jucy/ydlidar_ws_11_29/install/smac_planner/include//smac_planner/smac_planner_2d.hpp
[0.437s] -- Up-to-date: /home/jucy/ydlidar_ws_11_29/install/smac_planner/include//smac_planner/smac_planner.hpp
[0.437s] -- Up-to-date: /home/jucy/ydlidar_ws_11_29/install/smac_planner/include//smac_planner/a_star.hpp
[0.437s] -- Up-to-date: /home/jucy/ydlidar_ws_11_29/install/smac_planner/include//smac_planner/node_2d.hpp
[0.438s] -- Up-to-date: /home/jucy/ydlidar_ws_11_29/install/smac_planner/include//smac_planner/costmap_downsampler.hpp
[0.438s] -- Up-to-date: /home/jucy/ydlidar_ws_11_29/install/smac_planner/include//smac_planner/node_basic.hpp
[0.438s] -- Up-to-date: /home/jucy/ydlidar_ws_11_29/install/smac_planner/include//smac_planner/types.hpp
[0.438s] -- Up-to-date: /home/jucy/ydlidar_ws_11_29/install/smac_planner/include//smac_planner/smoother_cost_function.hpp
[0.438s] -- Up-to-date: /home/jucy/ydlidar_ws_11_29/install/smac_planner/share/smac_planner/environment/library_path.sh
[0.439s] -- Up-to-date: /home/jucy/ydlidar_ws_11_29/install/smac_planner/share/smac_planner/environment/library_path.dsv
[0.440s] -- Up-to-date: /home/jucy/ydlidar_ws_11_29/install/smac_planner/share/ament_index/resource_index/package_run_dependencies/smac_planner
[0.441s] -- Up-to-date: /home/jucy/ydlidar_ws_11_29/install/smac_planner/share/ament_index/resource_index/parent_prefix_path/smac_planner
[0.441s] -- Up-to-date: /home/jucy/ydlidar_ws_11_29/install/smac_planner/share/smac_planner/environment/ament_prefix_path.sh
[0.441s] -- Up-to-date: /home/jucy/ydlidar_ws_11_29/install/smac_planner/share/smac_planner/environment/ament_prefix_path.dsv
[0.441s] -- Up-to-date: /home/jucy/ydlidar_ws_11_29/install/smac_planner/share/smac_planner/environment/path.sh
[0.441s] -- Up-to-date: /home/jucy/ydlidar_ws_11_29/install/smac_planner/share/smac_planner/environment/path.dsv
[0.442s] -- Up-to-date: /home/jucy/ydlidar_ws_11_29/install/smac_planner/share/smac_planner/local_setup.bash
[0.443s] -- Up-to-date: /home/jucy/ydlidar_ws_11_29/install/smac_planner/share/smac_planner/local_setup.sh
[0.443s] -- Up-to-date: /home/jucy/ydlidar_ws_11_29/install/smac_planner/share/smac_planner/local_setup.zsh
[0.443s] -- Up-to-date: /home/jucy/ydlidar_ws_11_29/install/smac_planner/share/smac_planner/local_setup.dsv
[0.444s] -- Installing: /home/jucy/ydlidar_ws_11_29/install/smac_planner/share/smac_planner/package.dsv
[0.444s] -- Up-to-date: /home/jucy/ydlidar_ws_11_29/install/smac_planner/share/ament_index/resource_index/packages/smac_planner
[0.444s] -- Up-to-date: /home/jucy/ydlidar_ws_11_29/install/smac_planner/share/ament_index/resource_index/nav2_core__pluginlib__plugin/smac_planner
[0.444s] -- Up-to-date: /home/jucy/ydlidar_ws_11_29/install/smac_planner/share/smac_planner/cmake/ament_cmake_export_include_directories-extras.cmake
[0.444s] -- Up-to-date: /home/jucy/ydlidar_ws_11_29/install/smac_planner/share/smac_planner/cmake/ament_cmake_export_libraries-extras.cmake
[0.444s] -- Up-to-date: /home/jucy/ydlidar_ws_11_29/install/smac_planner/share/smac_planner/cmake/ament_cmake_export_dependencies-extras.cmake
[0.444s] -- Up-to-date: /home/jucy/ydlidar_ws_11_29/install/smac_planner/share/smac_planner/cmake/ament_cmake_export_definitions-extras.cmake
[0.444s] -- Up-to-date: /home/jucy/ydlidar_ws_11_29/install/smac_planner/share/smac_planner/cmake/smac_plannerConfig.cmake
[0.445s] -- Up-to-date: /home/jucy/ydlidar_ws_11_29/install/smac_planner/share/smac_planner/cmake/smac_plannerConfig-version.cmake
[0.445s] -- Up-to-date: /home/jucy/ydlidar_ws_11_29/install/smac_planner/share/smac_planner/package.xml
[0.447s] Invoked command in '/home/jucy/ydlidar_ws_11_29/build/smac_planner' returned '0': AMENT_PREFIX_PATH=/home/jucy/ydlidar_ws_11_29/install/nav2_core:/home/jucy/ydlidar_ws_11_29/install/nav2_costmap_2d:/home/jucy/ydlidar_ws_11_29/install/nav2_map_server:/home/jucy/ydlidar_ws_11_29/install/nav2_lifecycle_manager:/home/jucy/ydlidar_ws_11_29/install/nav2_util:/home/jucy/ydlidar_ws_11_29/install/nav2_voxel_grid:/home/jucy/ydlidar_ws_11_29/install/nav2_msgs:/home/jucy/ydlidar_ws_11_29/install/nav2_common:${AMENT_PREFIX_PATH} CMAKE_PREFIX_PATH=/home/jucy/ydlidar_ws_11_29/install/nav2_core:/home/jucy/ydlidar_ws_11_29/install/nav2_costmap_2d:/home/jucy/ydlidar_ws_11_29/install/nav2_map_server:/home/jucy/ydlidar_ws_11_29/install/nav2_lifecycle_manager:/home/jucy/ydlidar_ws_11_29/install/nav2_util:/home/jucy/ydlidar_ws_11_29/install/nav2_voxel_grid:/home/jucy/ydlidar_ws_11_29/install/nav2_msgs:/home/jucy/ydlidar_ws_11_29/install/nav2_common:/opt/ros/foxy:/opt/ros/foxy LD_LIBRARY_PATH=/home/jucy/ydlidar_ws_11_29/install/nav2_costmap_2d/lib:/home/jucy/ydlidar_ws_11_29/install/nav2_map_server/lib:/home/jucy/ydlidar_ws_11_29/install/nav2_lifecycle_manager/lib:/home/jucy/ydlidar_ws_11_29/install/nav2_util/lib:/home/jucy/ydlidar_ws_11_29/install/nav2_voxel_grid/lib:/home/jucy/ydlidar_ws_11_29/install/nav2_msgs/lib:${LD_LIBRARY_PATH} PYTHONPATH=/home/jucy/ydlidar_ws_11_29/install/nav2_msgs/lib/python3.8/site-packages:/home/jucy/ydlidar_ws_11_29/install/nav2_common/lib/python3.8/site-packages:${PYTHONPATH} /usr/bin/cmake --install /home/jucy/ydlidar_ws_11_29/build/smac_planner
