[0.040s] Invoking command in '/home/jucy/ydlidar_ws_11_29/build/nav2_common': /usr/bin/cmake --build /home/jucy/ydlidar_ws_11_29/build/nav2_common -- -j12 -l12
[0.477s] Invoked command in '/home/jucy/ydlidar_ws_11_29/build/nav2_common' returned '0': /usr/bin/cmake --build /home/jucy/ydlidar_ws_11_29/build/nav2_common -- -j12 -l12
[0.486s] Invoking command in '/home/jucy/ydlidar_ws_11_29/build/nav2_common': /usr/bin/cmake --install /home/jucy/ydlidar_ws_11_29/build/nav2_common
[0.497s] -- Install configuration: ""
[0.499s] -- Up-to-date: /home/jucy/ydlidar_ws_11_29/install/nav2_common/share/nav2_common/environment/pythonpath.sh
[0.501s] -- Up-to-date: /home/jucy/ydlidar_ws_11_29/install/nav2_common/share/nav2_common/environment/pythonpath.dsv
[0.502s] -- Up-to-date: /home/jucy/ydlidar_ws_11_29/install/nav2_common/lib/python3.8/site-packages/nav2_common
[0.504s] -- Up-to-date: /home/jucy/ydlidar_ws_11_29/install/nav2_common/lib/python3.8/site-packages/nav2_common/launch
[0.504s] -- Up-to-date: /home/jucy/ydlidar_ws_11_29/install/nav2_common/lib/python3.8/site-packages/nav2_common/launch/rewritten_yaml.py
[0.504s] -- Up-to-date: /home/jucy/ydlidar_ws_11_29/install/nav2_common/lib/python3.8/site-packages/nav2_common/launch/replace_string.py
[0.505s] -- Up-to-date: /home/jucy/ydlidar_ws_11_29/install/nav2_common/lib/python3.8/site-packages/nav2_common/launch/has_node_params.py
[0.505s] -- Up-to-date: /home/jucy/ydlidar_ws_11_29/install/nav2_common/lib/python3.8/site-packages/nav2_common/launch/__init__.py
[0.506s] -- Up-to-date: /home/jucy/ydlidar_ws_11_29/install/nav2_common/lib/python3.8/site-packages/nav2_common/__init__.py
[0.551s] Listing '/home/jucy/ydlidar_ws_11_29/install/nav2_common/lib/python3.8/site-packages/nav2_common'...
[0.551s] Listing '/home/jucy/ydlidar_ws_11_29/install/nav2_common/lib/python3.8/site-packages/nav2_common/launch'...
[0.551s] -- Up-to-date: /home/jucy/ydlidar_ws_11_29/install/nav2_common/share/ament_index/resource_index/package_run_dependencies/nav2_common
[0.551s] -- Up-to-date: /home/jucy/ydlidar_ws_11_29/install/nav2_common/share/ament_index/resource_index/parent_prefix_path/nav2_common
[0.551s] -- Up-to-date: /home/jucy/ydlidar_ws_11_29/install/nav2_common/share/nav2_common/environment/ament_prefix_path.sh
[0.551s] -- Up-to-date: /home/jucy/ydlidar_ws_11_29/install/nav2_common/share/nav2_common/environment/ament_prefix_path.dsv
[0.551s] -- Up-to-date: /home/jucy/ydlidar_ws_11_29/install/nav2_common/share/nav2_common/environment/path.sh
[0.551s] -- Up-to-date: /home/jucy/ydlidar_ws_11_29/install/nav2_common/share/nav2_common/environment/path.dsv
[0.551s] -- Up-to-date: /home/jucy/ydlidar_ws_11_29/install/nav2_common/share/nav2_common/local_setup.bash
[0.551s] -- Up-to-date: /home/jucy/ydlidar_ws_11_29/install/nav2_common/share/nav2_common/local_setup.sh
[0.551s] -- Up-to-date: /home/jucy/ydlidar_ws_11_29/install/nav2_common/share/nav2_common/local_setup.zsh
[0.552s] -- Up-to-date: /home/jucy/ydlidar_ws_11_29/install/nav2_common/share/nav2_common/local_setup.dsv
[0.552s] -- Installing: /home/jucy/ydlidar_ws_11_29/install/nav2_common/share/nav2_common/package.dsv
[0.552s] -- Up-to-date: /home/jucy/ydlidar_ws_11_29/install/nav2_common/share/ament_index/resource_index/packages/nav2_common
[0.552s] -- Up-to-date: /home/jucy/ydlidar_ws_11_29/install/nav2_common/share/nav2_common/cmake/nav2_common-extras.cmake
[0.552s] -- Up-to-date: /home/jucy/ydlidar_ws_11_29/install/nav2_common/share/nav2_common/cmake/nav2_commonConfig.cmake
[0.552s] -- Up-to-date: /home/jucy/ydlidar_ws_11_29/install/nav2_common/share/nav2_common/cmake/nav2_commonConfig-version.cmake
[0.552s] -- Up-to-date: /home/jucy/ydlidar_ws_11_29/install/nav2_common/share/nav2_common/package.xml
[0.552s] -- Up-to-date: /home/jucy/ydlidar_ws_11_29/install/nav2_common/share/nav2_common/cmake
[0.552s] -- Up-to-date: /home/jucy/ydlidar_ws_11_29/install/nav2_common/share/nav2_common/cmake/nav2_package.cmake
[0.570s] Invoked command in '/home/jucy/ydlidar_ws_11_29/build/nav2_common' returned '0': /usr/bin/cmake --install /home/jucy/ydlidar_ws_11_29/build/nav2_common
