[0.679s] Invoking command in '/home/jucy/ydlidar_ws_11_29/ydlidar_ws/src/jdamr200_node': PYTHONPATH=/home/jucy/ydlidar_ws_11_29/build/jdamr200_node/prefix_override:/usr/lib/python3/dist-packages/colcon_core/task/python/colcon_distutils_commands:/home/jucy/ydlidar_ws_11_29/install/jdamr200_node/lib/python3.8/site-packages:${PYTHONPATH} /usr/bin/python3 -W ignore:setup.py install is deprecated -W ignore:easy_install command is deprecated setup.py egg_info --egg-base ../../../build/jdamr200_node build --build-base /home/jucy/ydlidar_ws_11_29/build/jdamr200_node/build install --record /home/jucy/ydlidar_ws_11_29/build/jdamr200_node/install.log --single-version-externally-managed install_data
[0.881s] running egg_info
[0.881s] creating ../../../build/jdamr200_node/jdamr200_node.egg-info
[0.881s] writing ../../../build/jdamr200_node/jdamr200_node.egg-info/PKG-INFO
[0.881s] writing dependency_links to ../../../build/jdamr200_node/jdamr200_node.egg-info/dependency_links.txt
[0.881s] writing entry points to ../../../build/jdamr200_node/jdamr200_node.egg-info/entry_points.txt
[0.882s] writing requirements to ../../../build/jdamr200_node/jdamr200_node.egg-info/requires.txt
[0.882s] writing top-level names to ../../../build/jdamr200_node/jdamr200_node.egg-info/top_level.txt
[0.883s] writing manifest file '../../../build/jdamr200_node/jdamr200_node.egg-info/SOURCES.txt'
[0.913s] reading manifest file '../../../build/jdamr200_node/jdamr200_node.egg-info/SOURCES.txt'
[0.913s] writing manifest file '../../../build/jdamr200_node/jdamr200_node.egg-info/SOURCES.txt'
[0.913s] running build
[0.913s] running build_py
[0.914s] creating /home/jucy/ydlidar_ws_11_29/build/jdamr200_node/build
[0.914s] creating /home/jucy/ydlidar_ws_11_29/build/jdamr200_node/build/lib
[0.914s] creating /home/jucy/ydlidar_ws_11_29/build/jdamr200_node/build/lib/jdamr200_node
[0.914s] copying jdamr200_node/jdamr200_node.py -> /home/jucy/ydlidar_ws_11_29/build/jdamr200_node/build/lib/jdamr200_node
[0.914s] copying jdamr200_node/__init__.py -> /home/jucy/ydlidar_ws_11_29/build/jdamr200_node/build/lib/jdamr200_node
[0.914s] running install
[0.915s] running install_lib
[0.915s] creating /home/jucy/ydlidar_ws_11_29/install/jdamr200_node/lib/python3.8/site-packages/jdamr200_node
[0.916s] copying /home/jucy/ydlidar_ws_11_29/build/jdamr200_node/build/lib/jdamr200_node/jdamr200_node.py -> /home/jucy/ydlidar_ws_11_29/install/jdamr200_node/lib/python3.8/site-packages/jdamr200_node
[0.916s] copying /home/jucy/ydlidar_ws_11_29/build/jdamr200_node/build/lib/jdamr200_node/__init__.py -> /home/jucy/ydlidar_ws_11_29/install/jdamr200_node/lib/python3.8/site-packages/jdamr200_node
[0.916s] byte-compiling /home/jucy/ydlidar_ws_11_29/install/jdamr200_node/lib/python3.8/site-packages/jdamr200_node/jdamr200_node.py to jdamr200_node.cpython-38.pyc
[0.919s] byte-compiling /home/jucy/ydlidar_ws_11_29/install/jdamr200_node/lib/python3.8/site-packages/jdamr200_node/__init__.py to __init__.cpython-38.pyc
[0.919s] running install_data
[0.919s] creating /home/jucy/ydlidar_ws_11_29/install/jdamr200_node/share/ament_index
[0.919s] creating /home/jucy/ydlidar_ws_11_29/install/jdamr200_node/share/ament_index/resource_index
[0.919s] creating /home/jucy/ydlidar_ws_11_29/install/jdamr200_node/share/ament_index/resource_index/packages
[0.919s] copying resource/jdamr200_node -> /home/jucy/ydlidar_ws_11_29/install/jdamr200_node/share/ament_index/resource_index/packages
[0.919s] copying package.xml -> /home/jucy/ydlidar_ws_11_29/install/jdamr200_node/share/jdamr200_node
[0.920s] running install_egg_info
[0.921s] Copying ../../../build/jdamr200_node/jdamr200_node.egg-info to /home/jucy/ydlidar_ws_11_29/install/jdamr200_node/lib/python3.8/site-packages/jdamr200_node-0.0.0-py3.8.egg-info
[0.922s] running install_scripts
[0.938s] Installing jdamr200_node script to /home/jucy/ydlidar_ws_11_29/install/jdamr200_node/lib/jdamr200_node
[0.938s] writing list of installed files to '/home/jucy/ydlidar_ws_11_29/build/jdamr200_node/install.log'
[0.958s] Invoked command in '/home/jucy/ydlidar_ws_11_29/ydlidar_ws/src/jdamr200_node' returned '0': PYTHONPATH=/home/jucy/ydlidar_ws_11_29/build/jdamr200_node/prefix_override:/usr/lib/python3/dist-packages/colcon_core/task/python/colcon_distutils_commands:/home/jucy/ydlidar_ws_11_29/install/jdamr200_node/lib/python3.8/site-packages:${PYTHONPATH} /usr/bin/python3 -W ignore:setup.py install is deprecated -W ignore:easy_install command is deprecated setup.py egg_info --egg-base ../../../build/jdamr200_node build --build-base /home/jucy/ydlidar_ws_11_29/build/jdamr200_node/build install --record /home/jucy/ydlidar_ws_11_29/build/jdamr200_node/install.log --single-version-externally-managed install_data
