[0.069s] Invoking command in '/home/jucy/ydlidar_ws_11_29/build/nav2_controller': AMENT_PREFIX_PATH=/home/jucy/ydlidar_ws_11_29/install/nav2_core:/home/jucy/ydlidar_ws_11_29/install/nav2_costmap_2d:/home/jucy/ydlidar_ws_11_29/install/nav_2d_utils:/home/jucy/ydlidar_ws_11_29/install/nav2_map_server:/home/jucy/ydlidar_ws_11_29/install/nav2_lifecycle_manager:/home/jucy/ydlidar_ws_11_29/install/nav2_util:/home/jucy/ydlidar_ws_11_29/install/nav2_voxel_grid:/home/jucy/ydlidar_ws_11_29/install/nav2_msgs:/home/jucy/ydlidar_ws_11_29/install/nav_2d_msgs:/home/jucy/ydlidar_ws_11_29/install/nav2_common:${AMENT_PREFIX_PATH} CMAKE_PREFIX_PATH=/home/jucy/ydlidar_ws_11_29/install/nav2_core:/home/jucy/ydlidar_ws_11_29/install/nav2_costmap_2d:/home/jucy/ydlidar_ws_11_29/install/nav_2d_utils:/home/jucy/ydlidar_ws_11_29/install/nav2_map_server:/home/jucy/ydlidar_ws_11_29/install/nav2_lifecycle_manager:/home/jucy/ydlidar_ws_11_29/install/nav2_util:/home/jucy/ydlidar_ws_11_29/install/nav2_voxel_grid:/home/jucy/ydlidar_ws_11_29/install/nav2_msgs:/home/jucy/ydlidar_ws_11_29/install/nav_2d_msgs:/home/jucy/ydlidar_ws_11_29/install/nav2_common:/opt/ros/foxy:/opt/ros/foxy LD_LIBRARY_PATH=/home/jucy/ydlidar_ws_11_29/install/nav2_costmap_2d/lib:/home/jucy/ydlidar_ws_11_29/install/nav_2d_utils/lib:/home/jucy/ydlidar_ws_11_29/install/nav2_map_server/lib:/home/jucy/ydlidar_ws_11_29/install/nav2_lifecycle_manager/lib:/home/jucy/ydlidar_ws_11_29/install/nav2_util/lib:/home/jucy/ydlidar_ws_11_29/install/nav2_voxel_grid/lib:/home/jucy/ydlidar_ws_11_29/install/nav2_msgs/lib:/home/jucy/ydlidar_ws_11_29/install/nav_2d_msgs/lib:${LD_LIBRARY_PATH} PYTHONPATH=/home/jucy/ydlidar_ws_11_29/install/nav2_msgs/lib/python3.8/site-packages:/home/jucy/ydlidar_ws_11_29/install/nav_2d_msgs/lib/python3.8/site-packages:/home/jucy/ydlidar_ws_11_29/install/nav2_common/lib/python3.8/site-packages:${PYTHONPATH} /usr/bin/cmake --build /home/jucy/ydlidar_ws_11_29/build/nav2_controller -- -j12 -l12
[0.133s] [ 11%] Built target gtest
[0.136s] [ 22%] Built target gtest_main
[0.164s] [ 33%] Built target simple_progress_checker
[0.178s] [ 44%] Built target simple_goal_checker
[0.181s] [ 55%] Built target controller_server_core
[0.247s] [ 66%] Built target stopped_goal_checker
[0.251s] [ 77%] Built target pctest
[0.275s] [ 88%] Built target controller_server
[0.306s] [100%] Built target gctest
[0.363s] Invoked command in '/home/jucy/ydlidar_ws_11_29/build/nav2_controller' returned '0': AMENT_PREFIX_PATH=/home/jucy/ydlidar_ws_11_29/install/nav2_core:/home/jucy/ydlidar_ws_11_29/install/nav2_costmap_2d:/home/jucy/ydlidar_ws_11_29/install/nav_2d_utils:/home/jucy/ydlidar_ws_11_29/install/nav2_map_server:/home/jucy/ydlidar_ws_11_29/install/nav2_lifecycle_manager:/home/jucy/ydlidar_ws_11_29/install/nav2_util:/home/jucy/ydlidar_ws_11_29/install/nav2_voxel_grid:/home/jucy/ydlidar_ws_11_29/install/nav2_msgs:/home/jucy/ydlidar_ws_11_29/install/nav_2d_msgs:/home/jucy/ydlidar_ws_11_29/install/nav2_common:${AMENT_PREFIX_PATH} CMAKE_PREFIX_PATH=/home/jucy/ydlidar_ws_11_29/install/nav2_core:/home/jucy/ydlidar_ws_11_29/install/nav2_costmap_2d:/home/jucy/ydlidar_ws_11_29/install/nav_2d_utils:/home/jucy/ydlidar_ws_11_29/install/nav2_map_server:/home/jucy/ydlidar_ws_11_29/install/nav2_lifecycle_manager:/home/jucy/ydlidar_ws_11_29/install/nav2_util:/home/jucy/ydlidar_ws_11_29/install/nav2_voxel_grid:/home/jucy/ydlidar_ws_11_29/install/nav2_msgs:/home/jucy/ydlidar_ws_11_29/install/nav_2d_msgs:/home/jucy/ydlidar_ws_11_29/install/nav2_common:/opt/ros/foxy:/opt/ros/foxy LD_LIBRARY_PATH=/home/jucy/ydlidar_ws_11_29/install/nav2_costmap_2d/lib:/home/jucy/ydlidar_ws_11_29/install/nav_2d_utils/lib:/home/jucy/ydlidar_ws_11_29/install/nav2_map_server/lib:/home/jucy/ydlidar_ws_11_29/install/nav2_lifecycle_manager/lib:/home/jucy/ydlidar_ws_11_29/install/nav2_util/lib:/home/jucy/ydlidar_ws_11_29/install/nav2_voxel_grid/lib:/home/jucy/ydlidar_ws_11_29/install/nav2_msgs/lib:/home/jucy/ydlidar_ws_11_29/install/nav_2d_msgs/lib:${LD_LIBRARY_PATH} PYTHONPATH=/home/jucy/ydlidar_ws_11_29/install/nav2_msgs/lib/python3.8/site-packages:/home/jucy/ydlidar_ws_11_29/install/nav_2d_msgs/lib/python3.8/site-packages:/home/jucy/ydlidar_ws_11_29/install/nav2_common/lib/python3.8/site-packages:${PYTHONPATH} /usr/bin/cmake --build /home/jucy/ydlidar_ws_11_29/build/nav2_controller -- -j12 -l12
[0.368s] Invoking command in '/home/jucy/ydlidar_ws_11_29/build/nav2_controller': AMENT_PREFIX_PATH=/home/jucy/ydlidar_ws_11_29/install/nav2_core:/home/jucy/ydlidar_ws_11_29/install/nav2_costmap_2d:/home/jucy/ydlidar_ws_11_29/install/nav_2d_utils:/home/jucy/ydlidar_ws_11_29/install/nav2_map_server:/home/jucy/ydlidar_ws_11_29/install/nav2_lifecycle_manager:/home/jucy/ydlidar_ws_11_29/install/nav2_util:/home/jucy/ydlidar_ws_11_29/install/nav2_voxel_grid:/home/jucy/ydlidar_ws_11_29/install/nav2_msgs:/home/jucy/ydlidar_ws_11_29/install/nav_2d_msgs:/home/jucy/ydlidar_ws_11_29/install/nav2_common:${AMENT_PREFIX_PATH} CMAKE_PREFIX_PATH=/home/jucy/ydlidar_ws_11_29/install/nav2_core:/home/jucy/ydlidar_ws_11_29/install/nav2_costmap_2d:/home/jucy/ydlidar_ws_11_29/install/nav_2d_utils:/home/jucy/ydlidar_ws_11_29/install/nav2_map_server:/home/jucy/ydlidar_ws_11_29/install/nav2_lifecycle_manager:/home/jucy/ydlidar_ws_11_29/install/nav2_util:/home/jucy/ydlidar_ws_11_29/install/nav2_voxel_grid:/home/jucy/ydlidar_ws_11_29/install/nav2_msgs:/home/jucy/ydlidar_ws_11_29/install/nav_2d_msgs:/home/jucy/ydlidar_ws_11_29/install/nav2_common:/opt/ros/foxy:/opt/ros/foxy LD_LIBRARY_PATH=/home/jucy/ydlidar_ws_11_29/install/nav2_costmap_2d/lib:/home/jucy/ydlidar_ws_11_29/install/nav_2d_utils/lib:/home/jucy/ydlidar_ws_11_29/install/nav2_map_server/lib:/home/jucy/ydlidar_ws_11_29/install/nav2_lifecycle_manager/lib:/home/jucy/ydlidar_ws_11_29/install/nav2_util/lib:/home/jucy/ydlidar_ws_11_29/install/nav2_voxel_grid/lib:/home/jucy/ydlidar_ws_11_29/install/nav2_msgs/lib:/home/jucy/ydlidar_ws_11_29/install/nav_2d_msgs/lib:${LD_LIBRARY_PATH} PYTHONPATH=/home/jucy/ydlidar_ws_11_29/install/nav2_msgs/lib/python3.8/site-packages:/home/jucy/ydlidar_ws_11_29/install/nav_2d_msgs/lib/python3.8/site-packages:/home/jucy/ydlidar_ws_11_29/install/nav2_common/lib/python3.8/site-packages:${PYTHONPATH} /usr/bin/cmake --install /home/jucy/ydlidar_ws_11_29/build/nav2_controller
[0.417s] -- Install configuration: "Release"
[0.417s] -- Up-to-date: /home/jucy/ydlidar_ws_11_29/install/nav2_controller/lib/libsimple_progress_checker.so
[0.417s] -- Up-to-date: /home/jucy/ydlidar_ws_11_29/install/nav2_controller/lib/libsimple_goal_checker.so
[0.418s] -- Up-to-date: /home/jucy/ydlidar_ws_11_29/install/nav2_controller/lib/libstopped_goal_checker.so
[0.418s] -- Up-to-date: /home/jucy/ydlidar_ws_11_29/install/nav2_controller/lib/libcontroller_server_core.a
[0.418s] -- Up-to-date: /home/jucy/ydlidar_ws_11_29/install/nav2_controller/lib/nav2_controller/controller_server
[0.418s] -- Up-to-date: /home/jucy/ydlidar_ws_11_29/install/nav2_controller/include/
[0.418s] -- Up-to-date: /home/jucy/ydlidar_ws_11_29/install/nav2_controller/include//nav2_controller
[0.418s] -- Up-to-date: /home/jucy/ydlidar_ws_11_29/install/nav2_controller/include//nav2_controller/nav2_controller.hpp
[0.418s] -- Up-to-date: /home/jucy/ydlidar_ws_11_29/install/nav2_controller/include//nav2_controller/plugins
[0.418s] -- Up-to-date: /home/jucy/ydlidar_ws_11_29/install/nav2_controller/include//nav2_controller/plugins/simple_goal_checker.hpp
[0.418s] -- Up-to-date: /home/jucy/ydlidar_ws_11_29/install/nav2_controller/include//nav2_controller/plugins/simple_progress_checker.hpp
[0.419s] -- Up-to-date: /home/jucy/ydlidar_ws_11_29/install/nav2_controller/include//nav2_controller/plugins/stopped_goal_checker.hpp
[0.419s] -- Up-to-date: /home/jucy/ydlidar_ws_11_29/install/nav2_controller/share/nav2_controller/environment/library_path.sh
[0.419s] -- Up-to-date: /home/jucy/ydlidar_ws_11_29/install/nav2_controller/share/nav2_controller/environment/library_path.dsv
[0.419s] -- Up-to-date: /home/jucy/ydlidar_ws_11_29/install/nav2_controller/share/nav2_controller/plugins.xml
[0.419s] -- Up-to-date: /home/jucy/ydlidar_ws_11_29/install/nav2_controller/share/ament_index/resource_index/package_run_dependencies/nav2_controller
[0.419s] -- Up-to-date: /home/jucy/ydlidar_ws_11_29/install/nav2_controller/share/ament_index/resource_index/parent_prefix_path/nav2_controller
[0.419s] -- Up-to-date: /home/jucy/ydlidar_ws_11_29/install/nav2_controller/share/nav2_controller/environment/ament_prefix_path.sh
[0.419s] -- Up-to-date: /home/jucy/ydlidar_ws_11_29/install/nav2_controller/share/nav2_controller/environment/ament_prefix_path.dsv
[0.419s] -- Up-to-date: /home/jucy/ydlidar_ws_11_29/install/nav2_controller/share/nav2_controller/environment/path.sh
[0.419s] -- Up-to-date: /home/jucy/ydlidar_ws_11_29/install/nav2_controller/share/nav2_controller/environment/path.dsv
[0.419s] -- Up-to-date: /home/jucy/ydlidar_ws_11_29/install/nav2_controller/share/nav2_controller/local_setup.bash
[0.419s] -- Up-to-date: /home/jucy/ydlidar_ws_11_29/install/nav2_controller/share/nav2_controller/local_setup.sh
[0.420s] -- Up-to-date: /home/jucy/ydlidar_ws_11_29/install/nav2_controller/share/nav2_controller/local_setup.zsh
[0.420s] -- Up-to-date: /home/jucy/ydlidar_ws_11_29/install/nav2_controller/share/nav2_controller/local_setup.dsv
[0.421s] -- Installing: /home/jucy/ydlidar_ws_11_29/install/nav2_controller/share/nav2_controller/package.dsv
[0.421s] -- Up-to-date: /home/jucy/ydlidar_ws_11_29/install/nav2_controller/share/ament_index/resource_index/packages/nav2_controller
[0.421s] -- Up-to-date: /home/jucy/ydlidar_ws_11_29/install/nav2_controller/share/ament_index/resource_index/nav2_core__pluginlib__plugin/nav2_controller
[0.421s] -- Up-to-date: /home/jucy/ydlidar_ws_11_29/install/nav2_controller/share/nav2_controller/cmake/ament_cmake_export_include_directories-extras.cmake
[0.421s] -- Up-to-date: /home/jucy/ydlidar_ws_11_29/install/nav2_controller/share/nav2_controller/cmake/ament_cmake_export_libraries-extras.cmake
[0.421s] -- Up-to-date: /home/jucy/ydlidar_ws_11_29/install/nav2_controller/share/nav2_controller/cmake/ament_cmake_export_definitions-extras.cmake
[0.422s] -- Up-to-date: /home/jucy/ydlidar_ws_11_29/install/nav2_controller/share/nav2_controller/cmake/nav2_controllerConfig.cmake
[0.422s] -- Up-to-date: /home/jucy/ydlidar_ws_11_29/install/nav2_controller/share/nav2_controller/cmake/nav2_controllerConfig-version.cmake
[0.422s] -- Up-to-date: /home/jucy/ydlidar_ws_11_29/install/nav2_controller/share/nav2_controller/package.xml
[0.455s] Invoked command in '/home/jucy/ydlidar_ws_11_29/build/nav2_controller' returned '0': AMENT_PREFIX_PATH=/home/jucy/ydlidar_ws_11_29/install/nav2_core:/home/jucy/ydlidar_ws_11_29/install/nav2_costmap_2d:/home/jucy/ydlidar_ws_11_29/install/nav_2d_utils:/home/jucy/ydlidar_ws_11_29/install/nav2_map_server:/home/jucy/ydlidar_ws_11_29/install/nav2_lifecycle_manager:/home/jucy/ydlidar_ws_11_29/install/nav2_util:/home/jucy/ydlidar_ws_11_29/install/nav2_voxel_grid:/home/jucy/ydlidar_ws_11_29/install/nav2_msgs:/home/jucy/ydlidar_ws_11_29/install/nav_2d_msgs:/home/jucy/ydlidar_ws_11_29/install/nav2_common:${AMENT_PREFIX_PATH} CMAKE_PREFIX_PATH=/home/jucy/ydlidar_ws_11_29/install/nav2_core:/home/jucy/ydlidar_ws_11_29/install/nav2_costmap_2d:/home/jucy/ydlidar_ws_11_29/install/nav_2d_utils:/home/jucy/ydlidar_ws_11_29/install/nav2_map_server:/home/jucy/ydlidar_ws_11_29/install/nav2_lifecycle_manager:/home/jucy/ydlidar_ws_11_29/install/nav2_util:/home/jucy/ydlidar_ws_11_29/install/nav2_voxel_grid:/home/jucy/ydlidar_ws_11_29/install/nav2_msgs:/home/jucy/ydlidar_ws_11_29/install/nav_2d_msgs:/home/jucy/ydlidar_ws_11_29/install/nav2_common:/opt/ros/foxy:/opt/ros/foxy LD_LIBRARY_PATH=/home/jucy/ydlidar_ws_11_29/install/nav2_costmap_2d/lib:/home/jucy/ydlidar_ws_11_29/install/nav_2d_utils/lib:/home/jucy/ydlidar_ws_11_29/install/nav2_map_server/lib:/home/jucy/ydlidar_ws_11_29/install/nav2_lifecycle_manager/lib:/home/jucy/ydlidar_ws_11_29/install/nav2_util/lib:/home/jucy/ydlidar_ws_11_29/install/nav2_voxel_grid/lib:/home/jucy/ydlidar_ws_11_29/install/nav2_msgs/lib:/home/jucy/ydlidar_ws_11_29/install/nav_2d_msgs/lib:${LD_LIBRARY_PATH} PYTHONPATH=/home/jucy/ydlidar_ws_11_29/install/nav2_msgs/lib/python3.8/site-packages:/home/jucy/ydlidar_ws_11_29/install/nav_2d_msgs/lib/python3.8/site-packages:/home/jucy/ydlidar_ws_11_29/install/nav2_common/lib/python3.8/site-packages:${PYTHONPATH} /usr/bin/cmake --install /home/jucy/ydlidar_ws_11_29/build/nav2_controller
