[0.226s] Invoking command in '/home/jucy/ydlidar_ws_11_29/build/nav2_common': CMAKE_PREFIX_PATH=${CMAKE_PREFIX_PATH}:/home/jucy/ydlidar_ws_11_29/install/nav2_gazebo_spawner:/home/jucy/ydlidar_ws_11_29/install/jdamr200_node:/home/jucy/turtlebot3_ws/install/turtlebot3_teleop:/home/jucy/turtlebot3_ws/install/turtlebot3_example:/home/jucy/turtlebot3_ws/install/nav2_goal_pulisher_test:/home/jucy/turtlebot3_ws/install/nav2_goal_publisher:/home/jucy/ros2_ws/install/nav2_simple_commander:/home/jucy/ros2_ws/install/nav2_gazebo_spawner:/home/jucy/ros2_ws/install/camera_udp_communication:/home/jucy/ros2_ws/install/agv_control_py:/home/jucy/ydlidar_ros2_ws/install/jdamr200_teleop:/home/jucy/ydlidar_ros2_ws/install/jdamr200_node /usr/bin/cmake --build /home/jucy/ydlidar_ws_11_29/build/nav2_common -- -j12 -l12
[1.280s] Invoked command in '/home/jucy/ydlidar_ws_11_29/build/nav2_common' returned '0': CMAKE_PREFIX_PATH=${CMAKE_PREFIX_PATH}:/home/jucy/ydlidar_ws_11_29/install/nav2_gazebo_spawner:/home/jucy/ydlidar_ws_11_29/install/jdamr200_node:/home/jucy/turtlebot3_ws/install/turtlebot3_teleop:/home/jucy/turtlebot3_ws/install/turtlebot3_example:/home/jucy/turtlebot3_ws/install/nav2_goal_pulisher_test:/home/jucy/turtlebot3_ws/install/nav2_goal_publisher:/home/jucy/ros2_ws/install/nav2_simple_commander:/home/jucy/ros2_ws/install/nav2_gazebo_spawner:/home/jucy/ros2_ws/install/camera_udp_communication:/home/jucy/ros2_ws/install/agv_control_py:/home/jucy/ydlidar_ros2_ws/install/jdamr200_teleop:/home/jucy/ydlidar_ros2_ws/install/jdamr200_node /usr/bin/cmake --build /home/jucy/ydlidar_ws_11_29/build/nav2_common -- -j12 -l12
[1.299s] Invoking command in '/home/jucy/ydlidar_ws_11_29/build/nav2_common': CMAKE_PREFIX_PATH=${CMAKE_PREFIX_PATH}:/home/jucy/ydlidar_ws_11_29/install/nav2_gazebo_spawner:/home/jucy/ydlidar_ws_11_29/install/jdamr200_node:/home/jucy/turtlebot3_ws/install/turtlebot3_teleop:/home/jucy/turtlebot3_ws/install/turtlebot3_example:/home/jucy/turtlebot3_ws/install/nav2_goal_pulisher_test:/home/jucy/turtlebot3_ws/install/nav2_goal_publisher:/home/jucy/ros2_ws/install/nav2_simple_commander:/home/jucy/ros2_ws/install/nav2_gazebo_spawner:/home/jucy/ros2_ws/install/camera_udp_communication:/home/jucy/ros2_ws/install/agv_control_py:/home/jucy/ydlidar_ros2_ws/install/jdamr200_teleop:/home/jucy/ydlidar_ros2_ws/install/jdamr200_node /usr/bin/cmake --install /home/jucy/ydlidar_ws_11_29/build/nav2_common
[1.312s] -- Install configuration: ""
[1.312s] -- Up-to-date: /home/jucy/ydlidar_ws_11_29/install/nav2_common/share/nav2_common/environment/pythonpath.sh
[1.312s] -- Up-to-date: /home/jucy/ydlidar_ws_11_29/install/nav2_common/share/nav2_common/environment/pythonpath.dsv
[1.312s] -- Up-to-date: /home/jucy/ydlidar_ws_11_29/install/nav2_common/lib/python3.8/site-packages/nav2_common
[1.313s] -- Up-to-date: /home/jucy/ydlidar_ws_11_29/install/nav2_common/lib/python3.8/site-packages/nav2_common/launch
[1.313s] -- Up-to-date: /home/jucy/ydlidar_ws_11_29/install/nav2_common/lib/python3.8/site-packages/nav2_common/launch/rewritten_yaml.py
[1.313s] -- Up-to-date: /home/jucy/ydlidar_ws_11_29/install/nav2_common/lib/python3.8/site-packages/nav2_common/launch/replace_string.py
[1.314s] -- Up-to-date: /home/jucy/ydlidar_ws_11_29/install/nav2_common/lib/python3.8/site-packages/nav2_common/launch/has_node_params.py
[1.314s] -- Up-to-date: /home/jucy/ydlidar_ws_11_29/install/nav2_common/lib/python3.8/site-packages/nav2_common/launch/__init__.py
[1.314s] -- Up-to-date: /home/jucy/ydlidar_ws_11_29/install/nav2_common/lib/python3.8/site-packages/nav2_common/__init__.py
[1.435s] Listing '/home/jucy/ydlidar_ws_11_29/install/nav2_common/lib/python3.8/site-packages/nav2_common'...
[1.436s] Listing '/home/jucy/ydlidar_ws_11_29/install/nav2_common/lib/python3.8/site-packages/nav2_common/launch'...
[1.441s] -- Up-to-date: /home/jucy/ydlidar_ws_11_29/install/nav2_common/share/ament_index/resource_index/package_run_dependencies/nav2_common
[1.441s] -- Up-to-date: /home/jucy/ydlidar_ws_11_29/install/nav2_common/share/ament_index/resource_index/parent_prefix_path/nav2_common
[1.441s] -- Up-to-date: /home/jucy/ydlidar_ws_11_29/install/nav2_common/share/nav2_common/environment/ament_prefix_path.sh
[1.441s] -- Up-to-date: /home/jucy/ydlidar_ws_11_29/install/nav2_common/share/nav2_common/environment/ament_prefix_path.dsv
[1.442s] -- Up-to-date: /home/jucy/ydlidar_ws_11_29/install/nav2_common/share/nav2_common/environment/path.sh
[1.442s] -- Up-to-date: /home/jucy/ydlidar_ws_11_29/install/nav2_common/share/nav2_common/environment/path.dsv
[1.442s] -- Up-to-date: /home/jucy/ydlidar_ws_11_29/install/nav2_common/share/nav2_common/local_setup.bash
[1.442s] -- Up-to-date: /home/jucy/ydlidar_ws_11_29/install/nav2_common/share/nav2_common/local_setup.sh
[1.442s] -- Up-to-date: /home/jucy/ydlidar_ws_11_29/install/nav2_common/share/nav2_common/local_setup.zsh
[1.442s] -- Up-to-date: /home/jucy/ydlidar_ws_11_29/install/nav2_common/share/nav2_common/local_setup.dsv
[1.442s] -- Installing: /home/jucy/ydlidar_ws_11_29/install/nav2_common/share/nav2_common/package.dsv
[1.477s] -- Up-to-date: /home/jucy/ydlidar_ws_11_29/install/nav2_common/share/ament_index/resource_index/packages/nav2_common
[1.477s] -- Up-to-date: /home/jucy/ydlidar_ws_11_29/install/nav2_common/share/nav2_common/cmake/nav2_common-extras.cmake
[1.477s] -- Up-to-date: /home/jucy/ydlidar_ws_11_29/install/nav2_common/share/nav2_common/cmake/nav2_commonConfig.cmake
[1.477s] -- Up-to-date: /home/jucy/ydlidar_ws_11_29/install/nav2_common/share/nav2_common/cmake/nav2_commonConfig-version.cmake
[1.477s] -- Up-to-date: /home/jucy/ydlidar_ws_11_29/install/nav2_common/share/nav2_common/package.xml
[1.477s] -- Up-to-date: /home/jucy/ydlidar_ws_11_29/install/nav2_common/share/nav2_common/cmake
[1.477s] -- Up-to-date: /home/jucy/ydlidar_ws_11_29/install/nav2_common/share/nav2_common/cmake/nav2_package.cmake
[1.480s] Invoked command in '/home/jucy/ydlidar_ws_11_29/build/nav2_common' returned '0': CMAKE_PREFIX_PATH=${CMAKE_PREFIX_PATH}:/home/jucy/ydlidar_ws_11_29/install/nav2_gazebo_spawner:/home/jucy/ydlidar_ws_11_29/install/jdamr200_node:/home/jucy/turtlebot3_ws/install/turtlebot3_teleop:/home/jucy/turtlebot3_ws/install/turtlebot3_example:/home/jucy/turtlebot3_ws/install/nav2_goal_pulisher_test:/home/jucy/turtlebot3_ws/install/nav2_goal_publisher:/home/jucy/ros2_ws/install/nav2_simple_commander:/home/jucy/ros2_ws/install/nav2_gazebo_spawner:/home/jucy/ros2_ws/install/camera_udp_communication:/home/jucy/ros2_ws/install/agv_control_py:/home/jucy/ydlidar_ros2_ws/install/jdamr200_teleop:/home/jucy/ydlidar_ros2_ws/install/jdamr200_node /usr/bin/cmake --install /home/jucy/ydlidar_ws_11_29/build/nav2_common
