[0.330s] Invoking command in '/home/jucy/ydlidar_ws_11_29/ydlidar_ws/build/nav2_costmap_2d': AMENT_PREFIX_PATH=/home/jucy/ydlidar_ws_11_29/ydlidar_ws/install/nav2_map_server:/home/jucy/ydlidar_ws_11_29/ydlidar_ws/install/nav2_lifecycle_manager:/home/jucy/ydlidar_ws_11_29/ydlidar_ws/install/nav2_util:/home/jucy/ydlidar_ws_11_29/ydlidar_ws/install/nav2_voxel_grid:/home/jucy/ydlidar_ws_11_29/ydlidar_ws/install/nav2_msgs:/home/jucy/ydlidar_ws_11_29/ydlidar_ws/install/nav2_common:${AMENT_PREFIX_PATH} CMAKE_PREFIX_PATH=/home/jucy/ydlidar_ws_11_29/ydlidar_ws/install/nav2_map_server:/home/jucy/ydlidar_ws_11_29/ydlidar_ws/install/nav2_lifecycle_manager:/home/jucy/ydlidar_ws_11_29/ydlidar_ws/install/nav2_util:/home/jucy/ydlidar_ws_11_29/ydlidar_ws/install/nav2_voxel_grid:/home/jucy/ydlidar_ws_11_29/ydlidar_ws/install/nav2_msgs:/home/jucy/ydlidar_ws_11_29/ydlidar_ws/install/nav2_common:/home/jucy/ydlidar_ws_11_29/install/ydlidar_ros2_driver:/home/jucy/ydlidar_ws_11_29/install/nav2_system_tests:/home/jucy/ydlidar_ws_11_29/install/myagv_navigation2:/home/jucy/ydlidar_ws_11_29/install/nav2_bringup:/home/jucy/ydlidar_ws_11_29/install/navigation2:/home/jucy/ydlidar_ws_11_29/install/smac_planner:/home/jucy/ydlidar_ws_11_29/install/nav2_dwb_controller:/home/jucy/ydlidar_ws_11_29/install/nav2_controller:/home/jucy/ydlidar_ws_11_29/install/dwb_plugins:/home/jucy/ydlidar_ws_11_29/install/dwb_critics:/home/jucy/ydlidar_ws_11_29/install/dwb_core:/home/jucy/ydlidar_ws_11_29/install/nav_2d_utils:/home/jucy/ydlidar_ws_11_29/install/dwb_msgs:/home/jucy/ydlidar_ws_11_29/install/nav_2d_msgs:/home/jucy/ydlidar_ws_11_29/install/nav2_waypoint_follower:/home/jucy/ydlidar_ws_11_29/install/nav2_regulated_pure_pursuit_controller:/home/jucy/ydlidar_ws_11_29/install/nav2_recoveries:/home/jucy/ydlidar_ws_11_29/install/nav2_planner:/home/jucy/ydlidar_ws_11_29/install/nav2_navfn_planner:/home/jucy/ydlidar_ws_11_29/install/nav2_core:/home/jucy/ydlidar_ws_11_29/install/costmap_queue:/home/jucy/ydlidar_ws_11_29/install/nav2_costmap_2d:/home/jucy/ydlidar_ws_11_29/install/nav2_voxel_grid:/home/jucy/ydlidar_ws_11_29/install/nav2_rviz_plugins:/home/jucy/ydlidar_ws_11_29/install/nav2_map_server:/home/jucy/ydlidar_ws_11_29/install/nav2_lifecycle_manager:/home/jucy/ydlidar_ws_11_29/install/nav2_bt_navigator:/home/jucy/ydlidar_ws_11_29/install/nav2_behavior_tree:/home/jucy/ydlidar_ws_11_29/install/nav2_amcl:/home/jucy/ydlidar_ws_11_29/install/nav2_util:/home/jucy/ydlidar_ws_11_29/install/nav2_msgs:/home/jucy/ydlidar_ws_11_29/install/nav2_common:/home/jucy/ydlidar_ws_11_29/install/myagv_bringup:/home/jucy/ydlidar_ws_11_29/install/myagv_description:/home/jucy/new_ws/install/myagv_description:/home/jucy/new_ws/install/aseembly:/home/jucy/turtlebot3_ws/install/turtlebot3:/home/jucy/turtlebot3_ws/install/turtlebot3_simulations:/home/jucy/turtlebot3_ws/install/turtlebot3_bringup:/home/jucy/turtlebot3_ws/install/turtlebot3_node:/home/jucy/turtlebot3_ws/install/turtlebot3_navigation2:/home/jucy/turtlebot3_ws/install/turtlebot3_fake_node:/home/jucy/turtlebot3_ws/install/turtlebot3_msgs:/home/jucy/turtlebot3_ws/install/turtlebot3_gazebo:/home/jucy/turtlebot3_ws/install/turtlebot3_description:/home/jucy/turtlebot3_ws/install/turtlebot3_cartographer:/home/jucy/turtlebot3_ws/install/dynamixel_sdk_examples:/home/jucy/turtlebot3_ws/install/dynamixel_sdk_custom_interfaces:/home/jucy/turtlebot3_ws/install/dynamixel_sdk:/home/jucy/ros2_ws/install/ps2_controller:/home/jucy/ydlidar_ros2_ws/install/ydlidar_ros2_driver:/home/jucy/ydlidar_ros2_ws/install/ps2_controller:/home/jucy/ydlidar_ros2_ws/install/myagv_navigation2:/home/jucy/ydlidar_ros2_ws/install/myagv_bringup:/home/jucy/ydlidar_ros2_ws/install/myagv_description:/home/jucy/ydlidar_ros2_wss/install/ydlidar_ros2_driver:/opt/ros/foxy:/opt/ros/foxy:/home/jucy/ydlidar_ws_11_29/install/nav2_gazebo_spawner:/home/jucy/ydlidar_ws_11_29/install/jdamr200_node:/home/jucy/turtlebot3_ws/install/turtlebot3_teleop:/home/jucy/turtlebot3_ws/install/turtlebot3_example:/home/jucy/turtlebot3_ws/install/nav2_goal_pulisher_test:/home/jucy/turtlebot3_ws/install/nav2_goal_publisher:/home/jucy/ros2_ws/install/camera_udp_communication:/home/jucy/ros2_ws/install/agv_control_py:/home/jucy/ydlidar_ros2_ws/install/jdamr200_teleop:/home/jucy/ydlidar_ros2_ws/install/jdamr200_node LD_LIBRARY_PATH=/home/jucy/ydlidar_ws_11_29/ydlidar_ws/install/nav2_map_server/lib:/home/jucy/ydlidar_ws_11_29/ydlidar_ws/install/nav2_lifecycle_manager/lib:/home/jucy/ydlidar_ws_11_29/ydlidar_ws/install/nav2_util/lib:/home/jucy/ydlidar_ws_11_29/ydlidar_ws/install/nav2_voxel_grid/lib:/home/jucy/ydlidar_ws_11_29/ydlidar_ws/install/nav2_msgs/lib:${LD_LIBRARY_PATH} PYTHONPATH=/home/jucy/ydlidar_ws_11_29/ydlidar_ws/install/nav2_msgs/lib/python3.8/site-packages:/home/jucy/ydlidar_ws_11_29/ydlidar_ws/install/nav2_common/lib/python3.8/site-packages:${PYTHONPATH} /usr/bin/cmake /home/jucy/ydlidar_ws_11_29/ydlidar_ws/src/navigation2/nav2_costmap_2d -DCMAKE_INSTALL_PREFIX=/home/jucy/ydlidar_ws_11_29/ydlidar_ws/install/nav2_costmap_2d
[0.681s] -- The C compiler identification is GNU 9.4.0
[0.969s] -- The CXX compiler identification is GNU 9.4.0
[1.003s] -- Check for working C compiler: /usr/bin/cc
[1.469s] -- Check for working C compiler: /usr/bin/cc -- works
[1.471s] -- Detecting C compiler ABI info
[1.910s] -- Detecting C compiler ABI info - done
[1.956s] -- Detecting C compile features
[1.957s] -- Detecting C compile features - done
[1.962s] -- Check for working CXX compiler: /usr/bin/c++
[2.466s] -- Check for working CXX compiler: /usr/bin/c++ -- works
[2.468s] -- Detecting CXX compiler ABI info
[2.974s] -- Detecting CXX compiler ABI info - done
[3.015s] -- Detecting CXX compile features
[3.016s] -- Detecting CXX compile features - done
[3.046s] -- Found ament_cmake: 0.9.12 (/opt/ros/foxy/share/ament_cmake/cmake)
[3.261s] -- Found PythonInterp: /usr/bin/python3 (found suitable version "3.8.10", minimum required is "3") 
[3.261s] -- Using PYTHON_EXECUTABLE: /usr/bin/python3
[4.159s] -- Found geometry_msgs: 2.0.5 (/opt/ros/foxy/share/geometry_msgs/cmake)
[4.389s] -- Using all available rosidl_typesupport_c: rosidl_typesupport_fastrtps_c;rosidl_typesupport_introspection_c
[4.434s] -- Found rosidl_adapter: 1.3.1 (/opt/ros/foxy/share/rosidl_adapter/cmake)
[5.035s] -- Found OpenSSL: /usr/lib/x86_64-linux-gnu/libcrypto.so (found version "1.1.1f")  
[5.219s] -- Found FastRTPS: /opt/ros/foxy/include  
[5.529s] -- Using all available rosidl_typesupport_cpp: rosidl_typesupport_fastrtps_cpp;rosidl_typesupport_introspection_cpp
[5.764s] -- Found laser_geometry: 2.2.0 (/opt/ros/foxy/share/laser_geometry/cmake)
[5.815s] -- Found map_msgs: 2.0.2 (/opt/ros/foxy/share/map_msgs/cmake)
[6.727s] -- Found message_filters: 3.2.7 (/opt/ros/foxy/share/message_filters/cmake)
[6.733s] -- Found nav2_common: 0.4.7 (/home/jucy/ydlidar_ws_11_29/ydlidar_ws/install/nav2_common/share/nav2_common/cmake)
[6.736s] -- Found nav2_msgs: 0.4.7 (/home/jucy/ydlidar_ws_11_29/ydlidar_ws/install/nav2_msgs/share/nav2_msgs/cmake)
[7.598s] -- Found nav2_util: 0.4.7 (/home/jucy/ydlidar_ws_11_29/ydlidar_ws/install/nav2_util/share/nav2_util/cmake)
[7.973s] -- Found rmw_implementation_cmake: 1.0.4 (/opt/ros/foxy/share/rmw_implementation_cmake/cmake)
[7.986s] -- Using RMW implementation 'rmw_fastrtps_cpp' as default
[7.988s] -- Looking for pthread.h
[8.379s] -- Looking for pthread.h - found
[8.379s] -- Performing Test CMAKE_HAVE_LIBC_PTHREAD
[8.735s] -- Performing Test CMAKE_HAVE_LIBC_PTHREAD - Failed
[8.736s] -- Looking for pthread_create in pthreads
[9.087s] -- Looking for pthread_create in pthreads - not found
[9.087s] -- Looking for pthread_create in pthread
[9.532s] -- Looking for pthread_create in pthread - found
[9.534s] -- Found Threads: TRUE  
[11.428s] -- Found Eigen3: TRUE (found version "3.3.7") 
[12.172s] -- Found nav2_voxel_grid: 0.4.7 (/home/jucy/ydlidar_ws_11_29/ydlidar_ws/install/nav2_voxel_grid/share/nav2_voxel_grid/cmake)
[12.210s] -- Found pluginlib: 2.5.4 (/opt/ros/foxy/share/pluginlib/cmake)
[12.350s] -- Found tf2_sensor_msgs: 0.13.14 (/opt/ros/foxy/share/tf2_sensor_msgs/cmake)
[12.457s] -- Found visualization_msgs: 2.0.5 (/opt/ros/foxy/share/visualization_msgs/cmake)
[12.851s] -- Found angles: 1.12.6 (/opt/ros/foxy/share/angles/cmake)
[12.857s] -- Setting build type to Release as none was specified.
[15.254s] -- Found ament_lint_auto: 0.9.8 (/opt/ros/foxy/share/ament_lint_auto/cmake)
[16.215s] -- Found gtest sources under '/opt/ros/foxy/src/gtest_vendor': C++ tests using 'Google Test' will be built
[16.220s] -- Check if compiler accepts -pthread
[16.434s] -- Check if compiler accepts -pthread - yes
[16.447s] -- Found gtest sources under '/opt/ros/foxy/src/gtest_vendor': C++ tests using 'Google Test' will be built
[18.645s] -- Added test 'cppcheck' to perform static code analysis on C / C++ code
[18.646s] -- Configured cppcheck include dirs: /home/jucy/ydlidar_ws_11_29/ydlidar_ws/src/navigation2/nav2_costmap_2d/include
[18.646s] -- Configured cppcheck exclude dirs and/or files: 
[18.650s] -- Added test 'flake8' to check Python code syntax and style conventions
[18.654s] -- Added test 'lint_cmake' to check CMake code style
[18.657s] -- Added test 'pep257' to check Python code against some of the style conventions in PEP 257
[18.666s] -- Added test 'uncrustify' to check C / C++ code style
[18.667s] -- Configured uncrustify additional arguments: 
[18.670s] -- Added test 'xmllint' to check XML markup files
[18.713s] -- Configuring done
[19.541s] -- Generating done
[19.811s] -- Build files have been written to: /home/jucy/ydlidar_ws_11_29/ydlidar_ws/build/nav2_costmap_2d
[19.828s] Invoked command in '/home/jucy/ydlidar_ws_11_29/ydlidar_ws/build/nav2_costmap_2d' returned '0': AMENT_PREFIX_PATH=/home/jucy/ydlidar_ws_11_29/ydlidar_ws/install/nav2_map_server:/home/jucy/ydlidar_ws_11_29/ydlidar_ws/install/nav2_lifecycle_manager:/home/jucy/ydlidar_ws_11_29/ydlidar_ws/install/nav2_util:/home/jucy/ydlidar_ws_11_29/ydlidar_ws/install/nav2_voxel_grid:/home/jucy/ydlidar_ws_11_29/ydlidar_ws/install/nav2_msgs:/home/jucy/ydlidar_ws_11_29/ydlidar_ws/install/nav2_common:${AMENT_PREFIX_PATH} CMAKE_PREFIX_PATH=/home/jucy/ydlidar_ws_11_29/ydlidar_ws/install/nav2_map_server:/home/jucy/ydlidar_ws_11_29/ydlidar_ws/install/nav2_lifecycle_manager:/home/jucy/ydlidar_ws_11_29/ydlidar_ws/install/nav2_util:/home/jucy/ydlidar_ws_11_29/ydlidar_ws/install/nav2_voxel_grid:/home/jucy/ydlidar_ws_11_29/ydlidar_ws/install/nav2_msgs:/home/jucy/ydlidar_ws_11_29/ydlidar_ws/install/nav2_common:/home/jucy/ydlidar_ws_11_29/install/ydlidar_ros2_driver:/home/jucy/ydlidar_ws_11_29/install/nav2_system_tests:/home/jucy/ydlidar_ws_11_29/install/myagv_navigation2:/home/jucy/ydlidar_ws_11_29/install/nav2_bringup:/home/jucy/ydlidar_ws_11_29/install/navigation2:/home/jucy/ydlidar_ws_11_29/install/smac_planner:/home/jucy/ydlidar_ws_11_29/install/nav2_dwb_controller:/home/jucy/ydlidar_ws_11_29/install/nav2_controller:/home/jucy/ydlidar_ws_11_29/install/dwb_plugins:/home/jucy/ydlidar_ws_11_29/install/dwb_critics:/home/jucy/ydlidar_ws_11_29/install/dwb_core:/home/jucy/ydlidar_ws_11_29/install/nav_2d_utils:/home/jucy/ydlidar_ws_11_29/install/dwb_msgs:/home/jucy/ydlidar_ws_11_29/install/nav_2d_msgs:/home/jucy/ydlidar_ws_11_29/install/nav2_waypoint_follower:/home/jucy/ydlidar_ws_11_29/install/nav2_regulated_pure_pursuit_controller:/home/jucy/ydlidar_ws_11_29/install/nav2_recoveries:/home/jucy/ydlidar_ws_11_29/install/nav2_planner:/home/jucy/ydlidar_ws_11_29/install/nav2_navfn_planner:/home/jucy/ydlidar_ws_11_29/install/nav2_core:/home/jucy/ydlidar_ws_11_29/install/costmap_queue:/home/jucy/ydlidar_ws_11_29/install/nav2_costmap_2d:/home/jucy/ydlidar_ws_11_29/install/nav2_voxel_grid:/home/jucy/ydlidar_ws_11_29/install/nav2_rviz_plugins:/home/jucy/ydlidar_ws_11_29/install/nav2_map_server:/home/jucy/ydlidar_ws_11_29/install/nav2_lifecycle_manager:/home/jucy/ydlidar_ws_11_29/install/nav2_bt_navigator:/home/jucy/ydlidar_ws_11_29/install/nav2_behavior_tree:/home/jucy/ydlidar_ws_11_29/install/nav2_amcl:/home/jucy/ydlidar_ws_11_29/install/nav2_util:/home/jucy/ydlidar_ws_11_29/install/nav2_msgs:/home/jucy/ydlidar_ws_11_29/install/nav2_common:/home/jucy/ydlidar_ws_11_29/install/myagv_bringup:/home/jucy/ydlidar_ws_11_29/install/myagv_description:/home/jucy/new_ws/install/myagv_description:/home/jucy/new_ws/install/aseembly:/home/jucy/turtlebot3_ws/install/turtlebot3:/home/jucy/turtlebot3_ws/install/turtlebot3_simulations:/home/jucy/turtlebot3_ws/install/turtlebot3_bringup:/home/jucy/turtlebot3_ws/install/turtlebot3_node:/home/jucy/turtlebot3_ws/install/turtlebot3_navigation2:/home/jucy/turtlebot3_ws/install/turtlebot3_fake_node:/home/jucy/turtlebot3_ws/install/turtlebot3_msgs:/home/jucy/turtlebot3_ws/install/turtlebot3_gazebo:/home/jucy/turtlebot3_ws/install/turtlebot3_description:/home/jucy/turtlebot3_ws/install/turtlebot3_cartographer:/home/jucy/turtlebot3_ws/install/dynamixel_sdk_examples:/home/jucy/turtlebot3_ws/install/dynamixel_sdk_custom_interfaces:/home/jucy/turtlebot3_ws/install/dynamixel_sdk:/home/jucy/ros2_ws/install/ps2_controller:/home/jucy/ydlidar_ros2_ws/install/ydlidar_ros2_driver:/home/jucy/ydlidar_ros2_ws/install/ps2_controller:/home/jucy/ydlidar_ros2_ws/install/myagv_navigation2:/home/jucy/ydlidar_ros2_ws/install/myagv_bringup:/home/jucy/ydlidar_ros2_ws/install/myagv_description:/home/jucy/ydlidar_ros2_wss/install/ydlidar_ros2_driver:/opt/ros/foxy:/opt/ros/foxy:/home/jucy/ydlidar_ws_11_29/install/nav2_gazebo_spawner:/home/jucy/ydlidar_ws_11_29/install/jdamr200_node:/home/jucy/turtlebot3_ws/install/turtlebot3_teleop:/home/jucy/turtlebot3_ws/install/turtlebot3_example:/home/jucy/turtlebot3_ws/install/nav2_goal_pulisher_test:/home/jucy/turtlebot3_ws/install/nav2_goal_publisher:/home/jucy/ros2_ws/install/camera_udp_communication:/home/jucy/ros2_ws/install/agv_control_py:/home/jucy/ydlidar_ros2_ws/install/jdamr200_teleop:/home/jucy/ydlidar_ros2_ws/install/jdamr200_node LD_LIBRARY_PATH=/home/jucy/ydlidar_ws_11_29/ydlidar_ws/install/nav2_map_server/lib:/home/jucy/ydlidar_ws_11_29/ydlidar_ws/install/nav2_lifecycle_manager/lib:/home/jucy/ydlidar_ws_11_29/ydlidar_ws/install/nav2_util/lib:/home/jucy/ydlidar_ws_11_29/ydlidar_ws/install/nav2_voxel_grid/lib:/home/jucy/ydlidar_ws_11_29/ydlidar_ws/install/nav2_msgs/lib:${LD_LIBRARY_PATH} PYTHONPATH=/home/jucy/ydlidar_ws_11_29/ydlidar_ws/install/nav2_msgs/lib/python3.8/site-packages:/home/jucy/ydlidar_ws_11_29/ydlidar_ws/install/nav2_common/lib/python3.8/site-packages:${PYTHONPATH} /usr/bin/cmake /home/jucy/ydlidar_ws_11_29/ydlidar_ws/src/navigation2/nav2_costmap_2d -DCMAKE_INSTALL_PREFIX=/home/jucy/ydlidar_ws_11_29/ydlidar_ws/install/nav2_costmap_2d
[19.832s] Invoking command in '/home/jucy/ydlidar_ws_11_29/ydlidar_ws/build/nav2_costmap_2d': AMENT_PREFIX_PATH=/home/jucy/ydlidar_ws_11_29/ydlidar_ws/install/nav2_map_server:/home/jucy/ydlidar_ws_11_29/ydlidar_ws/install/nav2_lifecycle_manager:/home/jucy/ydlidar_ws_11_29/ydlidar_ws/install/nav2_util:/home/jucy/ydlidar_ws_11_29/ydlidar_ws/install/nav2_voxel_grid:/home/jucy/ydlidar_ws_11_29/ydlidar_ws/install/nav2_msgs:/home/jucy/ydlidar_ws_11_29/ydlidar_ws/install/nav2_common:${AMENT_PREFIX_PATH} CMAKE_PREFIX_PATH=/home/jucy/ydlidar_ws_11_29/ydlidar_ws/install/nav2_map_server:/home/jucy/ydlidar_ws_11_29/ydlidar_ws/install/nav2_lifecycle_manager:/home/jucy/ydlidar_ws_11_29/ydlidar_ws/install/nav2_util:/home/jucy/ydlidar_ws_11_29/ydlidar_ws/install/nav2_voxel_grid:/home/jucy/ydlidar_ws_11_29/ydlidar_ws/install/nav2_msgs:/home/jucy/ydlidar_ws_11_29/ydlidar_ws/install/nav2_common:/home/jucy/ydlidar_ws_11_29/install/ydlidar_ros2_driver:/home/jucy/ydlidar_ws_11_29/install/nav2_system_tests:/home/jucy/ydlidar_ws_11_29/install/myagv_navigation2:/home/jucy/ydlidar_ws_11_29/install/nav2_bringup:/home/jucy/ydlidar_ws_11_29/install/navigation2:/home/jucy/ydlidar_ws_11_29/install/smac_planner:/home/jucy/ydlidar_ws_11_29/install/nav2_dwb_controller:/home/jucy/ydlidar_ws_11_29/install/nav2_controller:/home/jucy/ydlidar_ws_11_29/install/dwb_plugins:/home/jucy/ydlidar_ws_11_29/install/dwb_critics:/home/jucy/ydlidar_ws_11_29/install/dwb_core:/home/jucy/ydlidar_ws_11_29/install/nav_2d_utils:/home/jucy/ydlidar_ws_11_29/install/dwb_msgs:/home/jucy/ydlidar_ws_11_29/install/nav_2d_msgs:/home/jucy/ydlidar_ws_11_29/install/nav2_waypoint_follower:/home/jucy/ydlidar_ws_11_29/install/nav2_regulated_pure_pursuit_controller:/home/jucy/ydlidar_ws_11_29/install/nav2_recoveries:/home/jucy/ydlidar_ws_11_29/install/nav2_planner:/home/jucy/ydlidar_ws_11_29/install/nav2_navfn_planner:/home/jucy/ydlidar_ws_11_29/install/nav2_core:/home/jucy/ydlidar_ws_11_29/install/costmap_queue:/home/jucy/ydlidar_ws_11_29/install/nav2_costmap_2d:/home/jucy/ydlidar_ws_11_29/install/nav2_voxel_grid:/home/jucy/ydlidar_ws_11_29/install/nav2_rviz_plugins:/home/jucy/ydlidar_ws_11_29/install/nav2_map_server:/home/jucy/ydlidar_ws_11_29/install/nav2_lifecycle_manager:/home/jucy/ydlidar_ws_11_29/install/nav2_bt_navigator:/home/jucy/ydlidar_ws_11_29/install/nav2_behavior_tree:/home/jucy/ydlidar_ws_11_29/install/nav2_amcl:/home/jucy/ydlidar_ws_11_29/install/nav2_util:/home/jucy/ydlidar_ws_11_29/install/nav2_msgs:/home/jucy/ydlidar_ws_11_29/install/nav2_common:/home/jucy/ydlidar_ws_11_29/install/myagv_bringup:/home/jucy/ydlidar_ws_11_29/install/myagv_description:/home/jucy/new_ws/install/myagv_description:/home/jucy/new_ws/install/aseembly:/home/jucy/turtlebot3_ws/install/turtlebot3:/home/jucy/turtlebot3_ws/install/turtlebot3_simulations:/home/jucy/turtlebot3_ws/install/turtlebot3_bringup:/home/jucy/turtlebot3_ws/install/turtlebot3_node:/home/jucy/turtlebot3_ws/install/turtlebot3_navigation2:/home/jucy/turtlebot3_ws/install/turtlebot3_fake_node:/home/jucy/turtlebot3_ws/install/turtlebot3_msgs:/home/jucy/turtlebot3_ws/install/turtlebot3_gazebo:/home/jucy/turtlebot3_ws/install/turtlebot3_description:/home/jucy/turtlebot3_ws/install/turtlebot3_cartographer:/home/jucy/turtlebot3_ws/install/dynamixel_sdk_examples:/home/jucy/turtlebot3_ws/install/dynamixel_sdk_custom_interfaces:/home/jucy/turtlebot3_ws/install/dynamixel_sdk:/home/jucy/ros2_ws/install/ps2_controller:/home/jucy/ydlidar_ros2_ws/install/ydlidar_ros2_driver:/home/jucy/ydlidar_ros2_ws/install/ps2_controller:/home/jucy/ydlidar_ros2_ws/install/myagv_navigation2:/home/jucy/ydlidar_ros2_ws/install/myagv_bringup:/home/jucy/ydlidar_ros2_ws/install/myagv_description:/home/jucy/ydlidar_ros2_wss/install/ydlidar_ros2_driver:/opt/ros/foxy:/opt/ros/foxy:/home/jucy/ydlidar_ws_11_29/install/nav2_gazebo_spawner:/home/jucy/ydlidar_ws_11_29/install/jdamr200_node:/home/jucy/turtlebot3_ws/install/turtlebot3_teleop:/home/jucy/turtlebot3_ws/install/turtlebot3_example:/home/jucy/turtlebot3_ws/install/nav2_goal_pulisher_test:/home/jucy/turtlebot3_ws/install/nav2_goal_publisher:/home/jucy/ros2_ws/install/camera_udp_communication:/home/jucy/ros2_ws/install/agv_control_py:/home/jucy/ydlidar_ros2_ws/install/jdamr200_teleop:/home/jucy/ydlidar_ros2_ws/install/jdamr200_node LD_LIBRARY_PATH=/home/jucy/ydlidar_ws_11_29/ydlidar_ws/install/nav2_map_server/lib:/home/jucy/ydlidar_ws_11_29/ydlidar_ws/install/nav2_lifecycle_manager/lib:/home/jucy/ydlidar_ws_11_29/ydlidar_ws/install/nav2_util/lib:/home/jucy/ydlidar_ws_11_29/ydlidar_ws/install/nav2_voxel_grid/lib:/home/jucy/ydlidar_ws_11_29/ydlidar_ws/install/nav2_msgs/lib:${LD_LIBRARY_PATH} PYTHONPATH=/home/jucy/ydlidar_ws_11_29/ydlidar_ws/install/nav2_msgs/lib/python3.8/site-packages:/home/jucy/ydlidar_ws_11_29/ydlidar_ws/install/nav2_common/lib/python3.8/site-packages:${PYTHONPATH} /usr/bin/cmake --build /home/jucy/ydlidar_ws_11_29/ydlidar_ws/build/nav2_costmap_2d -- -j12 -l12
[19.910s] [35m[1mScanning dependencies of target nav2_costmap_2d_core[0m
[19.917s] [35m[1mScanning dependencies of target gtest_main[0m
[19.917s] [35m[1mScanning dependencies of target gtest[0m
[19.946s] [  2%] [32mBuilding CXX object gtest/CMakeFiles/gtest_main.dir/src/gtest_main.cc.o[0m
[19.959s] [  4%] [32mBuilding CXX object gtest/CMakeFiles/gtest.dir/src/gtest-all.cc.o[0m
[20.810s] [  6%] [32m[1mLinking CXX static library libgtest_main.a[0m
[20.873s] [  6%] Built target gtest_main
[21.380s] [  8%] [32mBuilding CXX object CMakeFiles/nav2_costmap_2d_core.dir/src/array_parser.cpp.o[0m
[21.383s] [ 10%] [32mBuilding CXX object CMakeFiles/nav2_costmap_2d_core.dir/src/costmap_2d.cpp.o[0m
[21.390s] [ 12%] [32mBuilding CXX object CMakeFiles/nav2_costmap_2d_core.dir/src/layer.cpp.o[0m
[21.391s] [ 14%] [32mBuilding CXX object CMakeFiles/nav2_costmap_2d_core.dir/src/layered_costmap.cpp.o[0m
[21.394s] [ 16%] [32mBuilding CXX object CMakeFiles/nav2_costmap_2d_core.dir/src/costmap_2d_ros.cpp.o[0m
[21.395s] [ 18%] [32mBuilding CXX object CMakeFiles/nav2_costmap_2d_core.dir/src/costmap_math.cpp.o[0m
[21.396s] [ 20%] [32mBuilding CXX object CMakeFiles/nav2_costmap_2d_core.dir/src/costmap_2d_publisher.cpp.o[0m
[21.402s] [ 22%] [32mBuilding CXX object CMakeFiles/nav2_costmap_2d_core.dir/src/footprint.cpp.o[0m
[21.407s] [ 25%] [32mBuilding CXX object CMakeFiles/nav2_costmap_2d_core.dir/src/costmap_layer.cpp.o[0m
[21.412s] [ 27%] [32mBuilding CXX object CMakeFiles/nav2_costmap_2d_core.dir/src/observation_buffer.cpp.o[0m
[21.413s] [ 29%] [32mBuilding CXX object CMakeFiles/nav2_costmap_2d_core.dir/src/clear_costmap_service.cpp.o[0m
[22.187s] [ 31%] [32mBuilding CXX object CMakeFiles/nav2_costmap_2d_core.dir/src/footprint_collision_checker.cpp.o[0m
[36.418s] [ 33%] [32m[1mLinking CXX static library libgtest.a[0m
[36.692s] [ 33%] Built target gtest
[53.092s] [ 35%] [32m[1mLinking CXX shared library libnav2_costmap_2d_core.so[0m
[53.480s] [ 35%] Built target nav2_costmap_2d_core
[53.499s] [35m[1mScanning dependencies of target nav2_costmap_2d_markers[0m
[53.499s] [35m[1mScanning dependencies of target nav2_costmap_2d_cloud[0m
[53.499s] [35m[1mScanning dependencies of target nav2_costmap_2d_client[0m
[53.499s] [35m[1mScanning dependencies of target layers[0m
[53.581s] [ 37%] [32mBuilding CXX object CMakeFiles/nav2_costmap_2d_cloud.dir/src/costmap_2d_cloud.cpp.o[0m
[53.591s] [ 39%] [32mBuilding CXX object CMakeFiles/nav2_costmap_2d_client.dir/src/footprint_subscriber.cpp.o[0m
[53.597s] [ 43%] [32mBuilding CXX object CMakeFiles/nav2_costmap_2d_client.dir/src/costmap_subscriber.cpp.o[0m
[53.597s] [ 43%] [32mBuilding CXX object CMakeFiles/nav2_costmap_2d_markers.dir/src/costmap_2d_markers.cpp.o[0m
[53.598s] [ 45%] [32mBuilding CXX object CMakeFiles/nav2_costmap_2d_client.dir/src/costmap_topic_collision_checker.cpp.o[0m
[53.748s] [ 47%] [32mBuilding CXX object CMakeFiles/layers.dir/plugins/inflation_layer.cpp.o[0m
[53.749s] [ 50%] [32mBuilding CXX object CMakeFiles/layers.dir/plugins/static_layer.cpp.o[0m
[53.760s] [ 54%] [32mBuilding CXX object CMakeFiles/layers.dir/plugins/obstacle_layer.cpp.o[0m
[53.760s] [ 54%] [32mBuilding CXX object CMakeFiles/layers.dir/src/observation_buffer.cpp.o[0m
[54.789s] [ 56%] [32mBuilding CXX object CMakeFiles/layers.dir/plugins/voxel_layer.cpp.o[0m
[57.723s] [ 58%] [32mBuilding CXX object CMakeFiles/layers.dir/plugins/range_sensor_layer.cpp.o[0m
[64.012s] [ 60%] [32m[1mLinking CXX shared library libnav2_costmap_2d_client.so[0m
[64.415s] [ 60%] Built target nav2_costmap_2d_client
[64.444s] [35m[1mScanning dependencies of target array_parser_test[0m
[64.445s] [35m[1mScanning dependencies of target collision_footprint_test[0m
[64.484s] [ 62%] [32mBuilding CXX object test/unit/CMakeFiles/array_parser_test.dir/array_parser_test.cpp.o[0m
[64.539s] [ 64%] [32mBuilding CXX object test/unit/CMakeFiles/collision_footprint_test.dir/footprint_collision_checker_test.cpp.o[0m
[66.775s] [ 66%] [32m[1mLinking CXX executable array_parser_test[0m
[67.015s] [ 68%] [32m[1mLinking CXX executable nav2_costmap_2d_markers[0m
[67.165s] [ 68%] Built target array_parser_test
[67.286s] [ 68%] Built target nav2_costmap_2d_markers
[67.307s] [ 70%] [32m[1mLinking CXX executable nav2_costmap_2d_cloud[0m
[67.594s] [ 70%] Built target nav2_costmap_2d_cloud
[68.082s] [ 72%] [32m[1mLinking CXX executable collision_footprint_test[0m
[68.331s] [ 72%] Built target collision_footprint_test
[74.200s] [ 75%] [32m[1mLinking CXX shared library liblayers.so[0m
[74.564s] [ 75%] Built target layers
[74.580s] [35m[1mScanning dependencies of target nav2_costmap_2d[0m
[74.580s] [35m[1mScanning dependencies of target range_tests_exec[0m
[74.580s] [35m[1mScanning dependencies of target test_collision_checker_exec[0m
[74.581s] [35m[1mScanning dependencies of target footprint_tests_exec[0m
[74.584s] [35m[1mScanning dependencies of target obstacle_tests_exec[0m
[74.587s] [35m[1mScanning dependencies of target inflation_tests_exec[0m
[74.708s] [ 77%] [32mBuilding CXX object test/integration/CMakeFiles/footprint_tests_exec.dir/footprint_tests.cpp.o[0m
[74.714s] [ 79%] [32mBuilding CXX object CMakeFiles/nav2_costmap_2d.dir/src/costmap_2d_node.cpp.o[0m
[74.756s] [ 81%] [32mBuilding CXX object test/integration/CMakeFiles/test_collision_checker_exec.dir/test_costmap_topic_collision_checker.cpp.o[0m
[74.756s] [ 83%] [32mBuilding CXX object test/integration/CMakeFiles/range_tests_exec.dir/range_tests.cpp.o[0m
[74.820s] [ 85%] [32mBuilding CXX object test/integration/CMakeFiles/obstacle_tests_exec.dir/obstacle_tests.cpp.o[0m
[74.827s] [ 87%] [32mBuilding CXX object test/integration/CMakeFiles/inflation_tests_exec.dir/inflation_tests.cpp.o[0m
[78.316s] [ 89%] [32m[1mLinking CXX executable nav2_costmap_2d[0m
[78.338s] [ 91%] [32m[1mLinking CXX executable footprint_tests_exec[0m
[78.668s] [ 91%] Built target nav2_costmap_2d
[78.734s] [ 91%] Built target footprint_tests_exec
[81.211s] [ 93%] [32m[1mLinking CXX executable range_tests_exec[0m
[81.639s] [ 93%] Built target range_tests_exec
[81.803s] [ 95%] [32m[1mLinking CXX executable inflation_tests_exec[0m
[82.222s] [ 95%] Built target inflation_tests_exec
[82.647s] [ 97%] [32m[1mLinking CXX executable obstacle_tests_exec[0m
[83.013s] [ 97%] Built target obstacle_tests_exec
[84.049s] [100%] [32m[1mLinking CXX executable test_collision_checker_exec[0m
[84.422s] [100%] Built target test_collision_checker_exec
[84.438s] Invoked command in '/home/jucy/ydlidar_ws_11_29/ydlidar_ws/build/nav2_costmap_2d' returned '0': AMENT_PREFIX_PATH=/home/jucy/ydlidar_ws_11_29/ydlidar_ws/install/nav2_map_server:/home/jucy/ydlidar_ws_11_29/ydlidar_ws/install/nav2_lifecycle_manager:/home/jucy/ydlidar_ws_11_29/ydlidar_ws/install/nav2_util:/home/jucy/ydlidar_ws_11_29/ydlidar_ws/install/nav2_voxel_grid:/home/jucy/ydlidar_ws_11_29/ydlidar_ws/install/nav2_msgs:/home/jucy/ydlidar_ws_11_29/ydlidar_ws/install/nav2_common:${AMENT_PREFIX_PATH} CMAKE_PREFIX_PATH=/home/jucy/ydlidar_ws_11_29/ydlidar_ws/install/nav2_map_server:/home/jucy/ydlidar_ws_11_29/ydlidar_ws/install/nav2_lifecycle_manager:/home/jucy/ydlidar_ws_11_29/ydlidar_ws/install/nav2_util:/home/jucy/ydlidar_ws_11_29/ydlidar_ws/install/nav2_voxel_grid:/home/jucy/ydlidar_ws_11_29/ydlidar_ws/install/nav2_msgs:/home/jucy/ydlidar_ws_11_29/ydlidar_ws/install/nav2_common:/home/jucy/ydlidar_ws_11_29/install/ydlidar_ros2_driver:/home/jucy/ydlidar_ws_11_29/install/nav2_system_tests:/home/jucy/ydlidar_ws_11_29/install/myagv_navigation2:/home/jucy/ydlidar_ws_11_29/install/nav2_bringup:/home/jucy/ydlidar_ws_11_29/install/navigation2:/home/jucy/ydlidar_ws_11_29/install/smac_planner:/home/jucy/ydlidar_ws_11_29/install/nav2_dwb_controller:/home/jucy/ydlidar_ws_11_29/install/nav2_controller:/home/jucy/ydlidar_ws_11_29/install/dwb_plugins:/home/jucy/ydlidar_ws_11_29/install/dwb_critics:/home/jucy/ydlidar_ws_11_29/install/dwb_core:/home/jucy/ydlidar_ws_11_29/install/nav_2d_utils:/home/jucy/ydlidar_ws_11_29/install/dwb_msgs:/home/jucy/ydlidar_ws_11_29/install/nav_2d_msgs:/home/jucy/ydlidar_ws_11_29/install/nav2_waypoint_follower:/home/jucy/ydlidar_ws_11_29/install/nav2_regulated_pure_pursuit_controller:/home/jucy/ydlidar_ws_11_29/install/nav2_recoveries:/home/jucy/ydlidar_ws_11_29/install/nav2_planner:/home/jucy/ydlidar_ws_11_29/install/nav2_navfn_planner:/home/jucy/ydlidar_ws_11_29/install/nav2_core:/home/jucy/ydlidar_ws_11_29/install/costmap_queue:/home/jucy/ydlidar_ws_11_29/install/nav2_costmap_2d:/home/jucy/ydlidar_ws_11_29/install/nav2_voxel_grid:/home/jucy/ydlidar_ws_11_29/install/nav2_rviz_plugins:/home/jucy/ydlidar_ws_11_29/install/nav2_map_server:/home/jucy/ydlidar_ws_11_29/install/nav2_lifecycle_manager:/home/jucy/ydlidar_ws_11_29/install/nav2_bt_navigator:/home/jucy/ydlidar_ws_11_29/install/nav2_behavior_tree:/home/jucy/ydlidar_ws_11_29/install/nav2_amcl:/home/jucy/ydlidar_ws_11_29/install/nav2_util:/home/jucy/ydlidar_ws_11_29/install/nav2_msgs:/home/jucy/ydlidar_ws_11_29/install/nav2_common:/home/jucy/ydlidar_ws_11_29/install/myagv_bringup:/home/jucy/ydlidar_ws_11_29/install/myagv_description:/home/jucy/new_ws/install/myagv_description:/home/jucy/new_ws/install/aseembly:/home/jucy/turtlebot3_ws/install/turtlebot3:/home/jucy/turtlebot3_ws/install/turtlebot3_simulations:/home/jucy/turtlebot3_ws/install/turtlebot3_bringup:/home/jucy/turtlebot3_ws/install/turtlebot3_node:/home/jucy/turtlebot3_ws/install/turtlebot3_navigation2:/home/jucy/turtlebot3_ws/install/turtlebot3_fake_node:/home/jucy/turtlebot3_ws/install/turtlebot3_msgs:/home/jucy/turtlebot3_ws/install/turtlebot3_gazebo:/home/jucy/turtlebot3_ws/install/turtlebot3_description:/home/jucy/turtlebot3_ws/install/turtlebot3_cartographer:/home/jucy/turtlebot3_ws/install/dynamixel_sdk_examples:/home/jucy/turtlebot3_ws/install/dynamixel_sdk_custom_interfaces:/home/jucy/turtlebot3_ws/install/dynamixel_sdk:/home/jucy/ros2_ws/install/ps2_controller:/home/jucy/ydlidar_ros2_ws/install/ydlidar_ros2_driver:/home/jucy/ydlidar_ros2_ws/install/ps2_controller:/home/jucy/ydlidar_ros2_ws/install/myagv_navigation2:/home/jucy/ydlidar_ros2_ws/install/myagv_bringup:/home/jucy/ydlidar_ros2_ws/install/myagv_description:/home/jucy/ydlidar_ros2_wss/install/ydlidar_ros2_driver:/opt/ros/foxy:/opt/ros/foxy:/home/jucy/ydlidar_ws_11_29/install/nav2_gazebo_spawner:/home/jucy/ydlidar_ws_11_29/install/jdamr200_node:/home/jucy/turtlebot3_ws/install/turtlebot3_teleop:/home/jucy/turtlebot3_ws/install/turtlebot3_example:/home/jucy/turtlebot3_ws/install/nav2_goal_pulisher_test:/home/jucy/turtlebot3_ws/install/nav2_goal_publisher:/home/jucy/ros2_ws/install/camera_udp_communication:/home/jucy/ros2_ws/install/agv_control_py:/home/jucy/ydlidar_ros2_ws/install/jdamr200_teleop:/home/jucy/ydlidar_ros2_ws/install/jdamr200_node LD_LIBRARY_PATH=/home/jucy/ydlidar_ws_11_29/ydlidar_ws/install/nav2_map_server/lib:/home/jucy/ydlidar_ws_11_29/ydlidar_ws/install/nav2_lifecycle_manager/lib:/home/jucy/ydlidar_ws_11_29/ydlidar_ws/install/nav2_util/lib:/home/jucy/ydlidar_ws_11_29/ydlidar_ws/install/nav2_voxel_grid/lib:/home/jucy/ydlidar_ws_11_29/ydlidar_ws/install/nav2_msgs/lib:${LD_LIBRARY_PATH} PYTHONPATH=/home/jucy/ydlidar_ws_11_29/ydlidar_ws/install/nav2_msgs/lib/python3.8/site-packages:/home/jucy/ydlidar_ws_11_29/ydlidar_ws/install/nav2_common/lib/python3.8/site-packages:${PYTHONPATH} /usr/bin/cmake --build /home/jucy/ydlidar_ws_11_29/ydlidar_ws/build/nav2_costmap_2d -- -j12 -l12
[84.441s] Invoking command in '/home/jucy/ydlidar_ws_11_29/ydlidar_ws/build/nav2_costmap_2d': AMENT_PREFIX_PATH=/home/jucy/ydlidar_ws_11_29/ydlidar_ws/install/nav2_map_server:/home/jucy/ydlidar_ws_11_29/ydlidar_ws/install/nav2_lifecycle_manager:/home/jucy/ydlidar_ws_11_29/ydlidar_ws/install/nav2_util:/home/jucy/ydlidar_ws_11_29/ydlidar_ws/install/nav2_voxel_grid:/home/jucy/ydlidar_ws_11_29/ydlidar_ws/install/nav2_msgs:/home/jucy/ydlidar_ws_11_29/ydlidar_ws/install/nav2_common:${AMENT_PREFIX_PATH} CMAKE_PREFIX_PATH=/home/jucy/ydlidar_ws_11_29/ydlidar_ws/install/nav2_map_server:/home/jucy/ydlidar_ws_11_29/ydlidar_ws/install/nav2_lifecycle_manager:/home/jucy/ydlidar_ws_11_29/ydlidar_ws/install/nav2_util:/home/jucy/ydlidar_ws_11_29/ydlidar_ws/install/nav2_voxel_grid:/home/jucy/ydlidar_ws_11_29/ydlidar_ws/install/nav2_msgs:/home/jucy/ydlidar_ws_11_29/ydlidar_ws/install/nav2_common:/home/jucy/ydlidar_ws_11_29/install/ydlidar_ros2_driver:/home/jucy/ydlidar_ws_11_29/install/nav2_system_tests:/home/jucy/ydlidar_ws_11_29/install/myagv_navigation2:/home/jucy/ydlidar_ws_11_29/install/nav2_bringup:/home/jucy/ydlidar_ws_11_29/install/navigation2:/home/jucy/ydlidar_ws_11_29/install/smac_planner:/home/jucy/ydlidar_ws_11_29/install/nav2_dwb_controller:/home/jucy/ydlidar_ws_11_29/install/nav2_controller:/home/jucy/ydlidar_ws_11_29/install/dwb_plugins:/home/jucy/ydlidar_ws_11_29/install/dwb_critics:/home/jucy/ydlidar_ws_11_29/install/dwb_core:/home/jucy/ydlidar_ws_11_29/install/nav_2d_utils:/home/jucy/ydlidar_ws_11_29/install/dwb_msgs:/home/jucy/ydlidar_ws_11_29/install/nav_2d_msgs:/home/jucy/ydlidar_ws_11_29/install/nav2_waypoint_follower:/home/jucy/ydlidar_ws_11_29/install/nav2_regulated_pure_pursuit_controller:/home/jucy/ydlidar_ws_11_29/install/nav2_recoveries:/home/jucy/ydlidar_ws_11_29/install/nav2_planner:/home/jucy/ydlidar_ws_11_29/install/nav2_navfn_planner:/home/jucy/ydlidar_ws_11_29/install/nav2_core:/home/jucy/ydlidar_ws_11_29/install/costmap_queue:/home/jucy/ydlidar_ws_11_29/install/nav2_costmap_2d:/home/jucy/ydlidar_ws_11_29/install/nav2_voxel_grid:/home/jucy/ydlidar_ws_11_29/install/nav2_rviz_plugins:/home/jucy/ydlidar_ws_11_29/install/nav2_map_server:/home/jucy/ydlidar_ws_11_29/install/nav2_lifecycle_manager:/home/jucy/ydlidar_ws_11_29/install/nav2_bt_navigator:/home/jucy/ydlidar_ws_11_29/install/nav2_behavior_tree:/home/jucy/ydlidar_ws_11_29/install/nav2_amcl:/home/jucy/ydlidar_ws_11_29/install/nav2_util:/home/jucy/ydlidar_ws_11_29/install/nav2_msgs:/home/jucy/ydlidar_ws_11_29/install/nav2_common:/home/jucy/ydlidar_ws_11_29/install/myagv_bringup:/home/jucy/ydlidar_ws_11_29/install/myagv_description:/home/jucy/new_ws/install/myagv_description:/home/jucy/new_ws/install/aseembly:/home/jucy/turtlebot3_ws/install/turtlebot3:/home/jucy/turtlebot3_ws/install/turtlebot3_simulations:/home/jucy/turtlebot3_ws/install/turtlebot3_bringup:/home/jucy/turtlebot3_ws/install/turtlebot3_node:/home/jucy/turtlebot3_ws/install/turtlebot3_navigation2:/home/jucy/turtlebot3_ws/install/turtlebot3_fake_node:/home/jucy/turtlebot3_ws/install/turtlebot3_msgs:/home/jucy/turtlebot3_ws/install/turtlebot3_gazebo:/home/jucy/turtlebot3_ws/install/turtlebot3_description:/home/jucy/turtlebot3_ws/install/turtlebot3_cartographer:/home/jucy/turtlebot3_ws/install/dynamixel_sdk_examples:/home/jucy/turtlebot3_ws/install/dynamixel_sdk_custom_interfaces:/home/jucy/turtlebot3_ws/install/dynamixel_sdk:/home/jucy/ros2_ws/install/ps2_controller:/home/jucy/ydlidar_ros2_ws/install/ydlidar_ros2_driver:/home/jucy/ydlidar_ros2_ws/install/ps2_controller:/home/jucy/ydlidar_ros2_ws/install/myagv_navigation2:/home/jucy/ydlidar_ros2_ws/install/myagv_bringup:/home/jucy/ydlidar_ros2_ws/install/myagv_description:/home/jucy/ydlidar_ros2_wss/install/ydlidar_ros2_driver:/opt/ros/foxy:/opt/ros/foxy:/home/jucy/ydlidar_ws_11_29/install/nav2_gazebo_spawner:/home/jucy/ydlidar_ws_11_29/install/jdamr200_node:/home/jucy/turtlebot3_ws/install/turtlebot3_teleop:/home/jucy/turtlebot3_ws/install/turtlebot3_example:/home/jucy/turtlebot3_ws/install/nav2_goal_pulisher_test:/home/jucy/turtlebot3_ws/install/nav2_goal_publisher:/home/jucy/ros2_ws/install/camera_udp_communication:/home/jucy/ros2_ws/install/agv_control_py:/home/jucy/ydlidar_ros2_ws/install/jdamr200_teleop:/home/jucy/ydlidar_ros2_ws/install/jdamr200_node LD_LIBRARY_PATH=/home/jucy/ydlidar_ws_11_29/ydlidar_ws/install/nav2_map_server/lib:/home/jucy/ydlidar_ws_11_29/ydlidar_ws/install/nav2_lifecycle_manager/lib:/home/jucy/ydlidar_ws_11_29/ydlidar_ws/install/nav2_util/lib:/home/jucy/ydlidar_ws_11_29/ydlidar_ws/install/nav2_voxel_grid/lib:/home/jucy/ydlidar_ws_11_29/ydlidar_ws/install/nav2_msgs/lib:${LD_LIBRARY_PATH} PYTHONPATH=/home/jucy/ydlidar_ws_11_29/ydlidar_ws/install/nav2_msgs/lib/python3.8/site-packages:/home/jucy/ydlidar_ws_11_29/ydlidar_ws/install/nav2_common/lib/python3.8/site-packages:${PYTHONPATH} /usr/bin/cmake --install /home/jucy/ydlidar_ws_11_29/ydlidar_ws/build/nav2_costmap_2d
[84.453s] -- Install configuration: "Release"
[84.454s] -- Installing: /home/jucy/ydlidar_ws_11_29/ydlidar_ws/install/nav2_costmap_2d/lib/libnav2_costmap_2d_core.so
[84.456s] -- Set runtime path of "/home/jucy/ydlidar_ws_11_29/ydlidar_ws/install/nav2_costmap_2d/lib/libnav2_costmap_2d_core.so" to ""
[84.456s] -- Installing: /home/jucy/ydlidar_ws_11_29/ydlidar_ws/install/nav2_costmap_2d/lib/liblayers.so
[84.458s] -- Set runtime path of "/home/jucy/ydlidar_ws_11_29/ydlidar_ws/install/nav2_costmap_2d/lib/liblayers.so" to ""
[84.459s] -- Installing: /home/jucy/ydlidar_ws_11_29/ydlidar_ws/install/nav2_costmap_2d/lib/libnav2_costmap_2d_client.so
[84.460s] -- Set runtime path of "/home/jucy/ydlidar_ws_11_29/ydlidar_ws/install/nav2_costmap_2d/lib/libnav2_costmap_2d_client.so" to ""
[84.460s] -- Installing: /home/jucy/ydlidar_ws_11_29/ydlidar_ws/install/nav2_costmap_2d/lib/nav2_costmap_2d/nav2_costmap_2d
[84.460s] -- Set runtime path of "/home/jucy/ydlidar_ws_11_29/ydlidar_ws/install/nav2_costmap_2d/lib/nav2_costmap_2d/nav2_costmap_2d" to ""
[84.460s] -- Installing: /home/jucy/ydlidar_ws_11_29/ydlidar_ws/install/nav2_costmap_2d/lib/nav2_costmap_2d/nav2_costmap_2d_markers
[84.461s] -- Set runtime path of "/home/jucy/ydlidar_ws_11_29/ydlidar_ws/install/nav2_costmap_2d/lib/nav2_costmap_2d/nav2_costmap_2d_markers" to ""
[84.461s] -- Installing: /home/jucy/ydlidar_ws_11_29/ydlidar_ws/install/nav2_costmap_2d/lib/nav2_costmap_2d/nav2_costmap_2d_cloud
[84.462s] -- Set runtime path of "/home/jucy/ydlidar_ws_11_29/ydlidar_ws/install/nav2_costmap_2d/lib/nav2_costmap_2d/nav2_costmap_2d_cloud" to ""
[84.462s] -- Installing: /home/jucy/ydlidar_ws_11_29/ydlidar_ws/install/nav2_costmap_2d/share/nav2_costmap_2d/costmap_plugins.xml
[84.463s] -- Installing: /home/jucy/ydlidar_ws_11_29/ydlidar_ws/install/nav2_costmap_2d/include/
[84.463s] -- Installing: /home/jucy/ydlidar_ws_11_29/ydlidar_ws/install/nav2_costmap_2d/include//nav2_costmap_2d
[84.463s] -- Installing: /home/jucy/ydlidar_ws_11_29/ydlidar_ws/install/nav2_costmap_2d/include//nav2_costmap_2d/inflation_layer.hpp
[84.463s] -- Installing: /home/jucy/ydlidar_ws_11_29/ydlidar_ws/install/nav2_costmap_2d/include//nav2_costmap_2d/observation_buffer.hpp
[84.463s] -- Installing: /home/jucy/ydlidar_ws_11_29/ydlidar_ws/install/nav2_costmap_2d/include//nav2_costmap_2d/footprint_collision_checker.hpp
[84.463s] -- Installing: /home/jucy/ydlidar_ws_11_29/ydlidar_ws/install/nav2_costmap_2d/include//nav2_costmap_2d/clear_costmap_service.hpp
[84.463s] -- Installing: /home/jucy/ydlidar_ws_11_29/ydlidar_ws/install/nav2_costmap_2d/include//nav2_costmap_2d/costmap_2d_ros.hpp
[84.463s] -- Installing: /home/jucy/ydlidar_ws_11_29/ydlidar_ws/install/nav2_costmap_2d/include//nav2_costmap_2d/exceptions.hpp
[84.463s] -- Installing: /home/jucy/ydlidar_ws_11_29/ydlidar_ws/install/nav2_costmap_2d/include//nav2_costmap_2d/range_sensor_layer.hpp
[84.463s] -- Installing: /home/jucy/ydlidar_ws_11_29/ydlidar_ws/install/nav2_costmap_2d/include//nav2_costmap_2d/array_parser.hpp
[84.464s] -- Installing: /home/jucy/ydlidar_ws_11_29/ydlidar_ws/install/nav2_costmap_2d/include//nav2_costmap_2d/costmap_math.hpp
[84.464s] -- Installing: /home/jucy/ydlidar_ws_11_29/ydlidar_ws/install/nav2_costmap_2d/include//nav2_costmap_2d/footprint_subscriber.hpp
[84.464s] -- Installing: /home/jucy/ydlidar_ws_11_29/ydlidar_ws/install/nav2_costmap_2d/include//nav2_costmap_2d/static_layer.hpp
[84.464s] -- Installing: /home/jucy/ydlidar_ws_11_29/ydlidar_ws/install/nav2_costmap_2d/include//nav2_costmap_2d/layered_costmap.hpp
[84.464s] -- Installing: /home/jucy/ydlidar_ws_11_29/ydlidar_ws/install/nav2_costmap_2d/include//nav2_costmap_2d/costmap_2d.hpp
[84.464s] -- Installing: /home/jucy/ydlidar_ws_11_29/ydlidar_ws/install/nav2_costmap_2d/include//nav2_costmap_2d/cost_values.hpp
[84.464s] -- Installing: /home/jucy/ydlidar_ws_11_29/ydlidar_ws/install/nav2_costmap_2d/include//nav2_costmap_2d/footprint.hpp
[84.464s] -- Installing: /home/jucy/ydlidar_ws_11_29/ydlidar_ws/install/nav2_costmap_2d/include//nav2_costmap_2d/costmap_topic_collision_checker.hpp
[84.465s] -- Installing: /home/jucy/ydlidar_ws_11_29/ydlidar_ws/install/nav2_costmap_2d/include//nav2_costmap_2d/layer.hpp
[84.465s] -- Installing: /home/jucy/ydlidar_ws_11_29/ydlidar_ws/install/nav2_costmap_2d/include//nav2_costmap_2d/costmap_2d_publisher.hpp
[84.465s] -- Installing: /home/jucy/ydlidar_ws_11_29/ydlidar_ws/install/nav2_costmap_2d/include//nav2_costmap_2d/costmap_subscriber.hpp
[84.465s] -- Installing: /home/jucy/ydlidar_ws_11_29/ydlidar_ws/install/nav2_costmap_2d/include//nav2_costmap_2d/obstacle_layer.hpp
[84.465s] -- Installing: /home/jucy/ydlidar_ws_11_29/ydlidar_ws/install/nav2_costmap_2d/include//nav2_costmap_2d/costmap_layer.hpp
[84.465s] -- Installing: /home/jucy/ydlidar_ws_11_29/ydlidar_ws/install/nav2_costmap_2d/include//nav2_costmap_2d/voxel_layer.hpp
[84.465s] -- Installing: /home/jucy/ydlidar_ws_11_29/ydlidar_ws/install/nav2_costmap_2d/include//nav2_costmap_2d/observation.hpp
[84.465s] -- Installing: /home/jucy/ydlidar_ws_11_29/ydlidar_ws/install/nav2_costmap_2d/share/nav2_costmap_2d/environment/library_path.sh
[84.465s] -- Installing: /home/jucy/ydlidar_ws_11_29/ydlidar_ws/install/nav2_costmap_2d/share/nav2_costmap_2d/environment/library_path.dsv
[84.466s] -- Up-to-date: /home/jucy/ydlidar_ws_11_29/ydlidar_ws/install/nav2_costmap_2d/share/nav2_costmap_2d/costmap_plugins.xml
[84.466s] -- Installing: /home/jucy/ydlidar_ws_11_29/ydlidar_ws/install/nav2_costmap_2d/share/ament_index/resource_index/package_run_dependencies/nav2_costmap_2d
[84.466s] -- Installing: /home/jucy/ydlidar_ws_11_29/ydlidar_ws/install/nav2_costmap_2d/share/ament_index/resource_index/parent_prefix_path/nav2_costmap_2d
[84.466s] -- Installing: /home/jucy/ydlidar_ws_11_29/ydlidar_ws/install/nav2_costmap_2d/share/nav2_costmap_2d/environment/ament_prefix_path.sh
[84.466s] -- Installing: /home/jucy/ydlidar_ws_11_29/ydlidar_ws/install/nav2_costmap_2d/share/nav2_costmap_2d/environment/ament_prefix_path.dsv
[84.466s] -- Installing: /home/jucy/ydlidar_ws_11_29/ydlidar_ws/install/nav2_costmap_2d/share/nav2_costmap_2d/environment/path.sh
[84.466s] -- Installing: /home/jucy/ydlidar_ws_11_29/ydlidar_ws/install/nav2_costmap_2d/share/nav2_costmap_2d/environment/path.dsv
[84.466s] -- Installing: /home/jucy/ydlidar_ws_11_29/ydlidar_ws/install/nav2_costmap_2d/share/nav2_costmap_2d/local_setup.bash
[84.466s] -- Installing: /home/jucy/ydlidar_ws_11_29/ydlidar_ws/install/nav2_costmap_2d/share/nav2_costmap_2d/local_setup.sh
[84.467s] -- Installing: /home/jucy/ydlidar_ws_11_29/ydlidar_ws/install/nav2_costmap_2d/share/nav2_costmap_2d/local_setup.zsh
[84.467s] -- Installing: /home/jucy/ydlidar_ws_11_29/ydlidar_ws/install/nav2_costmap_2d/share/nav2_costmap_2d/local_setup.dsv
[84.467s] -- Installing: /home/jucy/ydlidar_ws_11_29/ydlidar_ws/install/nav2_costmap_2d/share/nav2_costmap_2d/package.dsv
[84.467s] -- Installing: /home/jucy/ydlidar_ws_11_29/ydlidar_ws/install/nav2_costmap_2d/share/ament_index/resource_index/packages/nav2_costmap_2d
[84.467s] -- Installing: /home/jucy/ydlidar_ws_11_29/ydlidar_ws/install/nav2_costmap_2d/share/ament_index/resource_index/nav2_costmap_2d__pluginlib__plugin/nav2_costmap_2d
[84.467s] -- Installing: /home/jucy/ydlidar_ws_11_29/ydlidar_ws/install/nav2_costmap_2d/share/nav2_costmap_2d/cmake/ament_cmake_export_include_directories-extras.cmake
[84.468s] -- Installing: /home/jucy/ydlidar_ws_11_29/ydlidar_ws/install/nav2_costmap_2d/share/nav2_costmap_2d/cmake/ament_cmake_export_libraries-extras.cmake
[84.468s] -- Installing: /home/jucy/ydlidar_ws_11_29/ydlidar_ws/install/nav2_costmap_2d/share/nav2_costmap_2d/cmake/ament_cmake_export_dependencies-extras.cmake
[84.468s] -- Installing: /home/jucy/ydlidar_ws_11_29/ydlidar_ws/install/nav2_costmap_2d/share/nav2_costmap_2d/cmake/ament_cmake_export_definitions-extras.cmake
[84.468s] -- Installing: /home/jucy/ydlidar_ws_11_29/ydlidar_ws/install/nav2_costmap_2d/share/nav2_costmap_2d/cmake/nav2_costmap_2dConfig.cmake
[84.468s] -- Installing: /home/jucy/ydlidar_ws_11_29/ydlidar_ws/install/nav2_costmap_2d/share/nav2_costmap_2d/cmake/nav2_costmap_2dConfig-version.cmake
[84.468s] -- Installing: /home/jucy/ydlidar_ws_11_29/ydlidar_ws/install/nav2_costmap_2d/share/nav2_costmap_2d/package.xml
[84.472s] Invoked command in '/home/jucy/ydlidar_ws_11_29/ydlidar_ws/build/nav2_costmap_2d' returned '0': AMENT_PREFIX_PATH=/home/jucy/ydlidar_ws_11_29/ydlidar_ws/install/nav2_map_server:/home/jucy/ydlidar_ws_11_29/ydlidar_ws/install/nav2_lifecycle_manager:/home/jucy/ydlidar_ws_11_29/ydlidar_ws/install/nav2_util:/home/jucy/ydlidar_ws_11_29/ydlidar_ws/install/nav2_voxel_grid:/home/jucy/ydlidar_ws_11_29/ydlidar_ws/install/nav2_msgs:/home/jucy/ydlidar_ws_11_29/ydlidar_ws/install/nav2_common:${AMENT_PREFIX_PATH} CMAKE_PREFIX_PATH=/home/jucy/ydlidar_ws_11_29/ydlidar_ws/install/nav2_map_server:/home/jucy/ydlidar_ws_11_29/ydlidar_ws/install/nav2_lifecycle_manager:/home/jucy/ydlidar_ws_11_29/ydlidar_ws/install/nav2_util:/home/jucy/ydlidar_ws_11_29/ydlidar_ws/install/nav2_voxel_grid:/home/jucy/ydlidar_ws_11_29/ydlidar_ws/install/nav2_msgs:/home/jucy/ydlidar_ws_11_29/ydlidar_ws/install/nav2_common:/home/jucy/ydlidar_ws_11_29/install/ydlidar_ros2_driver:/home/jucy/ydlidar_ws_11_29/install/nav2_system_tests:/home/jucy/ydlidar_ws_11_29/install/myagv_navigation2:/home/jucy/ydlidar_ws_11_29/install/nav2_bringup:/home/jucy/ydlidar_ws_11_29/install/navigation2:/home/jucy/ydlidar_ws_11_29/install/smac_planner:/home/jucy/ydlidar_ws_11_29/install/nav2_dwb_controller:/home/jucy/ydlidar_ws_11_29/install/nav2_controller:/home/jucy/ydlidar_ws_11_29/install/dwb_plugins:/home/jucy/ydlidar_ws_11_29/install/dwb_critics:/home/jucy/ydlidar_ws_11_29/install/dwb_core:/home/jucy/ydlidar_ws_11_29/install/nav_2d_utils:/home/jucy/ydlidar_ws_11_29/install/dwb_msgs:/home/jucy/ydlidar_ws_11_29/install/nav_2d_msgs:/home/jucy/ydlidar_ws_11_29/install/nav2_waypoint_follower:/home/jucy/ydlidar_ws_11_29/install/nav2_regulated_pure_pursuit_controller:/home/jucy/ydlidar_ws_11_29/install/nav2_recoveries:/home/jucy/ydlidar_ws_11_29/install/nav2_planner:/home/jucy/ydlidar_ws_11_29/install/nav2_navfn_planner:/home/jucy/ydlidar_ws_11_29/install/nav2_core:/home/jucy/ydlidar_ws_11_29/install/costmap_queue:/home/jucy/ydlidar_ws_11_29/install/nav2_costmap_2d:/home/jucy/ydlidar_ws_11_29/install/nav2_voxel_grid:/home/jucy/ydlidar_ws_11_29/install/nav2_rviz_plugins:/home/jucy/ydlidar_ws_11_29/install/nav2_map_server:/home/jucy/ydlidar_ws_11_29/install/nav2_lifecycle_manager:/home/jucy/ydlidar_ws_11_29/install/nav2_bt_navigator:/home/jucy/ydlidar_ws_11_29/install/nav2_behavior_tree:/home/jucy/ydlidar_ws_11_29/install/nav2_amcl:/home/jucy/ydlidar_ws_11_29/install/nav2_util:/home/jucy/ydlidar_ws_11_29/install/nav2_msgs:/home/jucy/ydlidar_ws_11_29/install/nav2_common:/home/jucy/ydlidar_ws_11_29/install/myagv_bringup:/home/jucy/ydlidar_ws_11_29/install/myagv_description:/home/jucy/new_ws/install/myagv_description:/home/jucy/new_ws/install/aseembly:/home/jucy/turtlebot3_ws/install/turtlebot3:/home/jucy/turtlebot3_ws/install/turtlebot3_simulations:/home/jucy/turtlebot3_ws/install/turtlebot3_bringup:/home/jucy/turtlebot3_ws/install/turtlebot3_node:/home/jucy/turtlebot3_ws/install/turtlebot3_navigation2:/home/jucy/turtlebot3_ws/install/turtlebot3_fake_node:/home/jucy/turtlebot3_ws/install/turtlebot3_msgs:/home/jucy/turtlebot3_ws/install/turtlebot3_gazebo:/home/jucy/turtlebot3_ws/install/turtlebot3_description:/home/jucy/turtlebot3_ws/install/turtlebot3_cartographer:/home/jucy/turtlebot3_ws/install/dynamixel_sdk_examples:/home/jucy/turtlebot3_ws/install/dynamixel_sdk_custom_interfaces:/home/jucy/turtlebot3_ws/install/dynamixel_sdk:/home/jucy/ros2_ws/install/ps2_controller:/home/jucy/ydlidar_ros2_ws/install/ydlidar_ros2_driver:/home/jucy/ydlidar_ros2_ws/install/ps2_controller:/home/jucy/ydlidar_ros2_ws/install/myagv_navigation2:/home/jucy/ydlidar_ros2_ws/install/myagv_bringup:/home/jucy/ydlidar_ros2_ws/install/myagv_description:/home/jucy/ydlidar_ros2_wss/install/ydlidar_ros2_driver:/opt/ros/foxy:/opt/ros/foxy:/home/jucy/ydlidar_ws_11_29/install/nav2_gazebo_spawner:/home/jucy/ydlidar_ws_11_29/install/jdamr200_node:/home/jucy/turtlebot3_ws/install/turtlebot3_teleop:/home/jucy/turtlebot3_ws/install/turtlebot3_example:/home/jucy/turtlebot3_ws/install/nav2_goal_pulisher_test:/home/jucy/turtlebot3_ws/install/nav2_goal_publisher:/home/jucy/ros2_ws/install/camera_udp_communication:/home/jucy/ros2_ws/install/agv_control_py:/home/jucy/ydlidar_ros2_ws/install/jdamr200_teleop:/home/jucy/ydlidar_ros2_ws/install/jdamr200_node LD_LIBRARY_PATH=/home/jucy/ydlidar_ws_11_29/ydlidar_ws/install/nav2_map_server/lib:/home/jucy/ydlidar_ws_11_29/ydlidar_ws/install/nav2_lifecycle_manager/lib:/home/jucy/ydlidar_ws_11_29/ydlidar_ws/install/nav2_util/lib:/home/jucy/ydlidar_ws_11_29/ydlidar_ws/install/nav2_voxel_grid/lib:/home/jucy/ydlidar_ws_11_29/ydlidar_ws/install/nav2_msgs/lib:${LD_LIBRARY_PATH} PYTHONPATH=/home/jucy/ydlidar_ws_11_29/ydlidar_ws/install/nav2_msgs/lib/python3.8/site-packages:/home/jucy/ydlidar_ws_11_29/ydlidar_ws/install/nav2_common/lib/python3.8/site-packages:${PYTHONPATH} /usr/bin/cmake --install /home/jucy/ydlidar_ws_11_29/ydlidar_ws/build/nav2_costmap_2d
