[4.168s] Invoking command in '/home/jucy/ydlidar_ws_11_29/ydlidar_ws/src/jdamr200_node': PYTHONPATH=/home/jucy/ydlidar_ws_11_29/ydlidar_ws/build/jdamr200_node/prefix_override:/usr/lib/python3/dist-packages/colcon_core/task/python/colcon_distutils_commands:/home/jucy/ydlidar_ws_11_29/ydlidar_ws/install/jdamr200_node/lib/python3.8/site-packages:${PYTHONPATH} /usr/bin/python3 -W ignore:setup.py install is deprecated -W ignore:easy_install command is deprecated setup.py egg_info --egg-base ../../build/jdamr200_node build --build-base /home/jucy/ydlidar_ws_11_29/ydlidar_ws/build/jdamr200_node/build install --record /home/jucy/ydlidar_ws_11_29/ydlidar_ws/build/jdamr200_node/install.log --single-version-externally-managed install_data
[4.708s] running egg_info
[4.708s] writing ../../build/jdamr200_node/jdamr200_node.egg-info/PKG-INFO
[4.745s] writing dependency_links to ../../build/jdamr200_node/jdamr200_node.egg-info/dependency_links.txt
[4.746s] writing entry points to ../../build/jdamr200_node/jdamr200_node.egg-info/entry_points.txt
[4.747s] writing requirements to ../../build/jdamr200_node/jdamr200_node.egg-info/requires.txt
[4.747s] writing top-level names to ../../build/jdamr200_node/jdamr200_node.egg-info/top_level.txt
[5.101s] reading manifest file '../../build/jdamr200_node/jdamr200_node.egg-info/SOURCES.txt'
[5.134s] writing manifest file '../../build/jdamr200_node/jdamr200_node.egg-info/SOURCES.txt'
[5.134s] running build
[5.134s] running build_py
[5.135s] running install
[5.137s] running install_lib
[5.140s] running install_data
[5.140s] running install_egg_info
[5.142s] removing '/home/jucy/ydlidar_ws_11_29/ydlidar_ws/install/jdamr200_node/lib/python3.8/site-packages/jdamr200_node-0.0.0-py3.8.egg-info' (and everything under it)
[5.142s] Copying ../../build/jdamr200_node/jdamr200_node.egg-info to /home/jucy/ydlidar_ws_11_29/ydlidar_ws/install/jdamr200_node/lib/python3.8/site-packages/jdamr200_node-0.0.0-py3.8.egg-info
[5.180s] running install_scripts
[5.258s] Installing jdamr200_node script to /home/jucy/ydlidar_ws_11_29/ydlidar_ws/install/jdamr200_node/lib/jdamr200_node
[5.259s] writing list of installed files to '/home/jucy/ydlidar_ws_11_29/ydlidar_ws/build/jdamr200_node/install.log'
[5.308s] Invoked command in '/home/jucy/ydlidar_ws_11_29/ydlidar_ws/src/jdamr200_node' returned '0': PYTHONPATH=/home/jucy/ydlidar_ws_11_29/ydlidar_ws/build/jdamr200_node/prefix_override:/usr/lib/python3/dist-packages/colcon_core/task/python/colcon_distutils_commands:/home/jucy/ydlidar_ws_11_29/ydlidar_ws/install/jdamr200_node/lib/python3.8/site-packages:${PYTHONPATH} /usr/bin/python3 -W ignore:setup.py install is deprecated -W ignore:easy_install command is deprecated setup.py egg_info --egg-base ../../build/jdamr200_node build --build-base /home/jucy/ydlidar_ws_11_29/ydlidar_ws/build/jdamr200_node/build install --record /home/jucy/ydlidar_ws_11_29/ydlidar_ws/build/jdamr200_node/install.log --single-version-externally-managed install_data
