[23.299s] Invoking command in '/home/jucy/ydlidar_ws_11_29/ydlidar_ws/src/jdamr200_node': PYTHONPATH=/home/jucy/ydlidar_ws_11_29/ydlidar_ws/build/jdamr200_node/prefix_override:/usr/lib/python3/dist-packages/colcon_core/task/python/colcon_distutils_commands:/home/jucy/ydlidar_ws_11_29/ydlidar_ws/install/jdamr200_node/lib/python3.8/site-packages:${PYTHONPATH} /usr/bin/python3 -W ignore:setup.py install is deprecated -W ignore:easy_install command is deprecated setup.py egg_info --egg-base ../../build/jdamr200_node build --build-base /home/jucy/ydlidar_ws_11_29/ydlidar_ws/build/jdamr200_node/build install --record /home/jucy/ydlidar_ws_11_29/ydlidar_ws/build/jdamr200_node/install.log --single-version-externally-managed install_data
[23.626s] running egg_info
[23.626s] writing ../../build/jdamr200_node/jdamr200_node.egg-info/PKG-INFO
[23.656s] writing dependency_links to ../../build/jdamr200_node/jdamr200_node.egg-info/dependency_links.txt
[23.656s] writing entry points to ../../build/jdamr200_node/jdamr200_node.egg-info/entry_points.txt
[23.658s] writing requirements to ../../build/jdamr200_node/jdamr200_node.egg-info/requires.txt
[23.658s] writing top-level names to ../../build/jdamr200_node/jdamr200_node.egg-info/top_level.txt
[23.755s] reading manifest file '../../build/jdamr200_node/jdamr200_node.egg-info/SOURCES.txt'
[23.857s] writing manifest file '../../build/jdamr200_node/jdamr200_node.egg-info/SOURCES.txt'
[23.858s] running build
[23.858s] running build_py
[23.860s] running install
[23.863s] running install_lib
[23.871s] running install_data
[23.871s] running install_egg_info
[23.879s] removing '/home/jucy/ydlidar_ws_11_29/ydlidar_ws/install/jdamr200_node/lib/python3.8/site-packages/jdamr200_node-0.0.0-py3.8.egg-info' (and everything under it)
[23.880s] Copying ../../build/jdamr200_node/jdamr200_node.egg-info to /home/jucy/ydlidar_ws_11_29/ydlidar_ws/install/jdamr200_node/lib/python3.8/site-packages/jdamr200_node-0.0.0-py3.8.egg-info
[23.895s] running install_scripts
[23.925s] Installing jdamr200_node script to /home/jucy/ydlidar_ws_11_29/ydlidar_ws/install/jdamr200_node/lib/jdamr200_node
[23.925s] writing list of installed files to '/home/jucy/ydlidar_ws_11_29/ydlidar_ws/build/jdamr200_node/install.log'
[23.944s] Invoked command in '/home/jucy/ydlidar_ws_11_29/ydlidar_ws/src/jdamr200_node' returned '0': PYTHONPATH=/home/jucy/ydlidar_ws_11_29/ydlidar_ws/build/jdamr200_node/prefix_override:/usr/lib/python3/dist-packages/colcon_core/task/python/colcon_distutils_commands:/home/jucy/ydlidar_ws_11_29/ydlidar_ws/install/jdamr200_node/lib/python3.8/site-packages:${PYTHONPATH} /usr/bin/python3 -W ignore:setup.py install is deprecated -W ignore:easy_install command is deprecated setup.py egg_info --egg-base ../../build/jdamr200_node build --build-base /home/jucy/ydlidar_ws_11_29/ydlidar_ws/build/jdamr200_node/build install --record /home/jucy/ydlidar_ws_11_29/ydlidar_ws/build/jdamr200_node/install.log --single-version-externally-managed install_data
