[0.376s] Invoking command in '/home/jucy/ydlidar_ws_11_29/ydlidar_ws/build/nav_2d_msgs': CMAKE_PREFIX_PATH=${CMAKE_PREFIX_PATH}:/home/jucy/ydlidar_ws_11_29/install/nav2_gazebo_spawner:/home/jucy/ydlidar_ws_11_29/install/jdamr200_node:/home/jucy/ydlidar_ws_11_29/ydlidar_ws/install/nav2_gazebo_spawner:/home/jucy/ydlidar_ws_11_29/ydlidar_ws/install/jdamr200_node:/home/jucy/turtlebot3_ws/install/turtlebot3_teleop:/home/jucy/turtlebot3_ws/install/turtlebot3_example:/home/jucy/turtlebot3_ws/install/nav2_goal_pulisher_test:/home/jucy/turtlebot3_ws/install/nav2_goal_publisher:/home/jucy/ros2_ws/install/nav2_simple_commander:/home/jucy/ros2_ws/install/nav2_gazebo_spawner:/home/jucy/ros2_ws/install/camera_udp_communication:/home/jucy/ros2_ws/install/agv_control_py:/home/jucy/ydlidar_ros2_ws/install/jdamr200_teleop:/home/jucy/ydlidar_ros2_ws/install/jdamr200_node /usr/bin/cmake --build /home/jucy/ydlidar_ws_11_29/ydlidar_ws/build/nav_2d_msgs -- -j12 -l12
[0.918s] [  1%] Built target nav_2d_msgs__cpp
[0.918s] [ 12%] Built target nav_2d_msgs__rosidl_generator_c
[0.918s] [ 33%] Built target nav_2d_msgs__rosidl_typesupport_introspection_cpp
[0.918s] [ 35%] Built target nav_2d_msgs__rosidl_typesupport_cpp
[0.919s] [ 46%] Built target nav_2d_msgs__rosidl_typesupport_c
[0.919s] [ 57%] Built target nav_2d_msgs__rosidl_typesupport_fastrtps_cpp
[0.919s] [ 69%] Built target nav_2d_msgs__rosidl_typesupport_introspection_c
[0.920s] [ 80%] Built target nav_2d_msgs__rosidl_typesupport_fastrtps_c
[0.920s] [ 80%] Built target nav_2d_msgs
[0.920s] [ 81%] Built target nav_2d_msgs__py
[0.935s] [ 91%] Built target nav_2d_msgs__python
[0.997s] [ 94%] Built target nav_2d_msgs__rosidl_typesupport_fastrtps_c__pyext
[1.018s] [ 97%] Built target nav_2d_msgs__rosidl_typesupport_introspection_c__pyext
[1.023s] [100%] Built target nav_2d_msgs__rosidl_typesupport_c__pyext
[1.066s] Invoked command in '/home/jucy/ydlidar_ws_11_29/ydlidar_ws/build/nav_2d_msgs' returned '0': CMAKE_PREFIX_PATH=${CMAKE_PREFIX_PATH}:/home/jucy/ydlidar_ws_11_29/install/nav2_gazebo_spawner:/home/jucy/ydlidar_ws_11_29/install/jdamr200_node:/home/jucy/ydlidar_ws_11_29/ydlidar_ws/install/nav2_gazebo_spawner:/home/jucy/ydlidar_ws_11_29/ydlidar_ws/install/jdamr200_node:/home/jucy/turtlebot3_ws/install/turtlebot3_teleop:/home/jucy/turtlebot3_ws/install/turtlebot3_example:/home/jucy/turtlebot3_ws/install/nav2_goal_pulisher_test:/home/jucy/turtlebot3_ws/install/nav2_goal_publisher:/home/jucy/ros2_ws/install/nav2_simple_commander:/home/jucy/ros2_ws/install/nav2_gazebo_spawner:/home/jucy/ros2_ws/install/camera_udp_communication:/home/jucy/ros2_ws/install/agv_control_py:/home/jucy/ydlidar_ros2_ws/install/jdamr200_teleop:/home/jucy/ydlidar_ros2_ws/install/jdamr200_node /usr/bin/cmake --build /home/jucy/ydlidar_ws_11_29/ydlidar_ws/build/nav_2d_msgs -- -j12 -l12
[1.071s] Invoking command in '/home/jucy/ydlidar_ws_11_29/ydlidar_ws/build/nav_2d_msgs': CMAKE_PREFIX_PATH=${CMAKE_PREFIX_PATH}:/home/jucy/ydlidar_ws_11_29/install/nav2_gazebo_spawner:/home/jucy/ydlidar_ws_11_29/install/jdamr200_node:/home/jucy/ydlidar_ws_11_29/ydlidar_ws/install/nav2_gazebo_spawner:/home/jucy/ydlidar_ws_11_29/ydlidar_ws/install/jdamr200_node:/home/jucy/turtlebot3_ws/install/turtlebot3_teleop:/home/jucy/turtlebot3_ws/install/turtlebot3_example:/home/jucy/turtlebot3_ws/install/nav2_goal_pulisher_test:/home/jucy/turtlebot3_ws/install/nav2_goal_publisher:/home/jucy/ros2_ws/install/nav2_simple_commander:/home/jucy/ros2_ws/install/nav2_gazebo_spawner:/home/jucy/ros2_ws/install/camera_udp_communication:/home/jucy/ros2_ws/install/agv_control_py:/home/jucy/ydlidar_ros2_ws/install/jdamr200_teleop:/home/jucy/ydlidar_ros2_ws/install/jdamr200_node /usr/bin/cmake --install /home/jucy/ydlidar_ws_11_29/ydlidar_ws/build/nav_2d_msgs
[1.088s] -- Install configuration: ""
[1.089s] -- Up-to-date: /home/jucy/ydlidar_ws_11_29/ydlidar_ws/install/nav_2d_msgs/share/ament_index/resource_index/rosidl_interfaces/nav_2d_msgs
[1.089s] -- Up-to-date: /home/jucy/ydlidar_ws_11_29/ydlidar_ws/install/nav_2d_msgs/include/nav_2d_msgs
[1.089s] -- Up-to-date: /home/jucy/ydlidar_ws_11_29/ydlidar_ws/install/nav_2d_msgs/include/nav_2d_msgs/msg
[1.090s] -- Up-to-date: /home/jucy/ydlidar_ws_11_29/ydlidar_ws/install/nav_2d_msgs/include/nav_2d_msgs/msg/twist2_d.h
[1.090s] -- Up-to-date: /home/jucy/ydlidar_ws_11_29/ydlidar_ws/install/nav_2d_msgs/include/nav_2d_msgs/msg/rosidl_generator_c__visibility_control.h
[1.090s] -- Up-to-date: /home/jucy/ydlidar_ws_11_29/ydlidar_ws/install/nav_2d_msgs/include/nav_2d_msgs/msg/twist2_d32.h
[1.090s] -- Up-to-date: /home/jucy/ydlidar_ws_11_29/ydlidar_ws/install/nav_2d_msgs/include/nav_2d_msgs/msg/pose2_d32.h
[1.090s] -- Up-to-date: /home/jucy/ydlidar_ws_11_29/ydlidar_ws/install/nav_2d_msgs/include/nav_2d_msgs/msg/twist2_d_stamped.h
[1.090s] -- Up-to-date: /home/jucy/ydlidar_ws_11_29/ydlidar_ws/install/nav_2d_msgs/include/nav_2d_msgs/msg/path2_d.h
[1.090s] -- Up-to-date: /home/jucy/ydlidar_ws_11_29/ydlidar_ws/install/nav_2d_msgs/include/nav_2d_msgs/msg/detail
[1.090s] -- Up-to-date: /home/jucy/ydlidar_ws_11_29/ydlidar_ws/install/nav_2d_msgs/include/nav_2d_msgs/msg/detail/twist2_d__type_support.h
[1.090s] -- Up-to-date: /home/jucy/ydlidar_ws_11_29/ydlidar_ws/install/nav_2d_msgs/include/nav_2d_msgs/msg/detail/twist2_d32__functions.h
[1.090s] -- Up-to-date: /home/jucy/ydlidar_ws_11_29/ydlidar_ws/install/nav_2d_msgs/include/nav_2d_msgs/msg/detail/pose2_d32__functions.h
[1.090s] -- Up-to-date: /home/jucy/ydlidar_ws_11_29/ydlidar_ws/install/nav_2d_msgs/include/nav_2d_msgs/msg/detail/twist2_d_stamped__type_support.h
[1.090s] -- Up-to-date: /home/jucy/ydlidar_ws_11_29/ydlidar_ws/install/nav_2d_msgs/include/nav_2d_msgs/msg/detail/pose2_d32__struct.h
[1.090s] -- Up-to-date: /home/jucy/ydlidar_ws_11_29/ydlidar_ws/install/nav_2d_msgs/include/nav_2d_msgs/msg/detail/twist2_d_stamped__functions.h
[1.090s] -- Up-to-date: /home/jucy/ydlidar_ws_11_29/ydlidar_ws/install/nav_2d_msgs/include/nav_2d_msgs/msg/detail/twist2_d32__type_support.h
[1.090s] -- Up-to-date: /home/jucy/ydlidar_ws_11_29/ydlidar_ws/install/nav_2d_msgs/include/nav_2d_msgs/msg/detail/twist2_d__struct.h
[1.091s] -- Up-to-date: /home/jucy/ydlidar_ws_11_29/ydlidar_ws/install/nav_2d_msgs/include/nav_2d_msgs/msg/detail/pose2_d_stamped__functions.c
[1.091s] -- Up-to-date: /home/jucy/ydlidar_ws_11_29/ydlidar_ws/install/nav_2d_msgs/include/nav_2d_msgs/msg/detail/pose2_d_stamped__functions.h
[1.091s] -- Up-to-date: /home/jucy/ydlidar_ws_11_29/ydlidar_ws/install/nav_2d_msgs/include/nav_2d_msgs/msg/detail/path2_d__functions.c
[1.091s] -- Up-to-date: /home/jucy/ydlidar_ws_11_29/ydlidar_ws/install/nav_2d_msgs/include/nav_2d_msgs/msg/detail/path2_d__type_support.h
[1.091s] -- Up-to-date: /home/jucy/ydlidar_ws_11_29/ydlidar_ws/install/nav_2d_msgs/include/nav_2d_msgs/msg/detail/twist2_d32__functions.c
[1.091s] -- Up-to-date: /home/jucy/ydlidar_ws_11_29/ydlidar_ws/install/nav_2d_msgs/include/nav_2d_msgs/msg/detail/twist2_d__functions.c
[1.091s] -- Up-to-date: /home/jucy/ydlidar_ws_11_29/ydlidar_ws/install/nav_2d_msgs/include/nav_2d_msgs/msg/detail/twist2_d_stamped__struct.h
[1.091s] -- Up-to-date: /home/jucy/ydlidar_ws_11_29/ydlidar_ws/install/nav_2d_msgs/include/nav_2d_msgs/msg/detail/twist2_d__functions.h
[1.091s] -- Up-to-date: /home/jucy/ydlidar_ws_11_29/ydlidar_ws/install/nav_2d_msgs/include/nav_2d_msgs/msg/detail/twist2_d32__struct.h
[1.091s] -- Up-to-date: /home/jucy/ydlidar_ws_11_29/ydlidar_ws/install/nav_2d_msgs/include/nav_2d_msgs/msg/detail/path2_d__struct.h
[1.091s] -- Up-to-date: /home/jucy/ydlidar_ws_11_29/ydlidar_ws/install/nav_2d_msgs/include/nav_2d_msgs/msg/detail/path2_d__functions.h
[1.091s] -- Up-to-date: /home/jucy/ydlidar_ws_11_29/ydlidar_ws/install/nav_2d_msgs/include/nav_2d_msgs/msg/detail/twist2_d_stamped__functions.c
[1.091s] -- Up-to-date: /home/jucy/ydlidar_ws_11_29/ydlidar_ws/install/nav_2d_msgs/include/nav_2d_msgs/msg/detail/pose2_d_stamped__struct.h
[1.091s] -- Up-to-date: /home/jucy/ydlidar_ws_11_29/ydlidar_ws/install/nav_2d_msgs/include/nav_2d_msgs/msg/detail/pose2_d32__functions.c
[1.091s] -- Up-to-date: /home/jucy/ydlidar_ws_11_29/ydlidar_ws/install/nav_2d_msgs/include/nav_2d_msgs/msg/detail/pose2_d_stamped__type_support.h
[1.091s] -- Up-to-date: /home/jucy/ydlidar_ws_11_29/ydlidar_ws/install/nav_2d_msgs/include/nav_2d_msgs/msg/detail/pose2_d32__type_support.h
[1.092s] -- Up-to-date: /home/jucy/ydlidar_ws_11_29/ydlidar_ws/install/nav_2d_msgs/include/nav_2d_msgs/msg/pose2_d_stamped.h
[1.092s] -- Up-to-date: /home/jucy/ydlidar_ws_11_29/ydlidar_ws/install/nav_2d_msgs/share/nav_2d_msgs/environment/library_path.sh
[1.092s] -- Up-to-date: /home/jucy/ydlidar_ws_11_29/ydlidar_ws/install/nav_2d_msgs/share/nav_2d_msgs/environment/library_path.dsv
[1.092s] -- Up-to-date: /home/jucy/ydlidar_ws_11_29/ydlidar_ws/install/nav_2d_msgs/lib/libnav_2d_msgs__rosidl_generator_c.so
[1.092s] -- Up-to-date: /home/jucy/ydlidar_ws_11_29/ydlidar_ws/install/nav_2d_msgs/include/nav_2d_msgs
[1.093s] -- Up-to-date: /home/jucy/ydlidar_ws_11_29/ydlidar_ws/install/nav_2d_msgs/include/nav_2d_msgs/msg
[1.093s] -- Up-to-date: /home/jucy/ydlidar_ws_11_29/ydlidar_ws/install/nav_2d_msgs/include/nav_2d_msgs/msg/rosidl_typesupport_fastrtps_c__visibility_control.h
[1.094s] -- Up-to-date: /home/jucy/ydlidar_ws_11_29/ydlidar_ws/install/nav_2d_msgs/include/nav_2d_msgs/msg/detail
[1.094s] -- Up-to-date: /home/jucy/ydlidar_ws_11_29/ydlidar_ws/install/nav_2d_msgs/include/nav_2d_msgs/msg/detail/twist2_d32__rosidl_typesupport_fastrtps_c.h
[1.095s] -- Up-to-date: /home/jucy/ydlidar_ws_11_29/ydlidar_ws/install/nav_2d_msgs/include/nav_2d_msgs/msg/detail/pose2_d_stamped__rosidl_typesupport_fastrtps_c.h
[1.095s] -- Up-to-date: /home/jucy/ydlidar_ws_11_29/ydlidar_ws/install/nav_2d_msgs/include/nav_2d_msgs/msg/detail/pose2_d32__rosidl_typesupport_fastrtps_c.h
[1.095s] -- Up-to-date: /home/jucy/ydlidar_ws_11_29/ydlidar_ws/install/nav_2d_msgs/include/nav_2d_msgs/msg/detail/path2_d__rosidl_typesupport_fastrtps_c.h
[1.096s] -- Up-to-date: /home/jucy/ydlidar_ws_11_29/ydlidar_ws/install/nav_2d_msgs/include/nav_2d_msgs/msg/detail/twist2_d__rosidl_typesupport_fastrtps_c.h
[1.096s] -- Up-to-date: /home/jucy/ydlidar_ws_11_29/ydlidar_ws/install/nav_2d_msgs/include/nav_2d_msgs/msg/detail/twist2_d_stamped__rosidl_typesupport_fastrtps_c.h
[1.096s] -- Up-to-date: /home/jucy/ydlidar_ws_11_29/ydlidar_ws/install/nav_2d_msgs/lib/libnav_2d_msgs__rosidl_typesupport_fastrtps_c.so
[1.097s] -- Up-to-date: /home/jucy/ydlidar_ws_11_29/ydlidar_ws/install/nav_2d_msgs/include/nav_2d_msgs
[1.097s] -- Up-to-date: /home/jucy/ydlidar_ws_11_29/ydlidar_ws/install/nav_2d_msgs/include/nav_2d_msgs/msg
[1.097s] -- Up-to-date: /home/jucy/ydlidar_ws_11_29/ydlidar_ws/install/nav_2d_msgs/include/nav_2d_msgs/msg/rosidl_typesupport_fastrtps_cpp__visibility_control.h
[1.097s] -- Up-to-date: /home/jucy/ydlidar_ws_11_29/ydlidar_ws/install/nav_2d_msgs/include/nav_2d_msgs/msg/detail
[1.097s] -- Up-to-date: /home/jucy/ydlidar_ws_11_29/ydlidar_ws/install/nav_2d_msgs/include/nav_2d_msgs/msg/detail/twist2_d32__rosidl_typesupport_fastrtps_cpp.hpp
[1.097s] -- Up-to-date: /home/jucy/ydlidar_ws_11_29/ydlidar_ws/install/nav_2d_msgs/include/nav_2d_msgs/msg/detail/twist2_d_stamped__rosidl_typesupport_fastrtps_cpp.hpp
[1.097s] -- Up-to-date: /home/jucy/ydlidar_ws_11_29/ydlidar_ws/install/nav_2d_msgs/include/nav_2d_msgs/msg/detail/pose2_d32__rosidl_typesupport_fastrtps_cpp.hpp
[1.097s] -- Up-to-date: /home/jucy/ydlidar_ws_11_29/ydlidar_ws/install/nav_2d_msgs/include/nav_2d_msgs/msg/detail/pose2_d_stamped__rosidl_typesupport_fastrtps_cpp.hpp
[1.097s] -- Up-to-date: /home/jucy/ydlidar_ws_11_29/ydlidar_ws/install/nav_2d_msgs/include/nav_2d_msgs/msg/detail/path2_d__rosidl_typesupport_fastrtps_cpp.hpp
[1.098s] -- Up-to-date: /home/jucy/ydlidar_ws_11_29/ydlidar_ws/install/nav_2d_msgs/include/nav_2d_msgs/msg/detail/twist2_d__rosidl_typesupport_fastrtps_cpp.hpp
[1.098s] -- Up-to-date: /home/jucy/ydlidar_ws_11_29/ydlidar_ws/install/nav_2d_msgs/include/nav_2d_msgs/msg/detail/dds_fastrtps
[1.120s] -- Up-to-date: /home/jucy/ydlidar_ws_11_29/ydlidar_ws/install/nav_2d_msgs/lib/libnav_2d_msgs__rosidl_typesupport_fastrtps_cpp.so
[1.120s] -- Up-to-date: /home/jucy/ydlidar_ws_11_29/ydlidar_ws/install/nav_2d_msgs/include/nav_2d_msgs
[1.121s] -- Up-to-date: /home/jucy/ydlidar_ws_11_29/ydlidar_ws/install/nav_2d_msgs/include/nav_2d_msgs/msg
[1.121s] -- Up-to-date: /home/jucy/ydlidar_ws_11_29/ydlidar_ws/install/nav_2d_msgs/include/nav_2d_msgs/msg/rosidl_typesupport_introspection_c__visibility_control.h
[1.121s] -- Up-to-date: /home/jucy/ydlidar_ws_11_29/ydlidar_ws/install/nav_2d_msgs/include/nav_2d_msgs/msg/detail
[1.121s] -- Up-to-date: /home/jucy/ydlidar_ws_11_29/ydlidar_ws/install/nav_2d_msgs/include/nav_2d_msgs/msg/detail/twist2_d_stamped__rosidl_typesupport_introspection_c.h
[1.121s] -- Up-to-date: /home/jucy/ydlidar_ws_11_29/ydlidar_ws/install/nav_2d_msgs/include/nav_2d_msgs/msg/detail/twist2_d__rosidl_typesupport_introspection_c.h
[1.121s] -- Up-to-date: /home/jucy/ydlidar_ws_11_29/ydlidar_ws/install/nav_2d_msgs/include/nav_2d_msgs/msg/detail/pose2_d_stamped__rosidl_typesupport_introspection_c.h
[1.121s] -- Up-to-date: /home/jucy/ydlidar_ws_11_29/ydlidar_ws/install/nav_2d_msgs/include/nav_2d_msgs/msg/detail/pose2_d_stamped__type_support.c
[1.121s] -- Up-to-date: /home/jucy/ydlidar_ws_11_29/ydlidar_ws/install/nav_2d_msgs/include/nav_2d_msgs/msg/detail/pose2_d32__rosidl_typesupport_introspection_c.h
[1.121s] -- Up-to-date: /home/jucy/ydlidar_ws_11_29/ydlidar_ws/install/nav_2d_msgs/include/nav_2d_msgs/msg/detail/path2_d__rosidl_typesupport_introspection_c.h
[1.121s] -- Up-to-date: /home/jucy/ydlidar_ws_11_29/ydlidar_ws/install/nav_2d_msgs/include/nav_2d_msgs/msg/detail/path2_d__type_support.c
[1.121s] -- Up-to-date: /home/jucy/ydlidar_ws_11_29/ydlidar_ws/install/nav_2d_msgs/include/nav_2d_msgs/msg/detail/twist2_d_stamped__type_support.c
[1.122s] -- Up-to-date: /home/jucy/ydlidar_ws_11_29/ydlidar_ws/install/nav_2d_msgs/include/nav_2d_msgs/msg/detail/twist2_d32__rosidl_typesupport_introspection_c.h
[1.122s] -- Up-to-date: /home/jucy/ydlidar_ws_11_29/ydlidar_ws/install/nav_2d_msgs/include/nav_2d_msgs/msg/detail/twist2_d__type_support.c
[1.122s] -- Up-to-date: /home/jucy/ydlidar_ws_11_29/ydlidar_ws/install/nav_2d_msgs/include/nav_2d_msgs/msg/detail/pose2_d32__type_support.c
[1.122s] -- Up-to-date: /home/jucy/ydlidar_ws_11_29/ydlidar_ws/install/nav_2d_msgs/include/nav_2d_msgs/msg/detail/twist2_d32__type_support.c
[1.122s] -- Up-to-date: /home/jucy/ydlidar_ws_11_29/ydlidar_ws/install/nav_2d_msgs/lib/libnav_2d_msgs__rosidl_typesupport_introspection_c.so
[1.125s] -- Up-to-date: /home/jucy/ydlidar_ws_11_29/ydlidar_ws/install/nav_2d_msgs/lib/libnav_2d_msgs__rosidl_typesupport_c.so
[1.126s] -- Up-to-date: /home/jucy/ydlidar_ws_11_29/ydlidar_ws/install/nav_2d_msgs/include/nav_2d_msgs
[1.126s] -- Up-to-date: /home/jucy/ydlidar_ws_11_29/ydlidar_ws/install/nav_2d_msgs/include/nav_2d_msgs/msg
[1.126s] -- Up-to-date: /home/jucy/ydlidar_ws_11_29/ydlidar_ws/install/nav_2d_msgs/include/nav_2d_msgs/msg/path2_d.hpp
[1.126s] -- Up-to-date: /home/jucy/ydlidar_ws_11_29/ydlidar_ws/install/nav_2d_msgs/include/nav_2d_msgs/msg/rosidl_generator_cpp__visibility_control.hpp
[1.126s] -- Up-to-date: /home/jucy/ydlidar_ws_11_29/ydlidar_ws/install/nav_2d_msgs/include/nav_2d_msgs/msg/twist2_d_stamped.hpp
[1.126s] -- Up-to-date: /home/jucy/ydlidar_ws_11_29/ydlidar_ws/install/nav_2d_msgs/include/nav_2d_msgs/msg/pose2_d32.hpp
[1.127s] -- Up-to-date: /home/jucy/ydlidar_ws_11_29/ydlidar_ws/install/nav_2d_msgs/include/nav_2d_msgs/msg/pose2_d_stamped.hpp
[1.127s] -- Up-to-date: /home/jucy/ydlidar_ws_11_29/ydlidar_ws/install/nav_2d_msgs/include/nav_2d_msgs/msg/detail
[1.127s] -- Up-to-date: /home/jucy/ydlidar_ws_11_29/ydlidar_ws/install/nav_2d_msgs/include/nav_2d_msgs/msg/detail/pose2_d_stamped__traits.hpp
[1.127s] -- Up-to-date: /home/jucy/ydlidar_ws_11_29/ydlidar_ws/install/nav_2d_msgs/include/nav_2d_msgs/msg/detail/twist2_d_stamped__traits.hpp
[1.127s] -- Up-to-date: /home/jucy/ydlidar_ws_11_29/ydlidar_ws/install/nav_2d_msgs/include/nav_2d_msgs/msg/detail/twist2_d32__builder.hpp
[1.127s] -- Up-to-date: /home/jucy/ydlidar_ws_11_29/ydlidar_ws/install/nav_2d_msgs/include/nav_2d_msgs/msg/detail/twist2_d__type_support.hpp
[1.127s] -- Up-to-date: /home/jucy/ydlidar_ws_11_29/ydlidar_ws/install/nav_2d_msgs/include/nav_2d_msgs/msg/detail/twist2_d_stamped__struct.hpp
[1.127s] -- Up-to-date: /home/jucy/ydlidar_ws_11_29/ydlidar_ws/install/nav_2d_msgs/include/nav_2d_msgs/msg/detail/path2_d__traits.hpp
[1.128s] -- Up-to-date: /home/jucy/ydlidar_ws_11_29/ydlidar_ws/install/nav_2d_msgs/include/nav_2d_msgs/msg/detail/pose2_d32__type_support.hpp
[1.128s] -- Up-to-date: /home/jucy/ydlidar_ws_11_29/ydlidar_ws/install/nav_2d_msgs/include/nav_2d_msgs/msg/detail/path2_d__builder.hpp
[1.128s] -- Up-to-date: /home/jucy/ydlidar_ws_11_29/ydlidar_ws/install/nav_2d_msgs/include/nav_2d_msgs/msg/detail/pose2_d_stamped__type_support.hpp
[1.128s] -- Up-to-date: /home/jucy/ydlidar_ws_11_29/ydlidar_ws/install/nav_2d_msgs/include/nav_2d_msgs/msg/detail/twist2_d__struct.hpp
[1.129s] -- Up-to-date: /home/jucy/ydlidar_ws_11_29/ydlidar_ws/install/nav_2d_msgs/include/nav_2d_msgs/msg/detail/path2_d__type_support.hpp
[1.129s] -- Up-to-date: /home/jucy/ydlidar_ws_11_29/ydlidar_ws/install/nav_2d_msgs/include/nav_2d_msgs/msg/detail/pose2_d32__builder.hpp
[1.129s] -- Up-to-date: /home/jucy/ydlidar_ws_11_29/ydlidar_ws/install/nav_2d_msgs/include/nav_2d_msgs/msg/detail/twist2_d__traits.hpp
[1.129s] -- Up-to-date: /home/jucy/ydlidar_ws_11_29/ydlidar_ws/install/nav_2d_msgs/include/nav_2d_msgs/msg/detail/twist2_d_stamped__type_support.hpp
[1.129s] -- Up-to-date: /home/jucy/ydlidar_ws_11_29/ydlidar_ws/install/nav_2d_msgs/include/nav_2d_msgs/msg/detail/pose2_d32__struct.hpp
[1.129s] -- Up-to-date: /home/jucy/ydlidar_ws_11_29/ydlidar_ws/install/nav_2d_msgs/include/nav_2d_msgs/msg/detail/twist2_d32__type_support.hpp
[1.129s] -- Up-to-date: /home/jucy/ydlidar_ws_11_29/ydlidar_ws/install/nav_2d_msgs/include/nav_2d_msgs/msg/detail/path2_d__struct.hpp
[1.129s] -- Up-to-date: /home/jucy/ydlidar_ws_11_29/ydlidar_ws/install/nav_2d_msgs/include/nav_2d_msgs/msg/detail/twist2_d32__struct.hpp
[1.129s] -- Up-to-date: /home/jucy/ydlidar_ws_11_29/ydlidar_ws/install/nav_2d_msgs/include/nav_2d_msgs/msg/detail/pose2_d32__traits.hpp
[1.130s] -- Up-to-date: /home/jucy/ydlidar_ws_11_29/ydlidar_ws/install/nav_2d_msgs/include/nav_2d_msgs/msg/detail/pose2_d_stamped__builder.hpp
[1.130s] -- Up-to-date: /home/jucy/ydlidar_ws_11_29/ydlidar_ws/install/nav_2d_msgs/include/nav_2d_msgs/msg/detail/twist2_d32__traits.hpp
[1.130s] -- Up-to-date: /home/jucy/ydlidar_ws_11_29/ydlidar_ws/install/nav_2d_msgs/include/nav_2d_msgs/msg/detail/twist2_d_stamped__builder.hpp
[1.130s] -- Up-to-date: /home/jucy/ydlidar_ws_11_29/ydlidar_ws/install/nav_2d_msgs/include/nav_2d_msgs/msg/detail/pose2_d_stamped__struct.hpp
[1.130s] -- Up-to-date: /home/jucy/ydlidar_ws_11_29/ydlidar_ws/install/nav_2d_msgs/include/nav_2d_msgs/msg/detail/twist2_d__builder.hpp
[1.130s] -- Up-to-date: /home/jucy/ydlidar_ws_11_29/ydlidar_ws/install/nav_2d_msgs/include/nav_2d_msgs/msg/twist2_d32.hpp
[1.130s] -- Up-to-date: /home/jucy/ydlidar_ws_11_29/ydlidar_ws/install/nav_2d_msgs/include/nav_2d_msgs/msg/twist2_d.hpp
[1.130s] -- Up-to-date: /home/jucy/ydlidar_ws_11_29/ydlidar_ws/install/nav_2d_msgs/include/nav_2d_msgs
[1.130s] -- Up-to-date: /home/jucy/ydlidar_ws_11_29/ydlidar_ws/install/nav_2d_msgs/include/nav_2d_msgs/msg
[1.130s] -- Up-to-date: /home/jucy/ydlidar_ws_11_29/ydlidar_ws/install/nav_2d_msgs/include/nav_2d_msgs/msg/detail
[1.131s] -- Up-to-date: /home/jucy/ydlidar_ws_11_29/ydlidar_ws/install/nav_2d_msgs/include/nav_2d_msgs/msg/detail/path2_d__rosidl_typesupport_introspection_cpp.hpp
[1.131s] -- Up-to-date: /home/jucy/ydlidar_ws_11_29/ydlidar_ws/install/nav_2d_msgs/include/nav_2d_msgs/msg/detail/twist2_d_stamped__rosidl_typesupport_introspection_cpp.hpp
[1.131s] -- Up-to-date: /home/jucy/ydlidar_ws_11_29/ydlidar_ws/install/nav_2d_msgs/include/nav_2d_msgs/msg/detail/twist2_d__type_support.cpp
[1.131s] -- Up-to-date: /home/jucy/ydlidar_ws_11_29/ydlidar_ws/install/nav_2d_msgs/include/nav_2d_msgs/msg/detail/twist2_d32__type_support.cpp
[1.131s] -- Up-to-date: /home/jucy/ydlidar_ws_11_29/ydlidar_ws/install/nav_2d_msgs/include/nav_2d_msgs/msg/detail/twist2_d__rosidl_typesupport_introspection_cpp.hpp
[1.131s] -- Up-to-date: /home/jucy/ydlidar_ws_11_29/ydlidar_ws/install/nav_2d_msgs/include/nav_2d_msgs/msg/detail/pose2_d32__rosidl_typesupport_introspection_cpp.hpp
[1.131s] -- Up-to-date: /home/jucy/ydlidar_ws_11_29/ydlidar_ws/install/nav_2d_msgs/include/nav_2d_msgs/msg/detail/twist2_d_stamped__type_support.cpp
[1.131s] -- Up-to-date: /home/jucy/ydlidar_ws_11_29/ydlidar_ws/install/nav_2d_msgs/include/nav_2d_msgs/msg/detail/pose2_d_stamped__type_support.cpp
[1.132s] -- Up-to-date: /home/jucy/ydlidar_ws_11_29/ydlidar_ws/install/nav_2d_msgs/include/nav_2d_msgs/msg/detail/twist2_d32__rosidl_typesupport_introspection_cpp.hpp
[1.132s] -- Up-to-date: /home/jucy/ydlidar_ws_11_29/ydlidar_ws/install/nav_2d_msgs/include/nav_2d_msgs/msg/detail/pose2_d32__type_support.cpp
[1.132s] -- Up-to-date: /home/jucy/ydlidar_ws_11_29/ydlidar_ws/install/nav_2d_msgs/include/nav_2d_msgs/msg/detail/path2_d__type_support.cpp
[1.132s] -- Up-to-date: /home/jucy/ydlidar_ws_11_29/ydlidar_ws/install/nav_2d_msgs/include/nav_2d_msgs/msg/detail/pose2_d_stamped__rosidl_typesupport_introspection_cpp.hpp
[1.137s] -- Up-to-date: /home/jucy/ydlidar_ws_11_29/ydlidar_ws/install/nav_2d_msgs/lib/libnav_2d_msgs__rosidl_typesupport_introspection_cpp.so
[1.158s] -- Up-to-date: /home/jucy/ydlidar_ws_11_29/ydlidar_ws/install/nav_2d_msgs/lib/libnav_2d_msgs__rosidl_typesupport_cpp.so
[1.159s] -- Up-to-date: /home/jucy/ydlidar_ws_11_29/ydlidar_ws/install/nav_2d_msgs/share/nav_2d_msgs/environment/pythonpath.sh
[1.159s] -- Up-to-date: /home/jucy/ydlidar_ws_11_29/ydlidar_ws/install/nav_2d_msgs/share/nav_2d_msgs/environment/pythonpath.dsv
[1.159s] -- Up-to-date: /home/jucy/ydlidar_ws_11_29/ydlidar_ws/install/nav_2d_msgs/lib/python3.8/site-packages/nav_2d_msgs/__init__.py
[1.237s] -- Up-to-date: /home/jucy/ydlidar_ws_11_29/ydlidar_ws/install/nav_2d_msgs/lib/python3.8/site-packages/nav_2d_msgs/msg
[1.237s] -- Up-to-date: /home/jucy/ydlidar_ws_11_29/ydlidar_ws/install/nav_2d_msgs/lib/python3.8/site-packages/nav_2d_msgs/msg/_twist2_d32.py
[1.238s] -- Up-to-date: /home/jucy/ydlidar_ws_11_29/ydlidar_ws/install/nav_2d_msgs/lib/python3.8/site-packages/nav_2d_msgs/msg/_pose2_d32_s.c
[1.238s] -- Up-to-date: /home/jucy/ydlidar_ws_11_29/ydlidar_ws/install/nav_2d_msgs/lib/python3.8/site-packages/nav_2d_msgs/msg/_path2_d_s.c
[1.238s] -- Up-to-date: /home/jucy/ydlidar_ws_11_29/ydlidar_ws/install/nav_2d_msgs/lib/python3.8/site-packages/nav_2d_msgs/msg/_twist2_d32_s.c
[1.238s] -- Up-to-date: /home/jucy/ydlidar_ws_11_29/ydlidar_ws/install/nav_2d_msgs/lib/python3.8/site-packages/nav_2d_msgs/msg/_twist2_d_s.c
[1.238s] -- Up-to-date: /home/jucy/ydlidar_ws_11_29/ydlidar_ws/install/nav_2d_msgs/lib/python3.8/site-packages/nav_2d_msgs/msg/_twist2_d.py
[1.238s] -- Up-to-date: /home/jucy/ydlidar_ws_11_29/ydlidar_ws/install/nav_2d_msgs/lib/python3.8/site-packages/nav_2d_msgs/msg/_twist2_d_stamped.py
[1.238s] -- Up-to-date: /home/jucy/ydlidar_ws_11_29/ydlidar_ws/install/nav_2d_msgs/lib/python3.8/site-packages/nav_2d_msgs/msg/_pose2_d_stamped.py
[1.238s] -- Up-to-date: /home/jucy/ydlidar_ws_11_29/ydlidar_ws/install/nav_2d_msgs/lib/python3.8/site-packages/nav_2d_msgs/msg/_pose2_d_stamped_s.c
[1.238s] -- Up-to-date: /home/jucy/ydlidar_ws_11_29/ydlidar_ws/install/nav_2d_msgs/lib/python3.8/site-packages/nav_2d_msgs/msg/_path2_d.py
[1.238s] -- Up-to-date: /home/jucy/ydlidar_ws_11_29/ydlidar_ws/install/nav_2d_msgs/lib/python3.8/site-packages/nav_2d_msgs/msg/__init__.py
[1.238s] -- Up-to-date: /home/jucy/ydlidar_ws_11_29/ydlidar_ws/install/nav_2d_msgs/lib/python3.8/site-packages/nav_2d_msgs/msg/_twist2_d_stamped_s.c
[1.238s] -- Up-to-date: /home/jucy/ydlidar_ws_11_29/ydlidar_ws/install/nav_2d_msgs/lib/python3.8/site-packages/nav_2d_msgs/msg/_pose2_d32.py
[1.329s] -- Up-to-date: /home/jucy/ydlidar_ws_11_29/ydlidar_ws/install/nav_2d_msgs/lib/python3.8/site-packages/nav_2d_msgs/nav_2d_msgs_s__rosidl_typesupport_fastrtps_c.cpython-38-x86_64-linux-gnu.so
[1.331s] -- Up-to-date: /home/jucy/ydlidar_ws_11_29/ydlidar_ws/install/nav_2d_msgs/lib/python3.8/site-packages/nav_2d_msgs/nav_2d_msgs_s__rosidl_typesupport_introspection_c.cpython-38-x86_64-linux-gnu.so
[1.332s] -- Up-to-date: /home/jucy/ydlidar_ws_11_29/ydlidar_ws/install/nav_2d_msgs/lib/python3.8/site-packages/nav_2d_msgs/nav_2d_msgs_s__rosidl_typesupport_c.cpython-38-x86_64-linux-gnu.so
[1.333s] -- Up-to-date: /home/jucy/ydlidar_ws_11_29/ydlidar_ws/install/nav_2d_msgs/lib/libnav_2d_msgs__python.so
[1.334s] -- Up-to-date: /home/jucy/ydlidar_ws_11_29/ydlidar_ws/install/nav_2d_msgs/share/nav_2d_msgs/msg/Path2D.idl
[1.334s] -- Up-to-date: /home/jucy/ydlidar_ws_11_29/ydlidar_ws/install/nav_2d_msgs/share/nav_2d_msgs/msg/Pose2D32.idl
[1.334s] -- Up-to-date: /home/jucy/ydlidar_ws_11_29/ydlidar_ws/install/nav_2d_msgs/share/nav_2d_msgs/msg/Pose2DStamped.idl
[1.334s] -- Up-to-date: /home/jucy/ydlidar_ws_11_29/ydlidar_ws/install/nav_2d_msgs/share/nav_2d_msgs/msg/Twist2D.idl
[1.334s] -- Up-to-date: /home/jucy/ydlidar_ws_11_29/ydlidar_ws/install/nav_2d_msgs/share/nav_2d_msgs/msg/Twist2D32.idl
[1.334s] -- Up-to-date: /home/jucy/ydlidar_ws_11_29/ydlidar_ws/install/nav_2d_msgs/share/nav_2d_msgs/msg/Twist2DStamped.idl
[1.334s] -- Up-to-date: /home/jucy/ydlidar_ws_11_29/ydlidar_ws/install/nav_2d_msgs/share/nav_2d_msgs/msg/Path2D.msg
[1.334s] -- Up-to-date: /home/jucy/ydlidar_ws_11_29/ydlidar_ws/install/nav_2d_msgs/share/nav_2d_msgs/msg/Pose2D32.msg
[1.334s] -- Up-to-date: /home/jucy/ydlidar_ws_11_29/ydlidar_ws/install/nav_2d_msgs/share/nav_2d_msgs/msg/Pose2DStamped.msg
[1.334s] -- Up-to-date: /home/jucy/ydlidar_ws_11_29/ydlidar_ws/install/nav_2d_msgs/share/nav_2d_msgs/msg/Twist2D.msg
[1.335s] -- Up-to-date: /home/jucy/ydlidar_ws_11_29/ydlidar_ws/install/nav_2d_msgs/share/nav_2d_msgs/msg/Twist2D32.msg
[1.335s] -- Up-to-date: /home/jucy/ydlidar_ws_11_29/ydlidar_ws/install/nav_2d_msgs/share/nav_2d_msgs/msg/Twist2DStamped.msg
[1.335s] -- Up-to-date: /home/jucy/ydlidar_ws_11_29/ydlidar_ws/install/nav_2d_msgs/share/ament_index/resource_index/package_run_dependencies/nav_2d_msgs
[1.335s] -- Up-to-date: /home/jucy/ydlidar_ws_11_29/ydlidar_ws/install/nav_2d_msgs/share/ament_index/resource_index/parent_prefix_path/nav_2d_msgs
[1.336s] -- Up-to-date: /home/jucy/ydlidar_ws_11_29/ydlidar_ws/install/nav_2d_msgs/share/nav_2d_msgs/environment/ament_prefix_path.sh
[1.336s] -- Up-to-date: /home/jucy/ydlidar_ws_11_29/ydlidar_ws/install/nav_2d_msgs/share/nav_2d_msgs/environment/ament_prefix_path.dsv
[1.336s] -- Up-to-date: /home/jucy/ydlidar_ws_11_29/ydlidar_ws/install/nav_2d_msgs/share/nav_2d_msgs/environment/path.sh
[1.336s] -- Up-to-date: /home/jucy/ydlidar_ws_11_29/ydlidar_ws/install/nav_2d_msgs/share/nav_2d_msgs/environment/path.dsv
[1.336s] -- Up-to-date: /home/jucy/ydlidar_ws_11_29/ydlidar_ws/install/nav_2d_msgs/share/nav_2d_msgs/local_setup.bash
[1.336s] -- Up-to-date: /home/jucy/ydlidar_ws_11_29/ydlidar_ws/install/nav_2d_msgs/share/nav_2d_msgs/local_setup.sh
[1.336s] -- Up-to-date: /home/jucy/ydlidar_ws_11_29/ydlidar_ws/install/nav_2d_msgs/share/nav_2d_msgs/local_setup.zsh
[1.336s] -- Up-to-date: /home/jucy/ydlidar_ws_11_29/ydlidar_ws/install/nav_2d_msgs/share/nav_2d_msgs/local_setup.dsv
[1.336s] -- Installing: /home/jucy/ydlidar_ws_11_29/ydlidar_ws/install/nav_2d_msgs/share/nav_2d_msgs/package.dsv
[1.349s] -- Up-to-date: /home/jucy/ydlidar_ws_11_29/ydlidar_ws/install/nav_2d_msgs/share/ament_index/resource_index/packages/nav_2d_msgs
[1.352s] -- Up-to-date: /home/jucy/ydlidar_ws_11_29/ydlidar_ws/install/nav_2d_msgs/share/nav_2d_msgs/cmake/nav_2d_msgs__rosidl_generator_cExport.cmake
[1.352s] -- Up-to-date: /home/jucy/ydlidar_ws_11_29/ydlidar_ws/install/nav_2d_msgs/share/nav_2d_msgs/cmake/nav_2d_msgs__rosidl_generator_cExport-noconfig.cmake
[1.352s] -- Up-to-date: /home/jucy/ydlidar_ws_11_29/ydlidar_ws/install/nav_2d_msgs/share/nav_2d_msgs/cmake/nav_2d_msgs__rosidl_typesupport_introspection_cExport.cmake
[1.353s] -- Up-to-date: /home/jucy/ydlidar_ws_11_29/ydlidar_ws/install/nav_2d_msgs/share/nav_2d_msgs/cmake/nav_2d_msgs__rosidl_typesupport_introspection_cExport-noconfig.cmake
[1.353s] -- Up-to-date: /home/jucy/ydlidar_ws_11_29/ydlidar_ws/install/nav_2d_msgs/share/nav_2d_msgs/cmake/nav_2d_msgs__rosidl_typesupport_cExport.cmake
[1.353s] -- Up-to-date: /home/jucy/ydlidar_ws_11_29/ydlidar_ws/install/nav_2d_msgs/share/nav_2d_msgs/cmake/nav_2d_msgs__rosidl_typesupport_cExport-noconfig.cmake
[1.353s] -- Up-to-date: /home/jucy/ydlidar_ws_11_29/ydlidar_ws/install/nav_2d_msgs/share/nav_2d_msgs/cmake/nav_2d_msgs__rosidl_generator_cppExport.cmake
[1.354s] -- Up-to-date: /home/jucy/ydlidar_ws_11_29/ydlidar_ws/install/nav_2d_msgs/share/nav_2d_msgs/cmake/nav_2d_msgs__rosidl_typesupport_introspection_cppExport.cmake
[1.354s] -- Up-to-date: /home/jucy/ydlidar_ws_11_29/ydlidar_ws/install/nav_2d_msgs/share/nav_2d_msgs/cmake/nav_2d_msgs__rosidl_typesupport_introspection_cppExport-noconfig.cmake
[1.354s] -- Up-to-date: /home/jucy/ydlidar_ws_11_29/ydlidar_ws/install/nav_2d_msgs/share/nav_2d_msgs/cmake/nav_2d_msgs__rosidl_typesupport_cppExport.cmake
[1.355s] -- Up-to-date: /home/jucy/ydlidar_ws_11_29/ydlidar_ws/install/nav_2d_msgs/share/nav_2d_msgs/cmake/nav_2d_msgs__rosidl_typesupport_cppExport-noconfig.cmake
[1.355s] -- Up-to-date: /home/jucy/ydlidar_ws_11_29/ydlidar_ws/install/nav_2d_msgs/share/nav_2d_msgs/cmake/rosidl_cmake-extras.cmake
[1.355s] -- Up-to-date: /home/jucy/ydlidar_ws_11_29/ydlidar_ws/install/nav_2d_msgs/share/nav_2d_msgs/cmake/ament_cmake_export_dependencies-extras.cmake
[1.355s] -- Up-to-date: /home/jucy/ydlidar_ws_11_29/ydlidar_ws/install/nav_2d_msgs/share/nav_2d_msgs/cmake/ament_cmake_export_libraries-extras.cmake
[1.355s] -- Up-to-date: /home/jucy/ydlidar_ws_11_29/ydlidar_ws/install/nav_2d_msgs/share/nav_2d_msgs/cmake/ament_cmake_export_targets-extras.cmake
[1.356s] -- Up-to-date: /home/jucy/ydlidar_ws_11_29/ydlidar_ws/install/nav_2d_msgs/share/nav_2d_msgs/cmake/ament_cmake_export_include_directories-extras.cmake
[1.356s] -- Up-to-date: /home/jucy/ydlidar_ws_11_29/ydlidar_ws/install/nav_2d_msgs/share/nav_2d_msgs/cmake/rosidl_cmake_export_typesupport_libraries-extras.cmake
[1.356s] -- Up-to-date: /home/jucy/ydlidar_ws_11_29/ydlidar_ws/install/nav_2d_msgs/share/nav_2d_msgs/cmake/rosidl_cmake_export_typesupport_targets-extras.cmake
[1.356s] -- Up-to-date: /home/jucy/ydlidar_ws_11_29/ydlidar_ws/install/nav_2d_msgs/share/nav_2d_msgs/cmake/nav_2d_msgsConfig.cmake
[1.356s] -- Up-to-date: /home/jucy/ydlidar_ws_11_29/ydlidar_ws/install/nav_2d_msgs/share/nav_2d_msgs/cmake/nav_2d_msgsConfig-version.cmake
[1.356s] -- Up-to-date: /home/jucy/ydlidar_ws_11_29/ydlidar_ws/install/nav_2d_msgs/share/nav_2d_msgs/package.xml
[1.358s] Invoked command in '/home/jucy/ydlidar_ws_11_29/ydlidar_ws/build/nav_2d_msgs' returned '0': CMAKE_PREFIX_PATH=${CMAKE_PREFIX_PATH}:/home/jucy/ydlidar_ws_11_29/install/nav2_gazebo_spawner:/home/jucy/ydlidar_ws_11_29/install/jdamr200_node:/home/jucy/ydlidar_ws_11_29/ydlidar_ws/install/nav2_gazebo_spawner:/home/jucy/ydlidar_ws_11_29/ydlidar_ws/install/jdamr200_node:/home/jucy/turtlebot3_ws/install/turtlebot3_teleop:/home/jucy/turtlebot3_ws/install/turtlebot3_example:/home/jucy/turtlebot3_ws/install/nav2_goal_pulisher_test:/home/jucy/turtlebot3_ws/install/nav2_goal_publisher:/home/jucy/ros2_ws/install/nav2_simple_commander:/home/jucy/ros2_ws/install/nav2_gazebo_spawner:/home/jucy/ros2_ws/install/camera_udp_communication:/home/jucy/ros2_ws/install/agv_control_py:/home/jucy/ydlidar_ros2_ws/install/jdamr200_teleop:/home/jucy/ydlidar_ros2_ws/install/jdamr200_node /usr/bin/cmake --install /home/jucy/ydlidar_ws_11_29/ydlidar_ws/build/nav_2d_msgs
