[0.225s] Invoking command in '/home/jucy/ydlidar_ws_11_29/build/nav_2d_msgs': CMAKE_PREFIX_PATH=${CMAKE_PREFIX_PATH}:/home/jucy/ydlidar_ws_11_29/install/nav2_gazebo_spawner:/home/jucy/ydlidar_ws_11_29/install/jdamr200_node:/home/jucy/ydlidar_ws_11_29/ydlidar_ws/install/nav2_gazebo_spawner:/home/jucy/ydlidar_ws_11_29/ydlidar_ws/install/jdamr200_node:/home/jucy/turtlebot3_ws/install/turtlebot3_teleop:/home/jucy/turtlebot3_ws/install/turtlebot3_example:/home/jucy/turtlebot3_ws/install/nav2_goal_pulisher_test:/home/jucy/turtlebot3_ws/install/nav2_goal_publisher:/home/jucy/ros2_ws/install/nav2_simple_commander:/home/jucy/ros2_ws/install/nav2_gazebo_spawner:/home/jucy/ros2_ws/install/camera_udp_communication:/home/jucy/ros2_ws/install/agv_control_py:/home/jucy/ydlidar_ros2_ws/install/jdamr200_teleop:/home/jucy/ydlidar_ros2_ws/install/jdamr200_node /usr/bin/cmake --build /home/jucy/ydlidar_ws_11_29/build/nav_2d_msgs -- -j12 -l12
[1.272s] [  1%] Built target nav_2d_msgs__cpp
[1.432s] [ 12%] Built target nav_2d_msgs__rosidl_generator_c
[1.462s] [ 23%] Built target nav_2d_msgs__rosidl_typesupport_fastrtps_cpp
[1.551s] [ 35%] Built target nav_2d_msgs__rosidl_typesupport_cpp
[1.552s] [ 46%] Built target nav_2d_msgs__rosidl_typesupport_c
[1.556s] [ 57%] Built target nav_2d_msgs__rosidl_typesupport_introspection_cpp
[1.582s] [ 69%] Built target nav_2d_msgs__rosidl_typesupport_introspection_c
[1.622s] [ 80%] Built target nav_2d_msgs__rosidl_typesupport_fastrtps_c
[1.681s] [ 80%] Built target nav_2d_msgs
[2.251s] [ 81%] Built target nav_2d_msgs__py
[2.507s] [ 91%] Built target nav_2d_msgs__python
[3.019s] [ 94%] Built target nav_2d_msgs__rosidl_typesupport_c__pyext
[3.019s] [ 97%] Built target nav_2d_msgs__rosidl_typesupport_introspection_c__pyext
[3.020s] [100%] Built target nav_2d_msgs__rosidl_typesupport_fastrtps_c__pyext
[3.042s] Invoked command in '/home/jucy/ydlidar_ws_11_29/build/nav_2d_msgs' returned '0': CMAKE_PREFIX_PATH=${CMAKE_PREFIX_PATH}:/home/jucy/ydlidar_ws_11_29/install/nav2_gazebo_spawner:/home/jucy/ydlidar_ws_11_29/install/jdamr200_node:/home/jucy/ydlidar_ws_11_29/ydlidar_ws/install/nav2_gazebo_spawner:/home/jucy/ydlidar_ws_11_29/ydlidar_ws/install/jdamr200_node:/home/jucy/turtlebot3_ws/install/turtlebot3_teleop:/home/jucy/turtlebot3_ws/install/turtlebot3_example:/home/jucy/turtlebot3_ws/install/nav2_goal_pulisher_test:/home/jucy/turtlebot3_ws/install/nav2_goal_publisher:/home/jucy/ros2_ws/install/nav2_simple_commander:/home/jucy/ros2_ws/install/nav2_gazebo_spawner:/home/jucy/ros2_ws/install/camera_udp_communication:/home/jucy/ros2_ws/install/agv_control_py:/home/jucy/ydlidar_ros2_ws/install/jdamr200_teleop:/home/jucy/ydlidar_ros2_ws/install/jdamr200_node /usr/bin/cmake --build /home/jucy/ydlidar_ws_11_29/build/nav_2d_msgs -- -j12 -l12
[3.050s] Invoking command in '/home/jucy/ydlidar_ws_11_29/build/nav_2d_msgs': CMAKE_PREFIX_PATH=${CMAKE_PREFIX_PATH}:/home/jucy/ydlidar_ws_11_29/install/nav2_gazebo_spawner:/home/jucy/ydlidar_ws_11_29/install/jdamr200_node:/home/jucy/ydlidar_ws_11_29/ydlidar_ws/install/nav2_gazebo_spawner:/home/jucy/ydlidar_ws_11_29/ydlidar_ws/install/jdamr200_node:/home/jucy/turtlebot3_ws/install/turtlebot3_teleop:/home/jucy/turtlebot3_ws/install/turtlebot3_example:/home/jucy/turtlebot3_ws/install/nav2_goal_pulisher_test:/home/jucy/turtlebot3_ws/install/nav2_goal_publisher:/home/jucy/ros2_ws/install/nav2_simple_commander:/home/jucy/ros2_ws/install/nav2_gazebo_spawner:/home/jucy/ros2_ws/install/camera_udp_communication:/home/jucy/ros2_ws/install/agv_control_py:/home/jucy/ydlidar_ros2_ws/install/jdamr200_teleop:/home/jucy/ydlidar_ros2_ws/install/jdamr200_node /usr/bin/cmake --install /home/jucy/ydlidar_ws_11_29/build/nav_2d_msgs
[3.066s] -- Install configuration: ""
[3.154s] -- Up-to-date: /home/jucy/ydlidar_ws_11_29/install/nav_2d_msgs/share/ament_index/resource_index/rosidl_interfaces/nav_2d_msgs
[3.154s] -- Up-to-date: /home/jucy/ydlidar_ws_11_29/install/nav_2d_msgs/include/nav_2d_msgs
[3.155s] -- Up-to-date: /home/jucy/ydlidar_ws_11_29/install/nav_2d_msgs/include/nav_2d_msgs/msg
[3.155s] -- Up-to-date: /home/jucy/ydlidar_ws_11_29/install/nav_2d_msgs/include/nav_2d_msgs/msg/twist2_d.h
[3.155s] -- Up-to-date: /home/jucy/ydlidar_ws_11_29/install/nav_2d_msgs/include/nav_2d_msgs/msg/rosidl_generator_c__visibility_control.h
[3.156s] -- Up-to-date: /home/jucy/ydlidar_ws_11_29/install/nav_2d_msgs/include/nav_2d_msgs/msg/twist2_d32.h
[3.156s] -- Up-to-date: /home/jucy/ydlidar_ws_11_29/install/nav_2d_msgs/include/nav_2d_msgs/msg/pose2_d32.h
[3.156s] -- Up-to-date: /home/jucy/ydlidar_ws_11_29/install/nav_2d_msgs/include/nav_2d_msgs/msg/twist2_d_stamped.h
[3.157s] -- Up-to-date: /home/jucy/ydlidar_ws_11_29/install/nav_2d_msgs/include/nav_2d_msgs/msg/path2_d.h
[3.157s] -- Up-to-date: /home/jucy/ydlidar_ws_11_29/install/nav_2d_msgs/include/nav_2d_msgs/msg/detail
[3.158s] -- Up-to-date: /home/jucy/ydlidar_ws_11_29/install/nav_2d_msgs/include/nav_2d_msgs/msg/detail/twist2_d__type_support.h
[3.158s] -- Up-to-date: /home/jucy/ydlidar_ws_11_29/install/nav_2d_msgs/include/nav_2d_msgs/msg/detail/twist2_d32__functions.h
[3.158s] -- Up-to-date: /home/jucy/ydlidar_ws_11_29/install/nav_2d_msgs/include/nav_2d_msgs/msg/detail/pose2_d32__functions.h
[3.158s] -- Up-to-date: /home/jucy/ydlidar_ws_11_29/install/nav_2d_msgs/include/nav_2d_msgs/msg/detail/twist2_d_stamped__type_support.h
[3.158s] -- Up-to-date: /home/jucy/ydlidar_ws_11_29/install/nav_2d_msgs/include/nav_2d_msgs/msg/detail/pose2_d32__struct.h
[3.159s] -- Up-to-date: /home/jucy/ydlidar_ws_11_29/install/nav_2d_msgs/include/nav_2d_msgs/msg/detail/twist2_d_stamped__functions.h
[3.159s] -- Up-to-date: /home/jucy/ydlidar_ws_11_29/install/nav_2d_msgs/include/nav_2d_msgs/msg/detail/twist2_d32__type_support.h
[3.159s] -- Up-to-date: /home/jucy/ydlidar_ws_11_29/install/nav_2d_msgs/include/nav_2d_msgs/msg/detail/twist2_d__struct.h
[3.159s] -- Up-to-date: /home/jucy/ydlidar_ws_11_29/install/nav_2d_msgs/include/nav_2d_msgs/msg/detail/pose2_d_stamped__functions.c
[3.160s] -- Up-to-date: /home/jucy/ydlidar_ws_11_29/install/nav_2d_msgs/include/nav_2d_msgs/msg/detail/pose2_d_stamped__functions.h
[3.160s] -- Up-to-date: /home/jucy/ydlidar_ws_11_29/install/nav_2d_msgs/include/nav_2d_msgs/msg/detail/path2_d__functions.c
[3.160s] -- Up-to-date: /home/jucy/ydlidar_ws_11_29/install/nav_2d_msgs/include/nav_2d_msgs/msg/detail/path2_d__type_support.h
[3.160s] -- Up-to-date: /home/jucy/ydlidar_ws_11_29/install/nav_2d_msgs/include/nav_2d_msgs/msg/detail/twist2_d32__functions.c
[3.161s] -- Up-to-date: /home/jucy/ydlidar_ws_11_29/install/nav_2d_msgs/include/nav_2d_msgs/msg/detail/twist2_d__functions.c
[3.161s] -- Up-to-date: /home/jucy/ydlidar_ws_11_29/install/nav_2d_msgs/include/nav_2d_msgs/msg/detail/twist2_d_stamped__struct.h
[3.161s] -- Up-to-date: /home/jucy/ydlidar_ws_11_29/install/nav_2d_msgs/include/nav_2d_msgs/msg/detail/twist2_d__functions.h
[3.161s] -- Up-to-date: /home/jucy/ydlidar_ws_11_29/install/nav_2d_msgs/include/nav_2d_msgs/msg/detail/twist2_d32__struct.h
[3.162s] -- Up-to-date: /home/jucy/ydlidar_ws_11_29/install/nav_2d_msgs/include/nav_2d_msgs/msg/detail/path2_d__struct.h
[3.162s] -- Up-to-date: /home/jucy/ydlidar_ws_11_29/install/nav_2d_msgs/include/nav_2d_msgs/msg/detail/path2_d__functions.h
[3.162s] -- Up-to-date: /home/jucy/ydlidar_ws_11_29/install/nav_2d_msgs/include/nav_2d_msgs/msg/detail/twist2_d_stamped__functions.c
[3.162s] -- Up-to-date: /home/jucy/ydlidar_ws_11_29/install/nav_2d_msgs/include/nav_2d_msgs/msg/detail/pose2_d_stamped__struct.h
[3.163s] -- Up-to-date: /home/jucy/ydlidar_ws_11_29/install/nav_2d_msgs/include/nav_2d_msgs/msg/detail/pose2_d32__functions.c
[3.163s] -- Up-to-date: /home/jucy/ydlidar_ws_11_29/install/nav_2d_msgs/include/nav_2d_msgs/msg/detail/pose2_d_stamped__type_support.h
[3.163s] -- Up-to-date: /home/jucy/ydlidar_ws_11_29/install/nav_2d_msgs/include/nav_2d_msgs/msg/detail/pose2_d32__type_support.h
[3.163s] -- Up-to-date: /home/jucy/ydlidar_ws_11_29/install/nav_2d_msgs/include/nav_2d_msgs/msg/pose2_d_stamped.h
[3.163s] -- Up-to-date: /home/jucy/ydlidar_ws_11_29/install/nav_2d_msgs/share/nav_2d_msgs/environment/library_path.sh
[3.163s] -- Up-to-date: /home/jucy/ydlidar_ws_11_29/install/nav_2d_msgs/share/nav_2d_msgs/environment/library_path.dsv
[3.258s] -- Up-to-date: /home/jucy/ydlidar_ws_11_29/install/nav_2d_msgs/lib/libnav_2d_msgs__rosidl_generator_c.so
[3.259s] -- Up-to-date: /home/jucy/ydlidar_ws_11_29/install/nav_2d_msgs/include/nav_2d_msgs
[3.260s] -- Up-to-date: /home/jucy/ydlidar_ws_11_29/install/nav_2d_msgs/include/nav_2d_msgs/msg
[3.260s] -- Up-to-date: /home/jucy/ydlidar_ws_11_29/install/nav_2d_msgs/include/nav_2d_msgs/msg/rosidl_typesupport_fastrtps_c__visibility_control.h
[3.261s] -- Up-to-date: /home/jucy/ydlidar_ws_11_29/install/nav_2d_msgs/include/nav_2d_msgs/msg/detail
[3.261s] -- Up-to-date: /home/jucy/ydlidar_ws_11_29/install/nav_2d_msgs/include/nav_2d_msgs/msg/detail/twist2_d32__rosidl_typesupport_fastrtps_c.h
[3.261s] -- Up-to-date: /home/jucy/ydlidar_ws_11_29/install/nav_2d_msgs/include/nav_2d_msgs/msg/detail/pose2_d_stamped__rosidl_typesupport_fastrtps_c.h
[3.261s] -- Up-to-date: /home/jucy/ydlidar_ws_11_29/install/nav_2d_msgs/include/nav_2d_msgs/msg/detail/pose2_d32__rosidl_typesupport_fastrtps_c.h
[3.262s] -- Up-to-date: /home/jucy/ydlidar_ws_11_29/install/nav_2d_msgs/include/nav_2d_msgs/msg/detail/path2_d__rosidl_typesupport_fastrtps_c.h
[3.262s] -- Up-to-date: /home/jucy/ydlidar_ws_11_29/install/nav_2d_msgs/include/nav_2d_msgs/msg/detail/twist2_d__rosidl_typesupport_fastrtps_c.h
[3.262s] -- Up-to-date: /home/jucy/ydlidar_ws_11_29/install/nav_2d_msgs/include/nav_2d_msgs/msg/detail/twist2_d_stamped__rosidl_typesupport_fastrtps_c.h
[3.265s] -- Up-to-date: /home/jucy/ydlidar_ws_11_29/install/nav_2d_msgs/lib/libnav_2d_msgs__rosidl_typesupport_fastrtps_c.so
[3.267s] -- Up-to-date: /home/jucy/ydlidar_ws_11_29/install/nav_2d_msgs/include/nav_2d_msgs
[3.268s] -- Up-to-date: /home/jucy/ydlidar_ws_11_29/install/nav_2d_msgs/include/nav_2d_msgs/msg
[3.268s] -- Up-to-date: /home/jucy/ydlidar_ws_11_29/install/nav_2d_msgs/include/nav_2d_msgs/msg/rosidl_typesupport_fastrtps_cpp__visibility_control.h
[3.268s] -- Up-to-date: /home/jucy/ydlidar_ws_11_29/install/nav_2d_msgs/include/nav_2d_msgs/msg/detail
[3.269s] -- Up-to-date: /home/jucy/ydlidar_ws_11_29/install/nav_2d_msgs/include/nav_2d_msgs/msg/detail/twist2_d32__rosidl_typesupport_fastrtps_cpp.hpp
[3.269s] -- Up-to-date: /home/jucy/ydlidar_ws_11_29/install/nav_2d_msgs/include/nav_2d_msgs/msg/detail/twist2_d_stamped__rosidl_typesupport_fastrtps_cpp.hpp
[3.270s] -- Up-to-date: /home/jucy/ydlidar_ws_11_29/install/nav_2d_msgs/include/nav_2d_msgs/msg/detail/pose2_d32__rosidl_typesupport_fastrtps_cpp.hpp
[3.270s] -- Up-to-date: /home/jucy/ydlidar_ws_11_29/install/nav_2d_msgs/include/nav_2d_msgs/msg/detail/pose2_d_stamped__rosidl_typesupport_fastrtps_cpp.hpp
[3.270s] -- Up-to-date: /home/jucy/ydlidar_ws_11_29/install/nav_2d_msgs/include/nav_2d_msgs/msg/detail/path2_d__rosidl_typesupport_fastrtps_cpp.hpp
[3.271s] -- Up-to-date: /home/jucy/ydlidar_ws_11_29/install/nav_2d_msgs/include/nav_2d_msgs/msg/detail/twist2_d__rosidl_typesupport_fastrtps_cpp.hpp
[3.271s] -- Up-to-date: /home/jucy/ydlidar_ws_11_29/install/nav_2d_msgs/include/nav_2d_msgs/msg/detail/dds_fastrtps
[3.345s] -- Up-to-date: /home/jucy/ydlidar_ws_11_29/install/nav_2d_msgs/lib/libnav_2d_msgs__rosidl_typesupport_fastrtps_cpp.so
[3.346s] -- Up-to-date: /home/jucy/ydlidar_ws_11_29/install/nav_2d_msgs/include/nav_2d_msgs
[3.347s] -- Up-to-date: /home/jucy/ydlidar_ws_11_29/install/nav_2d_msgs/include/nav_2d_msgs/msg
[3.348s] -- Up-to-date: /home/jucy/ydlidar_ws_11_29/install/nav_2d_msgs/include/nav_2d_msgs/msg/rosidl_typesupport_introspection_c__visibility_control.h
[3.348s] -- Up-to-date: /home/jucy/ydlidar_ws_11_29/install/nav_2d_msgs/include/nav_2d_msgs/msg/detail
[3.348s] -- Up-to-date: /home/jucy/ydlidar_ws_11_29/install/nav_2d_msgs/include/nav_2d_msgs/msg/detail/twist2_d_stamped__rosidl_typesupport_introspection_c.h
[3.349s] -- Up-to-date: /home/jucy/ydlidar_ws_11_29/install/nav_2d_msgs/include/nav_2d_msgs/msg/detail/twist2_d__rosidl_typesupport_introspection_c.h
[3.349s] -- Up-to-date: /home/jucy/ydlidar_ws_11_29/install/nav_2d_msgs/include/nav_2d_msgs/msg/detail/pose2_d_stamped__rosidl_typesupport_introspection_c.h
[3.349s] -- Up-to-date: /home/jucy/ydlidar_ws_11_29/install/nav_2d_msgs/include/nav_2d_msgs/msg/detail/pose2_d_stamped__type_support.c
[3.349s] -- Up-to-date: /home/jucy/ydlidar_ws_11_29/install/nav_2d_msgs/include/nav_2d_msgs/msg/detail/pose2_d32__rosidl_typesupport_introspection_c.h
[3.350s] -- Up-to-date: /home/jucy/ydlidar_ws_11_29/install/nav_2d_msgs/include/nav_2d_msgs/msg/detail/path2_d__rosidl_typesupport_introspection_c.h
[3.350s] -- Up-to-date: /home/jucy/ydlidar_ws_11_29/install/nav_2d_msgs/include/nav_2d_msgs/msg/detail/path2_d__type_support.c
[3.350s] -- Up-to-date: /home/jucy/ydlidar_ws_11_29/install/nav_2d_msgs/include/nav_2d_msgs/msg/detail/twist2_d_stamped__type_support.c
[3.350s] -- Up-to-date: /home/jucy/ydlidar_ws_11_29/install/nav_2d_msgs/include/nav_2d_msgs/msg/detail/twist2_d32__rosidl_typesupport_introspection_c.h
[3.351s] -- Up-to-date: /home/jucy/ydlidar_ws_11_29/install/nav_2d_msgs/include/nav_2d_msgs/msg/detail/twist2_d__type_support.c
[3.351s] -- Up-to-date: /home/jucy/ydlidar_ws_11_29/install/nav_2d_msgs/include/nav_2d_msgs/msg/detail/pose2_d32__type_support.c
[3.351s] -- Up-to-date: /home/jucy/ydlidar_ws_11_29/install/nav_2d_msgs/include/nav_2d_msgs/msg/detail/twist2_d32__type_support.c
[3.352s] -- Up-to-date: /home/jucy/ydlidar_ws_11_29/install/nav_2d_msgs/lib/libnav_2d_msgs__rosidl_typesupport_introspection_c.so
[3.354s] -- Up-to-date: /home/jucy/ydlidar_ws_11_29/install/nav_2d_msgs/lib/libnav_2d_msgs__rosidl_typesupport_c.so
[3.355s] -- Up-to-date: /home/jucy/ydlidar_ws_11_29/install/nav_2d_msgs/include/nav_2d_msgs
[3.356s] -- Up-to-date: /home/jucy/ydlidar_ws_11_29/install/nav_2d_msgs/include/nav_2d_msgs/msg
[3.357s] -- Up-to-date: /home/jucy/ydlidar_ws_11_29/install/nav_2d_msgs/include/nav_2d_msgs/msg/path2_d.hpp
[3.358s] -- Up-to-date: /home/jucy/ydlidar_ws_11_29/install/nav_2d_msgs/include/nav_2d_msgs/msg/rosidl_generator_cpp__visibility_control.hpp
[3.358s] -- Up-to-date: /home/jucy/ydlidar_ws_11_29/install/nav_2d_msgs/include/nav_2d_msgs/msg/twist2_d_stamped.hpp
[3.359s] -- Up-to-date: /home/jucy/ydlidar_ws_11_29/install/nav_2d_msgs/include/nav_2d_msgs/msg/pose2_d32.hpp
[3.360s] -- Up-to-date: /home/jucy/ydlidar_ws_11_29/install/nav_2d_msgs/include/nav_2d_msgs/msg/pose2_d_stamped.hpp
[3.361s] -- Up-to-date: /home/jucy/ydlidar_ws_11_29/install/nav_2d_msgs/include/nav_2d_msgs/msg/detail
[3.361s] -- Up-to-date: /home/jucy/ydlidar_ws_11_29/install/nav_2d_msgs/include/nav_2d_msgs/msg/detail/pose2_d_stamped__traits.hpp
[3.362s] -- Up-to-date: /home/jucy/ydlidar_ws_11_29/install/nav_2d_msgs/include/nav_2d_msgs/msg/detail/twist2_d_stamped__traits.hpp
[3.362s] -- Up-to-date: /home/jucy/ydlidar_ws_11_29/install/nav_2d_msgs/include/nav_2d_msgs/msg/detail/twist2_d32__builder.hpp
[3.363s] -- Up-to-date: /home/jucy/ydlidar_ws_11_29/install/nav_2d_msgs/include/nav_2d_msgs/msg/detail/twist2_d__type_support.hpp
[3.363s] -- Up-to-date: /home/jucy/ydlidar_ws_11_29/install/nav_2d_msgs/include/nav_2d_msgs/msg/detail/twist2_d_stamped__struct.hpp
[3.363s] -- Up-to-date: /home/jucy/ydlidar_ws_11_29/install/nav_2d_msgs/include/nav_2d_msgs/msg/detail/path2_d__traits.hpp
[3.363s] -- Up-to-date: /home/jucy/ydlidar_ws_11_29/install/nav_2d_msgs/include/nav_2d_msgs/msg/detail/pose2_d32__type_support.hpp
[3.364s] -- Up-to-date: /home/jucy/ydlidar_ws_11_29/install/nav_2d_msgs/include/nav_2d_msgs/msg/detail/path2_d__builder.hpp
[3.364s] -- Up-to-date: /home/jucy/ydlidar_ws_11_29/install/nav_2d_msgs/include/nav_2d_msgs/msg/detail/pose2_d_stamped__type_support.hpp
[3.364s] -- Up-to-date: /home/jucy/ydlidar_ws_11_29/install/nav_2d_msgs/include/nav_2d_msgs/msg/detail/twist2_d__struct.hpp
[3.364s] -- Up-to-date: /home/jucy/ydlidar_ws_11_29/install/nav_2d_msgs/include/nav_2d_msgs/msg/detail/path2_d__type_support.hpp
[3.365s] -- Up-to-date: /home/jucy/ydlidar_ws_11_29/install/nav_2d_msgs/include/nav_2d_msgs/msg/detail/pose2_d32__builder.hpp
[3.365s] -- Up-to-date: /home/jucy/ydlidar_ws_11_29/install/nav_2d_msgs/include/nav_2d_msgs/msg/detail/twist2_d__traits.hpp
[3.365s] -- Up-to-date: /home/jucy/ydlidar_ws_11_29/install/nav_2d_msgs/include/nav_2d_msgs/msg/detail/twist2_d_stamped__type_support.hpp
[3.365s] -- Up-to-date: /home/jucy/ydlidar_ws_11_29/install/nav_2d_msgs/include/nav_2d_msgs/msg/detail/pose2_d32__struct.hpp
[3.366s] -- Up-to-date: /home/jucy/ydlidar_ws_11_29/install/nav_2d_msgs/include/nav_2d_msgs/msg/detail/twist2_d32__type_support.hpp
[3.366s] -- Up-to-date: /home/jucy/ydlidar_ws_11_29/install/nav_2d_msgs/include/nav_2d_msgs/msg/detail/path2_d__struct.hpp
[3.366s] -- Up-to-date: /home/jucy/ydlidar_ws_11_29/install/nav_2d_msgs/include/nav_2d_msgs/msg/detail/twist2_d32__struct.hpp
[3.366s] -- Up-to-date: /home/jucy/ydlidar_ws_11_29/install/nav_2d_msgs/include/nav_2d_msgs/msg/detail/pose2_d32__traits.hpp
[3.367s] -- Up-to-date: /home/jucy/ydlidar_ws_11_29/install/nav_2d_msgs/include/nav_2d_msgs/msg/detail/pose2_d_stamped__builder.hpp
[3.367s] -- Up-to-date: /home/jucy/ydlidar_ws_11_29/install/nav_2d_msgs/include/nav_2d_msgs/msg/detail/twist2_d32__traits.hpp
[3.367s] -- Up-to-date: /home/jucy/ydlidar_ws_11_29/install/nav_2d_msgs/include/nav_2d_msgs/msg/detail/twist2_d_stamped__builder.hpp
[3.367s] -- Up-to-date: /home/jucy/ydlidar_ws_11_29/install/nav_2d_msgs/include/nav_2d_msgs/msg/detail/pose2_d_stamped__struct.hpp
[3.368s] -- Up-to-date: /home/jucy/ydlidar_ws_11_29/install/nav_2d_msgs/include/nav_2d_msgs/msg/detail/twist2_d__builder.hpp
[3.368s] -- Up-to-date: /home/jucy/ydlidar_ws_11_29/install/nav_2d_msgs/include/nav_2d_msgs/msg/twist2_d32.hpp
[3.368s] -- Up-to-date: /home/jucy/ydlidar_ws_11_29/install/nav_2d_msgs/include/nav_2d_msgs/msg/twist2_d.hpp
[3.368s] -- Up-to-date: /home/jucy/ydlidar_ws_11_29/install/nav_2d_msgs/include/nav_2d_msgs
[3.368s] -- Up-to-date: /home/jucy/ydlidar_ws_11_29/install/nav_2d_msgs/include/nav_2d_msgs/msg
[3.369s] -- Up-to-date: /home/jucy/ydlidar_ws_11_29/install/nav_2d_msgs/include/nav_2d_msgs/msg/detail
[3.369s] -- Up-to-date: /home/jucy/ydlidar_ws_11_29/install/nav_2d_msgs/include/nav_2d_msgs/msg/detail/path2_d__rosidl_typesupport_introspection_cpp.hpp
[3.369s] -- Up-to-date: /home/jucy/ydlidar_ws_11_29/install/nav_2d_msgs/include/nav_2d_msgs/msg/detail/twist2_d_stamped__rosidl_typesupport_introspection_cpp.hpp
[3.369s] -- Up-to-date: /home/jucy/ydlidar_ws_11_29/install/nav_2d_msgs/include/nav_2d_msgs/msg/detail/twist2_d__type_support.cpp
[3.370s] -- Up-to-date: /home/jucy/ydlidar_ws_11_29/install/nav_2d_msgs/include/nav_2d_msgs/msg/detail/twist2_d32__type_support.cpp
[3.370s] -- Up-to-date: /home/jucy/ydlidar_ws_11_29/install/nav_2d_msgs/include/nav_2d_msgs/msg/detail/twist2_d__rosidl_typesupport_introspection_cpp.hpp
[3.370s] -- Up-to-date: /home/jucy/ydlidar_ws_11_29/install/nav_2d_msgs/include/nav_2d_msgs/msg/detail/pose2_d32__rosidl_typesupport_introspection_cpp.hpp
[3.370s] -- Up-to-date: /home/jucy/ydlidar_ws_11_29/install/nav_2d_msgs/include/nav_2d_msgs/msg/detail/twist2_d_stamped__type_support.cpp
[3.371s] -- Up-to-date: /home/jucy/ydlidar_ws_11_29/install/nav_2d_msgs/include/nav_2d_msgs/msg/detail/pose2_d_stamped__type_support.cpp
[3.371s] -- Up-to-date: /home/jucy/ydlidar_ws_11_29/install/nav_2d_msgs/include/nav_2d_msgs/msg/detail/twist2_d32__rosidl_typesupport_introspection_cpp.hpp
[3.371s] -- Up-to-date: /home/jucy/ydlidar_ws_11_29/install/nav_2d_msgs/include/nav_2d_msgs/msg/detail/pose2_d32__type_support.cpp
[3.371s] -- Up-to-date: /home/jucy/ydlidar_ws_11_29/install/nav_2d_msgs/include/nav_2d_msgs/msg/detail/path2_d__type_support.cpp
[3.372s] -- Up-to-date: /home/jucy/ydlidar_ws_11_29/install/nav_2d_msgs/include/nav_2d_msgs/msg/detail/pose2_d_stamped__rosidl_typesupport_introspection_cpp.hpp
[3.392s] -- Up-to-date: /home/jucy/ydlidar_ws_11_29/install/nav_2d_msgs/lib/libnav_2d_msgs__rosidl_typesupport_introspection_cpp.so
[3.468s] -- Up-to-date: /home/jucy/ydlidar_ws_11_29/install/nav_2d_msgs/lib/libnav_2d_msgs__rosidl_typesupport_cpp.so
[3.468s] -- Up-to-date: /home/jucy/ydlidar_ws_11_29/install/nav_2d_msgs/share/nav_2d_msgs/environment/pythonpath.sh
[3.468s] -- Up-to-date: /home/jucy/ydlidar_ws_11_29/install/nav_2d_msgs/share/nav_2d_msgs/environment/pythonpath.dsv
[3.468s] -- Up-to-date: /home/jucy/ydlidar_ws_11_29/install/nav_2d_msgs/lib/python3.8/site-packages/nav_2d_msgs/__init__.py
[3.522s] -- Up-to-date: /home/jucy/ydlidar_ws_11_29/install/nav_2d_msgs/lib/python3.8/site-packages/nav_2d_msgs/msg
[3.523s] -- Up-to-date: /home/jucy/ydlidar_ws_11_29/install/nav_2d_msgs/lib/python3.8/site-packages/nav_2d_msgs/msg/_twist2_d32.py
[3.523s] -- Up-to-date: /home/jucy/ydlidar_ws_11_29/install/nav_2d_msgs/lib/python3.8/site-packages/nav_2d_msgs/msg/_pose2_d32_s.c
[3.523s] -- Up-to-date: /home/jucy/ydlidar_ws_11_29/install/nav_2d_msgs/lib/python3.8/site-packages/nav_2d_msgs/msg/_path2_d_s.c
[3.523s] -- Up-to-date: /home/jucy/ydlidar_ws_11_29/install/nav_2d_msgs/lib/python3.8/site-packages/nav_2d_msgs/msg/_twist2_d32_s.c
[3.523s] -- Up-to-date: /home/jucy/ydlidar_ws_11_29/install/nav_2d_msgs/lib/python3.8/site-packages/nav_2d_msgs/msg/_twist2_d_s.c
[3.523s] -- Up-to-date: /home/jucy/ydlidar_ws_11_29/install/nav_2d_msgs/lib/python3.8/site-packages/nav_2d_msgs/msg/_twist2_d.py
[3.523s] -- Up-to-date: /home/jucy/ydlidar_ws_11_29/install/nav_2d_msgs/lib/python3.8/site-packages/nav_2d_msgs/msg/_twist2_d_stamped.py
[3.524s] -- Up-to-date: /home/jucy/ydlidar_ws_11_29/install/nav_2d_msgs/lib/python3.8/site-packages/nav_2d_msgs/msg/_pose2_d_stamped.py
[3.524s] -- Up-to-date: /home/jucy/ydlidar_ws_11_29/install/nav_2d_msgs/lib/python3.8/site-packages/nav_2d_msgs/msg/_pose2_d_stamped_s.c
[3.524s] -- Up-to-date: /home/jucy/ydlidar_ws_11_29/install/nav_2d_msgs/lib/python3.8/site-packages/nav_2d_msgs/msg/_path2_d.py
[3.524s] -- Up-to-date: /home/jucy/ydlidar_ws_11_29/install/nav_2d_msgs/lib/python3.8/site-packages/nav_2d_msgs/msg/__init__.py
[3.524s] -- Up-to-date: /home/jucy/ydlidar_ws_11_29/install/nav_2d_msgs/lib/python3.8/site-packages/nav_2d_msgs/msg/_twist2_d_stamped_s.c
[3.524s] -- Up-to-date: /home/jucy/ydlidar_ws_11_29/install/nav_2d_msgs/lib/python3.8/site-packages/nav_2d_msgs/msg/_pose2_d32.py
[3.525s] -- Up-to-date: /home/jucy/ydlidar_ws_11_29/install/nav_2d_msgs/lib/python3.8/site-packages/nav_2d_msgs/nav_2d_msgs_s__rosidl_typesupport_fastrtps_c.cpython-38-x86_64-linux-gnu.so
[3.596s] -- Up-to-date: /home/jucy/ydlidar_ws_11_29/install/nav_2d_msgs/lib/python3.8/site-packages/nav_2d_msgs/nav_2d_msgs_s__rosidl_typesupport_introspection_c.cpython-38-x86_64-linux-gnu.so
[3.650s] -- Up-to-date: /home/jucy/ydlidar_ws_11_29/install/nav_2d_msgs/lib/python3.8/site-packages/nav_2d_msgs/nav_2d_msgs_s__rosidl_typesupport_c.cpython-38-x86_64-linux-gnu.so
[3.658s] -- Up-to-date: /home/jucy/ydlidar_ws_11_29/install/nav_2d_msgs/lib/libnav_2d_msgs__python.so
[3.659s] -- Up-to-date: /home/jucy/ydlidar_ws_11_29/install/nav_2d_msgs/share/nav_2d_msgs/msg/Path2D.idl
[3.660s] -- Up-to-date: /home/jucy/ydlidar_ws_11_29/install/nav_2d_msgs/share/nav_2d_msgs/msg/Pose2D32.idl
[3.660s] -- Up-to-date: /home/jucy/ydlidar_ws_11_29/install/nav_2d_msgs/share/nav_2d_msgs/msg/Pose2DStamped.idl
[3.660s] -- Up-to-date: /home/jucy/ydlidar_ws_11_29/install/nav_2d_msgs/share/nav_2d_msgs/msg/Twist2D.idl
[3.661s] -- Up-to-date: /home/jucy/ydlidar_ws_11_29/install/nav_2d_msgs/share/nav_2d_msgs/msg/Twist2D32.idl
[3.661s] -- Up-to-date: /home/jucy/ydlidar_ws_11_29/install/nav_2d_msgs/share/nav_2d_msgs/msg/Twist2DStamped.idl
[3.661s] -- Up-to-date: /home/jucy/ydlidar_ws_11_29/install/nav_2d_msgs/share/nav_2d_msgs/msg/Path2D.msg
[3.661s] -- Up-to-date: /home/jucy/ydlidar_ws_11_29/install/nav_2d_msgs/share/nav_2d_msgs/msg/Pose2D32.msg
[3.662s] -- Up-to-date: /home/jucy/ydlidar_ws_11_29/install/nav_2d_msgs/share/nav_2d_msgs/msg/Pose2DStamped.msg
[3.662s] -- Up-to-date: /home/jucy/ydlidar_ws_11_29/install/nav_2d_msgs/share/nav_2d_msgs/msg/Twist2D.msg
[3.662s] -- Up-to-date: /home/jucy/ydlidar_ws_11_29/install/nav_2d_msgs/share/nav_2d_msgs/msg/Twist2D32.msg
[3.663s] -- Up-to-date: /home/jucy/ydlidar_ws_11_29/install/nav_2d_msgs/share/nav_2d_msgs/msg/Twist2DStamped.msg
[3.663s] -- Up-to-date: /home/jucy/ydlidar_ws_11_29/install/nav_2d_msgs/share/ament_index/resource_index/package_run_dependencies/nav_2d_msgs
[3.663s] -- Up-to-date: /home/jucy/ydlidar_ws_11_29/install/nav_2d_msgs/share/ament_index/resource_index/parent_prefix_path/nav_2d_msgs
[3.663s] -- Up-to-date: /home/jucy/ydlidar_ws_11_29/install/nav_2d_msgs/share/nav_2d_msgs/environment/ament_prefix_path.sh
[3.663s] -- Up-to-date: /home/jucy/ydlidar_ws_11_29/install/nav_2d_msgs/share/nav_2d_msgs/environment/ament_prefix_path.dsv
[3.663s] -- Up-to-date: /home/jucy/ydlidar_ws_11_29/install/nav_2d_msgs/share/nav_2d_msgs/environment/path.sh
[3.663s] -- Up-to-date: /home/jucy/ydlidar_ws_11_29/install/nav_2d_msgs/share/nav_2d_msgs/environment/path.dsv
[3.664s] -- Up-to-date: /home/jucy/ydlidar_ws_11_29/install/nav_2d_msgs/share/nav_2d_msgs/local_setup.bash
[3.664s] -- Up-to-date: /home/jucy/ydlidar_ws_11_29/install/nav_2d_msgs/share/nav_2d_msgs/local_setup.sh
[3.664s] -- Up-to-date: /home/jucy/ydlidar_ws_11_29/install/nav_2d_msgs/share/nav_2d_msgs/local_setup.zsh
[3.664s] -- Up-to-date: /home/jucy/ydlidar_ws_11_29/install/nav_2d_msgs/share/nav_2d_msgs/local_setup.dsv
[3.664s] -- Installing: /home/jucy/ydlidar_ws_11_29/install/nav_2d_msgs/share/nav_2d_msgs/package.dsv
[3.702s] -- Up-to-date: /home/jucy/ydlidar_ws_11_29/install/nav_2d_msgs/share/ament_index/resource_index/packages/nav_2d_msgs
[3.705s] -- Up-to-date: /home/jucy/ydlidar_ws_11_29/install/nav_2d_msgs/share/nav_2d_msgs/cmake/nav_2d_msgs__rosidl_generator_cExport.cmake
[3.705s] -- Up-to-date: /home/jucy/ydlidar_ws_11_29/install/nav_2d_msgs/share/nav_2d_msgs/cmake/nav_2d_msgs__rosidl_generator_cExport-noconfig.cmake
[3.742s] -- Up-to-date: /home/jucy/ydlidar_ws_11_29/install/nav_2d_msgs/share/nav_2d_msgs/cmake/nav_2d_msgs__rosidl_typesupport_introspection_cExport.cmake
[3.742s] -- Up-to-date: /home/jucy/ydlidar_ws_11_29/install/nav_2d_msgs/share/nav_2d_msgs/cmake/nav_2d_msgs__rosidl_typesupport_introspection_cExport-noconfig.cmake
[3.744s] -- Up-to-date: /home/jucy/ydlidar_ws_11_29/install/nav_2d_msgs/share/nav_2d_msgs/cmake/nav_2d_msgs__rosidl_typesupport_cExport.cmake
[3.744s] -- Up-to-date: /home/jucy/ydlidar_ws_11_29/install/nav_2d_msgs/share/nav_2d_msgs/cmake/nav_2d_msgs__rosidl_typesupport_cExport-noconfig.cmake
[3.758s] -- Up-to-date: /home/jucy/ydlidar_ws_11_29/install/nav_2d_msgs/share/nav_2d_msgs/cmake/nav_2d_msgs__rosidl_generator_cppExport.cmake
[3.761s] -- Up-to-date: /home/jucy/ydlidar_ws_11_29/install/nav_2d_msgs/share/nav_2d_msgs/cmake/nav_2d_msgs__rosidl_typesupport_introspection_cppExport.cmake
[3.761s] -- Up-to-date: /home/jucy/ydlidar_ws_11_29/install/nav_2d_msgs/share/nav_2d_msgs/cmake/nav_2d_msgs__rosidl_typesupport_introspection_cppExport-noconfig.cmake
[3.762s] -- Up-to-date: /home/jucy/ydlidar_ws_11_29/install/nav_2d_msgs/share/nav_2d_msgs/cmake/nav_2d_msgs__rosidl_typesupport_cppExport.cmake
[3.762s] -- Up-to-date: /home/jucy/ydlidar_ws_11_29/install/nav_2d_msgs/share/nav_2d_msgs/cmake/nav_2d_msgs__rosidl_typesupport_cppExport-noconfig.cmake
[3.762s] -- Up-to-date: /home/jucy/ydlidar_ws_11_29/install/nav_2d_msgs/share/nav_2d_msgs/cmake/rosidl_cmake-extras.cmake
[3.762s] -- Up-to-date: /home/jucy/ydlidar_ws_11_29/install/nav_2d_msgs/share/nav_2d_msgs/cmake/ament_cmake_export_dependencies-extras.cmake
[3.763s] -- Up-to-date: /home/jucy/ydlidar_ws_11_29/install/nav_2d_msgs/share/nav_2d_msgs/cmake/ament_cmake_export_libraries-extras.cmake
[3.763s] -- Up-to-date: /home/jucy/ydlidar_ws_11_29/install/nav_2d_msgs/share/nav_2d_msgs/cmake/ament_cmake_export_targets-extras.cmake
[3.763s] -- Up-to-date: /home/jucy/ydlidar_ws_11_29/install/nav_2d_msgs/share/nav_2d_msgs/cmake/ament_cmake_export_include_directories-extras.cmake
[3.763s] -- Up-to-date: /home/jucy/ydlidar_ws_11_29/install/nav_2d_msgs/share/nav_2d_msgs/cmake/rosidl_cmake_export_typesupport_libraries-extras.cmake
[3.763s] -- Up-to-date: /home/jucy/ydlidar_ws_11_29/install/nav_2d_msgs/share/nav_2d_msgs/cmake/rosidl_cmake_export_typesupport_targets-extras.cmake
[3.763s] -- Up-to-date: /home/jucy/ydlidar_ws_11_29/install/nav_2d_msgs/share/nav_2d_msgs/cmake/nav_2d_msgsConfig.cmake
[3.764s] -- Up-to-date: /home/jucy/ydlidar_ws_11_29/install/nav_2d_msgs/share/nav_2d_msgs/cmake/nav_2d_msgsConfig-version.cmake
[3.764s] -- Up-to-date: /home/jucy/ydlidar_ws_11_29/install/nav_2d_msgs/share/nav_2d_msgs/package.xml
[3.767s] Invoked command in '/home/jucy/ydlidar_ws_11_29/build/nav_2d_msgs' returned '0': CMAKE_PREFIX_PATH=${CMAKE_PREFIX_PATH}:/home/jucy/ydlidar_ws_11_29/install/nav2_gazebo_spawner:/home/jucy/ydlidar_ws_11_29/install/jdamr200_node:/home/jucy/ydlidar_ws_11_29/ydlidar_ws/install/nav2_gazebo_spawner:/home/jucy/ydlidar_ws_11_29/ydlidar_ws/install/jdamr200_node:/home/jucy/turtlebot3_ws/install/turtlebot3_teleop:/home/jucy/turtlebot3_ws/install/turtlebot3_example:/home/jucy/turtlebot3_ws/install/nav2_goal_pulisher_test:/home/jucy/turtlebot3_ws/install/nav2_goal_publisher:/home/jucy/ros2_ws/install/nav2_simple_commander:/home/jucy/ros2_ws/install/nav2_gazebo_spawner:/home/jucy/ros2_ws/install/camera_udp_communication:/home/jucy/ros2_ws/install/agv_control_py:/home/jucy/ydlidar_ros2_ws/install/jdamr200_teleop:/home/jucy/ydlidar_ros2_ws/install/jdamr200_node /usr/bin/cmake --install /home/jucy/ydlidar_ws_11_29/build/nav_2d_msgs
