[0.028s] Invoking command in '/home/ysh/KG_2_Project/AGV_team/ros2_ws/build/ps2_controller': CMAKE_PREFIX_PATH=${CMAKE_PREFIX_PATH}:/home/ysh/ros2_ws/install/my_monitoring:/home/ysh/ros2_ws/install/lidar_receiver:/opt/ros/foxy /usr/bin/cmake /home/ysh/KG_2_Project/AGV_team/ros2_ws/src/ps2_controller -DCMAKE_INSTALL_PREFIX=/home/ysh/KG_2_Project/AGV_team/ros2_ws/install/ps2_controller
[0.050s] -- Found ament_cmake: 0.9.12 (/opt/ros/foxy/share/ament_cmake/cmake)
[0.087s] -- Using PYTHON_EXECUTABLE: /usr/bin/python3
[0.370s] -- Found rclcpp: 2.4.3 (/opt/ros/foxy/share/rclcpp/cmake)
[0.420s] -- Using all available rosidl_typesupport_c: rosidl_typesupport_fastrtps_c;rosidl_typesupport_introspection_c
[0.425s] -- Found rosidl_adapter: 1.3.1 (/opt/ros/foxy/share/rosidl_adapter/cmake)
[0.654s] -- Using all available rosidl_typesupport_cpp: rosidl_typesupport_fastrtps_cpp;rosidl_typesupport_introspection_cpp
[0.725s] -- Found rmw_implementation_cmake: 1.0.4 (/opt/ros/foxy/share/rmw_implementation_cmake/cmake)
[0.727s] -- Using RMW implementation 'rmw_fastrtps_cpp' as default
[0.938s] -- Found geometry_msgs: 2.0.5 (/opt/ros/foxy/share/geometry_msgs/cmake)
[1.007s] CMake Error at CMakeLists.txt:11 (find_package):
[1.008s]   By not providing "Findserial.cmake" in CMAKE_MODULE_PATH this project has
[1.008s]   asked CMake to find a package configuration file provided by "serial", but
[1.008s]   CMake did not find one.
[1.008s] 
[1.008s]   Could not find a package configuration file provided by "serial" with any
[1.008s]   of the following names:
[1.009s] 
[1.009s]     serialConfig.cmake
[1.009s]     serial-config.cmake
[1.009s] 
[1.009s]   Add the installation prefix of "serial" to CMAKE_PREFIX_PATH or set
[1.009s]   "serial_DIR" to a directory containing one of the above files.  If "serial"
[1.010s]   provides a separate development package or SDK, be sure it has been
[1.010s]   installed.
[1.010s] 
[1.010s] 
[1.010s] -- Configuring incomplete, errors occurred!
[1.010s] See also "/home/ysh/KG_2_Project/AGV_team/ros2_ws/build/ps2_controller/CMakeFiles/CMakeOutput.log".
[1.011s] See also "/home/ysh/KG_2_Project/AGV_team/ros2_ws/build/ps2_controller/CMakeFiles/CMakeError.log".
[1.020s] Invoked command in '/home/ysh/KG_2_Project/AGV_team/ros2_ws/build/ps2_controller' returned '1': CMAKE_PREFIX_PATH=${CMAKE_PREFIX_PATH}:/home/ysh/ros2_ws/install/my_monitoring:/home/ysh/ros2_ws/install/lidar_receiver:/opt/ros/foxy /usr/bin/cmake /home/ysh/KG_2_Project/AGV_team/ros2_ws/src/ps2_controller -DCMAKE_INSTALL_PREFIX=/home/ysh/KG_2_Project/AGV_team/ros2_ws/install/ps2_controller
