[1.142s] Invoking command in '/home/jucy/ydlidar_ws_11_29/ydlidar_ws/src/navigation2/nav2_bringup/nav2_gazebo_spawner': PYTHONPATH=/home/jucy/ydlidar_ws_11_29/ydlidar_ws/build/nav2_gazebo_spawner/prefix_override:/usr/lib/python3/dist-packages/colcon_core/task/python/colcon_distutils_commands:/home/jucy/ydlidar_ws_11_29/ydlidar_ws/install/nav2_gazebo_spawner/lib/python3.8/site-packages:${PYTHONPATH} /usr/bin/python3 -W ignore:setup.py install is deprecated -W ignore:easy_install command is deprecated setup.py egg_info --egg-base ../../../../build/nav2_gazebo_spawner build --build-base /home/jucy/ydlidar_ws_11_29/ydlidar_ws/build/nav2_gazebo_spawner/build install --record /home/jucy/ydlidar_ws_11_29/ydlidar_ws/build/nav2_gazebo_spawner/install.log --install-scripts $base/lib/nav2_gazebo_spawner --single-version-externally-managed install_data
[1.416s] running egg_info
[1.417s] creating ../../../../build/nav2_gazebo_spawner/nav2_gazebo_spawner.egg-info
[1.417s] writing ../../../../build/nav2_gazebo_spawner/nav2_gazebo_spawner.egg-info/PKG-INFO
[1.417s] writing dependency_links to ../../../../build/nav2_gazebo_spawner/nav2_gazebo_spawner.egg-info/dependency_links.txt
[1.417s] writing entry points to ../../../../build/nav2_gazebo_spawner/nav2_gazebo_spawner.egg-info/entry_points.txt
[1.418s] writing requirements to ../../../../build/nav2_gazebo_spawner/nav2_gazebo_spawner.egg-info/requires.txt
[1.418s] writing top-level names to ../../../../build/nav2_gazebo_spawner/nav2_gazebo_spawner.egg-info/top_level.txt
[1.419s] writing manifest file '../../../../build/nav2_gazebo_spawner/nav2_gazebo_spawner.egg-info/SOURCES.txt'
[1.455s] reading manifest file '../../../../build/nav2_gazebo_spawner/nav2_gazebo_spawner.egg-info/SOURCES.txt'
[1.456s] writing manifest file '../../../../build/nav2_gazebo_spawner/nav2_gazebo_spawner.egg-info/SOURCES.txt'
[1.456s] running build
[1.457s] running build_py
[1.457s] creating /home/jucy/ydlidar_ws_11_29/ydlidar_ws/build/nav2_gazebo_spawner/build
[1.457s] creating /home/jucy/ydlidar_ws_11_29/ydlidar_ws/build/nav2_gazebo_spawner/build/lib
[1.457s] creating /home/jucy/ydlidar_ws_11_29/ydlidar_ws/build/nav2_gazebo_spawner/build/lib/nav2_gazebo_spawner
[1.457s] copying nav2_gazebo_spawner/nav2_gazebo_spawner.py -> /home/jucy/ydlidar_ws_11_29/ydlidar_ws/build/nav2_gazebo_spawner/build/lib/nav2_gazebo_spawner
[1.495s] copying nav2_gazebo_spawner/__init__.py -> /home/jucy/ydlidar_ws_11_29/ydlidar_ws/build/nav2_gazebo_spawner/build/lib/nav2_gazebo_spawner
[1.496s] running install
[1.496s] running install_lib
[1.498s] creating /home/jucy/ydlidar_ws_11_29/ydlidar_ws/install/nav2_gazebo_spawner/lib/python3.8/site-packages/nav2_gazebo_spawner
[1.498s] copying /home/jucy/ydlidar_ws_11_29/ydlidar_ws/build/nav2_gazebo_spawner/build/lib/nav2_gazebo_spawner/nav2_gazebo_spawner.py -> /home/jucy/ydlidar_ws_11_29/ydlidar_ws/install/nav2_gazebo_spawner/lib/python3.8/site-packages/nav2_gazebo_spawner
[1.498s] copying /home/jucy/ydlidar_ws_11_29/ydlidar_ws/build/nav2_gazebo_spawner/build/lib/nav2_gazebo_spawner/__init__.py -> /home/jucy/ydlidar_ws_11_29/ydlidar_ws/install/nav2_gazebo_spawner/lib/python3.8/site-packages/nav2_gazebo_spawner
[1.499s] byte-compiling /home/jucy/ydlidar_ws_11_29/ydlidar_ws/install/nav2_gazebo_spawner/lib/python3.8/site-packages/nav2_gazebo_spawner/nav2_gazebo_spawner.py to nav2_gazebo_spawner.cpython-38.pyc
[1.502s] byte-compiling /home/jucy/ydlidar_ws_11_29/ydlidar_ws/install/nav2_gazebo_spawner/lib/python3.8/site-packages/nav2_gazebo_spawner/__init__.py to __init__.cpython-38.pyc
[1.502s] running install_data
[1.502s] creating /home/jucy/ydlidar_ws_11_29/ydlidar_ws/install/nav2_gazebo_spawner/share/ament_index
[1.502s] creating /home/jucy/ydlidar_ws_11_29/ydlidar_ws/install/nav2_gazebo_spawner/share/ament_index/resource_index
[1.502s] creating /home/jucy/ydlidar_ws_11_29/ydlidar_ws/install/nav2_gazebo_spawner/share/ament_index/resource_index/packages
[1.503s] copying resource/nav2_gazebo_spawner -> /home/jucy/ydlidar_ws_11_29/ydlidar_ws/install/nav2_gazebo_spawner/share/ament_index/resource_index/packages
[1.503s] copying package.xml -> /home/jucy/ydlidar_ws_11_29/ydlidar_ws/install/nav2_gazebo_spawner/share/nav2_gazebo_spawner
[1.503s] running install_egg_info
[1.505s] Copying ../../../../build/nav2_gazebo_spawner/nav2_gazebo_spawner.egg-info to /home/jucy/ydlidar_ws_11_29/ydlidar_ws/install/nav2_gazebo_spawner/lib/python3.8/site-packages/nav2_gazebo_spawner-0.3.0-py3.8.egg-info
[1.506s] running install_scripts
[1.524s] Installing nav2_gazebo_spawner script to /home/jucy/ydlidar_ws_11_29/ydlidar_ws/install/nav2_gazebo_spawner/lib/nav2_gazebo_spawner
[1.524s] writing list of installed files to '/home/jucy/ydlidar_ws_11_29/ydlidar_ws/build/nav2_gazebo_spawner/install.log'
[1.548s] Invoked command in '/home/jucy/ydlidar_ws_11_29/ydlidar_ws/src/navigation2/nav2_bringup/nav2_gazebo_spawner' returned '0': PYTHONPATH=/home/jucy/ydlidar_ws_11_29/ydlidar_ws/build/nav2_gazebo_spawner/prefix_override:/usr/lib/python3/dist-packages/colcon_core/task/python/colcon_distutils_commands:/home/jucy/ydlidar_ws_11_29/ydlidar_ws/install/nav2_gazebo_spawner/lib/python3.8/site-packages:${PYTHONPATH} /usr/bin/python3 -W ignore:setup.py install is deprecated -W ignore:easy_install command is deprecated setup.py egg_info --egg-base ../../../../build/nav2_gazebo_spawner build --build-base /home/jucy/ydlidar_ws_11_29/ydlidar_ws/build/nav2_gazebo_spawner/build install --record /home/jucy/ydlidar_ws_11_29/ydlidar_ws/build/nav2_gazebo_spawner/install.log --install-scripts $base/lib/nav2_gazebo_spawner --single-version-externally-managed install_data
