[0.176s] DEBUG:colcon:Command line arguments: ['/usr/bin/colcon', 'build']
[0.176s] DEBUG:colcon:Parsed command line arguments: Namespace(allow_overriding=[], ament_cmake_args=None, base_paths=['.'], build_base='build', catkin_cmake_args=None, catkin_skip_building_tests=False, cmake_args=None, cmake_clean_cache=False, cmake_clean_first=False, cmake_force_configure=False, cmake_target=None, cmake_target_skip_unavailable=False, continue_on_error=False, event_handlers=None, executor='parallel', ignore_user_meta=False, install_base='install', log_base=None, log_level=None, main=<bound method BuildVerb.main of <colcon_core.verb.build.BuildVerb object at 0x7f1c530729d0>>, merge_install=False, metas=['./colcon.meta'], packages_above=None, packages_above_and_dependencies=None, packages_above_depth=None, packages_end=None, packages_ignore=None, packages_ignore_regex=None, packages_select=None, packages_select_build_failed=False, packages_select_by_dep=None, packages_select_regex=None, packages_select_test_failures=False, packages_skip=None, packages_skip_build_finished=False, packages_skip_by_dep=None, packages_skip_regex=None, packages_skip_test_passed=False, packages_skip_up_to=None, packages_start=None, packages_up_to=None, packages_up_to_regex=None, parallel_workers=12, paths=None, symlink_install=False, test_result_base=None, verb_extension=<colcon_core.verb.build.BuildVerb object at 0x7f1c530729d0>, verb_name='build', verb_parser=<colcon_defaults.argument_parser.defaults.DefaultArgumentsDecorator object at 0x7f1c53072eb0>)
[0.317s] Level 1:colcon.colcon_core.package_discovery:discover_packages(colcon_meta) check parameters
[0.317s] Level 1:colcon.colcon_core.package_discovery:discover_packages(recursive) check parameters
[0.317s] Level 1:colcon.colcon_core.package_discovery:discover_packages(ignore) check parameters
[0.317s] Level 1:colcon.colcon_core.package_discovery:discover_packages(path) check parameters
[0.317s] Level 1:colcon.colcon_core.package_discovery:discover_packages(colcon_meta) discover
[0.317s] Level 1:colcon.colcon_core.package_discovery:discover_packages(recursive) discover
[0.317s] INFO:colcon.colcon_core.package_discovery:Crawling recursively for packages in '/home/jucy/ydlidar_ws_11_29'
[0.317s] Level 1:colcon.colcon_core.package_identification:_identify(.) by extensions ['ignore', 'ignore_ament_install']
[0.318s] Level 1:colcon.colcon_core.package_identification:_identify(.) by extension 'ignore'
[0.318s] Level 1:colcon.colcon_core.package_identification:_identify(.) by extension 'ignore_ament_install'
[0.318s] Level 1:colcon.colcon_core.package_identification:_identify(.) by extensions ['colcon_pkg']
[0.318s] Level 1:colcon.colcon_core.package_identification:_identify(.) by extension 'colcon_pkg'
[0.318s] Level 1:colcon.colcon_core.package_identification:_identify(.) by extensions ['colcon_meta']
[0.318s] Level 1:colcon.colcon_core.package_identification:_identify(.) by extension 'colcon_meta'
[0.318s] Level 1:colcon.colcon_core.package_identification:_identify(.) by extensions ['ros']
[0.318s] Level 1:colcon.colcon_core.package_identification:_identify(.) by extension 'ros'
[0.328s] Level 1:colcon.colcon_core.package_identification:_identify(.) by extensions ['cmake', 'python']
[0.328s] Level 1:colcon.colcon_core.package_identification:_identify(.) by extension 'cmake'
[0.328s] Level 1:colcon.colcon_core.package_identification:_identify(.) by extension 'python'
[0.328s] Level 1:colcon.colcon_core.package_identification:_identify(.) by extensions ['python_setup_py']
[0.328s] Level 1:colcon.colcon_core.package_identification:_identify(.) by extension 'python_setup_py'
[0.328s] Level 1:colcon.colcon_core.package_identification:_identify(build) by extensions ['ignore', 'ignore_ament_install']
[0.328s] Level 1:colcon.colcon_core.package_identification:_identify(build) by extension 'ignore'
[0.328s] Level 1:colcon.colcon_core.package_identification:_identify(build) ignored
[0.328s] Level 1:colcon.colcon_core.package_identification:_identify(install) by extensions ['ignore', 'ignore_ament_install']
[0.328s] Level 1:colcon.colcon_core.package_identification:_identify(install) by extension 'ignore'
[0.328s] Level 1:colcon.colcon_core.package_identification:_identify(install) ignored
[0.328s] Level 1:colcon.colcon_core.package_identification:_identify(log) by extensions ['ignore', 'ignore_ament_install']
[0.329s] Level 1:colcon.colcon_core.package_identification:_identify(log) by extension 'ignore'
[0.329s] Level 1:colcon.colcon_core.package_identification:_identify(log) ignored
[0.329s] Level 1:colcon.colcon_core.package_identification:_identify(ydlidar_ws) by extensions ['ignore', 'ignore_ament_install']
[0.329s] Level 1:colcon.colcon_core.package_identification:_identify(ydlidar_ws) by extension 'ignore'
[0.329s] Level 1:colcon.colcon_core.package_identification:_identify(ydlidar_ws) by extension 'ignore_ament_install'
[0.329s] Level 1:colcon.colcon_core.package_identification:_identify(ydlidar_ws) by extensions ['colcon_pkg']
[0.329s] Level 1:colcon.colcon_core.package_identification:_identify(ydlidar_ws) by extension 'colcon_pkg'
[0.329s] Level 1:colcon.colcon_core.package_identification:_identify(ydlidar_ws) by extensions ['colcon_meta']
[0.329s] Level 1:colcon.colcon_core.package_identification:_identify(ydlidar_ws) by extension 'colcon_meta'
[0.329s] Level 1:colcon.colcon_core.package_identification:_identify(ydlidar_ws) by extensions ['ros']
[0.329s] Level 1:colcon.colcon_core.package_identification:_identify(ydlidar_ws) by extension 'ros'
[0.329s] Level 1:colcon.colcon_core.package_identification:_identify(ydlidar_ws) by extensions ['cmake', 'python']
[0.329s] Level 1:colcon.colcon_core.package_identification:_identify(ydlidar_ws) by extension 'cmake'
[0.329s] Level 1:colcon.colcon_core.package_identification:_identify(ydlidar_ws) by extension 'python'
[0.329s] Level 1:colcon.colcon_core.package_identification:_identify(ydlidar_ws) by extensions ['python_setup_py']
[0.329s] Level 1:colcon.colcon_core.package_identification:_identify(ydlidar_ws) by extension 'python_setup_py'
[0.329s] Level 1:colcon.colcon_core.package_identification:_identify(ydlidar_ws/build) by extensions ['ignore', 'ignore_ament_install']
[0.329s] Level 1:colcon.colcon_core.package_identification:_identify(ydlidar_ws/build) by extension 'ignore'
[0.329s] Level 1:colcon.colcon_core.package_identification:_identify(ydlidar_ws/build) ignored
[0.329s] Level 1:colcon.colcon_core.package_identification:_identify(ydlidar_ws/install) by extensions ['ignore', 'ignore_ament_install']
[0.330s] Level 1:colcon.colcon_core.package_identification:_identify(ydlidar_ws/install) by extension 'ignore'
[0.330s] Level 1:colcon.colcon_core.package_identification:_identify(ydlidar_ws/install) ignored
[0.330s] Level 1:colcon.colcon_core.package_identification:_identify(ydlidar_ws/log) by extensions ['ignore', 'ignore_ament_install']
[0.330s] Level 1:colcon.colcon_core.package_identification:_identify(ydlidar_ws/log) by extension 'ignore'
[0.330s] Level 1:colcon.colcon_core.package_identification:_identify(ydlidar_ws/log) ignored
[0.330s] Level 1:colcon.colcon_core.package_identification:_identify(ydlidar_ws/src) by extensions ['ignore', 'ignore_ament_install']
[0.330s] Level 1:colcon.colcon_core.package_identification:_identify(ydlidar_ws/src) by extension 'ignore'
[0.330s] Level 1:colcon.colcon_core.package_identification:_identify(ydlidar_ws/src) by extension 'ignore_ament_install'
[0.330s] Level 1:colcon.colcon_core.package_identification:_identify(ydlidar_ws/src) by extensions ['colcon_pkg']
[0.330s] Level 1:colcon.colcon_core.package_identification:_identify(ydlidar_ws/src) by extension 'colcon_pkg'
[0.330s] Level 1:colcon.colcon_core.package_identification:_identify(ydlidar_ws/src) by extensions ['colcon_meta']
[0.330s] Level 1:colcon.colcon_core.package_identification:_identify(ydlidar_ws/src) by extension 'colcon_meta'
[0.330s] Level 1:colcon.colcon_core.package_identification:_identify(ydlidar_ws/src) by extensions ['ros']
[0.330s] Level 1:colcon.colcon_core.package_identification:_identify(ydlidar_ws/src) by extension 'ros'
[0.330s] Level 1:colcon.colcon_core.package_identification:_identify(ydlidar_ws/src) by extensions ['cmake', 'python']
[0.330s] Level 1:colcon.colcon_core.package_identification:_identify(ydlidar_ws/src) by extension 'cmake'
[0.330s] Level 1:colcon.colcon_core.package_identification:_identify(ydlidar_ws/src) by extension 'python'
[0.330s] Level 1:colcon.colcon_core.package_identification:_identify(ydlidar_ws/src) by extensions ['python_setup_py']
[0.330s] Level 1:colcon.colcon_core.package_identification:_identify(ydlidar_ws/src) by extension 'python_setup_py'
[0.331s] Level 1:colcon.colcon_core.package_identification:_identify(ydlidar_ws/src/jdamr200_node) by extensions ['ignore', 'ignore_ament_install']
[0.331s] Level 1:colcon.colcon_core.package_identification:_identify(ydlidar_ws/src/jdamr200_node) by extension 'ignore'
[0.331s] Level 1:colcon.colcon_core.package_identification:_identify(ydlidar_ws/src/jdamr200_node) by extension 'ignore_ament_install'
[0.331s] Level 1:colcon.colcon_core.package_identification:_identify(ydlidar_ws/src/jdamr200_node) by extensions ['colcon_pkg']
[0.331s] Level 1:colcon.colcon_core.package_identification:_identify(ydlidar_ws/src/jdamr200_node) by extension 'colcon_pkg'
[0.331s] Level 1:colcon.colcon_core.package_identification:_identify(ydlidar_ws/src/jdamr200_node) by extensions ['colcon_meta']
[0.331s] Level 1:colcon.colcon_core.package_identification:_identify(ydlidar_ws/src/jdamr200_node) by extension 'colcon_meta'
[0.331s] Level 1:colcon.colcon_core.package_identification:_identify(ydlidar_ws/src/jdamr200_node) by extensions ['ros']
[0.331s] Level 1:colcon.colcon_core.package_identification:_identify(ydlidar_ws/src/jdamr200_node) by extension 'ros'
[0.333s] DEBUG:colcon.colcon_core.package_identification:Package 'ydlidar_ws/src/jdamr200_node' with type 'ros.ament_python' and name 'jdamr200_node'
[0.333s] Level 1:colcon.colcon_core.package_identification:_identify(ydlidar_ws/src/myagv_bringup) by extensions ['ignore', 'ignore_ament_install']
[0.333s] Level 1:colcon.colcon_core.package_identification:_identify(ydlidar_ws/src/myagv_bringup) by extension 'ignore'
[0.333s] Level 1:colcon.colcon_core.package_identification:_identify(ydlidar_ws/src/myagv_bringup) by extension 'ignore_ament_install'
[0.333s] Level 1:colcon.colcon_core.package_identification:_identify(ydlidar_ws/src/myagv_bringup) by extensions ['colcon_pkg']
[0.333s] Level 1:colcon.colcon_core.package_identification:_identify(ydlidar_ws/src/myagv_bringup) by extension 'colcon_pkg'
[0.333s] Level 1:colcon.colcon_core.package_identification:_identify(ydlidar_ws/src/myagv_bringup) by extensions ['colcon_meta']
[0.333s] Level 1:colcon.colcon_core.package_identification:_identify(ydlidar_ws/src/myagv_bringup) by extension 'colcon_meta'
[0.333s] Level 1:colcon.colcon_core.package_identification:_identify(ydlidar_ws/src/myagv_bringup) by extensions ['ros']
[0.333s] Level 1:colcon.colcon_core.package_identification:_identify(ydlidar_ws/src/myagv_bringup) by extension 'ros'
[0.334s] DEBUG:colcon.colcon_core.package_identification:Package 'ydlidar_ws/src/myagv_bringup' with type 'ros.ament_cmake' and name 'myagv_bringup'
[0.334s] Level 1:colcon.colcon_core.package_identification:_identify(ydlidar_ws/src/myagv_description) by extensions ['ignore', 'ignore_ament_install']
[0.334s] Level 1:colcon.colcon_core.package_identification:_identify(ydlidar_ws/src/myagv_description) by extension 'ignore'
[0.334s] Level 1:colcon.colcon_core.package_identification:_identify(ydlidar_ws/src/myagv_description) by extension 'ignore_ament_install'
[0.334s] Level 1:colcon.colcon_core.package_identification:_identify(ydlidar_ws/src/myagv_description) by extensions ['colcon_pkg']
[0.334s] Level 1:colcon.colcon_core.package_identification:_identify(ydlidar_ws/src/myagv_description) by extension 'colcon_pkg'
[0.334s] Level 1:colcon.colcon_core.package_identification:_identify(ydlidar_ws/src/myagv_description) by extensions ['colcon_meta']
[0.334s] Level 1:colcon.colcon_core.package_identification:_identify(ydlidar_ws/src/myagv_description) by extension 'colcon_meta'
[0.334s] Level 1:colcon.colcon_core.package_identification:_identify(ydlidar_ws/src/myagv_description) by extensions ['ros']
[0.334s] Level 1:colcon.colcon_core.package_identification:_identify(ydlidar_ws/src/myagv_description) by extension 'ros'
[0.335s] DEBUG:colcon.colcon_core.package_identification:Package 'ydlidar_ws/src/myagv_description' with type 'ros.ament_cmake' and name 'myagv_description'
[0.335s] Level 1:colcon.colcon_core.package_identification:_identify(ydlidar_ws/src/myagv_navigation2) by extensions ['ignore', 'ignore_ament_install']
[0.335s] Level 1:colcon.colcon_core.package_identification:_identify(ydlidar_ws/src/myagv_navigation2) by extension 'ignore'
[0.335s] Level 1:colcon.colcon_core.package_identification:_identify(ydlidar_ws/src/myagv_navigation2) by extension 'ignore_ament_install'
[0.335s] Level 1:colcon.colcon_core.package_identification:_identify(ydlidar_ws/src/myagv_navigation2) by extensions ['colcon_pkg']
[0.335s] Level 1:colcon.colcon_core.package_identification:_identify(ydlidar_ws/src/myagv_navigation2) by extension 'colcon_pkg'
[0.335s] Level 1:colcon.colcon_core.package_identification:_identify(ydlidar_ws/src/myagv_navigation2) by extensions ['colcon_meta']
[0.335s] Level 1:colcon.colcon_core.package_identification:_identify(ydlidar_ws/src/myagv_navigation2) by extension 'colcon_meta'
[0.335s] Level 1:colcon.colcon_core.package_identification:_identify(ydlidar_ws/src/myagv_navigation2) by extensions ['ros']
[0.335s] Level 1:colcon.colcon_core.package_identification:_identify(ydlidar_ws/src/myagv_navigation2) by extension 'ros'
[0.336s] DEBUG:colcon.colcon_core.package_identification:Package 'ydlidar_ws/src/myagv_navigation2' with type 'ros.ament_cmake' and name 'myagv_navigation2'
[0.336s] Level 1:colcon.colcon_core.package_identification:_identify(ydlidar_ws/src/ydlidar_ros2_driver) by extensions ['ignore', 'ignore_ament_install']
[0.336s] Level 1:colcon.colcon_core.package_identification:_identify(ydlidar_ws/src/ydlidar_ros2_driver) by extension 'ignore'
[0.336s] Level 1:colcon.colcon_core.package_identification:_identify(ydlidar_ws/src/ydlidar_ros2_driver) by extension 'ignore_ament_install'
[0.336s] Level 1:colcon.colcon_core.package_identification:_identify(ydlidar_ws/src/ydlidar_ros2_driver) by extensions ['colcon_pkg']
[0.336s] Level 1:colcon.colcon_core.package_identification:_identify(ydlidar_ws/src/ydlidar_ros2_driver) by extension 'colcon_pkg'
[0.336s] Level 1:colcon.colcon_core.package_identification:_identify(ydlidar_ws/src/ydlidar_ros2_driver) by extensions ['colcon_meta']
[0.336s] Level 1:colcon.colcon_core.package_identification:_identify(ydlidar_ws/src/ydlidar_ros2_driver) by extension 'colcon_meta'
[0.336s] Level 1:colcon.colcon_core.package_identification:_identify(ydlidar_ws/src/ydlidar_ros2_driver) by extensions ['ros']
[0.336s] Level 1:colcon.colcon_core.package_identification:_identify(ydlidar_ws/src/ydlidar_ros2_driver) by extension 'ros'
[0.337s] DEBUG:colcon.colcon_core.package_identification:Package 'ydlidar_ws/src/ydlidar_ros2_driver' with type 'ros.ament_cmake' and name 'ydlidar_ros2_driver'
[0.337s] Level 1:colcon.colcon_core.package_discovery:discover_packages(recursive) using defaults
[0.337s] Level 1:colcon.colcon_core.package_discovery:discover_packages(ignore) discover
[0.337s] Level 1:colcon.colcon_core.package_discovery:discover_packages(ignore) using defaults
[0.337s] Level 1:colcon.colcon_core.package_discovery:discover_packages(path) discover
[0.337s] Level 1:colcon.colcon_core.package_discovery:discover_packages(path) using defaults
[0.351s] Level 1:colcon.colcon_core.package_discovery:discover_packages(prefix_path) check parameters
[0.351s] Level 1:colcon.colcon_core.package_discovery:discover_packages(prefix_path) discover
[0.353s] DEBUG:colcon.colcon_installed_package_information.package_discovery:Found 5 installed packages in /home/jucy/ydlidar_ws_11_29/install
[0.354s] DEBUG:colcon.colcon_installed_package_information.package_discovery:Found 332 installed packages in /opt/ros/foxy
[0.356s] Level 1:colcon.colcon_core.package_discovery:discover_packages(prefix_path) using defaults
[0.427s] Level 5:colcon.colcon_core.verb:set package 'jdamr200_node' build argument 'cmake_args' from command line to 'None'
[0.427s] Level 5:colcon.colcon_core.verb:set package 'jdamr200_node' build argument 'cmake_target' from command line to 'None'
[0.427s] Level 5:colcon.colcon_core.verb:set package 'jdamr200_node' build argument 'cmake_target_skip_unavailable' from command line to 'False'
[0.427s] Level 5:colcon.colcon_core.verb:set package 'jdamr200_node' build argument 'cmake_clean_cache' from command line to 'False'
[0.427s] Level 5:colcon.colcon_core.verb:set package 'jdamr200_node' build argument 'cmake_clean_first' from command line to 'False'
[0.427s] Level 5:colcon.colcon_core.verb:set package 'jdamr200_node' build argument 'cmake_force_configure' from command line to 'False'
[0.427s] Level 5:colcon.colcon_core.verb:set package 'jdamr200_node' build argument 'ament_cmake_args' from command line to 'None'
[0.427s] Level 5:colcon.colcon_core.verb:set package 'jdamr200_node' build argument 'catkin_cmake_args' from command line to 'None'
[0.427s] Level 5:colcon.colcon_core.verb:set package 'jdamr200_node' build argument 'catkin_skip_building_tests' from command line to 'False'
[0.427s] DEBUG:colcon.colcon_core.verb:Building package 'jdamr200_node' with the following arguments: {'ament_cmake_args': None, 'build_base': '/home/jucy/ydlidar_ws_11_29/build/jdamr200_node', 'catkin_cmake_args': None, 'catkin_skip_building_tests': False, 'cmake_args': None, 'cmake_clean_cache': False, 'cmake_clean_first': False, 'cmake_force_configure': False, 'cmake_target': None, 'cmake_target_skip_unavailable': False, 'install_base': '/home/jucy/ydlidar_ws_11_29/install/jdamr200_node', 'merge_install': False, 'path': '/home/jucy/ydlidar_ws_11_29/ydlidar_ws/src/jdamr200_node', 'symlink_install': False, 'test_result_base': None}
[0.428s] Level 5:colcon.colcon_core.verb:set package 'myagv_description' build argument 'cmake_args' from command line to 'None'
[0.428s] Level 5:colcon.colcon_core.verb:set package 'myagv_description' build argument 'cmake_target' from command line to 'None'
[0.428s] Level 5:colcon.colcon_core.verb:set package 'myagv_description' build argument 'cmake_target_skip_unavailable' from command line to 'False'
[0.428s] Level 5:colcon.colcon_core.verb:set package 'myagv_description' build argument 'cmake_clean_cache' from command line to 'False'
[0.428s] Level 5:colcon.colcon_core.verb:set package 'myagv_description' build argument 'cmake_clean_first' from command line to 'False'
[0.428s] Level 5:colcon.colcon_core.verb:set package 'myagv_description' build argument 'cmake_force_configure' from command line to 'False'
[0.428s] Level 5:colcon.colcon_core.verb:set package 'myagv_description' build argument 'ament_cmake_args' from command line to 'None'
[0.428s] Level 5:colcon.colcon_core.verb:set package 'myagv_description' build argument 'catkin_cmake_args' from command line to 'None'
[0.428s] Level 5:colcon.colcon_core.verb:set package 'myagv_description' build argument 'catkin_skip_building_tests' from command line to 'False'
[0.428s] DEBUG:colcon.colcon_core.verb:Building package 'myagv_description' with the following arguments: {'ament_cmake_args': None, 'build_base': '/home/jucy/ydlidar_ws_11_29/build/myagv_description', 'catkin_cmake_args': None, 'catkin_skip_building_tests': False, 'cmake_args': None, 'cmake_clean_cache': False, 'cmake_clean_first': False, 'cmake_force_configure': False, 'cmake_target': None, 'cmake_target_skip_unavailable': False, 'install_base': '/home/jucy/ydlidar_ws_11_29/install/myagv_description', 'merge_install': False, 'path': '/home/jucy/ydlidar_ws_11_29/ydlidar_ws/src/myagv_description', 'symlink_install': False, 'test_result_base': None}
[0.428s] Level 5:colcon.colcon_core.verb:set package 'myagv_navigation2' build argument 'cmake_args' from command line to 'None'
[0.428s] Level 5:colcon.colcon_core.verb:set package 'myagv_navigation2' build argument 'cmake_target' from command line to 'None'
[0.428s] Level 5:colcon.colcon_core.verb:set package 'myagv_navigation2' build argument 'cmake_target_skip_unavailable' from command line to 'False'
[0.428s] Level 5:colcon.colcon_core.verb:set package 'myagv_navigation2' build argument 'cmake_clean_cache' from command line to 'False'
[0.428s] Level 5:colcon.colcon_core.verb:set package 'myagv_navigation2' build argument 'cmake_clean_first' from command line to 'False'
[0.428s] Level 5:colcon.colcon_core.verb:set package 'myagv_navigation2' build argument 'cmake_force_configure' from command line to 'False'
[0.428s] Level 5:colcon.colcon_core.verb:set package 'myagv_navigation2' build argument 'ament_cmake_args' from command line to 'None'
[0.428s] Level 5:colcon.colcon_core.verb:set package 'myagv_navigation2' build argument 'catkin_cmake_args' from command line to 'None'
[0.428s] Level 5:colcon.colcon_core.verb:set package 'myagv_navigation2' build argument 'catkin_skip_building_tests' from command line to 'False'
[0.428s] DEBUG:colcon.colcon_core.verb:Building package 'myagv_navigation2' with the following arguments: {'ament_cmake_args': None, 'build_base': '/home/jucy/ydlidar_ws_11_29/build/myagv_navigation2', 'catkin_cmake_args': None, 'catkin_skip_building_tests': False, 'cmake_args': None, 'cmake_clean_cache': False, 'cmake_clean_first': False, 'cmake_force_configure': False, 'cmake_target': None, 'cmake_target_skip_unavailable': False, 'install_base': '/home/jucy/ydlidar_ws_11_29/install/myagv_navigation2', 'merge_install': False, 'path': '/home/jucy/ydlidar_ws_11_29/ydlidar_ws/src/myagv_navigation2', 'symlink_install': False, 'test_result_base': None}
[0.429s] Level 5:colcon.colcon_core.verb:set package 'ydlidar_ros2_driver' build argument 'cmake_args' from command line to 'None'
[0.429s] Level 5:colcon.colcon_core.verb:set package 'ydlidar_ros2_driver' build argument 'cmake_target' from command line to 'None'
[0.429s] Level 5:colcon.colcon_core.verb:set package 'ydlidar_ros2_driver' build argument 'cmake_target_skip_unavailable' from command line to 'False'
[0.429s] Level 5:colcon.colcon_core.verb:set package 'ydlidar_ros2_driver' build argument 'cmake_clean_cache' from command line to 'False'
[0.429s] Level 5:colcon.colcon_core.verb:set package 'ydlidar_ros2_driver' build argument 'cmake_clean_first' from command line to 'False'
[0.429s] Level 5:colcon.colcon_core.verb:set package 'ydlidar_ros2_driver' build argument 'cmake_force_configure' from command line to 'False'
[0.429s] Level 5:colcon.colcon_core.verb:set package 'ydlidar_ros2_driver' build argument 'ament_cmake_args' from command line to 'None'
[0.429s] Level 5:colcon.colcon_core.verb:set package 'ydlidar_ros2_driver' build argument 'catkin_cmake_args' from command line to 'None'
[0.429s] Level 5:colcon.colcon_core.verb:set package 'ydlidar_ros2_driver' build argument 'catkin_skip_building_tests' from command line to 'False'
[0.429s] DEBUG:colcon.colcon_core.verb:Building package 'ydlidar_ros2_driver' with the following arguments: {'ament_cmake_args': None, 'build_base': '/home/jucy/ydlidar_ws_11_29/build/ydlidar_ros2_driver', 'catkin_cmake_args': None, 'catkin_skip_building_tests': False, 'cmake_args': None, 'cmake_clean_cache': False, 'cmake_clean_first': False, 'cmake_force_configure': False, 'cmake_target': None, 'cmake_target_skip_unavailable': False, 'install_base': '/home/jucy/ydlidar_ws_11_29/install/ydlidar_ros2_driver', 'merge_install': False, 'path': '/home/jucy/ydlidar_ws_11_29/ydlidar_ws/src/ydlidar_ros2_driver', 'symlink_install': False, 'test_result_base': None}
[0.429s] Level 5:colcon.colcon_core.verb:set package 'myagv_bringup' build argument 'cmake_args' from command line to 'None'
[0.429s] Level 5:colcon.colcon_core.verb:set package 'myagv_bringup' build argument 'cmake_target' from command line to 'None'
[0.429s] Level 5:colcon.colcon_core.verb:set package 'myagv_bringup' build argument 'cmake_target_skip_unavailable' from command line to 'False'
[0.429s] Level 5:colcon.colcon_core.verb:set package 'myagv_bringup' build argument 'cmake_clean_cache' from command line to 'False'
[0.429s] Level 5:colcon.colcon_core.verb:set package 'myagv_bringup' build argument 'cmake_clean_first' from command line to 'False'
[0.429s] Level 5:colcon.colcon_core.verb:set package 'myagv_bringup' build argument 'cmake_force_configure' from command line to 'False'
[0.430s] Level 5:colcon.colcon_core.verb:set package 'myagv_bringup' build argument 'ament_cmake_args' from command line to 'None'
[0.430s] Level 5:colcon.colcon_core.verb:set package 'myagv_bringup' build argument 'catkin_cmake_args' from command line to 'None'
[0.430s] Level 5:colcon.colcon_core.verb:set package 'myagv_bringup' build argument 'catkin_skip_building_tests' from command line to 'False'
[0.430s] DEBUG:colcon.colcon_core.verb:Building package 'myagv_bringup' with the following arguments: {'ament_cmake_args': None, 'build_base': '/home/jucy/ydlidar_ws_11_29/build/myagv_bringup', 'catkin_cmake_args': None, 'catkin_skip_building_tests': False, 'cmake_args': None, 'cmake_clean_cache': False, 'cmake_clean_first': False, 'cmake_force_configure': False, 'cmake_target': None, 'cmake_target_skip_unavailable': False, 'install_base': '/home/jucy/ydlidar_ws_11_29/install/myagv_bringup', 'merge_install': False, 'path': '/home/jucy/ydlidar_ws_11_29/ydlidar_ws/src/myagv_bringup', 'symlink_install': False, 'test_result_base': None}
[0.430s] INFO:colcon.colcon_core.executor:Executing jobs using 'parallel' executor
[0.430s] DEBUG:colcon.colcon_parallel_executor.executor.parallel:run_until_complete
[0.431s] INFO:colcon.colcon_ros.task.ament_cmake.build:Building ROS package in '/home/jucy/ydlidar_ws_11_29/ydlidar_ws/src/myagv_description' with build type 'ament_cmake'
[0.431s] INFO:colcon.colcon_cmake.task.cmake.build:Building CMake package in '/home/jucy/ydlidar_ws_11_29/ydlidar_ws/src/myagv_description'
[0.433s] INFO:colcon.colcon_core.plugin_system:Skipping extension 'colcon_core.shell.bat': Not used on non-Windows systems
[0.433s] INFO:colcon.colcon_core.shell:Skip shell extension 'powershell' for command environment: Not usable outside of PowerShell
[0.433s] DEBUG:colcon.colcon_core.shell:Skip shell extension 'dsv' for command environment
[0.440s] INFO:colcon.colcon_ros.task.ament_python.build:Building ROS package in '/home/jucy/ydlidar_ws_11_29/ydlidar_ws/src/jdamr200_node' with build type 'ament_python'
[0.441s] Level 1:colcon.colcon_core.shell:create_environment_hook('jdamr200_node', 'ament_prefix_path')
[0.441s] INFO:colcon.colcon_core.shell:Creating environment hook '/home/jucy/ydlidar_ws_11_29/install/jdamr200_node/share/jdamr200_node/hook/ament_prefix_path.ps1'
[0.442s] INFO:colcon.colcon_core.shell:Creating environment descriptor '/home/jucy/ydlidar_ws_11_29/install/jdamr200_node/share/jdamr200_node/hook/ament_prefix_path.dsv'
[0.442s] INFO:colcon.colcon_core.shell:Creating environment hook '/home/jucy/ydlidar_ws_11_29/install/jdamr200_node/share/jdamr200_node/hook/ament_prefix_path.sh'
[0.443s] INFO:colcon.colcon_core.shell:Skip shell extension 'powershell' for command environment: Not usable outside of PowerShell
[0.443s] DEBUG:colcon.colcon_core.shell:Skip shell extension 'dsv' for command environment
[0.448s] INFO:colcon.colcon_ros.task.ament_cmake.build:Building ROS package in '/home/jucy/ydlidar_ws_11_29/ydlidar_ws/src/myagv_navigation2' with build type 'ament_cmake'
[0.448s] INFO:colcon.colcon_cmake.task.cmake.build:Building CMake package in '/home/jucy/ydlidar_ws_11_29/ydlidar_ws/src/myagv_navigation2'
[0.449s] INFO:colcon.colcon_core.shell:Skip shell extension 'powershell' for command environment: Not usable outside of PowerShell
[0.449s] DEBUG:colcon.colcon_core.shell:Skip shell extension 'dsv' for command environment
[0.454s] INFO:colcon.colcon_ros.task.ament_cmake.build:Building ROS package in '/home/jucy/ydlidar_ws_11_29/ydlidar_ws/src/ydlidar_ros2_driver' with build type 'ament_cmake'
[0.454s] INFO:colcon.colcon_cmake.task.cmake.build:Building CMake package in '/home/jucy/ydlidar_ws_11_29/ydlidar_ws/src/ydlidar_ros2_driver'
[0.455s] INFO:colcon.colcon_core.shell:Skip shell extension 'powershell' for command environment: Not usable outside of PowerShell
[0.455s] DEBUG:colcon.colcon_core.shell:Skip shell extension 'dsv' for command environment
[0.468s] DEBUG:colcon.colcon_core.event_handler.log_command:Invoking command in '/home/jucy/ydlidar_ws_11_29/build/myagv_description': CMAKE_PREFIX_PATH=${CMAKE_PREFIX_PATH}:/home/jucy/ydlidar_ws_11_29/install/jdamr200_node /usr/bin/cmake --build /home/jucy/ydlidar_ws_11_29/build/myagv_description -- -j12 -l12
[0.673s] INFO:colcon.colcon_core.task.python.build:Building Python package in '/home/jucy/ydlidar_ws_11_29/ydlidar_ws/src/jdamr200_node'
[0.674s] INFO:colcon.colcon_core.shell:Skip shell extension 'powershell' for command environment: Not usable outside of PowerShell
[0.674s] DEBUG:colcon.colcon_core.shell:Skip shell extension 'dsv' for command environment
[0.684s] DEBUG:colcon.colcon_core.event_handler.log_command:Invoking command in '/home/jucy/ydlidar_ws_11_29/build/myagv_navigation2': CMAKE_PREFIX_PATH=${CMAKE_PREFIX_PATH}:/home/jucy/ydlidar_ws_11_29/install/jdamr200_node /usr/bin/cmake --build /home/jucy/ydlidar_ws_11_29/build/myagv_navigation2 -- -j12 -l12
[0.690s] DEBUG:colcon.colcon_core.event_handler.log_command:Invoking command in '/home/jucy/ydlidar_ws_11_29/build/ydlidar_ros2_driver': CMAKE_PREFIX_PATH=${CMAKE_PREFIX_PATH}:/home/jucy/ydlidar_ws_11_29/install/jdamr200_node /usr/bin/cmake --build /home/jucy/ydlidar_ws_11_29/build/ydlidar_ros2_driver -- -j12 -l12
[0.693s] DEBUG:colcon.colcon_core.event_handler.log_command:Invoked command in '/home/jucy/ydlidar_ws_11_29/build/myagv_description' returned '0': CMAKE_PREFIX_PATH=${CMAKE_PREFIX_PATH}:/home/jucy/ydlidar_ws_11_29/install/jdamr200_node /usr/bin/cmake --build /home/jucy/ydlidar_ws_11_29/build/myagv_description -- -j12 -l12
[0.706s] DEBUG:colcon.colcon_core.event_handler.log_command:Invoking command in '/home/jucy/ydlidar_ws_11_29/build/myagv_description': CMAKE_PREFIX_PATH=${CMAKE_PREFIX_PATH}:/home/jucy/ydlidar_ws_11_29/install/jdamr200_node /usr/bin/cmake --install /home/jucy/ydlidar_ws_11_29/build/myagv_description
[0.717s] Level 1:colcon.colcon_core.environment:create_environment_scripts_only(myagv_description)
[0.718s] DEBUG:colcon.colcon_core.event_handler.log_command:Invoked command in '/home/jucy/ydlidar_ws_11_29/build/myagv_description' returned '0': CMAKE_PREFIX_PATH=${CMAKE_PREFIX_PATH}:/home/jucy/ydlidar_ws_11_29/install/jdamr200_node /usr/bin/cmake --install /home/jucy/ydlidar_ws_11_29/build/myagv_description
[0.720s] Level 1:colcon.colcon_core.environment:checking '/home/jucy/ydlidar_ws_11_29/install/myagv_description' for CMake module files
[0.721s] Level 1:colcon.colcon_core.environment:checking '/home/jucy/ydlidar_ws_11_29/install/myagv_description' for CMake config files
[0.721s] Level 1:colcon.colcon_core.shell:create_environment_hook('myagv_description', 'cmake_prefix_path')
[0.721s] INFO:colcon.colcon_core.shell:Creating environment hook '/home/jucy/ydlidar_ws_11_29/install/myagv_description/share/myagv_description/hook/cmake_prefix_path.ps1'
[0.722s] INFO:colcon.colcon_core.shell:Creating environment descriptor '/home/jucy/ydlidar_ws_11_29/install/myagv_description/share/myagv_description/hook/cmake_prefix_path.dsv'
[0.722s] INFO:colcon.colcon_core.shell:Creating environment hook '/home/jucy/ydlidar_ws_11_29/install/myagv_description/share/myagv_description/hook/cmake_prefix_path.sh'
[0.723s] Level 1:colcon.colcon_core.environment:checking '/home/jucy/ydlidar_ws_11_29/install/myagv_description/bin'
[0.723s] Level 1:colcon.colcon_core.environment:checking '/home/jucy/ydlidar_ws_11_29/install/myagv_description/lib/pkgconfig/myagv_description.pc'
[0.723s] Level 1:colcon.colcon_core.environment:checking '/home/jucy/ydlidar_ws_11_29/install/myagv_description/lib/python3.8/site-packages'
[0.723s] Level 1:colcon.colcon_core.environment:checking '/home/jucy/ydlidar_ws_11_29/install/myagv_description/bin'
[0.724s] INFO:colcon.colcon_core.shell:Creating package script '/home/jucy/ydlidar_ws_11_29/install/myagv_description/share/myagv_description/package.ps1'
[0.725s] INFO:colcon.colcon_core.shell:Creating package descriptor '/home/jucy/ydlidar_ws_11_29/install/myagv_description/share/myagv_description/package.dsv'
[0.725s] INFO:colcon.colcon_core.shell:Creating package script '/home/jucy/ydlidar_ws_11_29/install/myagv_description/share/myagv_description/package.sh'
[0.726s] INFO:colcon.colcon_core.shell:Creating package script '/home/jucy/ydlidar_ws_11_29/install/myagv_description/share/myagv_description/package.bash'
[0.726s] INFO:colcon.colcon_core.shell:Creating package script '/home/jucy/ydlidar_ws_11_29/install/myagv_description/share/myagv_description/package.zsh'
[0.727s] Level 1:colcon.colcon_core.environment:create_file_with_runtime_dependencies(/home/jucy/ydlidar_ws_11_29/install/myagv_description/share/colcon-core/packages/myagv_description)
[0.728s] Level 1:colcon.colcon_core.environment:create_environment_scripts_only(myagv_description)
[0.728s] Level 1:colcon.colcon_core.environment:checking '/home/jucy/ydlidar_ws_11_29/install/myagv_description' for CMake module files
[0.728s] Level 1:colcon.colcon_core.environment:checking '/home/jucy/ydlidar_ws_11_29/install/myagv_description' for CMake config files
[0.728s] Level 1:colcon.colcon_core.shell:create_environment_hook('myagv_description', 'cmake_prefix_path')
[0.729s] INFO:colcon.colcon_core.shell:Creating environment hook '/home/jucy/ydlidar_ws_11_29/install/myagv_description/share/myagv_description/hook/cmake_prefix_path.ps1'
[0.773s] INFO:colcon.colcon_core.shell:Creating environment descriptor '/home/jucy/ydlidar_ws_11_29/install/myagv_description/share/myagv_description/hook/cmake_prefix_path.dsv'
[0.774s] INFO:colcon.colcon_core.shell:Creating environment hook '/home/jucy/ydlidar_ws_11_29/install/myagv_description/share/myagv_description/hook/cmake_prefix_path.sh'
[0.774s] Level 1:colcon.colcon_core.environment:checking '/home/jucy/ydlidar_ws_11_29/install/myagv_description/bin'
[0.774s] Level 1:colcon.colcon_core.environment:checking '/home/jucy/ydlidar_ws_11_29/install/myagv_description/lib/pkgconfig/myagv_description.pc'
[0.775s] Level 1:colcon.colcon_core.environment:checking '/home/jucy/ydlidar_ws_11_29/install/myagv_description/lib/python3.8/site-packages'
[0.775s] Level 1:colcon.colcon_core.environment:checking '/home/jucy/ydlidar_ws_11_29/install/myagv_description/bin'
[0.775s] INFO:colcon.colcon_core.shell:Creating package script '/home/jucy/ydlidar_ws_11_29/install/myagv_description/share/myagv_description/package.ps1'
[0.775s] INFO:colcon.colcon_core.shell:Creating package descriptor '/home/jucy/ydlidar_ws_11_29/install/myagv_description/share/myagv_description/package.dsv'
[0.776s] INFO:colcon.colcon_core.shell:Creating package script '/home/jucy/ydlidar_ws_11_29/install/myagv_description/share/myagv_description/package.sh'
[0.776s] INFO:colcon.colcon_core.shell:Creating package script '/home/jucy/ydlidar_ws_11_29/install/myagv_description/share/myagv_description/package.bash'
[0.776s] INFO:colcon.colcon_core.shell:Creating package script '/home/jucy/ydlidar_ws_11_29/install/myagv_description/share/myagv_description/package.zsh'
[0.777s] Level 1:colcon.colcon_core.environment:create_file_with_runtime_dependencies(/home/jucy/ydlidar_ws_11_29/install/myagv_description/share/colcon-core/packages/myagv_description)
[0.778s] INFO:colcon.colcon_ros.task.ament_cmake.build:Building ROS package in '/home/jucy/ydlidar_ws_11_29/ydlidar_ws/src/myagv_bringup' with build type 'ament_cmake'
[0.778s] INFO:colcon.colcon_cmake.task.cmake.build:Building CMake package in '/home/jucy/ydlidar_ws_11_29/ydlidar_ws/src/myagv_bringup'
[0.778s] INFO:colcon.colcon_core.shell:Skip shell extension 'powershell' for command environment: Not usable outside of PowerShell
[0.778s] DEBUG:colcon.colcon_core.shell:Skip shell extension 'dsv' for command environment
[0.785s] DEBUG:colcon.colcon_core.event_handler.log_command:Invoked command in '/home/jucy/ydlidar_ws_11_29/build/myagv_navigation2' returned '0': CMAKE_PREFIX_PATH=${CMAKE_PREFIX_PATH}:/home/jucy/ydlidar_ws_11_29/install/jdamr200_node /usr/bin/cmake --build /home/jucy/ydlidar_ws_11_29/build/myagv_navigation2 -- -j12 -l12
[0.785s] DEBUG:colcon.colcon_core.event_handler.log_command:Invoking command in '/home/jucy/ydlidar_ws_11_29/build/myagv_navigation2': CMAKE_PREFIX_PATH=${CMAKE_PREFIX_PATH}:/home/jucy/ydlidar_ws_11_29/install/jdamr200_node /usr/bin/cmake --install /home/jucy/ydlidar_ws_11_29/build/myagv_navigation2
[0.788s] DEBUG:colcon.colcon_core.event_handler.log_command:Invoked command in '/home/jucy/ydlidar_ws_11_29/build/ydlidar_ros2_driver' returned '0': CMAKE_PREFIX_PATH=${CMAKE_PREFIX_PATH}:/home/jucy/ydlidar_ws_11_29/install/jdamr200_node /usr/bin/cmake --build /home/jucy/ydlidar_ws_11_29/build/ydlidar_ros2_driver -- -j12 -l12
[0.792s] DEBUG:colcon.colcon_core.event_handler.log_command:Invoking command in '/home/jucy/ydlidar_ws_11_29/build/ydlidar_ros2_driver': CMAKE_PREFIX_PATH=${CMAKE_PREFIX_PATH}:/home/jucy/ydlidar_ws_11_29/install/jdamr200_node /usr/bin/cmake --install /home/jucy/ydlidar_ws_11_29/build/ydlidar_ros2_driver
[0.800s] DEBUG:colcon.colcon_core.event_handler.log_command:Invoking command in '/home/jucy/ydlidar_ws_11_29/build/myagv_bringup': CMAKE_PREFIX_PATH=/home/jucy/ydlidar_ws_11_29/install/myagv_description:/home/jucy/ydlidar_ws_11_29/install/ydlidar_ros2_driver:/home/jucy/ydlidar_ws_11_29/install/myagv_navigation2:/home/jucy/ydlidar_ws_11_29/install/myagv_bringup:/opt/ros/foxy:/opt/ros/foxy:/home/jucy/ydlidar_ws_11_29/install/jdamr200_node /usr/bin/cmake --build /home/jucy/ydlidar_ws_11_29/build/myagv_bringup -- -j12 -l12
[0.800s] Level 1:colcon.colcon_core.environment:create_environment_scripts_only(myagv_navigation2)
[0.801s] Level 1:colcon.colcon_core.environment:checking '/home/jucy/ydlidar_ws_11_29/install/myagv_navigation2' for CMake module files
[0.803s] Level 1:colcon.colcon_core.environment:checking '/home/jucy/ydlidar_ws_11_29/install/myagv_navigation2' for CMake config files
[0.804s] Level 1:colcon.colcon_core.shell:create_environment_hook('myagv_navigation2', 'cmake_prefix_path')
[0.805s] INFO:colcon.colcon_core.shell:Creating environment hook '/home/jucy/ydlidar_ws_11_29/install/myagv_navigation2/share/myagv_navigation2/hook/cmake_prefix_path.ps1'
[0.805s] INFO:colcon.colcon_core.shell:Creating environment descriptor '/home/jucy/ydlidar_ws_11_29/install/myagv_navigation2/share/myagv_navigation2/hook/cmake_prefix_path.dsv'
[0.806s] INFO:colcon.colcon_core.shell:Creating environment hook '/home/jucy/ydlidar_ws_11_29/install/myagv_navigation2/share/myagv_navigation2/hook/cmake_prefix_path.sh'
[0.806s] Level 1:colcon.colcon_core.environment:checking '/home/jucy/ydlidar_ws_11_29/install/myagv_navigation2/bin'
[0.806s] Level 1:colcon.colcon_core.environment:checking '/home/jucy/ydlidar_ws_11_29/install/myagv_navigation2/lib/pkgconfig/myagv_navigation2.pc'
[0.807s] Level 1:colcon.colcon_core.environment:checking '/home/jucy/ydlidar_ws_11_29/install/myagv_navigation2/lib/python3.8/site-packages'
[0.807s] Level 1:colcon.colcon_core.environment:checking '/home/jucy/ydlidar_ws_11_29/install/myagv_navigation2/bin'
[0.807s] INFO:colcon.colcon_core.shell:Creating package script '/home/jucy/ydlidar_ws_11_29/install/myagv_navigation2/share/myagv_navigation2/package.ps1'
[0.808s] INFO:colcon.colcon_core.shell:Creating package descriptor '/home/jucy/ydlidar_ws_11_29/install/myagv_navigation2/share/myagv_navigation2/package.dsv'
[0.808s] INFO:colcon.colcon_core.shell:Creating package script '/home/jucy/ydlidar_ws_11_29/install/myagv_navigation2/share/myagv_navigation2/package.sh'
[0.809s] INFO:colcon.colcon_core.shell:Creating package script '/home/jucy/ydlidar_ws_11_29/install/myagv_navigation2/share/myagv_navigation2/package.bash'
[0.809s] INFO:colcon.colcon_core.shell:Creating package script '/home/jucy/ydlidar_ws_11_29/install/myagv_navigation2/share/myagv_navigation2/package.zsh'
[0.810s] Level 1:colcon.colcon_core.environment:create_file_with_runtime_dependencies(/home/jucy/ydlidar_ws_11_29/install/myagv_navigation2/share/colcon-core/packages/myagv_navigation2)
[0.810s] DEBUG:colcon.colcon_core.event_handler.log_command:Invoked command in '/home/jucy/ydlidar_ws_11_29/build/myagv_navigation2' returned '0': CMAKE_PREFIX_PATH=${CMAKE_PREFIX_PATH}:/home/jucy/ydlidar_ws_11_29/install/jdamr200_node /usr/bin/cmake --install /home/jucy/ydlidar_ws_11_29/build/myagv_navigation2
[0.811s] Level 1:colcon.colcon_core.environment:create_environment_scripts_only(myagv_navigation2)
[0.811s] Level 1:colcon.colcon_core.environment:checking '/home/jucy/ydlidar_ws_11_29/install/myagv_navigation2' for CMake module files
[0.812s] Level 1:colcon.colcon_core.environment:checking '/home/jucy/ydlidar_ws_11_29/install/myagv_navigation2' for CMake config files
[0.814s] Level 1:colcon.colcon_core.shell:create_environment_hook('myagv_navigation2', 'cmake_prefix_path')
[0.814s] INFO:colcon.colcon_core.shell:Creating environment hook '/home/jucy/ydlidar_ws_11_29/install/myagv_navigation2/share/myagv_navigation2/hook/cmake_prefix_path.ps1'
[0.815s] INFO:colcon.colcon_core.shell:Creating environment descriptor '/home/jucy/ydlidar_ws_11_29/install/myagv_navigation2/share/myagv_navigation2/hook/cmake_prefix_path.dsv'
[0.815s] INFO:colcon.colcon_core.shell:Creating environment hook '/home/jucy/ydlidar_ws_11_29/install/myagv_navigation2/share/myagv_navigation2/hook/cmake_prefix_path.sh'
[0.816s] Level 1:colcon.colcon_core.environment:checking '/home/jucy/ydlidar_ws_11_29/install/myagv_navigation2/bin'
[0.816s] Level 1:colcon.colcon_core.environment:checking '/home/jucy/ydlidar_ws_11_29/install/myagv_navigation2/lib/pkgconfig/myagv_navigation2.pc'
[0.816s] Level 1:colcon.colcon_core.environment:checking '/home/jucy/ydlidar_ws_11_29/install/myagv_navigation2/lib/python3.8/site-packages'
[0.816s] Level 1:colcon.colcon_core.environment:checking '/home/jucy/ydlidar_ws_11_29/install/myagv_navigation2/bin'
[0.817s] INFO:colcon.colcon_core.shell:Creating package script '/home/jucy/ydlidar_ws_11_29/install/myagv_navigation2/share/myagv_navigation2/package.ps1'
[0.817s] INFO:colcon.colcon_core.shell:Creating package descriptor '/home/jucy/ydlidar_ws_11_29/install/myagv_navigation2/share/myagv_navigation2/package.dsv'
[0.818s] INFO:colcon.colcon_core.shell:Creating package script '/home/jucy/ydlidar_ws_11_29/install/myagv_navigation2/share/myagv_navigation2/package.sh'
[0.818s] INFO:colcon.colcon_core.shell:Creating package script '/home/jucy/ydlidar_ws_11_29/install/myagv_navigation2/share/myagv_navigation2/package.bash'
[0.818s] INFO:colcon.colcon_core.shell:Creating package script '/home/jucy/ydlidar_ws_11_29/install/myagv_navigation2/share/myagv_navigation2/package.zsh'
[0.819s] Level 1:colcon.colcon_core.environment:create_file_with_runtime_dependencies(/home/jucy/ydlidar_ws_11_29/install/myagv_navigation2/share/colcon-core/packages/myagv_navigation2)
[0.820s] Level 1:colcon.colcon_core.environment:create_environment_scripts_only(ydlidar_ros2_driver)
[0.820s] Level 1:colcon.colcon_core.environment:checking '/home/jucy/ydlidar_ws_11_29/install/ydlidar_ros2_driver' for CMake module files
[0.821s] DEBUG:colcon.colcon_core.event_handler.log_command:Invoked command in '/home/jucy/ydlidar_ws_11_29/build/ydlidar_ros2_driver' returned '0': CMAKE_PREFIX_PATH=${CMAKE_PREFIX_PATH}:/home/jucy/ydlidar_ws_11_29/install/jdamr200_node /usr/bin/cmake --install /home/jucy/ydlidar_ws_11_29/build/ydlidar_ros2_driver
[0.821s] Level 1:colcon.colcon_core.environment:checking '/home/jucy/ydlidar_ws_11_29/install/ydlidar_ros2_driver' for CMake config files
[0.821s] Level 1:colcon.colcon_core.shell:create_environment_hook('ydlidar_ros2_driver', 'cmake_prefix_path')
[0.821s] INFO:colcon.colcon_core.shell:Creating environment hook '/home/jucy/ydlidar_ws_11_29/install/ydlidar_ros2_driver/share/ydlidar_ros2_driver/hook/cmake_prefix_path.ps1'
[0.822s] INFO:colcon.colcon_core.shell:Creating environment descriptor '/home/jucy/ydlidar_ws_11_29/install/ydlidar_ros2_driver/share/ydlidar_ros2_driver/hook/cmake_prefix_path.dsv'
[0.822s] INFO:colcon.colcon_core.shell:Creating environment hook '/home/jucy/ydlidar_ws_11_29/install/ydlidar_ros2_driver/share/ydlidar_ros2_driver/hook/cmake_prefix_path.sh'
[0.822s] Level 1:colcon.colcon_core.environment:checking '/home/jucy/ydlidar_ws_11_29/install/ydlidar_ros2_driver/lib'
[0.823s] Level 1:colcon.colcon_core.environment:checking '/home/jucy/ydlidar_ws_11_29/install/ydlidar_ros2_driver/bin'
[0.823s] Level 1:colcon.colcon_core.environment:checking '/home/jucy/ydlidar_ws_11_29/install/ydlidar_ros2_driver/lib/pkgconfig/ydlidar_ros2_driver.pc'
[0.823s] Level 1:colcon.colcon_core.environment:checking '/home/jucy/ydlidar_ws_11_29/install/ydlidar_ros2_driver/lib/python3.8/site-packages'
[0.823s] Level 1:colcon.colcon_core.environment:checking '/home/jucy/ydlidar_ws_11_29/install/ydlidar_ros2_driver/bin'
[0.823s] INFO:colcon.colcon_core.shell:Creating package script '/home/jucy/ydlidar_ws_11_29/install/ydlidar_ros2_driver/share/ydlidar_ros2_driver/package.ps1'
[0.824s] INFO:colcon.colcon_core.shell:Creating package descriptor '/home/jucy/ydlidar_ws_11_29/install/ydlidar_ros2_driver/share/ydlidar_ros2_driver/package.dsv'
[0.824s] INFO:colcon.colcon_core.shell:Creating package script '/home/jucy/ydlidar_ws_11_29/install/ydlidar_ros2_driver/share/ydlidar_ros2_driver/package.sh'
[0.824s] INFO:colcon.colcon_core.shell:Creating package script '/home/jucy/ydlidar_ws_11_29/install/ydlidar_ros2_driver/share/ydlidar_ros2_driver/package.bash'
[0.825s] INFO:colcon.colcon_core.shell:Creating package script '/home/jucy/ydlidar_ws_11_29/install/ydlidar_ros2_driver/share/ydlidar_ros2_driver/package.zsh'
[0.825s] Level 1:colcon.colcon_core.environment:create_file_with_runtime_dependencies(/home/jucy/ydlidar_ws_11_29/install/ydlidar_ros2_driver/share/colcon-core/packages/ydlidar_ros2_driver)
[0.826s] Level 1:colcon.colcon_core.environment:create_environment_scripts_only(ydlidar_ros2_driver)
[0.826s] Level 1:colcon.colcon_core.environment:checking '/home/jucy/ydlidar_ws_11_29/install/ydlidar_ros2_driver' for CMake module files
[0.826s] Level 1:colcon.colcon_core.environment:checking '/home/jucy/ydlidar_ws_11_29/install/ydlidar_ros2_driver' for CMake config files
[0.826s] Level 1:colcon.colcon_core.shell:create_environment_hook('ydlidar_ros2_driver', 'cmake_prefix_path')
[0.827s] INFO:colcon.colcon_core.shell:Creating environment hook '/home/jucy/ydlidar_ws_11_29/install/ydlidar_ros2_driver/share/ydlidar_ros2_driver/hook/cmake_prefix_path.ps1'
[0.827s] INFO:colcon.colcon_core.shell:Creating environment descriptor '/home/jucy/ydlidar_ws_11_29/install/ydlidar_ros2_driver/share/ydlidar_ros2_driver/hook/cmake_prefix_path.dsv'
[0.827s] INFO:colcon.colcon_core.shell:Creating environment hook '/home/jucy/ydlidar_ws_11_29/install/ydlidar_ros2_driver/share/ydlidar_ros2_driver/hook/cmake_prefix_path.sh'
[0.828s] Level 1:colcon.colcon_core.environment:checking '/home/jucy/ydlidar_ws_11_29/install/ydlidar_ros2_driver/lib'
[0.828s] Level 1:colcon.colcon_core.environment:checking '/home/jucy/ydlidar_ws_11_29/install/ydlidar_ros2_driver/bin'
[0.828s] Level 1:colcon.colcon_core.environment:checking '/home/jucy/ydlidar_ws_11_29/install/ydlidar_ros2_driver/lib/pkgconfig/ydlidar_ros2_driver.pc'
[0.828s] Level 1:colcon.colcon_core.environment:checking '/home/jucy/ydlidar_ws_11_29/install/ydlidar_ros2_driver/lib/python3.8/site-packages'
[0.828s] Level 1:colcon.colcon_core.environment:checking '/home/jucy/ydlidar_ws_11_29/install/ydlidar_ros2_driver/bin'
[0.828s] INFO:colcon.colcon_core.shell:Creating package script '/home/jucy/ydlidar_ws_11_29/install/ydlidar_ros2_driver/share/ydlidar_ros2_driver/package.ps1'
[0.829s] INFO:colcon.colcon_core.shell:Creating package descriptor '/home/jucy/ydlidar_ws_11_29/install/ydlidar_ros2_driver/share/ydlidar_ros2_driver/package.dsv'
[0.829s] INFO:colcon.colcon_core.shell:Creating package script '/home/jucy/ydlidar_ws_11_29/install/ydlidar_ros2_driver/share/ydlidar_ros2_driver/package.sh'
[0.830s] INFO:colcon.colcon_core.shell:Creating package script '/home/jucy/ydlidar_ws_11_29/install/ydlidar_ros2_driver/share/ydlidar_ros2_driver/package.bash'
[0.830s] INFO:colcon.colcon_core.shell:Creating package script '/home/jucy/ydlidar_ws_11_29/install/ydlidar_ros2_driver/share/ydlidar_ros2_driver/package.zsh'
[0.830s] Level 1:colcon.colcon_core.environment:create_file_with_runtime_dependencies(/home/jucy/ydlidar_ws_11_29/install/ydlidar_ros2_driver/share/colcon-core/packages/ydlidar_ros2_driver)
[0.836s] DEBUG:colcon.colcon_core.event_handler.log_command:Invoked command in '/home/jucy/ydlidar_ws_11_29/build/myagv_bringup' returned '0': CMAKE_PREFIX_PATH=/home/jucy/ydlidar_ws_11_29/install/myagv_description:/home/jucy/ydlidar_ws_11_29/install/ydlidar_ros2_driver:/home/jucy/ydlidar_ws_11_29/install/myagv_navigation2:/home/jucy/ydlidar_ws_11_29/install/myagv_bringup:/opt/ros/foxy:/opt/ros/foxy:/home/jucy/ydlidar_ws_11_29/install/jdamr200_node /usr/bin/cmake --build /home/jucy/ydlidar_ws_11_29/build/myagv_bringup -- -j12 -l12
[0.837s] DEBUG:colcon.colcon_core.event_handler.log_command:Invoking command in '/home/jucy/ydlidar_ws_11_29/build/myagv_bringup': CMAKE_PREFIX_PATH=/home/jucy/ydlidar_ws_11_29/install/myagv_description:/home/jucy/ydlidar_ws_11_29/install/ydlidar_ros2_driver:/home/jucy/ydlidar_ws_11_29/install/myagv_navigation2:/home/jucy/ydlidar_ws_11_29/install/myagv_bringup:/opt/ros/foxy:/opt/ros/foxy:/home/jucy/ydlidar_ws_11_29/install/jdamr200_node /usr/bin/cmake --install /home/jucy/ydlidar_ws_11_29/build/myagv_bringup
[0.847s] Level 1:colcon.colcon_core.environment:create_environment_scripts_only(myagv_bringup)
[0.847s] Level 1:colcon.colcon_core.environment:checking '/home/jucy/ydlidar_ws_11_29/install/myagv_bringup' for CMake module files
[0.848s] DEBUG:colcon.colcon_core.event_handler.log_command:Invoked command in '/home/jucy/ydlidar_ws_11_29/build/myagv_bringup' returned '0': CMAKE_PREFIX_PATH=/home/jucy/ydlidar_ws_11_29/install/myagv_description:/home/jucy/ydlidar_ws_11_29/install/ydlidar_ros2_driver:/home/jucy/ydlidar_ws_11_29/install/myagv_navigation2:/home/jucy/ydlidar_ws_11_29/install/myagv_bringup:/opt/ros/foxy:/opt/ros/foxy:/home/jucy/ydlidar_ws_11_29/install/jdamr200_node /usr/bin/cmake --install /home/jucy/ydlidar_ws_11_29/build/myagv_bringup
[0.848s] Level 1:colcon.colcon_core.environment:checking '/home/jucy/ydlidar_ws_11_29/install/myagv_bringup' for CMake config files
[0.848s] Level 1:colcon.colcon_core.shell:create_environment_hook('myagv_bringup', 'cmake_prefix_path')
[0.849s] INFO:colcon.colcon_core.shell:Creating environment hook '/home/jucy/ydlidar_ws_11_29/install/myagv_bringup/share/myagv_bringup/hook/cmake_prefix_path.ps1'
[0.849s] INFO:colcon.colcon_core.shell:Creating environment descriptor '/home/jucy/ydlidar_ws_11_29/install/myagv_bringup/share/myagv_bringup/hook/cmake_prefix_path.dsv'
[0.850s] INFO:colcon.colcon_core.shell:Creating environment hook '/home/jucy/ydlidar_ws_11_29/install/myagv_bringup/share/myagv_bringup/hook/cmake_prefix_path.sh'
[0.850s] Level 1:colcon.colcon_core.environment:checking '/home/jucy/ydlidar_ws_11_29/install/myagv_bringup/bin'
[0.850s] Level 1:colcon.colcon_core.environment:checking '/home/jucy/ydlidar_ws_11_29/install/myagv_bringup/lib/pkgconfig/myagv_bringup.pc'
[0.850s] Level 1:colcon.colcon_core.environment:checking '/home/jucy/ydlidar_ws_11_29/install/myagv_bringup/lib/python3.8/site-packages'
[0.851s] Level 1:colcon.colcon_core.environment:checking '/home/jucy/ydlidar_ws_11_29/install/myagv_bringup/bin'
[0.851s] INFO:colcon.colcon_core.shell:Creating package script '/home/jucy/ydlidar_ws_11_29/install/myagv_bringup/share/myagv_bringup/package.ps1'
[0.851s] INFO:colcon.colcon_core.shell:Creating package descriptor '/home/jucy/ydlidar_ws_11_29/install/myagv_bringup/share/myagv_bringup/package.dsv'
[0.852s] INFO:colcon.colcon_core.shell:Creating package script '/home/jucy/ydlidar_ws_11_29/install/myagv_bringup/share/myagv_bringup/package.sh'
[0.852s] INFO:colcon.colcon_core.shell:Creating package script '/home/jucy/ydlidar_ws_11_29/install/myagv_bringup/share/myagv_bringup/package.bash'
[0.852s] INFO:colcon.colcon_core.shell:Creating package script '/home/jucy/ydlidar_ws_11_29/install/myagv_bringup/share/myagv_bringup/package.zsh'
[0.853s] Level 1:colcon.colcon_core.environment:create_file_with_runtime_dependencies(/home/jucy/ydlidar_ws_11_29/install/myagv_bringup/share/colcon-core/packages/myagv_bringup)
[0.853s] Level 1:colcon.colcon_core.environment:create_environment_scripts_only(myagv_bringup)
[0.853s] Level 1:colcon.colcon_core.environment:checking '/home/jucy/ydlidar_ws_11_29/install/myagv_bringup' for CMake module files
[0.854s] Level 1:colcon.colcon_core.environment:checking '/home/jucy/ydlidar_ws_11_29/install/myagv_bringup' for CMake config files
[0.854s] Level 1:colcon.colcon_core.shell:create_environment_hook('myagv_bringup', 'cmake_prefix_path')
[0.854s] INFO:colcon.colcon_core.shell:Creating environment hook '/home/jucy/ydlidar_ws_11_29/install/myagv_bringup/share/myagv_bringup/hook/cmake_prefix_path.ps1'
[0.854s] INFO:colcon.colcon_core.shell:Creating environment descriptor '/home/jucy/ydlidar_ws_11_29/install/myagv_bringup/share/myagv_bringup/hook/cmake_prefix_path.dsv'
[0.855s] INFO:colcon.colcon_core.shell:Creating environment hook '/home/jucy/ydlidar_ws_11_29/install/myagv_bringup/share/myagv_bringup/hook/cmake_prefix_path.sh'
[0.855s] Level 1:colcon.colcon_core.environment:checking '/home/jucy/ydlidar_ws_11_29/install/myagv_bringup/bin'
[0.855s] Level 1:colcon.colcon_core.environment:checking '/home/jucy/ydlidar_ws_11_29/install/myagv_bringup/lib/pkgconfig/myagv_bringup.pc'
[0.855s] Level 1:colcon.colcon_core.environment:checking '/home/jucy/ydlidar_ws_11_29/install/myagv_bringup/lib/python3.8/site-packages'
[0.856s] Level 1:colcon.colcon_core.environment:checking '/home/jucy/ydlidar_ws_11_29/install/myagv_bringup/bin'
[0.856s] INFO:colcon.colcon_core.shell:Creating package script '/home/jucy/ydlidar_ws_11_29/install/myagv_bringup/share/myagv_bringup/package.ps1'
[0.856s] INFO:colcon.colcon_core.shell:Creating package descriptor '/home/jucy/ydlidar_ws_11_29/install/myagv_bringup/share/myagv_bringup/package.dsv'
[0.857s] INFO:colcon.colcon_core.shell:Creating package script '/home/jucy/ydlidar_ws_11_29/install/myagv_bringup/share/myagv_bringup/package.sh'
[0.857s] INFO:colcon.colcon_core.shell:Creating package script '/home/jucy/ydlidar_ws_11_29/install/myagv_bringup/share/myagv_bringup/package.bash'
[0.857s] INFO:colcon.colcon_core.shell:Creating package script '/home/jucy/ydlidar_ws_11_29/install/myagv_bringup/share/myagv_bringup/package.zsh'
[0.858s] Level 1:colcon.colcon_core.environment:create_file_with_runtime_dependencies(/home/jucy/ydlidar_ws_11_29/install/myagv_bringup/share/colcon-core/packages/myagv_bringup)
[1.143s] DEBUG:colcon.colcon_core.event_handler.log_command:Invoking command in '/home/jucy/ydlidar_ws_11_29/ydlidar_ws/src/jdamr200_node': PYTHONPATH=/home/jucy/ydlidar_ws_11_29/build/jdamr200_node/prefix_override:/usr/lib/python3/dist-packages/colcon_core/task/python/colcon_distutils_commands:/home/jucy/ydlidar_ws_11_29/install/jdamr200_node/lib/python3.8/site-packages:${PYTHONPATH} /usr/bin/python3 -W ignore:setup.py install is deprecated -W ignore:easy_install command is deprecated setup.py egg_info --egg-base ../../../build/jdamr200_node build --build-base /home/jucy/ydlidar_ws_11_29/build/jdamr200_node/build install --record /home/jucy/ydlidar_ws_11_29/build/jdamr200_node/install.log --single-version-externally-managed install_data
[1.397s] Level 1:colcon.colcon_core.environment:checking '/home/jucy/ydlidar_ws_11_29/install/jdamr200_node' for CMake module files
[1.397s] DEBUG:colcon.colcon_core.event_handler.log_command:Invoked command in '/home/jucy/ydlidar_ws_11_29/ydlidar_ws/src/jdamr200_node' returned '0': PYTHONPATH=/home/jucy/ydlidar_ws_11_29/build/jdamr200_node/prefix_override:/usr/lib/python3/dist-packages/colcon_core/task/python/colcon_distutils_commands:/home/jucy/ydlidar_ws_11_29/install/jdamr200_node/lib/python3.8/site-packages:${PYTHONPATH} /usr/bin/python3 -W ignore:setup.py install is deprecated -W ignore:easy_install command is deprecated setup.py egg_info --egg-base ../../../build/jdamr200_node build --build-base /home/jucy/ydlidar_ws_11_29/build/jdamr200_node/build install --record /home/jucy/ydlidar_ws_11_29/build/jdamr200_node/install.log --single-version-externally-managed install_data
[1.398s] Level 1:colcon.colcon_core.environment:checking '/home/jucy/ydlidar_ws_11_29/install/jdamr200_node' for CMake config files
[1.398s] Level 1:colcon.colcon_core.environment:checking '/home/jucy/ydlidar_ws_11_29/install/jdamr200_node/lib'
[1.398s] Level 1:colcon.colcon_core.environment:checking '/home/jucy/ydlidar_ws_11_29/install/jdamr200_node/bin'
[1.398s] Level 1:colcon.colcon_core.environment:checking '/home/jucy/ydlidar_ws_11_29/install/jdamr200_node/lib/pkgconfig/jdamr200_node.pc'
[1.399s] Level 1:colcon.colcon_core.environment:checking '/home/jucy/ydlidar_ws_11_29/install/jdamr200_node/lib/python3.8/site-packages'
[1.399s] Level 1:colcon.colcon_core.shell:create_environment_hook('jdamr200_node', 'pythonpath')
[1.399s] INFO:colcon.colcon_core.shell:Creating environment hook '/home/jucy/ydlidar_ws_11_29/install/jdamr200_node/share/jdamr200_node/hook/pythonpath.ps1'
[1.399s] INFO:colcon.colcon_core.shell:Creating environment descriptor '/home/jucy/ydlidar_ws_11_29/install/jdamr200_node/share/jdamr200_node/hook/pythonpath.dsv'
[1.400s] INFO:colcon.colcon_core.shell:Creating environment hook '/home/jucy/ydlidar_ws_11_29/install/jdamr200_node/share/jdamr200_node/hook/pythonpath.sh'
[1.400s] Level 1:colcon.colcon_core.environment:checking '/home/jucy/ydlidar_ws_11_29/install/jdamr200_node/bin'
[1.400s] Level 1:colcon.colcon_core.environment:create_environment_scripts_only(jdamr200_node)
[1.400s] INFO:colcon.colcon_core.shell:Creating package script '/home/jucy/ydlidar_ws_11_29/install/jdamr200_node/share/jdamr200_node/package.ps1'
[1.401s] INFO:colcon.colcon_core.shell:Creating package descriptor '/home/jucy/ydlidar_ws_11_29/install/jdamr200_node/share/jdamr200_node/package.dsv'
[1.401s] INFO:colcon.colcon_core.shell:Creating package script '/home/jucy/ydlidar_ws_11_29/install/jdamr200_node/share/jdamr200_node/package.sh'
[1.401s] INFO:colcon.colcon_core.shell:Creating package script '/home/jucy/ydlidar_ws_11_29/install/jdamr200_node/share/jdamr200_node/package.bash'
[1.402s] INFO:colcon.colcon_core.shell:Creating package script '/home/jucy/ydlidar_ws_11_29/install/jdamr200_node/share/jdamr200_node/package.zsh'
[1.402s] Level 1:colcon.colcon_core.environment:create_file_with_runtime_dependencies(/home/jucy/ydlidar_ws_11_29/install/jdamr200_node/share/colcon-core/packages/jdamr200_node)
[1.402s] DEBUG:colcon.colcon_parallel_executor.executor.parallel:closing loop
[1.402s] DEBUG:colcon.colcon_parallel_executor.executor.parallel:loop closed
[1.403s] DEBUG:colcon.colcon_parallel_executor.executor.parallel:run_until_complete finished with '0'
[1.403s] DEBUG:colcon.colcon_core.event_reactor:joining thread
[1.408s] INFO:colcon.colcon_core.plugin_system:Skipping extension 'colcon_notification.desktop_notification.terminal_notifier': Not used on non-Darwin systems
[1.408s] INFO:colcon.colcon_core.plugin_system:Skipping extension 'colcon_notification.desktop_notification.win32': Not used on non-Windows systems
[1.408s] INFO:colcon.colcon_notification.desktop_notification:Sending desktop notification using 'notify2'
[1.421s] DEBUG:colcon.colcon_core.event_reactor:joined thread
[1.421s] INFO:colcon.colcon_core.shell:Creating prefix script '/home/jucy/ydlidar_ws_11_29/install/local_setup.ps1'
[1.423s] INFO:colcon.colcon_core.shell:Creating prefix util module '/home/jucy/ydlidar_ws_11_29/install/_local_setup_util_ps1.py'
[1.424s] INFO:colcon.colcon_core.shell:Creating prefix chain script '/home/jucy/ydlidar_ws_11_29/install/setup.ps1'
[1.425s] INFO:colcon.colcon_core.shell:Creating prefix script '/home/jucy/ydlidar_ws_11_29/install/local_setup.sh'
[1.426s] INFO:colcon.colcon_core.shell:Creating prefix util module '/home/jucy/ydlidar_ws_11_29/install/_local_setup_util_sh.py'
[1.426s] INFO:colcon.colcon_core.shell:Creating prefix chain script '/home/jucy/ydlidar_ws_11_29/install/setup.sh'
[1.427s] INFO:colcon.colcon_core.shell:Creating prefix script '/home/jucy/ydlidar_ws_11_29/install/local_setup.bash'
[1.427s] INFO:colcon.colcon_core.shell:Creating prefix chain script '/home/jucy/ydlidar_ws_11_29/install/setup.bash'
[1.428s] INFO:colcon.colcon_core.shell:Creating prefix script '/home/jucy/ydlidar_ws_11_29/install/local_setup.zsh'
[1.429s] INFO:colcon.colcon_core.shell:Creating prefix chain script '/home/jucy/ydlidar_ws_11_29/install/setup.zsh'
