[0.066s] Invoking command in '/home/jucy/ydlidar_ws_11_29/build/nav2_amcl': AMENT_PREFIX_PATH=/home/jucy/ydlidar_ws_11_29/install/nav2_util:/home/jucy/ydlidar_ws_11_29/install/nav2_msgs:/home/jucy/ydlidar_ws_11_29/install/nav2_common:${AMENT_PREFIX_PATH} CMAKE_PREFIX_PATH=/home/jucy/ydlidar_ws_11_29/install/nav2_util:/home/jucy/ydlidar_ws_11_29/install/nav2_msgs:/home/jucy/ydlidar_ws_11_29/install/nav2_common:/home/jucy/ydlidar_ws_11_29/install/ydlidar_ros2_driver:/home/jucy/ydlidar_ws_11_29/install/myagv_navigation2:/home/jucy/ydlidar_ws_11_29/install/myagv_bringup:/home/jucy/ydlidar_ws_11_29/install/myagv_description:/home/jucy/new_ws/install/myagv_description:/home/jucy/new_ws/install/aseembly:/home/jucy/turtlebot3_ws/install/turtlebot3:/home/jucy/turtlebot3_ws/install/turtlebot3_simulations:/home/jucy/turtlebot3_ws/install/turtlebot3_bringup:/home/jucy/turtlebot3_ws/install/turtlebot3_node:/home/jucy/turtlebot3_ws/install/turtlebot3_navigation2:/home/jucy/turtlebot3_ws/install/turtlebot3_fake_node:/home/jucy/turtlebot3_ws/install/turtlebot3_msgs:/home/jucy/turtlebot3_ws/install/turtlebot3_gazebo:/home/jucy/turtlebot3_ws/install/turtlebot3_description:/home/jucy/turtlebot3_ws/install/turtlebot3_cartographer:/home/jucy/turtlebot3_ws/install/dynamixel_sdk_examples:/home/jucy/turtlebot3_ws/install/dynamixel_sdk_custom_interfaces:/home/jucy/turtlebot3_ws/install/dynamixel_sdk:/home/jucy/ros2_ws/install/ps2_controller:/home/jucy/ydlidar_ros2_ws/install/ydlidar_ros2_driver:/home/jucy/ydlidar_ros2_ws/install/ps2_controller:/home/jucy/ydlidar_ros2_ws/install/myagv_navigation2:/home/jucy/ydlidar_ros2_ws/install/myagv_bringup:/home/jucy/ydlidar_ros2_ws/install/myagv_description:/home/jucy/ydlidar_ros2_wss/install/ydlidar_ros2_driver:/opt/ros/foxy:/opt/ros/foxy:/home/jucy/ydlidar_ws_11_29/install/jdamr200_node:/home/jucy/turtlebot3_ws/install/turtlebot3_teleop:/home/jucy/turtlebot3_ws/install/turtlebot3_example:/home/jucy/turtlebot3_ws/install/nav2_goal_pulisher_test:/home/jucy/turtlebot3_ws/install/nav2_goal_publisher:/home/jucy/ros2_ws/install/camera_udp_communication:/home/jucy/ros2_ws/install/agv_control_py:/home/jucy/ydlidar_ros2_ws/install/jdamr200_teleop:/home/jucy/ydlidar_ros2_ws/install/jdamr200_node LD_LIBRARY_PATH=/home/jucy/ydlidar_ws_11_29/install/nav2_util/lib:/home/jucy/ydlidar_ws_11_29/install/nav2_msgs/lib:${LD_LIBRARY_PATH} PYTHONPATH=/home/jucy/ydlidar_ws_11_29/install/nav2_msgs/lib/python3.8/site-packages:/home/jucy/ydlidar_ws_11_29/install/nav2_common/lib/python3.8/site-packages:${PYTHONPATH} /usr/bin/cmake /home/jucy/ydlidar_ws_11_29/ydlidar_ws/src/navigation2/nav2_amcl -DCMAKE_INSTALL_PREFIX=/home/jucy/ydlidar_ws_11_29/install/nav2_amcl
[0.198s] -- The C compiler identification is GNU 9.4.0
[0.307s] -- The CXX compiler identification is GNU 9.4.0
[0.316s] -- Check for working C compiler: /usr/bin/cc
[0.442s] -- Check for working C compiler: /usr/bin/cc -- works
[0.443s] -- Detecting C compiler ABI info
[0.563s] -- Detecting C compiler ABI info - done
[0.593s] -- Detecting C compile features
[0.593s] -- Detecting C compile features - done
[0.598s] -- Check for working CXX compiler: /usr/bin/c++
[0.739s] -- Check for working CXX compiler: /usr/bin/c++ -- works
[0.741s] -- Detecting CXX compiler ABI info
[0.882s] -- Detecting CXX compiler ABI info - done
[0.894s] -- Detecting CXX compile features
[0.894s] -- Detecting CXX compile features - done
[0.911s] -- Found ament_cmake: 0.9.12 (/opt/ros/foxy/share/ament_cmake/cmake)
[0.981s] -- Found PythonInterp: /usr/bin/python3 (found suitable version "3.8.10", minimum required is "3") 
[0.982s] -- Using PYTHON_EXECUTABLE: /usr/bin/python3
[1.396s] -- Found nav2_common: 0.4.7 (/home/jucy/ydlidar_ws_11_29/install/nav2_common/share/nav2_common/cmake)
[1.401s] -- Found rclcpp: 2.4.3 (/opt/ros/foxy/share/rclcpp/cmake)
[1.531s] -- Using all available rosidl_typesupport_c: rosidl_typesupport_fastrtps_c;rosidl_typesupport_introspection_c
[1.556s] -- Found rosidl_adapter: 1.3.1 (/opt/ros/foxy/share/rosidl_adapter/cmake)
[1.760s] -- Found OpenSSL: /usr/lib/x86_64-linux-gnu/libcrypto.so (found version "1.1.1f")  
[1.825s] -- Found FastRTPS: /opt/ros/foxy/include  
[1.976s] -- Using all available rosidl_typesupport_cpp: rosidl_typesupport_fastrtps_cpp;rosidl_typesupport_introspection_cpp
[2.096s] -- Found rmw_implementation_cmake: 1.0.4 (/opt/ros/foxy/share/rmw_implementation_cmake/cmake)
[2.102s] -- Using RMW implementation 'rmw_fastrtps_cpp' as default
[2.103s] -- Looking for pthread.h
[2.222s] -- Looking for pthread.h - found
[2.223s] -- Performing Test CMAKE_HAVE_LIBC_PTHREAD
[2.342s] -- Performing Test CMAKE_HAVE_LIBC_PTHREAD - Failed
[2.342s] -- Looking for pthread_create in pthreads
[2.448s] -- Looking for pthread_create in pthreads - not found
[2.448s] -- Looking for pthread_create in pthread
[2.561s] -- Looking for pthread_create in pthread - found
[2.562s] -- Found Threads: TRUE  
[2.920s] -- Found rclcpp_lifecycle: 2.4.3 (/opt/ros/foxy/share/rclcpp_lifecycle/cmake)
[2.987s] -- Found message_filters: 3.2.7 (/opt/ros/foxy/share/message_filters/cmake)
[2.993s] -- Found tf2_geometry_msgs: 0.13.14 (/opt/ros/foxy/share/tf2_geometry_msgs/cmake)
[3.079s] -- Found eigen3_cmake_module: 0.1.1 (/opt/ros/foxy/share/eigen3_cmake_module/cmake)
[3.098s] -- Found Eigen3: TRUE (found version "3.3.7") 
[3.839s] -- Found nav_msgs: 2.0.5 (/opt/ros/foxy/share/nav_msgs/cmake)
[3.966s] -- Found sensor_msgs: 2.0.5 (/opt/ros/foxy/share/sensor_msgs/cmake)
[4.087s] -- Found std_srvs: 2.0.5 (/opt/ros/foxy/share/std_srvs/cmake)
[4.116s] -- Found nav2_util: 0.4.7 (/home/jucy/ydlidar_ws_11_29/install/nav2_util/share/nav2_util/cmake)
[4.841s] -- Setting build type to Release as none was specified.
[4.917s] -- Looking for drand48
[5.042s] -- Looking for drand48 - found
[7.750s] -- Found ament_lint_auto: 0.9.8 (/opt/ros/foxy/share/ament_lint_auto/cmake)
[8.148s] -- Added test 'cppcheck' to perform static code analysis on C / C++ code
[8.149s] -- Configured cppcheck include dirs: /home/jucy/ydlidar_ws_11_29/ydlidar_ws/src/navigation2/nav2_amcl/include;/home/jucy/ydlidar_ws_11_29/ydlidar_ws/src/navigation2/nav2_amcl/src/include
[8.149s] -- Configured cppcheck exclude dirs and/or files: 
[8.153s] -- Added test 'lint_cmake' to check CMake code style
[8.160s] -- Added test 'uncrustify' to check C / C++ code style
[8.161s] -- Configured uncrustify additional arguments: 
[8.163s] -- Added test 'xmllint' to check XML markup files
[8.194s] -- Configuring done
[8.552s] -- Generating done
[8.717s] -- Build files have been written to: /home/jucy/ydlidar_ws_11_29/build/nav2_amcl
[8.745s] Invoked command in '/home/jucy/ydlidar_ws_11_29/build/nav2_amcl' returned '0': AMENT_PREFIX_PATH=/home/jucy/ydlidar_ws_11_29/install/nav2_util:/home/jucy/ydlidar_ws_11_29/install/nav2_msgs:/home/jucy/ydlidar_ws_11_29/install/nav2_common:${AMENT_PREFIX_PATH} CMAKE_PREFIX_PATH=/home/jucy/ydlidar_ws_11_29/install/nav2_util:/home/jucy/ydlidar_ws_11_29/install/nav2_msgs:/home/jucy/ydlidar_ws_11_29/install/nav2_common:/home/jucy/ydlidar_ws_11_29/install/ydlidar_ros2_driver:/home/jucy/ydlidar_ws_11_29/install/myagv_navigation2:/home/jucy/ydlidar_ws_11_29/install/myagv_bringup:/home/jucy/ydlidar_ws_11_29/install/myagv_description:/home/jucy/new_ws/install/myagv_description:/home/jucy/new_ws/install/aseembly:/home/jucy/turtlebot3_ws/install/turtlebot3:/home/jucy/turtlebot3_ws/install/turtlebot3_simulations:/home/jucy/turtlebot3_ws/install/turtlebot3_bringup:/home/jucy/turtlebot3_ws/install/turtlebot3_node:/home/jucy/turtlebot3_ws/install/turtlebot3_navigation2:/home/jucy/turtlebot3_ws/install/turtlebot3_fake_node:/home/jucy/turtlebot3_ws/install/turtlebot3_msgs:/home/jucy/turtlebot3_ws/install/turtlebot3_gazebo:/home/jucy/turtlebot3_ws/install/turtlebot3_description:/home/jucy/turtlebot3_ws/install/turtlebot3_cartographer:/home/jucy/turtlebot3_ws/install/dynamixel_sdk_examples:/home/jucy/turtlebot3_ws/install/dynamixel_sdk_custom_interfaces:/home/jucy/turtlebot3_ws/install/dynamixel_sdk:/home/jucy/ros2_ws/install/ps2_controller:/home/jucy/ydlidar_ros2_ws/install/ydlidar_ros2_driver:/home/jucy/ydlidar_ros2_ws/install/ps2_controller:/home/jucy/ydlidar_ros2_ws/install/myagv_navigation2:/home/jucy/ydlidar_ros2_ws/install/myagv_bringup:/home/jucy/ydlidar_ros2_ws/install/myagv_description:/home/jucy/ydlidar_ros2_wss/install/ydlidar_ros2_driver:/opt/ros/foxy:/opt/ros/foxy:/home/jucy/ydlidar_ws_11_29/install/jdamr200_node:/home/jucy/turtlebot3_ws/install/turtlebot3_teleop:/home/jucy/turtlebot3_ws/install/turtlebot3_example:/home/jucy/turtlebot3_ws/install/nav2_goal_pulisher_test:/home/jucy/turtlebot3_ws/install/nav2_goal_publisher:/home/jucy/ros2_ws/install/camera_udp_communication:/home/jucy/ros2_ws/install/agv_control_py:/home/jucy/ydlidar_ros2_ws/install/jdamr200_teleop:/home/jucy/ydlidar_ros2_ws/install/jdamr200_node LD_LIBRARY_PATH=/home/jucy/ydlidar_ws_11_29/install/nav2_util/lib:/home/jucy/ydlidar_ws_11_29/install/nav2_msgs/lib:${LD_LIBRARY_PATH} PYTHONPATH=/home/jucy/ydlidar_ws_11_29/install/nav2_msgs/lib/python3.8/site-packages:/home/jucy/ydlidar_ws_11_29/install/nav2_common/lib/python3.8/site-packages:${PYTHONPATH} /usr/bin/cmake /home/jucy/ydlidar_ws_11_29/ydlidar_ws/src/navigation2/nav2_amcl -DCMAKE_INSTALL_PREFIX=/home/jucy/ydlidar_ws_11_29/install/nav2_amcl
[8.746s] Invoking command in '/home/jucy/ydlidar_ws_11_29/build/nav2_amcl': AMENT_PREFIX_PATH=/home/jucy/ydlidar_ws_11_29/install/nav2_util:/home/jucy/ydlidar_ws_11_29/install/nav2_msgs:/home/jucy/ydlidar_ws_11_29/install/nav2_common:${AMENT_PREFIX_PATH} CMAKE_PREFIX_PATH=/home/jucy/ydlidar_ws_11_29/install/nav2_util:/home/jucy/ydlidar_ws_11_29/install/nav2_msgs:/home/jucy/ydlidar_ws_11_29/install/nav2_common:/home/jucy/ydlidar_ws_11_29/install/ydlidar_ros2_driver:/home/jucy/ydlidar_ws_11_29/install/myagv_navigation2:/home/jucy/ydlidar_ws_11_29/install/myagv_bringup:/home/jucy/ydlidar_ws_11_29/install/myagv_description:/home/jucy/new_ws/install/myagv_description:/home/jucy/new_ws/install/aseembly:/home/jucy/turtlebot3_ws/install/turtlebot3:/home/jucy/turtlebot3_ws/install/turtlebot3_simulations:/home/jucy/turtlebot3_ws/install/turtlebot3_bringup:/home/jucy/turtlebot3_ws/install/turtlebot3_node:/home/jucy/turtlebot3_ws/install/turtlebot3_navigation2:/home/jucy/turtlebot3_ws/install/turtlebot3_fake_node:/home/jucy/turtlebot3_ws/install/turtlebot3_msgs:/home/jucy/turtlebot3_ws/install/turtlebot3_gazebo:/home/jucy/turtlebot3_ws/install/turtlebot3_description:/home/jucy/turtlebot3_ws/install/turtlebot3_cartographer:/home/jucy/turtlebot3_ws/install/dynamixel_sdk_examples:/home/jucy/turtlebot3_ws/install/dynamixel_sdk_custom_interfaces:/home/jucy/turtlebot3_ws/install/dynamixel_sdk:/home/jucy/ros2_ws/install/ps2_controller:/home/jucy/ydlidar_ros2_ws/install/ydlidar_ros2_driver:/home/jucy/ydlidar_ros2_ws/install/ps2_controller:/home/jucy/ydlidar_ros2_ws/install/myagv_navigation2:/home/jucy/ydlidar_ros2_ws/install/myagv_bringup:/home/jucy/ydlidar_ros2_ws/install/myagv_description:/home/jucy/ydlidar_ros2_wss/install/ydlidar_ros2_driver:/opt/ros/foxy:/opt/ros/foxy:/home/jucy/ydlidar_ws_11_29/install/jdamr200_node:/home/jucy/turtlebot3_ws/install/turtlebot3_teleop:/home/jucy/turtlebot3_ws/install/turtlebot3_example:/home/jucy/turtlebot3_ws/install/nav2_goal_pulisher_test:/home/jucy/turtlebot3_ws/install/nav2_goal_publisher:/home/jucy/ros2_ws/install/camera_udp_communication:/home/jucy/ros2_ws/install/agv_control_py:/home/jucy/ydlidar_ros2_ws/install/jdamr200_teleop:/home/jucy/ydlidar_ros2_ws/install/jdamr200_node LD_LIBRARY_PATH=/home/jucy/ydlidar_ws_11_29/install/nav2_util/lib:/home/jucy/ydlidar_ws_11_29/install/nav2_msgs/lib:${LD_LIBRARY_PATH} PYTHONPATH=/home/jucy/ydlidar_ws_11_29/install/nav2_msgs/lib/python3.8/site-packages:/home/jucy/ydlidar_ws_11_29/install/nav2_common/lib/python3.8/site-packages:${PYTHONPATH} /usr/bin/cmake --build /home/jucy/ydlidar_ws_11_29/build/nav2_amcl -- -j12 -l12
[8.866s] [35m[1mScanning dependencies of target pf_lib[0m
[8.867s] [35m[1mScanning dependencies of target map_lib[0m
[8.912s] [  3%] [32mBuilding C object src/map/CMakeFiles/map_lib.dir/map_store.c.o[0m
[8.920s] [  7%] [32mBuilding C object src/pf/CMakeFiles/pf_lib.dir/pf.c.o[0m
[8.930s] [ 11%] [32mBuilding C object src/map/CMakeFiles/map_lib.dir/map.c.o[0m
[8.930s] [ 15%] [32mBuilding C object src/map/CMakeFiles/map_lib.dir/map_draw.c.o[0m
[8.939s] [ 23%] [32mBuilding C object src/pf/CMakeFiles/pf_lib.dir/pf_pdf.c.o[0m
[8.939s] [ 23%] [32mBuilding C object src/map/CMakeFiles/map_lib.dir/map_range.c.o[0m
[8.968s] [ 26%] [32mBuilding C object src/pf/CMakeFiles/pf_lib.dir/pf_draw.c.o[0m
[8.977s] [ 30%] [32mBuilding C object src/pf/CMakeFiles/pf_lib.dir/pf_kdtree.c.o[0m
[8.997s] [ 34%] [32mBuilding CXX object src/map/CMakeFiles/map_lib.dir/map_cspace.cpp.o[0m
[8.999s] [ 38%] [32mBuilding C object src/pf/CMakeFiles/pf_lib.dir/pf_vector.c.o[0m
[8.999s] [ 42%] [32mBuilding C object src/pf/CMakeFiles/pf_lib.dir/eig3.c.o[0m
[9.681s] [ 46%] [32m[1mLinking C shared library libpf_lib.so[0m
[9.768s] [ 46%] Built target pf_lib
[9.809s] [35m[1mScanning dependencies of target motions_lib[0m
[9.849s] [ 50%] [32mBuilding CXX object src/motion_model/CMakeFiles/motions_lib.dir/omni_motion_model.cpp.o[0m
[9.860s] [ 53%] [32mBuilding CXX object src/motion_model/CMakeFiles/motions_lib.dir/motion_model.cpp.o[0m
[9.879s] [ 57%] [32mBuilding CXX object src/motion_model/CMakeFiles/motions_lib.dir/differential_motion_model.cpp.o[0m
[10.118s] [ 61%] [32m[1mLinking CXX shared library libmap_lib.so[0m
[10.329s] [ 61%] Built target map_lib
[10.364s] [35m[1mScanning dependencies of target sensors_lib[0m
[10.394s] [ 65%] [32mBuilding CXX object src/sensors/CMakeFiles/sensors_lib.dir/laser/laser.cpp.o[0m
[10.396s] [ 69%] [32mBuilding CXX object src/sensors/CMakeFiles/sensors_lib.dir/laser/likelihood_field_model.cpp.o[0m
[10.427s] [ 73%] [32mBuilding CXX object src/sensors/CMakeFiles/sensors_lib.dir/laser/beam_model.cpp.o[0m
[10.442s] [ 76%] [32mBuilding CXX object src/sensors/CMakeFiles/sensors_lib.dir/laser/likelihood_field_model_prob.cpp.o[0m
[11.245s] [ 80%] [32m[1mLinking CXX shared library libmotions_lib.so[0m
[11.351s] [ 84%] [32m[1mLinking CXX shared library libsensors_lib.so[0m
[11.510s] [ 84%] Built target sensors_lib
[11.731s] [ 84%] Built target motions_lib
[11.746s] [35m[1mScanning dependencies of target amcl_core[0m
[12.246s] [ 88%] [32mBuilding CXX object CMakeFiles/amcl_core.dir/src/amcl_node.cpp.o[0m
[69.784s] [ 92%] [32m[1mLinking CXX shared library libamcl_core.so[0m
[70.507s] [ 92%] Built target amcl_core
[70.554s] [35m[1mScanning dependencies of target amcl[0m
[70.797s] [ 96%] [32mBuilding CXX object CMakeFiles/amcl.dir/src/main.cpp.o[0m
[77.196s] [100%] [32m[1mLinking CXX executable amcl[0m
[77.939s] [100%] Built target amcl
[77.979s] Invoked command in '/home/jucy/ydlidar_ws_11_29/build/nav2_amcl' returned '0': AMENT_PREFIX_PATH=/home/jucy/ydlidar_ws_11_29/install/nav2_util:/home/jucy/ydlidar_ws_11_29/install/nav2_msgs:/home/jucy/ydlidar_ws_11_29/install/nav2_common:${AMENT_PREFIX_PATH} CMAKE_PREFIX_PATH=/home/jucy/ydlidar_ws_11_29/install/nav2_util:/home/jucy/ydlidar_ws_11_29/install/nav2_msgs:/home/jucy/ydlidar_ws_11_29/install/nav2_common:/home/jucy/ydlidar_ws_11_29/install/ydlidar_ros2_driver:/home/jucy/ydlidar_ws_11_29/install/myagv_navigation2:/home/jucy/ydlidar_ws_11_29/install/myagv_bringup:/home/jucy/ydlidar_ws_11_29/install/myagv_description:/home/jucy/new_ws/install/myagv_description:/home/jucy/new_ws/install/aseembly:/home/jucy/turtlebot3_ws/install/turtlebot3:/home/jucy/turtlebot3_ws/install/turtlebot3_simulations:/home/jucy/turtlebot3_ws/install/turtlebot3_bringup:/home/jucy/turtlebot3_ws/install/turtlebot3_node:/home/jucy/turtlebot3_ws/install/turtlebot3_navigation2:/home/jucy/turtlebot3_ws/install/turtlebot3_fake_node:/home/jucy/turtlebot3_ws/install/turtlebot3_msgs:/home/jucy/turtlebot3_ws/install/turtlebot3_gazebo:/home/jucy/turtlebot3_ws/install/turtlebot3_description:/home/jucy/turtlebot3_ws/install/turtlebot3_cartographer:/home/jucy/turtlebot3_ws/install/dynamixel_sdk_examples:/home/jucy/turtlebot3_ws/install/dynamixel_sdk_custom_interfaces:/home/jucy/turtlebot3_ws/install/dynamixel_sdk:/home/jucy/ros2_ws/install/ps2_controller:/home/jucy/ydlidar_ros2_ws/install/ydlidar_ros2_driver:/home/jucy/ydlidar_ros2_ws/install/ps2_controller:/home/jucy/ydlidar_ros2_ws/install/myagv_navigation2:/home/jucy/ydlidar_ros2_ws/install/myagv_bringup:/home/jucy/ydlidar_ros2_ws/install/myagv_description:/home/jucy/ydlidar_ros2_wss/install/ydlidar_ros2_driver:/opt/ros/foxy:/opt/ros/foxy:/home/jucy/ydlidar_ws_11_29/install/jdamr200_node:/home/jucy/turtlebot3_ws/install/turtlebot3_teleop:/home/jucy/turtlebot3_ws/install/turtlebot3_example:/home/jucy/turtlebot3_ws/install/nav2_goal_pulisher_test:/home/jucy/turtlebot3_ws/install/nav2_goal_publisher:/home/jucy/ros2_ws/install/camera_udp_communication:/home/jucy/ros2_ws/install/agv_control_py:/home/jucy/ydlidar_ros2_ws/install/jdamr200_teleop:/home/jucy/ydlidar_ros2_ws/install/jdamr200_node LD_LIBRARY_PATH=/home/jucy/ydlidar_ws_11_29/install/nav2_util/lib:/home/jucy/ydlidar_ws_11_29/install/nav2_msgs/lib:${LD_LIBRARY_PATH} PYTHONPATH=/home/jucy/ydlidar_ws_11_29/install/nav2_msgs/lib/python3.8/site-packages:/home/jucy/ydlidar_ws_11_29/install/nav2_common/lib/python3.8/site-packages:${PYTHONPATH} /usr/bin/cmake --build /home/jucy/ydlidar_ws_11_29/build/nav2_amcl -- -j12 -l12
[77.982s] Invoking command in '/home/jucy/ydlidar_ws_11_29/build/nav2_amcl': AMENT_PREFIX_PATH=/home/jucy/ydlidar_ws_11_29/install/nav2_util:/home/jucy/ydlidar_ws_11_29/install/nav2_msgs:/home/jucy/ydlidar_ws_11_29/install/nav2_common:${AMENT_PREFIX_PATH} CMAKE_PREFIX_PATH=/home/jucy/ydlidar_ws_11_29/install/nav2_util:/home/jucy/ydlidar_ws_11_29/install/nav2_msgs:/home/jucy/ydlidar_ws_11_29/install/nav2_common:/home/jucy/ydlidar_ws_11_29/install/ydlidar_ros2_driver:/home/jucy/ydlidar_ws_11_29/install/myagv_navigation2:/home/jucy/ydlidar_ws_11_29/install/myagv_bringup:/home/jucy/ydlidar_ws_11_29/install/myagv_description:/home/jucy/new_ws/install/myagv_description:/home/jucy/new_ws/install/aseembly:/home/jucy/turtlebot3_ws/install/turtlebot3:/home/jucy/turtlebot3_ws/install/turtlebot3_simulations:/home/jucy/turtlebot3_ws/install/turtlebot3_bringup:/home/jucy/turtlebot3_ws/install/turtlebot3_node:/home/jucy/turtlebot3_ws/install/turtlebot3_navigation2:/home/jucy/turtlebot3_ws/install/turtlebot3_fake_node:/home/jucy/turtlebot3_ws/install/turtlebot3_msgs:/home/jucy/turtlebot3_ws/install/turtlebot3_gazebo:/home/jucy/turtlebot3_ws/install/turtlebot3_description:/home/jucy/turtlebot3_ws/install/turtlebot3_cartographer:/home/jucy/turtlebot3_ws/install/dynamixel_sdk_examples:/home/jucy/turtlebot3_ws/install/dynamixel_sdk_custom_interfaces:/home/jucy/turtlebot3_ws/install/dynamixel_sdk:/home/jucy/ros2_ws/install/ps2_controller:/home/jucy/ydlidar_ros2_ws/install/ydlidar_ros2_driver:/home/jucy/ydlidar_ros2_ws/install/ps2_controller:/home/jucy/ydlidar_ros2_ws/install/myagv_navigation2:/home/jucy/ydlidar_ros2_ws/install/myagv_bringup:/home/jucy/ydlidar_ros2_ws/install/myagv_description:/home/jucy/ydlidar_ros2_wss/install/ydlidar_ros2_driver:/opt/ros/foxy:/opt/ros/foxy:/home/jucy/ydlidar_ws_11_29/install/jdamr200_node:/home/jucy/turtlebot3_ws/install/turtlebot3_teleop:/home/jucy/turtlebot3_ws/install/turtlebot3_example:/home/jucy/turtlebot3_ws/install/nav2_goal_pulisher_test:/home/jucy/turtlebot3_ws/install/nav2_goal_publisher:/home/jucy/ros2_ws/install/camera_udp_communication:/home/jucy/ros2_ws/install/agv_control_py:/home/jucy/ydlidar_ros2_ws/install/jdamr200_teleop:/home/jucy/ydlidar_ros2_ws/install/jdamr200_node LD_LIBRARY_PATH=/home/jucy/ydlidar_ws_11_29/install/nav2_util/lib:/home/jucy/ydlidar_ws_11_29/install/nav2_msgs/lib:${LD_LIBRARY_PATH} PYTHONPATH=/home/jucy/ydlidar_ws_11_29/install/nav2_msgs/lib/python3.8/site-packages:/home/jucy/ydlidar_ws_11_29/install/nav2_common/lib/python3.8/site-packages:${PYTHONPATH} /usr/bin/cmake --install /home/jucy/ydlidar_ws_11_29/build/nav2_amcl
[78.009s] -- Install configuration: "Release"
[78.010s] -- Installing: /home/jucy/ydlidar_ws_11_29/install/nav2_amcl/lib/libamcl_core.so
[78.013s] -- Set runtime path of "/home/jucy/ydlidar_ws_11_29/install/nav2_amcl/lib/libamcl_core.so" to ""
[78.014s] -- Installing: /home/jucy/ydlidar_ws_11_29/install/nav2_amcl/lib/nav2_amcl/amcl
[78.015s] -- Set runtime path of "/home/jucy/ydlidar_ws_11_29/install/nav2_amcl/lib/nav2_amcl/amcl" to ""
[78.015s] -- Installing: /home/jucy/ydlidar_ws_11_29/install/nav2_amcl/include/
[78.015s] -- Installing: /home/jucy/ydlidar_ws_11_29/install/nav2_amcl/include//nav2_amcl
[78.016s] -- Installing: /home/jucy/ydlidar_ws_11_29/install/nav2_amcl/include//nav2_amcl/angleutils.hpp
[78.016s] -- Installing: /home/jucy/ydlidar_ws_11_29/install/nav2_amcl/include//nav2_amcl/motion_model
[78.016s] -- Installing: /home/jucy/ydlidar_ws_11_29/install/nav2_amcl/include//nav2_amcl/motion_model/motion_model.hpp
[78.017s] -- Installing: /home/jucy/ydlidar_ws_11_29/install/nav2_amcl/include//nav2_amcl/pf
[78.018s] -- Installing: /home/jucy/ydlidar_ws_11_29/install/nav2_amcl/include//nav2_amcl/pf/pf_kdtree.hpp
[78.019s] -- Installing: /home/jucy/ydlidar_ws_11_29/install/nav2_amcl/include//nav2_amcl/pf/pf_vector.hpp
[78.020s] -- Installing: /home/jucy/ydlidar_ws_11_29/install/nav2_amcl/include//nav2_amcl/pf/pf.hpp
[78.020s] -- Installing: /home/jucy/ydlidar_ws_11_29/install/nav2_amcl/include//nav2_amcl/pf/eig3.hpp
[78.021s] -- Installing: /home/jucy/ydlidar_ws_11_29/install/nav2_amcl/include//nav2_amcl/pf/pf_pdf.hpp
[78.022s] -- Installing: /home/jucy/ydlidar_ws_11_29/install/nav2_amcl/include//nav2_amcl/sensors
[78.023s] -- Installing: /home/jucy/ydlidar_ws_11_29/install/nav2_amcl/include//nav2_amcl/sensors/laser
[78.024s] -- Installing: /home/jucy/ydlidar_ws_11_29/install/nav2_amcl/include//nav2_amcl/sensors/laser/laser.hpp
[78.025s] -- Installing: /home/jucy/ydlidar_ws_11_29/install/nav2_amcl/include//nav2_amcl/map
[78.026s] -- Installing: /home/jucy/ydlidar_ws_11_29/install/nav2_amcl/include//nav2_amcl/map/map.hpp
[78.037s] -- Installing: /home/jucy/ydlidar_ws_11_29/install/nav2_amcl/include//nav2_amcl/amcl_node.hpp
[78.037s] -- Installing: /home/jucy/ydlidar_ws_11_29/install/nav2_amcl/share/nav2_amcl/environment/library_path.sh
[78.038s] -- Installing: /home/jucy/ydlidar_ws_11_29/install/nav2_amcl/share/nav2_amcl/environment/library_path.dsv
[78.038s] -- Installing: /home/jucy/ydlidar_ws_11_29/install/nav2_amcl/share/ament_index/resource_index/package_run_dependencies/nav2_amcl
[78.039s] -- Installing: /home/jucy/ydlidar_ws_11_29/install/nav2_amcl/share/ament_index/resource_index/parent_prefix_path/nav2_amcl
[78.039s] -- Installing: /home/jucy/ydlidar_ws_11_29/install/nav2_amcl/share/nav2_amcl/environment/ament_prefix_path.sh
[78.039s] -- Installing: /home/jucy/ydlidar_ws_11_29/install/nav2_amcl/share/nav2_amcl/environment/ament_prefix_path.dsv
[78.040s] -- Installing: /home/jucy/ydlidar_ws_11_29/install/nav2_amcl/share/nav2_amcl/environment/path.sh
[78.040s] -- Installing: /home/jucy/ydlidar_ws_11_29/install/nav2_amcl/share/nav2_amcl/environment/path.dsv
[78.041s] -- Installing: /home/jucy/ydlidar_ws_11_29/install/nav2_amcl/share/nav2_amcl/local_setup.bash
[78.041s] -- Installing: /home/jucy/ydlidar_ws_11_29/install/nav2_amcl/share/nav2_amcl/local_setup.sh
[78.042s] -- Installing: /home/jucy/ydlidar_ws_11_29/install/nav2_amcl/share/nav2_amcl/local_setup.zsh
[78.042s] -- Installing: /home/jucy/ydlidar_ws_11_29/install/nav2_amcl/share/nav2_amcl/local_setup.dsv
[78.042s] -- Installing: /home/jucy/ydlidar_ws_11_29/install/nav2_amcl/share/nav2_amcl/package.dsv
[78.043s] -- Installing: /home/jucy/ydlidar_ws_11_29/install/nav2_amcl/share/ament_index/resource_index/packages/nav2_amcl
[78.043s] -- Installing: /home/jucy/ydlidar_ws_11_29/install/nav2_amcl/share/nav2_amcl/cmake/ament_cmake_export_include_directories-extras.cmake
[78.043s] -- Installing: /home/jucy/ydlidar_ws_11_29/install/nav2_amcl/share/nav2_amcl/cmake/ament_cmake_export_libraries-extras.cmake
[78.044s] -- Installing: /home/jucy/ydlidar_ws_11_29/install/nav2_amcl/share/nav2_amcl/cmake/ament_cmake_export_dependencies-extras.cmake
[78.044s] -- Installing: /home/jucy/ydlidar_ws_11_29/install/nav2_amcl/share/nav2_amcl/cmake/nav2_amclConfig.cmake
[78.044s] -- Installing: /home/jucy/ydlidar_ws_11_29/install/nav2_amcl/share/nav2_amcl/cmake/nav2_amclConfig-version.cmake
[78.044s] -- Installing: /home/jucy/ydlidar_ws_11_29/install/nav2_amcl/share/nav2_amcl/package.xml
[78.045s] -- Installing: /home/jucy/ydlidar_ws_11_29/install/nav2_amcl/lib/libpf_lib.so
[78.045s] -- Installing: /home/jucy/ydlidar_ws_11_29/install/nav2_amcl/lib/libmap_lib.so
[78.046s] -- Installing: /home/jucy/ydlidar_ws_11_29/install/nav2_amcl/lib/libmotions_lib.so
[78.047s] -- Set runtime path of "/home/jucy/ydlidar_ws_11_29/install/nav2_amcl/lib/libmotions_lib.so" to ""
[78.048s] -- Installing: /home/jucy/ydlidar_ws_11_29/install/nav2_amcl/lib/libsensors_lib.so
[78.049s] -- Set runtime path of "/home/jucy/ydlidar_ws_11_29/install/nav2_amcl/lib/libsensors_lib.so" to ""
[78.060s] Invoked command in '/home/jucy/ydlidar_ws_11_29/build/nav2_amcl' returned '0': AMENT_PREFIX_PATH=/home/jucy/ydlidar_ws_11_29/install/nav2_util:/home/jucy/ydlidar_ws_11_29/install/nav2_msgs:/home/jucy/ydlidar_ws_11_29/install/nav2_common:${AMENT_PREFIX_PATH} CMAKE_PREFIX_PATH=/home/jucy/ydlidar_ws_11_29/install/nav2_util:/home/jucy/ydlidar_ws_11_29/install/nav2_msgs:/home/jucy/ydlidar_ws_11_29/install/nav2_common:/home/jucy/ydlidar_ws_11_29/install/ydlidar_ros2_driver:/home/jucy/ydlidar_ws_11_29/install/myagv_navigation2:/home/jucy/ydlidar_ws_11_29/install/myagv_bringup:/home/jucy/ydlidar_ws_11_29/install/myagv_description:/home/jucy/new_ws/install/myagv_description:/home/jucy/new_ws/install/aseembly:/home/jucy/turtlebot3_ws/install/turtlebot3:/home/jucy/turtlebot3_ws/install/turtlebot3_simulations:/home/jucy/turtlebot3_ws/install/turtlebot3_bringup:/home/jucy/turtlebot3_ws/install/turtlebot3_node:/home/jucy/turtlebot3_ws/install/turtlebot3_navigation2:/home/jucy/turtlebot3_ws/install/turtlebot3_fake_node:/home/jucy/turtlebot3_ws/install/turtlebot3_msgs:/home/jucy/turtlebot3_ws/install/turtlebot3_gazebo:/home/jucy/turtlebot3_ws/install/turtlebot3_description:/home/jucy/turtlebot3_ws/install/turtlebot3_cartographer:/home/jucy/turtlebot3_ws/install/dynamixel_sdk_examples:/home/jucy/turtlebot3_ws/install/dynamixel_sdk_custom_interfaces:/home/jucy/turtlebot3_ws/install/dynamixel_sdk:/home/jucy/ros2_ws/install/ps2_controller:/home/jucy/ydlidar_ros2_ws/install/ydlidar_ros2_driver:/home/jucy/ydlidar_ros2_ws/install/ps2_controller:/home/jucy/ydlidar_ros2_ws/install/myagv_navigation2:/home/jucy/ydlidar_ros2_ws/install/myagv_bringup:/home/jucy/ydlidar_ros2_ws/install/myagv_description:/home/jucy/ydlidar_ros2_wss/install/ydlidar_ros2_driver:/opt/ros/foxy:/opt/ros/foxy:/home/jucy/ydlidar_ws_11_29/install/jdamr200_node:/home/jucy/turtlebot3_ws/install/turtlebot3_teleop:/home/jucy/turtlebot3_ws/install/turtlebot3_example:/home/jucy/turtlebot3_ws/install/nav2_goal_pulisher_test:/home/jucy/turtlebot3_ws/install/nav2_goal_publisher:/home/jucy/ros2_ws/install/camera_udp_communication:/home/jucy/ros2_ws/install/agv_control_py:/home/jucy/ydlidar_ros2_ws/install/jdamr200_teleop:/home/jucy/ydlidar_ros2_ws/install/jdamr200_node LD_LIBRARY_PATH=/home/jucy/ydlidar_ws_11_29/install/nav2_util/lib:/home/jucy/ydlidar_ws_11_29/install/nav2_msgs/lib:${LD_LIBRARY_PATH} PYTHONPATH=/home/jucy/ydlidar_ws_11_29/install/nav2_msgs/lib/python3.8/site-packages:/home/jucy/ydlidar_ws_11_29/install/nav2_common/lib/python3.8/site-packages:${PYTHONPATH} /usr/bin/cmake --install /home/jucy/ydlidar_ws_11_29/build/nav2_amcl
