[0.069s] Invoking command in '/home/jucy/ydlidar_ws_11_29/ydlidar_ws/build/smac_planner': AMENT_PREFIX_PATH=/home/jucy/ydlidar_ws_11_29/ydlidar_ws/install/nav2_core:/home/jucy/ydlidar_ws_11_29/ydlidar_ws/install/nav2_costmap_2d:/home/jucy/ydlidar_ws_11_29/ydlidar_ws/install/nav2_map_server:/home/jucy/ydlidar_ws_11_29/ydlidar_ws/install/nav2_lifecycle_manager:/home/jucy/ydlidar_ws_11_29/ydlidar_ws/install/nav2_util:/home/jucy/ydlidar_ws_11_29/ydlidar_ws/install/nav2_voxel_grid:/home/jucy/ydlidar_ws_11_29/ydlidar_ws/install/nav2_msgs:/home/jucy/ydlidar_ws_11_29/ydlidar_ws/install/nav2_common:${AMENT_PREFIX_PATH} CMAKE_PREFIX_PATH=/home/jucy/ydlidar_ws_11_29/ydlidar_ws/install/nav2_core:/home/jucy/ydlidar_ws_11_29/ydlidar_ws/install/nav2_costmap_2d:/home/jucy/ydlidar_ws_11_29/ydlidar_ws/install/nav2_map_server:/home/jucy/ydlidar_ws_11_29/ydlidar_ws/install/nav2_lifecycle_manager:/home/jucy/ydlidar_ws_11_29/ydlidar_ws/install/nav2_util:/home/jucy/ydlidar_ws_11_29/ydlidar_ws/install/nav2_voxel_grid:/home/jucy/ydlidar_ws_11_29/ydlidar_ws/install/nav2_msgs:/home/jucy/ydlidar_ws_11_29/ydlidar_ws/install/nav2_common:/home/jucy/ydlidar_ws_11_29/install/ydlidar_ros2_driver:/home/jucy/ydlidar_ws_11_29/install/nav2_system_tests:/home/jucy/ydlidar_ws_11_29/install/myagv_navigation2:/home/jucy/ydlidar_ws_11_29/install/nav2_bringup:/home/jucy/ydlidar_ws_11_29/install/navigation2:/home/jucy/ydlidar_ws_11_29/install/smac_planner:/home/jucy/ydlidar_ws_11_29/install/nav2_dwb_controller:/home/jucy/ydlidar_ws_11_29/install/nav2_controller:/home/jucy/ydlidar_ws_11_29/install/dwb_plugins:/home/jucy/ydlidar_ws_11_29/install/dwb_critics:/home/jucy/ydlidar_ws_11_29/install/dwb_core:/home/jucy/ydlidar_ws_11_29/install/nav_2d_utils:/home/jucy/ydlidar_ws_11_29/install/dwb_msgs:/home/jucy/ydlidar_ws_11_29/install/nav_2d_msgs:/home/jucy/ydlidar_ws_11_29/install/nav2_waypoint_follower:/home/jucy/ydlidar_ws_11_29/install/nav2_regulated_pure_pursuit_controller:/home/jucy/ydlidar_ws_11_29/install/nav2_recoveries:/home/jucy/ydlidar_ws_11_29/install/nav2_planner:/home/jucy/ydlidar_ws_11_29/install/nav2_navfn_planner:/home/jucy/ydlidar_ws_11_29/install/nav2_core:/home/jucy/ydlidar_ws_11_29/install/costmap_queue:/home/jucy/ydlidar_ws_11_29/install/nav2_costmap_2d:/home/jucy/ydlidar_ws_11_29/install/nav2_voxel_grid:/home/jucy/ydlidar_ws_11_29/install/nav2_rviz_plugins:/home/jucy/ydlidar_ws_11_29/install/nav2_map_server:/home/jucy/ydlidar_ws_11_29/install/nav2_lifecycle_manager:/home/jucy/ydlidar_ws_11_29/install/nav2_bt_navigator:/home/jucy/ydlidar_ws_11_29/install/nav2_behavior_tree:/home/jucy/ydlidar_ws_11_29/install/nav2_amcl:/home/jucy/ydlidar_ws_11_29/install/nav2_util:/home/jucy/ydlidar_ws_11_29/install/nav2_msgs:/home/jucy/ydlidar_ws_11_29/install/nav2_common:/home/jucy/ydlidar_ws_11_29/install/myagv_bringup:/home/jucy/ydlidar_ws_11_29/install/myagv_description:/home/jucy/new_ws/install/myagv_description:/home/jucy/new_ws/install/aseembly:/home/jucy/turtlebot3_ws/install/turtlebot3:/home/jucy/turtlebot3_ws/install/turtlebot3_simulations:/home/jucy/turtlebot3_ws/install/turtlebot3_bringup:/home/jucy/turtlebot3_ws/install/turtlebot3_node:/home/jucy/turtlebot3_ws/install/turtlebot3_navigation2:/home/jucy/turtlebot3_ws/install/turtlebot3_fake_node:/home/jucy/turtlebot3_ws/install/turtlebot3_msgs:/home/jucy/turtlebot3_ws/install/turtlebot3_gazebo:/home/jucy/turtlebot3_ws/install/turtlebot3_description:/home/jucy/turtlebot3_ws/install/turtlebot3_cartographer:/home/jucy/turtlebot3_ws/install/dynamixel_sdk_examples:/home/jucy/turtlebot3_ws/install/dynamixel_sdk_custom_interfaces:/home/jucy/turtlebot3_ws/install/dynamixel_sdk:/home/jucy/ros2_ws/install/ps2_controller:/home/jucy/ydlidar_ros2_ws/install/ydlidar_ros2_driver:/home/jucy/ydlidar_ros2_ws/install/ps2_controller:/home/jucy/ydlidar_ros2_ws/install/myagv_navigation2:/home/jucy/ydlidar_ros2_ws/install/myagv_bringup:/home/jucy/ydlidar_ros2_ws/install/myagv_description:/home/jucy/ydlidar_ros2_wss/install/ydlidar_ros2_driver:/opt/ros/foxy:/opt/ros/foxy:/home/jucy/ydlidar_ws_11_29/install/nav2_gazebo_spawner:/home/jucy/ydlidar_ws_11_29/install/jdamr200_node:/home/jucy/turtlebot3_ws/install/turtlebot3_teleop:/home/jucy/turtlebot3_ws/install/turtlebot3_example:/home/jucy/turtlebot3_ws/install/nav2_goal_pulisher_test:/home/jucy/turtlebot3_ws/install/nav2_goal_publisher:/home/jucy/ros2_ws/install/camera_udp_communication:/home/jucy/ros2_ws/install/agv_control_py:/home/jucy/ydlidar_ros2_ws/install/jdamr200_teleop:/home/jucy/ydlidar_ros2_ws/install/jdamr200_node LD_LIBRARY_PATH=/home/jucy/ydlidar_ws_11_29/ydlidar_ws/install/nav2_costmap_2d/lib:/home/jucy/ydlidar_ws_11_29/ydlidar_ws/install/nav2_map_server/lib:/home/jucy/ydlidar_ws_11_29/ydlidar_ws/install/nav2_lifecycle_manager/lib:/home/jucy/ydlidar_ws_11_29/ydlidar_ws/install/nav2_util/lib:/home/jucy/ydlidar_ws_11_29/ydlidar_ws/install/nav2_voxel_grid/lib:/home/jucy/ydlidar_ws_11_29/ydlidar_ws/install/nav2_msgs/lib:${LD_LIBRARY_PATH} PYTHONPATH=/home/jucy/ydlidar_ws_11_29/ydlidar_ws/install/nav2_msgs/lib/python3.8/site-packages:/home/jucy/ydlidar_ws_11_29/ydlidar_ws/install/nav2_common/lib/python3.8/site-packages:${PYTHONPATH} /usr/bin/cmake /home/jucy/ydlidar_ws_11_29/ydlidar_ws/src/navigation2/smac_planner -DCMAKE_INSTALL_PREFIX=/home/jucy/ydlidar_ws_11_29/ydlidar_ws/install/smac_planner
[0.170s] -- The C compiler identification is GNU 9.4.0
[0.277s] -- The CXX compiler identification is GNU 9.4.0
[0.293s] -- Check for working C compiler: /usr/bin/cc
[0.411s] -- Check for working C compiler: /usr/bin/cc -- works
[0.413s] -- Detecting C compiler ABI info
[0.549s] -- Detecting C compiler ABI info - done
[0.581s] -- Detecting C compile features
[0.581s] -- Detecting C compile features - done
[0.587s] -- Check for working CXX compiler: /usr/bin/c++
[0.740s] -- Check for working CXX compiler: /usr/bin/c++ -- works
[0.741s] -- Detecting CXX compiler ABI info
[0.890s] -- Detecting CXX compiler ABI info - done
[0.920s] -- Detecting CXX compile features
[0.920s] -- Detecting CXX compile features - done
[0.929s] -- Found ament_cmake: 0.9.12 (/opt/ros/foxy/share/ament_cmake/cmake)
[0.991s] -- Found PythonInterp: /usr/bin/python3 (found suitable version "3.8.10", minimum required is "3") 
[0.991s] -- Using PYTHON_EXECUTABLE: /usr/bin/python3
[1.353s] -- Found nav2_common: 0.4.7 (/home/jucy/ydlidar_ws_11_29/ydlidar_ws/install/nav2_common/share/nav2_common/cmake)
[1.362s] -- Found rclcpp: 2.4.3 (/opt/ros/foxy/share/rclcpp/cmake)
[1.567s] -- Using all available rosidl_typesupport_c: rosidl_typesupport_fastrtps_c;rosidl_typesupport_introspection_c
[1.615s] -- Found rosidl_adapter: 1.3.1 (/opt/ros/foxy/share/rosidl_adapter/cmake)
[1.884s] -- Found OpenSSL: /usr/lib/x86_64-linux-gnu/libcrypto.so (found version "1.1.1f")  
[1.970s] -- Found FastRTPS: /opt/ros/foxy/include  
[2.235s] -- Using all available rosidl_typesupport_cpp: rosidl_typesupport_fastrtps_cpp;rosidl_typesupport_introspection_cpp
[2.454s] -- Found rmw_implementation_cmake: 1.0.4 (/opt/ros/foxy/share/rmw_implementation_cmake/cmake)
[2.468s] -- Using RMW implementation 'rmw_fastrtps_cpp' as default
[2.470s] -- Looking for pthread.h
[2.646s] -- Looking for pthread.h - found
[2.646s] -- Performing Test CMAKE_HAVE_LIBC_PTHREAD
[2.822s] -- Performing Test CMAKE_HAVE_LIBC_PTHREAD - Failed
[2.822s] -- Looking for pthread_create in pthreads
[2.967s] -- Looking for pthread_create in pthreads - not found
[2.967s] -- Looking for pthread_create in pthread
[3.119s] -- Looking for pthread_create in pthread - found
[3.121s] -- Found Threads: TRUE  
[3.589s] -- Found rclcpp_action: 2.4.3 (/opt/ros/foxy/share/rclcpp_action/cmake)
[3.825s] -- Found rclcpp_lifecycle: 2.4.3 (/opt/ros/foxy/share/rclcpp_lifecycle/cmake)
[3.929s] -- Found visualization_msgs: 2.0.5 (/opt/ros/foxy/share/visualization_msgs/cmake)
[4.250s] -- Found nav2_util: 0.4.7 (/home/jucy/ydlidar_ws_11_29/ydlidar_ws/install/nav2_util/share/nav2_util/cmake)
[5.987s] -- Found eigen3_cmake_module: 0.1.1 (/opt/ros/foxy/share/eigen3_cmake_module/cmake)
[6.004s] -- Found Eigen3: TRUE (found version "3.3.7") 
[6.386s] -- Found nav2_core: 0.4.7 (/home/jucy/ydlidar_ws_11_29/ydlidar_ws/install/nav2_core/share/nav2_core/cmake)
[9.594s] -- Found installed version of Eigen: /usr/lib/cmake/eigen3
[9.596s] -- Found required Ceres dependency: Eigen version 3.3.7 in /usr/include/eigen3
[9.781s] -- Found required Ceres dependency: glog
[9.967s] -- Found installed version of gflags: /usr/lib/x86_64-linux-gnu/cmake/gflags
[9.967s] -- Detected gflags version: 2.2.2
[9.970s] -- Found required Ceres dependency: gflags
[9.972s] -- Found Ceres version: 1.14.0 installed in: /usr with components: [EigenSparse, SparseLinearAlgebraLibrary, LAPACK, SuiteSparse, CXSparse, SchurSpecializations, OpenMP, Multithreading]
[10.033s] -- Found ompl: /opt/ros/foxy/include/ompl-1.5;/usr/include/eigen3  
[10.689s] -- Found OpenMP_C: -fopenmp (found version "4.5") 
[10.885s] -- Found OpenMP_CXX: -fopenmp (found version "4.5") 
[10.886s] -- Found OpenMP: TRUE (found version "4.5")  
[21.421s] -- Found ament_lint_auto: 0.9.8 (/opt/ros/foxy/share/ament_lint_auto/cmake)
[21.714s] -- Found ament_cmake_gtest: 0.9.12 (/opt/ros/foxy/share/ament_cmake_gtest/cmake)
[21.734s] -- Found gtest sources under '/opt/ros/foxy/src/gtest_vendor': C++ tests using 'Google Test' will be built
[21.739s] -- Check if compiler accepts -pthread
[21.927s] -- Check if compiler accepts -pthread - yes
[55.506s] -- Added test 'copyright' to check source files copyright and LICENSE
[55.510s] -- Added test 'cppcheck' to perform static code analysis on C / C++ code
[55.511s] -- Configured cppcheck include dirs: /home/jucy/ydlidar_ws_11_29/ydlidar_ws/src/navigation2/smac_planner/include
[55.511s] -- Configured cppcheck exclude dirs and/or files: 
[55.515s] -- Added test 'cpplint' to check C / C++ code against the Google style
[55.515s] -- Configured cpplint exclude dirs and/or files: 
[55.517s] -- Added test 'lint_cmake' to check CMake code style
[55.521s] -- Added test 'uncrustify' to check C / C++ code style
[55.521s] -- Configured uncrustify additional arguments: 
[55.523s] -- Added test 'xmllint' to check XML markup files
[55.536s] -- Configuring done
[56.419s] -- Generating done
[56.733s] -- Build files have been written to: /home/jucy/ydlidar_ws_11_29/ydlidar_ws/build/smac_planner
[56.750s] Invoked command in '/home/jucy/ydlidar_ws_11_29/ydlidar_ws/build/smac_planner' returned '0': AMENT_PREFIX_PATH=/home/jucy/ydlidar_ws_11_29/ydlidar_ws/install/nav2_core:/home/jucy/ydlidar_ws_11_29/ydlidar_ws/install/nav2_costmap_2d:/home/jucy/ydlidar_ws_11_29/ydlidar_ws/install/nav2_map_server:/home/jucy/ydlidar_ws_11_29/ydlidar_ws/install/nav2_lifecycle_manager:/home/jucy/ydlidar_ws_11_29/ydlidar_ws/install/nav2_util:/home/jucy/ydlidar_ws_11_29/ydlidar_ws/install/nav2_voxel_grid:/home/jucy/ydlidar_ws_11_29/ydlidar_ws/install/nav2_msgs:/home/jucy/ydlidar_ws_11_29/ydlidar_ws/install/nav2_common:${AMENT_PREFIX_PATH} CMAKE_PREFIX_PATH=/home/jucy/ydlidar_ws_11_29/ydlidar_ws/install/nav2_core:/home/jucy/ydlidar_ws_11_29/ydlidar_ws/install/nav2_costmap_2d:/home/jucy/ydlidar_ws_11_29/ydlidar_ws/install/nav2_map_server:/home/jucy/ydlidar_ws_11_29/ydlidar_ws/install/nav2_lifecycle_manager:/home/jucy/ydlidar_ws_11_29/ydlidar_ws/install/nav2_util:/home/jucy/ydlidar_ws_11_29/ydlidar_ws/install/nav2_voxel_grid:/home/jucy/ydlidar_ws_11_29/ydlidar_ws/install/nav2_msgs:/home/jucy/ydlidar_ws_11_29/ydlidar_ws/install/nav2_common:/home/jucy/ydlidar_ws_11_29/install/ydlidar_ros2_driver:/home/jucy/ydlidar_ws_11_29/install/nav2_system_tests:/home/jucy/ydlidar_ws_11_29/install/myagv_navigation2:/home/jucy/ydlidar_ws_11_29/install/nav2_bringup:/home/jucy/ydlidar_ws_11_29/install/navigation2:/home/jucy/ydlidar_ws_11_29/install/smac_planner:/home/jucy/ydlidar_ws_11_29/install/nav2_dwb_controller:/home/jucy/ydlidar_ws_11_29/install/nav2_controller:/home/jucy/ydlidar_ws_11_29/install/dwb_plugins:/home/jucy/ydlidar_ws_11_29/install/dwb_critics:/home/jucy/ydlidar_ws_11_29/install/dwb_core:/home/jucy/ydlidar_ws_11_29/install/nav_2d_utils:/home/jucy/ydlidar_ws_11_29/install/dwb_msgs:/home/jucy/ydlidar_ws_11_29/install/nav_2d_msgs:/home/jucy/ydlidar_ws_11_29/install/nav2_waypoint_follower:/home/jucy/ydlidar_ws_11_29/install/nav2_regulated_pure_pursuit_controller:/home/jucy/ydlidar_ws_11_29/install/nav2_recoveries:/home/jucy/ydlidar_ws_11_29/install/nav2_planner:/home/jucy/ydlidar_ws_11_29/install/nav2_navfn_planner:/home/jucy/ydlidar_ws_11_29/install/nav2_core:/home/jucy/ydlidar_ws_11_29/install/costmap_queue:/home/jucy/ydlidar_ws_11_29/install/nav2_costmap_2d:/home/jucy/ydlidar_ws_11_29/install/nav2_voxel_grid:/home/jucy/ydlidar_ws_11_29/install/nav2_rviz_plugins:/home/jucy/ydlidar_ws_11_29/install/nav2_map_server:/home/jucy/ydlidar_ws_11_29/install/nav2_lifecycle_manager:/home/jucy/ydlidar_ws_11_29/install/nav2_bt_navigator:/home/jucy/ydlidar_ws_11_29/install/nav2_behavior_tree:/home/jucy/ydlidar_ws_11_29/install/nav2_amcl:/home/jucy/ydlidar_ws_11_29/install/nav2_util:/home/jucy/ydlidar_ws_11_29/install/nav2_msgs:/home/jucy/ydlidar_ws_11_29/install/nav2_common:/home/jucy/ydlidar_ws_11_29/install/myagv_bringup:/home/jucy/ydlidar_ws_11_29/install/myagv_description:/home/jucy/new_ws/install/myagv_description:/home/jucy/new_ws/install/aseembly:/home/jucy/turtlebot3_ws/install/turtlebot3:/home/jucy/turtlebot3_ws/install/turtlebot3_simulations:/home/jucy/turtlebot3_ws/install/turtlebot3_bringup:/home/jucy/turtlebot3_ws/install/turtlebot3_node:/home/jucy/turtlebot3_ws/install/turtlebot3_navigation2:/home/jucy/turtlebot3_ws/install/turtlebot3_fake_node:/home/jucy/turtlebot3_ws/install/turtlebot3_msgs:/home/jucy/turtlebot3_ws/install/turtlebot3_gazebo:/home/jucy/turtlebot3_ws/install/turtlebot3_description:/home/jucy/turtlebot3_ws/install/turtlebot3_cartographer:/home/jucy/turtlebot3_ws/install/dynamixel_sdk_examples:/home/jucy/turtlebot3_ws/install/dynamixel_sdk_custom_interfaces:/home/jucy/turtlebot3_ws/install/dynamixel_sdk:/home/jucy/ros2_ws/install/ps2_controller:/home/jucy/ydlidar_ros2_ws/install/ydlidar_ros2_driver:/home/jucy/ydlidar_ros2_ws/install/ps2_controller:/home/jucy/ydlidar_ros2_ws/install/myagv_navigation2:/home/jucy/ydlidar_ros2_ws/install/myagv_bringup:/home/jucy/ydlidar_ros2_ws/install/myagv_description:/home/jucy/ydlidar_ros2_wss/install/ydlidar_ros2_driver:/opt/ros/foxy:/opt/ros/foxy:/home/jucy/ydlidar_ws_11_29/install/nav2_gazebo_spawner:/home/jucy/ydlidar_ws_11_29/install/jdamr200_node:/home/jucy/turtlebot3_ws/install/turtlebot3_teleop:/home/jucy/turtlebot3_ws/install/turtlebot3_example:/home/jucy/turtlebot3_ws/install/nav2_goal_pulisher_test:/home/jucy/turtlebot3_ws/install/nav2_goal_publisher:/home/jucy/ros2_ws/install/camera_udp_communication:/home/jucy/ros2_ws/install/agv_control_py:/home/jucy/ydlidar_ros2_ws/install/jdamr200_teleop:/home/jucy/ydlidar_ros2_ws/install/jdamr200_node LD_LIBRARY_PATH=/home/jucy/ydlidar_ws_11_29/ydlidar_ws/install/nav2_costmap_2d/lib:/home/jucy/ydlidar_ws_11_29/ydlidar_ws/install/nav2_map_server/lib:/home/jucy/ydlidar_ws_11_29/ydlidar_ws/install/nav2_lifecycle_manager/lib:/home/jucy/ydlidar_ws_11_29/ydlidar_ws/install/nav2_util/lib:/home/jucy/ydlidar_ws_11_29/ydlidar_ws/install/nav2_voxel_grid/lib:/home/jucy/ydlidar_ws_11_29/ydlidar_ws/install/nav2_msgs/lib:${LD_LIBRARY_PATH} PYTHONPATH=/home/jucy/ydlidar_ws_11_29/ydlidar_ws/install/nav2_msgs/lib/python3.8/site-packages:/home/jucy/ydlidar_ws_11_29/ydlidar_ws/install/nav2_common/lib/python3.8/site-packages:${PYTHONPATH} /usr/bin/cmake /home/jucy/ydlidar_ws_11_29/ydlidar_ws/src/navigation2/smac_planner -DCMAKE_INSTALL_PREFIX=/home/jucy/ydlidar_ws_11_29/ydlidar_ws/install/smac_planner
[56.755s] Invoking command in '/home/jucy/ydlidar_ws_11_29/ydlidar_ws/build/smac_planner': AMENT_PREFIX_PATH=/home/jucy/ydlidar_ws_11_29/ydlidar_ws/install/nav2_core:/home/jucy/ydlidar_ws_11_29/ydlidar_ws/install/nav2_costmap_2d:/home/jucy/ydlidar_ws_11_29/ydlidar_ws/install/nav2_map_server:/home/jucy/ydlidar_ws_11_29/ydlidar_ws/install/nav2_lifecycle_manager:/home/jucy/ydlidar_ws_11_29/ydlidar_ws/install/nav2_util:/home/jucy/ydlidar_ws_11_29/ydlidar_ws/install/nav2_voxel_grid:/home/jucy/ydlidar_ws_11_29/ydlidar_ws/install/nav2_msgs:/home/jucy/ydlidar_ws_11_29/ydlidar_ws/install/nav2_common:${AMENT_PREFIX_PATH} CMAKE_PREFIX_PATH=/home/jucy/ydlidar_ws_11_29/ydlidar_ws/install/nav2_core:/home/jucy/ydlidar_ws_11_29/ydlidar_ws/install/nav2_costmap_2d:/home/jucy/ydlidar_ws_11_29/ydlidar_ws/install/nav2_map_server:/home/jucy/ydlidar_ws_11_29/ydlidar_ws/install/nav2_lifecycle_manager:/home/jucy/ydlidar_ws_11_29/ydlidar_ws/install/nav2_util:/home/jucy/ydlidar_ws_11_29/ydlidar_ws/install/nav2_voxel_grid:/home/jucy/ydlidar_ws_11_29/ydlidar_ws/install/nav2_msgs:/home/jucy/ydlidar_ws_11_29/ydlidar_ws/install/nav2_common:/home/jucy/ydlidar_ws_11_29/install/ydlidar_ros2_driver:/home/jucy/ydlidar_ws_11_29/install/nav2_system_tests:/home/jucy/ydlidar_ws_11_29/install/myagv_navigation2:/home/jucy/ydlidar_ws_11_29/install/nav2_bringup:/home/jucy/ydlidar_ws_11_29/install/navigation2:/home/jucy/ydlidar_ws_11_29/install/smac_planner:/home/jucy/ydlidar_ws_11_29/install/nav2_dwb_controller:/home/jucy/ydlidar_ws_11_29/install/nav2_controller:/home/jucy/ydlidar_ws_11_29/install/dwb_plugins:/home/jucy/ydlidar_ws_11_29/install/dwb_critics:/home/jucy/ydlidar_ws_11_29/install/dwb_core:/home/jucy/ydlidar_ws_11_29/install/nav_2d_utils:/home/jucy/ydlidar_ws_11_29/install/dwb_msgs:/home/jucy/ydlidar_ws_11_29/install/nav_2d_msgs:/home/jucy/ydlidar_ws_11_29/install/nav2_waypoint_follower:/home/jucy/ydlidar_ws_11_29/install/nav2_regulated_pure_pursuit_controller:/home/jucy/ydlidar_ws_11_29/install/nav2_recoveries:/home/jucy/ydlidar_ws_11_29/install/nav2_planner:/home/jucy/ydlidar_ws_11_29/install/nav2_navfn_planner:/home/jucy/ydlidar_ws_11_29/install/nav2_core:/home/jucy/ydlidar_ws_11_29/install/costmap_queue:/home/jucy/ydlidar_ws_11_29/install/nav2_costmap_2d:/home/jucy/ydlidar_ws_11_29/install/nav2_voxel_grid:/home/jucy/ydlidar_ws_11_29/install/nav2_rviz_plugins:/home/jucy/ydlidar_ws_11_29/install/nav2_map_server:/home/jucy/ydlidar_ws_11_29/install/nav2_lifecycle_manager:/home/jucy/ydlidar_ws_11_29/install/nav2_bt_navigator:/home/jucy/ydlidar_ws_11_29/install/nav2_behavior_tree:/home/jucy/ydlidar_ws_11_29/install/nav2_amcl:/home/jucy/ydlidar_ws_11_29/install/nav2_util:/home/jucy/ydlidar_ws_11_29/install/nav2_msgs:/home/jucy/ydlidar_ws_11_29/install/nav2_common:/home/jucy/ydlidar_ws_11_29/install/myagv_bringup:/home/jucy/ydlidar_ws_11_29/install/myagv_description:/home/jucy/new_ws/install/myagv_description:/home/jucy/new_ws/install/aseembly:/home/jucy/turtlebot3_ws/install/turtlebot3:/home/jucy/turtlebot3_ws/install/turtlebot3_simulations:/home/jucy/turtlebot3_ws/install/turtlebot3_bringup:/home/jucy/turtlebot3_ws/install/turtlebot3_node:/home/jucy/turtlebot3_ws/install/turtlebot3_navigation2:/home/jucy/turtlebot3_ws/install/turtlebot3_fake_node:/home/jucy/turtlebot3_ws/install/turtlebot3_msgs:/home/jucy/turtlebot3_ws/install/turtlebot3_gazebo:/home/jucy/turtlebot3_ws/install/turtlebot3_description:/home/jucy/turtlebot3_ws/install/turtlebot3_cartographer:/home/jucy/turtlebot3_ws/install/dynamixel_sdk_examples:/home/jucy/turtlebot3_ws/install/dynamixel_sdk_custom_interfaces:/home/jucy/turtlebot3_ws/install/dynamixel_sdk:/home/jucy/ros2_ws/install/ps2_controller:/home/jucy/ydlidar_ros2_ws/install/ydlidar_ros2_driver:/home/jucy/ydlidar_ros2_ws/install/ps2_controller:/home/jucy/ydlidar_ros2_ws/install/myagv_navigation2:/home/jucy/ydlidar_ros2_ws/install/myagv_bringup:/home/jucy/ydlidar_ros2_ws/install/myagv_description:/home/jucy/ydlidar_ros2_wss/install/ydlidar_ros2_driver:/opt/ros/foxy:/opt/ros/foxy:/home/jucy/ydlidar_ws_11_29/install/nav2_gazebo_spawner:/home/jucy/ydlidar_ws_11_29/install/jdamr200_node:/home/jucy/turtlebot3_ws/install/turtlebot3_teleop:/home/jucy/turtlebot3_ws/install/turtlebot3_example:/home/jucy/turtlebot3_ws/install/nav2_goal_pulisher_test:/home/jucy/turtlebot3_ws/install/nav2_goal_publisher:/home/jucy/ros2_ws/install/camera_udp_communication:/home/jucy/ros2_ws/install/agv_control_py:/home/jucy/ydlidar_ros2_ws/install/jdamr200_teleop:/home/jucy/ydlidar_ros2_ws/install/jdamr200_node LD_LIBRARY_PATH=/home/jucy/ydlidar_ws_11_29/ydlidar_ws/install/nav2_costmap_2d/lib:/home/jucy/ydlidar_ws_11_29/ydlidar_ws/install/nav2_map_server/lib:/home/jucy/ydlidar_ws_11_29/ydlidar_ws/install/nav2_lifecycle_manager/lib:/home/jucy/ydlidar_ws_11_29/ydlidar_ws/install/nav2_util/lib:/home/jucy/ydlidar_ws_11_29/ydlidar_ws/install/nav2_voxel_grid/lib:/home/jucy/ydlidar_ws_11_29/ydlidar_ws/install/nav2_msgs/lib:${LD_LIBRARY_PATH} PYTHONPATH=/home/jucy/ydlidar_ws_11_29/ydlidar_ws/install/nav2_msgs/lib/python3.8/site-packages:/home/jucy/ydlidar_ws_11_29/ydlidar_ws/install/nav2_common/lib/python3.8/site-packages:${PYTHONPATH} /usr/bin/cmake --build /home/jucy/ydlidar_ws_11_29/ydlidar_ws/build/smac_planner -- -j12 -l12
[56.836s] [35m[1mScanning dependencies of target gtest_main[0m
[56.841s] [35m[1mScanning dependencies of target smac_planner_2d[0m
[56.842s] [35m[1mScanning dependencies of target gtest[0m
[56.842s] [35m[1mScanning dependencies of target smac_planner[0m
[56.863s] [  2%] [32mBuilding CXX object gtest/CMakeFiles/gtest_main.dir/src/gtest_main.cc.o[0m
[56.885s] [  5%] [32mBuilding CXX object gtest/CMakeFiles/gtest.dir/src/gtest-all.cc.o[0m
[57.184s] [  8%] [32mBuilding CXX object CMakeFiles/smac_planner_2d.dir/src/smac_planner_2d.cpp.o[0m
[57.188s] [ 11%] [32mBuilding CXX object CMakeFiles/smac_planner.dir/src/smac_planner.cpp.o[0m
[57.210s] [ 14%] [32mBuilding CXX object CMakeFiles/smac_planner.dir/src/a_star.cpp.o[0m
[57.211s] [ 17%] [32mBuilding CXX object CMakeFiles/smac_planner_2d.dir/src/node_se2.cpp.o[0m
[57.216s] [ 20%] [32mBuilding CXX object CMakeFiles/smac_planner_2d.dir/src/a_star.cpp.o[0m
[57.221s] [ 23%] [32mBuilding CXX object CMakeFiles/smac_planner.dir/src/node_se2.cpp.o[0m
[57.228s] [ 26%] [32mBuilding CXX object CMakeFiles/smac_planner.dir/src/costmap_downsampler.cpp.o[0m
[57.233s] [ 29%] [32mBuilding CXX object CMakeFiles/smac_planner_2d.dir/src/costmap_downsampler.cpp.o[0m
[57.258s] [ 32%] [32mBuilding CXX object CMakeFiles/smac_planner.dir/src/node_2d.cpp.o[0m
[57.272s] [ 35%] [32mBuilding CXX object CMakeFiles/smac_planner_2d.dir/src/node_2d.cpp.o[0m
[59.427s] [ 38%] [32m[1mLinking CXX static library libgtest_main.a[0m
[59.724s] [ 38%] Built target gtest_main
[74.592s] [ 41%] [32m[1mLinking CXX static library libgtest.a[0m
[74.689s] [ 41%] Built target gtest
[75.969s] [ 44%] [32m[1mLinking CXX shared library libsmac_planner.so[0m
[76.846s] [ 47%] [32m[1mLinking CXX shared library libsmac_planner_2d.so[0m
[76.927s] [ 47%] Built target smac_planner
[76.957s] [35m[1mScanning dependencies of target test_costmap_downsampler[0m
[77.112s] [ 50%] [32mBuilding CXX object test/CMakeFiles/test_costmap_downsampler.dir/test_costmap_downsampler.cpp.o[0m
[77.944s] [ 50%] Built target smac_planner_2d
[77.972s] [35m[1mScanning dependencies of target test_nodebasic[0m
[77.972s] [35m[1mScanning dependencies of target test_collision_checker[0m
[78.098s] [ 52%] [32mBuilding CXX object test/CMakeFiles/test_collision_checker.dir/test_collision_checker.cpp.o[0m
[78.138s] [ 55%] [32mBuilding CXX object test/CMakeFiles/test_nodebasic.dir/test_nodebasic.cpp.o[0m
[81.962s] [ 58%] [32m[1mLinking CXX executable test_collision_checker[0m
[82.107s] [ 61%] [32m[1mLinking CXX executable test_nodebasic[0m
[82.345s] [ 61%] Built target test_collision_checker
[82.374s] [35m[1mScanning dependencies of target test_smac_2d[0m
[82.375s] [35m[1mScanning dependencies of target test_smoother[0m
[82.483s] [ 61%] Built target test_nodebasic
[82.509s] [ 64%] [32m[1mLinking CXX executable test_costmap_downsampler[0m
[82.511s] [35m[1mScanning dependencies of target test_node2d[0m
[82.512s] [35m[1mScanning dependencies of target test_nodese2[0m
[82.512s] [35m[1mScanning dependencies of target test_smac_se2[0m
[82.550s] [ 67%] [32mBuilding CXX object test/CMakeFiles/test_smoother.dir/test_smoother.cpp.o[0m
[82.571s] [ 70%] [32mBuilding CXX object test/CMakeFiles/test_smac_2d.dir/test_smac_2d.cpp.o[0m
[82.628s] [ 73%] [32mBuilding CXX object test/CMakeFiles/test_node2d.dir/test_node2d.cpp.o[0m
[82.696s] [ 76%] [32mBuilding CXX object test/CMakeFiles/test_nodese2.dir/test_nodese2.cpp.o[0m
[82.708s] [ 79%] [32mBuilding CXX object test/CMakeFiles/test_smac_se2.dir/test_smac_se2.cpp.o[0m
[83.491s] [ 79%] Built target test_costmap_downsampler
[83.520s] [35m[1mScanning dependencies of target test_a_star[0m
[83.692s] [ 82%] [32mBuilding CXX object test/CMakeFiles/test_a_star.dir/test_a_star.cpp.o[0m
[88.096s] [ 85%] [32m[1mLinking CXX executable test_node2d[0m
[88.647s] [ 85%] Built target test_node2d
[88.783s] [ 88%] [32m[1mLinking CXX executable test_a_star[0m
[89.031s] [ 91%] [32m[1mLinking CXX executable test_nodese2[0m
[89.291s] [ 91%] Built target test_a_star
[89.488s] [ 94%] [32m[1mLinking CXX executable test_smac_se2[0m
[89.519s] [ 97%] [32m[1mLinking CXX executable test_smac_2d[0m
[89.529s] [ 97%] Built target test_nodese2
[89.835s] [100%] [32m[1mLinking CXX executable test_smoother[0m
[89.957s] [100%] Built target test_smac_se2
[89.979s] [100%] Built target test_smac_2d
[90.235s] [100%] Built target test_smoother
[90.249s] Invoked command in '/home/jucy/ydlidar_ws_11_29/ydlidar_ws/build/smac_planner' returned '0': AMENT_PREFIX_PATH=/home/jucy/ydlidar_ws_11_29/ydlidar_ws/install/nav2_core:/home/jucy/ydlidar_ws_11_29/ydlidar_ws/install/nav2_costmap_2d:/home/jucy/ydlidar_ws_11_29/ydlidar_ws/install/nav2_map_server:/home/jucy/ydlidar_ws_11_29/ydlidar_ws/install/nav2_lifecycle_manager:/home/jucy/ydlidar_ws_11_29/ydlidar_ws/install/nav2_util:/home/jucy/ydlidar_ws_11_29/ydlidar_ws/install/nav2_voxel_grid:/home/jucy/ydlidar_ws_11_29/ydlidar_ws/install/nav2_msgs:/home/jucy/ydlidar_ws_11_29/ydlidar_ws/install/nav2_common:${AMENT_PREFIX_PATH} CMAKE_PREFIX_PATH=/home/jucy/ydlidar_ws_11_29/ydlidar_ws/install/nav2_core:/home/jucy/ydlidar_ws_11_29/ydlidar_ws/install/nav2_costmap_2d:/home/jucy/ydlidar_ws_11_29/ydlidar_ws/install/nav2_map_server:/home/jucy/ydlidar_ws_11_29/ydlidar_ws/install/nav2_lifecycle_manager:/home/jucy/ydlidar_ws_11_29/ydlidar_ws/install/nav2_util:/home/jucy/ydlidar_ws_11_29/ydlidar_ws/install/nav2_voxel_grid:/home/jucy/ydlidar_ws_11_29/ydlidar_ws/install/nav2_msgs:/home/jucy/ydlidar_ws_11_29/ydlidar_ws/install/nav2_common:/home/jucy/ydlidar_ws_11_29/install/ydlidar_ros2_driver:/home/jucy/ydlidar_ws_11_29/install/nav2_system_tests:/home/jucy/ydlidar_ws_11_29/install/myagv_navigation2:/home/jucy/ydlidar_ws_11_29/install/nav2_bringup:/home/jucy/ydlidar_ws_11_29/install/navigation2:/home/jucy/ydlidar_ws_11_29/install/smac_planner:/home/jucy/ydlidar_ws_11_29/install/nav2_dwb_controller:/home/jucy/ydlidar_ws_11_29/install/nav2_controller:/home/jucy/ydlidar_ws_11_29/install/dwb_plugins:/home/jucy/ydlidar_ws_11_29/install/dwb_critics:/home/jucy/ydlidar_ws_11_29/install/dwb_core:/home/jucy/ydlidar_ws_11_29/install/nav_2d_utils:/home/jucy/ydlidar_ws_11_29/install/dwb_msgs:/home/jucy/ydlidar_ws_11_29/install/nav_2d_msgs:/home/jucy/ydlidar_ws_11_29/install/nav2_waypoint_follower:/home/jucy/ydlidar_ws_11_29/install/nav2_regulated_pure_pursuit_controller:/home/jucy/ydlidar_ws_11_29/install/nav2_recoveries:/home/jucy/ydlidar_ws_11_29/install/nav2_planner:/home/jucy/ydlidar_ws_11_29/install/nav2_navfn_planner:/home/jucy/ydlidar_ws_11_29/install/nav2_core:/home/jucy/ydlidar_ws_11_29/install/costmap_queue:/home/jucy/ydlidar_ws_11_29/install/nav2_costmap_2d:/home/jucy/ydlidar_ws_11_29/install/nav2_voxel_grid:/home/jucy/ydlidar_ws_11_29/install/nav2_rviz_plugins:/home/jucy/ydlidar_ws_11_29/install/nav2_map_server:/home/jucy/ydlidar_ws_11_29/install/nav2_lifecycle_manager:/home/jucy/ydlidar_ws_11_29/install/nav2_bt_navigator:/home/jucy/ydlidar_ws_11_29/install/nav2_behavior_tree:/home/jucy/ydlidar_ws_11_29/install/nav2_amcl:/home/jucy/ydlidar_ws_11_29/install/nav2_util:/home/jucy/ydlidar_ws_11_29/install/nav2_msgs:/home/jucy/ydlidar_ws_11_29/install/nav2_common:/home/jucy/ydlidar_ws_11_29/install/myagv_bringup:/home/jucy/ydlidar_ws_11_29/install/myagv_description:/home/jucy/new_ws/install/myagv_description:/home/jucy/new_ws/install/aseembly:/home/jucy/turtlebot3_ws/install/turtlebot3:/home/jucy/turtlebot3_ws/install/turtlebot3_simulations:/home/jucy/turtlebot3_ws/install/turtlebot3_bringup:/home/jucy/turtlebot3_ws/install/turtlebot3_node:/home/jucy/turtlebot3_ws/install/turtlebot3_navigation2:/home/jucy/turtlebot3_ws/install/turtlebot3_fake_node:/home/jucy/turtlebot3_ws/install/turtlebot3_msgs:/home/jucy/turtlebot3_ws/install/turtlebot3_gazebo:/home/jucy/turtlebot3_ws/install/turtlebot3_description:/home/jucy/turtlebot3_ws/install/turtlebot3_cartographer:/home/jucy/turtlebot3_ws/install/dynamixel_sdk_examples:/home/jucy/turtlebot3_ws/install/dynamixel_sdk_custom_interfaces:/home/jucy/turtlebot3_ws/install/dynamixel_sdk:/home/jucy/ros2_ws/install/ps2_controller:/home/jucy/ydlidar_ros2_ws/install/ydlidar_ros2_driver:/home/jucy/ydlidar_ros2_ws/install/ps2_controller:/home/jucy/ydlidar_ros2_ws/install/myagv_navigation2:/home/jucy/ydlidar_ros2_ws/install/myagv_bringup:/home/jucy/ydlidar_ros2_ws/install/myagv_description:/home/jucy/ydlidar_ros2_wss/install/ydlidar_ros2_driver:/opt/ros/foxy:/opt/ros/foxy:/home/jucy/ydlidar_ws_11_29/install/nav2_gazebo_spawner:/home/jucy/ydlidar_ws_11_29/install/jdamr200_node:/home/jucy/turtlebot3_ws/install/turtlebot3_teleop:/home/jucy/turtlebot3_ws/install/turtlebot3_example:/home/jucy/turtlebot3_ws/install/nav2_goal_pulisher_test:/home/jucy/turtlebot3_ws/install/nav2_goal_publisher:/home/jucy/ros2_ws/install/camera_udp_communication:/home/jucy/ros2_ws/install/agv_control_py:/home/jucy/ydlidar_ros2_ws/install/jdamr200_teleop:/home/jucy/ydlidar_ros2_ws/install/jdamr200_node LD_LIBRARY_PATH=/home/jucy/ydlidar_ws_11_29/ydlidar_ws/install/nav2_costmap_2d/lib:/home/jucy/ydlidar_ws_11_29/ydlidar_ws/install/nav2_map_server/lib:/home/jucy/ydlidar_ws_11_29/ydlidar_ws/install/nav2_lifecycle_manager/lib:/home/jucy/ydlidar_ws_11_29/ydlidar_ws/install/nav2_util/lib:/home/jucy/ydlidar_ws_11_29/ydlidar_ws/install/nav2_voxel_grid/lib:/home/jucy/ydlidar_ws_11_29/ydlidar_ws/install/nav2_msgs/lib:${LD_LIBRARY_PATH} PYTHONPATH=/home/jucy/ydlidar_ws_11_29/ydlidar_ws/install/nav2_msgs/lib/python3.8/site-packages:/home/jucy/ydlidar_ws_11_29/ydlidar_ws/install/nav2_common/lib/python3.8/site-packages:${PYTHONPATH} /usr/bin/cmake --build /home/jucy/ydlidar_ws_11_29/ydlidar_ws/build/smac_planner -- -j12 -l12
[90.251s] Invoking command in '/home/jucy/ydlidar_ws_11_29/ydlidar_ws/build/smac_planner': AMENT_PREFIX_PATH=/home/jucy/ydlidar_ws_11_29/ydlidar_ws/install/nav2_core:/home/jucy/ydlidar_ws_11_29/ydlidar_ws/install/nav2_costmap_2d:/home/jucy/ydlidar_ws_11_29/ydlidar_ws/install/nav2_map_server:/home/jucy/ydlidar_ws_11_29/ydlidar_ws/install/nav2_lifecycle_manager:/home/jucy/ydlidar_ws_11_29/ydlidar_ws/install/nav2_util:/home/jucy/ydlidar_ws_11_29/ydlidar_ws/install/nav2_voxel_grid:/home/jucy/ydlidar_ws_11_29/ydlidar_ws/install/nav2_msgs:/home/jucy/ydlidar_ws_11_29/ydlidar_ws/install/nav2_common:${AMENT_PREFIX_PATH} CMAKE_PREFIX_PATH=/home/jucy/ydlidar_ws_11_29/ydlidar_ws/install/nav2_core:/home/jucy/ydlidar_ws_11_29/ydlidar_ws/install/nav2_costmap_2d:/home/jucy/ydlidar_ws_11_29/ydlidar_ws/install/nav2_map_server:/home/jucy/ydlidar_ws_11_29/ydlidar_ws/install/nav2_lifecycle_manager:/home/jucy/ydlidar_ws_11_29/ydlidar_ws/install/nav2_util:/home/jucy/ydlidar_ws_11_29/ydlidar_ws/install/nav2_voxel_grid:/home/jucy/ydlidar_ws_11_29/ydlidar_ws/install/nav2_msgs:/home/jucy/ydlidar_ws_11_29/ydlidar_ws/install/nav2_common:/home/jucy/ydlidar_ws_11_29/install/ydlidar_ros2_driver:/home/jucy/ydlidar_ws_11_29/install/nav2_system_tests:/home/jucy/ydlidar_ws_11_29/install/myagv_navigation2:/home/jucy/ydlidar_ws_11_29/install/nav2_bringup:/home/jucy/ydlidar_ws_11_29/install/navigation2:/home/jucy/ydlidar_ws_11_29/install/smac_planner:/home/jucy/ydlidar_ws_11_29/install/nav2_dwb_controller:/home/jucy/ydlidar_ws_11_29/install/nav2_controller:/home/jucy/ydlidar_ws_11_29/install/dwb_plugins:/home/jucy/ydlidar_ws_11_29/install/dwb_critics:/home/jucy/ydlidar_ws_11_29/install/dwb_core:/home/jucy/ydlidar_ws_11_29/install/nav_2d_utils:/home/jucy/ydlidar_ws_11_29/install/dwb_msgs:/home/jucy/ydlidar_ws_11_29/install/nav_2d_msgs:/home/jucy/ydlidar_ws_11_29/install/nav2_waypoint_follower:/home/jucy/ydlidar_ws_11_29/install/nav2_regulated_pure_pursuit_controller:/home/jucy/ydlidar_ws_11_29/install/nav2_recoveries:/home/jucy/ydlidar_ws_11_29/install/nav2_planner:/home/jucy/ydlidar_ws_11_29/install/nav2_navfn_planner:/home/jucy/ydlidar_ws_11_29/install/nav2_core:/home/jucy/ydlidar_ws_11_29/install/costmap_queue:/home/jucy/ydlidar_ws_11_29/install/nav2_costmap_2d:/home/jucy/ydlidar_ws_11_29/install/nav2_voxel_grid:/home/jucy/ydlidar_ws_11_29/install/nav2_rviz_plugins:/home/jucy/ydlidar_ws_11_29/install/nav2_map_server:/home/jucy/ydlidar_ws_11_29/install/nav2_lifecycle_manager:/home/jucy/ydlidar_ws_11_29/install/nav2_bt_navigator:/home/jucy/ydlidar_ws_11_29/install/nav2_behavior_tree:/home/jucy/ydlidar_ws_11_29/install/nav2_amcl:/home/jucy/ydlidar_ws_11_29/install/nav2_util:/home/jucy/ydlidar_ws_11_29/install/nav2_msgs:/home/jucy/ydlidar_ws_11_29/install/nav2_common:/home/jucy/ydlidar_ws_11_29/install/myagv_bringup:/home/jucy/ydlidar_ws_11_29/install/myagv_description:/home/jucy/new_ws/install/myagv_description:/home/jucy/new_ws/install/aseembly:/home/jucy/turtlebot3_ws/install/turtlebot3:/home/jucy/turtlebot3_ws/install/turtlebot3_simulations:/home/jucy/turtlebot3_ws/install/turtlebot3_bringup:/home/jucy/turtlebot3_ws/install/turtlebot3_node:/home/jucy/turtlebot3_ws/install/turtlebot3_navigation2:/home/jucy/turtlebot3_ws/install/turtlebot3_fake_node:/home/jucy/turtlebot3_ws/install/turtlebot3_msgs:/home/jucy/turtlebot3_ws/install/turtlebot3_gazebo:/home/jucy/turtlebot3_ws/install/turtlebot3_description:/home/jucy/turtlebot3_ws/install/turtlebot3_cartographer:/home/jucy/turtlebot3_ws/install/dynamixel_sdk_examples:/home/jucy/turtlebot3_ws/install/dynamixel_sdk_custom_interfaces:/home/jucy/turtlebot3_ws/install/dynamixel_sdk:/home/jucy/ros2_ws/install/ps2_controller:/home/jucy/ydlidar_ros2_ws/install/ydlidar_ros2_driver:/home/jucy/ydlidar_ros2_ws/install/ps2_controller:/home/jucy/ydlidar_ros2_ws/install/myagv_navigation2:/home/jucy/ydlidar_ros2_ws/install/myagv_bringup:/home/jucy/ydlidar_ros2_ws/install/myagv_description:/home/jucy/ydlidar_ros2_wss/install/ydlidar_ros2_driver:/opt/ros/foxy:/opt/ros/foxy:/home/jucy/ydlidar_ws_11_29/install/nav2_gazebo_spawner:/home/jucy/ydlidar_ws_11_29/install/jdamr200_node:/home/jucy/turtlebot3_ws/install/turtlebot3_teleop:/home/jucy/turtlebot3_ws/install/turtlebot3_example:/home/jucy/turtlebot3_ws/install/nav2_goal_pulisher_test:/home/jucy/turtlebot3_ws/install/nav2_goal_publisher:/home/jucy/ros2_ws/install/camera_udp_communication:/home/jucy/ros2_ws/install/agv_control_py:/home/jucy/ydlidar_ros2_ws/install/jdamr200_teleop:/home/jucy/ydlidar_ros2_ws/install/jdamr200_node LD_LIBRARY_PATH=/home/jucy/ydlidar_ws_11_29/ydlidar_ws/install/nav2_costmap_2d/lib:/home/jucy/ydlidar_ws_11_29/ydlidar_ws/install/nav2_map_server/lib:/home/jucy/ydlidar_ws_11_29/ydlidar_ws/install/nav2_lifecycle_manager/lib:/home/jucy/ydlidar_ws_11_29/ydlidar_ws/install/nav2_util/lib:/home/jucy/ydlidar_ws_11_29/ydlidar_ws/install/nav2_voxel_grid/lib:/home/jucy/ydlidar_ws_11_29/ydlidar_ws/install/nav2_msgs/lib:${LD_LIBRARY_PATH} PYTHONPATH=/home/jucy/ydlidar_ws_11_29/ydlidar_ws/install/nav2_msgs/lib/python3.8/site-packages:/home/jucy/ydlidar_ws_11_29/ydlidar_ws/install/nav2_common/lib/python3.8/site-packages:${PYTHONPATH} /usr/bin/cmake --install /home/jucy/ydlidar_ws_11_29/ydlidar_ws/build/smac_planner
[90.263s] -- Install configuration: "Release"
[90.263s] -- Installing: /home/jucy/ydlidar_ws_11_29/ydlidar_ws/install/smac_planner/share/smac_planner/smac_plugin.xml
[90.264s] -- Installing: /home/jucy/ydlidar_ws_11_29/ydlidar_ws/install/smac_planner/share/smac_planner/smac_plugin_2d.xml
[90.264s] -- Installing: /home/jucy/ydlidar_ws_11_29/ydlidar_ws/install/smac_planner/lib/libsmac_planner.so
[90.265s] -- Set runtime path of "/home/jucy/ydlidar_ws_11_29/ydlidar_ws/install/smac_planner/lib/libsmac_planner.so" to ""
[90.265s] -- Installing: /home/jucy/ydlidar_ws_11_29/ydlidar_ws/install/smac_planner/lib/libsmac_planner_2d.so
[90.266s] -- Set runtime path of "/home/jucy/ydlidar_ws_11_29/ydlidar_ws/install/smac_planner/lib/libsmac_planner_2d.so" to ""
[90.266s] -- Installing: /home/jucy/ydlidar_ws_11_29/ydlidar_ws/install/smac_planner/include/
[90.267s] -- Installing: /home/jucy/ydlidar_ws_11_29/ydlidar_ws/install/smac_planner/include//smac_planner
[90.267s] -- Installing: /home/jucy/ydlidar_ws_11_29/ydlidar_ws/install/smac_planner/include//smac_planner/smoother.hpp
[90.267s] -- Installing: /home/jucy/ydlidar_ws_11_29/ydlidar_ws/install/smac_planner/include//smac_planner/options.hpp
[90.267s] -- Installing: /home/jucy/ydlidar_ws_11_29/ydlidar_ws/install/smac_planner/include//smac_planner/collision_checker.hpp
[90.267s] -- Installing: /home/jucy/ydlidar_ws_11_29/ydlidar_ws/install/smac_planner/include//smac_planner/node_se2.hpp
[90.267s] -- Installing: /home/jucy/ydlidar_ws_11_29/ydlidar_ws/install/smac_planner/include//smac_planner/constants.hpp
[90.267s] -- Installing: /home/jucy/ydlidar_ws_11_29/ydlidar_ws/install/smac_planner/include//smac_planner/smac_planner_2d.hpp
[90.267s] -- Installing: /home/jucy/ydlidar_ws_11_29/ydlidar_ws/install/smac_planner/include//smac_planner/smac_planner.hpp
[90.267s] -- Installing: /home/jucy/ydlidar_ws_11_29/ydlidar_ws/install/smac_planner/include//smac_planner/a_star.hpp
[90.267s] -- Installing: /home/jucy/ydlidar_ws_11_29/ydlidar_ws/install/smac_planner/include//smac_planner/node_2d.hpp
[90.267s] -- Installing: /home/jucy/ydlidar_ws_11_29/ydlidar_ws/install/smac_planner/include//smac_planner/costmap_downsampler.hpp
[90.267s] -- Installing: /home/jucy/ydlidar_ws_11_29/ydlidar_ws/install/smac_planner/include//smac_planner/node_basic.hpp
[90.267s] -- Installing: /home/jucy/ydlidar_ws_11_29/ydlidar_ws/install/smac_planner/include//smac_planner/types.hpp
[90.268s] -- Installing: /home/jucy/ydlidar_ws_11_29/ydlidar_ws/install/smac_planner/include//smac_planner/smoother_cost_function.hpp
[90.268s] -- Installing: /home/jucy/ydlidar_ws_11_29/ydlidar_ws/install/smac_planner/share/smac_planner/environment/library_path.sh
[90.268s] -- Installing: /home/jucy/ydlidar_ws_11_29/ydlidar_ws/install/smac_planner/share/smac_planner/environment/library_path.dsv
[90.268s] -- Installing: /home/jucy/ydlidar_ws_11_29/ydlidar_ws/install/smac_planner/share/ament_index/resource_index/package_run_dependencies/smac_planner
[90.268s] -- Installing: /home/jucy/ydlidar_ws_11_29/ydlidar_ws/install/smac_planner/share/ament_index/resource_index/parent_prefix_path/smac_planner
[90.268s] -- Installing: /home/jucy/ydlidar_ws_11_29/ydlidar_ws/install/smac_planner/share/smac_planner/environment/ament_prefix_path.sh
[90.268s] -- Installing: /home/jucy/ydlidar_ws_11_29/ydlidar_ws/install/smac_planner/share/smac_planner/environment/ament_prefix_path.dsv
[90.268s] -- Installing: /home/jucy/ydlidar_ws_11_29/ydlidar_ws/install/smac_planner/share/smac_planner/environment/path.sh
[90.269s] -- Installing: /home/jucy/ydlidar_ws_11_29/ydlidar_ws/install/smac_planner/share/smac_planner/environment/path.dsv
[90.269s] -- Installing: /home/jucy/ydlidar_ws_11_29/ydlidar_ws/install/smac_planner/share/smac_planner/local_setup.bash
[90.269s] -- Installing: /home/jucy/ydlidar_ws_11_29/ydlidar_ws/install/smac_planner/share/smac_planner/local_setup.sh
[90.269s] -- Installing: /home/jucy/ydlidar_ws_11_29/ydlidar_ws/install/smac_planner/share/smac_planner/local_setup.zsh
[90.269s] -- Installing: /home/jucy/ydlidar_ws_11_29/ydlidar_ws/install/smac_planner/share/smac_planner/local_setup.dsv
[90.269s] -- Installing: /home/jucy/ydlidar_ws_11_29/ydlidar_ws/install/smac_planner/share/smac_planner/package.dsv
[90.269s] -- Installing: /home/jucy/ydlidar_ws_11_29/ydlidar_ws/install/smac_planner/share/ament_index/resource_index/packages/smac_planner
[90.269s] -- Installing: /home/jucy/ydlidar_ws_11_29/ydlidar_ws/install/smac_planner/share/ament_index/resource_index/nav2_core__pluginlib__plugin/smac_planner
[90.270s] -- Installing: /home/jucy/ydlidar_ws_11_29/ydlidar_ws/install/smac_planner/share/smac_planner/cmake/ament_cmake_export_include_directories-extras.cmake
[90.270s] -- Installing: /home/jucy/ydlidar_ws_11_29/ydlidar_ws/install/smac_planner/share/smac_planner/cmake/ament_cmake_export_libraries-extras.cmake
[90.270s] -- Installing: /home/jucy/ydlidar_ws_11_29/ydlidar_ws/install/smac_planner/share/smac_planner/cmake/ament_cmake_export_dependencies-extras.cmake
[90.270s] -- Installing: /home/jucy/ydlidar_ws_11_29/ydlidar_ws/install/smac_planner/share/smac_planner/cmake/ament_cmake_export_definitions-extras.cmake
[90.270s] -- Installing: /home/jucy/ydlidar_ws_11_29/ydlidar_ws/install/smac_planner/share/smac_planner/cmake/smac_plannerConfig.cmake
[90.270s] -- Installing: /home/jucy/ydlidar_ws_11_29/ydlidar_ws/install/smac_planner/share/smac_planner/cmake/smac_plannerConfig-version.cmake
[90.270s] -- Installing: /home/jucy/ydlidar_ws_11_29/ydlidar_ws/install/smac_planner/share/smac_planner/package.xml
[90.272s] Invoked command in '/home/jucy/ydlidar_ws_11_29/ydlidar_ws/build/smac_planner' returned '0': AMENT_PREFIX_PATH=/home/jucy/ydlidar_ws_11_29/ydlidar_ws/install/nav2_core:/home/jucy/ydlidar_ws_11_29/ydlidar_ws/install/nav2_costmap_2d:/home/jucy/ydlidar_ws_11_29/ydlidar_ws/install/nav2_map_server:/home/jucy/ydlidar_ws_11_29/ydlidar_ws/install/nav2_lifecycle_manager:/home/jucy/ydlidar_ws_11_29/ydlidar_ws/install/nav2_util:/home/jucy/ydlidar_ws_11_29/ydlidar_ws/install/nav2_voxel_grid:/home/jucy/ydlidar_ws_11_29/ydlidar_ws/install/nav2_msgs:/home/jucy/ydlidar_ws_11_29/ydlidar_ws/install/nav2_common:${AMENT_PREFIX_PATH} CMAKE_PREFIX_PATH=/home/jucy/ydlidar_ws_11_29/ydlidar_ws/install/nav2_core:/home/jucy/ydlidar_ws_11_29/ydlidar_ws/install/nav2_costmap_2d:/home/jucy/ydlidar_ws_11_29/ydlidar_ws/install/nav2_map_server:/home/jucy/ydlidar_ws_11_29/ydlidar_ws/install/nav2_lifecycle_manager:/home/jucy/ydlidar_ws_11_29/ydlidar_ws/install/nav2_util:/home/jucy/ydlidar_ws_11_29/ydlidar_ws/install/nav2_voxel_grid:/home/jucy/ydlidar_ws_11_29/ydlidar_ws/install/nav2_msgs:/home/jucy/ydlidar_ws_11_29/ydlidar_ws/install/nav2_common:/home/jucy/ydlidar_ws_11_29/install/ydlidar_ros2_driver:/home/jucy/ydlidar_ws_11_29/install/nav2_system_tests:/home/jucy/ydlidar_ws_11_29/install/myagv_navigation2:/home/jucy/ydlidar_ws_11_29/install/nav2_bringup:/home/jucy/ydlidar_ws_11_29/install/navigation2:/home/jucy/ydlidar_ws_11_29/install/smac_planner:/home/jucy/ydlidar_ws_11_29/install/nav2_dwb_controller:/home/jucy/ydlidar_ws_11_29/install/nav2_controller:/home/jucy/ydlidar_ws_11_29/install/dwb_plugins:/home/jucy/ydlidar_ws_11_29/install/dwb_critics:/home/jucy/ydlidar_ws_11_29/install/dwb_core:/home/jucy/ydlidar_ws_11_29/install/nav_2d_utils:/home/jucy/ydlidar_ws_11_29/install/dwb_msgs:/home/jucy/ydlidar_ws_11_29/install/nav_2d_msgs:/home/jucy/ydlidar_ws_11_29/install/nav2_waypoint_follower:/home/jucy/ydlidar_ws_11_29/install/nav2_regulated_pure_pursuit_controller:/home/jucy/ydlidar_ws_11_29/install/nav2_recoveries:/home/jucy/ydlidar_ws_11_29/install/nav2_planner:/home/jucy/ydlidar_ws_11_29/install/nav2_navfn_planner:/home/jucy/ydlidar_ws_11_29/install/nav2_core:/home/jucy/ydlidar_ws_11_29/install/costmap_queue:/home/jucy/ydlidar_ws_11_29/install/nav2_costmap_2d:/home/jucy/ydlidar_ws_11_29/install/nav2_voxel_grid:/home/jucy/ydlidar_ws_11_29/install/nav2_rviz_plugins:/home/jucy/ydlidar_ws_11_29/install/nav2_map_server:/home/jucy/ydlidar_ws_11_29/install/nav2_lifecycle_manager:/home/jucy/ydlidar_ws_11_29/install/nav2_bt_navigator:/home/jucy/ydlidar_ws_11_29/install/nav2_behavior_tree:/home/jucy/ydlidar_ws_11_29/install/nav2_amcl:/home/jucy/ydlidar_ws_11_29/install/nav2_util:/home/jucy/ydlidar_ws_11_29/install/nav2_msgs:/home/jucy/ydlidar_ws_11_29/install/nav2_common:/home/jucy/ydlidar_ws_11_29/install/myagv_bringup:/home/jucy/ydlidar_ws_11_29/install/myagv_description:/home/jucy/new_ws/install/myagv_description:/home/jucy/new_ws/install/aseembly:/home/jucy/turtlebot3_ws/install/turtlebot3:/home/jucy/turtlebot3_ws/install/turtlebot3_simulations:/home/jucy/turtlebot3_ws/install/turtlebot3_bringup:/home/jucy/turtlebot3_ws/install/turtlebot3_node:/home/jucy/turtlebot3_ws/install/turtlebot3_navigation2:/home/jucy/turtlebot3_ws/install/turtlebot3_fake_node:/home/jucy/turtlebot3_ws/install/turtlebot3_msgs:/home/jucy/turtlebot3_ws/install/turtlebot3_gazebo:/home/jucy/turtlebot3_ws/install/turtlebot3_description:/home/jucy/turtlebot3_ws/install/turtlebot3_cartographer:/home/jucy/turtlebot3_ws/install/dynamixel_sdk_examples:/home/jucy/turtlebot3_ws/install/dynamixel_sdk_custom_interfaces:/home/jucy/turtlebot3_ws/install/dynamixel_sdk:/home/jucy/ros2_ws/install/ps2_controller:/home/jucy/ydlidar_ros2_ws/install/ydlidar_ros2_driver:/home/jucy/ydlidar_ros2_ws/install/ps2_controller:/home/jucy/ydlidar_ros2_ws/install/myagv_navigation2:/home/jucy/ydlidar_ros2_ws/install/myagv_bringup:/home/jucy/ydlidar_ros2_ws/install/myagv_description:/home/jucy/ydlidar_ros2_wss/install/ydlidar_ros2_driver:/opt/ros/foxy:/opt/ros/foxy:/home/jucy/ydlidar_ws_11_29/install/nav2_gazebo_spawner:/home/jucy/ydlidar_ws_11_29/install/jdamr200_node:/home/jucy/turtlebot3_ws/install/turtlebot3_teleop:/home/jucy/turtlebot3_ws/install/turtlebot3_example:/home/jucy/turtlebot3_ws/install/nav2_goal_pulisher_test:/home/jucy/turtlebot3_ws/install/nav2_goal_publisher:/home/jucy/ros2_ws/install/camera_udp_communication:/home/jucy/ros2_ws/install/agv_control_py:/home/jucy/ydlidar_ros2_ws/install/jdamr200_teleop:/home/jucy/ydlidar_ros2_ws/install/jdamr200_node LD_LIBRARY_PATH=/home/jucy/ydlidar_ws_11_29/ydlidar_ws/install/nav2_costmap_2d/lib:/home/jucy/ydlidar_ws_11_29/ydlidar_ws/install/nav2_map_server/lib:/home/jucy/ydlidar_ws_11_29/ydlidar_ws/install/nav2_lifecycle_manager/lib:/home/jucy/ydlidar_ws_11_29/ydlidar_ws/install/nav2_util/lib:/home/jucy/ydlidar_ws_11_29/ydlidar_ws/install/nav2_voxel_grid/lib:/home/jucy/ydlidar_ws_11_29/ydlidar_ws/install/nav2_msgs/lib:${LD_LIBRARY_PATH} PYTHONPATH=/home/jucy/ydlidar_ws_11_29/ydlidar_ws/install/nav2_msgs/lib/python3.8/site-packages:/home/jucy/ydlidar_ws_11_29/ydlidar_ws/install/nav2_common/lib/python3.8/site-packages:${PYTHONPATH} /usr/bin/cmake --install /home/jucy/ydlidar_ws_11_29/ydlidar_ws/build/smac_planner
