[0.086s] Invoking command in '/home/jucy/ydlidar_ws_11_29/build/myagv_bringup': AMENT_PREFIX_PATH=/home/jucy/ydlidar_ws_11_29/install/myagv_description:${AMENT_PREFIX_PATH} CMAKE_PREFIX_PATH=/home/jucy/ydlidar_ws_11_29/install/myagv_description:/opt/ros/foxy:/opt/ros/foxy /usr/bin/cmake --build /home/jucy/ydlidar_ws_11_29/build/myagv_bringup -- -j12 -l12
[0.123s] Invoked command in '/home/jucy/ydlidar_ws_11_29/build/myagv_bringup' returned '0': AMENT_PREFIX_PATH=/home/jucy/ydlidar_ws_11_29/install/myagv_description:${AMENT_PREFIX_PATH} CMAKE_PREFIX_PATH=/home/jucy/ydlidar_ws_11_29/install/myagv_description:/opt/ros/foxy:/opt/ros/foxy /usr/bin/cmake --build /home/jucy/ydlidar_ws_11_29/build/myagv_bringup -- -j12 -l12
[0.127s] Invoking command in '/home/jucy/ydlidar_ws_11_29/build/myagv_bringup': AMENT_PREFIX_PATH=/home/jucy/ydlidar_ws_11_29/install/myagv_description:${AMENT_PREFIX_PATH} CMAKE_PREFIX_PATH=/home/jucy/ydlidar_ws_11_29/install/myagv_description:/opt/ros/foxy:/opt/ros/foxy /usr/bin/cmake --install /home/jucy/ydlidar_ws_11_29/build/myagv_bringup
[0.135s] -- Install configuration: ""
[0.135s] -- Up-to-date: /home/jucy/ydlidar_ws_11_29/install/myagv_bringup/share/myagv_bringup/launch
[0.136s] -- Up-to-date: /home/jucy/ydlidar_ws_11_29/install/myagv_bringup/share/myagv_bringup/launch/myagv_state_publisher.launch.py
[0.136s] -- Up-to-date: /home/jucy/ydlidar_ws_11_29/install/myagv_bringup/share/myagv_bringup/launch/myagv.launch.py
[0.136s] -- Up-to-date: /home/jucy/ydlidar_ws_11_29/install/myagv_bringup/share/ament_index/resource_index/package_run_dependencies/myagv_bringup
[0.136s] -- Up-to-date: /home/jucy/ydlidar_ws_11_29/install/myagv_bringup/share/ament_index/resource_index/parent_prefix_path/myagv_bringup
[0.137s] -- Up-to-date: /home/jucy/ydlidar_ws_11_29/install/myagv_bringup/share/myagv_bringup/environment/ament_prefix_path.sh
[0.137s] -- Up-to-date: /home/jucy/ydlidar_ws_11_29/install/myagv_bringup/share/myagv_bringup/environment/ament_prefix_path.dsv
[0.137s] -- Up-to-date: /home/jucy/ydlidar_ws_11_29/install/myagv_bringup/share/myagv_bringup/environment/path.sh
[0.137s] -- Up-to-date: /home/jucy/ydlidar_ws_11_29/install/myagv_bringup/share/myagv_bringup/environment/path.dsv
[0.137s] -- Up-to-date: /home/jucy/ydlidar_ws_11_29/install/myagv_bringup/share/myagv_bringup/local_setup.bash
[0.138s] -- Up-to-date: /home/jucy/ydlidar_ws_11_29/install/myagv_bringup/share/myagv_bringup/local_setup.sh
[0.138s] -- Up-to-date: /home/jucy/ydlidar_ws_11_29/install/myagv_bringup/share/myagv_bringup/local_setup.zsh
[0.138s] -- Up-to-date: /home/jucy/ydlidar_ws_11_29/install/myagv_bringup/share/myagv_bringup/local_setup.dsv
[0.138s] -- Installing: /home/jucy/ydlidar_ws_11_29/install/myagv_bringup/share/myagv_bringup/package.dsv
[0.138s] -- Up-to-date: /home/jucy/ydlidar_ws_11_29/install/myagv_bringup/share/ament_index/resource_index/packages/myagv_bringup
[0.138s] -- Up-to-date: /home/jucy/ydlidar_ws_11_29/install/myagv_bringup/share/myagv_bringup/cmake/myagv_bringupConfig.cmake
[0.138s] -- Up-to-date: /home/jucy/ydlidar_ws_11_29/install/myagv_bringup/share/myagv_bringup/cmake/myagv_bringupConfig-version.cmake
[0.138s] -- Up-to-date: /home/jucy/ydlidar_ws_11_29/install/myagv_bringup/share/myagv_bringup/package.xml
[0.140s] Invoked command in '/home/jucy/ydlidar_ws_11_29/build/myagv_bringup' returned '0': AMENT_PREFIX_PATH=/home/jucy/ydlidar_ws_11_29/install/myagv_description:${AMENT_PREFIX_PATH} CMAKE_PREFIX_PATH=/home/jucy/ydlidar_ws_11_29/install/myagv_description:/opt/ros/foxy:/opt/ros/foxy /usr/bin/cmake --install /home/jucy/ydlidar_ws_11_29/build/myagv_bringup
