[0.197s] Invoking command in '/home/jucy/ydlidar_ws_11_29/build/nav_2d_msgs': CMAKE_PREFIX_PATH=${CMAKE_PREFIX_PATH}:/home/jucy/ydlidar_ws_11_29/install/nav2_gazebo_spawner:/home/jucy/ydlidar_ws_11_29/install/jdamr200_node:/home/jucy/turtlebot3_ws/install/turtlebot3_teleop:/home/jucy/turtlebot3_ws/install/turtlebot3_example:/home/jucy/turtlebot3_ws/install/nav2_goal_pulisher_test:/home/jucy/turtlebot3_ws/install/nav2_goal_publisher:/home/jucy/ros2_ws/install/nav2_simple_commander:/home/jucy/ros2_ws/install/nav2_gazebo_spawner:/home/jucy/ros2_ws/install/camera_udp_communication:/home/jucy/ros2_ws/install/agv_control_py:/home/jucy/ydlidar_ros2_ws/install/jdamr200_teleop:/home/jucy/ydlidar_ros2_ws/install/jdamr200_node /usr/bin/cmake --build /home/jucy/ydlidar_ws_11_29/build/nav_2d_msgs -- -j12 -l12
[1.222s] [  1%] Built target nav_2d_msgs__cpp
[1.252s] [ 12%] Built target nav_2d_msgs__rosidl_generator_c
[1.316s] [ 23%] Built target nav_2d_msgs__rosidl_typesupport_introspection_cpp
[1.328s] [ 35%] Built target nav_2d_msgs__rosidl_typesupport_fastrtps_cpp
[1.343s] [ 46%] Built target nav_2d_msgs__rosidl_typesupport_cpp
[1.348s] [ 57%] Built target nav_2d_msgs__rosidl_typesupport_c
[1.357s] [ 69%] Built target nav_2d_msgs__rosidl_typesupport_introspection_c
[1.413s] [ 80%] Built target nav_2d_msgs__rosidl_typesupport_fastrtps_c
[1.563s] [ 80%] Built target nav_2d_msgs
[1.610s] [ 81%] Built target nav_2d_msgs__py
[2.029s] [ 91%] Built target nav_2d_msgs__python
[2.196s] [100%] Built target nav_2d_msgs__rosidl_typesupport_fastrtps_c__pyext
[2.196s] [100%] Built target nav_2d_msgs__rosidl_typesupport_c__pyext
[2.196s] [100%] Built target nav_2d_msgs__rosidl_typesupport_introspection_c__pyext
[2.263s] Invoked command in '/home/jucy/ydlidar_ws_11_29/build/nav_2d_msgs' returned '0': CMAKE_PREFIX_PATH=${CMAKE_PREFIX_PATH}:/home/jucy/ydlidar_ws_11_29/install/nav2_gazebo_spawner:/home/jucy/ydlidar_ws_11_29/install/jdamr200_node:/home/jucy/turtlebot3_ws/install/turtlebot3_teleop:/home/jucy/turtlebot3_ws/install/turtlebot3_example:/home/jucy/turtlebot3_ws/install/nav2_goal_pulisher_test:/home/jucy/turtlebot3_ws/install/nav2_goal_publisher:/home/jucy/ros2_ws/install/nav2_simple_commander:/home/jucy/ros2_ws/install/nav2_gazebo_spawner:/home/jucy/ros2_ws/install/camera_udp_communication:/home/jucy/ros2_ws/install/agv_control_py:/home/jucy/ydlidar_ros2_ws/install/jdamr200_teleop:/home/jucy/ydlidar_ros2_ws/install/jdamr200_node /usr/bin/cmake --build /home/jucy/ydlidar_ws_11_29/build/nav_2d_msgs -- -j12 -l12
[2.266s] Invoking command in '/home/jucy/ydlidar_ws_11_29/build/nav_2d_msgs': CMAKE_PREFIX_PATH=${CMAKE_PREFIX_PATH}:/home/jucy/ydlidar_ws_11_29/install/nav2_gazebo_spawner:/home/jucy/ydlidar_ws_11_29/install/jdamr200_node:/home/jucy/turtlebot3_ws/install/turtlebot3_teleop:/home/jucy/turtlebot3_ws/install/turtlebot3_example:/home/jucy/turtlebot3_ws/install/nav2_goal_pulisher_test:/home/jucy/turtlebot3_ws/install/nav2_goal_publisher:/home/jucy/ros2_ws/install/nav2_simple_commander:/home/jucy/ros2_ws/install/nav2_gazebo_spawner:/home/jucy/ros2_ws/install/camera_udp_communication:/home/jucy/ros2_ws/install/agv_control_py:/home/jucy/ydlidar_ros2_ws/install/jdamr200_teleop:/home/jucy/ydlidar_ros2_ws/install/jdamr200_node /usr/bin/cmake --install /home/jucy/ydlidar_ws_11_29/build/nav_2d_msgs
[2.283s] -- Install configuration: ""
[2.283s] -- Up-to-date: /home/jucy/ydlidar_ws_11_29/install/nav_2d_msgs/share/ament_index/resource_index/rosidl_interfaces/nav_2d_msgs
[2.283s] -- Up-to-date: /home/jucy/ydlidar_ws_11_29/install/nav_2d_msgs/include/nav_2d_msgs
[2.283s] -- Up-to-date: /home/jucy/ydlidar_ws_11_29/install/nav_2d_msgs/include/nav_2d_msgs/msg
[2.284s] -- Up-to-date: /home/jucy/ydlidar_ws_11_29/install/nav_2d_msgs/include/nav_2d_msgs/msg/twist2_d.h
[2.284s] -- Up-to-date: /home/jucy/ydlidar_ws_11_29/install/nav_2d_msgs/include/nav_2d_msgs/msg/rosidl_generator_c__visibility_control.h
[2.284s] -- Up-to-date: /home/jucy/ydlidar_ws_11_29/install/nav_2d_msgs/include/nav_2d_msgs/msg/twist2_d32.h
[2.284s] -- Up-to-date: /home/jucy/ydlidar_ws_11_29/install/nav_2d_msgs/include/nav_2d_msgs/msg/pose2_d32.h
[2.284s] -- Up-to-date: /home/jucy/ydlidar_ws_11_29/install/nav_2d_msgs/include/nav_2d_msgs/msg/twist2_d_stamped.h
[2.284s] -- Up-to-date: /home/jucy/ydlidar_ws_11_29/install/nav_2d_msgs/include/nav_2d_msgs/msg/path2_d.h
[2.284s] -- Up-to-date: /home/jucy/ydlidar_ws_11_29/install/nav_2d_msgs/include/nav_2d_msgs/msg/detail
[2.284s] -- Up-to-date: /home/jucy/ydlidar_ws_11_29/install/nav_2d_msgs/include/nav_2d_msgs/msg/detail/twist2_d__type_support.h
[2.284s] -- Up-to-date: /home/jucy/ydlidar_ws_11_29/install/nav_2d_msgs/include/nav_2d_msgs/msg/detail/twist2_d32__functions.h
[2.285s] -- Up-to-date: /home/jucy/ydlidar_ws_11_29/install/nav_2d_msgs/include/nav_2d_msgs/msg/detail/pose2_d32__functions.h
[2.285s] -- Up-to-date: /home/jucy/ydlidar_ws_11_29/install/nav_2d_msgs/include/nav_2d_msgs/msg/detail/twist2_d_stamped__type_support.h
[2.285s] -- Up-to-date: /home/jucy/ydlidar_ws_11_29/install/nav_2d_msgs/include/nav_2d_msgs/msg/detail/pose2_d32__struct.h
[2.285s] -- Up-to-date: /home/jucy/ydlidar_ws_11_29/install/nav_2d_msgs/include/nav_2d_msgs/msg/detail/twist2_d_stamped__functions.h
[2.285s] -- Up-to-date: /home/jucy/ydlidar_ws_11_29/install/nav_2d_msgs/include/nav_2d_msgs/msg/detail/twist2_d32__type_support.h
[2.285s] -- Up-to-date: /home/jucy/ydlidar_ws_11_29/install/nav_2d_msgs/include/nav_2d_msgs/msg/detail/twist2_d__struct.h
[2.285s] -- Up-to-date: /home/jucy/ydlidar_ws_11_29/install/nav_2d_msgs/include/nav_2d_msgs/msg/detail/pose2_d_stamped__functions.c
[2.285s] -- Up-to-date: /home/jucy/ydlidar_ws_11_29/install/nav_2d_msgs/include/nav_2d_msgs/msg/detail/pose2_d_stamped__functions.h
[2.285s] -- Up-to-date: /home/jucy/ydlidar_ws_11_29/install/nav_2d_msgs/include/nav_2d_msgs/msg/detail/path2_d__functions.c
[2.285s] -- Up-to-date: /home/jucy/ydlidar_ws_11_29/install/nav_2d_msgs/include/nav_2d_msgs/msg/detail/path2_d__type_support.h
[2.286s] -- Up-to-date: /home/jucy/ydlidar_ws_11_29/install/nav_2d_msgs/include/nav_2d_msgs/msg/detail/twist2_d32__functions.c
[2.286s] -- Up-to-date: /home/jucy/ydlidar_ws_11_29/install/nav_2d_msgs/include/nav_2d_msgs/msg/detail/twist2_d__functions.c
[2.286s] -- Up-to-date: /home/jucy/ydlidar_ws_11_29/install/nav_2d_msgs/include/nav_2d_msgs/msg/detail/twist2_d_stamped__struct.h
[2.286s] -- Up-to-date: /home/jucy/ydlidar_ws_11_29/install/nav_2d_msgs/include/nav_2d_msgs/msg/detail/twist2_d__functions.h
[2.286s] -- Up-to-date: /home/jucy/ydlidar_ws_11_29/install/nav_2d_msgs/include/nav_2d_msgs/msg/detail/twist2_d32__struct.h
[2.286s] -- Up-to-date: /home/jucy/ydlidar_ws_11_29/install/nav_2d_msgs/include/nav_2d_msgs/msg/detail/path2_d__struct.h
[2.286s] -- Up-to-date: /home/jucy/ydlidar_ws_11_29/install/nav_2d_msgs/include/nav_2d_msgs/msg/detail/path2_d__functions.h
[2.286s] -- Up-to-date: /home/jucy/ydlidar_ws_11_29/install/nav_2d_msgs/include/nav_2d_msgs/msg/detail/twist2_d_stamped__functions.c
[2.286s] -- Up-to-date: /home/jucy/ydlidar_ws_11_29/install/nav_2d_msgs/include/nav_2d_msgs/msg/detail/pose2_d_stamped__struct.h
[2.286s] -- Up-to-date: /home/jucy/ydlidar_ws_11_29/install/nav_2d_msgs/include/nav_2d_msgs/msg/detail/pose2_d32__functions.c
[2.286s] -- Up-to-date: /home/jucy/ydlidar_ws_11_29/install/nav_2d_msgs/include/nav_2d_msgs/msg/detail/pose2_d_stamped__type_support.h
[2.287s] -- Up-to-date: /home/jucy/ydlidar_ws_11_29/install/nav_2d_msgs/include/nav_2d_msgs/msg/detail/pose2_d32__type_support.h
[2.287s] -- Up-to-date: /home/jucy/ydlidar_ws_11_29/install/nav_2d_msgs/include/nav_2d_msgs/msg/pose2_d_stamped.h
[2.287s] -- Up-to-date: /home/jucy/ydlidar_ws_11_29/install/nav_2d_msgs/share/nav_2d_msgs/environment/library_path.sh
[2.287s] -- Up-to-date: /home/jucy/ydlidar_ws_11_29/install/nav_2d_msgs/share/nav_2d_msgs/environment/library_path.dsv
[2.488s] -- Up-to-date: /home/jucy/ydlidar_ws_11_29/install/nav_2d_msgs/lib/libnav_2d_msgs__rosidl_generator_c.so
[2.489s] -- Up-to-date: /home/jucy/ydlidar_ws_11_29/install/nav_2d_msgs/include/nav_2d_msgs
[2.489s] -- Up-to-date: /home/jucy/ydlidar_ws_11_29/install/nav_2d_msgs/include/nav_2d_msgs/msg
[2.490s] -- Up-to-date: /home/jucy/ydlidar_ws_11_29/install/nav_2d_msgs/include/nav_2d_msgs/msg/rosidl_typesupport_fastrtps_c__visibility_control.h
[2.490s] -- Up-to-date: /home/jucy/ydlidar_ws_11_29/install/nav_2d_msgs/include/nav_2d_msgs/msg/detail
[2.490s] -- Up-to-date: /home/jucy/ydlidar_ws_11_29/install/nav_2d_msgs/include/nav_2d_msgs/msg/detail/twist2_d32__rosidl_typesupport_fastrtps_c.h
[2.491s] -- Up-to-date: /home/jucy/ydlidar_ws_11_29/install/nav_2d_msgs/include/nav_2d_msgs/msg/detail/pose2_d_stamped__rosidl_typesupport_fastrtps_c.h
[2.491s] -- Up-to-date: /home/jucy/ydlidar_ws_11_29/install/nav_2d_msgs/include/nav_2d_msgs/msg/detail/pose2_d32__rosidl_typesupport_fastrtps_c.h
[2.491s] -- Up-to-date: /home/jucy/ydlidar_ws_11_29/install/nav_2d_msgs/include/nav_2d_msgs/msg/detail/path2_d__rosidl_typesupport_fastrtps_c.h
[2.491s] -- Up-to-date: /home/jucy/ydlidar_ws_11_29/install/nav_2d_msgs/include/nav_2d_msgs/msg/detail/twist2_d__rosidl_typesupport_fastrtps_c.h
[2.491s] -- Up-to-date: /home/jucy/ydlidar_ws_11_29/install/nav_2d_msgs/include/nav_2d_msgs/msg/detail/twist2_d_stamped__rosidl_typesupport_fastrtps_c.h
[2.494s] -- Up-to-date: /home/jucy/ydlidar_ws_11_29/install/nav_2d_msgs/lib/libnav_2d_msgs__rosidl_typesupport_fastrtps_c.so
[2.495s] -- Up-to-date: /home/jucy/ydlidar_ws_11_29/install/nav_2d_msgs/include/nav_2d_msgs
[2.496s] -- Up-to-date: /home/jucy/ydlidar_ws_11_29/install/nav_2d_msgs/include/nav_2d_msgs/msg
[2.496s] -- Up-to-date: /home/jucy/ydlidar_ws_11_29/install/nav_2d_msgs/include/nav_2d_msgs/msg/rosidl_typesupport_fastrtps_cpp__visibility_control.h
[2.496s] -- Up-to-date: /home/jucy/ydlidar_ws_11_29/install/nav_2d_msgs/include/nav_2d_msgs/msg/detail
[2.496s] -- Up-to-date: /home/jucy/ydlidar_ws_11_29/install/nav_2d_msgs/include/nav_2d_msgs/msg/detail/twist2_d32__rosidl_typesupport_fastrtps_cpp.hpp
[2.497s] -- Up-to-date: /home/jucy/ydlidar_ws_11_29/install/nav_2d_msgs/include/nav_2d_msgs/msg/detail/twist2_d_stamped__rosidl_typesupport_fastrtps_cpp.hpp
[2.497s] -- Up-to-date: /home/jucy/ydlidar_ws_11_29/install/nav_2d_msgs/include/nav_2d_msgs/msg/detail/pose2_d32__rosidl_typesupport_fastrtps_cpp.hpp
[2.497s] -- Up-to-date: /home/jucy/ydlidar_ws_11_29/install/nav_2d_msgs/include/nav_2d_msgs/msg/detail/pose2_d_stamped__rosidl_typesupport_fastrtps_cpp.hpp
[2.497s] -- Up-to-date: /home/jucy/ydlidar_ws_11_29/install/nav_2d_msgs/include/nav_2d_msgs/msg/detail/path2_d__rosidl_typesupport_fastrtps_cpp.hpp
[2.497s] -- Up-to-date: /home/jucy/ydlidar_ws_11_29/install/nav_2d_msgs/include/nav_2d_msgs/msg/detail/twist2_d__rosidl_typesupport_fastrtps_cpp.hpp
[2.498s] -- Up-to-date: /home/jucy/ydlidar_ws_11_29/install/nav_2d_msgs/include/nav_2d_msgs/msg/detail/dds_fastrtps
[2.550s] -- Up-to-date: /home/jucy/ydlidar_ws_11_29/install/nav_2d_msgs/lib/libnav_2d_msgs__rosidl_typesupport_fastrtps_cpp.so
[2.551s] -- Up-to-date: /home/jucy/ydlidar_ws_11_29/install/nav_2d_msgs/include/nav_2d_msgs
[2.552s] -- Up-to-date: /home/jucy/ydlidar_ws_11_29/install/nav_2d_msgs/include/nav_2d_msgs/msg
[2.553s] -- Up-to-date: /home/jucy/ydlidar_ws_11_29/install/nav_2d_msgs/include/nav_2d_msgs/msg/rosidl_typesupport_introspection_c__visibility_control.h
[2.553s] -- Up-to-date: /home/jucy/ydlidar_ws_11_29/install/nav_2d_msgs/include/nav_2d_msgs/msg/detail
[2.554s] -- Up-to-date: /home/jucy/ydlidar_ws_11_29/install/nav_2d_msgs/include/nav_2d_msgs/msg/detail/twist2_d_stamped__rosidl_typesupport_introspection_c.h
[2.554s] -- Up-to-date: /home/jucy/ydlidar_ws_11_29/install/nav_2d_msgs/include/nav_2d_msgs/msg/detail/twist2_d__rosidl_typesupport_introspection_c.h
[2.555s] -- Up-to-date: /home/jucy/ydlidar_ws_11_29/install/nav_2d_msgs/include/nav_2d_msgs/msg/detail/pose2_d_stamped__rosidl_typesupport_introspection_c.h
[2.555s] -- Up-to-date: /home/jucy/ydlidar_ws_11_29/install/nav_2d_msgs/include/nav_2d_msgs/msg/detail/pose2_d_stamped__type_support.c
[2.556s] -- Up-to-date: /home/jucy/ydlidar_ws_11_29/install/nav_2d_msgs/include/nav_2d_msgs/msg/detail/pose2_d32__rosidl_typesupport_introspection_c.h
[2.556s] -- Up-to-date: /home/jucy/ydlidar_ws_11_29/install/nav_2d_msgs/include/nav_2d_msgs/msg/detail/path2_d__rosidl_typesupport_introspection_c.h
[2.557s] -- Up-to-date: /home/jucy/ydlidar_ws_11_29/install/nav_2d_msgs/include/nav_2d_msgs/msg/detail/path2_d__type_support.c
[2.557s] -- Up-to-date: /home/jucy/ydlidar_ws_11_29/install/nav_2d_msgs/include/nav_2d_msgs/msg/detail/twist2_d_stamped__type_support.c
[2.558s] -- Up-to-date: /home/jucy/ydlidar_ws_11_29/install/nav_2d_msgs/include/nav_2d_msgs/msg/detail/twist2_d32__rosidl_typesupport_introspection_c.h
[2.558s] -- Up-to-date: /home/jucy/ydlidar_ws_11_29/install/nav_2d_msgs/include/nav_2d_msgs/msg/detail/twist2_d__type_support.c
[2.559s] -- Up-to-date: /home/jucy/ydlidar_ws_11_29/install/nav_2d_msgs/include/nav_2d_msgs/msg/detail/pose2_d32__type_support.c
[2.559s] -- Up-to-date: /home/jucy/ydlidar_ws_11_29/install/nav_2d_msgs/include/nav_2d_msgs/msg/detail/twist2_d32__type_support.c
[2.560s] -- Up-to-date: /home/jucy/ydlidar_ws_11_29/install/nav_2d_msgs/lib/libnav_2d_msgs__rosidl_typesupport_introspection_c.so
[2.561s] -- Up-to-date: /home/jucy/ydlidar_ws_11_29/install/nav_2d_msgs/lib/libnav_2d_msgs__rosidl_typesupport_c.so
[2.562s] -- Up-to-date: /home/jucy/ydlidar_ws_11_29/install/nav_2d_msgs/include/nav_2d_msgs
[2.562s] -- Up-to-date: /home/jucy/ydlidar_ws_11_29/install/nav_2d_msgs/include/nav_2d_msgs/msg
[2.563s] -- Up-to-date: /home/jucy/ydlidar_ws_11_29/install/nav_2d_msgs/include/nav_2d_msgs/msg/path2_d.hpp
[2.563s] -- Up-to-date: /home/jucy/ydlidar_ws_11_29/install/nav_2d_msgs/include/nav_2d_msgs/msg/rosidl_generator_cpp__visibility_control.hpp
[2.564s] -- Up-to-date: /home/jucy/ydlidar_ws_11_29/install/nav_2d_msgs/include/nav_2d_msgs/msg/twist2_d_stamped.hpp
[2.564s] -- Up-to-date: /home/jucy/ydlidar_ws_11_29/install/nav_2d_msgs/include/nav_2d_msgs/msg/pose2_d32.hpp
[2.564s] -- Up-to-date: /home/jucy/ydlidar_ws_11_29/install/nav_2d_msgs/include/nav_2d_msgs/msg/pose2_d_stamped.hpp
[2.565s] -- Up-to-date: /home/jucy/ydlidar_ws_11_29/install/nav_2d_msgs/include/nav_2d_msgs/msg/detail
[2.565s] -- Up-to-date: /home/jucy/ydlidar_ws_11_29/install/nav_2d_msgs/include/nav_2d_msgs/msg/detail/pose2_d_stamped__traits.hpp
[2.565s] -- Up-to-date: /home/jucy/ydlidar_ws_11_29/install/nav_2d_msgs/include/nav_2d_msgs/msg/detail/twist2_d_stamped__traits.hpp
[2.565s] -- Up-to-date: /home/jucy/ydlidar_ws_11_29/install/nav_2d_msgs/include/nav_2d_msgs/msg/detail/twist2_d32__builder.hpp
[2.566s] -- Up-to-date: /home/jucy/ydlidar_ws_11_29/install/nav_2d_msgs/include/nav_2d_msgs/msg/detail/twist2_d__type_support.hpp
[2.566s] -- Up-to-date: /home/jucy/ydlidar_ws_11_29/install/nav_2d_msgs/include/nav_2d_msgs/msg/detail/twist2_d_stamped__struct.hpp
[2.566s] -- Up-to-date: /home/jucy/ydlidar_ws_11_29/install/nav_2d_msgs/include/nav_2d_msgs/msg/detail/path2_d__traits.hpp
[2.566s] -- Up-to-date: /home/jucy/ydlidar_ws_11_29/install/nav_2d_msgs/include/nav_2d_msgs/msg/detail/pose2_d32__type_support.hpp
[2.566s] -- Up-to-date: /home/jucy/ydlidar_ws_11_29/install/nav_2d_msgs/include/nav_2d_msgs/msg/detail/path2_d__builder.hpp
[2.566s] -- Up-to-date: /home/jucy/ydlidar_ws_11_29/install/nav_2d_msgs/include/nav_2d_msgs/msg/detail/pose2_d_stamped__type_support.hpp
[2.567s] -- Up-to-date: /home/jucy/ydlidar_ws_11_29/install/nav_2d_msgs/include/nav_2d_msgs/msg/detail/twist2_d__struct.hpp
[2.567s] -- Up-to-date: /home/jucy/ydlidar_ws_11_29/install/nav_2d_msgs/include/nav_2d_msgs/msg/detail/path2_d__type_support.hpp
[2.567s] -- Up-to-date: /home/jucy/ydlidar_ws_11_29/install/nav_2d_msgs/include/nav_2d_msgs/msg/detail/pose2_d32__builder.hpp
[2.567s] -- Up-to-date: /home/jucy/ydlidar_ws_11_29/install/nav_2d_msgs/include/nav_2d_msgs/msg/detail/twist2_d__traits.hpp
[2.567s] -- Up-to-date: /home/jucy/ydlidar_ws_11_29/install/nav_2d_msgs/include/nav_2d_msgs/msg/detail/twist2_d_stamped__type_support.hpp
[2.567s] -- Up-to-date: /home/jucy/ydlidar_ws_11_29/install/nav_2d_msgs/include/nav_2d_msgs/msg/detail/pose2_d32__struct.hpp
[2.567s] -- Up-to-date: /home/jucy/ydlidar_ws_11_29/install/nav_2d_msgs/include/nav_2d_msgs/msg/detail/twist2_d32__type_support.hpp
[2.567s] -- Up-to-date: /home/jucy/ydlidar_ws_11_29/install/nav_2d_msgs/include/nav_2d_msgs/msg/detail/path2_d__struct.hpp
[2.568s] -- Up-to-date: /home/jucy/ydlidar_ws_11_29/install/nav_2d_msgs/include/nav_2d_msgs/msg/detail/twist2_d32__struct.hpp
[2.568s] -- Up-to-date: /home/jucy/ydlidar_ws_11_29/install/nav_2d_msgs/include/nav_2d_msgs/msg/detail/pose2_d32__traits.hpp
[2.568s] -- Up-to-date: /home/jucy/ydlidar_ws_11_29/install/nav_2d_msgs/include/nav_2d_msgs/msg/detail/pose2_d_stamped__builder.hpp
[2.568s] -- Up-to-date: /home/jucy/ydlidar_ws_11_29/install/nav_2d_msgs/include/nav_2d_msgs/msg/detail/twist2_d32__traits.hpp
[2.568s] -- Up-to-date: /home/jucy/ydlidar_ws_11_29/install/nav_2d_msgs/include/nav_2d_msgs/msg/detail/twist2_d_stamped__builder.hpp
[2.568s] -- Up-to-date: /home/jucy/ydlidar_ws_11_29/install/nav_2d_msgs/include/nav_2d_msgs/msg/detail/pose2_d_stamped__struct.hpp
[2.568s] -- Up-to-date: /home/jucy/ydlidar_ws_11_29/install/nav_2d_msgs/include/nav_2d_msgs/msg/detail/twist2_d__builder.hpp
[2.569s] -- Up-to-date: /home/jucy/ydlidar_ws_11_29/install/nav_2d_msgs/include/nav_2d_msgs/msg/twist2_d32.hpp
[2.569s] -- Up-to-date: /home/jucy/ydlidar_ws_11_29/install/nav_2d_msgs/include/nav_2d_msgs/msg/twist2_d.hpp
[2.569s] -- Up-to-date: /home/jucy/ydlidar_ws_11_29/install/nav_2d_msgs/include/nav_2d_msgs
[2.569s] -- Up-to-date: /home/jucy/ydlidar_ws_11_29/install/nav_2d_msgs/include/nav_2d_msgs/msg
[2.569s] -- Up-to-date: /home/jucy/ydlidar_ws_11_29/install/nav_2d_msgs/include/nav_2d_msgs/msg/detail
[2.569s] -- Up-to-date: /home/jucy/ydlidar_ws_11_29/install/nav_2d_msgs/include/nav_2d_msgs/msg/detail/path2_d__rosidl_typesupport_introspection_cpp.hpp
[2.569s] -- Up-to-date: /home/jucy/ydlidar_ws_11_29/install/nav_2d_msgs/include/nav_2d_msgs/msg/detail/twist2_d_stamped__rosidl_typesupport_introspection_cpp.hpp
[2.570s] -- Up-to-date: /home/jucy/ydlidar_ws_11_29/install/nav_2d_msgs/include/nav_2d_msgs/msg/detail/twist2_d__type_support.cpp
[2.570s] -- Up-to-date: /home/jucy/ydlidar_ws_11_29/install/nav_2d_msgs/include/nav_2d_msgs/msg/detail/twist2_d32__type_support.cpp
[2.570s] -- Up-to-date: /home/jucy/ydlidar_ws_11_29/install/nav_2d_msgs/include/nav_2d_msgs/msg/detail/twist2_d__rosidl_typesupport_introspection_cpp.hpp
[2.570s] -- Up-to-date: /home/jucy/ydlidar_ws_11_29/install/nav_2d_msgs/include/nav_2d_msgs/msg/detail/pose2_d32__rosidl_typesupport_introspection_cpp.hpp
[2.570s] -- Up-to-date: /home/jucy/ydlidar_ws_11_29/install/nav_2d_msgs/include/nav_2d_msgs/msg/detail/twist2_d_stamped__type_support.cpp
[2.571s] -- Up-to-date: /home/jucy/ydlidar_ws_11_29/install/nav_2d_msgs/include/nav_2d_msgs/msg/detail/pose2_d_stamped__type_support.cpp
[2.571s] -- Up-to-date: /home/jucy/ydlidar_ws_11_29/install/nav_2d_msgs/include/nav_2d_msgs/msg/detail/twist2_d32__rosidl_typesupport_introspection_cpp.hpp
[2.571s] -- Up-to-date: /home/jucy/ydlidar_ws_11_29/install/nav_2d_msgs/include/nav_2d_msgs/msg/detail/pose2_d32__type_support.cpp
[2.571s] -- Up-to-date: /home/jucy/ydlidar_ws_11_29/install/nav_2d_msgs/include/nav_2d_msgs/msg/detail/path2_d__type_support.cpp
[2.571s] -- Up-to-date: /home/jucy/ydlidar_ws_11_29/install/nav_2d_msgs/include/nav_2d_msgs/msg/detail/pose2_d_stamped__rosidl_typesupport_introspection_cpp.hpp
[2.595s] -- Up-to-date: /home/jucy/ydlidar_ws_11_29/install/nav_2d_msgs/lib/libnav_2d_msgs__rosidl_typesupport_introspection_cpp.so
[2.645s] -- Up-to-date: /home/jucy/ydlidar_ws_11_29/install/nav_2d_msgs/lib/libnav_2d_msgs__rosidl_typesupport_cpp.so
[2.646s] -- Up-to-date: /home/jucy/ydlidar_ws_11_29/install/nav_2d_msgs/share/nav_2d_msgs/environment/pythonpath.sh
[2.647s] -- Up-to-date: /home/jucy/ydlidar_ws_11_29/install/nav_2d_msgs/share/nav_2d_msgs/environment/pythonpath.dsv
[2.647s] -- Up-to-date: /home/jucy/ydlidar_ws_11_29/install/nav_2d_msgs/lib/python3.8/site-packages/nav_2d_msgs/__init__.py
[2.728s] -- Up-to-date: /home/jucy/ydlidar_ws_11_29/install/nav_2d_msgs/lib/python3.8/site-packages/nav_2d_msgs/msg
[2.729s] -- Up-to-date: /home/jucy/ydlidar_ws_11_29/install/nav_2d_msgs/lib/python3.8/site-packages/nav_2d_msgs/msg/_twist2_d32.py
[2.729s] -- Up-to-date: /home/jucy/ydlidar_ws_11_29/install/nav_2d_msgs/lib/python3.8/site-packages/nav_2d_msgs/msg/_pose2_d32_s.c
[2.729s] -- Up-to-date: /home/jucy/ydlidar_ws_11_29/install/nav_2d_msgs/lib/python3.8/site-packages/nav_2d_msgs/msg/_path2_d_s.c
[2.729s] -- Up-to-date: /home/jucy/ydlidar_ws_11_29/install/nav_2d_msgs/lib/python3.8/site-packages/nav_2d_msgs/msg/_twist2_d32_s.c
[2.729s] -- Up-to-date: /home/jucy/ydlidar_ws_11_29/install/nav_2d_msgs/lib/python3.8/site-packages/nav_2d_msgs/msg/_twist2_d_s.c
[2.729s] -- Up-to-date: /home/jucy/ydlidar_ws_11_29/install/nav_2d_msgs/lib/python3.8/site-packages/nav_2d_msgs/msg/_twist2_d.py
[2.729s] -- Up-to-date: /home/jucy/ydlidar_ws_11_29/install/nav_2d_msgs/lib/python3.8/site-packages/nav_2d_msgs/msg/_twist2_d_stamped.py
[2.729s] -- Up-to-date: /home/jucy/ydlidar_ws_11_29/install/nav_2d_msgs/lib/python3.8/site-packages/nav_2d_msgs/msg/_pose2_d_stamped.py
[2.729s] -- Up-to-date: /home/jucy/ydlidar_ws_11_29/install/nav_2d_msgs/lib/python3.8/site-packages/nav_2d_msgs/msg/_pose2_d_stamped_s.c
[2.729s] -- Up-to-date: /home/jucy/ydlidar_ws_11_29/install/nav_2d_msgs/lib/python3.8/site-packages/nav_2d_msgs/msg/_path2_d.py
[2.729s] -- Up-to-date: /home/jucy/ydlidar_ws_11_29/install/nav_2d_msgs/lib/python3.8/site-packages/nav_2d_msgs/msg/__init__.py
[2.729s] -- Up-to-date: /home/jucy/ydlidar_ws_11_29/install/nav_2d_msgs/lib/python3.8/site-packages/nav_2d_msgs/msg/_twist2_d_stamped_s.c
[2.729s] -- Up-to-date: /home/jucy/ydlidar_ws_11_29/install/nav_2d_msgs/lib/python3.8/site-packages/nav_2d_msgs/msg/_pose2_d32.py
[2.730s] -- Up-to-date: /home/jucy/ydlidar_ws_11_29/install/nav_2d_msgs/lib/python3.8/site-packages/nav_2d_msgs/nav_2d_msgs_s__rosidl_typesupport_fastrtps_c.cpython-38-x86_64-linux-gnu.so
[2.756s] -- Up-to-date: /home/jucy/ydlidar_ws_11_29/install/nav_2d_msgs/lib/python3.8/site-packages/nav_2d_msgs/nav_2d_msgs_s__rosidl_typesupport_introspection_c.cpython-38-x86_64-linux-gnu.so
[2.757s] -- Up-to-date: /home/jucy/ydlidar_ws_11_29/install/nav_2d_msgs/lib/python3.8/site-packages/nav_2d_msgs/nav_2d_msgs_s__rosidl_typesupport_c.cpython-38-x86_64-linux-gnu.so
[2.759s] -- Up-to-date: /home/jucy/ydlidar_ws_11_29/install/nav_2d_msgs/lib/libnav_2d_msgs__python.so
[2.760s] -- Up-to-date: /home/jucy/ydlidar_ws_11_29/install/nav_2d_msgs/share/nav_2d_msgs/msg/Path2D.idl
[2.760s] -- Up-to-date: /home/jucy/ydlidar_ws_11_29/install/nav_2d_msgs/share/nav_2d_msgs/msg/Pose2D32.idl
[2.760s] -- Up-to-date: /home/jucy/ydlidar_ws_11_29/install/nav_2d_msgs/share/nav_2d_msgs/msg/Pose2DStamped.idl
[2.760s] -- Up-to-date: /home/jucy/ydlidar_ws_11_29/install/nav_2d_msgs/share/nav_2d_msgs/msg/Twist2D.idl
[2.760s] -- Up-to-date: /home/jucy/ydlidar_ws_11_29/install/nav_2d_msgs/share/nav_2d_msgs/msg/Twist2D32.idl
[2.760s] -- Up-to-date: /home/jucy/ydlidar_ws_11_29/install/nav_2d_msgs/share/nav_2d_msgs/msg/Twist2DStamped.idl
[2.760s] -- Up-to-date: /home/jucy/ydlidar_ws_11_29/install/nav_2d_msgs/share/nav_2d_msgs/msg/Path2D.msg
[2.760s] -- Up-to-date: /home/jucy/ydlidar_ws_11_29/install/nav_2d_msgs/share/nav_2d_msgs/msg/Pose2D32.msg
[2.761s] -- Up-to-date: /home/jucy/ydlidar_ws_11_29/install/nav_2d_msgs/share/nav_2d_msgs/msg/Pose2DStamped.msg
[2.761s] -- Up-to-date: /home/jucy/ydlidar_ws_11_29/install/nav_2d_msgs/share/nav_2d_msgs/msg/Twist2D.msg
[2.761s] -- Up-to-date: /home/jucy/ydlidar_ws_11_29/install/nav_2d_msgs/share/nav_2d_msgs/msg/Twist2D32.msg
[2.761s] -- Up-to-date: /home/jucy/ydlidar_ws_11_29/install/nav_2d_msgs/share/nav_2d_msgs/msg/Twist2DStamped.msg
[2.761s] -- Up-to-date: /home/jucy/ydlidar_ws_11_29/install/nav_2d_msgs/share/ament_index/resource_index/package_run_dependencies/nav_2d_msgs
[2.761s] -- Up-to-date: /home/jucy/ydlidar_ws_11_29/install/nav_2d_msgs/share/ament_index/resource_index/parent_prefix_path/nav_2d_msgs
[2.761s] -- Up-to-date: /home/jucy/ydlidar_ws_11_29/install/nav_2d_msgs/share/nav_2d_msgs/environment/ament_prefix_path.sh
[2.761s] -- Up-to-date: /home/jucy/ydlidar_ws_11_29/install/nav_2d_msgs/share/nav_2d_msgs/environment/ament_prefix_path.dsv
[2.761s] -- Up-to-date: /home/jucy/ydlidar_ws_11_29/install/nav_2d_msgs/share/nav_2d_msgs/environment/path.sh
[2.761s] -- Up-to-date: /home/jucy/ydlidar_ws_11_29/install/nav_2d_msgs/share/nav_2d_msgs/environment/path.dsv
[2.761s] -- Up-to-date: /home/jucy/ydlidar_ws_11_29/install/nav_2d_msgs/share/nav_2d_msgs/local_setup.bash
[2.761s] -- Up-to-date: /home/jucy/ydlidar_ws_11_29/install/nav_2d_msgs/share/nav_2d_msgs/local_setup.sh
[2.761s] -- Up-to-date: /home/jucy/ydlidar_ws_11_29/install/nav_2d_msgs/share/nav_2d_msgs/local_setup.zsh
[2.761s] -- Up-to-date: /home/jucy/ydlidar_ws_11_29/install/nav_2d_msgs/share/nav_2d_msgs/local_setup.dsv
[2.761s] -- Installing: /home/jucy/ydlidar_ws_11_29/install/nav_2d_msgs/share/nav_2d_msgs/package.dsv
[2.802s] -- Up-to-date: /home/jucy/ydlidar_ws_11_29/install/nav_2d_msgs/share/ament_index/resource_index/packages/nav_2d_msgs
[2.805s] -- Up-to-date: /home/jucy/ydlidar_ws_11_29/install/nav_2d_msgs/share/nav_2d_msgs/cmake/nav_2d_msgs__rosidl_generator_cExport.cmake
[2.806s] -- Up-to-date: /home/jucy/ydlidar_ws_11_29/install/nav_2d_msgs/share/nav_2d_msgs/cmake/nav_2d_msgs__rosidl_generator_cExport-noconfig.cmake
[2.806s] -- Up-to-date: /home/jucy/ydlidar_ws_11_29/install/nav_2d_msgs/share/nav_2d_msgs/cmake/nav_2d_msgs__rosidl_typesupport_introspection_cExport.cmake
[2.807s] -- Up-to-date: /home/jucy/ydlidar_ws_11_29/install/nav_2d_msgs/share/nav_2d_msgs/cmake/nav_2d_msgs__rosidl_typesupport_introspection_cExport-noconfig.cmake
[2.807s] -- Up-to-date: /home/jucy/ydlidar_ws_11_29/install/nav_2d_msgs/share/nav_2d_msgs/cmake/nav_2d_msgs__rosidl_typesupport_cExport.cmake
[2.808s] -- Up-to-date: /home/jucy/ydlidar_ws_11_29/install/nav_2d_msgs/share/nav_2d_msgs/cmake/nav_2d_msgs__rosidl_typesupport_cExport-noconfig.cmake
[2.809s] -- Up-to-date: /home/jucy/ydlidar_ws_11_29/install/nav_2d_msgs/share/nav_2d_msgs/cmake/nav_2d_msgs__rosidl_generator_cppExport.cmake
[2.811s] -- Up-to-date: /home/jucy/ydlidar_ws_11_29/install/nav_2d_msgs/share/nav_2d_msgs/cmake/nav_2d_msgs__rosidl_typesupport_introspection_cppExport.cmake
[2.812s] -- Up-to-date: /home/jucy/ydlidar_ws_11_29/install/nav_2d_msgs/share/nav_2d_msgs/cmake/nav_2d_msgs__rosidl_typesupport_introspection_cppExport-noconfig.cmake
[2.812s] -- Up-to-date: /home/jucy/ydlidar_ws_11_29/install/nav_2d_msgs/share/nav_2d_msgs/cmake/nav_2d_msgs__rosidl_typesupport_cppExport.cmake
[2.813s] -- Up-to-date: /home/jucy/ydlidar_ws_11_29/install/nav_2d_msgs/share/nav_2d_msgs/cmake/nav_2d_msgs__rosidl_typesupport_cppExport-noconfig.cmake
[2.813s] -- Up-to-date: /home/jucy/ydlidar_ws_11_29/install/nav_2d_msgs/share/nav_2d_msgs/cmake/rosidl_cmake-extras.cmake
[2.814s] -- Up-to-date: /home/jucy/ydlidar_ws_11_29/install/nav_2d_msgs/share/nav_2d_msgs/cmake/ament_cmake_export_dependencies-extras.cmake
[2.814s] -- Up-to-date: /home/jucy/ydlidar_ws_11_29/install/nav_2d_msgs/share/nav_2d_msgs/cmake/ament_cmake_export_libraries-extras.cmake
[2.815s] -- Up-to-date: /home/jucy/ydlidar_ws_11_29/install/nav_2d_msgs/share/nav_2d_msgs/cmake/ament_cmake_export_targets-extras.cmake
[2.815s] -- Up-to-date: /home/jucy/ydlidar_ws_11_29/install/nav_2d_msgs/share/nav_2d_msgs/cmake/ament_cmake_export_include_directories-extras.cmake
[2.815s] -- Up-to-date: /home/jucy/ydlidar_ws_11_29/install/nav_2d_msgs/share/nav_2d_msgs/cmake/rosidl_cmake_export_typesupport_libraries-extras.cmake
[2.816s] -- Up-to-date: /home/jucy/ydlidar_ws_11_29/install/nav_2d_msgs/share/nav_2d_msgs/cmake/rosidl_cmake_export_typesupport_targets-extras.cmake
[2.816s] -- Up-to-date: /home/jucy/ydlidar_ws_11_29/install/nav_2d_msgs/share/nav_2d_msgs/cmake/nav_2d_msgsConfig.cmake
[2.816s] -- Up-to-date: /home/jucy/ydlidar_ws_11_29/install/nav_2d_msgs/share/nav_2d_msgs/cmake/nav_2d_msgsConfig-version.cmake
[2.817s] -- Up-to-date: /home/jucy/ydlidar_ws_11_29/install/nav_2d_msgs/share/nav_2d_msgs/package.xml
[2.824s] Invoked command in '/home/jucy/ydlidar_ws_11_29/build/nav_2d_msgs' returned '0': CMAKE_PREFIX_PATH=${CMAKE_PREFIX_PATH}:/home/jucy/ydlidar_ws_11_29/install/nav2_gazebo_spawner:/home/jucy/ydlidar_ws_11_29/install/jdamr200_node:/home/jucy/turtlebot3_ws/install/turtlebot3_teleop:/home/jucy/turtlebot3_ws/install/turtlebot3_example:/home/jucy/turtlebot3_ws/install/nav2_goal_pulisher_test:/home/jucy/turtlebot3_ws/install/nav2_goal_publisher:/home/jucy/ros2_ws/install/nav2_simple_commander:/home/jucy/ros2_ws/install/nav2_gazebo_spawner:/home/jucy/ros2_ws/install/camera_udp_communication:/home/jucy/ros2_ws/install/agv_control_py:/home/jucy/ydlidar_ros2_ws/install/jdamr200_teleop:/home/jucy/ydlidar_ros2_ws/install/jdamr200_node /usr/bin/cmake --install /home/jucy/ydlidar_ws_11_29/build/nav_2d_msgs
