[0.040s] Invoking command in '/home/jucy/ydlidar_ws_11_29/build/myagv_description': /usr/bin/cmake --build /home/jucy/ydlidar_ws_11_29/build/myagv_description -- -j12 -l12
[0.479s] Invoked command in '/home/jucy/ydlidar_ws_11_29/build/myagv_description' returned '0': /usr/bin/cmake --build /home/jucy/ydlidar_ws_11_29/build/myagv_description -- -j12 -l12
[0.482s] Invoking command in '/home/jucy/ydlidar_ws_11_29/build/myagv_description': /usr/bin/cmake --install /home/jucy/ydlidar_ws_11_29/build/myagv_description
[0.534s] -- Install configuration: ""
[0.534s] -- Up-to-date: /home/jucy/ydlidar_ws_11_29/install/myagv_description/share/myagv_description/config
[0.534s] -- Up-to-date: /home/jucy/ydlidar_ws_11_29/install/myagv_description/share/myagv_description/config/joint_names_aseembly.yaml
[0.534s] -- Up-to-date: /home/jucy/ydlidar_ws_11_29/install/myagv_description/share/myagv_description/launch
[0.534s] -- Up-to-date: /home/jucy/ydlidar_ws_11_29/install/myagv_description/share/myagv_description/launch/display_s.launch.py
[0.534s] -- Up-to-date: /home/jucy/ydlidar_ws_11_29/install/myagv_description/share/myagv_description/launch/gazebo.launch
[0.535s] -- Up-to-date: /home/jucy/ydlidar_ws_11_29/install/myagv_description/share/myagv_description/launch/transform_publisher.launch.py
[0.535s] -- Up-to-date: /home/jucy/ydlidar_ws_11_29/install/myagv_description/share/myagv_description/launch/display.launch.py
[0.535s] -- Up-to-date: /home/jucy/ydlidar_ws_11_29/install/myagv_description/share/myagv_description/launch/robot_state_publisher.launch.py
[0.535s] -- Up-to-date: /home/jucy/ydlidar_ws_11_29/install/myagv_description/share/myagv_description/meshes
[0.535s] -- Up-to-date: /home/jucy/ydlidar_ws_11_29/install/myagv_description/share/myagv_description/meshes/wheele4_link.STL
[0.535s] -- Up-to-date: /home/jucy/ydlidar_ws_11_29/install/myagv_description/share/myagv_description/meshes/wheele2_link.STL
[0.535s] -- Up-to-date: /home/jucy/ydlidar_ws_11_29/install/myagv_description/share/myagv_description/meshes/wheele3_link.STL
[0.535s] -- Up-to-date: /home/jucy/ydlidar_ws_11_29/install/myagv_description/share/myagv_description/meshes/base_link.STL
[0.536s] -- Up-to-date: /home/jucy/ydlidar_ws_11_29/install/myagv_description/share/myagv_description/meshes/wheele1_link.STL
[0.536s] -- Up-to-date: /home/jucy/ydlidar_ws_11_29/install/myagv_description/share/myagv_description/meshes/lidar_link.STL
[0.537s] -- Up-to-date: /home/jucy/ydlidar_ws_11_29/install/myagv_description/share/myagv_description/urdf
[0.537s] -- Up-to-date: /home/jucy/ydlidar_ws_11_29/install/myagv_description/share/myagv_description/urdf/myagv_description.urdf
[0.537s] -- Up-to-date: /home/jucy/ydlidar_ws_11_29/install/myagv_description/share/myagv_description/urdf/myagv_description.csv
[0.537s] -- Up-to-date: /home/jucy/ydlidar_ws_11_29/install/myagv_description/share/ament_index/resource_index/package_run_dependencies/myagv_description
[0.537s] -- Up-to-date: /home/jucy/ydlidar_ws_11_29/install/myagv_description/share/ament_index/resource_index/parent_prefix_path/myagv_description
[0.537s] -- Up-to-date: /home/jucy/ydlidar_ws_11_29/install/myagv_description/share/myagv_description/environment/ament_prefix_path.sh
[0.537s] -- Up-to-date: /home/jucy/ydlidar_ws_11_29/install/myagv_description/share/myagv_description/environment/ament_prefix_path.dsv
[0.537s] -- Up-to-date: /home/jucy/ydlidar_ws_11_29/install/myagv_description/share/myagv_description/environment/path.sh
[0.537s] -- Up-to-date: /home/jucy/ydlidar_ws_11_29/install/myagv_description/share/myagv_description/environment/path.dsv
[0.537s] -- Up-to-date: /home/jucy/ydlidar_ws_11_29/install/myagv_description/share/myagv_description/local_setup.bash
[0.537s] -- Up-to-date: /home/jucy/ydlidar_ws_11_29/install/myagv_description/share/myagv_description/local_setup.sh
[0.538s] -- Up-to-date: /home/jucy/ydlidar_ws_11_29/install/myagv_description/share/myagv_description/local_setup.zsh
[0.538s] -- Up-to-date: /home/jucy/ydlidar_ws_11_29/install/myagv_description/share/myagv_description/local_setup.dsv
[0.538s] -- Installing: /home/jucy/ydlidar_ws_11_29/install/myagv_description/share/myagv_description/package.dsv
[0.538s] -- Up-to-date: /home/jucy/ydlidar_ws_11_29/install/myagv_description/share/ament_index/resource_index/packages/myagv_description
[0.538s] -- Up-to-date: /home/jucy/ydlidar_ws_11_29/install/myagv_description/share/myagv_description/cmake/myagv_descriptionConfig.cmake
[0.538s] -- Up-to-date: /home/jucy/ydlidar_ws_11_29/install/myagv_description/share/myagv_description/cmake/myagv_descriptionConfig-version.cmake
[0.538s] -- Up-to-date: /home/jucy/ydlidar_ws_11_29/install/myagv_description/share/myagv_description/package.xml
[0.538s] Invoked command in '/home/jucy/ydlidar_ws_11_29/build/myagv_description' returned '0': /usr/bin/cmake --install /home/jucy/ydlidar_ws_11_29/build/myagv_description
