[0.036s] Invoking command in '/home/jucy/ydlidar_ws_11_29/ydlidar_ws/build/dwb_msgs': AMENT_PREFIX_PATH=/home/jucy/ydlidar_ws_11_29/ydlidar_ws/install/nav_2d_msgs:${AMENT_PREFIX_PATH} CMAKE_PREFIX_PATH=/home/jucy/ydlidar_ws_11_29/ydlidar_ws/install/nav_2d_msgs:/home/jucy/ydlidar_ws_11_29/install/ydlidar_ros2_driver:/home/jucy/ydlidar_ws_11_29/install/nav2_system_tests:/home/jucy/ydlidar_ws_11_29/install/myagv_navigation2:/home/jucy/ydlidar_ws_11_29/install/nav2_bringup:/home/jucy/ydlidar_ws_11_29/install/navigation2:/home/jucy/ydlidar_ws_11_29/install/smac_planner:/home/jucy/ydlidar_ws_11_29/install/nav2_dwb_controller:/home/jucy/ydlidar_ws_11_29/install/nav2_controller:/home/jucy/ydlidar_ws_11_29/install/dwb_plugins:/home/jucy/ydlidar_ws_11_29/install/dwb_critics:/home/jucy/ydlidar_ws_11_29/install/dwb_core:/home/jucy/ydlidar_ws_11_29/install/nav_2d_utils:/home/jucy/ydlidar_ws_11_29/install/dwb_msgs:/home/jucy/ydlidar_ws_11_29/install/nav_2d_msgs:/home/jucy/ydlidar_ws_11_29/install/nav2_waypoint_follower:/home/jucy/ydlidar_ws_11_29/install/nav2_regulated_pure_pursuit_controller:/home/jucy/ydlidar_ws_11_29/install/nav2_recoveries:/home/jucy/ydlidar_ws_11_29/install/nav2_planner:/home/jucy/ydlidar_ws_11_29/install/nav2_navfn_planner:/home/jucy/ydlidar_ws_11_29/install/nav2_core:/home/jucy/ydlidar_ws_11_29/install/costmap_queue:/home/jucy/ydlidar_ws_11_29/install/nav2_costmap_2d:/home/jucy/ydlidar_ws_11_29/install/nav2_voxel_grid:/home/jucy/ydlidar_ws_11_29/install/nav2_rviz_plugins:/home/jucy/ydlidar_ws_11_29/install/nav2_map_server:/home/jucy/ydlidar_ws_11_29/install/nav2_lifecycle_manager:/home/jucy/ydlidar_ws_11_29/install/nav2_bt_navigator:/home/jucy/ydlidar_ws_11_29/install/nav2_behavior_tree:/home/jucy/ydlidar_ws_11_29/install/nav2_amcl:/home/jucy/ydlidar_ws_11_29/install/nav2_util:/home/jucy/ydlidar_ws_11_29/install/nav2_msgs:/home/jucy/ydlidar_ws_11_29/install/nav2_common:/home/jucy/ydlidar_ws_11_29/install/myagv_bringup:/home/jucy/ydlidar_ws_11_29/install/myagv_description:/home/jucy/new_ws/install/myagv_description:/home/jucy/new_ws/install/aseembly:/home/jucy/turtlebot3_ws/install/turtlebot3:/home/jucy/turtlebot3_ws/install/turtlebot3_simulations:/home/jucy/turtlebot3_ws/install/turtlebot3_bringup:/home/jucy/turtlebot3_ws/install/turtlebot3_node:/home/jucy/turtlebot3_ws/install/turtlebot3_navigation2:/home/jucy/turtlebot3_ws/install/turtlebot3_fake_node:/home/jucy/turtlebot3_ws/install/turtlebot3_msgs:/home/jucy/turtlebot3_ws/install/turtlebot3_gazebo:/home/jucy/turtlebot3_ws/install/turtlebot3_description:/home/jucy/turtlebot3_ws/install/turtlebot3_cartographer:/home/jucy/turtlebot3_ws/install/dynamixel_sdk_examples:/home/jucy/turtlebot3_ws/install/dynamixel_sdk_custom_interfaces:/home/jucy/turtlebot3_ws/install/dynamixel_sdk:/home/jucy/ros2_ws/install/ps2_controller:/home/jucy/ydlidar_ros2_ws/install/ydlidar_ros2_driver:/home/jucy/ydlidar_ros2_ws/install/ps2_controller:/home/jucy/ydlidar_ros2_ws/install/myagv_navigation2:/home/jucy/ydlidar_ros2_ws/install/myagv_bringup:/home/jucy/ydlidar_ros2_ws/install/myagv_description:/home/jucy/ydlidar_ros2_wss/install/ydlidar_ros2_driver:/opt/ros/foxy:/opt/ros/foxy:/home/jucy/ydlidar_ws_11_29/install/nav2_gazebo_spawner:/home/jucy/ydlidar_ws_11_29/install/jdamr200_node:/home/jucy/turtlebot3_ws/install/turtlebot3_teleop:/home/jucy/turtlebot3_ws/install/turtlebot3_example:/home/jucy/turtlebot3_ws/install/nav2_goal_pulisher_test:/home/jucy/turtlebot3_ws/install/nav2_goal_publisher:/home/jucy/ros2_ws/install/camera_udp_communication:/home/jucy/ros2_ws/install/agv_control_py:/home/jucy/ydlidar_ros2_ws/install/jdamr200_teleop:/home/jucy/ydlidar_ros2_ws/install/jdamr200_node LD_LIBRARY_PATH=/home/jucy/ydlidar_ws_11_29/ydlidar_ws/install/nav_2d_msgs/lib:${LD_LIBRARY_PATH} PYTHONPATH=/home/jucy/ydlidar_ws_11_29/ydlidar_ws/install/nav_2d_msgs/lib/python3.8/site-packages:${PYTHONPATH} /usr/bin/cmake /home/jucy/ydlidar_ws_11_29/ydlidar_ws/src/navigation2/nav2_dwb_controller/dwb_msgs -DCMAKE_INSTALL_PREFIX=/home/jucy/ydlidar_ws_11_29/ydlidar_ws/install/dwb_msgs
[0.180s] -- The C compiler identification is GNU 9.4.0
[0.269s] -- The CXX compiler identification is GNU 9.4.0
[0.277s] -- Check for working C compiler: /usr/bin/cc
[0.383s] -- Check for working C compiler: /usr/bin/cc -- works
[0.385s] -- Detecting C compiler ABI info
[0.518s] -- Detecting C compiler ABI info - done
[0.546s] -- Detecting C compile features
[0.547s] -- Detecting C compile features - done
[0.552s] -- Check for working CXX compiler: /usr/bin/c++
[0.765s] -- Check for working CXX compiler: /usr/bin/c++ -- works
[0.769s] -- Detecting CXX compiler ABI info
[0.960s] -- Detecting CXX compiler ABI info - done
[0.996s] -- Detecting CXX compile features
[0.998s] -- Detecting CXX compile features - done
[1.012s] -- Found builtin_interfaces: 1.0.0 (/opt/ros/foxy/share/builtin_interfaces/cmake)
[1.122s] -- Found PythonInterp: /usr/bin/python3 (found suitable version "3.8.10", minimum required is "3") 
[1.122s] -- Using PYTHON_EXECUTABLE: /usr/bin/python3
[1.645s] -- Using all available rosidl_typesupport_c: rosidl_typesupport_fastrtps_c;rosidl_typesupport_introspection_c
[1.668s] -- Found rosidl_adapter: 1.3.1 (/opt/ros/foxy/share/rosidl_adapter/cmake)
[1.837s] -- Found OpenSSL: /usr/lib/x86_64-linux-gnu/libcrypto.so (found version "1.1.1f")  
[1.882s] -- Found FastRTPS: /opt/ros/foxy/include  
[2.015s] -- Using all available rosidl_typesupport_cpp: rosidl_typesupport_fastrtps_cpp;rosidl_typesupport_introspection_cpp
[2.064s] -- Found geometry_msgs: 2.0.5 (/opt/ros/foxy/share/geometry_msgs/cmake)
[2.154s] -- Found nav_2d_msgs: 0.4.7 (/home/jucy/ydlidar_ws_11_29/ydlidar_ws/install/nav_2d_msgs/share/nav_2d_msgs/cmake)
[2.242s] -- Found nav_msgs: 2.0.5 (/opt/ros/foxy/share/nav_msgs/cmake)
[2.368s] -- Found rosidl_default_generators: 1.0.1 (/opt/ros/foxy/share/rosidl_default_generators/cmake)
[2.519s] -- Found PythonInterp: /usr/bin/python3 (found version "3.8.10") 
[3.315s] -- Found ament_cmake_ros: 0.9.2 (/opt/ros/foxy/share/ament_cmake_ros/cmake)
[3.850s] -- Using all available rosidl_typesupport_c: rosidl_typesupport_fastrtps_c;rosidl_typesupport_introspection_c
[4.060s] -- Using all available rosidl_typesupport_cpp: rosidl_typesupport_fastrtps_cpp;rosidl_typesupport_introspection_cpp
[4.131s] -- Found PythonInterp: /usr/bin/python3 (found suitable version "3.8.10", minimum required is "3.5") 
[4.139s] -- Found python_cmake_module: 0.8.1 (/opt/ros/foxy/share/python_cmake_module/cmake)
[4.196s] -- Found PythonLibs: /usr/lib/x86_64-linux-gnu/libpython3.8.so (found suitable version "3.8.10", minimum required is "3.5") 
[4.196s] -- Using PYTHON_EXECUTABLE: /usr/bin/python3
[4.196s] -- Using PYTHON_INCLUDE_DIRS: /usr/include/python3.8
[4.196s] -- Using PYTHON_LIBRARIES: /usr/lib/x86_64-linux-gnu/libpython3.8.so
[4.242s] -- Found PythonExtra: .so  
[4.456s] -- Configuring done
[4.582s] -- Generating done
[4.616s] -- Build files have been written to: /home/jucy/ydlidar_ws_11_29/ydlidar_ws/build/dwb_msgs
[4.627s] Invoked command in '/home/jucy/ydlidar_ws_11_29/ydlidar_ws/build/dwb_msgs' returned '0': AMENT_PREFIX_PATH=/home/jucy/ydlidar_ws_11_29/ydlidar_ws/install/nav_2d_msgs:${AMENT_PREFIX_PATH} CMAKE_PREFIX_PATH=/home/jucy/ydlidar_ws_11_29/ydlidar_ws/install/nav_2d_msgs:/home/jucy/ydlidar_ws_11_29/install/ydlidar_ros2_driver:/home/jucy/ydlidar_ws_11_29/install/nav2_system_tests:/home/jucy/ydlidar_ws_11_29/install/myagv_navigation2:/home/jucy/ydlidar_ws_11_29/install/nav2_bringup:/home/jucy/ydlidar_ws_11_29/install/navigation2:/home/jucy/ydlidar_ws_11_29/install/smac_planner:/home/jucy/ydlidar_ws_11_29/install/nav2_dwb_controller:/home/jucy/ydlidar_ws_11_29/install/nav2_controller:/home/jucy/ydlidar_ws_11_29/install/dwb_plugins:/home/jucy/ydlidar_ws_11_29/install/dwb_critics:/home/jucy/ydlidar_ws_11_29/install/dwb_core:/home/jucy/ydlidar_ws_11_29/install/nav_2d_utils:/home/jucy/ydlidar_ws_11_29/install/dwb_msgs:/home/jucy/ydlidar_ws_11_29/install/nav_2d_msgs:/home/jucy/ydlidar_ws_11_29/install/nav2_waypoint_follower:/home/jucy/ydlidar_ws_11_29/install/nav2_regulated_pure_pursuit_controller:/home/jucy/ydlidar_ws_11_29/install/nav2_recoveries:/home/jucy/ydlidar_ws_11_29/install/nav2_planner:/home/jucy/ydlidar_ws_11_29/install/nav2_navfn_planner:/home/jucy/ydlidar_ws_11_29/install/nav2_core:/home/jucy/ydlidar_ws_11_29/install/costmap_queue:/home/jucy/ydlidar_ws_11_29/install/nav2_costmap_2d:/home/jucy/ydlidar_ws_11_29/install/nav2_voxel_grid:/home/jucy/ydlidar_ws_11_29/install/nav2_rviz_plugins:/home/jucy/ydlidar_ws_11_29/install/nav2_map_server:/home/jucy/ydlidar_ws_11_29/install/nav2_lifecycle_manager:/home/jucy/ydlidar_ws_11_29/install/nav2_bt_navigator:/home/jucy/ydlidar_ws_11_29/install/nav2_behavior_tree:/home/jucy/ydlidar_ws_11_29/install/nav2_amcl:/home/jucy/ydlidar_ws_11_29/install/nav2_util:/home/jucy/ydlidar_ws_11_29/install/nav2_msgs:/home/jucy/ydlidar_ws_11_29/install/nav2_common:/home/jucy/ydlidar_ws_11_29/install/myagv_bringup:/home/jucy/ydlidar_ws_11_29/install/myagv_description:/home/jucy/new_ws/install/myagv_description:/home/jucy/new_ws/install/aseembly:/home/jucy/turtlebot3_ws/install/turtlebot3:/home/jucy/turtlebot3_ws/install/turtlebot3_simulations:/home/jucy/turtlebot3_ws/install/turtlebot3_bringup:/home/jucy/turtlebot3_ws/install/turtlebot3_node:/home/jucy/turtlebot3_ws/install/turtlebot3_navigation2:/home/jucy/turtlebot3_ws/install/turtlebot3_fake_node:/home/jucy/turtlebot3_ws/install/turtlebot3_msgs:/home/jucy/turtlebot3_ws/install/turtlebot3_gazebo:/home/jucy/turtlebot3_ws/install/turtlebot3_description:/home/jucy/turtlebot3_ws/install/turtlebot3_cartographer:/home/jucy/turtlebot3_ws/install/dynamixel_sdk_examples:/home/jucy/turtlebot3_ws/install/dynamixel_sdk_custom_interfaces:/home/jucy/turtlebot3_ws/install/dynamixel_sdk:/home/jucy/ros2_ws/install/ps2_controller:/home/jucy/ydlidar_ros2_ws/install/ydlidar_ros2_driver:/home/jucy/ydlidar_ros2_ws/install/ps2_controller:/home/jucy/ydlidar_ros2_ws/install/myagv_navigation2:/home/jucy/ydlidar_ros2_ws/install/myagv_bringup:/home/jucy/ydlidar_ros2_ws/install/myagv_description:/home/jucy/ydlidar_ros2_wss/install/ydlidar_ros2_driver:/opt/ros/foxy:/opt/ros/foxy:/home/jucy/ydlidar_ws_11_29/install/nav2_gazebo_spawner:/home/jucy/ydlidar_ws_11_29/install/jdamr200_node:/home/jucy/turtlebot3_ws/install/turtlebot3_teleop:/home/jucy/turtlebot3_ws/install/turtlebot3_example:/home/jucy/turtlebot3_ws/install/nav2_goal_pulisher_test:/home/jucy/turtlebot3_ws/install/nav2_goal_publisher:/home/jucy/ros2_ws/install/camera_udp_communication:/home/jucy/ros2_ws/install/agv_control_py:/home/jucy/ydlidar_ros2_ws/install/jdamr200_teleop:/home/jucy/ydlidar_ros2_ws/install/jdamr200_node LD_LIBRARY_PATH=/home/jucy/ydlidar_ws_11_29/ydlidar_ws/install/nav_2d_msgs/lib:${LD_LIBRARY_PATH} PYTHONPATH=/home/jucy/ydlidar_ws_11_29/ydlidar_ws/install/nav_2d_msgs/lib/python3.8/site-packages:${PYTHONPATH} /usr/bin/cmake /home/jucy/ydlidar_ws_11_29/ydlidar_ws/src/navigation2/nav2_dwb_controller/dwb_msgs -DCMAKE_INSTALL_PREFIX=/home/jucy/ydlidar_ws_11_29/ydlidar_ws/install/dwb_msgs
[4.632s] Invoking command in '/home/jucy/ydlidar_ws_11_29/ydlidar_ws/build/dwb_msgs': AMENT_PREFIX_PATH=/home/jucy/ydlidar_ws_11_29/ydlidar_ws/install/nav_2d_msgs:${AMENT_PREFIX_PATH} CMAKE_PREFIX_PATH=/home/jucy/ydlidar_ws_11_29/ydlidar_ws/install/nav_2d_msgs:/home/jucy/ydlidar_ws_11_29/install/ydlidar_ros2_driver:/home/jucy/ydlidar_ws_11_29/install/nav2_system_tests:/home/jucy/ydlidar_ws_11_29/install/myagv_navigation2:/home/jucy/ydlidar_ws_11_29/install/nav2_bringup:/home/jucy/ydlidar_ws_11_29/install/navigation2:/home/jucy/ydlidar_ws_11_29/install/smac_planner:/home/jucy/ydlidar_ws_11_29/install/nav2_dwb_controller:/home/jucy/ydlidar_ws_11_29/install/nav2_controller:/home/jucy/ydlidar_ws_11_29/install/dwb_plugins:/home/jucy/ydlidar_ws_11_29/install/dwb_critics:/home/jucy/ydlidar_ws_11_29/install/dwb_core:/home/jucy/ydlidar_ws_11_29/install/nav_2d_utils:/home/jucy/ydlidar_ws_11_29/install/dwb_msgs:/home/jucy/ydlidar_ws_11_29/install/nav_2d_msgs:/home/jucy/ydlidar_ws_11_29/install/nav2_waypoint_follower:/home/jucy/ydlidar_ws_11_29/install/nav2_regulated_pure_pursuit_controller:/home/jucy/ydlidar_ws_11_29/install/nav2_recoveries:/home/jucy/ydlidar_ws_11_29/install/nav2_planner:/home/jucy/ydlidar_ws_11_29/install/nav2_navfn_planner:/home/jucy/ydlidar_ws_11_29/install/nav2_core:/home/jucy/ydlidar_ws_11_29/install/costmap_queue:/home/jucy/ydlidar_ws_11_29/install/nav2_costmap_2d:/home/jucy/ydlidar_ws_11_29/install/nav2_voxel_grid:/home/jucy/ydlidar_ws_11_29/install/nav2_rviz_plugins:/home/jucy/ydlidar_ws_11_29/install/nav2_map_server:/home/jucy/ydlidar_ws_11_29/install/nav2_lifecycle_manager:/home/jucy/ydlidar_ws_11_29/install/nav2_bt_navigator:/home/jucy/ydlidar_ws_11_29/install/nav2_behavior_tree:/home/jucy/ydlidar_ws_11_29/install/nav2_amcl:/home/jucy/ydlidar_ws_11_29/install/nav2_util:/home/jucy/ydlidar_ws_11_29/install/nav2_msgs:/home/jucy/ydlidar_ws_11_29/install/nav2_common:/home/jucy/ydlidar_ws_11_29/install/myagv_bringup:/home/jucy/ydlidar_ws_11_29/install/myagv_description:/home/jucy/new_ws/install/myagv_description:/home/jucy/new_ws/install/aseembly:/home/jucy/turtlebot3_ws/install/turtlebot3:/home/jucy/turtlebot3_ws/install/turtlebot3_simulations:/home/jucy/turtlebot3_ws/install/turtlebot3_bringup:/home/jucy/turtlebot3_ws/install/turtlebot3_node:/home/jucy/turtlebot3_ws/install/turtlebot3_navigation2:/home/jucy/turtlebot3_ws/install/turtlebot3_fake_node:/home/jucy/turtlebot3_ws/install/turtlebot3_msgs:/home/jucy/turtlebot3_ws/install/turtlebot3_gazebo:/home/jucy/turtlebot3_ws/install/turtlebot3_description:/home/jucy/turtlebot3_ws/install/turtlebot3_cartographer:/home/jucy/turtlebot3_ws/install/dynamixel_sdk_examples:/home/jucy/turtlebot3_ws/install/dynamixel_sdk_custom_interfaces:/home/jucy/turtlebot3_ws/install/dynamixel_sdk:/home/jucy/ros2_ws/install/ps2_controller:/home/jucy/ydlidar_ros2_ws/install/ydlidar_ros2_driver:/home/jucy/ydlidar_ros2_ws/install/ps2_controller:/home/jucy/ydlidar_ros2_ws/install/myagv_navigation2:/home/jucy/ydlidar_ros2_ws/install/myagv_bringup:/home/jucy/ydlidar_ros2_ws/install/myagv_description:/home/jucy/ydlidar_ros2_wss/install/ydlidar_ros2_driver:/opt/ros/foxy:/opt/ros/foxy:/home/jucy/ydlidar_ws_11_29/install/nav2_gazebo_spawner:/home/jucy/ydlidar_ws_11_29/install/jdamr200_node:/home/jucy/turtlebot3_ws/install/turtlebot3_teleop:/home/jucy/turtlebot3_ws/install/turtlebot3_example:/home/jucy/turtlebot3_ws/install/nav2_goal_pulisher_test:/home/jucy/turtlebot3_ws/install/nav2_goal_publisher:/home/jucy/ros2_ws/install/camera_udp_communication:/home/jucy/ros2_ws/install/agv_control_py:/home/jucy/ydlidar_ros2_ws/install/jdamr200_teleop:/home/jucy/ydlidar_ros2_ws/install/jdamr200_node LD_LIBRARY_PATH=/home/jucy/ydlidar_ws_11_29/ydlidar_ws/install/nav_2d_msgs/lib:${LD_LIBRARY_PATH} PYTHONPATH=/home/jucy/ydlidar_ws_11_29/ydlidar_ws/install/nav_2d_msgs/lib/python3.8/site-packages:${PYTHONPATH} /usr/bin/cmake --build /home/jucy/ydlidar_ws_11_29/ydlidar_ws/build/dwb_msgs -- -j12 -l12
[4.706s] [35m[1mScanning dependencies of target dwb_msgs__cpp[0m
[4.714s] [  1%] [34m[1mGenerating C code for ROS interfaces[0m
[4.726s] [  2%] [34m[1mGenerating C++ code for ROS interfaces[0m
[7.301s] [  2%] Built target dwb_msgs__cpp
[7.360s] [  3%] [34m[1mGenerating C++ type support dispatch for ROS interfaces[0m
[7.367s] [  4%] [34m[1mGenerating C++ type support for eProsima Fast-RTPS[0m
[7.376s] [  5%] [34m[1mGenerating C++ introspection for ROS interfaces[0m
[7.533s] [35m[1mScanning dependencies of target dwb_msgs__rosidl_generator_c[0m
[7.729s] [  6%] [32mBuilding C object CMakeFiles/dwb_msgs__rosidl_generator_c.dir/rosidl_generator_c/dwb_msgs/msg/detail/local_plan_evaluation__functions.c.o[0m
[7.730s] [  7%] [32mBuilding C object CMakeFiles/dwb_msgs__rosidl_generator_c.dir/rosidl_generator_c/dwb_msgs/msg/detail/critic_score__functions.c.o[0m
[7.737s] [  8%] [32mBuilding C object CMakeFiles/dwb_msgs__rosidl_generator_c.dir/rosidl_generator_c/dwb_msgs/msg/detail/trajectory2_d__functions.c.o[0m
[7.763s] [  9%] [32mBuilding C object CMakeFiles/dwb_msgs__rosidl_generator_c.dir/rosidl_generator_c/dwb_msgs/msg/detail/trajectory_score__functions.c.o[0m
[7.794s] [ 10%] [32mBuilding C object CMakeFiles/dwb_msgs__rosidl_generator_c.dir/rosidl_generator_c/dwb_msgs/srv/detail/debug_local_plan__functions.c.o[0m
[7.862s] [ 11%] [32mBuilding C object CMakeFiles/dwb_msgs__rosidl_generator_c.dir/rosidl_generator_c/dwb_msgs/srv/detail/generate_trajectory__functions.c.o[0m
[7.910s] [ 12%] [32mBuilding C object CMakeFiles/dwb_msgs__rosidl_generator_c.dir/rosidl_generator_c/dwb_msgs/srv/detail/get_critic_score__functions.c.o[0m
[7.918s] [ 13%] [32mBuilding C object CMakeFiles/dwb_msgs__rosidl_generator_c.dir/rosidl_generator_c/dwb_msgs/srv/detail/generate_twists__functions.c.o[0m
[7.934s] [ 14%] [32mBuilding C object CMakeFiles/dwb_msgs__rosidl_generator_c.dir/rosidl_generator_c/dwb_msgs/srv/detail/score_trajectory__functions.c.o[0m
[8.262s] [ 15%] [32m[1mLinking C shared library libdwb_msgs__rosidl_generator_c.so[0m
[8.510s] [ 15%] Built target dwb_msgs__rosidl_generator_c
[8.594s] [ 16%] [34m[1mGenerating C introspection for ROS interfaces[0m
[8.594s] [ 17%] [34m[1mGenerating C type support dispatch for ROS interfaces[0m
[9.162s] [35m[1mScanning dependencies of target dwb_msgs__rosidl_typesupport_cpp[0m
[9.260s] [ 18%] [32mBuilding CXX object CMakeFiles/dwb_msgs__rosidl_typesupport_cpp.dir/rosidl_typesupport_cpp/dwb_msgs/msg/critic_score__type_support.cpp.o[0m
[9.291s] [ 20%] [32mBuilding CXX object CMakeFiles/dwb_msgs__rosidl_typesupport_cpp.dir/rosidl_typesupport_cpp/dwb_msgs/msg/local_plan_evaluation__type_support.cpp.o[0m
[9.299s] [ 21%] [32mBuilding CXX object CMakeFiles/dwb_msgs__rosidl_typesupport_cpp.dir/rosidl_typesupport_cpp/dwb_msgs/msg/trajectory2_d__type_support.cpp.o[0m
[9.334s] [ 22%] [32mBuilding CXX object CMakeFiles/dwb_msgs__rosidl_typesupport_cpp.dir/rosidl_typesupport_cpp/dwb_msgs/msg/trajectory_score__type_support.cpp.o[0m
[9.354s] [ 23%] [32mBuilding CXX object CMakeFiles/dwb_msgs__rosidl_typesupport_cpp.dir/rosidl_typesupport_cpp/dwb_msgs/srv/debug_local_plan__type_support.cpp.o[0m
[9.354s] [ 24%] [32mBuilding CXX object CMakeFiles/dwb_msgs__rosidl_typesupport_cpp.dir/rosidl_typesupport_cpp/dwb_msgs/srv/generate_trajectory__type_support.cpp.o[0m
[9.356s] [ 25%] [32mBuilding CXX object CMakeFiles/dwb_msgs__rosidl_typesupport_cpp.dir/rosidl_typesupport_cpp/dwb_msgs/srv/generate_twists__type_support.cpp.o[0m
[9.372s] [ 26%] [32mBuilding CXX object CMakeFiles/dwb_msgs__rosidl_typesupport_cpp.dir/rosidl_typesupport_cpp/dwb_msgs/srv/get_critic_score__type_support.cpp.o[0m
[10.471s] [ 27%] [32mBuilding CXX object CMakeFiles/dwb_msgs__rosidl_typesupport_cpp.dir/rosidl_typesupport_cpp/dwb_msgs/srv/score_trajectory__type_support.cpp.o[0m
[10.515s] [35m[1mScanning dependencies of target dwb_msgs__rosidl_typesupport_introspection_cpp[0m
[10.520s] [35m[1mScanning dependencies of target dwb_msgs__rosidl_typesupport_fastrtps_cpp[0m
[10.618s] [ 28%] [32mBuilding CXX object CMakeFiles/dwb_msgs__rosidl_typesupport_fastrtps_cpp.dir/rosidl_typesupport_fastrtps_cpp/dwb_msgs/msg/detail/dds_fastrtps/local_plan_evaluation__type_support.cpp.o[0m
[10.646s] [ 29%] [32mBuilding CXX object CMakeFiles/dwb_msgs__rosidl_typesupport_fastrtps_cpp.dir/rosidl_typesupport_fastrtps_cpp/dwb_msgs/msg/detail/dds_fastrtps/critic_score__type_support.cpp.o[0m
[10.659s] [ 30%] [32mBuilding CXX object CMakeFiles/dwb_msgs__rosidl_typesupport_introspection_cpp.dir/rosidl_typesupport_introspection_cpp/dwb_msgs/msg/detail/critic_score__type_support.cpp.o[0m
[10.672s] [ 31%] [32mBuilding CXX object CMakeFiles/dwb_msgs__rosidl_typesupport_fastrtps_cpp.dir/rosidl_typesupport_fastrtps_cpp/dwb_msgs/msg/detail/dds_fastrtps/trajectory_score__type_support.cpp.o[0m
[10.677s] [ 32%] [32mBuilding CXX object CMakeFiles/dwb_msgs__rosidl_typesupport_fastrtps_cpp.dir/rosidl_typesupport_fastrtps_cpp/dwb_msgs/msg/detail/dds_fastrtps/trajectory2_d__type_support.cpp.o[0m
[10.690s] [ 33%] [32mBuilding CXX object CMakeFiles/dwb_msgs__rosidl_typesupport_introspection_cpp.dir/rosidl_typesupport_introspection_cpp/dwb_msgs/msg/detail/trajectory2_d__type_support.cpp.o[0m
[10.709s] [ 34%] [32mBuilding CXX object CMakeFiles/dwb_msgs__rosidl_typesupport_fastrtps_cpp.dir/rosidl_typesupport_fastrtps_cpp/dwb_msgs/srv/detail/dds_fastrtps/debug_local_plan__type_support.cpp.o[0m
[10.716s] [ 35%] [32mBuilding CXX object CMakeFiles/dwb_msgs__rosidl_typesupport_introspection_cpp.dir/rosidl_typesupport_introspection_cpp/dwb_msgs/msg/detail/local_plan_evaluation__type_support.cpp.o[0m
[10.953s] [ 36%] [32mBuilding CXX object CMakeFiles/dwb_msgs__rosidl_typesupport_introspection_cpp.dir/rosidl_typesupport_introspection_cpp/dwb_msgs/msg/detail/trajectory_score__type_support.cpp.o[0m
[11.572s] [ 37%] [32m[1mLinking CXX shared library libdwb_msgs__rosidl_typesupport_cpp.so[0m
[11.602s] [ 38%] [32mBuilding CXX object CMakeFiles/dwb_msgs__rosidl_typesupport_introspection_cpp.dir/rosidl_typesupport_introspection_cpp/dwb_msgs/srv/detail/debug_local_plan__type_support.cpp.o[0m
[11.893s] [ 38%] Built target dwb_msgs__rosidl_typesupport_cpp
[12.016s] [35m[1mScanning dependencies of target dwb_msgs__rosidl_typesupport_c[0m
[12.040s] [ 40%] [32mBuilding CXX object CMakeFiles/dwb_msgs__rosidl_typesupport_introspection_cpp.dir/rosidl_typesupport_introspection_cpp/dwb_msgs/srv/detail/generate_trajectory__type_support.cpp.o[0m
[12.142s] [ 41%] [32mBuilding CXX object CMakeFiles/dwb_msgs__rosidl_typesupport_c.dir/rosidl_typesupport_c/dwb_msgs/msg/critic_score__type_support.cpp.o[0m
[12.161s] [ 42%] [32mBuilding CXX object CMakeFiles/dwb_msgs__rosidl_typesupport_c.dir/rosidl_typesupport_c/dwb_msgs/msg/local_plan_evaluation__type_support.cpp.o[0m
[12.280s] [ 43%] [32mBuilding CXX object CMakeFiles/dwb_msgs__rosidl_typesupport_c.dir/rosidl_typesupport_c/dwb_msgs/msg/trajectory2_d__type_support.cpp.o[0m
[12.310s] [ 44%] [32mBuilding CXX object CMakeFiles/dwb_msgs__rosidl_typesupport_c.dir/rosidl_typesupport_c/dwb_msgs/msg/trajectory_score__type_support.cpp.o[0m
[12.391s] [ 45%] [32mBuilding CXX object CMakeFiles/dwb_msgs__rosidl_typesupport_c.dir/rosidl_typesupport_c/dwb_msgs/srv/debug_local_plan__type_support.cpp.o[0m
[12.410s] [ 46%] [32mBuilding CXX object CMakeFiles/dwb_msgs__rosidl_typesupport_fastrtps_cpp.dir/rosidl_typesupport_fastrtps_cpp/dwb_msgs/srv/detail/dds_fastrtps/generate_trajectory__type_support.cpp.o[0m
[12.473s] [ 47%] [32mBuilding CXX object CMakeFiles/dwb_msgs__rosidl_typesupport_fastrtps_cpp.dir/rosidl_typesupport_fastrtps_cpp/dwb_msgs/srv/detail/dds_fastrtps/generate_twists__type_support.cpp.o[0m
[12.496s] [ 48%] [32mBuilding CXX object CMakeFiles/dwb_msgs__rosidl_typesupport_introspection_cpp.dir/rosidl_typesupport_introspection_cpp/dwb_msgs/srv/detail/generate_twists__type_support.cpp.o[0m
[12.524s] [ 49%] [32mBuilding CXX object CMakeFiles/dwb_msgs__rosidl_typesupport_introspection_cpp.dir/rosidl_typesupport_introspection_cpp/dwb_msgs/srv/detail/get_critic_score__type_support.cpp.o[0m
[12.542s] [ 50%] [32mBuilding CXX object CMakeFiles/dwb_msgs__rosidl_typesupport_c.dir/rosidl_typesupport_c/dwb_msgs/srv/generate_trajectory__type_support.cpp.o[0m
[12.547s] [35m[1mScanning dependencies of target dwb_msgs__rosidl_typesupport_introspection_c[0m
[12.600s] [ 51%] [32mBuilding CXX object CMakeFiles/dwb_msgs__rosidl_typesupport_fastrtps_cpp.dir/rosidl_typesupport_fastrtps_cpp/dwb_msgs/srv/detail/dds_fastrtps/get_critic_score__type_support.cpp.o[0m
[12.650s] [ 52%] [32mBuilding CXX object CMakeFiles/dwb_msgs__rosidl_typesupport_c.dir/rosidl_typesupport_c/dwb_msgs/srv/generate_twists__type_support.cpp.o[0m
[12.682s] [ 53%] [32mBuilding CXX object CMakeFiles/dwb_msgs__rosidl_typesupport_introspection_cpp.dir/rosidl_typesupport_introspection_cpp/dwb_msgs/srv/detail/score_trajectory__type_support.cpp.o[0m
[12.707s] [ 54%] [32mBuilding C object CMakeFiles/dwb_msgs__rosidl_typesupport_introspection_c.dir/rosidl_typesupport_introspection_c/dwb_msgs/msg/detail/critic_score__type_support.c.o[0m
[12.713s] [ 55%] [32mBuilding CXX object CMakeFiles/dwb_msgs__rosidl_typesupport_fastrtps_cpp.dir/rosidl_typesupport_fastrtps_cpp/dwb_msgs/srv/detail/dds_fastrtps/score_trajectory__type_support.cpp.o[0m
[12.777s] [ 56%] [32mBuilding C object CMakeFiles/dwb_msgs__rosidl_typesupport_introspection_c.dir/rosidl_typesupport_introspection_c/dwb_msgs/msg/detail/local_plan_evaluation__type_support.c.o[0m
[12.837s] [ 57%] [32mBuilding CXX object CMakeFiles/dwb_msgs__rosidl_typesupport_c.dir/rosidl_typesupport_c/dwb_msgs/srv/get_critic_score__type_support.cpp.o[0m
[12.969s] [ 58%] [32mBuilding C object CMakeFiles/dwb_msgs__rosidl_typesupport_introspection_c.dir/rosidl_typesupport_introspection_c/dwb_msgs/msg/detail/trajectory2_d__type_support.c.o[0m
[12.999s] [ 60%] [32mBuilding C object CMakeFiles/dwb_msgs__rosidl_typesupport_introspection_c.dir/rosidl_typesupport_introspection_c/dwb_msgs/msg/detail/trajectory_score__type_support.c.o[0m
[13.007s] [ 61%] [32mBuilding CXX object CMakeFiles/dwb_msgs__rosidl_typesupport_c.dir/rosidl_typesupport_c/dwb_msgs/srv/score_trajectory__type_support.cpp.o[0m
[13.143s] [ 62%] [32mBuilding C object CMakeFiles/dwb_msgs__rosidl_typesupport_introspection_c.dir/rosidl_typesupport_introspection_c/dwb_msgs/srv/detail/debug_local_plan__type_support.c.o[0m
[13.160s] [ 63%] [32mBuilding C object CMakeFiles/dwb_msgs__rosidl_typesupport_introspection_c.dir/rosidl_typesupport_introspection_c/dwb_msgs/srv/detail/generate_trajectory__type_support.c.o[0m
[13.198s] [ 64%] [32mBuilding C object CMakeFiles/dwb_msgs__rosidl_typesupport_introspection_c.dir/rosidl_typesupport_introspection_c/dwb_msgs/srv/detail/generate_twists__type_support.c.o[0m
[13.212s] [ 65%] [32m[1mLinking CXX shared library libdwb_msgs__rosidl_typesupport_c.so[0m
[13.378s] [ 66%] [32mBuilding C object CMakeFiles/dwb_msgs__rosidl_typesupport_introspection_c.dir/rosidl_typesupport_introspection_c/dwb_msgs/srv/detail/get_critic_score__type_support.c.o[0m
[13.389s] [ 66%] Built target dwb_msgs__rosidl_typesupport_c
[13.425s] [ 67%] [32mBuilding C object CMakeFiles/dwb_msgs__rosidl_typesupport_introspection_c.dir/rosidl_typesupport_introspection_c/dwb_msgs/srv/detail/score_trajectory__type_support.c.o[0m
[13.648s] [ 68%] [32m[1mLinking C shared library libdwb_msgs__rosidl_typesupport_introspection_c.so[0m
[13.904s] [ 68%] Built target dwb_msgs__rosidl_typesupport_introspection_c
[14.193s] [ 69%] [32m[1mLinking CXX shared library libdwb_msgs__rosidl_typesupport_introspection_cpp.so[0m
[14.417s] [ 70%] [32m[1mLinking CXX shared library libdwb_msgs__rosidl_typesupport_fastrtps_cpp.so[0m
[14.432s] [ 70%] Built target dwb_msgs__rosidl_typesupport_introspection_cpp
[14.594s] [ 70%] Built target dwb_msgs__rosidl_typesupport_fastrtps_cpp
[14.615s] [ 71%] [34m[1mGenerating C type support for eProsima Fast-RTPS[0m
[15.490s] [35m[1mScanning dependencies of target dwb_msgs__rosidl_typesupport_fastrtps_c[0m
[15.536s] [ 72%] [32mBuilding CXX object CMakeFiles/dwb_msgs__rosidl_typesupport_fastrtps_c.dir/rosidl_typesupport_fastrtps_c/dwb_msgs/msg/detail/trajectory2_d__type_support_c.cpp.o[0m
[15.540s] [ 73%] [32mBuilding CXX object CMakeFiles/dwb_msgs__rosidl_typesupport_fastrtps_c.dir/rosidl_typesupport_fastrtps_c/dwb_msgs/msg/detail/critic_score__type_support_c.cpp.o[0m
[15.540s] [ 74%] [32mBuilding CXX object CMakeFiles/dwb_msgs__rosidl_typesupport_fastrtps_c.dir/rosidl_typesupport_fastrtps_c/dwb_msgs/srv/detail/generate_trajectory__type_support_c.cpp.o[0m
[15.541s] [ 75%] [32mBuilding CXX object CMakeFiles/dwb_msgs__rosidl_typesupport_fastrtps_c.dir/rosidl_typesupport_fastrtps_c/dwb_msgs/msg/detail/local_plan_evaluation__type_support_c.cpp.o[0m
[15.541s] [ 76%] [32mBuilding CXX object CMakeFiles/dwb_msgs__rosidl_typesupport_fastrtps_c.dir/rosidl_typesupport_fastrtps_c/dwb_msgs/msg/detail/trajectory_score__type_support_c.cpp.o[0m
[15.543s] [ 77%] [32mBuilding CXX object CMakeFiles/dwb_msgs__rosidl_typesupport_fastrtps_c.dir/rosidl_typesupport_fastrtps_c/dwb_msgs/srv/detail/generate_twists__type_support_c.cpp.o[0m
[15.543s] [ 78%] [32mBuilding CXX object CMakeFiles/dwb_msgs__rosidl_typesupport_fastrtps_c.dir/rosidl_typesupport_fastrtps_c/dwb_msgs/srv/detail/get_critic_score__type_support_c.cpp.o[0m
[15.543s] [ 80%] [32mBuilding CXX object CMakeFiles/dwb_msgs__rosidl_typesupport_fastrtps_c.dir/rosidl_typesupport_fastrtps_c/dwb_msgs/srv/detail/debug_local_plan__type_support_c.cpp.o[0m
[15.544s] [ 81%] [32mBuilding CXX object CMakeFiles/dwb_msgs__rosidl_typesupport_fastrtps_c.dir/rosidl_typesupport_fastrtps_c/dwb_msgs/srv/detail/score_trajectory__type_support_c.cpp.o[0m
[16.207s] [ 82%] [32m[1mLinking CXX shared library libdwb_msgs__rosidl_typesupport_fastrtps_c.so[0m
[16.304s] [ 82%] Built target dwb_msgs__rosidl_typesupport_fastrtps_c
[16.318s] [35m[1mScanning dependencies of target dwb_msgs[0m
[16.334s] [ 82%] Built target dwb_msgs
[16.348s] [35m[1mScanning dependencies of target dwb_msgs__py[0m
[16.363s] [ 83%] [34m[1mGenerating Python code for ROS interfaces[0m
[17.983s] [ 83%] Built target dwb_msgs__py
[17.998s] [35m[1mScanning dependencies of target dwb_msgs__python[0m
[18.039s] [ 84%] [32mBuilding C object CMakeFiles/dwb_msgs__python.dir/rosidl_generator_py/dwb_msgs/msg/_trajectory2_d_s.c.o[0m
[18.042s] [ 85%] [32mBuilding C object CMakeFiles/dwb_msgs__python.dir/rosidl_generator_py/dwb_msgs/srv/_generate_trajectory_s.c.o[0m
[18.042s] [ 86%] [32mBuilding C object CMakeFiles/dwb_msgs__python.dir/rosidl_generator_py/dwb_msgs/msg/_critic_score_s.c.o[0m
[18.042s] [ 88%] [32mBuilding C object CMakeFiles/dwb_msgs__python.dir/rosidl_generator_py/dwb_msgs/msg/_local_plan_evaluation_s.c.o[0m
[18.043s] [ 88%] [32mBuilding C object CMakeFiles/dwb_msgs__python.dir/rosidl_generator_py/dwb_msgs/msg/_trajectory_score_s.c.o[0m
[18.044s] [ 89%] [32mBuilding C object CMakeFiles/dwb_msgs__python.dir/rosidl_generator_py/dwb_msgs/srv/_debug_local_plan_s.c.o[0m
[18.045s] [ 90%] [32mBuilding C object CMakeFiles/dwb_msgs__python.dir/rosidl_generator_py/dwb_msgs/srv/_generate_twists_s.c.o[0m
[18.045s] [ 91%] [32mBuilding C object CMakeFiles/dwb_msgs__python.dir/rosidl_generator_py/dwb_msgs/srv/_get_critic_score_s.c.o[0m
[18.045s] [ 92%] [32mBuilding C object CMakeFiles/dwb_msgs__python.dir/rosidl_generator_py/dwb_msgs/srv/_score_trajectory_s.c.o[0m
[18.253s] [ 93%] [32m[1mLinking C shared library rosidl_generator_py/dwb_msgs/libdwb_msgs__python.so[0m
[18.314s] [ 93%] Built target dwb_msgs__python
[18.329s] [35m[1mScanning dependencies of target dwb_msgs__rosidl_typesupport_c__pyext[0m
[18.329s] [35m[1mScanning dependencies of target dwb_msgs__rosidl_typesupport_introspection_c__pyext[0m
[18.329s] [35m[1mScanning dependencies of target dwb_msgs__rosidl_typesupport_fastrtps_c__pyext[0m
[18.411s] [ 94%] [32mBuilding C object CMakeFiles/dwb_msgs__rosidl_typesupport_fastrtps_c__pyext.dir/rosidl_generator_py/dwb_msgs/_dwb_msgs_s.ep.rosidl_typesupport_fastrtps_c.c.o[0m
[18.442s] [ 95%] [32mBuilding C object CMakeFiles/dwb_msgs__rosidl_typesupport_c__pyext.dir/rosidl_generator_py/dwb_msgs/_dwb_msgs_s.ep.rosidl_typesupport_c.c.o[0m
[18.442s] [ 96%] [32mBuilding C object CMakeFiles/dwb_msgs__rosidl_typesupport_introspection_c__pyext.dir/rosidl_generator_py/dwb_msgs/_dwb_msgs_s.ep.rosidl_typesupport_introspection_c.c.o[0m
[18.684s] [ 97%] [32m[1mLinking CXX shared library rosidl_generator_py/dwb_msgs/dwb_msgs_s__rosidl_typesupport_fastrtps_c.cpython-38-x86_64-linux-gnu.so[0m
[18.847s] [ 98%] [32m[1mLinking C shared library rosidl_generator_py/dwb_msgs/dwb_msgs_s__rosidl_typesupport_c.cpython-38-x86_64-linux-gnu.so[0m
[18.852s] [ 98%] Built target dwb_msgs__rosidl_typesupport_fastrtps_c__pyext
[19.034s] [100%] [32m[1mLinking C shared library rosidl_generator_py/dwb_msgs/dwb_msgs_s__rosidl_typesupport_introspection_c.cpython-38-x86_64-linux-gnu.so[0m
[19.042s] [100%] Built target dwb_msgs__rosidl_typesupport_c__pyext
[19.222s] [100%] Built target dwb_msgs__rosidl_typesupport_introspection_c__pyext
[19.274s] Invoked command in '/home/jucy/ydlidar_ws_11_29/ydlidar_ws/build/dwb_msgs' returned '0': AMENT_PREFIX_PATH=/home/jucy/ydlidar_ws_11_29/ydlidar_ws/install/nav_2d_msgs:${AMENT_PREFIX_PATH} CMAKE_PREFIX_PATH=/home/jucy/ydlidar_ws_11_29/ydlidar_ws/install/nav_2d_msgs:/home/jucy/ydlidar_ws_11_29/install/ydlidar_ros2_driver:/home/jucy/ydlidar_ws_11_29/install/nav2_system_tests:/home/jucy/ydlidar_ws_11_29/install/myagv_navigation2:/home/jucy/ydlidar_ws_11_29/install/nav2_bringup:/home/jucy/ydlidar_ws_11_29/install/navigation2:/home/jucy/ydlidar_ws_11_29/install/smac_planner:/home/jucy/ydlidar_ws_11_29/install/nav2_dwb_controller:/home/jucy/ydlidar_ws_11_29/install/nav2_controller:/home/jucy/ydlidar_ws_11_29/install/dwb_plugins:/home/jucy/ydlidar_ws_11_29/install/dwb_critics:/home/jucy/ydlidar_ws_11_29/install/dwb_core:/home/jucy/ydlidar_ws_11_29/install/nav_2d_utils:/home/jucy/ydlidar_ws_11_29/install/dwb_msgs:/home/jucy/ydlidar_ws_11_29/install/nav_2d_msgs:/home/jucy/ydlidar_ws_11_29/install/nav2_waypoint_follower:/home/jucy/ydlidar_ws_11_29/install/nav2_regulated_pure_pursuit_controller:/home/jucy/ydlidar_ws_11_29/install/nav2_recoveries:/home/jucy/ydlidar_ws_11_29/install/nav2_planner:/home/jucy/ydlidar_ws_11_29/install/nav2_navfn_planner:/home/jucy/ydlidar_ws_11_29/install/nav2_core:/home/jucy/ydlidar_ws_11_29/install/costmap_queue:/home/jucy/ydlidar_ws_11_29/install/nav2_costmap_2d:/home/jucy/ydlidar_ws_11_29/install/nav2_voxel_grid:/home/jucy/ydlidar_ws_11_29/install/nav2_rviz_plugins:/home/jucy/ydlidar_ws_11_29/install/nav2_map_server:/home/jucy/ydlidar_ws_11_29/install/nav2_lifecycle_manager:/home/jucy/ydlidar_ws_11_29/install/nav2_bt_navigator:/home/jucy/ydlidar_ws_11_29/install/nav2_behavior_tree:/home/jucy/ydlidar_ws_11_29/install/nav2_amcl:/home/jucy/ydlidar_ws_11_29/install/nav2_util:/home/jucy/ydlidar_ws_11_29/install/nav2_msgs:/home/jucy/ydlidar_ws_11_29/install/nav2_common:/home/jucy/ydlidar_ws_11_29/install/myagv_bringup:/home/jucy/ydlidar_ws_11_29/install/myagv_description:/home/jucy/new_ws/install/myagv_description:/home/jucy/new_ws/install/aseembly:/home/jucy/turtlebot3_ws/install/turtlebot3:/home/jucy/turtlebot3_ws/install/turtlebot3_simulations:/home/jucy/turtlebot3_ws/install/turtlebot3_bringup:/home/jucy/turtlebot3_ws/install/turtlebot3_node:/home/jucy/turtlebot3_ws/install/turtlebot3_navigation2:/home/jucy/turtlebot3_ws/install/turtlebot3_fake_node:/home/jucy/turtlebot3_ws/install/turtlebot3_msgs:/home/jucy/turtlebot3_ws/install/turtlebot3_gazebo:/home/jucy/turtlebot3_ws/install/turtlebot3_description:/home/jucy/turtlebot3_ws/install/turtlebot3_cartographer:/home/jucy/turtlebot3_ws/install/dynamixel_sdk_examples:/home/jucy/turtlebot3_ws/install/dynamixel_sdk_custom_interfaces:/home/jucy/turtlebot3_ws/install/dynamixel_sdk:/home/jucy/ros2_ws/install/ps2_controller:/home/jucy/ydlidar_ros2_ws/install/ydlidar_ros2_driver:/home/jucy/ydlidar_ros2_ws/install/ps2_controller:/home/jucy/ydlidar_ros2_ws/install/myagv_navigation2:/home/jucy/ydlidar_ros2_ws/install/myagv_bringup:/home/jucy/ydlidar_ros2_ws/install/myagv_description:/home/jucy/ydlidar_ros2_wss/install/ydlidar_ros2_driver:/opt/ros/foxy:/opt/ros/foxy:/home/jucy/ydlidar_ws_11_29/install/nav2_gazebo_spawner:/home/jucy/ydlidar_ws_11_29/install/jdamr200_node:/home/jucy/turtlebot3_ws/install/turtlebot3_teleop:/home/jucy/turtlebot3_ws/install/turtlebot3_example:/home/jucy/turtlebot3_ws/install/nav2_goal_pulisher_test:/home/jucy/turtlebot3_ws/install/nav2_goal_publisher:/home/jucy/ros2_ws/install/camera_udp_communication:/home/jucy/ros2_ws/install/agv_control_py:/home/jucy/ydlidar_ros2_ws/install/jdamr200_teleop:/home/jucy/ydlidar_ros2_ws/install/jdamr200_node LD_LIBRARY_PATH=/home/jucy/ydlidar_ws_11_29/ydlidar_ws/install/nav_2d_msgs/lib:${LD_LIBRARY_PATH} PYTHONPATH=/home/jucy/ydlidar_ws_11_29/ydlidar_ws/install/nav_2d_msgs/lib/python3.8/site-packages:${PYTHONPATH} /usr/bin/cmake --build /home/jucy/ydlidar_ws_11_29/ydlidar_ws/build/dwb_msgs -- -j12 -l12
[19.276s] Invoking command in '/home/jucy/ydlidar_ws_11_29/ydlidar_ws/build/dwb_msgs': AMENT_PREFIX_PATH=/home/jucy/ydlidar_ws_11_29/ydlidar_ws/install/nav_2d_msgs:${AMENT_PREFIX_PATH} CMAKE_PREFIX_PATH=/home/jucy/ydlidar_ws_11_29/ydlidar_ws/install/nav_2d_msgs:/home/jucy/ydlidar_ws_11_29/install/ydlidar_ros2_driver:/home/jucy/ydlidar_ws_11_29/install/nav2_system_tests:/home/jucy/ydlidar_ws_11_29/install/myagv_navigation2:/home/jucy/ydlidar_ws_11_29/install/nav2_bringup:/home/jucy/ydlidar_ws_11_29/install/navigation2:/home/jucy/ydlidar_ws_11_29/install/smac_planner:/home/jucy/ydlidar_ws_11_29/install/nav2_dwb_controller:/home/jucy/ydlidar_ws_11_29/install/nav2_controller:/home/jucy/ydlidar_ws_11_29/install/dwb_plugins:/home/jucy/ydlidar_ws_11_29/install/dwb_critics:/home/jucy/ydlidar_ws_11_29/install/dwb_core:/home/jucy/ydlidar_ws_11_29/install/nav_2d_utils:/home/jucy/ydlidar_ws_11_29/install/dwb_msgs:/home/jucy/ydlidar_ws_11_29/install/nav_2d_msgs:/home/jucy/ydlidar_ws_11_29/install/nav2_waypoint_follower:/home/jucy/ydlidar_ws_11_29/install/nav2_regulated_pure_pursuit_controller:/home/jucy/ydlidar_ws_11_29/install/nav2_recoveries:/home/jucy/ydlidar_ws_11_29/install/nav2_planner:/home/jucy/ydlidar_ws_11_29/install/nav2_navfn_planner:/home/jucy/ydlidar_ws_11_29/install/nav2_core:/home/jucy/ydlidar_ws_11_29/install/costmap_queue:/home/jucy/ydlidar_ws_11_29/install/nav2_costmap_2d:/home/jucy/ydlidar_ws_11_29/install/nav2_voxel_grid:/home/jucy/ydlidar_ws_11_29/install/nav2_rviz_plugins:/home/jucy/ydlidar_ws_11_29/install/nav2_map_server:/home/jucy/ydlidar_ws_11_29/install/nav2_lifecycle_manager:/home/jucy/ydlidar_ws_11_29/install/nav2_bt_navigator:/home/jucy/ydlidar_ws_11_29/install/nav2_behavior_tree:/home/jucy/ydlidar_ws_11_29/install/nav2_amcl:/home/jucy/ydlidar_ws_11_29/install/nav2_util:/home/jucy/ydlidar_ws_11_29/install/nav2_msgs:/home/jucy/ydlidar_ws_11_29/install/nav2_common:/home/jucy/ydlidar_ws_11_29/install/myagv_bringup:/home/jucy/ydlidar_ws_11_29/install/myagv_description:/home/jucy/new_ws/install/myagv_description:/home/jucy/new_ws/install/aseembly:/home/jucy/turtlebot3_ws/install/turtlebot3:/home/jucy/turtlebot3_ws/install/turtlebot3_simulations:/home/jucy/turtlebot3_ws/install/turtlebot3_bringup:/home/jucy/turtlebot3_ws/install/turtlebot3_node:/home/jucy/turtlebot3_ws/install/turtlebot3_navigation2:/home/jucy/turtlebot3_ws/install/turtlebot3_fake_node:/home/jucy/turtlebot3_ws/install/turtlebot3_msgs:/home/jucy/turtlebot3_ws/install/turtlebot3_gazebo:/home/jucy/turtlebot3_ws/install/turtlebot3_description:/home/jucy/turtlebot3_ws/install/turtlebot3_cartographer:/home/jucy/turtlebot3_ws/install/dynamixel_sdk_examples:/home/jucy/turtlebot3_ws/install/dynamixel_sdk_custom_interfaces:/home/jucy/turtlebot3_ws/install/dynamixel_sdk:/home/jucy/ros2_ws/install/ps2_controller:/home/jucy/ydlidar_ros2_ws/install/ydlidar_ros2_driver:/home/jucy/ydlidar_ros2_ws/install/ps2_controller:/home/jucy/ydlidar_ros2_ws/install/myagv_navigation2:/home/jucy/ydlidar_ros2_ws/install/myagv_bringup:/home/jucy/ydlidar_ros2_ws/install/myagv_description:/home/jucy/ydlidar_ros2_wss/install/ydlidar_ros2_driver:/opt/ros/foxy:/opt/ros/foxy:/home/jucy/ydlidar_ws_11_29/install/nav2_gazebo_spawner:/home/jucy/ydlidar_ws_11_29/install/jdamr200_node:/home/jucy/turtlebot3_ws/install/turtlebot3_teleop:/home/jucy/turtlebot3_ws/install/turtlebot3_example:/home/jucy/turtlebot3_ws/install/nav2_goal_pulisher_test:/home/jucy/turtlebot3_ws/install/nav2_goal_publisher:/home/jucy/ros2_ws/install/camera_udp_communication:/home/jucy/ros2_ws/install/agv_control_py:/home/jucy/ydlidar_ros2_ws/install/jdamr200_teleop:/home/jucy/ydlidar_ros2_ws/install/jdamr200_node LD_LIBRARY_PATH=/home/jucy/ydlidar_ws_11_29/ydlidar_ws/install/nav_2d_msgs/lib:${LD_LIBRARY_PATH} PYTHONPATH=/home/jucy/ydlidar_ws_11_29/ydlidar_ws/install/nav_2d_msgs/lib/python3.8/site-packages:${PYTHONPATH} /usr/bin/cmake --install /home/jucy/ydlidar_ws_11_29/ydlidar_ws/build/dwb_msgs
[19.306s] -- Install configuration: ""
[19.306s] -- Installing: /home/jucy/ydlidar_ws_11_29/ydlidar_ws/install/dwb_msgs/share/ament_index/resource_index/rosidl_interfaces/dwb_msgs
[19.307s] -- Installing: /home/jucy/ydlidar_ws_11_29/ydlidar_ws/install/dwb_msgs/include/dwb_msgs
[19.307s] -- Installing: /home/jucy/ydlidar_ws_11_29/ydlidar_ws/install/dwb_msgs/include/dwb_msgs/msg
[19.308s] -- Installing: /home/jucy/ydlidar_ws_11_29/ydlidar_ws/install/dwb_msgs/include/dwb_msgs/msg/rosidl_generator_c__visibility_control.h
[19.308s] -- Installing: /home/jucy/ydlidar_ws_11_29/ydlidar_ws/install/dwb_msgs/include/dwb_msgs/msg/critic_score.h
[19.308s] -- Installing: /home/jucy/ydlidar_ws_11_29/ydlidar_ws/install/dwb_msgs/include/dwb_msgs/msg/trajectory2_d.h
[19.309s] -- Installing: /home/jucy/ydlidar_ws_11_29/ydlidar_ws/install/dwb_msgs/include/dwb_msgs/msg/trajectory_score.h
[19.309s] -- Installing: /home/jucy/ydlidar_ws_11_29/ydlidar_ws/install/dwb_msgs/include/dwb_msgs/msg/local_plan_evaluation.h
[19.310s] -- Installing: /home/jucy/ydlidar_ws_11_29/ydlidar_ws/install/dwb_msgs/include/dwb_msgs/msg/detail
[19.310s] -- Installing: /home/jucy/ydlidar_ws_11_29/ydlidar_ws/install/dwb_msgs/include/dwb_msgs/msg/detail/trajectory_score__struct.h
[19.310s] -- Installing: /home/jucy/ydlidar_ws_11_29/ydlidar_ws/install/dwb_msgs/include/dwb_msgs/msg/detail/local_plan_evaluation__functions.c
[19.311s] -- Installing: /home/jucy/ydlidar_ws_11_29/ydlidar_ws/install/dwb_msgs/include/dwb_msgs/msg/detail/local_plan_evaluation__struct.h
[19.311s] -- Installing: /home/jucy/ydlidar_ws_11_29/ydlidar_ws/install/dwb_msgs/include/dwb_msgs/msg/detail/trajectory2_d__struct.h
[19.312s] -- Installing: /home/jucy/ydlidar_ws_11_29/ydlidar_ws/install/dwb_msgs/include/dwb_msgs/msg/detail/critic_score__struct.h
[19.312s] -- Installing: /home/jucy/ydlidar_ws_11_29/ydlidar_ws/install/dwb_msgs/include/dwb_msgs/msg/detail/trajectory2_d__functions.c
[19.313s] -- Installing: /home/jucy/ydlidar_ws_11_29/ydlidar_ws/install/dwb_msgs/include/dwb_msgs/msg/detail/critic_score__functions.c
[19.313s] -- Installing: /home/jucy/ydlidar_ws_11_29/ydlidar_ws/install/dwb_msgs/include/dwb_msgs/msg/detail/critic_score__type_support.h
[19.313s] -- Installing: /home/jucy/ydlidar_ws_11_29/ydlidar_ws/install/dwb_msgs/include/dwb_msgs/msg/detail/trajectory2_d__functions.h
[19.314s] -- Installing: /home/jucy/ydlidar_ws_11_29/ydlidar_ws/install/dwb_msgs/include/dwb_msgs/msg/detail/trajectory_score__functions.h
[19.314s] -- Installing: /home/jucy/ydlidar_ws_11_29/ydlidar_ws/install/dwb_msgs/include/dwb_msgs/msg/detail/trajectory_score__type_support.h
[19.315s] -- Installing: /home/jucy/ydlidar_ws_11_29/ydlidar_ws/install/dwb_msgs/include/dwb_msgs/msg/detail/local_plan_evaluation__type_support.h
[19.315s] -- Installing: /home/jucy/ydlidar_ws_11_29/ydlidar_ws/install/dwb_msgs/include/dwb_msgs/msg/detail/local_plan_evaluation__functions.h
[19.316s] -- Installing: /home/jucy/ydlidar_ws_11_29/ydlidar_ws/install/dwb_msgs/include/dwb_msgs/msg/detail/trajectory_score__functions.c
[19.316s] -- Installing: /home/jucy/ydlidar_ws_11_29/ydlidar_ws/install/dwb_msgs/include/dwb_msgs/msg/detail/trajectory2_d__type_support.h
[19.317s] -- Installing: /home/jucy/ydlidar_ws_11_29/ydlidar_ws/install/dwb_msgs/include/dwb_msgs/msg/detail/critic_score__functions.h
[19.317s] -- Installing: /home/jucy/ydlidar_ws_11_29/ydlidar_ws/install/dwb_msgs/include/dwb_msgs/srv
[19.317s] -- Installing: /home/jucy/ydlidar_ws_11_29/ydlidar_ws/install/dwb_msgs/include/dwb_msgs/srv/generate_twists.h
[19.318s] -- Installing: /home/jucy/ydlidar_ws_11_29/ydlidar_ws/install/dwb_msgs/include/dwb_msgs/srv/generate_trajectory.h
[19.318s] -- Installing: /home/jucy/ydlidar_ws_11_29/ydlidar_ws/install/dwb_msgs/include/dwb_msgs/srv/debug_local_plan.h
[19.319s] -- Installing: /home/jucy/ydlidar_ws_11_29/ydlidar_ws/install/dwb_msgs/include/dwb_msgs/srv/detail
[19.319s] -- Installing: /home/jucy/ydlidar_ws_11_29/ydlidar_ws/install/dwb_msgs/include/dwb_msgs/srv/detail/debug_local_plan__type_support.h
[19.320s] -- Installing: /home/jucy/ydlidar_ws_11_29/ydlidar_ws/install/dwb_msgs/include/dwb_msgs/srv/detail/generate_twists__functions.h
[19.320s] -- Installing: /home/jucy/ydlidar_ws_11_29/ydlidar_ws/install/dwb_msgs/include/dwb_msgs/srv/detail/generate_trajectory__type_support.h
[19.321s] -- Installing: /home/jucy/ydlidar_ws_11_29/ydlidar_ws/install/dwb_msgs/include/dwb_msgs/srv/detail/generate_trajectory__functions.c
[19.321s] -- Installing: /home/jucy/ydlidar_ws_11_29/ydlidar_ws/install/dwb_msgs/include/dwb_msgs/srv/detail/score_trajectory__functions.c
[19.322s] -- Installing: /home/jucy/ydlidar_ws_11_29/ydlidar_ws/install/dwb_msgs/include/dwb_msgs/srv/detail/generate_twists__functions.c
[19.322s] -- Installing: /home/jucy/ydlidar_ws_11_29/ydlidar_ws/install/dwb_msgs/include/dwb_msgs/srv/detail/score_trajectory__struct.h
[19.322s] -- Installing: /home/jucy/ydlidar_ws_11_29/ydlidar_ws/install/dwb_msgs/include/dwb_msgs/srv/detail/debug_local_plan__struct.h
[19.323s] -- Installing: /home/jucy/ydlidar_ws_11_29/ydlidar_ws/install/dwb_msgs/include/dwb_msgs/srv/detail/get_critic_score__type_support.h
[19.323s] -- Installing: /home/jucy/ydlidar_ws_11_29/ydlidar_ws/install/dwb_msgs/include/dwb_msgs/srv/detail/get_critic_score__struct.h
[19.324s] -- Installing: /home/jucy/ydlidar_ws_11_29/ydlidar_ws/install/dwb_msgs/include/dwb_msgs/srv/detail/generate_twists__type_support.h
[19.324s] -- Installing: /home/jucy/ydlidar_ws_11_29/ydlidar_ws/install/dwb_msgs/include/dwb_msgs/srv/detail/generate_trajectory__struct.h
[19.325s] -- Installing: /home/jucy/ydlidar_ws_11_29/ydlidar_ws/install/dwb_msgs/include/dwb_msgs/srv/detail/debug_local_plan__functions.c
[19.325s] -- Installing: /home/jucy/ydlidar_ws_11_29/ydlidar_ws/install/dwb_msgs/include/dwb_msgs/srv/detail/get_critic_score__functions.c
[19.326s] -- Installing: /home/jucy/ydlidar_ws_11_29/ydlidar_ws/install/dwb_msgs/include/dwb_msgs/srv/detail/score_trajectory__functions.h
[19.327s] -- Installing: /home/jucy/ydlidar_ws_11_29/ydlidar_ws/install/dwb_msgs/include/dwb_msgs/srv/detail/generate_trajectory__functions.h
[19.327s] -- Installing: /home/jucy/ydlidar_ws_11_29/ydlidar_ws/install/dwb_msgs/include/dwb_msgs/srv/detail/get_critic_score__functions.h
[19.328s] -- Installing: /home/jucy/ydlidar_ws_11_29/ydlidar_ws/install/dwb_msgs/include/dwb_msgs/srv/detail/debug_local_plan__functions.h
[19.328s] -- Installing: /home/jucy/ydlidar_ws_11_29/ydlidar_ws/install/dwb_msgs/include/dwb_msgs/srv/detail/score_trajectory__type_support.h
[19.329s] -- Installing: /home/jucy/ydlidar_ws_11_29/ydlidar_ws/install/dwb_msgs/include/dwb_msgs/srv/detail/generate_twists__struct.h
[19.329s] -- Installing: /home/jucy/ydlidar_ws_11_29/ydlidar_ws/install/dwb_msgs/include/dwb_msgs/srv/score_trajectory.h
[19.329s] -- Installing: /home/jucy/ydlidar_ws_11_29/ydlidar_ws/install/dwb_msgs/include/dwb_msgs/srv/get_critic_score.h
[19.330s] -- Installing: /home/jucy/ydlidar_ws_11_29/ydlidar_ws/install/dwb_msgs/share/dwb_msgs/environment/library_path.sh
[19.331s] -- Installing: /home/jucy/ydlidar_ws_11_29/ydlidar_ws/install/dwb_msgs/share/dwb_msgs/environment/library_path.dsv
[19.331s] -- Installing: /home/jucy/ydlidar_ws_11_29/ydlidar_ws/install/dwb_msgs/lib/libdwb_msgs__rosidl_generator_c.so
[19.333s] -- Set runtime path of "/home/jucy/ydlidar_ws_11_29/ydlidar_ws/install/dwb_msgs/lib/libdwb_msgs__rosidl_generator_c.so" to ""
[19.333s] -- Up-to-date: /home/jucy/ydlidar_ws_11_29/ydlidar_ws/install/dwb_msgs/include/dwb_msgs
[19.333s] -- Up-to-date: /home/jucy/ydlidar_ws_11_29/ydlidar_ws/install/dwb_msgs/include/dwb_msgs/msg
[19.334s] -- Installing: /home/jucy/ydlidar_ws_11_29/ydlidar_ws/install/dwb_msgs/include/dwb_msgs/msg/rosidl_typesupport_fastrtps_c__visibility_control.h
[19.334s] -- Up-to-date: /home/jucy/ydlidar_ws_11_29/ydlidar_ws/install/dwb_msgs/include/dwb_msgs/msg/detail
[19.334s] -- Installing: /home/jucy/ydlidar_ws_11_29/ydlidar_ws/install/dwb_msgs/include/dwb_msgs/msg/detail/trajectory2_d__rosidl_typesupport_fastrtps_c.h
[19.335s] -- Installing: /home/jucy/ydlidar_ws_11_29/ydlidar_ws/install/dwb_msgs/include/dwb_msgs/msg/detail/local_plan_evaluation__rosidl_typesupport_fastrtps_c.h
[19.335s] -- Installing: /home/jucy/ydlidar_ws_11_29/ydlidar_ws/install/dwb_msgs/include/dwb_msgs/msg/detail/trajectory_score__rosidl_typesupport_fastrtps_c.h
[19.336s] -- Installing: /home/jucy/ydlidar_ws_11_29/ydlidar_ws/install/dwb_msgs/include/dwb_msgs/msg/detail/critic_score__rosidl_typesupport_fastrtps_c.h
[19.336s] -- Up-to-date: /home/jucy/ydlidar_ws_11_29/ydlidar_ws/install/dwb_msgs/include/dwb_msgs/srv
[19.336s] -- Up-to-date: /home/jucy/ydlidar_ws_11_29/ydlidar_ws/install/dwb_msgs/include/dwb_msgs/srv/detail
[19.337s] -- Installing: /home/jucy/ydlidar_ws_11_29/ydlidar_ws/install/dwb_msgs/include/dwb_msgs/srv/detail/generate_twists__rosidl_typesupport_fastrtps_c.h
[19.337s] -- Installing: /home/jucy/ydlidar_ws_11_29/ydlidar_ws/install/dwb_msgs/include/dwb_msgs/srv/detail/generate_trajectory__rosidl_typesupport_fastrtps_c.h
[19.337s] -- Installing: /home/jucy/ydlidar_ws_11_29/ydlidar_ws/install/dwb_msgs/include/dwb_msgs/srv/detail/debug_local_plan__rosidl_typesupport_fastrtps_c.h
[19.338s] -- Installing: /home/jucy/ydlidar_ws_11_29/ydlidar_ws/install/dwb_msgs/include/dwb_msgs/srv/detail/get_critic_score__rosidl_typesupport_fastrtps_c.h
[19.338s] -- Installing: /home/jucy/ydlidar_ws_11_29/ydlidar_ws/install/dwb_msgs/include/dwb_msgs/srv/detail/score_trajectory__rosidl_typesupport_fastrtps_c.h
[19.339s] -- Installing: /home/jucy/ydlidar_ws_11_29/ydlidar_ws/install/dwb_msgs/lib/libdwb_msgs__rosidl_typesupport_fastrtps_c.so
[19.340s] -- Set runtime path of "/home/jucy/ydlidar_ws_11_29/ydlidar_ws/install/dwb_msgs/lib/libdwb_msgs__rosidl_typesupport_fastrtps_c.so" to ""
[19.340s] -- Up-to-date: /home/jucy/ydlidar_ws_11_29/ydlidar_ws/install/dwb_msgs/include/dwb_msgs
[19.340s] -- Up-to-date: /home/jucy/ydlidar_ws_11_29/ydlidar_ws/install/dwb_msgs/include/dwb_msgs/msg
[19.341s] -- Installing: /home/jucy/ydlidar_ws_11_29/ydlidar_ws/install/dwb_msgs/include/dwb_msgs/msg/rosidl_typesupport_fastrtps_cpp__visibility_control.h
[19.341s] -- Up-to-date: /home/jucy/ydlidar_ws_11_29/ydlidar_ws/install/dwb_msgs/include/dwb_msgs/msg/detail
[19.342s] -- Installing: /home/jucy/ydlidar_ws_11_29/ydlidar_ws/install/dwb_msgs/include/dwb_msgs/msg/detail/trajectory2_d__rosidl_typesupport_fastrtps_cpp.hpp
[19.342s] -- Installing: /home/jucy/ydlidar_ws_11_29/ydlidar_ws/install/dwb_msgs/include/dwb_msgs/msg/detail/trajectory_score__rosidl_typesupport_fastrtps_cpp.hpp
[19.342s] -- Installing: /home/jucy/ydlidar_ws_11_29/ydlidar_ws/install/dwb_msgs/include/dwb_msgs/msg/detail/critic_score__rosidl_typesupport_fastrtps_cpp.hpp
[19.343s] -- Installing: /home/jucy/ydlidar_ws_11_29/ydlidar_ws/install/dwb_msgs/include/dwb_msgs/msg/detail/local_plan_evaluation__rosidl_typesupport_fastrtps_cpp.hpp
[19.343s] -- Installing: /home/jucy/ydlidar_ws_11_29/ydlidar_ws/install/dwb_msgs/include/dwb_msgs/msg/detail/dds_fastrtps
[19.344s] -- Up-to-date: /home/jucy/ydlidar_ws_11_29/ydlidar_ws/install/dwb_msgs/include/dwb_msgs/srv
[19.344s] -- Up-to-date: /home/jucy/ydlidar_ws_11_29/ydlidar_ws/install/dwb_msgs/include/dwb_msgs/srv/detail
[19.344s] -- Installing: /home/jucy/ydlidar_ws_11_29/ydlidar_ws/install/dwb_msgs/include/dwb_msgs/srv/detail/score_trajectory__rosidl_typesupport_fastrtps_cpp.hpp
[19.345s] -- Installing: /home/jucy/ydlidar_ws_11_29/ydlidar_ws/install/dwb_msgs/include/dwb_msgs/srv/detail/debug_local_plan__rosidl_typesupport_fastrtps_cpp.hpp
[19.345s] -- Installing: /home/jucy/ydlidar_ws_11_29/ydlidar_ws/install/dwb_msgs/include/dwb_msgs/srv/detail/generate_trajectory__rosidl_typesupport_fastrtps_cpp.hpp
[19.346s] -- Installing: /home/jucy/ydlidar_ws_11_29/ydlidar_ws/install/dwb_msgs/include/dwb_msgs/srv/detail/get_critic_score__rosidl_typesupport_fastrtps_cpp.hpp
[19.346s] -- Installing: /home/jucy/ydlidar_ws_11_29/ydlidar_ws/install/dwb_msgs/include/dwb_msgs/srv/detail/generate_twists__rosidl_typesupport_fastrtps_cpp.hpp
[19.346s] -- Installing: /home/jucy/ydlidar_ws_11_29/ydlidar_ws/install/dwb_msgs/include/dwb_msgs/srv/detail/dds_fastrtps
[19.347s] -- Installing: /home/jucy/ydlidar_ws_11_29/ydlidar_ws/install/dwb_msgs/lib/libdwb_msgs__rosidl_typesupport_fastrtps_cpp.so
[19.349s] -- Set runtime path of "/home/jucy/ydlidar_ws_11_29/ydlidar_ws/install/dwb_msgs/lib/libdwb_msgs__rosidl_typesupport_fastrtps_cpp.so" to ""
[19.349s] -- Up-to-date: /home/jucy/ydlidar_ws_11_29/ydlidar_ws/install/dwb_msgs/include/dwb_msgs
[19.349s] -- Up-to-date: /home/jucy/ydlidar_ws_11_29/ydlidar_ws/install/dwb_msgs/include/dwb_msgs/msg
[19.350s] -- Installing: /home/jucy/ydlidar_ws_11_29/ydlidar_ws/install/dwb_msgs/include/dwb_msgs/msg/rosidl_typesupport_introspection_c__visibility_control.h
[19.350s] -- Up-to-date: /home/jucy/ydlidar_ws_11_29/ydlidar_ws/install/dwb_msgs/include/dwb_msgs/msg/detail
[19.350s] -- Installing: /home/jucy/ydlidar_ws_11_29/ydlidar_ws/install/dwb_msgs/include/dwb_msgs/msg/detail/trajectory2_d__rosidl_typesupport_introspection_c.h
[19.351s] -- Installing: /home/jucy/ydlidar_ws_11_29/ydlidar_ws/install/dwb_msgs/include/dwb_msgs/msg/detail/local_plan_evaluation__rosidl_typesupport_introspection_c.h
[19.351s] -- Installing: /home/jucy/ydlidar_ws_11_29/ydlidar_ws/install/dwb_msgs/include/dwb_msgs/msg/detail/critic_score__rosidl_typesupport_introspection_c.h
[19.352s] -- Installing: /home/jucy/ydlidar_ws_11_29/ydlidar_ws/install/dwb_msgs/include/dwb_msgs/msg/detail/trajectory2_d__type_support.c
[19.352s] -- Installing: /home/jucy/ydlidar_ws_11_29/ydlidar_ws/install/dwb_msgs/include/dwb_msgs/msg/detail/trajectory_score__rosidl_typesupport_introspection_c.h
[19.352s] -- Installing: /home/jucy/ydlidar_ws_11_29/ydlidar_ws/install/dwb_msgs/include/dwb_msgs/msg/detail/critic_score__type_support.c
[19.353s] -- Installing: /home/jucy/ydlidar_ws_11_29/ydlidar_ws/install/dwb_msgs/include/dwb_msgs/msg/detail/trajectory_score__type_support.c
[19.353s] -- Installing: /home/jucy/ydlidar_ws_11_29/ydlidar_ws/install/dwb_msgs/include/dwb_msgs/msg/detail/local_plan_evaluation__type_support.c
[19.354s] -- Up-to-date: /home/jucy/ydlidar_ws_11_29/ydlidar_ws/install/dwb_msgs/include/dwb_msgs/srv
[19.355s] -- Up-to-date: /home/jucy/ydlidar_ws_11_29/ydlidar_ws/install/dwb_msgs/include/dwb_msgs/srv/detail
[19.355s] -- Installing: /home/jucy/ydlidar_ws_11_29/ydlidar_ws/install/dwb_msgs/include/dwb_msgs/srv/detail/debug_local_plan__type_support.c
[19.355s] -- Installing: /home/jucy/ydlidar_ws_11_29/ydlidar_ws/install/dwb_msgs/include/dwb_msgs/srv/detail/generate_twists__type_support.c
[19.356s] -- Installing: /home/jucy/ydlidar_ws_11_29/ydlidar_ws/install/dwb_msgs/include/dwb_msgs/srv/detail/score_trajectory__type_support.c
[19.356s] -- Installing: /home/jucy/ydlidar_ws_11_29/ydlidar_ws/install/dwb_msgs/include/dwb_msgs/srv/detail/generate_trajectory__type_support.c
[19.357s] -- Installing: /home/jucy/ydlidar_ws_11_29/ydlidar_ws/install/dwb_msgs/include/dwb_msgs/srv/detail/score_trajectory__rosidl_typesupport_introspection_c.h
[19.357s] -- Installing: /home/jucy/ydlidar_ws_11_29/ydlidar_ws/install/dwb_msgs/include/dwb_msgs/srv/detail/get_critic_score__type_support.c
[19.357s] -- Installing: /home/jucy/ydlidar_ws_11_29/ydlidar_ws/install/dwb_msgs/include/dwb_msgs/srv/detail/get_critic_score__rosidl_typesupport_introspection_c.h
[19.358s] -- Installing: /home/jucy/ydlidar_ws_11_29/ydlidar_ws/install/dwb_msgs/include/dwb_msgs/srv/detail/generate_trajectory__rosidl_typesupport_introspection_c.h
[19.358s] -- Installing: /home/jucy/ydlidar_ws_11_29/ydlidar_ws/install/dwb_msgs/include/dwb_msgs/srv/detail/generate_twists__rosidl_typesupport_introspection_c.h
[19.359s] -- Installing: /home/jucy/ydlidar_ws_11_29/ydlidar_ws/install/dwb_msgs/include/dwb_msgs/srv/detail/debug_local_plan__rosidl_typesupport_introspection_c.h
[19.359s] -- Installing: /home/jucy/ydlidar_ws_11_29/ydlidar_ws/install/dwb_msgs/lib/libdwb_msgs__rosidl_typesupport_introspection_c.so
[19.360s] -- Set runtime path of "/home/jucy/ydlidar_ws_11_29/ydlidar_ws/install/dwb_msgs/lib/libdwb_msgs__rosidl_typesupport_introspection_c.so" to ""
[19.361s] -- Installing: /home/jucy/ydlidar_ws_11_29/ydlidar_ws/install/dwb_msgs/lib/libdwb_msgs__rosidl_typesupport_c.so
[19.362s] -- Set runtime path of "/home/jucy/ydlidar_ws_11_29/ydlidar_ws/install/dwb_msgs/lib/libdwb_msgs__rosidl_typesupport_c.so" to ""
[19.362s] -- Up-to-date: /home/jucy/ydlidar_ws_11_29/ydlidar_ws/install/dwb_msgs/include/dwb_msgs
[19.363s] -- Up-to-date: /home/jucy/ydlidar_ws_11_29/ydlidar_ws/install/dwb_msgs/include/dwb_msgs/msg
[19.363s] -- Installing: /home/jucy/ydlidar_ws_11_29/ydlidar_ws/install/dwb_msgs/include/dwb_msgs/msg/trajectory_score.hpp
[19.363s] -- Installing: /home/jucy/ydlidar_ws_11_29/ydlidar_ws/install/dwb_msgs/include/dwb_msgs/msg/rosidl_generator_cpp__visibility_control.hpp
[19.364s] -- Installing: /home/jucy/ydlidar_ws_11_29/ydlidar_ws/install/dwb_msgs/include/dwb_msgs/msg/local_plan_evaluation.hpp
[19.364s] -- Installing: /home/jucy/ydlidar_ws_11_29/ydlidar_ws/install/dwb_msgs/include/dwb_msgs/msg/critic_score.hpp
[19.364s] -- Up-to-date: /home/jucy/ydlidar_ws_11_29/ydlidar_ws/install/dwb_msgs/include/dwb_msgs/msg/detail
[19.365s] -- Installing: /home/jucy/ydlidar_ws_11_29/ydlidar_ws/install/dwb_msgs/include/dwb_msgs/msg/detail/trajectory2_d__builder.hpp
[19.365s] -- Installing: /home/jucy/ydlidar_ws_11_29/ydlidar_ws/install/dwb_msgs/include/dwb_msgs/msg/detail/trajectory2_d__struct.hpp
[19.366s] -- Installing: /home/jucy/ydlidar_ws_11_29/ydlidar_ws/install/dwb_msgs/include/dwb_msgs/msg/detail/local_plan_evaluation__type_support.hpp
[19.366s] -- Installing: /home/jucy/ydlidar_ws_11_29/ydlidar_ws/install/dwb_msgs/include/dwb_msgs/msg/detail/critic_score__traits.hpp
[19.366s] -- Installing: /home/jucy/ydlidar_ws_11_29/ydlidar_ws/install/dwb_msgs/include/dwb_msgs/msg/detail/local_plan_evaluation__struct.hpp
[19.367s] -- Installing: /home/jucy/ydlidar_ws_11_29/ydlidar_ws/install/dwb_msgs/include/dwb_msgs/msg/detail/critic_score__struct.hpp
[19.367s] -- Installing: /home/jucy/ydlidar_ws_11_29/ydlidar_ws/install/dwb_msgs/include/dwb_msgs/msg/detail/trajectory2_d__traits.hpp
[19.368s] -- Installing: /home/jucy/ydlidar_ws_11_29/ydlidar_ws/install/dwb_msgs/include/dwb_msgs/msg/detail/trajectory2_d__type_support.hpp
[19.368s] -- Installing: /home/jucy/ydlidar_ws_11_29/ydlidar_ws/install/dwb_msgs/include/dwb_msgs/msg/detail/critic_score__builder.hpp
[19.369s] -- Installing: /home/jucy/ydlidar_ws_11_29/ydlidar_ws/install/dwb_msgs/include/dwb_msgs/msg/detail/trajectory_score__builder.hpp
[19.369s] -- Installing: /home/jucy/ydlidar_ws_11_29/ydlidar_ws/install/dwb_msgs/include/dwb_msgs/msg/detail/local_plan_evaluation__traits.hpp
[19.370s] -- Installing: /home/jucy/ydlidar_ws_11_29/ydlidar_ws/install/dwb_msgs/include/dwb_msgs/msg/detail/critic_score__type_support.hpp
[19.370s] -- Installing: /home/jucy/ydlidar_ws_11_29/ydlidar_ws/install/dwb_msgs/include/dwb_msgs/msg/detail/local_plan_evaluation__builder.hpp
[19.371s] -- Installing: /home/jucy/ydlidar_ws_11_29/ydlidar_ws/install/dwb_msgs/include/dwb_msgs/msg/detail/trajectory_score__traits.hpp
[19.371s] -- Installing: /home/jucy/ydlidar_ws_11_29/ydlidar_ws/install/dwb_msgs/include/dwb_msgs/msg/detail/trajectory_score__type_support.hpp
[19.371s] -- Installing: /home/jucy/ydlidar_ws_11_29/ydlidar_ws/install/dwb_msgs/include/dwb_msgs/msg/detail/trajectory_score__struct.hpp
[19.372s] -- Installing: /home/jucy/ydlidar_ws_11_29/ydlidar_ws/install/dwb_msgs/include/dwb_msgs/msg/trajectory2_d.hpp
[19.372s] -- Up-to-date: /home/jucy/ydlidar_ws_11_29/ydlidar_ws/install/dwb_msgs/include/dwb_msgs/srv
[19.373s] -- Installing: /home/jucy/ydlidar_ws_11_29/ydlidar_ws/install/dwb_msgs/include/dwb_msgs/srv/debug_local_plan.hpp
[19.373s] -- Installing: /home/jucy/ydlidar_ws_11_29/ydlidar_ws/install/dwb_msgs/include/dwb_msgs/srv/get_critic_score.hpp
[19.374s] -- Installing: /home/jucy/ydlidar_ws_11_29/ydlidar_ws/install/dwb_msgs/include/dwb_msgs/srv/generate_twists.hpp
[19.374s] -- Up-to-date: /home/jucy/ydlidar_ws_11_29/ydlidar_ws/install/dwb_msgs/include/dwb_msgs/srv/detail
[19.374s] -- Installing: /home/jucy/ydlidar_ws_11_29/ydlidar_ws/install/dwb_msgs/include/dwb_msgs/srv/detail/debug_local_plan__builder.hpp
[19.375s] -- Installing: /home/jucy/ydlidar_ws_11_29/ydlidar_ws/install/dwb_msgs/include/dwb_msgs/srv/detail/generate_twists__struct.hpp
[19.375s] -- Installing: /home/jucy/ydlidar_ws_11_29/ydlidar_ws/install/dwb_msgs/include/dwb_msgs/srv/detail/debug_local_plan__traits.hpp
[19.376s] -- Installing: /home/jucy/ydlidar_ws_11_29/ydlidar_ws/install/dwb_msgs/include/dwb_msgs/srv/detail/get_critic_score__builder.hpp
[19.376s] -- Installing: /home/jucy/ydlidar_ws_11_29/ydlidar_ws/install/dwb_msgs/include/dwb_msgs/srv/detail/debug_local_plan__type_support.hpp
[19.377s] -- Installing: /home/jucy/ydlidar_ws_11_29/ydlidar_ws/install/dwb_msgs/include/dwb_msgs/srv/detail/generate_twists__type_support.hpp
[19.377s] -- Installing: /home/jucy/ydlidar_ws_11_29/ydlidar_ws/install/dwb_msgs/include/dwb_msgs/srv/detail/generate_twists__traits.hpp
[19.378s] -- Installing: /home/jucy/ydlidar_ws_11_29/ydlidar_ws/install/dwb_msgs/include/dwb_msgs/srv/detail/get_critic_score__struct.hpp
[19.378s] -- Installing: /home/jucy/ydlidar_ws_11_29/ydlidar_ws/install/dwb_msgs/include/dwb_msgs/srv/detail/score_trajectory__traits.hpp
[19.379s] -- Installing: /home/jucy/ydlidar_ws_11_29/ydlidar_ws/install/dwb_msgs/include/dwb_msgs/srv/detail/score_trajectory__type_support.hpp
[19.379s] -- Installing: /home/jucy/ydlidar_ws_11_29/ydlidar_ws/install/dwb_msgs/include/dwb_msgs/srv/detail/score_trajectory__struct.hpp
[19.380s] -- Installing: /home/jucy/ydlidar_ws_11_29/ydlidar_ws/install/dwb_msgs/include/dwb_msgs/srv/detail/generate_trajectory__struct.hpp
[19.380s] -- Installing: /home/jucy/ydlidar_ws_11_29/ydlidar_ws/install/dwb_msgs/include/dwb_msgs/srv/detail/get_critic_score__type_support.hpp
[19.380s] -- Installing: /home/jucy/ydlidar_ws_11_29/ydlidar_ws/install/dwb_msgs/include/dwb_msgs/srv/detail/generate_trajectory__builder.hpp
[19.381s] -- Installing: /home/jucy/ydlidar_ws_11_29/ydlidar_ws/install/dwb_msgs/include/dwb_msgs/srv/detail/debug_local_plan__struct.hpp
[19.381s] -- Installing: /home/jucy/ydlidar_ws_11_29/ydlidar_ws/install/dwb_msgs/include/dwb_msgs/srv/detail/generate_trajectory__traits.hpp
[19.381s] -- Installing: /home/jucy/ydlidar_ws_11_29/ydlidar_ws/install/dwb_msgs/include/dwb_msgs/srv/detail/generate_twists__builder.hpp
[19.382s] -- Installing: /home/jucy/ydlidar_ws_11_29/ydlidar_ws/install/dwb_msgs/include/dwb_msgs/srv/detail/get_critic_score__traits.hpp
[19.382s] -- Installing: /home/jucy/ydlidar_ws_11_29/ydlidar_ws/install/dwb_msgs/include/dwb_msgs/srv/detail/score_trajectory__builder.hpp
[19.382s] -- Installing: /home/jucy/ydlidar_ws_11_29/ydlidar_ws/install/dwb_msgs/include/dwb_msgs/srv/detail/generate_trajectory__type_support.hpp
[19.382s] -- Installing: /home/jucy/ydlidar_ws_11_29/ydlidar_ws/install/dwb_msgs/include/dwb_msgs/srv/score_trajectory.hpp
[19.383s] -- Installing: /home/jucy/ydlidar_ws_11_29/ydlidar_ws/install/dwb_msgs/include/dwb_msgs/srv/generate_trajectory.hpp
[19.383s] -- Up-to-date: /home/jucy/ydlidar_ws_11_29/ydlidar_ws/install/dwb_msgs/include/dwb_msgs
[19.383s] -- Up-to-date: /home/jucy/ydlidar_ws_11_29/ydlidar_ws/install/dwb_msgs/include/dwb_msgs/msg
[19.383s] -- Up-to-date: /home/jucy/ydlidar_ws_11_29/ydlidar_ws/install/dwb_msgs/include/dwb_msgs/msg/detail
[19.384s] -- Installing: /home/jucy/ydlidar_ws_11_29/ydlidar_ws/install/dwb_msgs/include/dwb_msgs/msg/detail/trajectory2_d__type_support.cpp
[19.384s] -- Installing: /home/jucy/ydlidar_ws_11_29/ydlidar_ws/install/dwb_msgs/include/dwb_msgs/msg/detail/critic_score__rosidl_typesupport_introspection_cpp.hpp
[19.384s] -- Installing: /home/jucy/ydlidar_ws_11_29/ydlidar_ws/install/dwb_msgs/include/dwb_msgs/msg/detail/trajectory_score__rosidl_typesupport_introspection_cpp.hpp
[19.384s] -- Installing: /home/jucy/ydlidar_ws_11_29/ydlidar_ws/install/dwb_msgs/include/dwb_msgs/msg/detail/local_plan_evaluation__type_support.cpp
[19.385s] -- Installing: /home/jucy/ydlidar_ws_11_29/ydlidar_ws/install/dwb_msgs/include/dwb_msgs/msg/detail/trajectory_score__type_support.cpp
[19.385s] -- Installing: /home/jucy/ydlidar_ws_11_29/ydlidar_ws/install/dwb_msgs/include/dwb_msgs/msg/detail/critic_score__type_support.cpp
[19.385s] -- Installing: /home/jucy/ydlidar_ws_11_29/ydlidar_ws/install/dwb_msgs/include/dwb_msgs/msg/detail/trajectory2_d__rosidl_typesupport_introspection_cpp.hpp
[19.386s] -- Installing: /home/jucy/ydlidar_ws_11_29/ydlidar_ws/install/dwb_msgs/include/dwb_msgs/msg/detail/local_plan_evaluation__rosidl_typesupport_introspection_cpp.hpp
[19.386s] -- Up-to-date: /home/jucy/ydlidar_ws_11_29/ydlidar_ws/install/dwb_msgs/include/dwb_msgs/srv
[19.386s] -- Up-to-date: /home/jucy/ydlidar_ws_11_29/ydlidar_ws/install/dwb_msgs/include/dwb_msgs/srv/detail
[19.386s] -- Installing: /home/jucy/ydlidar_ws_11_29/ydlidar_ws/install/dwb_msgs/include/dwb_msgs/srv/detail/generate_twists__rosidl_typesupport_introspection_cpp.hpp
[19.386s] -- Installing: /home/jucy/ydlidar_ws_11_29/ydlidar_ws/install/dwb_msgs/include/dwb_msgs/srv/detail/generate_trajectory__type_support.cpp
[19.387s] -- Installing: /home/jucy/ydlidar_ws_11_29/ydlidar_ws/install/dwb_msgs/include/dwb_msgs/srv/detail/score_trajectory__type_support.cpp
[19.387s] -- Installing: /home/jucy/ydlidar_ws_11_29/ydlidar_ws/install/dwb_msgs/include/dwb_msgs/srv/detail/get_critic_score__rosidl_typesupport_introspection_cpp.hpp
[19.387s] -- Installing: /home/jucy/ydlidar_ws_11_29/ydlidar_ws/install/dwb_msgs/include/dwb_msgs/srv/detail/generate_twists__type_support.cpp
[19.387s] -- Installing: /home/jucy/ydlidar_ws_11_29/ydlidar_ws/install/dwb_msgs/include/dwb_msgs/srv/detail/score_trajectory__rosidl_typesupport_introspection_cpp.hpp
[19.387s] -- Installing: /home/jucy/ydlidar_ws_11_29/ydlidar_ws/install/dwb_msgs/include/dwb_msgs/srv/detail/get_critic_score__type_support.cpp
[19.388s] -- Installing: /home/jucy/ydlidar_ws_11_29/ydlidar_ws/install/dwb_msgs/include/dwb_msgs/srv/detail/generate_trajectory__rosidl_typesupport_introspection_cpp.hpp
[19.388s] -- Installing: /home/jucy/ydlidar_ws_11_29/ydlidar_ws/install/dwb_msgs/include/dwb_msgs/srv/detail/debug_local_plan__rosidl_typesupport_introspection_cpp.hpp
[19.388s] -- Installing: /home/jucy/ydlidar_ws_11_29/ydlidar_ws/install/dwb_msgs/include/dwb_msgs/srv/detail/debug_local_plan__type_support.cpp
[19.388s] -- Installing: /home/jucy/ydlidar_ws_11_29/ydlidar_ws/install/dwb_msgs/lib/libdwb_msgs__rosidl_typesupport_introspection_cpp.so
[19.389s] -- Set runtime path of "/home/jucy/ydlidar_ws_11_29/ydlidar_ws/install/dwb_msgs/lib/libdwb_msgs__rosidl_typesupport_introspection_cpp.so" to ""
[19.389s] -- Installing: /home/jucy/ydlidar_ws_11_29/ydlidar_ws/install/dwb_msgs/lib/libdwb_msgs__rosidl_typesupport_cpp.so
[19.390s] -- Set runtime path of "/home/jucy/ydlidar_ws_11_29/ydlidar_ws/install/dwb_msgs/lib/libdwb_msgs__rosidl_typesupport_cpp.so" to ""
[19.390s] -- Installing: /home/jucy/ydlidar_ws_11_29/ydlidar_ws/install/dwb_msgs/share/dwb_msgs/environment/pythonpath.sh
[19.391s] -- Installing: /home/jucy/ydlidar_ws_11_29/ydlidar_ws/install/dwb_msgs/share/dwb_msgs/environment/pythonpath.dsv
[19.391s] -- Installing: /home/jucy/ydlidar_ws_11_29/ydlidar_ws/install/dwb_msgs/lib/python3.8/site-packages/dwb_msgs/__init__.py
[19.456s] Compiling '/home/jucy/ydlidar_ws_11_29/ydlidar_ws/install/dwb_msgs/lib/python3.8/site-packages/dwb_msgs/__init__.py'...
[19.462s] -- Installing: /home/jucy/ydlidar_ws_11_29/ydlidar_ws/install/dwb_msgs/lib/python3.8/site-packages/dwb_msgs/msg
[19.462s] -- Installing: /home/jucy/ydlidar_ws_11_29/ydlidar_ws/install/dwb_msgs/lib/python3.8/site-packages/dwb_msgs/msg/_local_plan_evaluation.py
[19.463s] -- Installing: /home/jucy/ydlidar_ws_11_29/ydlidar_ws/install/dwb_msgs/lib/python3.8/site-packages/dwb_msgs/msg/_local_plan_evaluation_s.c
[19.463s] -- Installing: /home/jucy/ydlidar_ws_11_29/ydlidar_ws/install/dwb_msgs/lib/python3.8/site-packages/dwb_msgs/msg/_critic_score_s.c
[19.463s] -- Installing: /home/jucy/ydlidar_ws_11_29/ydlidar_ws/install/dwb_msgs/lib/python3.8/site-packages/dwb_msgs/msg/_critic_score.py
[19.463s] -- Installing: /home/jucy/ydlidar_ws_11_29/ydlidar_ws/install/dwb_msgs/lib/python3.8/site-packages/dwb_msgs/msg/_trajectory_score_s.c
[19.464s] -- Installing: /home/jucy/ydlidar_ws_11_29/ydlidar_ws/install/dwb_msgs/lib/python3.8/site-packages/dwb_msgs/msg/_trajectory_score.py
[19.464s] -- Installing: /home/jucy/ydlidar_ws_11_29/ydlidar_ws/install/dwb_msgs/lib/python3.8/site-packages/dwb_msgs/msg/__init__.py
[19.464s] -- Installing: /home/jucy/ydlidar_ws_11_29/ydlidar_ws/install/dwb_msgs/lib/python3.8/site-packages/dwb_msgs/msg/_trajectory2_d.py
[19.464s] -- Installing: /home/jucy/ydlidar_ws_11_29/ydlidar_ws/install/dwb_msgs/lib/python3.8/site-packages/dwb_msgs/msg/_trajectory2_d_s.c
[19.464s] -- Installing: /home/jucy/ydlidar_ws_11_29/ydlidar_ws/install/dwb_msgs/lib/python3.8/site-packages/dwb_msgs/srv
[19.465s] -- Installing: /home/jucy/ydlidar_ws_11_29/ydlidar_ws/install/dwb_msgs/lib/python3.8/site-packages/dwb_msgs/srv/_debug_local_plan_s.c
[19.465s] -- Installing: /home/jucy/ydlidar_ws_11_29/ydlidar_ws/install/dwb_msgs/lib/python3.8/site-packages/dwb_msgs/srv/_generate_twists_s.c
[19.465s] -- Installing: /home/jucy/ydlidar_ws_11_29/ydlidar_ws/install/dwb_msgs/lib/python3.8/site-packages/dwb_msgs/srv/_generate_trajectory.py
[19.465s] -- Installing: /home/jucy/ydlidar_ws_11_29/ydlidar_ws/install/dwb_msgs/lib/python3.8/site-packages/dwb_msgs/srv/_score_trajectory.py
[19.466s] -- Installing: /home/jucy/ydlidar_ws_11_29/ydlidar_ws/install/dwb_msgs/lib/python3.8/site-packages/dwb_msgs/srv/_get_critic_score_s.c
[19.466s] -- Installing: /home/jucy/ydlidar_ws_11_29/ydlidar_ws/install/dwb_msgs/lib/python3.8/site-packages/dwb_msgs/srv/_debug_local_plan.py
[19.466s] -- Installing: /home/jucy/ydlidar_ws_11_29/ydlidar_ws/install/dwb_msgs/lib/python3.8/site-packages/dwb_msgs/srv/_get_critic_score.py
[19.466s] -- Installing: /home/jucy/ydlidar_ws_11_29/ydlidar_ws/install/dwb_msgs/lib/python3.8/site-packages/dwb_msgs/srv/__init__.py
[19.466s] -- Installing: /home/jucy/ydlidar_ws_11_29/ydlidar_ws/install/dwb_msgs/lib/python3.8/site-packages/dwb_msgs/srv/_generate_twists.py
[19.467s] -- Installing: /home/jucy/ydlidar_ws_11_29/ydlidar_ws/install/dwb_msgs/lib/python3.8/site-packages/dwb_msgs/srv/_score_trajectory_s.c
[19.467s] -- Installing: /home/jucy/ydlidar_ws_11_29/ydlidar_ws/install/dwb_msgs/lib/python3.8/site-packages/dwb_msgs/srv/_generate_trajectory_s.c
[19.467s] -- Installing: /home/jucy/ydlidar_ws_11_29/ydlidar_ws/install/dwb_msgs/lib/python3.8/site-packages/dwb_msgs/dwb_msgs_s__rosidl_typesupport_fastrtps_c.cpython-38-x86_64-linux-gnu.so
[19.467s] -- Set runtime path of "/home/jucy/ydlidar_ws_11_29/ydlidar_ws/install/dwb_msgs/lib/python3.8/site-packages/dwb_msgs/dwb_msgs_s__rosidl_typesupport_fastrtps_c.cpython-38-x86_64-linux-gnu.so" to ""
[19.468s] -- Installing: /home/jucy/ydlidar_ws_11_29/ydlidar_ws/install/dwb_msgs/lib/python3.8/site-packages/dwb_msgs/dwb_msgs_s__rosidl_typesupport_introspection_c.cpython-38-x86_64-linux-gnu.so
[19.468s] -- Set runtime path of "/home/jucy/ydlidar_ws_11_29/ydlidar_ws/install/dwb_msgs/lib/python3.8/site-packages/dwb_msgs/dwb_msgs_s__rosidl_typesupport_introspection_c.cpython-38-x86_64-linux-gnu.so" to ""
[19.469s] -- Installing: /home/jucy/ydlidar_ws_11_29/ydlidar_ws/install/dwb_msgs/lib/python3.8/site-packages/dwb_msgs/dwb_msgs_s__rosidl_typesupport_c.cpython-38-x86_64-linux-gnu.so
[19.470s] -- Set runtime path of "/home/jucy/ydlidar_ws_11_29/ydlidar_ws/install/dwb_msgs/lib/python3.8/site-packages/dwb_msgs/dwb_msgs_s__rosidl_typesupport_c.cpython-38-x86_64-linux-gnu.so" to ""
[19.470s] -- Installing: /home/jucy/ydlidar_ws_11_29/ydlidar_ws/install/dwb_msgs/lib/libdwb_msgs__python.so
[19.470s] -- Set runtime path of "/home/jucy/ydlidar_ws_11_29/ydlidar_ws/install/dwb_msgs/lib/libdwb_msgs__python.so" to ""
[19.471s] -- Installing: /home/jucy/ydlidar_ws_11_29/ydlidar_ws/install/dwb_msgs/share/dwb_msgs/msg/CriticScore.idl
[19.471s] -- Installing: /home/jucy/ydlidar_ws_11_29/ydlidar_ws/install/dwb_msgs/share/dwb_msgs/msg/LocalPlanEvaluation.idl
[19.471s] -- Installing: /home/jucy/ydlidar_ws_11_29/ydlidar_ws/install/dwb_msgs/share/dwb_msgs/msg/Trajectory2D.idl
[19.471s] -- Installing: /home/jucy/ydlidar_ws_11_29/ydlidar_ws/install/dwb_msgs/share/dwb_msgs/msg/TrajectoryScore.idl
[19.472s] -- Installing: /home/jucy/ydlidar_ws_11_29/ydlidar_ws/install/dwb_msgs/share/dwb_msgs/srv/DebugLocalPlan.idl
[19.472s] -- Installing: /home/jucy/ydlidar_ws_11_29/ydlidar_ws/install/dwb_msgs/share/dwb_msgs/srv/GenerateTrajectory.idl
[19.472s] -- Installing: /home/jucy/ydlidar_ws_11_29/ydlidar_ws/install/dwb_msgs/share/dwb_msgs/srv/GenerateTwists.idl
[19.473s] -- Installing: /home/jucy/ydlidar_ws_11_29/ydlidar_ws/install/dwb_msgs/share/dwb_msgs/srv/GetCriticScore.idl
[19.473s] -- Installing: /home/jucy/ydlidar_ws_11_29/ydlidar_ws/install/dwb_msgs/share/dwb_msgs/srv/ScoreTrajectory.idl
[19.473s] -- Installing: /home/jucy/ydlidar_ws_11_29/ydlidar_ws/install/dwb_msgs/share/dwb_msgs/msg/CriticScore.msg
[19.473s] -- Installing: /home/jucy/ydlidar_ws_11_29/ydlidar_ws/install/dwb_msgs/share/dwb_msgs/msg/LocalPlanEvaluation.msg
[19.473s] -- Installing: /home/jucy/ydlidar_ws_11_29/ydlidar_ws/install/dwb_msgs/share/dwb_msgs/msg/Trajectory2D.msg
[19.474s] -- Installing: /home/jucy/ydlidar_ws_11_29/ydlidar_ws/install/dwb_msgs/share/dwb_msgs/msg/TrajectoryScore.msg
[19.474s] -- Installing: /home/jucy/ydlidar_ws_11_29/ydlidar_ws/install/dwb_msgs/share/dwb_msgs/srv/DebugLocalPlan.srv
[19.474s] -- Installing: /home/jucy/ydlidar_ws_11_29/ydlidar_ws/install/dwb_msgs/share/dwb_msgs/srv/DebugLocalPlan_Request.msg
[19.474s] -- Installing: /home/jucy/ydlidar_ws_11_29/ydlidar_ws/install/dwb_msgs/share/dwb_msgs/srv/DebugLocalPlan_Response.msg
[19.475s] -- Installing: /home/jucy/ydlidar_ws_11_29/ydlidar_ws/install/dwb_msgs/share/dwb_msgs/srv/GenerateTrajectory.srv
[19.475s] -- Installing: /home/jucy/ydlidar_ws_11_29/ydlidar_ws/install/dwb_msgs/share/dwb_msgs/srv/GenerateTrajectory_Request.msg
[19.475s] -- Installing: /home/jucy/ydlidar_ws_11_29/ydlidar_ws/install/dwb_msgs/share/dwb_msgs/srv/GenerateTrajectory_Response.msg
[19.475s] -- Installing: /home/jucy/ydlidar_ws_11_29/ydlidar_ws/install/dwb_msgs/share/dwb_msgs/srv/GenerateTwists.srv
[19.476s] -- Installing: /home/jucy/ydlidar_ws_11_29/ydlidar_ws/install/dwb_msgs/share/dwb_msgs/srv/GenerateTwists_Request.msg
[19.476s] -- Installing: /home/jucy/ydlidar_ws_11_29/ydlidar_ws/install/dwb_msgs/share/dwb_msgs/srv/GenerateTwists_Response.msg
[19.476s] -- Installing: /home/jucy/ydlidar_ws_11_29/ydlidar_ws/install/dwb_msgs/share/dwb_msgs/srv/GetCriticScore.srv
[19.476s] -- Installing: /home/jucy/ydlidar_ws_11_29/ydlidar_ws/install/dwb_msgs/share/dwb_msgs/srv/GetCriticScore_Request.msg
[19.477s] -- Installing: /home/jucy/ydlidar_ws_11_29/ydlidar_ws/install/dwb_msgs/share/dwb_msgs/srv/GetCriticScore_Response.msg
[19.477s] -- Installing: /home/jucy/ydlidar_ws_11_29/ydlidar_ws/install/dwb_msgs/share/dwb_msgs/srv/ScoreTrajectory.srv
[19.477s] -- Installing: /home/jucy/ydlidar_ws_11_29/ydlidar_ws/install/dwb_msgs/share/dwb_msgs/srv/ScoreTrajectory_Request.msg
[19.478s] -- Installing: /home/jucy/ydlidar_ws_11_29/ydlidar_ws/install/dwb_msgs/share/dwb_msgs/srv/ScoreTrajectory_Response.msg
[19.478s] -- Installing: /home/jucy/ydlidar_ws_11_29/ydlidar_ws/install/dwb_msgs/share/ament_index/resource_index/package_run_dependencies/dwb_msgs
[19.478s] -- Installing: /home/jucy/ydlidar_ws_11_29/ydlidar_ws/install/dwb_msgs/share/ament_index/resource_index/parent_prefix_path/dwb_msgs
[19.478s] -- Installing: /home/jucy/ydlidar_ws_11_29/ydlidar_ws/install/dwb_msgs/share/dwb_msgs/environment/ament_prefix_path.sh
[19.479s] -- Installing: /home/jucy/ydlidar_ws_11_29/ydlidar_ws/install/dwb_msgs/share/dwb_msgs/environment/ament_prefix_path.dsv
[19.479s] -- Installing: /home/jucy/ydlidar_ws_11_29/ydlidar_ws/install/dwb_msgs/share/dwb_msgs/environment/path.sh
[19.479s] -- Installing: /home/jucy/ydlidar_ws_11_29/ydlidar_ws/install/dwb_msgs/share/dwb_msgs/environment/path.dsv
[19.479s] -- Installing: /home/jucy/ydlidar_ws_11_29/ydlidar_ws/install/dwb_msgs/share/dwb_msgs/local_setup.bash
[19.480s] -- Installing: /home/jucy/ydlidar_ws_11_29/ydlidar_ws/install/dwb_msgs/share/dwb_msgs/local_setup.sh
[19.480s] -- Installing: /home/jucy/ydlidar_ws_11_29/ydlidar_ws/install/dwb_msgs/share/dwb_msgs/local_setup.zsh
[19.480s] -- Installing: /home/jucy/ydlidar_ws_11_29/ydlidar_ws/install/dwb_msgs/share/dwb_msgs/local_setup.dsv
[19.480s] -- Installing: /home/jucy/ydlidar_ws_11_29/ydlidar_ws/install/dwb_msgs/share/dwb_msgs/package.dsv
[19.481s] -- Installing: /home/jucy/ydlidar_ws_11_29/ydlidar_ws/install/dwb_msgs/share/ament_index/resource_index/packages/dwb_msgs
[19.481s] -- Installing: /home/jucy/ydlidar_ws_11_29/ydlidar_ws/install/dwb_msgs/share/dwb_msgs/cmake/dwb_msgs__rosidl_generator_cExport.cmake
[19.481s] -- Installing: /home/jucy/ydlidar_ws_11_29/ydlidar_ws/install/dwb_msgs/share/dwb_msgs/cmake/dwb_msgs__rosidl_generator_cExport-noconfig.cmake
[19.482s] -- Installing: /home/jucy/ydlidar_ws_11_29/ydlidar_ws/install/dwb_msgs/share/dwb_msgs/cmake/dwb_msgs__rosidl_typesupport_introspection_cExport.cmake
[19.482s] -- Installing: /home/jucy/ydlidar_ws_11_29/ydlidar_ws/install/dwb_msgs/share/dwb_msgs/cmake/dwb_msgs__rosidl_typesupport_introspection_cExport-noconfig.cmake
[19.482s] -- Installing: /home/jucy/ydlidar_ws_11_29/ydlidar_ws/install/dwb_msgs/share/dwb_msgs/cmake/dwb_msgs__rosidl_typesupport_cExport.cmake
[19.483s] -- Installing: /home/jucy/ydlidar_ws_11_29/ydlidar_ws/install/dwb_msgs/share/dwb_msgs/cmake/dwb_msgs__rosidl_typesupport_cExport-noconfig.cmake
[19.483s] -- Installing: /home/jucy/ydlidar_ws_11_29/ydlidar_ws/install/dwb_msgs/share/dwb_msgs/cmake/dwb_msgs__rosidl_generator_cppExport.cmake
[19.483s] -- Installing: /home/jucy/ydlidar_ws_11_29/ydlidar_ws/install/dwb_msgs/share/dwb_msgs/cmake/dwb_msgs__rosidl_typesupport_introspection_cppExport.cmake
[19.483s] -- Installing: /home/jucy/ydlidar_ws_11_29/ydlidar_ws/install/dwb_msgs/share/dwb_msgs/cmake/dwb_msgs__rosidl_typesupport_introspection_cppExport-noconfig.cmake
[19.484s] -- Installing: /home/jucy/ydlidar_ws_11_29/ydlidar_ws/install/dwb_msgs/share/dwb_msgs/cmake/dwb_msgs__rosidl_typesupport_cppExport.cmake
[19.484s] -- Installing: /home/jucy/ydlidar_ws_11_29/ydlidar_ws/install/dwb_msgs/share/dwb_msgs/cmake/dwb_msgs__rosidl_typesupport_cppExport-noconfig.cmake
[19.484s] -- Installing: /home/jucy/ydlidar_ws_11_29/ydlidar_ws/install/dwb_msgs/share/dwb_msgs/cmake/rosidl_cmake-extras.cmake
[19.485s] -- Installing: /home/jucy/ydlidar_ws_11_29/ydlidar_ws/install/dwb_msgs/share/dwb_msgs/cmake/ament_cmake_export_dependencies-extras.cmake
[19.485s] -- Installing: /home/jucy/ydlidar_ws_11_29/ydlidar_ws/install/dwb_msgs/share/dwb_msgs/cmake/ament_cmake_export_libraries-extras.cmake
[19.485s] -- Installing: /home/jucy/ydlidar_ws_11_29/ydlidar_ws/install/dwb_msgs/share/dwb_msgs/cmake/ament_cmake_export_targets-extras.cmake
[19.485s] -- Installing: /home/jucy/ydlidar_ws_11_29/ydlidar_ws/install/dwb_msgs/share/dwb_msgs/cmake/ament_cmake_export_include_directories-extras.cmake
[19.486s] -- Installing: /home/jucy/ydlidar_ws_11_29/ydlidar_ws/install/dwb_msgs/share/dwb_msgs/cmake/rosidl_cmake_export_typesupport_libraries-extras.cmake
[19.486s] -- Installing: /home/jucy/ydlidar_ws_11_29/ydlidar_ws/install/dwb_msgs/share/dwb_msgs/cmake/rosidl_cmake_export_typesupport_targets-extras.cmake
[19.486s] -- Installing: /home/jucy/ydlidar_ws_11_29/ydlidar_ws/install/dwb_msgs/share/dwb_msgs/cmake/dwb_msgsConfig.cmake
[19.486s] -- Installing: /home/jucy/ydlidar_ws_11_29/ydlidar_ws/install/dwb_msgs/share/dwb_msgs/cmake/dwb_msgsConfig-version.cmake
[19.487s] -- Installing: /home/jucy/ydlidar_ws_11_29/ydlidar_ws/install/dwb_msgs/share/dwb_msgs/package.xml
[19.490s] Invoked command in '/home/jucy/ydlidar_ws_11_29/ydlidar_ws/build/dwb_msgs' returned '0': AMENT_PREFIX_PATH=/home/jucy/ydlidar_ws_11_29/ydlidar_ws/install/nav_2d_msgs:${AMENT_PREFIX_PATH} CMAKE_PREFIX_PATH=/home/jucy/ydlidar_ws_11_29/ydlidar_ws/install/nav_2d_msgs:/home/jucy/ydlidar_ws_11_29/install/ydlidar_ros2_driver:/home/jucy/ydlidar_ws_11_29/install/nav2_system_tests:/home/jucy/ydlidar_ws_11_29/install/myagv_navigation2:/home/jucy/ydlidar_ws_11_29/install/nav2_bringup:/home/jucy/ydlidar_ws_11_29/install/navigation2:/home/jucy/ydlidar_ws_11_29/install/smac_planner:/home/jucy/ydlidar_ws_11_29/install/nav2_dwb_controller:/home/jucy/ydlidar_ws_11_29/install/nav2_controller:/home/jucy/ydlidar_ws_11_29/install/dwb_plugins:/home/jucy/ydlidar_ws_11_29/install/dwb_critics:/home/jucy/ydlidar_ws_11_29/install/dwb_core:/home/jucy/ydlidar_ws_11_29/install/nav_2d_utils:/home/jucy/ydlidar_ws_11_29/install/dwb_msgs:/home/jucy/ydlidar_ws_11_29/install/nav_2d_msgs:/home/jucy/ydlidar_ws_11_29/install/nav2_waypoint_follower:/home/jucy/ydlidar_ws_11_29/install/nav2_regulated_pure_pursuit_controller:/home/jucy/ydlidar_ws_11_29/install/nav2_recoveries:/home/jucy/ydlidar_ws_11_29/install/nav2_planner:/home/jucy/ydlidar_ws_11_29/install/nav2_navfn_planner:/home/jucy/ydlidar_ws_11_29/install/nav2_core:/home/jucy/ydlidar_ws_11_29/install/costmap_queue:/home/jucy/ydlidar_ws_11_29/install/nav2_costmap_2d:/home/jucy/ydlidar_ws_11_29/install/nav2_voxel_grid:/home/jucy/ydlidar_ws_11_29/install/nav2_rviz_plugins:/home/jucy/ydlidar_ws_11_29/install/nav2_map_server:/home/jucy/ydlidar_ws_11_29/install/nav2_lifecycle_manager:/home/jucy/ydlidar_ws_11_29/install/nav2_bt_navigator:/home/jucy/ydlidar_ws_11_29/install/nav2_behavior_tree:/home/jucy/ydlidar_ws_11_29/install/nav2_amcl:/home/jucy/ydlidar_ws_11_29/install/nav2_util:/home/jucy/ydlidar_ws_11_29/install/nav2_msgs:/home/jucy/ydlidar_ws_11_29/install/nav2_common:/home/jucy/ydlidar_ws_11_29/install/myagv_bringup:/home/jucy/ydlidar_ws_11_29/install/myagv_description:/home/jucy/new_ws/install/myagv_description:/home/jucy/new_ws/install/aseembly:/home/jucy/turtlebot3_ws/install/turtlebot3:/home/jucy/turtlebot3_ws/install/turtlebot3_simulations:/home/jucy/turtlebot3_ws/install/turtlebot3_bringup:/home/jucy/turtlebot3_ws/install/turtlebot3_node:/home/jucy/turtlebot3_ws/install/turtlebot3_navigation2:/home/jucy/turtlebot3_ws/install/turtlebot3_fake_node:/home/jucy/turtlebot3_ws/install/turtlebot3_msgs:/home/jucy/turtlebot3_ws/install/turtlebot3_gazebo:/home/jucy/turtlebot3_ws/install/turtlebot3_description:/home/jucy/turtlebot3_ws/install/turtlebot3_cartographer:/home/jucy/turtlebot3_ws/install/dynamixel_sdk_examples:/home/jucy/turtlebot3_ws/install/dynamixel_sdk_custom_interfaces:/home/jucy/turtlebot3_ws/install/dynamixel_sdk:/home/jucy/ros2_ws/install/ps2_controller:/home/jucy/ydlidar_ros2_ws/install/ydlidar_ros2_driver:/home/jucy/ydlidar_ros2_ws/install/ps2_controller:/home/jucy/ydlidar_ros2_ws/install/myagv_navigation2:/home/jucy/ydlidar_ros2_ws/install/myagv_bringup:/home/jucy/ydlidar_ros2_ws/install/myagv_description:/home/jucy/ydlidar_ros2_wss/install/ydlidar_ros2_driver:/opt/ros/foxy:/opt/ros/foxy:/home/jucy/ydlidar_ws_11_29/install/nav2_gazebo_spawner:/home/jucy/ydlidar_ws_11_29/install/jdamr200_node:/home/jucy/turtlebot3_ws/install/turtlebot3_teleop:/home/jucy/turtlebot3_ws/install/turtlebot3_example:/home/jucy/turtlebot3_ws/install/nav2_goal_pulisher_test:/home/jucy/turtlebot3_ws/install/nav2_goal_publisher:/home/jucy/ros2_ws/install/camera_udp_communication:/home/jucy/ros2_ws/install/agv_control_py:/home/jucy/ydlidar_ros2_ws/install/jdamr200_teleop:/home/jucy/ydlidar_ros2_ws/install/jdamr200_node LD_LIBRARY_PATH=/home/jucy/ydlidar_ws_11_29/ydlidar_ws/install/nav_2d_msgs/lib:${LD_LIBRARY_PATH} PYTHONPATH=/home/jucy/ydlidar_ws_11_29/ydlidar_ws/install/nav_2d_msgs/lib/python3.8/site-packages:${PYTHONPATH} /usr/bin/cmake --install /home/jucy/ydlidar_ws_11_29/ydlidar_ws/build/dwb_msgs
