-- The C compiler identification is GNU 9.4.0
-- The CXX compiler identification is GNU 9.4.0
-- Check for working C compiler: /usr/bin/cc
-- Check for working C compiler: /usr/bin/cc -- works
-- Detecting C compiler ABI info
-- Detecting C compiler ABI info - done
-- Detecting C compile features
-- Detecting C compile features - done
-- Check for working CXX compiler: /usr/bin/c++
-- Check for working CXX compiler: /usr/bin/c++ -- works
-- Detecting CXX compiler ABI info
-- Detecting CXX compiler ABI info - done
-- Detecting CXX compile features
-- Detecting CXX compile features - done
-- Found ament_cmake: 0.9.12 (/opt/ros/foxy/share/ament_cmake/cmake)
-- Found PythonInterp: /usr/bin/python3 (found suitable version "3.8.10", minimum required is "3") 
-- Using PYTHON_EXECUTABLE: /usr/bin/python3
-- Found rclcpp: 2.4.3 (/opt/ros/foxy/share/rclcpp/cmake)
-- Using all available rosidl_typesupport_c: rosidl_typesupport_fastrtps_c;rosidl_typesupport_introspection_c
-- Found rosidl_adapter: 1.3.1 (/opt/ros/foxy/share/rosidl_adapter/cmake)
-- Found OpenSSL: /usr/lib/aarch64-linux-gnu/libcrypto.so (found version "1.1.1f")  
-- Found FastRTPS: /opt/ros/foxy/include  
-- Using all available rosidl_typesupport_cpp: rosidl_typesupport_fastrtps_cpp;rosidl_typesupport_introspection_cpp
-- Found rmw_implementation_cmake: 1.0.4 (/opt/ros/foxy/share/rmw_implementation_cmake/cmake)
-- Using RMW implementation 'rmw_fastrtps_cpp' as default
-- Looking for pthread.h
-- Looking for pthread.h - found
-- Performing Test CMAKE_HAVE_LIBC_PTHREAD
-- Performing Test CMAKE_HAVE_LIBC_PTHREAD - Failed
-- Looking for pthread_create in pthreads
-- Looking for pthread_create in pthreads - not found
-- Looking for pthread_create in pthread
-- Looking for pthread_create in pthread - found
-- Found Threads: TRUE  
-- Found geometry_msgs: 2.0.5 (/opt/ros/foxy/share/geometry_msgs/cmake)
-- Configuring done
-- Generating done
-- Build files have been written to: /home/pi/KG_2_Project/build/ps2_controller
[35m[1mScanning dependencies of target ps2_controller_node[0m
[ 66%] [32mBuilding CXX object CMakeFiles/ps2_controller_node.dir/src/ps2_controller_node.cpp.o[0m
[ 66%] [32mBuilding CXX object CMakeFiles/ps2_controller_node.dir/src/ps2_controller.cpp.o[0m
[100%] [32m[1mLinking CXX executable ps2_controller_node[0m
[100%] Built target ps2_controller_node
-- Install configuration: ""
-- Installing: /home/pi/KG_2_Project/install/ps2_controller/lib/ps2_controller/ps2_controller_node
-- Set runtime path of "/home/pi/KG_2_Project/install/ps2_controller/lib/ps2_controller/ps2_controller_node" to ""
-- Installing: /home/pi/KG_2_Project/install/ps2_controller/include/
-- Installing: /home/pi/KG_2_Project/install/ps2_controller/include//ps2_controller
-- Installing: /home/pi/KG_2_Project/install/ps2_controller/include//ps2_controller/ps2_controller_node.hpp
-- Installing: /home/pi/KG_2_Project/install/ps2_controller/include//ps2_controller/ps2_controller.h
-- Installing: /home/pi/KG_2_Project/install/ps2_controller/share/ament_index/resource_index/package_run_dependencies/ps2_controller
-- Installing: /home/pi/KG_2_Project/install/ps2_controller/share/ament_index/resource_index/parent_prefix_path/ps2_controller
-- Installing: /home/pi/KG_2_Project/install/ps2_controller/share/ps2_controller/environment/ament_prefix_path.sh
-- Installing: /home/pi/KG_2_Project/install/ps2_controller/share/ps2_controller/environment/ament_prefix_path.dsv
-- Installing: /home/pi/KG_2_Project/install/ps2_controller/share/ps2_controller/environment/path.sh
-- Installing: /home/pi/KG_2_Project/install/ps2_controller/share/ps2_controller/environment/path.dsv
-- Installing: /home/pi/KG_2_Project/install/ps2_controller/share/ps2_controller/local_setup.bash
-- Installing: /home/pi/KG_2_Project/install/ps2_controller/share/ps2_controller/local_setup.sh
-- Installing: /home/pi/KG_2_Project/install/ps2_controller/share/ps2_controller/local_setup.zsh
-- Installing: /home/pi/KG_2_Project/install/ps2_controller/share/ps2_controller/local_setup.dsv
-- Installing: /home/pi/KG_2_Project/install/ps2_controller/share/ps2_controller/package.dsv
-- Installing: /home/pi/KG_2_Project/install/ps2_controller/share/ament_index/resource_index/packages/ps2_controller
-- Installing: /home/pi/KG_2_Project/install/ps2_controller/share/ps2_controller/cmake/ps2_controllerConfig.cmake
-- Installing: /home/pi/KG_2_Project/install/ps2_controller/share/ps2_controller/cmake/ps2_controllerConfig-version.cmake
-- Installing: /home/pi/KG_2_Project/install/ps2_controller/share/ps2_controller/package.xml
