[1.998s] Invoking command in '/home/pi/KG_2_Project/build/ps2_controller': CMAKE_PREFIX_PATH=${CMAKE_PREFIX_PATH}:/home/pi/ros2_ws/install/agv_control_py:/opt/ros/foxy /usr/bin/cmake /home/pi/KG_2_Project/ROS_team/src/ps2_controller -DCMAKE_INSTALL_PREFIX=/home/pi/KG_2_Project/install/ps2_controller
[2.743s] -- The C compiler identification is GNU 9.4.0
[3.553s] -- The CXX compiler identification is GNU 9.4.0
[3.600s] -- Check for working C compiler: /usr/bin/cc
[3.941s] -- Check for working C compiler: /usr/bin/cc -- works
[3.950s] -- Detecting C compiler ABI info
[4.291s] -- Detecting C compiler ABI info - done
[4.367s] -- Detecting C compile features
[4.372s] -- Detecting C compile features - done
[4.398s] -- Check for working CXX compiler: /usr/bin/c++
[4.808s] -- Check for working CXX compiler: /usr/bin/c++ -- works
[4.813s] -- Detecting CXX compiler ABI info
[5.164s] -- Detecting CXX compiler ABI info - done
[5.208s] -- Detecting CXX compile features
[5.210s] -- Detecting CXX compile features - done
[5.257s] -- Found ament_cmake: 0.9.12 (/opt/ros/foxy/share/ament_cmake/cmake)
[5.414s] -- Found PythonInterp: /usr/bin/python3 (found suitable version "3.8.10", minimum required is "3") 
[5.415s] -- Using PYTHON_EXECUTABLE: /usr/bin/python3
[6.806s] -- Found rclcpp: 2.4.3 (/opt/ros/foxy/share/rclcpp/cmake)
[7.231s] -- Using all available rosidl_typesupport_c: rosidl_typesupport_fastrtps_c;rosidl_typesupport_introspection_c
[7.304s] -- Found rosidl_adapter: 1.3.1 (/opt/ros/foxy/share/rosidl_adapter/cmake)
[8.015s] -- Found OpenSSL: /usr/lib/aarch64-linux-gnu/libcrypto.so (found version "1.1.1f")  
[8.273s] -- Found FastRTPS: /opt/ros/foxy/include  
[8.902s] -- Using all available rosidl_typesupport_cpp: rosidl_typesupport_fastrtps_cpp;rosidl_typesupport_introspection_cpp
[9.233s] -- Found rmw_implementation_cmake: 1.0.4 (/opt/ros/foxy/share/rmw_implementation_cmake/cmake)
[9.242s] -- Using RMW implementation 'rmw_fastrtps_cpp' as default
[9.248s] -- Looking for pthread.h
[9.574s] -- Looking for pthread.h - found
[9.575s] -- Performing Test CMAKE_HAVE_LIBC_PTHREAD
[9.866s] -- Performing Test CMAKE_HAVE_LIBC_PTHREAD - Failed
[9.867s] -- Looking for pthread_create in pthreads
[10.108s] -- Looking for pthread_create in pthreads - not found
[10.109s] -- Looking for pthread_create in pthread
[10.395s] -- Looking for pthread_create in pthread - found
[10.399s] -- Found Threads: TRUE  
[11.107s] -- Found geometry_msgs: 2.0.5 (/opt/ros/foxy/share/geometry_msgs/cmake)
[11.506s] -- Configuring done
[11.533s] -- Generating done
[11.538s] -- Build files have been written to: /home/pi/KG_2_Project/build/ps2_controller
[11.555s] Invoked command in '/home/pi/KG_2_Project/build/ps2_controller' returned '0': CMAKE_PREFIX_PATH=${CMAKE_PREFIX_PATH}:/home/pi/ros2_ws/install/agv_control_py:/opt/ros/foxy /usr/bin/cmake /home/pi/KG_2_Project/ROS_team/src/ps2_controller -DCMAKE_INSTALL_PREFIX=/home/pi/KG_2_Project/install/ps2_controller
[11.565s] Invoking command in '/home/pi/KG_2_Project/build/ps2_controller': CMAKE_PREFIX_PATH=${CMAKE_PREFIX_PATH}:/home/pi/ros2_ws/install/agv_control_py:/opt/ros/foxy /usr/bin/cmake --build /home/pi/KG_2_Project/build/ps2_controller -- -j4 -l4
[11.720s] [35m[1mScanning dependencies of target ps2_controller_node[0m
[12.120s] [ 66%] [32mBuilding CXX object CMakeFiles/ps2_controller_node.dir/src/ps2_controller_node.cpp.o[0m
[12.121s] [ 66%] [32mBuilding CXX object CMakeFiles/ps2_controller_node.dir/src/ps2_controller.cpp.o[0m
[22.800s] [100%] [32m[1mLinking CXX executable ps2_controller_node[0m
[23.535s] [100%] Built target ps2_controller_node
[23.572s] Invoked command in '/home/pi/KG_2_Project/build/ps2_controller' returned '0': CMAKE_PREFIX_PATH=${CMAKE_PREFIX_PATH}:/home/pi/ros2_ws/install/agv_control_py:/opt/ros/foxy /usr/bin/cmake --build /home/pi/KG_2_Project/build/ps2_controller -- -j4 -l4
[23.740s] Invoking command in '/home/pi/KG_2_Project/build/ps2_controller': CMAKE_PREFIX_PATH=${CMAKE_PREFIX_PATH}:/home/pi/ros2_ws/install/agv_control_py:/opt/ros/foxy /usr/bin/cmake --install /home/pi/KG_2_Project/build/ps2_controller
[23.773s] -- Install configuration: ""
[23.774s] -- Installing: /home/pi/KG_2_Project/install/ps2_controller/lib/ps2_controller/ps2_controller_node
[23.780s] -- Set runtime path of "/home/pi/KG_2_Project/install/ps2_controller/lib/ps2_controller/ps2_controller_node" to ""
[23.780s] -- Installing: /home/pi/KG_2_Project/install/ps2_controller/include/
[23.780s] -- Installing: /home/pi/KG_2_Project/install/ps2_controller/include//ps2_controller
[23.781s] -- Installing: /home/pi/KG_2_Project/install/ps2_controller/include//ps2_controller/ps2_controller_node.hpp
[23.781s] -- Installing: /home/pi/KG_2_Project/install/ps2_controller/include//ps2_controller/ps2_controller.h
[23.783s] -- Installing: /home/pi/KG_2_Project/install/ps2_controller/share/ament_index/resource_index/package_run_dependencies/ps2_controller
[23.784s] -- Installing: /home/pi/KG_2_Project/install/ps2_controller/share/ament_index/resource_index/parent_prefix_path/ps2_controller
[23.786s] -- Installing: /home/pi/KG_2_Project/install/ps2_controller/share/ps2_controller/environment/ament_prefix_path.sh
[23.786s] -- Installing: /home/pi/KG_2_Project/install/ps2_controller/share/ps2_controller/environment/ament_prefix_path.dsv
[23.787s] -- Installing: /home/pi/KG_2_Project/install/ps2_controller/share/ps2_controller/environment/path.sh
[23.788s] -- Installing: /home/pi/KG_2_Project/install/ps2_controller/share/ps2_controller/environment/path.dsv
[23.789s] -- Installing: /home/pi/KG_2_Project/install/ps2_controller/share/ps2_controller/local_setup.bash
[23.790s] -- Installing: /home/pi/KG_2_Project/install/ps2_controller/share/ps2_controller/local_setup.sh
[23.791s] -- Installing: /home/pi/KG_2_Project/install/ps2_controller/share/ps2_controller/local_setup.zsh
[23.792s] -- Installing: /home/pi/KG_2_Project/install/ps2_controller/share/ps2_controller/local_setup.dsv
[23.793s] -- Installing: /home/pi/KG_2_Project/install/ps2_controller/share/ps2_controller/package.dsv
[23.794s] -- Installing: /home/pi/KG_2_Project/install/ps2_controller/share/ament_index/resource_index/packages/ps2_controller
[23.795s] -- Installing: /home/pi/KG_2_Project/install/ps2_controller/share/ps2_controller/cmake/ps2_controllerConfig.cmake
[23.796s] -- Installing: /home/pi/KG_2_Project/install/ps2_controller/share/ps2_controller/cmake/ps2_controllerConfig-version.cmake
[23.797s] -- Installing: /home/pi/KG_2_Project/install/ps2_controller/share/ps2_controller/package.xml
[23.804s] Invoked command in '/home/pi/KG_2_Project/build/ps2_controller' returned '0': CMAKE_PREFIX_PATH=${CMAKE_PREFIX_PATH}:/home/pi/ros2_ws/install/agv_control_py:/opt/ros/foxy /usr/bin/cmake --install /home/pi/KG_2_Project/build/ps2_controller
