[0.061s] Invoking command in '/home/jucy/ydlidar_ws_11_29/ydlidar_ws/build/myagv_description': CMAKE_PREFIX_PATH=${CMAKE_PREFIX_PATH}:/home/jucy/ydlidar_ws_11_29/install/nav2_gazebo_spawner:/home/jucy/ydlidar_ws_11_29/install/jdamr200_node:/home/jucy/turtlebot3_ws/install/turtlebot3_teleop:/home/jucy/turtlebot3_ws/install/turtlebot3_example:/home/jucy/turtlebot3_ws/install/nav2_goal_pulisher_test:/home/jucy/turtlebot3_ws/install/nav2_goal_publisher:/home/jucy/ros2_ws/install/camera_udp_communication:/home/jucy/ros2_ws/install/agv_control_py:/home/jucy/ydlidar_ros2_ws/install/jdamr200_teleop:/home/jucy/ydlidar_ros2_ws/install/jdamr200_node /usr/bin/cmake /home/jucy/ydlidar_ws_11_29/ydlidar_ws/src/myagv_description -DCMAKE_INSTALL_PREFIX=/home/jucy/ydlidar_ws_11_29/ydlidar_ws/install/myagv_description
[0.555s] -- The C compiler identification is GNU 9.4.0
[0.555s] -- The CXX compiler identification is GNU 9.4.0
[0.556s] -- Check for working C compiler: /usr/bin/cc
[0.556s] -- Check for working C compiler: /usr/bin/cc -- works
[0.557s] -- Detecting C compiler ABI info
[0.557s] -- Detecting C compiler ABI info - done
[0.557s] -- Detecting C compile features
[0.557s] -- Detecting C compile features - done
[0.557s] -- Check for working CXX compiler: /usr/bin/c++
[0.557s] -- Check for working CXX compiler: /usr/bin/c++ -- works
[0.557s] -- Detecting CXX compiler ABI info
[0.592s] -- Detecting CXX compiler ABI info - done
[0.610s] -- Detecting CXX compile features
[0.610s] -- Detecting CXX compile features - done
[0.617s] -- Found ament_cmake: 0.9.12 (/opt/ros/foxy/share/ament_cmake/cmake)
[0.671s] -- Found PythonInterp: /usr/bin/python3 (found suitable version "3.8.10", minimum required is "3") 
[0.671s] -- Using PYTHON_EXECUTABLE: /usr/bin/python3
[1.014s] -- Found ament_cmake_ros: 0.9.2 (/opt/ros/foxy/share/ament_cmake_ros/cmake)
[1.078s] -- Found urdf: 2.4.0 (/opt/ros/foxy/share/urdf/cmake)
[1.323s] -- Found robot_state_publisher: 2.4.5 (/opt/ros/foxy/share/robot_state_publisher/cmake)
[1.441s] -- Using all available rosidl_typesupport_c: rosidl_typesupport_fastrtps_c;rosidl_typesupport_introspection_c
[1.479s] -- Found rosidl_adapter: 1.3.1 (/opt/ros/foxy/share/rosidl_adapter/cmake)
[1.659s] -- Found OpenSSL: /usr/lib/x86_64-linux-gnu/libcrypto.so (found version "1.1.1f")  
[1.716s] -- Found FastRTPS: /opt/ros/foxy/include  
[1.860s] -- Using all available rosidl_typesupport_cpp: rosidl_typesupport_fastrtps_cpp;rosidl_typesupport_introspection_cpp
[2.521s] -- Found eigen3_cmake_module: 0.1.1 (/opt/ros/foxy/share/eigen3_cmake_module/cmake)
[3.145s] -- Found Eigen3: TRUE (found version "3.3.7") 
[3.391s] -- Found rmw_implementation_cmake: 1.0.4 (/opt/ros/foxy/share/rmw_implementation_cmake/cmake)
[3.396s] -- Using RMW implementation 'rmw_fastrtps_cpp' as default
[3.397s] -- Looking for pthread.h
[3.547s] -- Looking for pthread.h - found
[3.548s] -- Performing Test CMAKE_HAVE_LIBC_PTHREAD
[3.638s] -- Performing Test CMAKE_HAVE_LIBC_PTHREAD - Failed
[3.638s] -- Looking for pthread_create in pthreads
[3.759s] -- Looking for pthread_create in pthreads - not found
[3.760s] -- Looking for pthread_create in pthread
[3.903s] -- Looking for pthread_create in pthread - found
[3.905s] -- Found Threads: TRUE  
[6.003s] -- Found rviz2: 8.2.8 (/opt/ros/foxy/share/rviz2/cmake)
[6.044s] -- Found gazebo_ros: 3.5.3 (/opt/ros/foxy/share/gazebo_ros/cmake)
[6.233s] -- Found PkgConfig: /usr/bin/pkg-config (found version "0.29.1") 
[6.237s] -- Checking for module 'bullet>=2.82'
[6.318s] --   Found bullet, version 2.88
[6.823s] -- Found ccd: /usr/include (found suitable version "2.0", minimum required is "2.0") 
[7.027s] -- Found fcl: /usr/include (found suitable version "0.5.0", minimum required is "0.3.2") 
[7.192s] -- Found assimp: /usr/include (found version "5.0.0") 
[7.573s] -- Found DART: /usr/include (Required is at least version "6.6") found components: dart 
[7.883s] -- Found Boost: /usr/lib/x86_64-linux-gnu/cmake/Boost-1.71.0/BoostConfig.cmake (found suitable version "1.71.0", minimum required is "1.40.0") found components: thread system filesystem program_options regex iostreams date_time 
[8.122s] -- Found Protobuf: /usr/lib/x86_64-linux-gnu/libprotobuf.so;-lpthread (found version "3.6.1") 
[8.209s] -- Looking for ignition-math6 -- found version 6.15.1
[8.292s] -- Searching for dependencies of ignition-math6
[8.343s] -- Looking for OGRE...
[8.344s] -- OGRE_PREFIX_WATCH changed.
[8.354s] -- Checking for module 'OGRE'
[8.396s] --   Found OGRE, version 1.9.0
[8.521s] -- Found Ogre Ghadamon (1.9.0)
[8.608s] -- Found OGRE: optimized;/usr/lib/x86_64-linux-gnu/libOgreMain.so;debug;/usr/lib/x86_64-linux-gnu/libOgreMain.so
[8.628s] -- Looking for OGRE_Paging...
[8.660s] -- Found OGRE_Paging: optimized;/usr/lib/x86_64-linux-gnu/libOgrePaging.so;debug;/usr/lib/x86_64-linux-gnu/libOgrePaging.so
[8.660s] -- Looking for OGRE_Terrain...
[8.691s] -- Found OGRE_Terrain: optimized;/usr/lib/x86_64-linux-gnu/libOgreTerrain.so;debug;/usr/lib/x86_64-linux-gnu/libOgreTerrain.so
[8.691s] -- Looking for OGRE_Property...
[8.722s] -- Found OGRE_Property: optimized;/usr/lib/x86_64-linux-gnu/libOgreProperty.so;debug;/usr/lib/x86_64-linux-gnu/libOgreProperty.so
[8.722s] -- Looking for OGRE_RTShaderSystem...
[8.754s] -- Found OGRE_RTShaderSystem: optimized;/usr/lib/x86_64-linux-gnu/libOgreRTShaderSystem.so;debug;/usr/lib/x86_64-linux-gnu/libOgreRTShaderSystem.so
[8.754s] -- Looking for OGRE_Volume...
[8.786s] -- Found OGRE_Volume: optimized;/usr/lib/x86_64-linux-gnu/libOgreVolume.so;debug;/usr/lib/x86_64-linux-gnu/libOgreVolume.so
[8.786s] -- Looking for OGRE_Overlay...
[8.817s] -- Found OGRE_Overlay: optimized;/usr/lib/x86_64-linux-gnu/libOgreOverlay.so;debug;/usr/lib/x86_64-linux-gnu/libOgreOverlay.so
[9.567s] -- Looking for ignition-math6 -- found version 6.15.1
[9.614s] -- Looking for ignition-transport8 -- found version 8.3.0
[9.615s] -- Searching for dependencies of ignition-transport8
[9.663s] -- Found Protobuf: /usr/lib/x86_64-linux-gnu/libprotobuf.so;-lpthread (found suitable version "3.6.1", minimum required is "3") 
[9.695s] -- Config-file not installed for ZeroMQ -- checking for pkg-config
[9.705s] -- Checking for module 'libzmq >= 4'
[9.795s] --   Found libzmq , version 4.3.2
[9.887s] -- Found ZeroMQ: TRUE (Required is at least version "4") 
[9.899s] -- Checking for module 'uuid'
[9.987s] --   Found uuid, version 2.34.0
[10.081s] -- Found UUID: TRUE  
[10.225s] -- Looking for ignition-msgs5 -- found version 5.10.0
[10.226s] -- Searching for dependencies of ignition-msgs5
[10.270s] -- Looking for ignition-math6 -- found version 6.15.1
[10.310s] -- Checking for module 'tinyxml2'
[10.404s] --   Found tinyxml2, version 6.2.0
[10.492s] -- Looking for ignition-msgs5 -- found version 5.10.0
[10.516s] -- Looking for ignition-common3 -- found version 3.14.2
[10.517s] -- Searching for dependencies of ignition-common3
[10.521s] -- Looking for dlfcn.h - found
[10.524s] -- Looking for libdl - found
[10.529s] -- Found DL: TRUE  
[10.558s] -- Searching for <ignition-common3> component [graphics]
[10.600s] -- Looking for ignition-common3-graphics -- found version 3.14.2
[10.602s] -- Searching for dependencies of ignition-common3-graphics
[10.603s] -- Looking for ignition-math6 -- found version 6.15.1
[10.662s] -- Looking for ignition-fuel_tools4 -- found version 4.6.0
[10.663s] -- Searching for dependencies of ignition-fuel_tools4
[10.907s] -- Found CURL: /usr/lib/x86_64-linux-gnu/libcurl.so (found version "7.68.0")  
[10.946s] -- Checking for module 'jsoncpp'
[11.038s] --   Found jsoncpp, version 1.7.4
[11.177s] -- Found JSONCPP: TRUE  
[11.189s] -- Checking for module 'libzip'
[11.241s] --   Found libzip, version 1.5.1
[11.329s] -- Found ZIP: TRUE  
[11.330s] -- Looking for ignition-common3 -- found version 3.14.2
[11.331s] -- Looking for ignition-math6 -- found version 6.15.1
[11.332s] -- Looking for ignition-msgs5 -- found version 5.10.0
[11.372s] -- Gazebo version: 11.11
[11.488s] -- Configuring done
[11.493s] -- Generating done
[11.502s] -- Build files have been written to: /home/jucy/ydlidar_ws_11_29/ydlidar_ws/build/myagv_description
[11.519s] Invoked command in '/home/jucy/ydlidar_ws_11_29/ydlidar_ws/build/myagv_description' returned '0': CMAKE_PREFIX_PATH=${CMAKE_PREFIX_PATH}:/home/jucy/ydlidar_ws_11_29/install/nav2_gazebo_spawner:/home/jucy/ydlidar_ws_11_29/install/jdamr200_node:/home/jucy/turtlebot3_ws/install/turtlebot3_teleop:/home/jucy/turtlebot3_ws/install/turtlebot3_example:/home/jucy/turtlebot3_ws/install/nav2_goal_pulisher_test:/home/jucy/turtlebot3_ws/install/nav2_goal_publisher:/home/jucy/ros2_ws/install/camera_udp_communication:/home/jucy/ros2_ws/install/agv_control_py:/home/jucy/ydlidar_ros2_ws/install/jdamr200_teleop:/home/jucy/ydlidar_ros2_ws/install/jdamr200_node /usr/bin/cmake /home/jucy/ydlidar_ws_11_29/ydlidar_ws/src/myagv_description -DCMAKE_INSTALL_PREFIX=/home/jucy/ydlidar_ws_11_29/ydlidar_ws/install/myagv_description
[11.524s] Invoking command in '/home/jucy/ydlidar_ws_11_29/ydlidar_ws/build/myagv_description': CMAKE_PREFIX_PATH=${CMAKE_PREFIX_PATH}:/home/jucy/ydlidar_ws_11_29/install/nav2_gazebo_spawner:/home/jucy/ydlidar_ws_11_29/install/jdamr200_node:/home/jucy/turtlebot3_ws/install/turtlebot3_teleop:/home/jucy/turtlebot3_ws/install/turtlebot3_example:/home/jucy/turtlebot3_ws/install/nav2_goal_pulisher_test:/home/jucy/turtlebot3_ws/install/nav2_goal_publisher:/home/jucy/ros2_ws/install/camera_udp_communication:/home/jucy/ros2_ws/install/agv_control_py:/home/jucy/ydlidar_ros2_ws/install/jdamr200_teleop:/home/jucy/ydlidar_ros2_ws/install/jdamr200_node /usr/bin/cmake --build /home/jucy/ydlidar_ws_11_29/ydlidar_ws/build/myagv_description -- -j12 -l12
[11.604s] Invoked command in '/home/jucy/ydlidar_ws_11_29/ydlidar_ws/build/myagv_description' returned '0': CMAKE_PREFIX_PATH=${CMAKE_PREFIX_PATH}:/home/jucy/ydlidar_ws_11_29/install/nav2_gazebo_spawner:/home/jucy/ydlidar_ws_11_29/install/jdamr200_node:/home/jucy/turtlebot3_ws/install/turtlebot3_teleop:/home/jucy/turtlebot3_ws/install/turtlebot3_example:/home/jucy/turtlebot3_ws/install/nav2_goal_pulisher_test:/home/jucy/turtlebot3_ws/install/nav2_goal_publisher:/home/jucy/ros2_ws/install/camera_udp_communication:/home/jucy/ros2_ws/install/agv_control_py:/home/jucy/ydlidar_ros2_ws/install/jdamr200_teleop:/home/jucy/ydlidar_ros2_ws/install/jdamr200_node /usr/bin/cmake --build /home/jucy/ydlidar_ws_11_29/ydlidar_ws/build/myagv_description -- -j12 -l12
[11.610s] Invoking command in '/home/jucy/ydlidar_ws_11_29/ydlidar_ws/build/myagv_description': CMAKE_PREFIX_PATH=${CMAKE_PREFIX_PATH}:/home/jucy/ydlidar_ws_11_29/install/nav2_gazebo_spawner:/home/jucy/ydlidar_ws_11_29/install/jdamr200_node:/home/jucy/turtlebot3_ws/install/turtlebot3_teleop:/home/jucy/turtlebot3_ws/install/turtlebot3_example:/home/jucy/turtlebot3_ws/install/nav2_goal_pulisher_test:/home/jucy/turtlebot3_ws/install/nav2_goal_publisher:/home/jucy/ros2_ws/install/camera_udp_communication:/home/jucy/ros2_ws/install/agv_control_py:/home/jucy/ydlidar_ros2_ws/install/jdamr200_teleop:/home/jucy/ydlidar_ros2_ws/install/jdamr200_node /usr/bin/cmake --install /home/jucy/ydlidar_ws_11_29/ydlidar_ws/build/myagv_description
[11.626s] -- Install configuration: ""
[11.626s] -- Installing: /home/jucy/ydlidar_ws_11_29/ydlidar_ws/install/myagv_description/share/myagv_description/config
[11.626s] -- Installing: /home/jucy/ydlidar_ws_11_29/ydlidar_ws/install/myagv_description/share/myagv_description/config/joint_names_aseembly.yaml
[11.661s] -- Installing: /home/jucy/ydlidar_ws_11_29/ydlidar_ws/install/myagv_description/share/myagv_description/launch
[11.662s] -- Installing: /home/jucy/ydlidar_ws_11_29/ydlidar_ws/install/myagv_description/share/myagv_description/launch/display_s.launch.py
[11.669s] -- Installing: /home/jucy/ydlidar_ws_11_29/ydlidar_ws/install/myagv_description/share/myagv_description/launch/gazebo.launch
[11.669s] -- Installing: /home/jucy/ydlidar_ws_11_29/ydlidar_ws/install/myagv_description/share/myagv_description/launch/transform_publisher.launch.py
[11.674s] -- Installing: /home/jucy/ydlidar_ws_11_29/ydlidar_ws/install/myagv_description/share/myagv_description/launch/display.launch.py
[11.675s] -- Installing: /home/jucy/ydlidar_ws_11_29/ydlidar_ws/install/myagv_description/share/myagv_description/launch/robot_state_publisher.launch.py
[11.683s] -- Installing: /home/jucy/ydlidar_ws_11_29/ydlidar_ws/install/myagv_description/share/myagv_description/meshes
[11.683s] -- Installing: /home/jucy/ydlidar_ws_11_29/ydlidar_ws/install/myagv_description/share/myagv_description/meshes/wheele4_link.STL
[11.684s] -- Installing: /home/jucy/ydlidar_ws_11_29/ydlidar_ws/install/myagv_description/share/myagv_description/meshes/wheele2_link.STL
[11.685s] -- Installing: /home/jucy/ydlidar_ws_11_29/ydlidar_ws/install/myagv_description/share/myagv_description/meshes/wheele3_link.STL
[11.686s] -- Installing: /home/jucy/ydlidar_ws_11_29/ydlidar_ws/install/myagv_description/share/myagv_description/meshes/base_link.STL
[11.686s] -- Installing: /home/jucy/ydlidar_ws_11_29/ydlidar_ws/install/myagv_description/share/myagv_description/meshes/wheele1_link.STL
[11.687s] -- Installing: /home/jucy/ydlidar_ws_11_29/ydlidar_ws/install/myagv_description/share/myagv_description/meshes/lidar_link.STL
[11.687s] -- Installing: /home/jucy/ydlidar_ws_11_29/ydlidar_ws/install/myagv_description/share/myagv_description/urdf
[11.687s] -- Installing: /home/jucy/ydlidar_ws_11_29/ydlidar_ws/install/myagv_description/share/myagv_description/urdf/myagv_description.urdf
[11.719s] -- Installing: /home/jucy/ydlidar_ws_11_29/ydlidar_ws/install/myagv_description/share/myagv_description/urdf/myagv_description.csv
[11.720s] -- Installing: /home/jucy/ydlidar_ws_11_29/ydlidar_ws/install/myagv_description/share/ament_index/resource_index/package_run_dependencies/myagv_description
[11.720s] -- Installing: /home/jucy/ydlidar_ws_11_29/ydlidar_ws/install/myagv_description/share/ament_index/resource_index/parent_prefix_path/myagv_description
[11.721s] -- Installing: /home/jucy/ydlidar_ws_11_29/ydlidar_ws/install/myagv_description/share/myagv_description/environment/ament_prefix_path.sh
[11.721s] -- Installing: /home/jucy/ydlidar_ws_11_29/ydlidar_ws/install/myagv_description/share/myagv_description/environment/ament_prefix_path.dsv
[11.721s] -- Installing: /home/jucy/ydlidar_ws_11_29/ydlidar_ws/install/myagv_description/share/myagv_description/environment/path.sh
[11.721s] -- Installing: /home/jucy/ydlidar_ws_11_29/ydlidar_ws/install/myagv_description/share/myagv_description/environment/path.dsv
[11.722s] -- Installing: /home/jucy/ydlidar_ws_11_29/ydlidar_ws/install/myagv_description/share/myagv_description/local_setup.bash
[11.722s] -- Installing: /home/jucy/ydlidar_ws_11_29/ydlidar_ws/install/myagv_description/share/myagv_description/local_setup.sh
[11.722s] -- Installing: /home/jucy/ydlidar_ws_11_29/ydlidar_ws/install/myagv_description/share/myagv_description/local_setup.zsh
[11.722s] -- Installing: /home/jucy/ydlidar_ws_11_29/ydlidar_ws/install/myagv_description/share/myagv_description/local_setup.dsv
[11.723s] -- Installing: /home/jucy/ydlidar_ws_11_29/ydlidar_ws/install/myagv_description/share/myagv_description/package.dsv
[11.723s] -- Installing: /home/jucy/ydlidar_ws_11_29/ydlidar_ws/install/myagv_description/share/ament_index/resource_index/packages/myagv_description
[11.723s] -- Installing: /home/jucy/ydlidar_ws_11_29/ydlidar_ws/install/myagv_description/share/myagv_description/cmake/myagv_descriptionConfig.cmake
[11.723s] -- Installing: /home/jucy/ydlidar_ws_11_29/ydlidar_ws/install/myagv_description/share/myagv_description/cmake/myagv_descriptionConfig-version.cmake
[11.724s] -- Installing: /home/jucy/ydlidar_ws_11_29/ydlidar_ws/install/myagv_description/share/myagv_description/package.xml
[11.728s] Invoked command in '/home/jucy/ydlidar_ws_11_29/ydlidar_ws/build/myagv_description' returned '0': CMAKE_PREFIX_PATH=${CMAKE_PREFIX_PATH}:/home/jucy/ydlidar_ws_11_29/install/nav2_gazebo_spawner:/home/jucy/ydlidar_ws_11_29/install/jdamr200_node:/home/jucy/turtlebot3_ws/install/turtlebot3_teleop:/home/jucy/turtlebot3_ws/install/turtlebot3_example:/home/jucy/turtlebot3_ws/install/nav2_goal_pulisher_test:/home/jucy/turtlebot3_ws/install/nav2_goal_publisher:/home/jucy/ros2_ws/install/camera_udp_communication:/home/jucy/ros2_ws/install/agv_control_py:/home/jucy/ydlidar_ros2_ws/install/jdamr200_teleop:/home/jucy/ydlidar_ros2_ws/install/jdamr200_node /usr/bin/cmake --install /home/jucy/ydlidar_ws_11_29/ydlidar_ws/build/myagv_description
