[0.712s] Invoking command in '/home/jucy/ydlidar_ws_11_29/ydlidar_ws/src/jdamr200_node': PYTHONPATH=/home/jucy/ydlidar_ws_11_29/build/jdamr200_node/prefix_override:/usr/lib/python3/dist-packages/colcon_core/task/python/colcon_distutils_commands:/home/jucy/ydlidar_ws_11_29/install/jdamr200_node/lib/python3.8/site-packages:${PYTHONPATH} /usr/bin/python3 -W ignore:setup.py install is deprecated -W ignore:easy_install command is deprecated setup.py egg_info --egg-base ../../../build/jdamr200_node build --build-base /home/jucy/ydlidar_ws_11_29/build/jdamr200_node/build install --record /home/jucy/ydlidar_ws_11_29/build/jdamr200_node/install.log --single-version-externally-managed install_data
[0.904s] running egg_info
[0.905s] writing ../../../build/jdamr200_node/jdamr200_node.egg-info/PKG-INFO
[0.905s] writing dependency_links to ../../../build/jdamr200_node/jdamr200_node.egg-info/dependency_links.txt
[0.906s] writing entry points to ../../../build/jdamr200_node/jdamr200_node.egg-info/entry_points.txt
[0.906s] writing requirements to ../../../build/jdamr200_node/jdamr200_node.egg-info/requires.txt
[0.906s] writing top-level names to ../../../build/jdamr200_node/jdamr200_node.egg-info/top_level.txt
[0.935s] reading manifest file '../../../build/jdamr200_node/jdamr200_node.egg-info/SOURCES.txt'
[0.936s] writing manifest file '../../../build/jdamr200_node/jdamr200_node.egg-info/SOURCES.txt'
[0.936s] running build
[0.936s] running build_py
[0.936s] running install
[0.937s] running install_lib
[0.938s] running install_data
[0.938s] running install_egg_info
[0.940s] removing '/home/jucy/ydlidar_ws_11_29/install/jdamr200_node/lib/python3.8/site-packages/jdamr200_node-0.0.0-py3.8.egg-info' (and everything under it)
[0.940s] Copying ../../../build/jdamr200_node/jdamr200_node.egg-info to /home/jucy/ydlidar_ws_11_29/install/jdamr200_node/lib/python3.8/site-packages/jdamr200_node-0.0.0-py3.8.egg-info
[0.941s] running install_scripts
[0.955s] Installing jdamr200_node script to /home/jucy/ydlidar_ws_11_29/install/jdamr200_node/lib/jdamr200_node
[0.955s] writing list of installed files to '/home/jucy/ydlidar_ws_11_29/build/jdamr200_node/install.log'
[0.973s] Invoked command in '/home/jucy/ydlidar_ws_11_29/ydlidar_ws/src/jdamr200_node' returned '0': PYTHONPATH=/home/jucy/ydlidar_ws_11_29/build/jdamr200_node/prefix_override:/usr/lib/python3/dist-packages/colcon_core/task/python/colcon_distutils_commands:/home/jucy/ydlidar_ws_11_29/install/jdamr200_node/lib/python3.8/site-packages:${PYTHONPATH} /usr/bin/python3 -W ignore:setup.py install is deprecated -W ignore:easy_install command is deprecated setup.py egg_info --egg-base ../../../build/jdamr200_node build --build-base /home/jucy/ydlidar_ws_11_29/build/jdamr200_node/build install --record /home/jucy/ydlidar_ws_11_29/build/jdamr200_node/install.log --single-version-externally-managed install_data
