[0.480s] Invoking command in '/home/jucy/ydlidar_ws_11_29/ydlidar_ws/build/myagv_description': CMAKE_PREFIX_PATH=${CMAKE_PREFIX_PATH}:/home/jucy/ydlidar_ws_11_29/install/nav2_gazebo_spawner:/home/jucy/ydlidar_ws_11_29/install/jdamr200_node:/home/jucy/ydlidar_ws_11_29/ydlidar_ws/install/nav2_gazebo_spawner:/home/jucy/ydlidar_ws_11_29/ydlidar_ws/install/jdamr200_node:/home/jucy/turtlebot3_ws/install/turtlebot3_teleop:/home/jucy/turtlebot3_ws/install/turtlebot3_example:/home/jucy/turtlebot3_ws/install/nav2_goal_pulisher_test:/home/jucy/turtlebot3_ws/install/nav2_goal_publisher:/home/jucy/ros2_ws/install/nav2_simple_commander:/home/jucy/ros2_ws/install/nav2_gazebo_spawner:/home/jucy/ros2_ws/install/camera_udp_communication:/home/jucy/ros2_ws/install/agv_control_py:/home/jucy/ydlidar_ros2_ws/install/jdamr200_teleop:/home/jucy/ydlidar_ros2_ws/install/jdamr200_node /usr/bin/cmake --build /home/jucy/ydlidar_ws_11_29/ydlidar_ws/build/myagv_description -- -j12 -l12
[2.218s] Invoked command in '/home/jucy/ydlidar_ws_11_29/ydlidar_ws/build/myagv_description' returned '0': CMAKE_PREFIX_PATH=${CMAKE_PREFIX_PATH}:/home/jucy/ydlidar_ws_11_29/install/nav2_gazebo_spawner:/home/jucy/ydlidar_ws_11_29/install/jdamr200_node:/home/jucy/ydlidar_ws_11_29/ydlidar_ws/install/nav2_gazebo_spawner:/home/jucy/ydlidar_ws_11_29/ydlidar_ws/install/jdamr200_node:/home/jucy/turtlebot3_ws/install/turtlebot3_teleop:/home/jucy/turtlebot3_ws/install/turtlebot3_example:/home/jucy/turtlebot3_ws/install/nav2_goal_pulisher_test:/home/jucy/turtlebot3_ws/install/nav2_goal_publisher:/home/jucy/ros2_ws/install/nav2_simple_commander:/home/jucy/ros2_ws/install/nav2_gazebo_spawner:/home/jucy/ros2_ws/install/camera_udp_communication:/home/jucy/ros2_ws/install/agv_control_py:/home/jucy/ydlidar_ros2_ws/install/jdamr200_teleop:/home/jucy/ydlidar_ros2_ws/install/jdamr200_node /usr/bin/cmake --build /home/jucy/ydlidar_ws_11_29/ydlidar_ws/build/myagv_description -- -j12 -l12
[2.241s] Invoking command in '/home/jucy/ydlidar_ws_11_29/ydlidar_ws/build/myagv_description': CMAKE_PREFIX_PATH=${CMAKE_PREFIX_PATH}:/home/jucy/ydlidar_ws_11_29/install/nav2_gazebo_spawner:/home/jucy/ydlidar_ws_11_29/install/jdamr200_node:/home/jucy/ydlidar_ws_11_29/ydlidar_ws/install/nav2_gazebo_spawner:/home/jucy/ydlidar_ws_11_29/ydlidar_ws/install/jdamr200_node:/home/jucy/turtlebot3_ws/install/turtlebot3_teleop:/home/jucy/turtlebot3_ws/install/turtlebot3_example:/home/jucy/turtlebot3_ws/install/nav2_goal_pulisher_test:/home/jucy/turtlebot3_ws/install/nav2_goal_publisher:/home/jucy/ros2_ws/install/nav2_simple_commander:/home/jucy/ros2_ws/install/nav2_gazebo_spawner:/home/jucy/ros2_ws/install/camera_udp_communication:/home/jucy/ros2_ws/install/agv_control_py:/home/jucy/ydlidar_ros2_ws/install/jdamr200_teleop:/home/jucy/ydlidar_ros2_ws/install/jdamr200_node /usr/bin/cmake --install /home/jucy/ydlidar_ws_11_29/ydlidar_ws/build/myagv_description
[2.326s] -- Install configuration: ""
[2.326s] -- Up-to-date: /home/jucy/ydlidar_ws_11_29/ydlidar_ws/install/myagv_description/share/myagv_description/config
[2.333s] -- Up-to-date: /home/jucy/ydlidar_ws_11_29/ydlidar_ws/install/myagv_description/share/myagv_description/config/joint_names_aseembly.yaml
[2.333s] -- Up-to-date: /home/jucy/ydlidar_ws_11_29/ydlidar_ws/install/myagv_description/share/myagv_description/launch
[2.334s] -- Up-to-date: /home/jucy/ydlidar_ws_11_29/ydlidar_ws/install/myagv_description/share/myagv_description/launch/display_s.launch.py
[2.335s] -- Up-to-date: /home/jucy/ydlidar_ws_11_29/ydlidar_ws/install/myagv_description/share/myagv_description/launch/gazebo.launch
[2.336s] -- Up-to-date: /home/jucy/ydlidar_ws_11_29/ydlidar_ws/install/myagv_description/share/myagv_description/launch/transform_publisher.launch.py
[2.336s] -- Up-to-date: /home/jucy/ydlidar_ws_11_29/ydlidar_ws/install/myagv_description/share/myagv_description/launch/display.launch.py
[2.337s] -- Up-to-date: /home/jucy/ydlidar_ws_11_29/ydlidar_ws/install/myagv_description/share/myagv_description/launch/robot_state_publisher.launch.py
[2.337s] -- Up-to-date: /home/jucy/ydlidar_ws_11_29/ydlidar_ws/install/myagv_description/share/myagv_description/meshes
[2.337s] -- Up-to-date: /home/jucy/ydlidar_ws_11_29/ydlidar_ws/install/myagv_description/share/myagv_description/meshes/wheele4_link.STL
[2.338s] -- Up-to-date: /home/jucy/ydlidar_ws_11_29/ydlidar_ws/install/myagv_description/share/myagv_description/meshes/wheele2_link.STL
[2.338s] -- Up-to-date: /home/jucy/ydlidar_ws_11_29/ydlidar_ws/install/myagv_description/share/myagv_description/meshes/wheele3_link.STL
[2.338s] -- Up-to-date: /home/jucy/ydlidar_ws_11_29/ydlidar_ws/install/myagv_description/share/myagv_description/meshes/base_link.STL
[2.339s] -- Up-to-date: /home/jucy/ydlidar_ws_11_29/ydlidar_ws/install/myagv_description/share/myagv_description/meshes/wheele1_link.STL
[2.339s] -- Up-to-date: /home/jucy/ydlidar_ws_11_29/ydlidar_ws/install/myagv_description/share/myagv_description/meshes/lidar_link.STL
[2.340s] -- Up-to-date: /home/jucy/ydlidar_ws_11_29/ydlidar_ws/install/myagv_description/share/myagv_description/urdf
[2.340s] -- Up-to-date: /home/jucy/ydlidar_ws_11_29/ydlidar_ws/install/myagv_description/share/myagv_description/urdf/myagv_description.urdf
[2.340s] -- Up-to-date: /home/jucy/ydlidar_ws_11_29/ydlidar_ws/install/myagv_description/share/myagv_description/urdf/myagv_description.csv
[2.340s] -- Up-to-date: /home/jucy/ydlidar_ws_11_29/ydlidar_ws/install/myagv_description/share/ament_index/resource_index/package_run_dependencies/myagv_description
[2.340s] -- Up-to-date: /home/jucy/ydlidar_ws_11_29/ydlidar_ws/install/myagv_description/share/ament_index/resource_index/parent_prefix_path/myagv_description
[2.341s] -- Up-to-date: /home/jucy/ydlidar_ws_11_29/ydlidar_ws/install/myagv_description/share/myagv_description/environment/ament_prefix_path.sh
[2.341s] -- Up-to-date: /home/jucy/ydlidar_ws_11_29/ydlidar_ws/install/myagv_description/share/myagv_description/environment/ament_prefix_path.dsv
[2.342s] -- Up-to-date: /home/jucy/ydlidar_ws_11_29/ydlidar_ws/install/myagv_description/share/myagv_description/environment/path.sh
[2.342s] -- Up-to-date: /home/jucy/ydlidar_ws_11_29/ydlidar_ws/install/myagv_description/share/myagv_description/environment/path.dsv
[2.342s] -- Up-to-date: /home/jucy/ydlidar_ws_11_29/ydlidar_ws/install/myagv_description/share/myagv_description/local_setup.bash
[2.343s] -- Up-to-date: /home/jucy/ydlidar_ws_11_29/ydlidar_ws/install/myagv_description/share/myagv_description/local_setup.sh
[2.343s] -- Up-to-date: /home/jucy/ydlidar_ws_11_29/ydlidar_ws/install/myagv_description/share/myagv_description/local_setup.zsh
[2.343s] -- Up-to-date: /home/jucy/ydlidar_ws_11_29/ydlidar_ws/install/myagv_description/share/myagv_description/local_setup.dsv
[2.343s] -- Installing: /home/jucy/ydlidar_ws_11_29/ydlidar_ws/install/myagv_description/share/myagv_description/package.dsv
[2.353s] -- Up-to-date: /home/jucy/ydlidar_ws_11_29/ydlidar_ws/install/myagv_description/share/ament_index/resource_index/packages/myagv_description
[2.353s] -- Up-to-date: /home/jucy/ydlidar_ws_11_29/ydlidar_ws/install/myagv_description/share/myagv_description/cmake/myagv_descriptionConfig.cmake
[2.353s] -- Up-to-date: /home/jucy/ydlidar_ws_11_29/ydlidar_ws/install/myagv_description/share/myagv_description/cmake/myagv_descriptionConfig-version.cmake
[2.353s] -- Up-to-date: /home/jucy/ydlidar_ws_11_29/ydlidar_ws/install/myagv_description/share/myagv_description/package.xml
[2.358s] Invoked command in '/home/jucy/ydlidar_ws_11_29/ydlidar_ws/build/myagv_description' returned '0': CMAKE_PREFIX_PATH=${CMAKE_PREFIX_PATH}:/home/jucy/ydlidar_ws_11_29/install/nav2_gazebo_spawner:/home/jucy/ydlidar_ws_11_29/install/jdamr200_node:/home/jucy/ydlidar_ws_11_29/ydlidar_ws/install/nav2_gazebo_spawner:/home/jucy/ydlidar_ws_11_29/ydlidar_ws/install/jdamr200_node:/home/jucy/turtlebot3_ws/install/turtlebot3_teleop:/home/jucy/turtlebot3_ws/install/turtlebot3_example:/home/jucy/turtlebot3_ws/install/nav2_goal_pulisher_test:/home/jucy/turtlebot3_ws/install/nav2_goal_publisher:/home/jucy/ros2_ws/install/nav2_simple_commander:/home/jucy/ros2_ws/install/nav2_gazebo_spawner:/home/jucy/ros2_ws/install/camera_udp_communication:/home/jucy/ros2_ws/install/agv_control_py:/home/jucy/ydlidar_ros2_ws/install/jdamr200_teleop:/home/jucy/ydlidar_ros2_ws/install/jdamr200_node /usr/bin/cmake --install /home/jucy/ydlidar_ws_11_29/ydlidar_ws/build/myagv_description
