[0.075s] Invoking command in '/home/jucy/ydlidar_ws_11_29/build/nav2_common': CMAKE_PREFIX_PATH=${CMAKE_PREFIX_PATH}:/home/jucy/ydlidar_ws_11_29/install/nav2_gazebo_spawner:/home/jucy/ydlidar_ws_11_29/install/jdamr200_node:/home/jucy/turtlebot3_ws/install/turtlebot3_teleop:/home/jucy/turtlebot3_ws/install/turtlebot3_example:/home/jucy/turtlebot3_ws/install/nav2_goal_pulisher_test:/home/jucy/turtlebot3_ws/install/nav2_goal_publisher:/home/jucy/ros2_ws/install/camera_udp_communication:/home/jucy/ros2_ws/install/agv_control_py:/home/jucy/ydlidar_ros2_ws/install/jdamr200_teleop:/home/jucy/ydlidar_ros2_ws/install/jdamr200_node /usr/bin/cmake --build /home/jucy/ydlidar_ws_11_29/build/nav2_common -- -j12 -l12
[0.568s] Invoked command in '/home/jucy/ydlidar_ws_11_29/build/nav2_common' returned '0': CMAKE_PREFIX_PATH=${CMAKE_PREFIX_PATH}:/home/jucy/ydlidar_ws_11_29/install/nav2_gazebo_spawner:/home/jucy/ydlidar_ws_11_29/install/jdamr200_node:/home/jucy/turtlebot3_ws/install/turtlebot3_teleop:/home/jucy/turtlebot3_ws/install/turtlebot3_example:/home/jucy/turtlebot3_ws/install/nav2_goal_pulisher_test:/home/jucy/turtlebot3_ws/install/nav2_goal_publisher:/home/jucy/ros2_ws/install/camera_udp_communication:/home/jucy/ros2_ws/install/agv_control_py:/home/jucy/ydlidar_ros2_ws/install/jdamr200_teleop:/home/jucy/ydlidar_ros2_ws/install/jdamr200_node /usr/bin/cmake --build /home/jucy/ydlidar_ws_11_29/build/nav2_common -- -j12 -l12
[0.582s] Invoking command in '/home/jucy/ydlidar_ws_11_29/build/nav2_common': CMAKE_PREFIX_PATH=${CMAKE_PREFIX_PATH}:/home/jucy/ydlidar_ws_11_29/install/nav2_gazebo_spawner:/home/jucy/ydlidar_ws_11_29/install/jdamr200_node:/home/jucy/turtlebot3_ws/install/turtlebot3_teleop:/home/jucy/turtlebot3_ws/install/turtlebot3_example:/home/jucy/turtlebot3_ws/install/nav2_goal_pulisher_test:/home/jucy/turtlebot3_ws/install/nav2_goal_publisher:/home/jucy/ros2_ws/install/camera_udp_communication:/home/jucy/ros2_ws/install/agv_control_py:/home/jucy/ydlidar_ros2_ws/install/jdamr200_teleop:/home/jucy/ydlidar_ros2_ws/install/jdamr200_node /usr/bin/cmake --install /home/jucy/ydlidar_ws_11_29/build/nav2_common
[0.593s] -- Install configuration: ""
[0.594s] -- Up-to-date: /home/jucy/ydlidar_ws_11_29/install/nav2_common/share/nav2_common/environment/pythonpath.sh
[0.594s] -- Up-to-date: /home/jucy/ydlidar_ws_11_29/install/nav2_common/share/nav2_common/environment/pythonpath.dsv
[0.594s] -- Up-to-date: /home/jucy/ydlidar_ws_11_29/install/nav2_common/lib/python3.8/site-packages/nav2_common
[0.594s] -- Up-to-date: /home/jucy/ydlidar_ws_11_29/install/nav2_common/lib/python3.8/site-packages/nav2_common/launch
[0.595s] -- Up-to-date: /home/jucy/ydlidar_ws_11_29/install/nav2_common/lib/python3.8/site-packages/nav2_common/launch/rewritten_yaml.py
[0.596s] -- Up-to-date: /home/jucy/ydlidar_ws_11_29/install/nav2_common/lib/python3.8/site-packages/nav2_common/launch/replace_string.py
[0.598s] -- Up-to-date: /home/jucy/ydlidar_ws_11_29/install/nav2_common/lib/python3.8/site-packages/nav2_common/launch/has_node_params.py
[0.598s] -- Up-to-date: /home/jucy/ydlidar_ws_11_29/install/nav2_common/lib/python3.8/site-packages/nav2_common/launch/__init__.py
[0.598s] -- Up-to-date: /home/jucy/ydlidar_ws_11_29/install/nav2_common/lib/python3.8/site-packages/nav2_common/__init__.py
[0.636s] Listing '/home/jucy/ydlidar_ws_11_29/install/nav2_common/lib/python3.8/site-packages/nav2_common'...
[0.637s] Listing '/home/jucy/ydlidar_ws_11_29/install/nav2_common/lib/python3.8/site-packages/nav2_common/launch'...
[0.643s] -- Up-to-date: /home/jucy/ydlidar_ws_11_29/install/nav2_common/share/ament_index/resource_index/package_run_dependencies/nav2_common
[0.643s] -- Up-to-date: /home/jucy/ydlidar_ws_11_29/install/nav2_common/share/ament_index/resource_index/parent_prefix_path/nav2_common
[0.644s] -- Up-to-date: /home/jucy/ydlidar_ws_11_29/install/nav2_common/share/nav2_common/environment/ament_prefix_path.sh
[0.644s] -- Up-to-date: /home/jucy/ydlidar_ws_11_29/install/nav2_common/share/nav2_common/environment/ament_prefix_path.dsv
[0.644s] -- Up-to-date: /home/jucy/ydlidar_ws_11_29/install/nav2_common/share/nav2_common/environment/path.sh
[0.645s] -- Up-to-date: /home/jucy/ydlidar_ws_11_29/install/nav2_common/share/nav2_common/environment/path.dsv
[0.645s] -- Up-to-date: /home/jucy/ydlidar_ws_11_29/install/nav2_common/share/nav2_common/local_setup.bash
[0.646s] -- Up-to-date: /home/jucy/ydlidar_ws_11_29/install/nav2_common/share/nav2_common/local_setup.sh
[0.646s] -- Up-to-date: /home/jucy/ydlidar_ws_11_29/install/nav2_common/share/nav2_common/local_setup.zsh
[0.647s] -- Up-to-date: /home/jucy/ydlidar_ws_11_29/install/nav2_common/share/nav2_common/local_setup.dsv
[0.647s] -- Installing: /home/jucy/ydlidar_ws_11_29/install/nav2_common/share/nav2_common/package.dsv
[0.647s] -- Up-to-date: /home/jucy/ydlidar_ws_11_29/install/nav2_common/share/ament_index/resource_index/packages/nav2_common
[0.647s] -- Up-to-date: /home/jucy/ydlidar_ws_11_29/install/nav2_common/share/nav2_common/cmake/nav2_common-extras.cmake
[0.648s] -- Up-to-date: /home/jucy/ydlidar_ws_11_29/install/nav2_common/share/nav2_common/cmake/nav2_commonConfig.cmake
[0.648s] -- Up-to-date: /home/jucy/ydlidar_ws_11_29/install/nav2_common/share/nav2_common/cmake/nav2_commonConfig-version.cmake
[0.648s] -- Up-to-date: /home/jucy/ydlidar_ws_11_29/install/nav2_common/share/nav2_common/package.xml
[0.649s] -- Up-to-date: /home/jucy/ydlidar_ws_11_29/install/nav2_common/share/nav2_common/cmake
[0.649s] -- Up-to-date: /home/jucy/ydlidar_ws_11_29/install/nav2_common/share/nav2_common/cmake/nav2_package.cmake
[0.656s] Invoked command in '/home/jucy/ydlidar_ws_11_29/build/nav2_common' returned '0': CMAKE_PREFIX_PATH=${CMAKE_PREFIX_PATH}:/home/jucy/ydlidar_ws_11_29/install/nav2_gazebo_spawner:/home/jucy/ydlidar_ws_11_29/install/jdamr200_node:/home/jucy/turtlebot3_ws/install/turtlebot3_teleop:/home/jucy/turtlebot3_ws/install/turtlebot3_example:/home/jucy/turtlebot3_ws/install/nav2_goal_pulisher_test:/home/jucy/turtlebot3_ws/install/nav2_goal_publisher:/home/jucy/ros2_ws/install/camera_udp_communication:/home/jucy/ros2_ws/install/agv_control_py:/home/jucy/ydlidar_ros2_ws/install/jdamr200_teleop:/home/jucy/ydlidar_ros2_ws/install/jdamr200_node /usr/bin/cmake --install /home/jucy/ydlidar_ws_11_29/build/nav2_common
