[100%] Built target ps2_controller_node
-- Install configuration: ""
-- Up-to-date: /home/ysh/KG_2_Project/AGV_team/ros2_ws/install/ps2_controller/lib/ps2_controller/ps2_controller_node
-- Up-to-date: /home/ysh/KG_2_Project/AGV_team/ros2_ws/install/ps2_controller/include/
-- Up-to-date: /home/ysh/KG_2_Project/AGV_team/ros2_ws/install/ps2_controller/include//ps2_controller
-- Up-to-date: /home/ysh/KG_2_Project/AGV_team/ros2_ws/install/ps2_controller/include//ps2_controller/ps2_controller.h
-- Up-to-date: /home/ysh/KG_2_Project/AGV_team/ros2_ws/install/ps2_controller/include//ps2_controller/ps2_controller_node.hpp
-- Up-to-date: /home/ysh/KG_2_Project/AGV_team/ros2_ws/install/ps2_controller/share/ament_index/resource_index/package_run_dependencies/ps2_controller
-- Up-to-date: /home/ysh/KG_2_Project/AGV_team/ros2_ws/install/ps2_controller/share/ament_index/resource_index/parent_prefix_path/ps2_controller
-- Up-to-date: /home/ysh/KG_2_Project/AGV_team/ros2_ws/install/ps2_controller/share/ps2_controller/environment/ament_prefix_path.sh
-- Up-to-date: /home/ysh/KG_2_Project/AGV_team/ros2_ws/install/ps2_controller/share/ps2_controller/environment/ament_prefix_path.dsv
-- Up-to-date: /home/ysh/KG_2_Project/AGV_team/ros2_ws/install/ps2_controller/share/ps2_controller/environment/path.sh
-- Up-to-date: /home/ysh/KG_2_Project/AGV_team/ros2_ws/install/ps2_controller/share/ps2_controller/environment/path.dsv
-- Up-to-date: /home/ysh/KG_2_Project/AGV_team/ros2_ws/install/ps2_controller/share/ps2_controller/local_setup.bash
-- Up-to-date: /home/ysh/KG_2_Project/AGV_team/ros2_ws/install/ps2_controller/share/ps2_controller/local_setup.sh
-- Up-to-date: /home/ysh/KG_2_Project/AGV_team/ros2_ws/install/ps2_controller/share/ps2_controller/local_setup.zsh
-- Up-to-date: /home/ysh/KG_2_Project/AGV_team/ros2_ws/install/ps2_controller/share/ps2_controller/local_setup.dsv
-- Installing: /home/ysh/KG_2_Project/AGV_team/ros2_ws/install/ps2_controller/share/ps2_controller/package.dsv
-- Up-to-date: /home/ysh/KG_2_Project/AGV_team/ros2_ws/install/ps2_controller/share/ament_index/resource_index/packages/ps2_controller
-- Up-to-date: /home/ysh/KG_2_Project/AGV_team/ros2_ws/install/ps2_controller/share/ps2_controller/cmake/ps2_controllerConfig.cmake
-- Up-to-date: /home/ysh/KG_2_Project/AGV_team/ros2_ws/install/ps2_controller/share/ps2_controller/cmake/ps2_controllerConfig-version.cmake
-- Up-to-date: /home/ysh/KG_2_Project/AGV_team/ros2_ws/install/ps2_controller/share/ps2_controller/package.xml
