[0.156s] Invoking command in '/home/jucy/ydlidar_ws_11_29/build/nav2_msgs': CMAKE_PREFIX_PATH=/home/jucy/ydlidar_ws_11_29/install/nav2_common:/home/jucy/ydlidar_ws_11_29/install/ydlidar_ros2_driver:/home/jucy/ydlidar_ws_11_29/install/nav2_system_tests:/home/jucy/ydlidar_ws_11_29/install/myagv_navigation2:/home/jucy/ydlidar_ws_11_29/install/nav2_bringup:/home/jucy/ydlidar_ws_11_29/install/navigation2:/home/jucy/ydlidar_ws_11_29/install/smac_planner:/home/jucy/ydlidar_ws_11_29/install/nav2_dwb_controller:/home/jucy/ydlidar_ws_11_29/install/nav2_controller:/home/jucy/ydlidar_ws_11_29/install/dwb_plugins:/home/jucy/ydlidar_ws_11_29/install/dwb_critics:/home/jucy/ydlidar_ws_11_29/install/dwb_core:/home/jucy/ydlidar_ws_11_29/install/nav_2d_utils:/home/jucy/ydlidar_ws_11_29/install/dwb_msgs:/home/jucy/ydlidar_ws_11_29/install/nav_2d_msgs:/home/jucy/ydlidar_ws_11_29/install/nav2_waypoint_follower:/home/jucy/ydlidar_ws_11_29/install/nav2_regulated_pure_pursuit_controller:/home/jucy/ydlidar_ws_11_29/install/nav2_recoveries:/home/jucy/ydlidar_ws_11_29/install/nav2_planner:/home/jucy/ydlidar_ws_11_29/install/nav2_navfn_planner:/home/jucy/ydlidar_ws_11_29/install/nav2_core:/home/jucy/ydlidar_ws_11_29/install/costmap_queue:/home/jucy/ydlidar_ws_11_29/install/nav2_costmap_2d:/home/jucy/ydlidar_ws_11_29/install/nav2_voxel_grid:/home/jucy/ydlidar_ws_11_29/install/nav2_rviz_plugins:/home/jucy/ydlidar_ws_11_29/install/nav2_map_server:/home/jucy/ydlidar_ws_11_29/install/nav2_lifecycle_manager:/home/jucy/ydlidar_ws_11_29/install/nav2_bt_navigator:/home/jucy/ydlidar_ws_11_29/install/nav2_behavior_tree:/home/jucy/ydlidar_ws_11_29/install/nav2_amcl:/home/jucy/ydlidar_ws_11_29/install/nav2_util:/home/jucy/ydlidar_ws_11_29/install/nav2_msgs:/home/jucy/ydlidar_ws_11_29/install/myagv_bringup:/home/jucy/ydlidar_ws_11_29/install/myagv_description:/home/jucy/new_ws/install/myagv_description:/home/jucy/new_ws/install/aseembly:/home/jucy/turtlebot3_ws/install/turtlebot3:/home/jucy/turtlebot3_ws/install/turtlebot3_simulations:/home/jucy/turtlebot3_ws/install/turtlebot3_bringup:/home/jucy/turtlebot3_ws/install/turtlebot3_node:/home/jucy/turtlebot3_ws/install/turtlebot3_navigation2:/home/jucy/turtlebot3_ws/install/turtlebot3_fake_node:/home/jucy/turtlebot3_ws/install/turtlebot3_msgs:/home/jucy/turtlebot3_ws/install/turtlebot3_gazebo:/home/jucy/turtlebot3_ws/install/turtlebot3_description:/home/jucy/turtlebot3_ws/install/turtlebot3_cartographer:/home/jucy/turtlebot3_ws/install/dynamixel_sdk_examples:/home/jucy/turtlebot3_ws/install/dynamixel_sdk_custom_interfaces:/home/jucy/turtlebot3_ws/install/dynamixel_sdk:/home/jucy/ros2_ws/install/nav2_system_tests:/home/jucy/ros2_ws/install/nav2_bringup:/home/jucy/ros2_ws/install/navigation2:/home/jucy/ros2_ws/install/smac_planner:/home/jucy/ros2_ws/install/ps2_controller:/home/jucy/ros2_ws/install/nav2_dwb_controller:/home/jucy/ros2_ws/install/nav2_controller:/home/jucy/ros2_ws/install/dwb_plugins:/home/jucy/ros2_ws/install/dwb_critics:/home/jucy/ros2_ws/install/dwb_core:/home/jucy/ros2_ws/install/nav_2d_utils:/home/jucy/ros2_ws/install/dwb_msgs:/home/jucy/ros2_ws/install/nav_2d_msgs:/home/jucy/ros2_ws/install/nav2_waypoint_follower:/home/jucy/ros2_ws/install/nav2_regulated_pure_pursuit_controller:/home/jucy/ros2_ws/install/nav2_recoveries:/home/jucy/ros2_ws/install/nav2_planner:/home/jucy/ros2_ws/install/nav2_navfn_planner:/home/jucy/ros2_ws/install/nav2_core:/home/jucy/ros2_ws/install/costmap_queue:/home/jucy/ros2_ws/install/nav2_costmap_2d:/home/jucy/ros2_ws/install/nav2_voxel_grid:/home/jucy/ros2_ws/install/nav2_rviz_plugins:/home/jucy/ros2_ws/install/nav2_map_server:/home/jucy/ros2_ws/install/nav2_lifecycle_manager:/home/jucy/ros2_ws/install/nav2_bt_navigator:/home/jucy/ros2_ws/install/nav2_behavior_tree:/home/jucy/ros2_ws/install/nav2_amcl:/home/jucy/ros2_ws/install/nav2_util:/home/jucy/ros2_ws/install/nav2_msgs:/home/jucy/ros2_ws/install/nav2_common:/home/jucy/ydlidar_ros2_ws/install/ydlidar_ros2_driver:/home/jucy/ydlidar_ros2_ws/install/ps2_controller:/home/jucy/ydlidar_ros2_ws/install/myagv_navigation2:/home/jucy/ydlidar_ros2_ws/install/myagv_bringup:/home/jucy/ydlidar_ros2_ws/install/myagv_description:/home/jucy/ydlidar_ros2_wss/install/ydlidar_ros2_driver:/opt/ros/foxy:/opt/ros/foxy:/home/jucy/ydlidar_ws_11_29/install/nav2_gazebo_spawner:/home/jucy/ydlidar_ws_11_29/install/jdamr200_node:/home/jucy/turtlebot3_ws/install/turtlebot3_teleop:/home/jucy/turtlebot3_ws/install/turtlebot3_example:/home/jucy/turtlebot3_ws/install/nav2_goal_pulisher_test:/home/jucy/turtlebot3_ws/install/nav2_goal_publisher:/home/jucy/ros2_ws/install/nav2_simple_commander:/home/jucy/ros2_ws/install/nav2_gazebo_spawner:/home/jucy/ros2_ws/install/camera_udp_communication:/home/jucy/ros2_ws/install/agv_control_py:/home/jucy/ydlidar_ros2_ws/install/jdamr200_teleop:/home/jucy/ydlidar_ros2_ws/install/jdamr200_node PYTHONPATH=/home/jucy/ydlidar_ws_11_29/install/nav2_common/lib/python3.8/site-packages:/home/jucy/ydlidar_ws_11_29/install/dwb_msgs/lib/python3.8/site-packages:/home/jucy/ydlidar_ws_11_29/install/nav_2d_msgs/lib/python3.8/site-packages:/home/jucy/ydlidar_ws_11_29/install/nav2_msgs/lib/python3.8/site-packages:/home/jucy/ydlidar_ws_11_29/install/nav2_gazebo_spawner/lib/python3.8/site-packages:/home/jucy/ydlidar_ws_11_29/install/jdamr200_node/lib/python3.8/site-packages:/home/jucy/turtlebot3_ws/install/turtlebot3_teleop/lib/python3.8/site-packages:/home/jucy/turtlebot3_ws/install/turtlebot3_example/lib/python3.8/site-packages:/home/jucy/turtlebot3_ws/install/turtlebot3_msgs/lib/python3.8/site-packages:/home/jucy/turtlebot3_ws/install/nav2_goal_pulisher_test/lib/python3.8/site-packages:/home/jucy/turtlebot3_ws/install/nav2_goal_publisher/lib/python3.8/site-packages:/home/jucy/turtlebot3_ws/install/dynamixel_sdk_custom_interfaces/lib/python3.8/site-packages:/home/jucy/ros2_ws/install/dwb_msgs/lib/python3.8/site-packages:/home/jucy/ros2_ws/install/nav_2d_msgs/lib/python3.8/site-packages:/home/jucy/ros2_ws/install/nav2_simple_commander/lib/python3.8/site-packages:/home/jucy/ros2_ws/install/nav2_msgs/lib/python3.8/site-packages:/home/jucy/ros2_ws/install/nav2_gazebo_spawner/lib/python3.8/site-packages:/home/jucy/ros2_ws/install/nav2_common/lib/python3.8/site-packages:/home/jucy/ros2_ws/install/camera_udp_communication/lib/python3.8/site-packages:/home/jucy/ros2_ws/install/agv_control_py/lib/python3.8/site-packages:/home/jucy/ydlidar_ros2_ws/install/jdamr200_teleop/lib/python3.8/site-packages:/home/jucy/ydlidar_ros2_ws/install/jdamr200_node/lib/python3.8/site-packages:/usr/bin/python3.8:/opt/ros/foxy/lib/python3.8/site-packages /usr/bin/cmake --build /home/jucy/ydlidar_ws_11_29/build/nav2_msgs -- -j12 -l12
[0.731s] [  0%] Built target nav2_msgs__cpp
[0.909s] [ 13%] Built target nav2_msgs__rosidl_typesupport_introspection_cpp
[0.933s] [ 25%] Built target nav2_msgs__rosidl_typesupport_cpp
[0.938s] [ 37%] Built target nav2_msgs__rosidl_generator_c
[1.183s] [ 49%] Built target nav2_msgs__rosidl_typesupport_c
[1.194s] [ 61%] Built target nav2_msgs__rosidl_typesupport_fastrtps_cpp
[1.316s] [ 73%] Built target nav2_msgs__rosidl_typesupport_introspection_c
[1.517s] [ 85%] Built target nav2_msgs__rosidl_typesupport_fastrtps_c
[1.568s] [ 85%] Built target nav2_msgs
[1.645s] [ 86%] Built target nav2_msgs__py
[1.830s] [ 97%] Built target nav2_msgs__python
[1.930s] [ 98%] Built target nav2_msgs__rosidl_typesupport_fastrtps_c__pyext
[2.019s] [100%] Built target nav2_msgs__rosidl_typesupport_c__pyext
[2.019s] [100%] Built target nav2_msgs__rosidl_typesupport_introspection_c__pyext
[2.036s] Invoked command in '/home/jucy/ydlidar_ws_11_29/build/nav2_msgs' returned '0': CMAKE_PREFIX_PATH=/home/jucy/ydlidar_ws_11_29/install/nav2_common:/home/jucy/ydlidar_ws_11_29/install/ydlidar_ros2_driver:/home/jucy/ydlidar_ws_11_29/install/nav2_system_tests:/home/jucy/ydlidar_ws_11_29/install/myagv_navigation2:/home/jucy/ydlidar_ws_11_29/install/nav2_bringup:/home/jucy/ydlidar_ws_11_29/install/navigation2:/home/jucy/ydlidar_ws_11_29/install/smac_planner:/home/jucy/ydlidar_ws_11_29/install/nav2_dwb_controller:/home/jucy/ydlidar_ws_11_29/install/nav2_controller:/home/jucy/ydlidar_ws_11_29/install/dwb_plugins:/home/jucy/ydlidar_ws_11_29/install/dwb_critics:/home/jucy/ydlidar_ws_11_29/install/dwb_core:/home/jucy/ydlidar_ws_11_29/install/nav_2d_utils:/home/jucy/ydlidar_ws_11_29/install/dwb_msgs:/home/jucy/ydlidar_ws_11_29/install/nav_2d_msgs:/home/jucy/ydlidar_ws_11_29/install/nav2_waypoint_follower:/home/jucy/ydlidar_ws_11_29/install/nav2_regulated_pure_pursuit_controller:/home/jucy/ydlidar_ws_11_29/install/nav2_recoveries:/home/jucy/ydlidar_ws_11_29/install/nav2_planner:/home/jucy/ydlidar_ws_11_29/install/nav2_navfn_planner:/home/jucy/ydlidar_ws_11_29/install/nav2_core:/home/jucy/ydlidar_ws_11_29/install/costmap_queue:/home/jucy/ydlidar_ws_11_29/install/nav2_costmap_2d:/home/jucy/ydlidar_ws_11_29/install/nav2_voxel_grid:/home/jucy/ydlidar_ws_11_29/install/nav2_rviz_plugins:/home/jucy/ydlidar_ws_11_29/install/nav2_map_server:/home/jucy/ydlidar_ws_11_29/install/nav2_lifecycle_manager:/home/jucy/ydlidar_ws_11_29/install/nav2_bt_navigator:/home/jucy/ydlidar_ws_11_29/install/nav2_behavior_tree:/home/jucy/ydlidar_ws_11_29/install/nav2_amcl:/home/jucy/ydlidar_ws_11_29/install/nav2_util:/home/jucy/ydlidar_ws_11_29/install/nav2_msgs:/home/jucy/ydlidar_ws_11_29/install/myagv_bringup:/home/jucy/ydlidar_ws_11_29/install/myagv_description:/home/jucy/new_ws/install/myagv_description:/home/jucy/new_ws/install/aseembly:/home/jucy/turtlebot3_ws/install/turtlebot3:/home/jucy/turtlebot3_ws/install/turtlebot3_simulations:/home/jucy/turtlebot3_ws/install/turtlebot3_bringup:/home/jucy/turtlebot3_ws/install/turtlebot3_node:/home/jucy/turtlebot3_ws/install/turtlebot3_navigation2:/home/jucy/turtlebot3_ws/install/turtlebot3_fake_node:/home/jucy/turtlebot3_ws/install/turtlebot3_msgs:/home/jucy/turtlebot3_ws/install/turtlebot3_gazebo:/home/jucy/turtlebot3_ws/install/turtlebot3_description:/home/jucy/turtlebot3_ws/install/turtlebot3_cartographer:/home/jucy/turtlebot3_ws/install/dynamixel_sdk_examples:/home/jucy/turtlebot3_ws/install/dynamixel_sdk_custom_interfaces:/home/jucy/turtlebot3_ws/install/dynamixel_sdk:/home/jucy/ros2_ws/install/nav2_system_tests:/home/jucy/ros2_ws/install/nav2_bringup:/home/jucy/ros2_ws/install/navigation2:/home/jucy/ros2_ws/install/smac_planner:/home/jucy/ros2_ws/install/ps2_controller:/home/jucy/ros2_ws/install/nav2_dwb_controller:/home/jucy/ros2_ws/install/nav2_controller:/home/jucy/ros2_ws/install/dwb_plugins:/home/jucy/ros2_ws/install/dwb_critics:/home/jucy/ros2_ws/install/dwb_core:/home/jucy/ros2_ws/install/nav_2d_utils:/home/jucy/ros2_ws/install/dwb_msgs:/home/jucy/ros2_ws/install/nav_2d_msgs:/home/jucy/ros2_ws/install/nav2_waypoint_follower:/home/jucy/ros2_ws/install/nav2_regulated_pure_pursuit_controller:/home/jucy/ros2_ws/install/nav2_recoveries:/home/jucy/ros2_ws/install/nav2_planner:/home/jucy/ros2_ws/install/nav2_navfn_planner:/home/jucy/ros2_ws/install/nav2_core:/home/jucy/ros2_ws/install/costmap_queue:/home/jucy/ros2_ws/install/nav2_costmap_2d:/home/jucy/ros2_ws/install/nav2_voxel_grid:/home/jucy/ros2_ws/install/nav2_rviz_plugins:/home/jucy/ros2_ws/install/nav2_map_server:/home/jucy/ros2_ws/install/nav2_lifecycle_manager:/home/jucy/ros2_ws/install/nav2_bt_navigator:/home/jucy/ros2_ws/install/nav2_behavior_tree:/home/jucy/ros2_ws/install/nav2_amcl:/home/jucy/ros2_ws/install/nav2_util:/home/jucy/ros2_ws/install/nav2_msgs:/home/jucy/ros2_ws/install/nav2_common:/home/jucy/ydlidar_ros2_ws/install/ydlidar_ros2_driver:/home/jucy/ydlidar_ros2_ws/install/ps2_controller:/home/jucy/ydlidar_ros2_ws/install/myagv_navigation2:/home/jucy/ydlidar_ros2_ws/install/myagv_bringup:/home/jucy/ydlidar_ros2_ws/install/myagv_description:/home/jucy/ydlidar_ros2_wss/install/ydlidar_ros2_driver:/opt/ros/foxy:/opt/ros/foxy:/home/jucy/ydlidar_ws_11_29/install/nav2_gazebo_spawner:/home/jucy/ydlidar_ws_11_29/install/jdamr200_node:/home/jucy/turtlebot3_ws/install/turtlebot3_teleop:/home/jucy/turtlebot3_ws/install/turtlebot3_example:/home/jucy/turtlebot3_ws/install/nav2_goal_pulisher_test:/home/jucy/turtlebot3_ws/install/nav2_goal_publisher:/home/jucy/ros2_ws/install/nav2_simple_commander:/home/jucy/ros2_ws/install/nav2_gazebo_spawner:/home/jucy/ros2_ws/install/camera_udp_communication:/home/jucy/ros2_ws/install/agv_control_py:/home/jucy/ydlidar_ros2_ws/install/jdamr200_teleop:/home/jucy/ydlidar_ros2_ws/install/jdamr200_node PYTHONPATH=/home/jucy/ydlidar_ws_11_29/install/nav2_common/lib/python3.8/site-packages:/home/jucy/ydlidar_ws_11_29/install/dwb_msgs/lib/python3.8/site-packages:/home/jucy/ydlidar_ws_11_29/install/nav_2d_msgs/lib/python3.8/site-packages:/home/jucy/ydlidar_ws_11_29/install/nav2_msgs/lib/python3.8/site-packages:/home/jucy/ydlidar_ws_11_29/install/nav2_gazebo_spawner/lib/python3.8/site-packages:/home/jucy/ydlidar_ws_11_29/install/jdamr200_node/lib/python3.8/site-packages:/home/jucy/turtlebot3_ws/install/turtlebot3_teleop/lib/python3.8/site-packages:/home/jucy/turtlebot3_ws/install/turtlebot3_example/lib/python3.8/site-packages:/home/jucy/turtlebot3_ws/install/turtlebot3_msgs/lib/python3.8/site-packages:/home/jucy/turtlebot3_ws/install/nav2_goal_pulisher_test/lib/python3.8/site-packages:/home/jucy/turtlebot3_ws/install/nav2_goal_publisher/lib/python3.8/site-packages:/home/jucy/turtlebot3_ws/install/dynamixel_sdk_custom_interfaces/lib/python3.8/site-packages:/home/jucy/ros2_ws/install/dwb_msgs/lib/python3.8/site-packages:/home/jucy/ros2_ws/install/nav_2d_msgs/lib/python3.8/site-packages:/home/jucy/ros2_ws/install/nav2_simple_commander/lib/python3.8/site-packages:/home/jucy/ros2_ws/install/nav2_msgs/lib/python3.8/site-packages:/home/jucy/ros2_ws/install/nav2_gazebo_spawner/lib/python3.8/site-packages:/home/jucy/ros2_ws/install/nav2_common/lib/python3.8/site-packages:/home/jucy/ros2_ws/install/camera_udp_communication/lib/python3.8/site-packages:/home/jucy/ros2_ws/install/agv_control_py/lib/python3.8/site-packages:/home/jucy/ydlidar_ros2_ws/install/jdamr200_teleop/lib/python3.8/site-packages:/home/jucy/ydlidar_ros2_ws/install/jdamr200_node/lib/python3.8/site-packages:/usr/bin/python3.8:/opt/ros/foxy/lib/python3.8/site-packages /usr/bin/cmake --build /home/jucy/ydlidar_ws_11_29/build/nav2_msgs -- -j12 -l12
[2.082s] Invoking command in '/home/jucy/ydlidar_ws_11_29/build/nav2_msgs': CMAKE_PREFIX_PATH=/home/jucy/ydlidar_ws_11_29/install/nav2_common:/home/jucy/ydlidar_ws_11_29/install/ydlidar_ros2_driver:/home/jucy/ydlidar_ws_11_29/install/nav2_system_tests:/home/jucy/ydlidar_ws_11_29/install/myagv_navigation2:/home/jucy/ydlidar_ws_11_29/install/nav2_bringup:/home/jucy/ydlidar_ws_11_29/install/navigation2:/home/jucy/ydlidar_ws_11_29/install/smac_planner:/home/jucy/ydlidar_ws_11_29/install/nav2_dwb_controller:/home/jucy/ydlidar_ws_11_29/install/nav2_controller:/home/jucy/ydlidar_ws_11_29/install/dwb_plugins:/home/jucy/ydlidar_ws_11_29/install/dwb_critics:/home/jucy/ydlidar_ws_11_29/install/dwb_core:/home/jucy/ydlidar_ws_11_29/install/nav_2d_utils:/home/jucy/ydlidar_ws_11_29/install/dwb_msgs:/home/jucy/ydlidar_ws_11_29/install/nav_2d_msgs:/home/jucy/ydlidar_ws_11_29/install/nav2_waypoint_follower:/home/jucy/ydlidar_ws_11_29/install/nav2_regulated_pure_pursuit_controller:/home/jucy/ydlidar_ws_11_29/install/nav2_recoveries:/home/jucy/ydlidar_ws_11_29/install/nav2_planner:/home/jucy/ydlidar_ws_11_29/install/nav2_navfn_planner:/home/jucy/ydlidar_ws_11_29/install/nav2_core:/home/jucy/ydlidar_ws_11_29/install/costmap_queue:/home/jucy/ydlidar_ws_11_29/install/nav2_costmap_2d:/home/jucy/ydlidar_ws_11_29/install/nav2_voxel_grid:/home/jucy/ydlidar_ws_11_29/install/nav2_rviz_plugins:/home/jucy/ydlidar_ws_11_29/install/nav2_map_server:/home/jucy/ydlidar_ws_11_29/install/nav2_lifecycle_manager:/home/jucy/ydlidar_ws_11_29/install/nav2_bt_navigator:/home/jucy/ydlidar_ws_11_29/install/nav2_behavior_tree:/home/jucy/ydlidar_ws_11_29/install/nav2_amcl:/home/jucy/ydlidar_ws_11_29/install/nav2_util:/home/jucy/ydlidar_ws_11_29/install/nav2_msgs:/home/jucy/ydlidar_ws_11_29/install/myagv_bringup:/home/jucy/ydlidar_ws_11_29/install/myagv_description:/home/jucy/new_ws/install/myagv_description:/home/jucy/new_ws/install/aseembly:/home/jucy/turtlebot3_ws/install/turtlebot3:/home/jucy/turtlebot3_ws/install/turtlebot3_simulations:/home/jucy/turtlebot3_ws/install/turtlebot3_bringup:/home/jucy/turtlebot3_ws/install/turtlebot3_node:/home/jucy/turtlebot3_ws/install/turtlebot3_navigation2:/home/jucy/turtlebot3_ws/install/turtlebot3_fake_node:/home/jucy/turtlebot3_ws/install/turtlebot3_msgs:/home/jucy/turtlebot3_ws/install/turtlebot3_gazebo:/home/jucy/turtlebot3_ws/install/turtlebot3_description:/home/jucy/turtlebot3_ws/install/turtlebot3_cartographer:/home/jucy/turtlebot3_ws/install/dynamixel_sdk_examples:/home/jucy/turtlebot3_ws/install/dynamixel_sdk_custom_interfaces:/home/jucy/turtlebot3_ws/install/dynamixel_sdk:/home/jucy/ros2_ws/install/nav2_system_tests:/home/jucy/ros2_ws/install/nav2_bringup:/home/jucy/ros2_ws/install/navigation2:/home/jucy/ros2_ws/install/smac_planner:/home/jucy/ros2_ws/install/ps2_controller:/home/jucy/ros2_ws/install/nav2_dwb_controller:/home/jucy/ros2_ws/install/nav2_controller:/home/jucy/ros2_ws/install/dwb_plugins:/home/jucy/ros2_ws/install/dwb_critics:/home/jucy/ros2_ws/install/dwb_core:/home/jucy/ros2_ws/install/nav_2d_utils:/home/jucy/ros2_ws/install/dwb_msgs:/home/jucy/ros2_ws/install/nav_2d_msgs:/home/jucy/ros2_ws/install/nav2_waypoint_follower:/home/jucy/ros2_ws/install/nav2_regulated_pure_pursuit_controller:/home/jucy/ros2_ws/install/nav2_recoveries:/home/jucy/ros2_ws/install/nav2_planner:/home/jucy/ros2_ws/install/nav2_navfn_planner:/home/jucy/ros2_ws/install/nav2_core:/home/jucy/ros2_ws/install/costmap_queue:/home/jucy/ros2_ws/install/nav2_costmap_2d:/home/jucy/ros2_ws/install/nav2_voxel_grid:/home/jucy/ros2_ws/install/nav2_rviz_plugins:/home/jucy/ros2_ws/install/nav2_map_server:/home/jucy/ros2_ws/install/nav2_lifecycle_manager:/home/jucy/ros2_ws/install/nav2_bt_navigator:/home/jucy/ros2_ws/install/nav2_behavior_tree:/home/jucy/ros2_ws/install/nav2_amcl:/home/jucy/ros2_ws/install/nav2_util:/home/jucy/ros2_ws/install/nav2_msgs:/home/jucy/ros2_ws/install/nav2_common:/home/jucy/ydlidar_ros2_ws/install/ydlidar_ros2_driver:/home/jucy/ydlidar_ros2_ws/install/ps2_controller:/home/jucy/ydlidar_ros2_ws/install/myagv_navigation2:/home/jucy/ydlidar_ros2_ws/install/myagv_bringup:/home/jucy/ydlidar_ros2_ws/install/myagv_description:/home/jucy/ydlidar_ros2_wss/install/ydlidar_ros2_driver:/opt/ros/foxy:/opt/ros/foxy:/home/jucy/ydlidar_ws_11_29/install/nav2_gazebo_spawner:/home/jucy/ydlidar_ws_11_29/install/jdamr200_node:/home/jucy/turtlebot3_ws/install/turtlebot3_teleop:/home/jucy/turtlebot3_ws/install/turtlebot3_example:/home/jucy/turtlebot3_ws/install/nav2_goal_pulisher_test:/home/jucy/turtlebot3_ws/install/nav2_goal_publisher:/home/jucy/ros2_ws/install/nav2_simple_commander:/home/jucy/ros2_ws/install/nav2_gazebo_spawner:/home/jucy/ros2_ws/install/camera_udp_communication:/home/jucy/ros2_ws/install/agv_control_py:/home/jucy/ydlidar_ros2_ws/install/jdamr200_teleop:/home/jucy/ydlidar_ros2_ws/install/jdamr200_node PYTHONPATH=/home/jucy/ydlidar_ws_11_29/install/nav2_common/lib/python3.8/site-packages:/home/jucy/ydlidar_ws_11_29/install/dwb_msgs/lib/python3.8/site-packages:/home/jucy/ydlidar_ws_11_29/install/nav_2d_msgs/lib/python3.8/site-packages:/home/jucy/ydlidar_ws_11_29/install/nav2_msgs/lib/python3.8/site-packages:/home/jucy/ydlidar_ws_11_29/install/nav2_gazebo_spawner/lib/python3.8/site-packages:/home/jucy/ydlidar_ws_11_29/install/jdamr200_node/lib/python3.8/site-packages:/home/jucy/turtlebot3_ws/install/turtlebot3_teleop/lib/python3.8/site-packages:/home/jucy/turtlebot3_ws/install/turtlebot3_example/lib/python3.8/site-packages:/home/jucy/turtlebot3_ws/install/turtlebot3_msgs/lib/python3.8/site-packages:/home/jucy/turtlebot3_ws/install/nav2_goal_pulisher_test/lib/python3.8/site-packages:/home/jucy/turtlebot3_ws/install/nav2_goal_publisher/lib/python3.8/site-packages:/home/jucy/turtlebot3_ws/install/dynamixel_sdk_custom_interfaces/lib/python3.8/site-packages:/home/jucy/ros2_ws/install/dwb_msgs/lib/python3.8/site-packages:/home/jucy/ros2_ws/install/nav_2d_msgs/lib/python3.8/site-packages:/home/jucy/ros2_ws/install/nav2_simple_commander/lib/python3.8/site-packages:/home/jucy/ros2_ws/install/nav2_msgs/lib/python3.8/site-packages:/home/jucy/ros2_ws/install/nav2_gazebo_spawner/lib/python3.8/site-packages:/home/jucy/ros2_ws/install/nav2_common/lib/python3.8/site-packages:/home/jucy/ros2_ws/install/camera_udp_communication/lib/python3.8/site-packages:/home/jucy/ros2_ws/install/agv_control_py/lib/python3.8/site-packages:/home/jucy/ydlidar_ros2_ws/install/jdamr200_teleop/lib/python3.8/site-packages:/home/jucy/ydlidar_ros2_ws/install/jdamr200_node/lib/python3.8/site-packages:/usr/bin/python3.8:/opt/ros/foxy/lib/python3.8/site-packages /usr/bin/cmake --install /home/jucy/ydlidar_ws_11_29/build/nav2_msgs
[2.125s] -- Install configuration: "Release"
[2.126s] -- Up-to-date: /home/jucy/ydlidar_ws_11_29/install/nav2_msgs/share/ament_index/resource_index/rosidl_interfaces/nav2_msgs
[2.126s] -- Up-to-date: /home/jucy/ydlidar_ws_11_29/install/nav2_msgs/include/nav2_msgs
[2.126s] -- Up-to-date: /home/jucy/ydlidar_ws_11_29/install/nav2_msgs/include/nav2_msgs/msg
[2.126s] -- Up-to-date: /home/jucy/ydlidar_ws_11_29/install/nav2_msgs/include/nav2_msgs/msg/costmap.h
[2.126s] -- Up-to-date: /home/jucy/ydlidar_ws_11_29/install/nav2_msgs/include/nav2_msgs/msg/rosidl_generator_c__visibility_control.h
[2.127s] -- Up-to-date: /home/jucy/ydlidar_ws_11_29/install/nav2_msgs/include/nav2_msgs/msg/voxel_grid.h
[2.127s] -- Up-to-date: /home/jucy/ydlidar_ws_11_29/install/nav2_msgs/include/nav2_msgs/msg/particle.h
[2.127s] -- Up-to-date: /home/jucy/ydlidar_ws_11_29/install/nav2_msgs/include/nav2_msgs/msg/costmap_meta_data.h
[2.127s] -- Up-to-date: /home/jucy/ydlidar_ws_11_29/install/nav2_msgs/include/nav2_msgs/msg/behavior_tree_log.h
[2.127s] -- Up-to-date: /home/jucy/ydlidar_ws_11_29/install/nav2_msgs/include/nav2_msgs/msg/behavior_tree_status_change.h
[2.127s] -- Up-to-date: /home/jucy/ydlidar_ws_11_29/install/nav2_msgs/include/nav2_msgs/msg/particle_cloud.h
[2.127s] -- Up-to-date: /home/jucy/ydlidar_ws_11_29/install/nav2_msgs/include/nav2_msgs/msg/detail
[2.127s] -- Up-to-date: /home/jucy/ydlidar_ws_11_29/install/nav2_msgs/include/nav2_msgs/msg/detail/behavior_tree_log__type_support.h
[2.128s] -- Up-to-date: /home/jucy/ydlidar_ws_11_29/install/nav2_msgs/include/nav2_msgs/msg/detail/particle__functions.c
[2.128s] -- Up-to-date: /home/jucy/ydlidar_ws_11_29/install/nav2_msgs/include/nav2_msgs/msg/detail/behavior_tree_log__struct.h
[2.128s] -- Up-to-date: /home/jucy/ydlidar_ws_11_29/install/nav2_msgs/include/nav2_msgs/msg/detail/behavior_tree_log__functions.h
[2.128s] -- Up-to-date: /home/jucy/ydlidar_ws_11_29/install/nav2_msgs/include/nav2_msgs/msg/detail/costmap_meta_data__struct.h
[2.128s] -- Up-to-date: /home/jucy/ydlidar_ws_11_29/install/nav2_msgs/include/nav2_msgs/msg/detail/behavior_tree_status_change__type_support.h
[2.128s] -- Up-to-date: /home/jucy/ydlidar_ws_11_29/install/nav2_msgs/include/nav2_msgs/msg/detail/voxel_grid__struct.h
[2.128s] -- Up-to-date: /home/jucy/ydlidar_ws_11_29/install/nav2_msgs/include/nav2_msgs/msg/detail/particle_cloud__functions.c
[2.128s] -- Up-to-date: /home/jucy/ydlidar_ws_11_29/install/nav2_msgs/include/nav2_msgs/msg/detail/costmap__functions.h
[2.128s] -- Up-to-date: /home/jucy/ydlidar_ws_11_29/install/nav2_msgs/include/nav2_msgs/msg/detail/costmap__functions.c
[2.128s] -- Up-to-date: /home/jucy/ydlidar_ws_11_29/install/nav2_msgs/include/nav2_msgs/msg/detail/behavior_tree_log__functions.c
[2.128s] -- Up-to-date: /home/jucy/ydlidar_ws_11_29/install/nav2_msgs/include/nav2_msgs/msg/detail/costmap_meta_data__functions.h
[2.128s] -- Up-to-date: /home/jucy/ydlidar_ws_11_29/install/nav2_msgs/include/nav2_msgs/msg/detail/costmap_meta_data__type_support.h
[2.128s] -- Up-to-date: /home/jucy/ydlidar_ws_11_29/install/nav2_msgs/include/nav2_msgs/msg/detail/behavior_tree_status_change__functions.c
[2.129s] -- Up-to-date: /home/jucy/ydlidar_ws_11_29/install/nav2_msgs/include/nav2_msgs/msg/detail/voxel_grid__functions.c
[2.129s] -- Up-to-date: /home/jucy/ydlidar_ws_11_29/install/nav2_msgs/include/nav2_msgs/msg/detail/behavior_tree_status_change__functions.h
[2.129s] -- Up-to-date: /home/jucy/ydlidar_ws_11_29/install/nav2_msgs/include/nav2_msgs/msg/detail/particle__functions.h
[2.129s] -- Up-to-date: /home/jucy/ydlidar_ws_11_29/install/nav2_msgs/include/nav2_msgs/msg/detail/particle_cloud__struct.h
[2.129s] -- Up-to-date: /home/jucy/ydlidar_ws_11_29/install/nav2_msgs/include/nav2_msgs/msg/detail/particle_cloud__functions.h
[2.129s] -- Up-to-date: /home/jucy/ydlidar_ws_11_29/install/nav2_msgs/include/nav2_msgs/msg/detail/voxel_grid__type_support.h
[2.129s] -- Up-to-date: /home/jucy/ydlidar_ws_11_29/install/nav2_msgs/include/nav2_msgs/msg/detail/costmap__type_support.h
[2.129s] -- Up-to-date: /home/jucy/ydlidar_ws_11_29/install/nav2_msgs/include/nav2_msgs/msg/detail/particle_cloud__type_support.h
[2.129s] -- Up-to-date: /home/jucy/ydlidar_ws_11_29/install/nav2_msgs/include/nav2_msgs/msg/detail/costmap_meta_data__functions.c
[2.130s] -- Up-to-date: /home/jucy/ydlidar_ws_11_29/install/nav2_msgs/include/nav2_msgs/msg/detail/particle__struct.h
[2.130s] -- Up-to-date: /home/jucy/ydlidar_ws_11_29/install/nav2_msgs/include/nav2_msgs/msg/detail/voxel_grid__functions.h
[2.130s] -- Up-to-date: /home/jucy/ydlidar_ws_11_29/install/nav2_msgs/include/nav2_msgs/msg/detail/particle__type_support.h
[2.130s] -- Up-to-date: /home/jucy/ydlidar_ws_11_29/install/nav2_msgs/include/nav2_msgs/msg/detail/costmap__struct.h
[2.130s] -- Up-to-date: /home/jucy/ydlidar_ws_11_29/install/nav2_msgs/include/nav2_msgs/msg/detail/behavior_tree_status_change__struct.h
[2.130s] -- Up-to-date: /home/jucy/ydlidar_ws_11_29/install/nav2_msgs/include/nav2_msgs/srv
[2.130s] -- Up-to-date: /home/jucy/ydlidar_ws_11_29/install/nav2_msgs/include/nav2_msgs/srv/clear_entire_costmap.h
[2.130s] -- Up-to-date: /home/jucy/ydlidar_ws_11_29/install/nav2_msgs/include/nav2_msgs/srv/load_map.h
[2.130s] -- Up-to-date: /home/jucy/ydlidar_ws_11_29/install/nav2_msgs/include/nav2_msgs/srv/get_costmap.h
[2.130s] -- Up-to-date: /home/jucy/ydlidar_ws_11_29/install/nav2_msgs/include/nav2_msgs/srv/clear_costmap_around_robot.h
[2.130s] -- Up-to-date: /home/jucy/ydlidar_ws_11_29/install/nav2_msgs/include/nav2_msgs/srv/save_map.h
[2.130s] -- Up-to-date: /home/jucy/ydlidar_ws_11_29/install/nav2_msgs/include/nav2_msgs/srv/clear_costmap_except_region.h
[2.130s] -- Up-to-date: /home/jucy/ydlidar_ws_11_29/install/nav2_msgs/include/nav2_msgs/srv/detail
[2.130s] -- Up-to-date: /home/jucy/ydlidar_ws_11_29/install/nav2_msgs/include/nav2_msgs/srv/detail/load_map__functions.h
[2.130s] -- Up-to-date: /home/jucy/ydlidar_ws_11_29/install/nav2_msgs/include/nav2_msgs/srv/detail/manage_lifecycle_nodes__struct.h
[2.130s] -- Up-to-date: /home/jucy/ydlidar_ws_11_29/install/nav2_msgs/include/nav2_msgs/srv/detail/manage_lifecycle_nodes__type_support.h
[2.131s] -- Up-to-date: /home/jucy/ydlidar_ws_11_29/install/nav2_msgs/include/nav2_msgs/srv/detail/clear_entire_costmap__functions.h
[2.131s] -- Up-to-date: /home/jucy/ydlidar_ws_11_29/install/nav2_msgs/include/nav2_msgs/srv/detail/get_costmap__type_support.h
[2.131s] -- Up-to-date: /home/jucy/ydlidar_ws_11_29/install/nav2_msgs/include/nav2_msgs/srv/detail/clear_costmap_around_robot__type_support.h
[2.131s] -- Up-to-date: /home/jucy/ydlidar_ws_11_29/install/nav2_msgs/include/nav2_msgs/srv/detail/clear_costmap_around_robot__functions.c
[2.131s] -- Up-to-date: /home/jucy/ydlidar_ws_11_29/install/nav2_msgs/include/nav2_msgs/srv/detail/load_map__functions.c
[2.131s] -- Up-to-date: /home/jucy/ydlidar_ws_11_29/install/nav2_msgs/include/nav2_msgs/srv/detail/load_map__type_support.h
[2.131s] -- Up-to-date: /home/jucy/ydlidar_ws_11_29/install/nav2_msgs/include/nav2_msgs/srv/detail/get_costmap__functions.h
[2.131s] -- Up-to-date: /home/jucy/ydlidar_ws_11_29/install/nav2_msgs/include/nav2_msgs/srv/detail/save_map__struct.h
[2.131s] -- Up-to-date: /home/jucy/ydlidar_ws_11_29/install/nav2_msgs/include/nav2_msgs/srv/detail/clear_costmap_except_region__struct.h
[2.131s] -- Up-to-date: /home/jucy/ydlidar_ws_11_29/install/nav2_msgs/include/nav2_msgs/srv/detail/clear_costmap_around_robot__functions.h
[2.131s] -- Up-to-date: /home/jucy/ydlidar_ws_11_29/install/nav2_msgs/include/nav2_msgs/srv/detail/manage_lifecycle_nodes__functions.c
[2.131s] -- Up-to-date: /home/jucy/ydlidar_ws_11_29/install/nav2_msgs/include/nav2_msgs/srv/detail/clear_costmap_except_region__type_support.h
[2.131s] -- Up-to-date: /home/jucy/ydlidar_ws_11_29/install/nav2_msgs/include/nav2_msgs/srv/detail/clear_entire_costmap__functions.c
[2.131s] -- Up-to-date: /home/jucy/ydlidar_ws_11_29/install/nav2_msgs/include/nav2_msgs/srv/detail/get_costmap__struct.h
[2.132s] -- Up-to-date: /home/jucy/ydlidar_ws_11_29/install/nav2_msgs/include/nav2_msgs/srv/detail/clear_costmap_except_region__functions.h
[2.132s] -- Up-to-date: /home/jucy/ydlidar_ws_11_29/install/nav2_msgs/include/nav2_msgs/srv/detail/load_map__struct.h
[2.132s] -- Up-to-date: /home/jucy/ydlidar_ws_11_29/install/nav2_msgs/include/nav2_msgs/srv/detail/save_map__functions.h
[2.132s] -- Up-to-date: /home/jucy/ydlidar_ws_11_29/install/nav2_msgs/include/nav2_msgs/srv/detail/manage_lifecycle_nodes__functions.h
[2.132s] -- Up-to-date: /home/jucy/ydlidar_ws_11_29/install/nav2_msgs/include/nav2_msgs/srv/detail/clear_entire_costmap__type_support.h
[2.132s] -- Up-to-date: /home/jucy/ydlidar_ws_11_29/install/nav2_msgs/include/nav2_msgs/srv/detail/clear_costmap_except_region__functions.c
[2.132s] -- Up-to-date: /home/jucy/ydlidar_ws_11_29/install/nav2_msgs/include/nav2_msgs/srv/detail/save_map__functions.c
[2.132s] -- Up-to-date: /home/jucy/ydlidar_ws_11_29/install/nav2_msgs/include/nav2_msgs/srv/detail/save_map__type_support.h
[2.132s] -- Up-to-date: /home/jucy/ydlidar_ws_11_29/install/nav2_msgs/include/nav2_msgs/srv/detail/get_costmap__functions.c
[2.132s] -- Up-to-date: /home/jucy/ydlidar_ws_11_29/install/nav2_msgs/include/nav2_msgs/srv/detail/clear_entire_costmap__struct.h
[2.132s] -- Up-to-date: /home/jucy/ydlidar_ws_11_29/install/nav2_msgs/include/nav2_msgs/srv/detail/clear_costmap_around_robot__struct.h
[2.132s] -- Up-to-date: /home/jucy/ydlidar_ws_11_29/install/nav2_msgs/include/nav2_msgs/srv/manage_lifecycle_nodes.h
[2.132s] -- Up-to-date: /home/jucy/ydlidar_ws_11_29/install/nav2_msgs/include/nav2_msgs/action
[2.132s] -- Up-to-date: /home/jucy/ydlidar_ws_11_29/install/nav2_msgs/include/nav2_msgs/action/compute_path_to_pose.h
[2.132s] -- Up-to-date: /home/jucy/ydlidar_ws_11_29/install/nav2_msgs/include/nav2_msgs/action/back_up.h
[2.132s] -- Up-to-date: /home/jucy/ydlidar_ws_11_29/install/nav2_msgs/include/nav2_msgs/action/wait.h
[2.132s] -- Up-to-date: /home/jucy/ydlidar_ws_11_29/install/nav2_msgs/include/nav2_msgs/action/spin.h
[2.133s] -- Up-to-date: /home/jucy/ydlidar_ws_11_29/install/nav2_msgs/include/nav2_msgs/action/dummy_recovery.h
[2.133s] -- Up-to-date: /home/jucy/ydlidar_ws_11_29/install/nav2_msgs/include/nav2_msgs/action/detail
[2.133s] -- Up-to-date: /home/jucy/ydlidar_ws_11_29/install/nav2_msgs/include/nav2_msgs/action/detail/back_up__type_support.h
[2.133s] -- Up-to-date: /home/jucy/ydlidar_ws_11_29/install/nav2_msgs/include/nav2_msgs/action/detail/follow_path__functions.h
[2.133s] -- Up-to-date: /home/jucy/ydlidar_ws_11_29/install/nav2_msgs/include/nav2_msgs/action/detail/back_up__struct.h
[2.133s] -- Up-to-date: /home/jucy/ydlidar_ws_11_29/install/nav2_msgs/include/nav2_msgs/action/detail/navigate_to_pose__type_support.h
[2.133s] -- Up-to-date: /home/jucy/ydlidar_ws_11_29/install/nav2_msgs/include/nav2_msgs/action/detail/navigate_to_pose__struct.h
[2.133s] -- Up-to-date: /home/jucy/ydlidar_ws_11_29/install/nav2_msgs/include/nav2_msgs/action/detail/spin__type_support.h
[2.133s] -- Up-to-date: /home/jucy/ydlidar_ws_11_29/install/nav2_msgs/include/nav2_msgs/action/detail/navigate_to_pose__functions.h
[2.133s] -- Up-to-date: /home/jucy/ydlidar_ws_11_29/install/nav2_msgs/include/nav2_msgs/action/detail/spin__struct.h
[2.133s] -- Up-to-date: /home/jucy/ydlidar_ws_11_29/install/nav2_msgs/include/nav2_msgs/action/detail/dummy_recovery__functions.c
[2.133s] -- Up-to-date: /home/jucy/ydlidar_ws_11_29/install/nav2_msgs/include/nav2_msgs/action/detail/back_up__functions.h
[2.133s] -- Up-to-date: /home/jucy/ydlidar_ws_11_29/install/nav2_msgs/include/nav2_msgs/action/detail/back_up__functions.c
[2.133s] -- Up-to-date: /home/jucy/ydlidar_ws_11_29/install/nav2_msgs/include/nav2_msgs/action/detail/navigate_to_pose__functions.c
[2.133s] -- Up-to-date: /home/jucy/ydlidar_ws_11_29/install/nav2_msgs/include/nav2_msgs/action/detail/spin__functions.c
[2.133s] -- Up-to-date: /home/jucy/ydlidar_ws_11_29/install/nav2_msgs/include/nav2_msgs/action/detail/dummy_recovery__functions.h
[2.133s] -- Up-to-date: /home/jucy/ydlidar_ws_11_29/install/nav2_msgs/include/nav2_msgs/action/detail/wait__functions.h
[2.134s] -- Up-to-date: /home/jucy/ydlidar_ws_11_29/install/nav2_msgs/include/nav2_msgs/action/detail/follow_waypoints__type_support.h
[2.134s] -- Up-to-date: /home/jucy/ydlidar_ws_11_29/install/nav2_msgs/include/nav2_msgs/action/detail/dummy_recovery__struct.h
[2.134s] -- Up-to-date: /home/jucy/ydlidar_ws_11_29/install/nav2_msgs/include/nav2_msgs/action/detail/compute_path_to_pose__type_support.h
[2.134s] -- Up-to-date: /home/jucy/ydlidar_ws_11_29/install/nav2_msgs/include/nav2_msgs/action/detail/wait__struct.h
[2.134s] -- Up-to-date: /home/jucy/ydlidar_ws_11_29/install/nav2_msgs/include/nav2_msgs/action/detail/follow_waypoints__struct.h
[2.134s] -- Up-to-date: /home/jucy/ydlidar_ws_11_29/install/nav2_msgs/include/nav2_msgs/action/detail/follow_path__type_support.h
[2.134s] -- Up-to-date: /home/jucy/ydlidar_ws_11_29/install/nav2_msgs/include/nav2_msgs/action/detail/wait__type_support.h
[2.134s] -- Up-to-date: /home/jucy/ydlidar_ws_11_29/install/nav2_msgs/include/nav2_msgs/action/detail/wait__functions.c
[2.134s] -- Up-to-date: /home/jucy/ydlidar_ws_11_29/install/nav2_msgs/include/nav2_msgs/action/detail/spin__functions.h
[2.134s] -- Up-to-date: /home/jucy/ydlidar_ws_11_29/install/nav2_msgs/include/nav2_msgs/action/detail/compute_path_to_pose__struct.h
[2.134s] -- Up-to-date: /home/jucy/ydlidar_ws_11_29/install/nav2_msgs/include/nav2_msgs/action/detail/follow_path__struct.h
[2.134s] -- Up-to-date: /home/jucy/ydlidar_ws_11_29/install/nav2_msgs/include/nav2_msgs/action/detail/compute_path_to_pose__functions.c
[2.134s] -- Up-to-date: /home/jucy/ydlidar_ws_11_29/install/nav2_msgs/include/nav2_msgs/action/detail/compute_path_to_pose__functions.h
[2.134s] -- Up-to-date: /home/jucy/ydlidar_ws_11_29/install/nav2_msgs/include/nav2_msgs/action/detail/dummy_recovery__type_support.h
[2.134s] -- Up-to-date: /home/jucy/ydlidar_ws_11_29/install/nav2_msgs/include/nav2_msgs/action/detail/follow_waypoints__functions.h
[2.134s] -- Up-to-date: /home/jucy/ydlidar_ws_11_29/install/nav2_msgs/include/nav2_msgs/action/detail/follow_waypoints__functions.c
[2.134s] -- Up-to-date: /home/jucy/ydlidar_ws_11_29/install/nav2_msgs/include/nav2_msgs/action/detail/follow_path__functions.c
[2.134s] -- Up-to-date: /home/jucy/ydlidar_ws_11_29/install/nav2_msgs/include/nav2_msgs/action/follow_path.h
[2.135s] -- Up-to-date: /home/jucy/ydlidar_ws_11_29/install/nav2_msgs/include/nav2_msgs/action/follow_waypoints.h
[2.135s] -- Up-to-date: /home/jucy/ydlidar_ws_11_29/install/nav2_msgs/include/nav2_msgs/action/navigate_to_pose.h
[2.135s] -- Up-to-date: /home/jucy/ydlidar_ws_11_29/install/nav2_msgs/share/nav2_msgs/environment/library_path.sh
[2.135s] -- Up-to-date: /home/jucy/ydlidar_ws_11_29/install/nav2_msgs/share/nav2_msgs/environment/library_path.dsv
[2.186s] -- Up-to-date: /home/jucy/ydlidar_ws_11_29/install/nav2_msgs/lib/libnav2_msgs__rosidl_generator_c.so
[2.187s] -- Up-to-date: /home/jucy/ydlidar_ws_11_29/install/nav2_msgs/include/nav2_msgs
[2.188s] -- Up-to-date: /home/jucy/ydlidar_ws_11_29/install/nav2_msgs/include/nav2_msgs/msg
[2.188s] -- Up-to-date: /home/jucy/ydlidar_ws_11_29/install/nav2_msgs/include/nav2_msgs/msg/rosidl_typesupport_fastrtps_c__visibility_control.h
[2.189s] -- Up-to-date: /home/jucy/ydlidar_ws_11_29/install/nav2_msgs/include/nav2_msgs/msg/detail
[2.189s] -- Up-to-date: /home/jucy/ydlidar_ws_11_29/install/nav2_msgs/include/nav2_msgs/msg/detail/particle__rosidl_typesupport_fastrtps_c.h
[2.189s] -- Up-to-date: /home/jucy/ydlidar_ws_11_29/install/nav2_msgs/include/nav2_msgs/msg/detail/voxel_grid__rosidl_typesupport_fastrtps_c.h
[2.190s] -- Up-to-date: /home/jucy/ydlidar_ws_11_29/install/nav2_msgs/include/nav2_msgs/msg/detail/behavior_tree_status_change__rosidl_typesupport_fastrtps_c.h
[2.190s] -- Up-to-date: /home/jucy/ydlidar_ws_11_29/install/nav2_msgs/include/nav2_msgs/msg/detail/particle_cloud__rosidl_typesupport_fastrtps_c.h
[2.190s] -- Up-to-date: /home/jucy/ydlidar_ws_11_29/install/nav2_msgs/include/nav2_msgs/msg/detail/costmap_meta_data__rosidl_typesupport_fastrtps_c.h
[2.190s] -- Up-to-date: /home/jucy/ydlidar_ws_11_29/install/nav2_msgs/include/nav2_msgs/msg/detail/behavior_tree_log__rosidl_typesupport_fastrtps_c.h
[2.191s] -- Up-to-date: /home/jucy/ydlidar_ws_11_29/install/nav2_msgs/include/nav2_msgs/msg/detail/costmap__rosidl_typesupport_fastrtps_c.h
[2.191s] -- Up-to-date: /home/jucy/ydlidar_ws_11_29/install/nav2_msgs/include/nav2_msgs/srv
[2.191s] -- Up-to-date: /home/jucy/ydlidar_ws_11_29/install/nav2_msgs/include/nav2_msgs/srv/detail
[2.192s] -- Up-to-date: /home/jucy/ydlidar_ws_11_29/install/nav2_msgs/include/nav2_msgs/srv/detail/clear_costmap_except_region__rosidl_typesupport_fastrtps_c.h
[2.192s] -- Up-to-date: /home/jucy/ydlidar_ws_11_29/install/nav2_msgs/include/nav2_msgs/srv/detail/manage_lifecycle_nodes__rosidl_typesupport_fastrtps_c.h
[2.192s] -- Up-to-date: /home/jucy/ydlidar_ws_11_29/install/nav2_msgs/include/nav2_msgs/srv/detail/clear_costmap_around_robot__rosidl_typesupport_fastrtps_c.h
[2.192s] -- Up-to-date: /home/jucy/ydlidar_ws_11_29/install/nav2_msgs/include/nav2_msgs/srv/detail/get_costmap__rosidl_typesupport_fastrtps_c.h
[2.193s] -- Up-to-date: /home/jucy/ydlidar_ws_11_29/install/nav2_msgs/include/nav2_msgs/srv/detail/save_map__rosidl_typesupport_fastrtps_c.h
[2.193s] -- Up-to-date: /home/jucy/ydlidar_ws_11_29/install/nav2_msgs/include/nav2_msgs/srv/detail/load_map__rosidl_typesupport_fastrtps_c.h
[2.193s] -- Up-to-date: /home/jucy/ydlidar_ws_11_29/install/nav2_msgs/include/nav2_msgs/srv/detail/clear_entire_costmap__rosidl_typesupport_fastrtps_c.h
[2.193s] -- Up-to-date: /home/jucy/ydlidar_ws_11_29/install/nav2_msgs/include/nav2_msgs/action
[2.194s] -- Up-to-date: /home/jucy/ydlidar_ws_11_29/install/nav2_msgs/include/nav2_msgs/action/detail
[2.194s] -- Up-to-date: /home/jucy/ydlidar_ws_11_29/install/nav2_msgs/include/nav2_msgs/action/detail/follow_path__rosidl_typesupport_fastrtps_c.h
[2.195s] -- Up-to-date: /home/jucy/ydlidar_ws_11_29/install/nav2_msgs/include/nav2_msgs/action/detail/compute_path_to_pose__rosidl_typesupport_fastrtps_c.h
[2.195s] -- Up-to-date: /home/jucy/ydlidar_ws_11_29/install/nav2_msgs/include/nav2_msgs/action/detail/dummy_recovery__rosidl_typesupport_fastrtps_c.h
[2.196s] -- Up-to-date: /home/jucy/ydlidar_ws_11_29/install/nav2_msgs/include/nav2_msgs/action/detail/wait__rosidl_typesupport_fastrtps_c.h
[2.196s] -- Up-to-date: /home/jucy/ydlidar_ws_11_29/install/nav2_msgs/include/nav2_msgs/action/detail/follow_waypoints__rosidl_typesupport_fastrtps_c.h
[2.196s] -- Up-to-date: /home/jucy/ydlidar_ws_11_29/install/nav2_msgs/include/nav2_msgs/action/detail/navigate_to_pose__rosidl_typesupport_fastrtps_c.h
[2.197s] -- Up-to-date: /home/jucy/ydlidar_ws_11_29/install/nav2_msgs/include/nav2_msgs/action/detail/back_up__rosidl_typesupport_fastrtps_c.h
[2.197s] -- Up-to-date: /home/jucy/ydlidar_ws_11_29/install/nav2_msgs/include/nav2_msgs/action/detail/spin__rosidl_typesupport_fastrtps_c.h
[2.197s] -- Up-to-date: /home/jucy/ydlidar_ws_11_29/install/nav2_msgs/lib/libnav2_msgs__rosidl_typesupport_fastrtps_c.so
[2.198s] -- Up-to-date: /home/jucy/ydlidar_ws_11_29/install/nav2_msgs/include/nav2_msgs
[2.198s] -- Up-to-date: /home/jucy/ydlidar_ws_11_29/install/nav2_msgs/include/nav2_msgs/msg
[2.198s] -- Up-to-date: /home/jucy/ydlidar_ws_11_29/install/nav2_msgs/include/nav2_msgs/msg/rosidl_typesupport_fastrtps_cpp__visibility_control.h
[2.198s] -- Up-to-date: /home/jucy/ydlidar_ws_11_29/install/nav2_msgs/include/nav2_msgs/msg/detail
[2.199s] -- Up-to-date: /home/jucy/ydlidar_ws_11_29/install/nav2_msgs/include/nav2_msgs/msg/detail/particle__rosidl_typesupport_fastrtps_cpp.hpp
[2.199s] -- Up-to-date: /home/jucy/ydlidar_ws_11_29/install/nav2_msgs/include/nav2_msgs/msg/detail/voxel_grid__rosidl_typesupport_fastrtps_cpp.hpp
[2.199s] -- Up-to-date: /home/jucy/ydlidar_ws_11_29/install/nav2_msgs/include/nav2_msgs/msg/detail/behavior_tree_log__rosidl_typesupport_fastrtps_cpp.hpp
[2.200s] -- Up-to-date: /home/jucy/ydlidar_ws_11_29/install/nav2_msgs/include/nav2_msgs/msg/detail/particle_cloud__rosidl_typesupport_fastrtps_cpp.hpp
[2.200s] -- Up-to-date: /home/jucy/ydlidar_ws_11_29/install/nav2_msgs/include/nav2_msgs/msg/detail/costmap__rosidl_typesupport_fastrtps_cpp.hpp
[2.200s] -- Up-to-date: /home/jucy/ydlidar_ws_11_29/install/nav2_msgs/include/nav2_msgs/msg/detail/costmap_meta_data__rosidl_typesupport_fastrtps_cpp.hpp
[2.200s] -- Up-to-date: /home/jucy/ydlidar_ws_11_29/install/nav2_msgs/include/nav2_msgs/msg/detail/behavior_tree_status_change__rosidl_typesupport_fastrtps_cpp.hpp
[2.201s] -- Up-to-date: /home/jucy/ydlidar_ws_11_29/install/nav2_msgs/include/nav2_msgs/msg/detail/dds_fastrtps
[2.201s] -- Up-to-date: /home/jucy/ydlidar_ws_11_29/install/nav2_msgs/include/nav2_msgs/srv
[2.201s] -- Up-to-date: /home/jucy/ydlidar_ws_11_29/install/nav2_msgs/include/nav2_msgs/srv/detail
[2.202s] -- Up-to-date: /home/jucy/ydlidar_ws_11_29/install/nav2_msgs/include/nav2_msgs/srv/detail/clear_costmap_around_robot__rosidl_typesupport_fastrtps_cpp.hpp
[2.202s] -- Up-to-date: /home/jucy/ydlidar_ws_11_29/install/nav2_msgs/include/nav2_msgs/srv/detail/load_map__rosidl_typesupport_fastrtps_cpp.hpp
[2.203s] -- Up-to-date: /home/jucy/ydlidar_ws_11_29/install/nav2_msgs/include/nav2_msgs/srv/detail/get_costmap__rosidl_typesupport_fastrtps_cpp.hpp
[2.204s] -- Up-to-date: /home/jucy/ydlidar_ws_11_29/install/nav2_msgs/include/nav2_msgs/srv/detail/manage_lifecycle_nodes__rosidl_typesupport_fastrtps_cpp.hpp
[2.204s] -- Up-to-date: /home/jucy/ydlidar_ws_11_29/install/nav2_msgs/include/nav2_msgs/srv/detail/clear_entire_costmap__rosidl_typesupport_fastrtps_cpp.hpp
[2.204s] -- Up-to-date: /home/jucy/ydlidar_ws_11_29/install/nav2_msgs/include/nav2_msgs/srv/detail/clear_costmap_except_region__rosidl_typesupport_fastrtps_cpp.hpp
[2.205s] -- Up-to-date: /home/jucy/ydlidar_ws_11_29/install/nav2_msgs/include/nav2_msgs/srv/detail/save_map__rosidl_typesupport_fastrtps_cpp.hpp
[2.205s] -- Up-to-date: /home/jucy/ydlidar_ws_11_29/install/nav2_msgs/include/nav2_msgs/srv/detail/dds_fastrtps
[2.206s] -- Up-to-date: /home/jucy/ydlidar_ws_11_29/install/nav2_msgs/include/nav2_msgs/action
[2.206s] -- Up-to-date: /home/jucy/ydlidar_ws_11_29/install/nav2_msgs/include/nav2_msgs/action/detail
[2.207s] -- Up-to-date: /home/jucy/ydlidar_ws_11_29/install/nav2_msgs/include/nav2_msgs/action/detail/follow_waypoints__rosidl_typesupport_fastrtps_cpp.hpp
[2.207s] -- Up-to-date: /home/jucy/ydlidar_ws_11_29/install/nav2_msgs/include/nav2_msgs/action/detail/dummy_recovery__rosidl_typesupport_fastrtps_cpp.hpp
[2.207s] -- Up-to-date: /home/jucy/ydlidar_ws_11_29/install/nav2_msgs/include/nav2_msgs/action/detail/follow_path__rosidl_typesupport_fastrtps_cpp.hpp
[2.208s] -- Up-to-date: /home/jucy/ydlidar_ws_11_29/install/nav2_msgs/include/nav2_msgs/action/detail/compute_path_to_pose__rosidl_typesupport_fastrtps_cpp.hpp
[2.208s] -- Up-to-date: /home/jucy/ydlidar_ws_11_29/install/nav2_msgs/include/nav2_msgs/action/detail/spin__rosidl_typesupport_fastrtps_cpp.hpp
[2.208s] -- Up-to-date: /home/jucy/ydlidar_ws_11_29/install/nav2_msgs/include/nav2_msgs/action/detail/navigate_to_pose__rosidl_typesupport_fastrtps_cpp.hpp
[2.208s] -- Up-to-date: /home/jucy/ydlidar_ws_11_29/install/nav2_msgs/include/nav2_msgs/action/detail/back_up__rosidl_typesupport_fastrtps_cpp.hpp
[2.209s] -- Up-to-date: /home/jucy/ydlidar_ws_11_29/install/nav2_msgs/include/nav2_msgs/action/detail/wait__rosidl_typesupport_fastrtps_cpp.hpp
[2.209s] -- Up-to-date: /home/jucy/ydlidar_ws_11_29/install/nav2_msgs/include/nav2_msgs/action/detail/dds_fastrtps
[2.209s] -- Up-to-date: /home/jucy/ydlidar_ws_11_29/install/nav2_msgs/lib/libnav2_msgs__rosidl_typesupport_fastrtps_cpp.so
[2.209s] -- Up-to-date: /home/jucy/ydlidar_ws_11_29/install/nav2_msgs/include/nav2_msgs
[2.210s] -- Up-to-date: /home/jucy/ydlidar_ws_11_29/install/nav2_msgs/include/nav2_msgs/msg
[2.210s] -- Up-to-date: /home/jucy/ydlidar_ws_11_29/install/nav2_msgs/include/nav2_msgs/msg/rosidl_typesupport_introspection_c__visibility_control.h
[2.210s] -- Up-to-date: /home/jucy/ydlidar_ws_11_29/install/nav2_msgs/include/nav2_msgs/msg/detail
[2.210s] -- Up-to-date: /home/jucy/ydlidar_ws_11_29/install/nav2_msgs/include/nav2_msgs/msg/detail/costmap_meta_data__type_support.c
[2.210s] -- Up-to-date: /home/jucy/ydlidar_ws_11_29/install/nav2_msgs/include/nav2_msgs/msg/detail/particle__rosidl_typesupport_introspection_c.h
[2.211s] -- Up-to-date: /home/jucy/ydlidar_ws_11_29/install/nav2_msgs/include/nav2_msgs/msg/detail/behavior_tree_log__type_support.c
[2.211s] -- Up-to-date: /home/jucy/ydlidar_ws_11_29/install/nav2_msgs/include/nav2_msgs/msg/detail/particle_cloud__type_support.c
[2.211s] -- Up-to-date: /home/jucy/ydlidar_ws_11_29/install/nav2_msgs/include/nav2_msgs/msg/detail/particle_cloud__rosidl_typesupport_introspection_c.h
[2.211s] -- Up-to-date: /home/jucy/ydlidar_ws_11_29/install/nav2_msgs/include/nav2_msgs/msg/detail/costmap__rosidl_typesupport_introspection_c.h
[2.212s] -- Up-to-date: /home/jucy/ydlidar_ws_11_29/install/nav2_msgs/include/nav2_msgs/msg/detail/costmap_meta_data__rosidl_typesupport_introspection_c.h
[2.212s] -- Up-to-date: /home/jucy/ydlidar_ws_11_29/install/nav2_msgs/include/nav2_msgs/msg/detail/behavior_tree_status_change__rosidl_typesupport_introspection_c.h
[2.212s] -- Up-to-date: /home/jucy/ydlidar_ws_11_29/install/nav2_msgs/include/nav2_msgs/msg/detail/voxel_grid__rosidl_typesupport_introspection_c.h
[2.212s] -- Up-to-date: /home/jucy/ydlidar_ws_11_29/install/nav2_msgs/include/nav2_msgs/msg/detail/costmap__type_support.c
[2.213s] -- Up-to-date: /home/jucy/ydlidar_ws_11_29/install/nav2_msgs/include/nav2_msgs/msg/detail/behavior_tree_status_change__type_support.c
[2.213s] -- Up-to-date: /home/jucy/ydlidar_ws_11_29/install/nav2_msgs/include/nav2_msgs/msg/detail/behavior_tree_log__rosidl_typesupport_introspection_c.h
[2.213s] -- Up-to-date: /home/jucy/ydlidar_ws_11_29/install/nav2_msgs/include/nav2_msgs/msg/detail/particle__type_support.c
[2.213s] -- Up-to-date: /home/jucy/ydlidar_ws_11_29/install/nav2_msgs/include/nav2_msgs/msg/detail/voxel_grid__type_support.c
[2.214s] -- Up-to-date: /home/jucy/ydlidar_ws_11_29/install/nav2_msgs/include/nav2_msgs/srv
[2.214s] -- Up-to-date: /home/jucy/ydlidar_ws_11_29/install/nav2_msgs/include/nav2_msgs/srv/detail
[2.214s] -- Up-to-date: /home/jucy/ydlidar_ws_11_29/install/nav2_msgs/include/nav2_msgs/srv/detail/clear_entire_costmap__rosidl_typesupport_introspection_c.h
[2.214s] -- Up-to-date: /home/jucy/ydlidar_ws_11_29/install/nav2_msgs/include/nav2_msgs/srv/detail/save_map__rosidl_typesupport_introspection_c.h
[2.215s] -- Up-to-date: /home/jucy/ydlidar_ws_11_29/install/nav2_msgs/include/nav2_msgs/srv/detail/save_map__type_support.c
[2.215s] -- Up-to-date: /home/jucy/ydlidar_ws_11_29/install/nav2_msgs/include/nav2_msgs/srv/detail/manage_lifecycle_nodes__rosidl_typesupport_introspection_c.h
[2.215s] -- Up-to-date: /home/jucy/ydlidar_ws_11_29/install/nav2_msgs/include/nav2_msgs/srv/detail/manage_lifecycle_nodes__type_support.c
[2.215s] -- Up-to-date: /home/jucy/ydlidar_ws_11_29/install/nav2_msgs/include/nav2_msgs/srv/detail/clear_costmap_around_robot__rosidl_typesupport_introspection_c.h
[2.216s] -- Up-to-date: /home/jucy/ydlidar_ws_11_29/install/nav2_msgs/include/nav2_msgs/srv/detail/clear_costmap_except_region__rosidl_typesupport_introspection_c.h
[2.216s] -- Up-to-date: /home/jucy/ydlidar_ws_11_29/install/nav2_msgs/include/nav2_msgs/srv/detail/clear_costmap_except_region__type_support.c
[2.216s] -- Up-to-date: /home/jucy/ydlidar_ws_11_29/install/nav2_msgs/include/nav2_msgs/srv/detail/clear_entire_costmap__type_support.c
[2.216s] -- Up-to-date: /home/jucy/ydlidar_ws_11_29/install/nav2_msgs/include/nav2_msgs/srv/detail/load_map__type_support.c
[2.217s] -- Up-to-date: /home/jucy/ydlidar_ws_11_29/install/nav2_msgs/include/nav2_msgs/srv/detail/clear_costmap_around_robot__type_support.c
[2.217s] -- Up-to-date: /home/jucy/ydlidar_ws_11_29/install/nav2_msgs/include/nav2_msgs/srv/detail/get_costmap__rosidl_typesupport_introspection_c.h
[2.217s] -- Up-to-date: /home/jucy/ydlidar_ws_11_29/install/nav2_msgs/include/nav2_msgs/srv/detail/load_map__rosidl_typesupport_introspection_c.h
[2.217s] -- Up-to-date: /home/jucy/ydlidar_ws_11_29/install/nav2_msgs/include/nav2_msgs/srv/detail/get_costmap__type_support.c
[2.217s] -- Up-to-date: /home/jucy/ydlidar_ws_11_29/install/nav2_msgs/include/nav2_msgs/action
[2.218s] -- Up-to-date: /home/jucy/ydlidar_ws_11_29/install/nav2_msgs/include/nav2_msgs/action/detail
[2.218s] -- Up-to-date: /home/jucy/ydlidar_ws_11_29/install/nav2_msgs/include/nav2_msgs/action/detail/follow_waypoints__rosidl_typesupport_introspection_c.h
[2.218s] -- Up-to-date: /home/jucy/ydlidar_ws_11_29/install/nav2_msgs/include/nav2_msgs/action/detail/follow_path__rosidl_typesupport_introspection_c.h
[2.218s] -- Up-to-date: /home/jucy/ydlidar_ws_11_29/install/nav2_msgs/include/nav2_msgs/action/detail/dummy_recovery__type_support.c
[2.219s] -- Up-to-date: /home/jucy/ydlidar_ws_11_29/install/nav2_msgs/include/nav2_msgs/action/detail/wait__rosidl_typesupport_introspection_c.h
[2.219s] -- Up-to-date: /home/jucy/ydlidar_ws_11_29/install/nav2_msgs/include/nav2_msgs/action/detail/navigate_to_pose__type_support.c
[2.219s] -- Up-to-date: /home/jucy/ydlidar_ws_11_29/install/nav2_msgs/include/nav2_msgs/action/detail/compute_path_to_pose__type_support.c
[2.219s] -- Up-to-date: /home/jucy/ydlidar_ws_11_29/install/nav2_msgs/include/nav2_msgs/action/detail/follow_path__type_support.c
[2.220s] -- Up-to-date: /home/jucy/ydlidar_ws_11_29/install/nav2_msgs/include/nav2_msgs/action/detail/navigate_to_pose__rosidl_typesupport_introspection_c.h
[2.220s] -- Up-to-date: /home/jucy/ydlidar_ws_11_29/install/nav2_msgs/include/nav2_msgs/action/detail/dummy_recovery__rosidl_typesupport_introspection_c.h
[2.220s] -- Up-to-date: /home/jucy/ydlidar_ws_11_29/install/nav2_msgs/include/nav2_msgs/action/detail/spin__rosidl_typesupport_introspection_c.h
[2.220s] -- Up-to-date: /home/jucy/ydlidar_ws_11_29/install/nav2_msgs/include/nav2_msgs/action/detail/spin__type_support.c
[2.221s] -- Up-to-date: /home/jucy/ydlidar_ws_11_29/install/nav2_msgs/include/nav2_msgs/action/detail/back_up__rosidl_typesupport_introspection_c.h
[2.221s] -- Up-to-date: /home/jucy/ydlidar_ws_11_29/install/nav2_msgs/include/nav2_msgs/action/detail/follow_waypoints__type_support.c
[2.221s] -- Up-to-date: /home/jucy/ydlidar_ws_11_29/install/nav2_msgs/include/nav2_msgs/action/detail/back_up__type_support.c
[2.221s] -- Up-to-date: /home/jucy/ydlidar_ws_11_29/install/nav2_msgs/include/nav2_msgs/action/detail/compute_path_to_pose__rosidl_typesupport_introspection_c.h
[2.222s] -- Up-to-date: /home/jucy/ydlidar_ws_11_29/install/nav2_msgs/include/nav2_msgs/action/detail/wait__type_support.c
[2.286s] -- Up-to-date: /home/jucy/ydlidar_ws_11_29/install/nav2_msgs/lib/libnav2_msgs__rosidl_typesupport_introspection_c.so
[2.368s] -- Up-to-date: /home/jucy/ydlidar_ws_11_29/install/nav2_msgs/lib/libnav2_msgs__rosidl_typesupport_c.so
[2.369s] -- Up-to-date: /home/jucy/ydlidar_ws_11_29/install/nav2_msgs/include/nav2_msgs
[2.370s] -- Up-to-date: /home/jucy/ydlidar_ws_11_29/install/nav2_msgs/include/nav2_msgs/msg
[2.371s] -- Up-to-date: /home/jucy/ydlidar_ws_11_29/install/nav2_msgs/include/nav2_msgs/msg/costmap.hpp
[2.372s] -- Up-to-date: /home/jucy/ydlidar_ws_11_29/install/nav2_msgs/include/nav2_msgs/msg/costmap_meta_data.hpp
[2.373s] -- Up-to-date: /home/jucy/ydlidar_ws_11_29/install/nav2_msgs/include/nav2_msgs/msg/rosidl_generator_cpp__visibility_control.hpp
[2.374s] -- Up-to-date: /home/jucy/ydlidar_ws_11_29/install/nav2_msgs/include/nav2_msgs/msg/voxel_grid.hpp
[2.374s] -- Up-to-date: /home/jucy/ydlidar_ws_11_29/install/nav2_msgs/include/nav2_msgs/msg/behavior_tree_log.hpp
[2.375s] -- Up-to-date: /home/jucy/ydlidar_ws_11_29/install/nav2_msgs/include/nav2_msgs/msg/behavior_tree_status_change.hpp
[2.376s] -- Up-to-date: /home/jucy/ydlidar_ws_11_29/install/nav2_msgs/include/nav2_msgs/msg/detail
[2.377s] -- Up-to-date: /home/jucy/ydlidar_ws_11_29/install/nav2_msgs/include/nav2_msgs/msg/detail/voxel_grid__builder.hpp
[2.378s] -- Up-to-date: /home/jucy/ydlidar_ws_11_29/install/nav2_msgs/include/nav2_msgs/msg/detail/behavior_tree_status_change__struct.hpp
[2.378s] -- Up-to-date: /home/jucy/ydlidar_ws_11_29/install/nav2_msgs/include/nav2_msgs/msg/detail/particle__traits.hpp
[2.379s] -- Up-to-date: /home/jucy/ydlidar_ws_11_29/install/nav2_msgs/include/nav2_msgs/msg/detail/voxel_grid__traits.hpp
[2.380s] -- Up-to-date: /home/jucy/ydlidar_ws_11_29/install/nav2_msgs/include/nav2_msgs/msg/detail/particle__struct.hpp
[2.381s] -- Up-to-date: /home/jucy/ydlidar_ws_11_29/install/nav2_msgs/include/nav2_msgs/msg/detail/costmap_meta_data__struct.hpp
[2.382s] -- Up-to-date: /home/jucy/ydlidar_ws_11_29/install/nav2_msgs/include/nav2_msgs/msg/detail/particle_cloud__traits.hpp
[2.382s] -- Up-to-date: /home/jucy/ydlidar_ws_11_29/install/nav2_msgs/include/nav2_msgs/msg/detail/particle_cloud__type_support.hpp
[2.383s] -- Up-to-date: /home/jucy/ydlidar_ws_11_29/install/nav2_msgs/include/nav2_msgs/msg/detail/costmap_meta_data__traits.hpp
[2.384s] -- Up-to-date: /home/jucy/ydlidar_ws_11_29/install/nav2_msgs/include/nav2_msgs/msg/detail/costmap_meta_data__type_support.hpp
[2.385s] -- Up-to-date: /home/jucy/ydlidar_ws_11_29/install/nav2_msgs/include/nav2_msgs/msg/detail/particle__type_support.hpp
[2.386s] -- Up-to-date: /home/jucy/ydlidar_ws_11_29/install/nav2_msgs/include/nav2_msgs/msg/detail/voxel_grid__struct.hpp
[2.387s] -- Up-to-date: /home/jucy/ydlidar_ws_11_29/install/nav2_msgs/include/nav2_msgs/msg/detail/particle_cloud__struct.hpp
[2.388s] -- Up-to-date: /home/jucy/ydlidar_ws_11_29/install/nav2_msgs/include/nav2_msgs/msg/detail/behavior_tree_log__type_support.hpp
[2.391s] -- Up-to-date: /home/jucy/ydlidar_ws_11_29/install/nav2_msgs/include/nav2_msgs/msg/detail/voxel_grid__type_support.hpp
[2.392s] -- Up-to-date: /home/jucy/ydlidar_ws_11_29/install/nav2_msgs/include/nav2_msgs/msg/detail/behavior_tree_status_change__type_support.hpp
[2.393s] -- Up-to-date: /home/jucy/ydlidar_ws_11_29/install/nav2_msgs/include/nav2_msgs/msg/detail/costmap_meta_data__builder.hpp
[2.394s] -- Up-to-date: /home/jucy/ydlidar_ws_11_29/install/nav2_msgs/include/nav2_msgs/msg/detail/costmap__builder.hpp
[2.395s] -- Up-to-date: /home/jucy/ydlidar_ws_11_29/install/nav2_msgs/include/nav2_msgs/msg/detail/behavior_tree_log__traits.hpp
[2.396s] -- Up-to-date: /home/jucy/ydlidar_ws_11_29/install/nav2_msgs/include/nav2_msgs/msg/detail/particle_cloud__builder.hpp
[2.397s] -- Up-to-date: /home/jucy/ydlidar_ws_11_29/install/nav2_msgs/include/nav2_msgs/msg/detail/costmap__struct.hpp
[2.398s] -- Up-to-date: /home/jucy/ydlidar_ws_11_29/install/nav2_msgs/include/nav2_msgs/msg/detail/particle__builder.hpp
[2.398s] -- Up-to-date: /home/jucy/ydlidar_ws_11_29/install/nav2_msgs/include/nav2_msgs/msg/detail/costmap__traits.hpp
[2.398s] -- Up-to-date: /home/jucy/ydlidar_ws_11_29/install/nav2_msgs/include/nav2_msgs/msg/detail/behavior_tree_log__builder.hpp
[2.399s] -- Up-to-date: /home/jucy/ydlidar_ws_11_29/install/nav2_msgs/include/nav2_msgs/msg/detail/behavior_tree_status_change__builder.hpp
[2.399s] -- Up-to-date: /home/jucy/ydlidar_ws_11_29/install/nav2_msgs/include/nav2_msgs/msg/detail/behavior_tree_status_change__traits.hpp
[2.400s] -- Up-to-date: /home/jucy/ydlidar_ws_11_29/install/nav2_msgs/include/nav2_msgs/msg/detail/behavior_tree_log__struct.hpp
[2.400s] -- Up-to-date: /home/jucy/ydlidar_ws_11_29/install/nav2_msgs/include/nav2_msgs/msg/detail/costmap__type_support.hpp
[2.400s] -- Up-to-date: /home/jucy/ydlidar_ws_11_29/install/nav2_msgs/include/nav2_msgs/msg/particle_cloud.hpp
[2.400s] -- Up-to-date: /home/jucy/ydlidar_ws_11_29/install/nav2_msgs/include/nav2_msgs/msg/particle.hpp
[2.401s] -- Up-to-date: /home/jucy/ydlidar_ws_11_29/install/nav2_msgs/include/nav2_msgs/srv
[2.401s] -- Up-to-date: /home/jucy/ydlidar_ws_11_29/install/nav2_msgs/include/nav2_msgs/srv/load_map.hpp
[2.401s] -- Up-to-date: /home/jucy/ydlidar_ws_11_29/install/nav2_msgs/include/nav2_msgs/srv/manage_lifecycle_nodes.hpp
[2.401s] -- Up-to-date: /home/jucy/ydlidar_ws_11_29/install/nav2_msgs/include/nav2_msgs/srv/clear_costmap_except_region.hpp
[2.402s] -- Up-to-date: /home/jucy/ydlidar_ws_11_29/install/nav2_msgs/include/nav2_msgs/srv/save_map.hpp
[2.402s] -- Up-to-date: /home/jucy/ydlidar_ws_11_29/install/nav2_msgs/include/nav2_msgs/srv/clear_entire_costmap.hpp
[2.402s] -- Up-to-date: /home/jucy/ydlidar_ws_11_29/install/nav2_msgs/include/nav2_msgs/srv/detail
[2.402s] -- Up-to-date: /home/jucy/ydlidar_ws_11_29/install/nav2_msgs/include/nav2_msgs/srv/detail/manage_lifecycle_nodes__struct.hpp
[2.402s] -- Up-to-date: /home/jucy/ydlidar_ws_11_29/install/nav2_msgs/include/nav2_msgs/srv/detail/clear_entire_costmap__traits.hpp
[2.402s] -- Up-to-date: /home/jucy/ydlidar_ws_11_29/install/nav2_msgs/include/nav2_msgs/srv/detail/clear_entire_costmap__struct.hpp
[2.403s] -- Up-to-date: /home/jucy/ydlidar_ws_11_29/install/nav2_msgs/include/nav2_msgs/srv/detail/load_map__builder.hpp
[2.403s] -- Up-to-date: /home/jucy/ydlidar_ws_11_29/install/nav2_msgs/include/nav2_msgs/srv/detail/load_map__traits.hpp
[2.403s] -- Up-to-date: /home/jucy/ydlidar_ws_11_29/install/nav2_msgs/include/nav2_msgs/srv/detail/save_map__struct.hpp
[2.403s] -- Up-to-date: /home/jucy/ydlidar_ws_11_29/install/nav2_msgs/include/nav2_msgs/srv/detail/manage_lifecycle_nodes__builder.hpp
[2.403s] -- Up-to-date: /home/jucy/ydlidar_ws_11_29/install/nav2_msgs/include/nav2_msgs/srv/detail/get_costmap__builder.hpp
[2.404s] -- Up-to-date: /home/jucy/ydlidar_ws_11_29/install/nav2_msgs/include/nav2_msgs/srv/detail/clear_costmap_except_region__type_support.hpp
[2.404s] -- Up-to-date: /home/jucy/ydlidar_ws_11_29/install/nav2_msgs/include/nav2_msgs/srv/detail/clear_costmap_except_region__struct.hpp
[2.404s] -- Up-to-date: /home/jucy/ydlidar_ws_11_29/install/nav2_msgs/include/nav2_msgs/srv/detail/save_map__type_support.hpp
[2.404s] -- Up-to-date: /home/jucy/ydlidar_ws_11_29/install/nav2_msgs/include/nav2_msgs/srv/detail/load_map__type_support.hpp
[2.404s] -- Up-to-date: /home/jucy/ydlidar_ws_11_29/install/nav2_msgs/include/nav2_msgs/srv/detail/get_costmap__struct.hpp
[2.404s] -- Up-to-date: /home/jucy/ydlidar_ws_11_29/install/nav2_msgs/include/nav2_msgs/srv/detail/clear_costmap_around_robot__traits.hpp
[2.405s] -- Up-to-date: /home/jucy/ydlidar_ws_11_29/install/nav2_msgs/include/nav2_msgs/srv/detail/clear_costmap_around_robot__struct.hpp
[2.405s] -- Up-to-date: /home/jucy/ydlidar_ws_11_29/install/nav2_msgs/include/nav2_msgs/srv/detail/clear_costmap_around_robot__type_support.hpp
[2.405s] -- Up-to-date: /home/jucy/ydlidar_ws_11_29/install/nav2_msgs/include/nav2_msgs/srv/detail/load_map__struct.hpp
[2.405s] -- Up-to-date: /home/jucy/ydlidar_ws_11_29/install/nav2_msgs/include/nav2_msgs/srv/detail/get_costmap__traits.hpp
[2.405s] -- Up-to-date: /home/jucy/ydlidar_ws_11_29/install/nav2_msgs/include/nav2_msgs/srv/detail/manage_lifecycle_nodes__type_support.hpp
[2.406s] -- Up-to-date: /home/jucy/ydlidar_ws_11_29/install/nav2_msgs/include/nav2_msgs/srv/detail/clear_entire_costmap__builder.hpp
[2.406s] -- Up-to-date: /home/jucy/ydlidar_ws_11_29/install/nav2_msgs/include/nav2_msgs/srv/detail/get_costmap__type_support.hpp
[2.406s] -- Up-to-date: /home/jucy/ydlidar_ws_11_29/install/nav2_msgs/include/nav2_msgs/srv/detail/clear_costmap_except_region__builder.hpp
[2.406s] -- Up-to-date: /home/jucy/ydlidar_ws_11_29/install/nav2_msgs/include/nav2_msgs/srv/detail/clear_costmap_except_region__traits.hpp
[2.406s] -- Up-to-date: /home/jucy/ydlidar_ws_11_29/install/nav2_msgs/include/nav2_msgs/srv/detail/clear_costmap_around_robot__builder.hpp
[2.406s] -- Up-to-date: /home/jucy/ydlidar_ws_11_29/install/nav2_msgs/include/nav2_msgs/srv/detail/save_map__traits.hpp
[2.407s] -- Up-to-date: /home/jucy/ydlidar_ws_11_29/install/nav2_msgs/include/nav2_msgs/srv/detail/manage_lifecycle_nodes__traits.hpp
[2.407s] -- Up-to-date: /home/jucy/ydlidar_ws_11_29/install/nav2_msgs/include/nav2_msgs/srv/detail/save_map__builder.hpp
[2.407s] -- Up-to-date: /home/jucy/ydlidar_ws_11_29/install/nav2_msgs/include/nav2_msgs/srv/detail/clear_entire_costmap__type_support.hpp
[2.407s] -- Up-to-date: /home/jucy/ydlidar_ws_11_29/install/nav2_msgs/include/nav2_msgs/srv/clear_costmap_around_robot.hpp
[2.407s] -- Up-to-date: /home/jucy/ydlidar_ws_11_29/install/nav2_msgs/include/nav2_msgs/srv/get_costmap.hpp
[2.407s] -- Up-to-date: /home/jucy/ydlidar_ws_11_29/install/nav2_msgs/include/nav2_msgs/action
[2.407s] -- Up-to-date: /home/jucy/ydlidar_ws_11_29/install/nav2_msgs/include/nav2_msgs/action/follow_waypoints.hpp
[2.408s] -- Up-to-date: /home/jucy/ydlidar_ws_11_29/install/nav2_msgs/include/nav2_msgs/action/compute_path_to_pose.hpp
[2.408s] -- Up-to-date: /home/jucy/ydlidar_ws_11_29/install/nav2_msgs/include/nav2_msgs/action/spin.hpp
[2.408s] -- Up-to-date: /home/jucy/ydlidar_ws_11_29/install/nav2_msgs/include/nav2_msgs/action/wait.hpp
[2.408s] -- Up-to-date: /home/jucy/ydlidar_ws_11_29/install/nav2_msgs/include/nav2_msgs/action/back_up.hpp
[2.408s] -- Up-to-date: /home/jucy/ydlidar_ws_11_29/install/nav2_msgs/include/nav2_msgs/action/navigate_to_pose.hpp
[2.408s] -- Up-to-date: /home/jucy/ydlidar_ws_11_29/install/nav2_msgs/include/nav2_msgs/action/detail
[2.408s] -- Up-to-date: /home/jucy/ydlidar_ws_11_29/install/nav2_msgs/include/nav2_msgs/action/detail/wait__type_support.hpp
[2.408s] -- Up-to-date: /home/jucy/ydlidar_ws_11_29/install/nav2_msgs/include/nav2_msgs/action/detail/follow_path__builder.hpp
[2.409s] -- Up-to-date: /home/jucy/ydlidar_ws_11_29/install/nav2_msgs/include/nav2_msgs/action/detail/compute_path_to_pose__traits.hpp
[2.409s] -- Up-to-date: /home/jucy/ydlidar_ws_11_29/install/nav2_msgs/include/nav2_msgs/action/detail/spin__builder.hpp
[2.409s] -- Up-to-date: /home/jucy/ydlidar_ws_11_29/install/nav2_msgs/include/nav2_msgs/action/detail/dummy_recovery__type_support.hpp
[2.409s] -- Up-to-date: /home/jucy/ydlidar_ws_11_29/install/nav2_msgs/include/nav2_msgs/action/detail/compute_path_to_pose__builder.hpp
[2.409s] -- Up-to-date: /home/jucy/ydlidar_ws_11_29/install/nav2_msgs/include/nav2_msgs/action/detail/dummy_recovery__struct.hpp
[2.409s] -- Up-to-date: /home/jucy/ydlidar_ws_11_29/install/nav2_msgs/include/nav2_msgs/action/detail/compute_path_to_pose__struct.hpp
[2.409s] -- Up-to-date: /home/jucy/ydlidar_ws_11_29/install/nav2_msgs/include/nav2_msgs/action/detail/wait__struct.hpp
[2.409s] -- Up-to-date: /home/jucy/ydlidar_ws_11_29/install/nav2_msgs/include/nav2_msgs/action/detail/follow_waypoints__builder.hpp
[2.410s] -- Up-to-date: /home/jucy/ydlidar_ws_11_29/install/nav2_msgs/include/nav2_msgs/action/detail/dummy_recovery__builder.hpp
[2.410s] -- Up-to-date: /home/jucy/ydlidar_ws_11_29/install/nav2_msgs/include/nav2_msgs/action/detail/dummy_recovery__traits.hpp
[2.410s] -- Up-to-date: /home/jucy/ydlidar_ws_11_29/install/nav2_msgs/include/nav2_msgs/action/detail/navigate_to_pose__type_support.hpp
[2.410s] -- Up-to-date: /home/jucy/ydlidar_ws_11_29/install/nav2_msgs/include/nav2_msgs/action/detail/follow_waypoints__type_support.hpp
[2.410s] -- Up-to-date: /home/jucy/ydlidar_ws_11_29/install/nav2_msgs/include/nav2_msgs/action/detail/navigate_to_pose__builder.hpp
[2.410s] -- Up-to-date: /home/jucy/ydlidar_ws_11_29/install/nav2_msgs/include/nav2_msgs/action/detail/follow_path__traits.hpp
[2.410s] -- Up-to-date: /home/jucy/ydlidar_ws_11_29/install/nav2_msgs/include/nav2_msgs/action/detail/spin__traits.hpp
[2.411s] -- Up-to-date: /home/jucy/ydlidar_ws_11_29/install/nav2_msgs/include/nav2_msgs/action/detail/compute_path_to_pose__type_support.hpp
[2.411s] -- Up-to-date: /home/jucy/ydlidar_ws_11_29/install/nav2_msgs/include/nav2_msgs/action/detail/follow_waypoints__struct.hpp
[2.411s] -- Up-to-date: /home/jucy/ydlidar_ws_11_29/install/nav2_msgs/include/nav2_msgs/action/detail/back_up__builder.hpp
[2.411s] -- Up-to-date: /home/jucy/ydlidar_ws_11_29/install/nav2_msgs/include/nav2_msgs/action/detail/spin__type_support.hpp
[2.411s] -- Up-to-date: /home/jucy/ydlidar_ws_11_29/install/nav2_msgs/include/nav2_msgs/action/detail/follow_path__type_support.hpp
[2.411s] -- Up-to-date: /home/jucy/ydlidar_ws_11_29/install/nav2_msgs/include/nav2_msgs/action/detail/navigate_to_pose__traits.hpp
[2.411s] -- Up-to-date: /home/jucy/ydlidar_ws_11_29/install/nav2_msgs/include/nav2_msgs/action/detail/back_up__struct.hpp
[2.411s] -- Up-to-date: /home/jucy/ydlidar_ws_11_29/install/nav2_msgs/include/nav2_msgs/action/detail/spin__struct.hpp
[2.412s] -- Up-to-date: /home/jucy/ydlidar_ws_11_29/install/nav2_msgs/include/nav2_msgs/action/detail/wait__builder.hpp
[2.412s] -- Up-to-date: /home/jucy/ydlidar_ws_11_29/install/nav2_msgs/include/nav2_msgs/action/detail/wait__traits.hpp
[2.412s] -- Up-to-date: /home/jucy/ydlidar_ws_11_29/install/nav2_msgs/include/nav2_msgs/action/detail/follow_path__struct.hpp
[2.412s] -- Up-to-date: /home/jucy/ydlidar_ws_11_29/install/nav2_msgs/include/nav2_msgs/action/detail/back_up__traits.hpp
[2.412s] -- Up-to-date: /home/jucy/ydlidar_ws_11_29/install/nav2_msgs/include/nav2_msgs/action/detail/follow_waypoints__traits.hpp
[2.412s] -- Up-to-date: /home/jucy/ydlidar_ws_11_29/install/nav2_msgs/include/nav2_msgs/action/detail/navigate_to_pose__struct.hpp
[2.412s] -- Up-to-date: /home/jucy/ydlidar_ws_11_29/install/nav2_msgs/include/nav2_msgs/action/detail/back_up__type_support.hpp
[2.412s] -- Up-to-date: /home/jucy/ydlidar_ws_11_29/install/nav2_msgs/include/nav2_msgs/action/follow_path.hpp
[2.412s] -- Up-to-date: /home/jucy/ydlidar_ws_11_29/install/nav2_msgs/include/nav2_msgs/action/dummy_recovery.hpp
[2.413s] -- Up-to-date: /home/jucy/ydlidar_ws_11_29/install/nav2_msgs/include/nav2_msgs
[2.413s] -- Up-to-date: /home/jucy/ydlidar_ws_11_29/install/nav2_msgs/include/nav2_msgs/msg
[2.413s] -- Up-to-date: /home/jucy/ydlidar_ws_11_29/install/nav2_msgs/include/nav2_msgs/msg/detail
[2.413s] -- Up-to-date: /home/jucy/ydlidar_ws_11_29/install/nav2_msgs/include/nav2_msgs/msg/detail/particle__type_support.cpp
[2.413s] -- Up-to-date: /home/jucy/ydlidar_ws_11_29/install/nav2_msgs/include/nav2_msgs/msg/detail/particle_cloud__rosidl_typesupport_introspection_cpp.hpp
[2.413s] -- Up-to-date: /home/jucy/ydlidar_ws_11_29/install/nav2_msgs/include/nav2_msgs/msg/detail/behavior_tree_log__type_support.cpp
[2.413s] -- Up-to-date: /home/jucy/ydlidar_ws_11_29/install/nav2_msgs/include/nav2_msgs/msg/detail/voxel_grid__rosidl_typesupport_introspection_cpp.hpp
[2.413s] -- Up-to-date: /home/jucy/ydlidar_ws_11_29/install/nav2_msgs/include/nav2_msgs/msg/detail/costmap_meta_data__rosidl_typesupport_introspection_cpp.hpp
[2.413s] -- Up-to-date: /home/jucy/ydlidar_ws_11_29/install/nav2_msgs/include/nav2_msgs/msg/detail/costmap__rosidl_typesupport_introspection_cpp.hpp
[2.413s] -- Up-to-date: /home/jucy/ydlidar_ws_11_29/install/nav2_msgs/include/nav2_msgs/msg/detail/voxel_grid__type_support.cpp
[2.414s] -- Up-to-date: /home/jucy/ydlidar_ws_11_29/install/nav2_msgs/include/nav2_msgs/msg/detail/costmap__type_support.cpp
[2.414s] -- Up-to-date: /home/jucy/ydlidar_ws_11_29/install/nav2_msgs/include/nav2_msgs/msg/detail/particle__rosidl_typesupport_introspection_cpp.hpp
[2.414s] -- Up-to-date: /home/jucy/ydlidar_ws_11_29/install/nav2_msgs/include/nav2_msgs/msg/detail/behavior_tree_status_change__type_support.cpp
[2.414s] -- Up-to-date: /home/jucy/ydlidar_ws_11_29/install/nav2_msgs/include/nav2_msgs/msg/detail/behavior_tree_status_change__rosidl_typesupport_introspection_cpp.hpp
[2.414s] -- Up-to-date: /home/jucy/ydlidar_ws_11_29/install/nav2_msgs/include/nav2_msgs/msg/detail/costmap_meta_data__type_support.cpp
[2.414s] -- Up-to-date: /home/jucy/ydlidar_ws_11_29/install/nav2_msgs/include/nav2_msgs/msg/detail/behavior_tree_log__rosidl_typesupport_introspection_cpp.hpp
[2.414s] -- Up-to-date: /home/jucy/ydlidar_ws_11_29/install/nav2_msgs/include/nav2_msgs/msg/detail/particle_cloud__type_support.cpp
[2.414s] -- Up-to-date: /home/jucy/ydlidar_ws_11_29/install/nav2_msgs/include/nav2_msgs/srv
[2.414s] -- Up-to-date: /home/jucy/ydlidar_ws_11_29/install/nav2_msgs/include/nav2_msgs/srv/detail
[2.415s] -- Up-to-date: /home/jucy/ydlidar_ws_11_29/install/nav2_msgs/include/nav2_msgs/srv/detail/load_map__rosidl_typesupport_introspection_cpp.hpp
[2.415s] -- Up-to-date: /home/jucy/ydlidar_ws_11_29/install/nav2_msgs/include/nav2_msgs/srv/detail/clear_costmap_except_region__type_support.cpp
[2.415s] -- Up-to-date: /home/jucy/ydlidar_ws_11_29/install/nav2_msgs/include/nav2_msgs/srv/detail/manage_lifecycle_nodes__type_support.cpp
[2.415s] -- Up-to-date: /home/jucy/ydlidar_ws_11_29/install/nav2_msgs/include/nav2_msgs/srv/detail/clear_costmap_around_robot__type_support.cpp
[2.415s] -- Up-to-date: /home/jucy/ydlidar_ws_11_29/install/nav2_msgs/include/nav2_msgs/srv/detail/get_costmap__rosidl_typesupport_introspection_cpp.hpp
[2.415s] -- Up-to-date: /home/jucy/ydlidar_ws_11_29/install/nav2_msgs/include/nav2_msgs/srv/detail/get_costmap__type_support.cpp
[2.415s] -- Up-to-date: /home/jucy/ydlidar_ws_11_29/install/nav2_msgs/include/nav2_msgs/srv/detail/save_map__rosidl_typesupport_introspection_cpp.hpp
[2.415s] -- Up-to-date: /home/jucy/ydlidar_ws_11_29/install/nav2_msgs/include/nav2_msgs/srv/detail/clear_entire_costmap__type_support.cpp
[2.415s] -- Up-to-date: /home/jucy/ydlidar_ws_11_29/install/nav2_msgs/include/nav2_msgs/srv/detail/clear_costmap_around_robot__rosidl_typesupport_introspection_cpp.hpp
[2.416s] -- Up-to-date: /home/jucy/ydlidar_ws_11_29/install/nav2_msgs/include/nav2_msgs/srv/detail/load_map__type_support.cpp
[2.416s] -- Up-to-date: /home/jucy/ydlidar_ws_11_29/install/nav2_msgs/include/nav2_msgs/srv/detail/clear_costmap_except_region__rosidl_typesupport_introspection_cpp.hpp
[2.416s] -- Up-to-date: /home/jucy/ydlidar_ws_11_29/install/nav2_msgs/include/nav2_msgs/srv/detail/clear_entire_costmap__rosidl_typesupport_introspection_cpp.hpp
[2.416s] -- Up-to-date: /home/jucy/ydlidar_ws_11_29/install/nav2_msgs/include/nav2_msgs/srv/detail/manage_lifecycle_nodes__rosidl_typesupport_introspection_cpp.hpp
[2.416s] -- Up-to-date: /home/jucy/ydlidar_ws_11_29/install/nav2_msgs/include/nav2_msgs/srv/detail/save_map__type_support.cpp
[2.416s] -- Up-to-date: /home/jucy/ydlidar_ws_11_29/install/nav2_msgs/include/nav2_msgs/action
[2.416s] -- Up-to-date: /home/jucy/ydlidar_ws_11_29/install/nav2_msgs/include/nav2_msgs/action/detail
[2.416s] -- Up-to-date: /home/jucy/ydlidar_ws_11_29/install/nav2_msgs/include/nav2_msgs/action/detail/back_up__type_support.cpp
[2.416s] -- Up-to-date: /home/jucy/ydlidar_ws_11_29/install/nav2_msgs/include/nav2_msgs/action/detail/compute_path_to_pose__type_support.cpp
[2.416s] -- Up-to-date: /home/jucy/ydlidar_ws_11_29/install/nav2_msgs/include/nav2_msgs/action/detail/spin__rosidl_typesupport_introspection_cpp.hpp
[2.417s] -- Up-to-date: /home/jucy/ydlidar_ws_11_29/install/nav2_msgs/include/nav2_msgs/action/detail/spin__type_support.cpp
[2.417s] -- Up-to-date: /home/jucy/ydlidar_ws_11_29/install/nav2_msgs/include/nav2_msgs/action/detail/follow_path__rosidl_typesupport_introspection_cpp.hpp
[2.417s] -- Up-to-date: /home/jucy/ydlidar_ws_11_29/install/nav2_msgs/include/nav2_msgs/action/detail/navigate_to_pose__type_support.cpp
[2.417s] -- Up-to-date: /home/jucy/ydlidar_ws_11_29/install/nav2_msgs/include/nav2_msgs/action/detail/dummy_recovery__type_support.cpp
[2.417s] -- Up-to-date: /home/jucy/ydlidar_ws_11_29/install/nav2_msgs/include/nav2_msgs/action/detail/wait__type_support.cpp
[2.417s] -- Up-to-date: /home/jucy/ydlidar_ws_11_29/install/nav2_msgs/include/nav2_msgs/action/detail/follow_path__type_support.cpp
[2.417s] -- Up-to-date: /home/jucy/ydlidar_ws_11_29/install/nav2_msgs/include/nav2_msgs/action/detail/dummy_recovery__rosidl_typesupport_introspection_cpp.hpp
[2.417s] -- Up-to-date: /home/jucy/ydlidar_ws_11_29/install/nav2_msgs/include/nav2_msgs/action/detail/follow_waypoints__type_support.cpp
[2.417s] -- Up-to-date: /home/jucy/ydlidar_ws_11_29/install/nav2_msgs/include/nav2_msgs/action/detail/wait__rosidl_typesupport_introspection_cpp.hpp
[2.417s] -- Up-to-date: /home/jucy/ydlidar_ws_11_29/install/nav2_msgs/include/nav2_msgs/action/detail/follow_waypoints__rosidl_typesupport_introspection_cpp.hpp
[2.417s] -- Up-to-date: /home/jucy/ydlidar_ws_11_29/install/nav2_msgs/include/nav2_msgs/action/detail/back_up__rosidl_typesupport_introspection_cpp.hpp
[2.418s] -- Up-to-date: /home/jucy/ydlidar_ws_11_29/install/nav2_msgs/include/nav2_msgs/action/detail/navigate_to_pose__rosidl_typesupport_introspection_cpp.hpp
[2.418s] -- Up-to-date: /home/jucy/ydlidar_ws_11_29/install/nav2_msgs/include/nav2_msgs/action/detail/compute_path_to_pose__rosidl_typesupport_introspection_cpp.hpp
[2.575s] -- Up-to-date: /home/jucy/ydlidar_ws_11_29/install/nav2_msgs/lib/libnav2_msgs__rosidl_typesupport_introspection_cpp.so
[2.585s] -- Up-to-date: /home/jucy/ydlidar_ws_11_29/install/nav2_msgs/lib/libnav2_msgs__rosidl_typesupport_cpp.so
[2.585s] -- Up-to-date: /home/jucy/ydlidar_ws_11_29/install/nav2_msgs/share/nav2_msgs/environment/pythonpath.sh
[2.585s] -- Up-to-date: /home/jucy/ydlidar_ws_11_29/install/nav2_msgs/share/nav2_msgs/environment/pythonpath.dsv
[2.586s] -- Up-to-date: /home/jucy/ydlidar_ws_11_29/install/nav2_msgs/lib/python3.8/site-packages/nav2_msgs/__init__.py
[2.689s] -- Up-to-date: /home/jucy/ydlidar_ws_11_29/install/nav2_msgs/lib/python3.8/site-packages/nav2_msgs/msg
[2.689s] -- Up-to-date: /home/jucy/ydlidar_ws_11_29/install/nav2_msgs/lib/python3.8/site-packages/nav2_msgs/msg/_costmap_s.c
[2.689s] -- Up-to-date: /home/jucy/ydlidar_ws_11_29/install/nav2_msgs/lib/python3.8/site-packages/nav2_msgs/msg/_costmap.py
[2.689s] -- Up-to-date: /home/jucy/ydlidar_ws_11_29/install/nav2_msgs/lib/python3.8/site-packages/nav2_msgs/msg/_particle_s.c
[2.690s] -- Up-to-date: /home/jucy/ydlidar_ws_11_29/install/nav2_msgs/lib/python3.8/site-packages/nav2_msgs/msg/_voxel_grid_s.c
[2.690s] -- Up-to-date: /home/jucy/ydlidar_ws_11_29/install/nav2_msgs/lib/python3.8/site-packages/nav2_msgs/msg/_costmap_meta_data.py
[2.691s] -- Up-to-date: /home/jucy/ydlidar_ws_11_29/install/nav2_msgs/lib/python3.8/site-packages/nav2_msgs/msg/_costmap_meta_data_s.c
[2.691s] -- Up-to-date: /home/jucy/ydlidar_ws_11_29/install/nav2_msgs/lib/python3.8/site-packages/nav2_msgs/msg/_behavior_tree_status_change_s.c
[2.691s] -- Up-to-date: /home/jucy/ydlidar_ws_11_29/install/nav2_msgs/lib/python3.8/site-packages/nav2_msgs/msg/_behavior_tree_status_change.py
[2.691s] -- Up-to-date: /home/jucy/ydlidar_ws_11_29/install/nav2_msgs/lib/python3.8/site-packages/nav2_msgs/msg/_behavior_tree_log.py
[2.692s] -- Up-to-date: /home/jucy/ydlidar_ws_11_29/install/nav2_msgs/lib/python3.8/site-packages/nav2_msgs/msg/_voxel_grid.py
[2.693s] -- Up-to-date: /home/jucy/ydlidar_ws_11_29/install/nav2_msgs/lib/python3.8/site-packages/nav2_msgs/msg/__init__.py
[2.693s] -- Up-to-date: /home/jucy/ydlidar_ws_11_29/install/nav2_msgs/lib/python3.8/site-packages/nav2_msgs/msg/_particle.py
[2.693s] -- Up-to-date: /home/jucy/ydlidar_ws_11_29/install/nav2_msgs/lib/python3.8/site-packages/nav2_msgs/msg/_particle_cloud.py
[2.693s] -- Up-to-date: /home/jucy/ydlidar_ws_11_29/install/nav2_msgs/lib/python3.8/site-packages/nav2_msgs/msg/_behavior_tree_log_s.c
[2.693s] -- Up-to-date: /home/jucy/ydlidar_ws_11_29/install/nav2_msgs/lib/python3.8/site-packages/nav2_msgs/msg/_particle_cloud_s.c
[2.693s] -- Up-to-date: /home/jucy/ydlidar_ws_11_29/install/nav2_msgs/lib/python3.8/site-packages/nav2_msgs/srv
[2.693s] -- Up-to-date: /home/jucy/ydlidar_ws_11_29/install/nav2_msgs/lib/python3.8/site-packages/nav2_msgs/srv/_clear_costmap_except_region.py
[2.693s] -- Up-to-date: /home/jucy/ydlidar_ws_11_29/install/nav2_msgs/lib/python3.8/site-packages/nav2_msgs/srv/_load_map_s.c
[2.693s] -- Up-to-date: /home/jucy/ydlidar_ws_11_29/install/nav2_msgs/lib/python3.8/site-packages/nav2_msgs/srv/_clear_costmap_around_robot_s.c
[2.693s] -- Up-to-date: /home/jucy/ydlidar_ws_11_29/install/nav2_msgs/lib/python3.8/site-packages/nav2_msgs/srv/_clear_costmap_except_region_s.c
[2.693s] -- Up-to-date: /home/jucy/ydlidar_ws_11_29/install/nav2_msgs/lib/python3.8/site-packages/nav2_msgs/srv/_clear_costmap_around_robot.py
[2.693s] -- Up-to-date: /home/jucy/ydlidar_ws_11_29/install/nav2_msgs/lib/python3.8/site-packages/nav2_msgs/srv/_load_map.py
[2.693s] -- Up-to-date: /home/jucy/ydlidar_ws_11_29/install/nav2_msgs/lib/python3.8/site-packages/nav2_msgs/srv/_clear_entire_costmap.py
[2.693s] -- Up-to-date: /home/jucy/ydlidar_ws_11_29/install/nav2_msgs/lib/python3.8/site-packages/nav2_msgs/srv/_clear_entire_costmap_s.c
[2.693s] -- Up-to-date: /home/jucy/ydlidar_ws_11_29/install/nav2_msgs/lib/python3.8/site-packages/nav2_msgs/srv/__init__.py
[2.693s] -- Up-to-date: /home/jucy/ydlidar_ws_11_29/install/nav2_msgs/lib/python3.8/site-packages/nav2_msgs/srv/_save_map_s.c
[2.693s] -- Up-to-date: /home/jucy/ydlidar_ws_11_29/install/nav2_msgs/lib/python3.8/site-packages/nav2_msgs/srv/_manage_lifecycle_nodes_s.c
[2.693s] -- Up-to-date: /home/jucy/ydlidar_ws_11_29/install/nav2_msgs/lib/python3.8/site-packages/nav2_msgs/srv/_save_map.py
[2.694s] -- Up-to-date: /home/jucy/ydlidar_ws_11_29/install/nav2_msgs/lib/python3.8/site-packages/nav2_msgs/srv/_manage_lifecycle_nodes.py
[2.694s] -- Up-to-date: /home/jucy/ydlidar_ws_11_29/install/nav2_msgs/lib/python3.8/site-packages/nav2_msgs/srv/_get_costmap.py
[2.694s] -- Up-to-date: /home/jucy/ydlidar_ws_11_29/install/nav2_msgs/lib/python3.8/site-packages/nav2_msgs/srv/_get_costmap_s.c
[2.694s] -- Up-to-date: /home/jucy/ydlidar_ws_11_29/install/nav2_msgs/lib/python3.8/site-packages/nav2_msgs/action
[2.694s] -- Up-to-date: /home/jucy/ydlidar_ws_11_29/install/nav2_msgs/lib/python3.8/site-packages/nav2_msgs/action/_follow_waypoints.py
[2.694s] -- Up-to-date: /home/jucy/ydlidar_ws_11_29/install/nav2_msgs/lib/python3.8/site-packages/nav2_msgs/action/_spin_s.c
[2.694s] -- Up-to-date: /home/jucy/ydlidar_ws_11_29/install/nav2_msgs/lib/python3.8/site-packages/nav2_msgs/action/_back_up_s.c
[2.695s] -- Up-to-date: /home/jucy/ydlidar_ws_11_29/install/nav2_msgs/lib/python3.8/site-packages/nav2_msgs/action/_wait_s.c
[2.695s] -- Up-to-date: /home/jucy/ydlidar_ws_11_29/install/nav2_msgs/lib/python3.8/site-packages/nav2_msgs/action/_follow_path.py
[2.695s] -- Up-to-date: /home/jucy/ydlidar_ws_11_29/install/nav2_msgs/lib/python3.8/site-packages/nav2_msgs/action/_compute_path_to_pose_s.c
[2.695s] -- Up-to-date: /home/jucy/ydlidar_ws_11_29/install/nav2_msgs/lib/python3.8/site-packages/nav2_msgs/action/_follow_waypoints_s.c
[2.695s] -- Up-to-date: /home/jucy/ydlidar_ws_11_29/install/nav2_msgs/lib/python3.8/site-packages/nav2_msgs/action/_wait.py
[2.695s] -- Up-to-date: /home/jucy/ydlidar_ws_11_29/install/nav2_msgs/lib/python3.8/site-packages/nav2_msgs/action/_navigate_to_pose_s.c
[2.695s] -- Up-to-date: /home/jucy/ydlidar_ws_11_29/install/nav2_msgs/lib/python3.8/site-packages/nav2_msgs/action/_navigate_to_pose.py
[2.695s] -- Up-to-date: /home/jucy/ydlidar_ws_11_29/install/nav2_msgs/lib/python3.8/site-packages/nav2_msgs/action/_back_up.py
[2.695s] -- Up-to-date: /home/jucy/ydlidar_ws_11_29/install/nav2_msgs/lib/python3.8/site-packages/nav2_msgs/action/__init__.py
[2.695s] -- Up-to-date: /home/jucy/ydlidar_ws_11_29/install/nav2_msgs/lib/python3.8/site-packages/nav2_msgs/action/_follow_path_s.c
[2.695s] -- Up-to-date: /home/jucy/ydlidar_ws_11_29/install/nav2_msgs/lib/python3.8/site-packages/nav2_msgs/action/_compute_path_to_pose.py
[2.695s] -- Up-to-date: /home/jucy/ydlidar_ws_11_29/install/nav2_msgs/lib/python3.8/site-packages/nav2_msgs/action/_spin.py
[2.695s] -- Up-to-date: /home/jucy/ydlidar_ws_11_29/install/nav2_msgs/lib/python3.8/site-packages/nav2_msgs/action/_dummy_recovery.py
[2.695s] -- Up-to-date: /home/jucy/ydlidar_ws_11_29/install/nav2_msgs/lib/python3.8/site-packages/nav2_msgs/action/_dummy_recovery_s.c
[2.697s] -- Up-to-date: /home/jucy/ydlidar_ws_11_29/install/nav2_msgs/lib/python3.8/site-packages/nav2_msgs/nav2_msgs_s__rosidl_typesupport_fastrtps_c.cpython-38-x86_64-linux-gnu.so
[2.749s] -- Up-to-date: /home/jucy/ydlidar_ws_11_29/install/nav2_msgs/lib/python3.8/site-packages/nav2_msgs/nav2_msgs_s__rosidl_typesupport_introspection_c.cpython-38-x86_64-linux-gnu.so
[2.774s] -- Up-to-date: /home/jucy/ydlidar_ws_11_29/install/nav2_msgs/lib/python3.8/site-packages/nav2_msgs/nav2_msgs_s__rosidl_typesupport_c.cpython-38-x86_64-linux-gnu.so
[2.906s] -- Up-to-date: /home/jucy/ydlidar_ws_11_29/install/nav2_msgs/lib/libnav2_msgs__python.so
[2.908s] -- Up-to-date: /home/jucy/ydlidar_ws_11_29/install/nav2_msgs/share/nav2_msgs/msg/Costmap.idl
[2.908s] -- Up-to-date: /home/jucy/ydlidar_ws_11_29/install/nav2_msgs/share/nav2_msgs/msg/CostmapMetaData.idl
[2.908s] -- Up-to-date: /home/jucy/ydlidar_ws_11_29/install/nav2_msgs/share/nav2_msgs/msg/VoxelGrid.idl
[2.909s] -- Up-to-date: /home/jucy/ydlidar_ws_11_29/install/nav2_msgs/share/nav2_msgs/msg/BehaviorTreeStatusChange.idl
[2.909s] -- Up-to-date: /home/jucy/ydlidar_ws_11_29/install/nav2_msgs/share/nav2_msgs/msg/BehaviorTreeLog.idl
[2.909s] -- Up-to-date: /home/jucy/ydlidar_ws_11_29/install/nav2_msgs/share/nav2_msgs/msg/Particle.idl
[2.909s] -- Up-to-date: /home/jucy/ydlidar_ws_11_29/install/nav2_msgs/share/nav2_msgs/msg/ParticleCloud.idl
[2.913s] -- Up-to-date: /home/jucy/ydlidar_ws_11_29/install/nav2_msgs/share/nav2_msgs/srv/GetCostmap.idl
[2.913s] -- Up-to-date: /home/jucy/ydlidar_ws_11_29/install/nav2_msgs/share/nav2_msgs/srv/ClearCostmapExceptRegion.idl
[2.913s] -- Up-to-date: /home/jucy/ydlidar_ws_11_29/install/nav2_msgs/share/nav2_msgs/srv/ClearCostmapAroundRobot.idl
[2.914s] -- Up-to-date: /home/jucy/ydlidar_ws_11_29/install/nav2_msgs/share/nav2_msgs/srv/ClearEntireCostmap.idl
[2.914s] -- Up-to-date: /home/jucy/ydlidar_ws_11_29/install/nav2_msgs/share/nav2_msgs/srv/ManageLifecycleNodes.idl
[2.914s] -- Up-to-date: /home/jucy/ydlidar_ws_11_29/install/nav2_msgs/share/nav2_msgs/srv/LoadMap.idl
[2.914s] -- Up-to-date: /home/jucy/ydlidar_ws_11_29/install/nav2_msgs/share/nav2_msgs/srv/SaveMap.idl
[2.918s] -- Up-to-date: /home/jucy/ydlidar_ws_11_29/install/nav2_msgs/share/nav2_msgs/action/BackUp.idl
[2.918s] -- Up-to-date: /home/jucy/ydlidar_ws_11_29/install/nav2_msgs/share/nav2_msgs/action/ComputePathToPose.idl
[2.918s] -- Up-to-date: /home/jucy/ydlidar_ws_11_29/install/nav2_msgs/share/nav2_msgs/action/FollowPath.idl
[2.918s] -- Up-to-date: /home/jucy/ydlidar_ws_11_29/install/nav2_msgs/share/nav2_msgs/action/NavigateToPose.idl
[2.919s] -- Up-to-date: /home/jucy/ydlidar_ws_11_29/install/nav2_msgs/share/nav2_msgs/action/Wait.idl
[2.919s] -- Up-to-date: /home/jucy/ydlidar_ws_11_29/install/nav2_msgs/share/nav2_msgs/action/Spin.idl
[2.919s] -- Up-to-date: /home/jucy/ydlidar_ws_11_29/install/nav2_msgs/share/nav2_msgs/action/DummyRecovery.idl
[2.920s] -- Up-to-date: /home/jucy/ydlidar_ws_11_29/install/nav2_msgs/share/nav2_msgs/action/FollowWaypoints.idl
[2.920s] -- Up-to-date: /home/jucy/ydlidar_ws_11_29/install/nav2_msgs/share/nav2_msgs/msg/Costmap.msg
[2.920s] -- Up-to-date: /home/jucy/ydlidar_ws_11_29/install/nav2_msgs/share/nav2_msgs/msg/CostmapMetaData.msg
[2.920s] -- Up-to-date: /home/jucy/ydlidar_ws_11_29/install/nav2_msgs/share/nav2_msgs/msg/VoxelGrid.msg
[2.920s] -- Up-to-date: /home/jucy/ydlidar_ws_11_29/install/nav2_msgs/share/nav2_msgs/msg/BehaviorTreeStatusChange.msg
[2.921s] -- Up-to-date: /home/jucy/ydlidar_ws_11_29/install/nav2_msgs/share/nav2_msgs/msg/BehaviorTreeLog.msg
[2.921s] -- Up-to-date: /home/jucy/ydlidar_ws_11_29/install/nav2_msgs/share/nav2_msgs/msg/Particle.msg
[2.921s] -- Up-to-date: /home/jucy/ydlidar_ws_11_29/install/nav2_msgs/share/nav2_msgs/msg/ParticleCloud.msg
[2.921s] -- Up-to-date: /home/jucy/ydlidar_ws_11_29/install/nav2_msgs/share/nav2_msgs/srv/GetCostmap.srv
[2.922s] -- Up-to-date: /home/jucy/ydlidar_ws_11_29/install/nav2_msgs/share/nav2_msgs/srv/GetCostmap_Request.msg
[2.922s] -- Up-to-date: /home/jucy/ydlidar_ws_11_29/install/nav2_msgs/share/nav2_msgs/srv/GetCostmap_Response.msg
[2.922s] -- Up-to-date: /home/jucy/ydlidar_ws_11_29/install/nav2_msgs/share/nav2_msgs/srv/ClearCostmapExceptRegion.srv
[2.922s] -- Up-to-date: /home/jucy/ydlidar_ws_11_29/install/nav2_msgs/share/nav2_msgs/srv/ClearCostmapExceptRegion_Request.msg
[2.922s] -- Up-to-date: /home/jucy/ydlidar_ws_11_29/install/nav2_msgs/share/nav2_msgs/srv/ClearCostmapExceptRegion_Response.msg
[2.923s] -- Up-to-date: /home/jucy/ydlidar_ws_11_29/install/nav2_msgs/share/nav2_msgs/srv/ClearCostmapAroundRobot.srv
[2.923s] -- Up-to-date: /home/jucy/ydlidar_ws_11_29/install/nav2_msgs/share/nav2_msgs/srv/ClearCostmapAroundRobot_Request.msg
[2.923s] -- Up-to-date: /home/jucy/ydlidar_ws_11_29/install/nav2_msgs/share/nav2_msgs/srv/ClearCostmapAroundRobot_Response.msg
[2.923s] -- Up-to-date: /home/jucy/ydlidar_ws_11_29/install/nav2_msgs/share/nav2_msgs/srv/ClearEntireCostmap.srv
[2.923s] -- Up-to-date: /home/jucy/ydlidar_ws_11_29/install/nav2_msgs/share/nav2_msgs/srv/ClearEntireCostmap_Request.msg
[2.924s] -- Up-to-date: /home/jucy/ydlidar_ws_11_29/install/nav2_msgs/share/nav2_msgs/srv/ClearEntireCostmap_Response.msg
[2.924s] -- Up-to-date: /home/jucy/ydlidar_ws_11_29/install/nav2_msgs/share/nav2_msgs/srv/ManageLifecycleNodes.srv
[2.924s] -- Up-to-date: /home/jucy/ydlidar_ws_11_29/install/nav2_msgs/share/nav2_msgs/srv/ManageLifecycleNodes_Request.msg
[2.924s] -- Up-to-date: /home/jucy/ydlidar_ws_11_29/install/nav2_msgs/share/nav2_msgs/srv/ManageLifecycleNodes_Response.msg
[2.925s] -- Up-to-date: /home/jucy/ydlidar_ws_11_29/install/nav2_msgs/share/nav2_msgs/srv/LoadMap.srv
[2.925s] -- Up-to-date: /home/jucy/ydlidar_ws_11_29/install/nav2_msgs/share/nav2_msgs/srv/LoadMap_Request.msg
[2.925s] -- Up-to-date: /home/jucy/ydlidar_ws_11_29/install/nav2_msgs/share/nav2_msgs/srv/LoadMap_Response.msg
[2.925s] -- Up-to-date: /home/jucy/ydlidar_ws_11_29/install/nav2_msgs/share/nav2_msgs/srv/SaveMap.srv
[2.925s] -- Up-to-date: /home/jucy/ydlidar_ws_11_29/install/nav2_msgs/share/nav2_msgs/srv/SaveMap_Request.msg
[2.926s] -- Up-to-date: /home/jucy/ydlidar_ws_11_29/install/nav2_msgs/share/nav2_msgs/srv/SaveMap_Response.msg
[2.926s] -- Up-to-date: /home/jucy/ydlidar_ws_11_29/install/nav2_msgs/share/nav2_msgs/action/BackUp.action
[2.926s] -- Up-to-date: /home/jucy/ydlidar_ws_11_29/install/nav2_msgs/share/nav2_msgs/action/ComputePathToPose.action
[2.926s] -- Up-to-date: /home/jucy/ydlidar_ws_11_29/install/nav2_msgs/share/nav2_msgs/action/FollowPath.action
[2.926s] -- Up-to-date: /home/jucy/ydlidar_ws_11_29/install/nav2_msgs/share/nav2_msgs/action/NavigateToPose.action
[2.927s] -- Up-to-date: /home/jucy/ydlidar_ws_11_29/install/nav2_msgs/share/nav2_msgs/action/Wait.action
[2.927s] -- Up-to-date: /home/jucy/ydlidar_ws_11_29/install/nav2_msgs/share/nav2_msgs/action/Spin.action
[2.927s] -- Up-to-date: /home/jucy/ydlidar_ws_11_29/install/nav2_msgs/share/nav2_msgs/action/DummyRecovery.action
[2.927s] -- Up-to-date: /home/jucy/ydlidar_ws_11_29/install/nav2_msgs/share/nav2_msgs/action/FollowWaypoints.action
[2.928s] -- Up-to-date: /home/jucy/ydlidar_ws_11_29/install/nav2_msgs/share/ament_index/resource_index/package_run_dependencies/nav2_msgs
[2.928s] -- Up-to-date: /home/jucy/ydlidar_ws_11_29/install/nav2_msgs/share/ament_index/resource_index/parent_prefix_path/nav2_msgs
[2.928s] -- Up-to-date: /home/jucy/ydlidar_ws_11_29/install/nav2_msgs/share/nav2_msgs/environment/ament_prefix_path.sh
[2.929s] -- Up-to-date: /home/jucy/ydlidar_ws_11_29/install/nav2_msgs/share/nav2_msgs/environment/ament_prefix_path.dsv
[2.929s] -- Up-to-date: /home/jucy/ydlidar_ws_11_29/install/nav2_msgs/share/nav2_msgs/environment/path.sh
[2.929s] -- Up-to-date: /home/jucy/ydlidar_ws_11_29/install/nav2_msgs/share/nav2_msgs/environment/path.dsv
[2.929s] -- Up-to-date: /home/jucy/ydlidar_ws_11_29/install/nav2_msgs/share/nav2_msgs/local_setup.bash
[2.930s] -- Up-to-date: /home/jucy/ydlidar_ws_11_29/install/nav2_msgs/share/nav2_msgs/local_setup.sh
[2.930s] -- Up-to-date: /home/jucy/ydlidar_ws_11_29/install/nav2_msgs/share/nav2_msgs/local_setup.zsh
[2.930s] -- Up-to-date: /home/jucy/ydlidar_ws_11_29/install/nav2_msgs/share/nav2_msgs/local_setup.dsv
[2.930s] -- Installing: /home/jucy/ydlidar_ws_11_29/install/nav2_msgs/share/nav2_msgs/package.dsv
[2.931s] -- Up-to-date: /home/jucy/ydlidar_ws_11_29/install/nav2_msgs/share/ament_index/resource_index/packages/nav2_msgs
[3.004s] -- Up-to-date: /home/jucy/ydlidar_ws_11_29/install/nav2_msgs/share/nav2_msgs/cmake/nav2_msgs__rosidl_generator_cExport.cmake
[3.004s] -- Up-to-date: /home/jucy/ydlidar_ws_11_29/install/nav2_msgs/share/nav2_msgs/cmake/nav2_msgs__rosidl_generator_cExport-release.cmake
[3.083s] -- Up-to-date: /home/jucy/ydlidar_ws_11_29/install/nav2_msgs/share/nav2_msgs/cmake/nav2_msgs__rosidl_typesupport_introspection_cExport.cmake
[3.083s] -- Up-to-date: /home/jucy/ydlidar_ws_11_29/install/nav2_msgs/share/nav2_msgs/cmake/nav2_msgs__rosidl_typesupport_introspection_cExport-release.cmake
[3.086s] -- Up-to-date: /home/jucy/ydlidar_ws_11_29/install/nav2_msgs/share/nav2_msgs/cmake/nav2_msgs__rosidl_typesupport_cExport.cmake
[3.086s] -- Up-to-date: /home/jucy/ydlidar_ws_11_29/install/nav2_msgs/share/nav2_msgs/cmake/nav2_msgs__rosidl_typesupport_cExport-release.cmake
[3.088s] -- Up-to-date: /home/jucy/ydlidar_ws_11_29/install/nav2_msgs/share/nav2_msgs/cmake/nav2_msgs__rosidl_generator_cppExport.cmake
[3.090s] -- Up-to-date: /home/jucy/ydlidar_ws_11_29/install/nav2_msgs/share/nav2_msgs/cmake/nav2_msgs__rosidl_typesupport_introspection_cppExport.cmake
[3.090s] -- Up-to-date: /home/jucy/ydlidar_ws_11_29/install/nav2_msgs/share/nav2_msgs/cmake/nav2_msgs__rosidl_typesupport_introspection_cppExport-release.cmake
[3.090s] -- Up-to-date: /home/jucy/ydlidar_ws_11_29/install/nav2_msgs/share/nav2_msgs/cmake/nav2_msgs__rosidl_typesupport_cppExport.cmake
[3.091s] -- Up-to-date: /home/jucy/ydlidar_ws_11_29/install/nav2_msgs/share/nav2_msgs/cmake/nav2_msgs__rosidl_typesupport_cppExport-release.cmake
[3.091s] -- Up-to-date: /home/jucy/ydlidar_ws_11_29/install/nav2_msgs/share/nav2_msgs/cmake/rosidl_cmake-extras.cmake
[3.091s] -- Up-to-date: /home/jucy/ydlidar_ws_11_29/install/nav2_msgs/share/nav2_msgs/cmake/ament_cmake_export_dependencies-extras.cmake
[3.091s] -- Up-to-date: /home/jucy/ydlidar_ws_11_29/install/nav2_msgs/share/nav2_msgs/cmake/ament_cmake_export_libraries-extras.cmake
[3.091s] -- Up-to-date: /home/jucy/ydlidar_ws_11_29/install/nav2_msgs/share/nav2_msgs/cmake/ament_cmake_export_targets-extras.cmake
[3.091s] -- Up-to-date: /home/jucy/ydlidar_ws_11_29/install/nav2_msgs/share/nav2_msgs/cmake/ament_cmake_export_include_directories-extras.cmake
[3.091s] -- Up-to-date: /home/jucy/ydlidar_ws_11_29/install/nav2_msgs/share/nav2_msgs/cmake/rosidl_cmake_export_typesupport_libraries-extras.cmake
[3.092s] -- Up-to-date: /home/jucy/ydlidar_ws_11_29/install/nav2_msgs/share/nav2_msgs/cmake/rosidl_cmake_export_typesupport_targets-extras.cmake
[3.092s] -- Up-to-date: /home/jucy/ydlidar_ws_11_29/install/nav2_msgs/share/nav2_msgs/cmake/nav2_msgsConfig.cmake
[3.092s] -- Up-to-date: /home/jucy/ydlidar_ws_11_29/install/nav2_msgs/share/nav2_msgs/cmake/nav2_msgsConfig-version.cmake
[3.092s] -- Up-to-date: /home/jucy/ydlidar_ws_11_29/install/nav2_msgs/share/nav2_msgs/package.xml
[3.096s] Invoked command in '/home/jucy/ydlidar_ws_11_29/build/nav2_msgs' returned '0': CMAKE_PREFIX_PATH=/home/jucy/ydlidar_ws_11_29/install/nav2_common:/home/jucy/ydlidar_ws_11_29/install/ydlidar_ros2_driver:/home/jucy/ydlidar_ws_11_29/install/nav2_system_tests:/home/jucy/ydlidar_ws_11_29/install/myagv_navigation2:/home/jucy/ydlidar_ws_11_29/install/nav2_bringup:/home/jucy/ydlidar_ws_11_29/install/navigation2:/home/jucy/ydlidar_ws_11_29/install/smac_planner:/home/jucy/ydlidar_ws_11_29/install/nav2_dwb_controller:/home/jucy/ydlidar_ws_11_29/install/nav2_controller:/home/jucy/ydlidar_ws_11_29/install/dwb_plugins:/home/jucy/ydlidar_ws_11_29/install/dwb_critics:/home/jucy/ydlidar_ws_11_29/install/dwb_core:/home/jucy/ydlidar_ws_11_29/install/nav_2d_utils:/home/jucy/ydlidar_ws_11_29/install/dwb_msgs:/home/jucy/ydlidar_ws_11_29/install/nav_2d_msgs:/home/jucy/ydlidar_ws_11_29/install/nav2_waypoint_follower:/home/jucy/ydlidar_ws_11_29/install/nav2_regulated_pure_pursuit_controller:/home/jucy/ydlidar_ws_11_29/install/nav2_recoveries:/home/jucy/ydlidar_ws_11_29/install/nav2_planner:/home/jucy/ydlidar_ws_11_29/install/nav2_navfn_planner:/home/jucy/ydlidar_ws_11_29/install/nav2_core:/home/jucy/ydlidar_ws_11_29/install/costmap_queue:/home/jucy/ydlidar_ws_11_29/install/nav2_costmap_2d:/home/jucy/ydlidar_ws_11_29/install/nav2_voxel_grid:/home/jucy/ydlidar_ws_11_29/install/nav2_rviz_plugins:/home/jucy/ydlidar_ws_11_29/install/nav2_map_server:/home/jucy/ydlidar_ws_11_29/install/nav2_lifecycle_manager:/home/jucy/ydlidar_ws_11_29/install/nav2_bt_navigator:/home/jucy/ydlidar_ws_11_29/install/nav2_behavior_tree:/home/jucy/ydlidar_ws_11_29/install/nav2_amcl:/home/jucy/ydlidar_ws_11_29/install/nav2_util:/home/jucy/ydlidar_ws_11_29/install/nav2_msgs:/home/jucy/ydlidar_ws_11_29/install/myagv_bringup:/home/jucy/ydlidar_ws_11_29/install/myagv_description:/home/jucy/new_ws/install/myagv_description:/home/jucy/new_ws/install/aseembly:/home/jucy/turtlebot3_ws/install/turtlebot3:/home/jucy/turtlebot3_ws/install/turtlebot3_simulations:/home/jucy/turtlebot3_ws/install/turtlebot3_bringup:/home/jucy/turtlebot3_ws/install/turtlebot3_node:/home/jucy/turtlebot3_ws/install/turtlebot3_navigation2:/home/jucy/turtlebot3_ws/install/turtlebot3_fake_node:/home/jucy/turtlebot3_ws/install/turtlebot3_msgs:/home/jucy/turtlebot3_ws/install/turtlebot3_gazebo:/home/jucy/turtlebot3_ws/install/turtlebot3_description:/home/jucy/turtlebot3_ws/install/turtlebot3_cartographer:/home/jucy/turtlebot3_ws/install/dynamixel_sdk_examples:/home/jucy/turtlebot3_ws/install/dynamixel_sdk_custom_interfaces:/home/jucy/turtlebot3_ws/install/dynamixel_sdk:/home/jucy/ros2_ws/install/nav2_system_tests:/home/jucy/ros2_ws/install/nav2_bringup:/home/jucy/ros2_ws/install/navigation2:/home/jucy/ros2_ws/install/smac_planner:/home/jucy/ros2_ws/install/ps2_controller:/home/jucy/ros2_ws/install/nav2_dwb_controller:/home/jucy/ros2_ws/install/nav2_controller:/home/jucy/ros2_ws/install/dwb_plugins:/home/jucy/ros2_ws/install/dwb_critics:/home/jucy/ros2_ws/install/dwb_core:/home/jucy/ros2_ws/install/nav_2d_utils:/home/jucy/ros2_ws/install/dwb_msgs:/home/jucy/ros2_ws/install/nav_2d_msgs:/home/jucy/ros2_ws/install/nav2_waypoint_follower:/home/jucy/ros2_ws/install/nav2_regulated_pure_pursuit_controller:/home/jucy/ros2_ws/install/nav2_recoveries:/home/jucy/ros2_ws/install/nav2_planner:/home/jucy/ros2_ws/install/nav2_navfn_planner:/home/jucy/ros2_ws/install/nav2_core:/home/jucy/ros2_ws/install/costmap_queue:/home/jucy/ros2_ws/install/nav2_costmap_2d:/home/jucy/ros2_ws/install/nav2_voxel_grid:/home/jucy/ros2_ws/install/nav2_rviz_plugins:/home/jucy/ros2_ws/install/nav2_map_server:/home/jucy/ros2_ws/install/nav2_lifecycle_manager:/home/jucy/ros2_ws/install/nav2_bt_navigator:/home/jucy/ros2_ws/install/nav2_behavior_tree:/home/jucy/ros2_ws/install/nav2_amcl:/home/jucy/ros2_ws/install/nav2_util:/home/jucy/ros2_ws/install/nav2_msgs:/home/jucy/ros2_ws/install/nav2_common:/home/jucy/ydlidar_ros2_ws/install/ydlidar_ros2_driver:/home/jucy/ydlidar_ros2_ws/install/ps2_controller:/home/jucy/ydlidar_ros2_ws/install/myagv_navigation2:/home/jucy/ydlidar_ros2_ws/install/myagv_bringup:/home/jucy/ydlidar_ros2_ws/install/myagv_description:/home/jucy/ydlidar_ros2_wss/install/ydlidar_ros2_driver:/opt/ros/foxy:/opt/ros/foxy:/home/jucy/ydlidar_ws_11_29/install/nav2_gazebo_spawner:/home/jucy/ydlidar_ws_11_29/install/jdamr200_node:/home/jucy/turtlebot3_ws/install/turtlebot3_teleop:/home/jucy/turtlebot3_ws/install/turtlebot3_example:/home/jucy/turtlebot3_ws/install/nav2_goal_pulisher_test:/home/jucy/turtlebot3_ws/install/nav2_goal_publisher:/home/jucy/ros2_ws/install/nav2_simple_commander:/home/jucy/ros2_ws/install/nav2_gazebo_spawner:/home/jucy/ros2_ws/install/camera_udp_communication:/home/jucy/ros2_ws/install/agv_control_py:/home/jucy/ydlidar_ros2_ws/install/jdamr200_teleop:/home/jucy/ydlidar_ros2_ws/install/jdamr200_node PYTHONPATH=/home/jucy/ydlidar_ws_11_29/install/nav2_common/lib/python3.8/site-packages:/home/jucy/ydlidar_ws_11_29/install/dwb_msgs/lib/python3.8/site-packages:/home/jucy/ydlidar_ws_11_29/install/nav_2d_msgs/lib/python3.8/site-packages:/home/jucy/ydlidar_ws_11_29/install/nav2_msgs/lib/python3.8/site-packages:/home/jucy/ydlidar_ws_11_29/install/nav2_gazebo_spawner/lib/python3.8/site-packages:/home/jucy/ydlidar_ws_11_29/install/jdamr200_node/lib/python3.8/site-packages:/home/jucy/turtlebot3_ws/install/turtlebot3_teleop/lib/python3.8/site-packages:/home/jucy/turtlebot3_ws/install/turtlebot3_example/lib/python3.8/site-packages:/home/jucy/turtlebot3_ws/install/turtlebot3_msgs/lib/python3.8/site-packages:/home/jucy/turtlebot3_ws/install/nav2_goal_pulisher_test/lib/python3.8/site-packages:/home/jucy/turtlebot3_ws/install/nav2_goal_publisher/lib/python3.8/site-packages:/home/jucy/turtlebot3_ws/install/dynamixel_sdk_custom_interfaces/lib/python3.8/site-packages:/home/jucy/ros2_ws/install/dwb_msgs/lib/python3.8/site-packages:/home/jucy/ros2_ws/install/nav_2d_msgs/lib/python3.8/site-packages:/home/jucy/ros2_ws/install/nav2_simple_commander/lib/python3.8/site-packages:/home/jucy/ros2_ws/install/nav2_msgs/lib/python3.8/site-packages:/home/jucy/ros2_ws/install/nav2_gazebo_spawner/lib/python3.8/site-packages:/home/jucy/ros2_ws/install/nav2_common/lib/python3.8/site-packages:/home/jucy/ros2_ws/install/camera_udp_communication/lib/python3.8/site-packages:/home/jucy/ros2_ws/install/agv_control_py/lib/python3.8/site-packages:/home/jucy/ydlidar_ros2_ws/install/jdamr200_teleop/lib/python3.8/site-packages:/home/jucy/ydlidar_ros2_ws/install/jdamr200_node/lib/python3.8/site-packages:/usr/bin/python3.8:/opt/ros/foxy/lib/python3.8/site-packages /usr/bin/cmake --install /home/jucy/ydlidar_ws_11_29/build/nav2_msgs
