[0.010s] Invoking command in '/home/jucy/ydlidar_ws_11_29/build/myagv_bringup': CMAKE_PREFIX_PATH=/home/jucy/ydlidar_ws_11_29/install/myagv_description:/home/jucy/ydlidar_ws_11_29/install/ydlidar_ros2_driver:/home/jucy/ydlidar_ws_11_29/install/myagv_navigation2:/home/jucy/ydlidar_ws_11_29/install/myagv_bringup:/opt/ros/foxy:/opt/ros/foxy:/home/jucy/ydlidar_ws_11_29/install/jdamr200_node /usr/bin/cmake /home/jucy/ydlidar_ws_11_29/ydlidar_ws/src/myagv_bringup -DCMAKE_INSTALL_PREFIX=/home/jucy/ydlidar_ws_11_29/install/myagv_bringup
[0.061s] -- The C compiler identification is GNU 9.4.0
[0.112s] -- The CXX compiler identification is GNU 9.4.0
[0.116s] -- Check for working C compiler: /usr/bin/cc
[0.180s] -- Check for working C compiler: /usr/bin/cc -- works
[0.180s] -- Detecting C compiler ABI info
[0.244s] -- Detecting C compiler ABI info - done
[0.254s] -- Detecting C compile features
[0.254s] -- Detecting C compile features - done
[0.256s] -- Check for working CXX compiler: /usr/bin/c++
[0.331s] -- Check for working CXX compiler: /usr/bin/c++ -- works
[0.332s] -- Detecting CXX compiler ABI info
[0.406s] -- Detecting CXX compiler ABI info - done
[0.417s] -- Detecting CXX compile features
[0.417s] -- Detecting CXX compile features - done
[0.419s] -- Found ament_cmake: 0.9.12 (/opt/ros/foxy/share/ament_cmake/cmake)
[0.442s] -- Found PythonInterp: /usr/bin/python3 (found suitable version "3.8.10", minimum required is "3") 
[0.442s] -- Using PYTHON_EXECUTABLE: /usr/bin/python3
[0.685s] -- Configuring done
[0.686s] -- Generating done
[0.688s] -- Build files have been written to: /home/jucy/ydlidar_ws_11_29/build/myagv_bringup
[0.691s] Invoked command in '/home/jucy/ydlidar_ws_11_29/build/myagv_bringup' returned '0': CMAKE_PREFIX_PATH=/home/jucy/ydlidar_ws_11_29/install/myagv_description:/home/jucy/ydlidar_ws_11_29/install/ydlidar_ros2_driver:/home/jucy/ydlidar_ws_11_29/install/myagv_navigation2:/home/jucy/ydlidar_ws_11_29/install/myagv_bringup:/opt/ros/foxy:/opt/ros/foxy:/home/jucy/ydlidar_ws_11_29/install/jdamr200_node /usr/bin/cmake /home/jucy/ydlidar_ws_11_29/ydlidar_ws/src/myagv_bringup -DCMAKE_INSTALL_PREFIX=/home/jucy/ydlidar_ws_11_29/install/myagv_bringup
[0.693s] Invoking command in '/home/jucy/ydlidar_ws_11_29/build/myagv_bringup': CMAKE_PREFIX_PATH=/home/jucy/ydlidar_ws_11_29/install/myagv_description:/home/jucy/ydlidar_ws_11_29/install/ydlidar_ros2_driver:/home/jucy/ydlidar_ws_11_29/install/myagv_navigation2:/home/jucy/ydlidar_ws_11_29/install/myagv_bringup:/opt/ros/foxy:/opt/ros/foxy:/home/jucy/ydlidar_ws_11_29/install/jdamr200_node /usr/bin/cmake --build /home/jucy/ydlidar_ws_11_29/build/myagv_bringup -- -j12 -l12
[0.730s] Invoked command in '/home/jucy/ydlidar_ws_11_29/build/myagv_bringup' returned '0': CMAKE_PREFIX_PATH=/home/jucy/ydlidar_ws_11_29/install/myagv_description:/home/jucy/ydlidar_ws_11_29/install/ydlidar_ros2_driver:/home/jucy/ydlidar_ws_11_29/install/myagv_navigation2:/home/jucy/ydlidar_ws_11_29/install/myagv_bringup:/opt/ros/foxy:/opt/ros/foxy:/home/jucy/ydlidar_ws_11_29/install/jdamr200_node /usr/bin/cmake --build /home/jucy/ydlidar_ws_11_29/build/myagv_bringup -- -j12 -l12
[0.733s] Invoking command in '/home/jucy/ydlidar_ws_11_29/build/myagv_bringup': CMAKE_PREFIX_PATH=/home/jucy/ydlidar_ws_11_29/install/myagv_description:/home/jucy/ydlidar_ws_11_29/install/ydlidar_ros2_driver:/home/jucy/ydlidar_ws_11_29/install/myagv_navigation2:/home/jucy/ydlidar_ws_11_29/install/myagv_bringup:/opt/ros/foxy:/opt/ros/foxy:/home/jucy/ydlidar_ws_11_29/install/jdamr200_node /usr/bin/cmake --install /home/jucy/ydlidar_ws_11_29/build/myagv_bringup
[0.741s] -- Install configuration: ""
[0.741s] -- Installing: /home/jucy/ydlidar_ws_11_29/install/myagv_bringup/share/myagv_bringup/launch
[0.741s] -- Installing: /home/jucy/ydlidar_ws_11_29/install/myagv_bringup/share/myagv_bringup/launch/myagv_state_publisher.launch.py
[0.741s] -- Installing: /home/jucy/ydlidar_ws_11_29/install/myagv_bringup/share/myagv_bringup/launch/myagv.launch.py
[0.742s] -- Installing: /home/jucy/ydlidar_ws_11_29/install/myagv_bringup/share/ament_index/resource_index/package_run_dependencies/myagv_bringup
[0.742s] -- Installing: /home/jucy/ydlidar_ws_11_29/install/myagv_bringup/share/ament_index/resource_index/parent_prefix_path/myagv_bringup
[0.742s] -- Installing: /home/jucy/ydlidar_ws_11_29/install/myagv_bringup/share/myagv_bringup/environment/ament_prefix_path.sh
[0.742s] -- Installing: /home/jucy/ydlidar_ws_11_29/install/myagv_bringup/share/myagv_bringup/environment/ament_prefix_path.dsv
[0.742s] -- Installing: /home/jucy/ydlidar_ws_11_29/install/myagv_bringup/share/myagv_bringup/environment/path.sh
[0.742s] -- Installing: /home/jucy/ydlidar_ws_11_29/install/myagv_bringup/share/myagv_bringup/environment/path.dsv
[0.742s] -- Installing: /home/jucy/ydlidar_ws_11_29/install/myagv_bringup/share/myagv_bringup/local_setup.bash
[0.743s] -- Installing: /home/jucy/ydlidar_ws_11_29/install/myagv_bringup/share/myagv_bringup/local_setup.sh
[0.743s] -- Installing: /home/jucy/ydlidar_ws_11_29/install/myagv_bringup/share/myagv_bringup/local_setup.zsh
[0.743s] -- Installing: /home/jucy/ydlidar_ws_11_29/install/myagv_bringup/share/myagv_bringup/local_setup.dsv
[0.743s] -- Installing: /home/jucy/ydlidar_ws_11_29/install/myagv_bringup/share/myagv_bringup/package.dsv
[0.743s] -- Installing: /home/jucy/ydlidar_ws_11_29/install/myagv_bringup/share/ament_index/resource_index/packages/myagv_bringup
[0.743s] -- Installing: /home/jucy/ydlidar_ws_11_29/install/myagv_bringup/share/myagv_bringup/cmake/myagv_bringupConfig.cmake
[0.743s] -- Installing: /home/jucy/ydlidar_ws_11_29/install/myagv_bringup/share/myagv_bringup/cmake/myagv_bringupConfig-version.cmake
[0.743s] -- Installing: /home/jucy/ydlidar_ws_11_29/install/myagv_bringup/share/myagv_bringup/package.xml
[0.746s] Invoked command in '/home/jucy/ydlidar_ws_11_29/build/myagv_bringup' returned '0': CMAKE_PREFIX_PATH=/home/jucy/ydlidar_ws_11_29/install/myagv_description:/home/jucy/ydlidar_ws_11_29/install/ydlidar_ros2_driver:/home/jucy/ydlidar_ws_11_29/install/myagv_navigation2:/home/jucy/ydlidar_ws_11_29/install/myagv_bringup:/opt/ros/foxy:/opt/ros/foxy:/home/jucy/ydlidar_ws_11_29/install/jdamr200_node /usr/bin/cmake --install /home/jucy/ydlidar_ws_11_29/build/myagv_bringup
