[1.872s] Invoking command in '/home/jucy/ydlidar_ws_11_29/ydlidar_ws/build/ydlidar_ros2_driver': CMAKE_PREFIX_PATH=${CMAKE_PREFIX_PATH}:/home/jucy/ydlidar_ws_11_29/ydlidar_ws/install/nav2_gazebo_spawner:/home/jucy/ydlidar_ws_11_29/ydlidar_ws/install/jdamr200_node:/home/jucy/ydlidar_ws_11_29/install/nav2_gazebo_spawner:/home/jucy/ydlidar_ws_11_29/install/jdamr200_node:/home/jucy/turtlebot3_ws/install/turtlebot3_teleop:/home/jucy/turtlebot3_ws/install/turtlebot3_example:/home/jucy/turtlebot3_ws/install/nav2_goal_pulisher_test:/home/jucy/turtlebot3_ws/install/nav2_goal_publisher:/home/jucy/ros2_ws/install/nav2_simple_commander:/home/jucy/ros2_ws/install/nav2_gazebo_spawner:/home/jucy/ros2_ws/install/camera_udp_communication:/home/jucy/ros2_ws/install/agv_control_py:/home/jucy/ydlidar_ros2_ws/install/jdamr200_teleop:/home/jucy/ydlidar_ros2_ws/install/jdamr200_node /usr/bin/cmake --build /home/jucy/ydlidar_ws_11_29/ydlidar_ws/build/ydlidar_ros2_driver -- -j12 -l12
[4.965s] [ 50%] Built target ydlidar_ros2_driver_client
[4.969s] [100%] Built target ydlidar_ros2_driver_node
[5.048s] Invoked command in '/home/jucy/ydlidar_ws_11_29/ydlidar_ws/build/ydlidar_ros2_driver' returned '0': CMAKE_PREFIX_PATH=${CMAKE_PREFIX_PATH}:/home/jucy/ydlidar_ws_11_29/ydlidar_ws/install/nav2_gazebo_spawner:/home/jucy/ydlidar_ws_11_29/ydlidar_ws/install/jdamr200_node:/home/jucy/ydlidar_ws_11_29/install/nav2_gazebo_spawner:/home/jucy/ydlidar_ws_11_29/install/jdamr200_node:/home/jucy/turtlebot3_ws/install/turtlebot3_teleop:/home/jucy/turtlebot3_ws/install/turtlebot3_example:/home/jucy/turtlebot3_ws/install/nav2_goal_pulisher_test:/home/jucy/turtlebot3_ws/install/nav2_goal_publisher:/home/jucy/ros2_ws/install/nav2_simple_commander:/home/jucy/ros2_ws/install/nav2_gazebo_spawner:/home/jucy/ros2_ws/install/camera_udp_communication:/home/jucy/ros2_ws/install/agv_control_py:/home/jucy/ydlidar_ros2_ws/install/jdamr200_teleop:/home/jucy/ydlidar_ros2_ws/install/jdamr200_node /usr/bin/cmake --build /home/jucy/ydlidar_ws_11_29/ydlidar_ws/build/ydlidar_ros2_driver -- -j12 -l12
[5.056s] Invoking command in '/home/jucy/ydlidar_ws_11_29/ydlidar_ws/build/ydlidar_ros2_driver': CMAKE_PREFIX_PATH=${CMAKE_PREFIX_PATH}:/home/jucy/ydlidar_ws_11_29/ydlidar_ws/install/nav2_gazebo_spawner:/home/jucy/ydlidar_ws_11_29/ydlidar_ws/install/jdamr200_node:/home/jucy/ydlidar_ws_11_29/install/nav2_gazebo_spawner:/home/jucy/ydlidar_ws_11_29/install/jdamr200_node:/home/jucy/turtlebot3_ws/install/turtlebot3_teleop:/home/jucy/turtlebot3_ws/install/turtlebot3_example:/home/jucy/turtlebot3_ws/install/nav2_goal_pulisher_test:/home/jucy/turtlebot3_ws/install/nav2_goal_publisher:/home/jucy/ros2_ws/install/nav2_simple_commander:/home/jucy/ros2_ws/install/nav2_gazebo_spawner:/home/jucy/ros2_ws/install/camera_udp_communication:/home/jucy/ros2_ws/install/agv_control_py:/home/jucy/ydlidar_ros2_ws/install/jdamr200_teleop:/home/jucy/ydlidar_ros2_ws/install/jdamr200_node /usr/bin/cmake --install /home/jucy/ydlidar_ws_11_29/ydlidar_ws/build/ydlidar_ros2_driver
[5.075s] -- Install configuration: ""
[5.374s] -- Up-to-date: /home/jucy/ydlidar_ws_11_29/ydlidar_ws/install/ydlidar_ros2_driver/lib/ydlidar_ros2_driver/ydlidar_ros2_driver_node
[5.397s] -- Up-to-date: /home/jucy/ydlidar_ws_11_29/ydlidar_ws/install/ydlidar_ros2_driver/lib/ydlidar_ros2_driver/ydlidar_ros2_driver_client
[5.398s] -- Up-to-date: /home/jucy/ydlidar_ws_11_29/ydlidar_ws/install/ydlidar_ros2_driver/share/ydlidar_ros2_driver/launch
[5.424s] -- Up-to-date: /home/jucy/ydlidar_ws_11_29/ydlidar_ws/install/ydlidar_ros2_driver/share/ydlidar_ros2_driver/launch/ydlidar_launch_view.py
[5.425s] -- Up-to-date: /home/jucy/ydlidar_ws_11_29/ydlidar_ws/install/ydlidar_ros2_driver/share/ydlidar_ros2_driver/launch/ydlidar_launch.py
[5.425s] -- Up-to-date: /home/jucy/ydlidar_ws_11_29/ydlidar_ws/install/ydlidar_ros2_driver/share/ydlidar_ros2_driver/launch/ydlidar.py
[5.425s] -- Up-to-date: /home/jucy/ydlidar_ws_11_29/ydlidar_ws/install/ydlidar_ros2_driver/share/ydlidar_ros2_driver/launch/ydlidar_cartographer.launch.py
[5.426s] -- Up-to-date: /home/jucy/ydlidar_ws_11_29/ydlidar_ws/install/ydlidar_ros2_driver/share/ydlidar_ros2_driver/launch/ydlidar_cartographer2.launch.py
[5.427s] -- Up-to-date: /home/jucy/ydlidar_ws_11_29/ydlidar_ws/install/ydlidar_ros2_driver/share/ydlidar_ros2_driver/params
[5.427s] -- Up-to-date: /home/jucy/ydlidar_ws_11_29/ydlidar_ws/install/ydlidar_ros2_driver/share/ydlidar_ros2_driver/params/old.yaml
[5.428s] -- Up-to-date: /home/jucy/ydlidar_ws_11_29/ydlidar_ws/install/ydlidar_ros2_driver/share/ydlidar_ros2_driver/params/X4.yaml
[5.428s] -- Up-to-date: /home/jucy/ydlidar_ws_11_29/ydlidar_ws/install/ydlidar_ros2_driver/share/ydlidar_ros2_driver/params/G1.yaml
[5.428s] -- Up-to-date: /home/jucy/ydlidar_ws_11_29/ydlidar_ws/install/ydlidar_ros2_driver/share/ydlidar_ros2_driver/params/X4-Pro.yaml
[5.428s] -- Up-to-date: /home/jucy/ydlidar_ws_11_29/ydlidar_ws/install/ydlidar_ros2_driver/share/ydlidar_ros2_driver/params/TEA.yaml
[5.429s] -- Up-to-date: /home/jucy/ydlidar_ws_11_29/ydlidar_ws/install/ydlidar_ros2_driver/share/ydlidar_ros2_driver/params/TminiPro.yaml
[5.429s] -- Up-to-date: /home/jucy/ydlidar_ws_11_29/ydlidar_ws/install/ydlidar_ros2_driver/share/ydlidar_ros2_driver/params/TG.yaml
[5.429s] -- Up-to-date: /home/jucy/ydlidar_ws_11_29/ydlidar_ws/install/ydlidar_ros2_driver/share/ydlidar_ros2_driver/params/G6.yaml
[5.429s] -- Up-to-date: /home/jucy/ydlidar_ws_11_29/ydlidar_ws/install/ydlidar_ros2_driver/share/ydlidar_ros2_driver/params/GS2.yaml
[5.430s] -- Up-to-date: /home/jucy/ydlidar_ws_11_29/ydlidar_ws/install/ydlidar_ros2_driver/share/ydlidar_ros2_driver/params/G2.yaml
[5.430s] -- Up-to-date: /home/jucy/ydlidar_ws_11_29/ydlidar_ws/install/ydlidar_ros2_driver/share/ydlidar_ros2_driver/params/ydlidar.yaml
[5.430s] -- Up-to-date: /home/jucy/ydlidar_ws_11_29/ydlidar_ws/install/ydlidar_ros2_driver/share/ydlidar_ros2_driver/startup
[5.464s] -- Up-to-date: /home/jucy/ydlidar_ws_11_29/ydlidar_ws/install/ydlidar_ros2_driver/share/ydlidar_ros2_driver/startup/initenv.sh
[5.465s] -- Up-to-date: /home/jucy/ydlidar_ws_11_29/ydlidar_ws/install/ydlidar_ros2_driver/share/ydlidar_ros2_driver/config
[5.466s] -- Up-to-date: /home/jucy/ydlidar_ws_11_29/ydlidar_ws/install/ydlidar_ros2_driver/share/ydlidar_ros2_driver/config/ydlidar_cartographer.lua
[5.466s] -- Up-to-date: /home/jucy/ydlidar_ws_11_29/ydlidar_ws/install/ydlidar_ros2_driver/share/ydlidar_ros2_driver/config/ydlidar.rviz
[5.467s] -- Up-to-date: /home/jucy/ydlidar_ws_11_29/ydlidar_ws/install/ydlidar_ros2_driver/share/ydlidar_ros2_driver/config/ydlidar_cartographer.rviz
[5.480s] -- Up-to-date: /home/jucy/ydlidar_ws_11_29/ydlidar_ws/install/ydlidar_ros2_driver/lib/ydlidar_ros2_driver/dynamic_tf_broadcaster.py
[5.480s] -- Up-to-date: /home/jucy/ydlidar_ws_11_29/ydlidar_ws/install/ydlidar_ros2_driver/share/ament_index/resource_index/package_run_dependencies/ydlidar_ros2_driver
[5.482s] -- Up-to-date: /home/jucy/ydlidar_ws_11_29/ydlidar_ws/install/ydlidar_ros2_driver/share/ament_index/resource_index/parent_prefix_path/ydlidar_ros2_driver
[5.482s] -- Up-to-date: /home/jucy/ydlidar_ws_11_29/ydlidar_ws/install/ydlidar_ros2_driver/share/ydlidar_ros2_driver/environment/ament_prefix_path.sh
[5.483s] -- Up-to-date: /home/jucy/ydlidar_ws_11_29/ydlidar_ws/install/ydlidar_ros2_driver/share/ydlidar_ros2_driver/environment/ament_prefix_path.dsv
[5.484s] -- Up-to-date: /home/jucy/ydlidar_ws_11_29/ydlidar_ws/install/ydlidar_ros2_driver/share/ydlidar_ros2_driver/environment/path.sh
[5.484s] -- Up-to-date: /home/jucy/ydlidar_ws_11_29/ydlidar_ws/install/ydlidar_ros2_driver/share/ydlidar_ros2_driver/environment/path.dsv
[5.485s] -- Up-to-date: /home/jucy/ydlidar_ws_11_29/ydlidar_ws/install/ydlidar_ros2_driver/share/ydlidar_ros2_driver/local_setup.bash
[5.485s] -- Up-to-date: /home/jucy/ydlidar_ws_11_29/ydlidar_ws/install/ydlidar_ros2_driver/share/ydlidar_ros2_driver/local_setup.sh
[5.486s] -- Up-to-date: /home/jucy/ydlidar_ws_11_29/ydlidar_ws/install/ydlidar_ros2_driver/share/ydlidar_ros2_driver/local_setup.zsh
[5.486s] -- Up-to-date: /home/jucy/ydlidar_ws_11_29/ydlidar_ws/install/ydlidar_ros2_driver/share/ydlidar_ros2_driver/local_setup.dsv
[5.487s] -- Installing: /home/jucy/ydlidar_ws_11_29/ydlidar_ws/install/ydlidar_ros2_driver/share/ydlidar_ros2_driver/package.dsv
[5.505s] -- Up-to-date: /home/jucy/ydlidar_ws_11_29/ydlidar_ws/install/ydlidar_ros2_driver/share/ament_index/resource_index/packages/ydlidar_ros2_driver
[5.506s] -- Up-to-date: /home/jucy/ydlidar_ws_11_29/ydlidar_ws/install/ydlidar_ros2_driver/share/ydlidar_ros2_driver/cmake/ydlidar_ros2_driverConfig.cmake
[5.506s] -- Up-to-date: /home/jucy/ydlidar_ws_11_29/ydlidar_ws/install/ydlidar_ros2_driver/share/ydlidar_ros2_driver/cmake/ydlidar_ros2_driverConfig-version.cmake
[5.506s] -- Up-to-date: /home/jucy/ydlidar_ws_11_29/ydlidar_ws/install/ydlidar_ros2_driver/share/ydlidar_ros2_driver/package.xml
[5.514s] Invoked command in '/home/jucy/ydlidar_ws_11_29/ydlidar_ws/build/ydlidar_ros2_driver' returned '0': CMAKE_PREFIX_PATH=${CMAKE_PREFIX_PATH}:/home/jucy/ydlidar_ws_11_29/ydlidar_ws/install/nav2_gazebo_spawner:/home/jucy/ydlidar_ws_11_29/ydlidar_ws/install/jdamr200_node:/home/jucy/ydlidar_ws_11_29/install/nav2_gazebo_spawner:/home/jucy/ydlidar_ws_11_29/install/jdamr200_node:/home/jucy/turtlebot3_ws/install/turtlebot3_teleop:/home/jucy/turtlebot3_ws/install/turtlebot3_example:/home/jucy/turtlebot3_ws/install/nav2_goal_pulisher_test:/home/jucy/turtlebot3_ws/install/nav2_goal_publisher:/home/jucy/ros2_ws/install/nav2_simple_commander:/home/jucy/ros2_ws/install/nav2_gazebo_spawner:/home/jucy/ros2_ws/install/camera_udp_communication:/home/jucy/ros2_ws/install/agv_control_py:/home/jucy/ydlidar_ros2_ws/install/jdamr200_teleop:/home/jucy/ydlidar_ros2_ws/install/jdamr200_node /usr/bin/cmake --install /home/jucy/ydlidar_ws_11_29/ydlidar_ws/build/ydlidar_ros2_driver
