[0.021s] Invoking command in '/home/jucy/ydlidar_ws_11_29/build/costmap_queue': AMENT_PREFIX_PATH=/home/jucy/ydlidar_ws_11_29/install/nav2_costmap_2d:/home/jucy/ydlidar_ws_11_29/install/nav2_map_server:/home/jucy/ydlidar_ws_11_29/install/nav2_lifecycle_manager:/home/jucy/ydlidar_ws_11_29/install/nav2_util:/home/jucy/ydlidar_ws_11_29/install/nav2_voxel_grid:/home/jucy/ydlidar_ws_11_29/install/nav2_msgs:/home/jucy/ydlidar_ws_11_29/install/nav2_common:${AMENT_PREFIX_PATH} CMAKE_PREFIX_PATH=/home/jucy/ydlidar_ws_11_29/install/nav2_costmap_2d:/home/jucy/ydlidar_ws_11_29/install/nav2_map_server:/home/jucy/ydlidar_ws_11_29/install/nav2_lifecycle_manager:/home/jucy/ydlidar_ws_11_29/install/nav2_util:/home/jucy/ydlidar_ws_11_29/install/nav2_voxel_grid:/home/jucy/ydlidar_ws_11_29/install/nav2_msgs:/home/jucy/ydlidar_ws_11_29/install/nav2_common:/opt/ros/foxy:/opt/ros/foxy LD_LIBRARY_PATH=/home/jucy/ydlidar_ws_11_29/install/nav2_costmap_2d/lib:/home/jucy/ydlidar_ws_11_29/install/nav2_map_server/lib:/home/jucy/ydlidar_ws_11_29/install/nav2_lifecycle_manager/lib:/home/jucy/ydlidar_ws_11_29/install/nav2_util/lib:/home/jucy/ydlidar_ws_11_29/install/nav2_voxel_grid/lib:/home/jucy/ydlidar_ws_11_29/install/nav2_msgs/lib:${LD_LIBRARY_PATH} PYTHONPATH=/home/jucy/ydlidar_ws_11_29/install/nav2_msgs/lib/python3.8/site-packages:/home/jucy/ydlidar_ws_11_29/install/nav2_common/lib/python3.8/site-packages:${PYTHONPATH} /usr/bin/cmake --build /home/jucy/ydlidar_ws_11_29/build/costmap_queue -- -j12 -l12
[0.073s] [ 63%] Built target gtest_main
[0.073s] [ 63%] Built target gtest
[0.073s] [ 63%] Built target costmap_queue
[0.101s] [ 81%] Built target mbq_test
[0.106s] [100%] Built target utest
[0.154s] Invoked command in '/home/jucy/ydlidar_ws_11_29/build/costmap_queue' returned '0': AMENT_PREFIX_PATH=/home/jucy/ydlidar_ws_11_29/install/nav2_costmap_2d:/home/jucy/ydlidar_ws_11_29/install/nav2_map_server:/home/jucy/ydlidar_ws_11_29/install/nav2_lifecycle_manager:/home/jucy/ydlidar_ws_11_29/install/nav2_util:/home/jucy/ydlidar_ws_11_29/install/nav2_voxel_grid:/home/jucy/ydlidar_ws_11_29/install/nav2_msgs:/home/jucy/ydlidar_ws_11_29/install/nav2_common:${AMENT_PREFIX_PATH} CMAKE_PREFIX_PATH=/home/jucy/ydlidar_ws_11_29/install/nav2_costmap_2d:/home/jucy/ydlidar_ws_11_29/install/nav2_map_server:/home/jucy/ydlidar_ws_11_29/install/nav2_lifecycle_manager:/home/jucy/ydlidar_ws_11_29/install/nav2_util:/home/jucy/ydlidar_ws_11_29/install/nav2_voxel_grid:/home/jucy/ydlidar_ws_11_29/install/nav2_msgs:/home/jucy/ydlidar_ws_11_29/install/nav2_common:/opt/ros/foxy:/opt/ros/foxy LD_LIBRARY_PATH=/home/jucy/ydlidar_ws_11_29/install/nav2_costmap_2d/lib:/home/jucy/ydlidar_ws_11_29/install/nav2_map_server/lib:/home/jucy/ydlidar_ws_11_29/install/nav2_lifecycle_manager/lib:/home/jucy/ydlidar_ws_11_29/install/nav2_util/lib:/home/jucy/ydlidar_ws_11_29/install/nav2_voxel_grid/lib:/home/jucy/ydlidar_ws_11_29/install/nav2_msgs/lib:${LD_LIBRARY_PATH} PYTHONPATH=/home/jucy/ydlidar_ws_11_29/install/nav2_msgs/lib/python3.8/site-packages:/home/jucy/ydlidar_ws_11_29/install/nav2_common/lib/python3.8/site-packages:${PYTHONPATH} /usr/bin/cmake --build /home/jucy/ydlidar_ws_11_29/build/costmap_queue -- -j12 -l12
[0.157s] Invoking command in '/home/jucy/ydlidar_ws_11_29/build/costmap_queue': AMENT_PREFIX_PATH=/home/jucy/ydlidar_ws_11_29/install/nav2_costmap_2d:/home/jucy/ydlidar_ws_11_29/install/nav2_map_server:/home/jucy/ydlidar_ws_11_29/install/nav2_lifecycle_manager:/home/jucy/ydlidar_ws_11_29/install/nav2_util:/home/jucy/ydlidar_ws_11_29/install/nav2_voxel_grid:/home/jucy/ydlidar_ws_11_29/install/nav2_msgs:/home/jucy/ydlidar_ws_11_29/install/nav2_common:${AMENT_PREFIX_PATH} CMAKE_PREFIX_PATH=/home/jucy/ydlidar_ws_11_29/install/nav2_costmap_2d:/home/jucy/ydlidar_ws_11_29/install/nav2_map_server:/home/jucy/ydlidar_ws_11_29/install/nav2_lifecycle_manager:/home/jucy/ydlidar_ws_11_29/install/nav2_util:/home/jucy/ydlidar_ws_11_29/install/nav2_voxel_grid:/home/jucy/ydlidar_ws_11_29/install/nav2_msgs:/home/jucy/ydlidar_ws_11_29/install/nav2_common:/opt/ros/foxy:/opt/ros/foxy LD_LIBRARY_PATH=/home/jucy/ydlidar_ws_11_29/install/nav2_costmap_2d/lib:/home/jucy/ydlidar_ws_11_29/install/nav2_map_server/lib:/home/jucy/ydlidar_ws_11_29/install/nav2_lifecycle_manager/lib:/home/jucy/ydlidar_ws_11_29/install/nav2_util/lib:/home/jucy/ydlidar_ws_11_29/install/nav2_voxel_grid/lib:/home/jucy/ydlidar_ws_11_29/install/nav2_msgs/lib:${LD_LIBRARY_PATH} PYTHONPATH=/home/jucy/ydlidar_ws_11_29/install/nav2_msgs/lib/python3.8/site-packages:/home/jucy/ydlidar_ws_11_29/install/nav2_common/lib/python3.8/site-packages:${PYTHONPATH} /usr/bin/cmake --install /home/jucy/ydlidar_ws_11_29/build/costmap_queue
[0.166s] -- Install configuration: "Release"
[0.166s] -- Up-to-date: /home/jucy/ydlidar_ws_11_29/install/costmap_queue/lib/libcostmap_queue.a
[0.166s] -- Up-to-date: /home/jucy/ydlidar_ws_11_29/install/costmap_queue/include/
[0.166s] -- Up-to-date: /home/jucy/ydlidar_ws_11_29/install/costmap_queue/include//costmap_queue
[0.167s] -- Up-to-date: /home/jucy/ydlidar_ws_11_29/install/costmap_queue/include//costmap_queue/map_based_queue.hpp
[0.167s] -- Up-to-date: /home/jucy/ydlidar_ws_11_29/install/costmap_queue/include//costmap_queue/limited_costmap_queue.hpp
[0.167s] -- Up-to-date: /home/jucy/ydlidar_ws_11_29/install/costmap_queue/include//costmap_queue/costmap_queue.hpp
[0.167s] -- Up-to-date: /home/jucy/ydlidar_ws_11_29/install/costmap_queue/share/costmap_queue/environment/library_path.sh
[0.167s] -- Up-to-date: /home/jucy/ydlidar_ws_11_29/install/costmap_queue/share/costmap_queue/environment/library_path.dsv
[0.168s] -- Up-to-date: /home/jucy/ydlidar_ws_11_29/install/costmap_queue/share/ament_index/resource_index/package_run_dependencies/costmap_queue
[0.168s] -- Up-to-date: /home/jucy/ydlidar_ws_11_29/install/costmap_queue/share/ament_index/resource_index/parent_prefix_path/costmap_queue
[0.170s] -- Up-to-date: /home/jucy/ydlidar_ws_11_29/install/costmap_queue/share/costmap_queue/environment/ament_prefix_path.sh
[0.171s] -- Up-to-date: /home/jucy/ydlidar_ws_11_29/install/costmap_queue/share/costmap_queue/environment/ament_prefix_path.dsv
[0.171s] -- Up-to-date: /home/jucy/ydlidar_ws_11_29/install/costmap_queue/share/costmap_queue/environment/path.sh
[0.172s] -- Up-to-date: /home/jucy/ydlidar_ws_11_29/install/costmap_queue/share/costmap_queue/environment/path.dsv
[0.172s] -- Up-to-date: /home/jucy/ydlidar_ws_11_29/install/costmap_queue/share/costmap_queue/local_setup.bash
[0.172s] -- Up-to-date: /home/jucy/ydlidar_ws_11_29/install/costmap_queue/share/costmap_queue/local_setup.sh
[0.172s] -- Up-to-date: /home/jucy/ydlidar_ws_11_29/install/costmap_queue/share/costmap_queue/local_setup.zsh
[0.172s] -- Up-to-date: /home/jucy/ydlidar_ws_11_29/install/costmap_queue/share/costmap_queue/local_setup.dsv
[0.174s] -- Installing: /home/jucy/ydlidar_ws_11_29/install/costmap_queue/share/costmap_queue/package.dsv
[0.175s] -- Up-to-date: /home/jucy/ydlidar_ws_11_29/install/costmap_queue/share/ament_index/resource_index/packages/costmap_queue
[0.175s] -- Up-to-date: /home/jucy/ydlidar_ws_11_29/install/costmap_queue/share/costmap_queue/cmake/ament_cmake_export_include_directories-extras.cmake
[0.175s] -- Up-to-date: /home/jucy/ydlidar_ws_11_29/install/costmap_queue/share/costmap_queue/cmake/ament_cmake_export_libraries-extras.cmake
[0.175s] -- Up-to-date: /home/jucy/ydlidar_ws_11_29/install/costmap_queue/share/costmap_queue/cmake/costmap_queueConfig.cmake
[0.175s] -- Up-to-date: /home/jucy/ydlidar_ws_11_29/install/costmap_queue/share/costmap_queue/cmake/costmap_queueConfig-version.cmake
[0.176s] -- Up-to-date: /home/jucy/ydlidar_ws_11_29/install/costmap_queue/share/costmap_queue/package.xml
[0.201s] Invoked command in '/home/jucy/ydlidar_ws_11_29/build/costmap_queue' returned '0': AMENT_PREFIX_PATH=/home/jucy/ydlidar_ws_11_29/install/nav2_costmap_2d:/home/jucy/ydlidar_ws_11_29/install/nav2_map_server:/home/jucy/ydlidar_ws_11_29/install/nav2_lifecycle_manager:/home/jucy/ydlidar_ws_11_29/install/nav2_util:/home/jucy/ydlidar_ws_11_29/install/nav2_voxel_grid:/home/jucy/ydlidar_ws_11_29/install/nav2_msgs:/home/jucy/ydlidar_ws_11_29/install/nav2_common:${AMENT_PREFIX_PATH} CMAKE_PREFIX_PATH=/home/jucy/ydlidar_ws_11_29/install/nav2_costmap_2d:/home/jucy/ydlidar_ws_11_29/install/nav2_map_server:/home/jucy/ydlidar_ws_11_29/install/nav2_lifecycle_manager:/home/jucy/ydlidar_ws_11_29/install/nav2_util:/home/jucy/ydlidar_ws_11_29/install/nav2_voxel_grid:/home/jucy/ydlidar_ws_11_29/install/nav2_msgs:/home/jucy/ydlidar_ws_11_29/install/nav2_common:/opt/ros/foxy:/opt/ros/foxy LD_LIBRARY_PATH=/home/jucy/ydlidar_ws_11_29/install/nav2_costmap_2d/lib:/home/jucy/ydlidar_ws_11_29/install/nav2_map_server/lib:/home/jucy/ydlidar_ws_11_29/install/nav2_lifecycle_manager/lib:/home/jucy/ydlidar_ws_11_29/install/nav2_util/lib:/home/jucy/ydlidar_ws_11_29/install/nav2_voxel_grid/lib:/home/jucy/ydlidar_ws_11_29/install/nav2_msgs/lib:${LD_LIBRARY_PATH} PYTHONPATH=/home/jucy/ydlidar_ws_11_29/install/nav2_msgs/lib/python3.8/site-packages:/home/jucy/ydlidar_ws_11_29/install/nav2_common/lib/python3.8/site-packages:${PYTHONPATH} /usr/bin/cmake --install /home/jucy/ydlidar_ws_11_29/build/costmap_queue
