[0.101s] Invoking command in '/home/jucy/ydlidar_ws_11_29/ydlidar_ws/build/nav2_common': CMAKE_PREFIX_PATH=${CMAKE_PREFIX_PATH}:/home/jucy/ydlidar_ws_11_29/install/nav2_gazebo_spawner:/home/jucy/ydlidar_ws_11_29/install/jdamr200_node:/home/jucy/ydlidar_ws_11_29/ydlidar_ws/install/nav2_gazebo_spawner:/home/jucy/ydlidar_ws_11_29/ydlidar_ws/install/jdamr200_node:/home/jucy/turtlebot3_ws/install/turtlebot3_teleop:/home/jucy/turtlebot3_ws/install/turtlebot3_example:/home/jucy/turtlebot3_ws/install/nav2_goal_pulisher_test:/home/jucy/turtlebot3_ws/install/nav2_goal_publisher:/home/jucy/ros2_ws/install/nav2_simple_commander:/home/jucy/ros2_ws/install/nav2_gazebo_spawner:/home/jucy/ros2_ws/install/camera_udp_communication:/home/jucy/ros2_ws/install/agv_control_py:/home/jucy/ydlidar_ros2_ws/install/jdamr200_teleop:/home/jucy/ydlidar_ros2_ws/install/jdamr200_node /usr/bin/cmake --build /home/jucy/ydlidar_ws_11_29/ydlidar_ws/build/nav2_common -- -j12 -l12
[0.638s] Invoked command in '/home/jucy/ydlidar_ws_11_29/ydlidar_ws/build/nav2_common' returned '0': CMAKE_PREFIX_PATH=${CMAKE_PREFIX_PATH}:/home/jucy/ydlidar_ws_11_29/install/nav2_gazebo_spawner:/home/jucy/ydlidar_ws_11_29/install/jdamr200_node:/home/jucy/ydlidar_ws_11_29/ydlidar_ws/install/nav2_gazebo_spawner:/home/jucy/ydlidar_ws_11_29/ydlidar_ws/install/jdamr200_node:/home/jucy/turtlebot3_ws/install/turtlebot3_teleop:/home/jucy/turtlebot3_ws/install/turtlebot3_example:/home/jucy/turtlebot3_ws/install/nav2_goal_pulisher_test:/home/jucy/turtlebot3_ws/install/nav2_goal_publisher:/home/jucy/ros2_ws/install/nav2_simple_commander:/home/jucy/ros2_ws/install/nav2_gazebo_spawner:/home/jucy/ros2_ws/install/camera_udp_communication:/home/jucy/ros2_ws/install/agv_control_py:/home/jucy/ydlidar_ros2_ws/install/jdamr200_teleop:/home/jucy/ydlidar_ros2_ws/install/jdamr200_node /usr/bin/cmake --build /home/jucy/ydlidar_ws_11_29/ydlidar_ws/build/nav2_common -- -j12 -l12
[0.655s] Invoking command in '/home/jucy/ydlidar_ws_11_29/ydlidar_ws/build/nav2_common': CMAKE_PREFIX_PATH=${CMAKE_PREFIX_PATH}:/home/jucy/ydlidar_ws_11_29/install/nav2_gazebo_spawner:/home/jucy/ydlidar_ws_11_29/install/jdamr200_node:/home/jucy/ydlidar_ws_11_29/ydlidar_ws/install/nav2_gazebo_spawner:/home/jucy/ydlidar_ws_11_29/ydlidar_ws/install/jdamr200_node:/home/jucy/turtlebot3_ws/install/turtlebot3_teleop:/home/jucy/turtlebot3_ws/install/turtlebot3_example:/home/jucy/turtlebot3_ws/install/nav2_goal_pulisher_test:/home/jucy/turtlebot3_ws/install/nav2_goal_publisher:/home/jucy/ros2_ws/install/nav2_simple_commander:/home/jucy/ros2_ws/install/nav2_gazebo_spawner:/home/jucy/ros2_ws/install/camera_udp_communication:/home/jucy/ros2_ws/install/agv_control_py:/home/jucy/ydlidar_ros2_ws/install/jdamr200_teleop:/home/jucy/ydlidar_ros2_ws/install/jdamr200_node /usr/bin/cmake --install /home/jucy/ydlidar_ws_11_29/ydlidar_ws/build/nav2_common
[0.672s] -- Install configuration: ""
[0.673s] -- Up-to-date: /home/jucy/ydlidar_ws_11_29/ydlidar_ws/install/nav2_common/share/nav2_common/environment/pythonpath.sh
[0.676s] -- Up-to-date: /home/jucy/ydlidar_ws_11_29/ydlidar_ws/install/nav2_common/share/nav2_common/environment/pythonpath.dsv
[0.677s] -- Up-to-date: /home/jucy/ydlidar_ws_11_29/ydlidar_ws/install/nav2_common/lib/python3.8/site-packages/nav2_common
[0.678s] -- Up-to-date: /home/jucy/ydlidar_ws_11_29/ydlidar_ws/install/nav2_common/lib/python3.8/site-packages/nav2_common/launch
[0.678s] -- Up-to-date: /home/jucy/ydlidar_ws_11_29/ydlidar_ws/install/nav2_common/lib/python3.8/site-packages/nav2_common/launch/rewritten_yaml.py
[0.679s] -- Up-to-date: /home/jucy/ydlidar_ws_11_29/ydlidar_ws/install/nav2_common/lib/python3.8/site-packages/nav2_common/launch/replace_string.py
[0.680s] -- Up-to-date: /home/jucy/ydlidar_ws_11_29/ydlidar_ws/install/nav2_common/lib/python3.8/site-packages/nav2_common/launch/has_node_params.py
[0.680s] -- Up-to-date: /home/jucy/ydlidar_ws_11_29/ydlidar_ws/install/nav2_common/lib/python3.8/site-packages/nav2_common/launch/__init__.py
[0.681s] -- Up-to-date: /home/jucy/ydlidar_ws_11_29/ydlidar_ws/install/nav2_common/lib/python3.8/site-packages/nav2_common/__init__.py
[0.749s] Listing '/home/jucy/ydlidar_ws_11_29/ydlidar_ws/install/nav2_common/lib/python3.8/site-packages/nav2_common'...
[0.750s] Listing '/home/jucy/ydlidar_ws_11_29/ydlidar_ws/install/nav2_common/lib/python3.8/site-packages/nav2_common/launch'...
[0.755s] -- Up-to-date: /home/jucy/ydlidar_ws_11_29/ydlidar_ws/install/nav2_common/share/ament_index/resource_index/package_run_dependencies/nav2_common
[0.756s] -- Up-to-date: /home/jucy/ydlidar_ws_11_29/ydlidar_ws/install/nav2_common/share/ament_index/resource_index/parent_prefix_path/nav2_common
[0.756s] -- Up-to-date: /home/jucy/ydlidar_ws_11_29/ydlidar_ws/install/nav2_common/share/nav2_common/environment/ament_prefix_path.sh
[0.757s] -- Up-to-date: /home/jucy/ydlidar_ws_11_29/ydlidar_ws/install/nav2_common/share/nav2_common/environment/ament_prefix_path.dsv
[0.757s] -- Up-to-date: /home/jucy/ydlidar_ws_11_29/ydlidar_ws/install/nav2_common/share/nav2_common/environment/path.sh
[0.757s] -- Up-to-date: /home/jucy/ydlidar_ws_11_29/ydlidar_ws/install/nav2_common/share/nav2_common/environment/path.dsv
[0.757s] -- Up-to-date: /home/jucy/ydlidar_ws_11_29/ydlidar_ws/install/nav2_common/share/nav2_common/local_setup.bash
[0.757s] -- Up-to-date: /home/jucy/ydlidar_ws_11_29/ydlidar_ws/install/nav2_common/share/nav2_common/local_setup.sh
[0.758s] -- Up-to-date: /home/jucy/ydlidar_ws_11_29/ydlidar_ws/install/nav2_common/share/nav2_common/local_setup.zsh
[0.758s] -- Up-to-date: /home/jucy/ydlidar_ws_11_29/ydlidar_ws/install/nav2_common/share/nav2_common/local_setup.dsv
[0.759s] -- Installing: /home/jucy/ydlidar_ws_11_29/ydlidar_ws/install/nav2_common/share/nav2_common/package.dsv
[0.759s] -- Up-to-date: /home/jucy/ydlidar_ws_11_29/ydlidar_ws/install/nav2_common/share/ament_index/resource_index/packages/nav2_common
[0.759s] -- Up-to-date: /home/jucy/ydlidar_ws_11_29/ydlidar_ws/install/nav2_common/share/nav2_common/cmake/nav2_common-extras.cmake
[0.760s] -- Up-to-date: /home/jucy/ydlidar_ws_11_29/ydlidar_ws/install/nav2_common/share/nav2_common/cmake/nav2_commonConfig.cmake
[0.760s] -- Up-to-date: /home/jucy/ydlidar_ws_11_29/ydlidar_ws/install/nav2_common/share/nav2_common/cmake/nav2_commonConfig-version.cmake
[0.760s] -- Up-to-date: /home/jucy/ydlidar_ws_11_29/ydlidar_ws/install/nav2_common/share/nav2_common/package.xml
[0.761s] -- Up-to-date: /home/jucy/ydlidar_ws_11_29/ydlidar_ws/install/nav2_common/share/nav2_common/cmake
[0.761s] -- Up-to-date: /home/jucy/ydlidar_ws_11_29/ydlidar_ws/install/nav2_common/share/nav2_common/cmake/nav2_package.cmake
[0.770s] Invoked command in '/home/jucy/ydlidar_ws_11_29/ydlidar_ws/build/nav2_common' returned '0': CMAKE_PREFIX_PATH=${CMAKE_PREFIX_PATH}:/home/jucy/ydlidar_ws_11_29/install/nav2_gazebo_spawner:/home/jucy/ydlidar_ws_11_29/install/jdamr200_node:/home/jucy/ydlidar_ws_11_29/ydlidar_ws/install/nav2_gazebo_spawner:/home/jucy/ydlidar_ws_11_29/ydlidar_ws/install/jdamr200_node:/home/jucy/turtlebot3_ws/install/turtlebot3_teleop:/home/jucy/turtlebot3_ws/install/turtlebot3_example:/home/jucy/turtlebot3_ws/install/nav2_goal_pulisher_test:/home/jucy/turtlebot3_ws/install/nav2_goal_publisher:/home/jucy/ros2_ws/install/nav2_simple_commander:/home/jucy/ros2_ws/install/nav2_gazebo_spawner:/home/jucy/ros2_ws/install/camera_udp_communication:/home/jucy/ros2_ws/install/agv_control_py:/home/jucy/ydlidar_ros2_ws/install/jdamr200_teleop:/home/jucy/ydlidar_ros2_ws/install/jdamr200_node /usr/bin/cmake --install /home/jucy/ydlidar_ws_11_29/ydlidar_ws/build/nav2_common
