[0.032s] Invoking command in '/home/jucy/ydlidar_ws_11_29/build/myagv_description': CMAKE_PREFIX_PATH=${CMAKE_PREFIX_PATH}:/home/jucy/ydlidar_ws_11_29/install/jdamr200_node /usr/bin/cmake /home/jucy/ydlidar_ws_11_29/ydlidar_ws/src/myagv_description -DCMAKE_INSTALL_PREFIX=/home/jucy/ydlidar_ws_11_29/install/myagv_description
[0.252s] -- The C compiler identification is GNU 9.4.0
[0.252s] -- The CXX compiler identification is GNU 9.4.0
[0.252s] -- Check for working C compiler: /usr/bin/cc
[0.253s] -- Check for working C compiler: /usr/bin/cc -- works
[0.253s] -- Detecting C compiler ABI info
[0.262s] -- Detecting C compiler ABI info - done
[0.276s] -- Detecting C compile features
[0.276s] -- Detecting C compile features - done
[0.279s] -- Check for working CXX compiler: /usr/bin/c++
[0.357s] -- Check for working CXX compiler: /usr/bin/c++ -- works
[0.359s] -- Detecting CXX compiler ABI info
[0.435s] -- Detecting CXX compiler ABI info - done
[0.446s] -- Detecting CXX compile features
[0.446s] -- Detecting CXX compile features - done
[0.448s] -- Found ament_cmake: 0.9.12 (/opt/ros/foxy/share/ament_cmake/cmake)
[0.475s] -- Found PythonInterp: /usr/bin/python3 (found suitable version "3.8.10", minimum required is "3") 
[0.476s] -- Using PYTHON_EXECUTABLE: /usr/bin/python3
[0.670s] -- Found ament_cmake_ros: 0.9.2 (/opt/ros/foxy/share/ament_cmake_ros/cmake)
[0.677s] -- Found urdf: 2.4.0 (/opt/ros/foxy/share/urdf/cmake)
[0.707s] -- Found robot_state_publisher: 2.4.5 (/opt/ros/foxy/share/robot_state_publisher/cmake)
[0.728s] -- Using all available rosidl_typesupport_c: rosidl_typesupport_fastrtps_c;rosidl_typesupport_introspection_c
[0.735s] -- Found rosidl_adapter: 1.3.1 (/opt/ros/foxy/share/rosidl_adapter/cmake)
[0.825s] -- Found OpenSSL: /usr/lib/x86_64-linux-gnu/libcrypto.so (found version "1.1.1f")  
[0.855s] -- Found FastRTPS: /opt/ros/foxy/include  
[0.931s] -- Using all available rosidl_typesupport_cpp: rosidl_typesupport_fastrtps_cpp;rosidl_typesupport_introspection_cpp
[0.963s] -- Found eigen3_cmake_module: 0.1.1 (/opt/ros/foxy/share/eigen3_cmake_module/cmake)
[0.966s] -- Found Eigen3: TRUE (found version "3.3.7") 
[1.030s] -- Found rmw_implementation_cmake: 1.0.4 (/opt/ros/foxy/share/rmw_implementation_cmake/cmake)
[1.031s] -- Using RMW implementation 'rmw_fastrtps_cpp' as default
[1.032s] -- Looking for pthread.h
[1.101s] -- Looking for pthread.h - found
[1.101s] -- Performing Test CMAKE_HAVE_LIBC_PTHREAD
[1.172s] -- Performing Test CMAKE_HAVE_LIBC_PTHREAD - Failed
[1.172s] -- Looking for pthread_create in pthreads
[1.226s] -- Looking for pthread_create in pthreads - not found
[1.226s] -- Looking for pthread_create in pthread
[1.289s] -- Looking for pthread_create in pthread - found
[1.290s] -- Found Threads: TRUE  
[1.898s] -- Found rviz2: 8.2.8 (/opt/ros/foxy/share/rviz2/cmake)
[1.900s] -- Found gazebo_ros: 3.5.3 (/opt/ros/foxy/share/gazebo_ros/cmake)
[1.910s] -- Found PkgConfig: /usr/bin/pkg-config (found version "0.29.1") 
[1.911s] -- Checking for module 'bullet>=2.82'
[1.928s] --   Found bullet, version 2.88
[2.062s] -- Found ccd: /usr/include (found suitable version "2.0", minimum required is "2.0") 
[2.130s] -- Found fcl: /usr/include (found suitable version "0.5.0", minimum required is "0.3.2") 
[2.199s] -- Found assimp: /usr/include (found version "5.0.0") 
[2.221s] -- Found DART: /usr/include (Required is at least version "6.6") found components: dart 
[2.253s] -- Found Boost: /usr/lib/x86_64-linux-gnu/cmake/Boost-1.71.0/BoostConfig.cmake (found suitable version "1.71.0", minimum required is "1.40.0") found components: thread system filesystem program_options regex iostreams date_time 
[2.271s] -- Found Protobuf: /usr/lib/x86_64-linux-gnu/libprotobuf.so;-lpthread (found version "3.6.1") 
[2.276s] -- Looking for ignition-math6 -- found version 6.15.1
[2.283s] -- Searching for dependencies of ignition-math6
[2.284s] -- Looking for OGRE...
[2.285s] -- OGRE_PREFIX_WATCH changed.
[2.290s] -- Checking for module 'OGRE'
[2.310s] --   Found OGRE, version 1.9.0
[2.358s] -- Found Ogre Ghadamon (1.9.0)
[2.367s] -- Found OGRE: optimized;/usr/lib/x86_64-linux-gnu/libOgreMain.so;debug;/usr/lib/x86_64-linux-gnu/libOgreMain.so
[2.376s] -- Looking for OGRE_Paging...
[2.383s] -- Found OGRE_Paging: optimized;/usr/lib/x86_64-linux-gnu/libOgrePaging.so;debug;/usr/lib/x86_64-linux-gnu/libOgrePaging.so
[2.383s] -- Looking for OGRE_Terrain...
[2.389s] -- Found OGRE_Terrain: optimized;/usr/lib/x86_64-linux-gnu/libOgreTerrain.so;debug;/usr/lib/x86_64-linux-gnu/libOgreTerrain.so
[2.389s] -- Looking for OGRE_Property...
[2.395s] -- Found OGRE_Property: optimized;/usr/lib/x86_64-linux-gnu/libOgreProperty.so;debug;/usr/lib/x86_64-linux-gnu/libOgreProperty.so
[2.396s] -- Looking for OGRE_RTShaderSystem...
[2.402s] -- Found OGRE_RTShaderSystem: optimized;/usr/lib/x86_64-linux-gnu/libOgreRTShaderSystem.so;debug;/usr/lib/x86_64-linux-gnu/libOgreRTShaderSystem.so
[2.402s] -- Looking for OGRE_Volume...
[2.408s] -- Found OGRE_Volume: optimized;/usr/lib/x86_64-linux-gnu/libOgreVolume.so;debug;/usr/lib/x86_64-linux-gnu/libOgreVolume.so
[2.408s] -- Looking for OGRE_Overlay...
[2.414s] -- Found OGRE_Overlay: optimized;/usr/lib/x86_64-linux-gnu/libOgreOverlay.so;debug;/usr/lib/x86_64-linux-gnu/libOgreOverlay.so
[2.559s] -- Looking for ignition-math6 -- found version 6.15.1
[2.561s] -- Looking for ignition-transport8 -- found version 8.3.0
[2.562s] -- Searching for dependencies of ignition-transport8
[2.580s] -- Found Protobuf: /usr/lib/x86_64-linux-gnu/libprotobuf.so;-lpthread (found suitable version "3.6.1", minimum required is "3") 
[2.591s] -- Config-file not installed for ZeroMQ -- checking for pkg-config
[2.596s] -- Checking for module 'libzmq >= 4'
[2.615s] --   Found libzmq , version 4.3.2
[2.667s] -- Found ZeroMQ: TRUE (Required is at least version "4") 
[2.673s] -- Checking for module 'uuid'
[2.692s] --   Found uuid, version 2.34.0
[2.741s] -- Found UUID: TRUE  
[2.743s] -- Looking for ignition-msgs5 -- found version 5.10.0
[2.743s] -- Searching for dependencies of ignition-msgs5
[2.762s] -- Looking for ignition-math6 -- found version 6.15.1
[2.767s] -- Checking for module 'tinyxml2'
[2.786s] --   Found tinyxml2, version 6.2.0
[2.837s] -- Looking for ignition-msgs5 -- found version 5.10.0
[2.839s] -- Looking for ignition-common3 -- found version 3.14.2
[2.839s] -- Searching for dependencies of ignition-common3
[2.839s] -- Looking for dlfcn.h - found
[2.840s] -- Looking for libdl - found
[2.842s] -- Found DL: TRUE  
[2.850s] -- Searching for <ignition-common3> component [graphics]
[2.852s] -- Looking for ignition-common3-graphics -- found version 3.14.2
[2.853s] -- Searching for dependencies of ignition-common3-graphics
[2.853s] -- Looking for ignition-math6 -- found version 6.15.1
[2.856s] -- Looking for ignition-fuel_tools4 -- found version 4.6.0
[2.856s] -- Searching for dependencies of ignition-fuel_tools4
[2.948s] -- Found CURL: /usr/lib/x86_64-linux-gnu/libcurl.so (found version "7.68.0")  
[2.956s] -- Checking for module 'jsoncpp'
[2.975s] --   Found jsoncpp, version 1.7.4
[3.025s] -- Found JSONCPP: TRUE  
[3.031s] -- Checking for module 'libzip'
[3.050s] --   Found libzip, version 1.5.1
[3.100s] -- Found ZIP: TRUE  
[3.100s] -- Looking for ignition-common3 -- found version 3.14.2
[3.101s] -- Looking for ignition-math6 -- found version 6.15.1
[3.101s] -- Looking for ignition-msgs5 -- found version 5.10.0
[3.102s] -- Gazebo version: 11.11
[3.163s] -- Configuring done
[3.166s] -- Generating done
[3.168s] -- Build files have been written to: /home/jucy/ydlidar_ws_11_29/build/myagv_description
[3.180s] Invoked command in '/home/jucy/ydlidar_ws_11_29/build/myagv_description' returned '0': CMAKE_PREFIX_PATH=${CMAKE_PREFIX_PATH}:/home/jucy/ydlidar_ws_11_29/install/jdamr200_node /usr/bin/cmake /home/jucy/ydlidar_ws_11_29/ydlidar_ws/src/myagv_description -DCMAKE_INSTALL_PREFIX=/home/jucy/ydlidar_ws_11_29/install/myagv_description
[3.182s] Invoking command in '/home/jucy/ydlidar_ws_11_29/build/myagv_description': CMAKE_PREFIX_PATH=${CMAKE_PREFIX_PATH}:/home/jucy/ydlidar_ws_11_29/install/jdamr200_node /usr/bin/cmake --build /home/jucy/ydlidar_ws_11_29/build/myagv_description -- -j12 -l12
[3.225s] Invoked command in '/home/jucy/ydlidar_ws_11_29/build/myagv_description' returned '0': CMAKE_PREFIX_PATH=${CMAKE_PREFIX_PATH}:/home/jucy/ydlidar_ws_11_29/install/jdamr200_node /usr/bin/cmake --build /home/jucy/ydlidar_ws_11_29/build/myagv_description -- -j12 -l12
[3.227s] Invoking command in '/home/jucy/ydlidar_ws_11_29/build/myagv_description': CMAKE_PREFIX_PATH=${CMAKE_PREFIX_PATH}:/home/jucy/ydlidar_ws_11_29/install/jdamr200_node /usr/bin/cmake --install /home/jucy/ydlidar_ws_11_29/build/myagv_description
[3.235s] -- Install configuration: ""
[3.236s] -- Installing: /home/jucy/ydlidar_ws_11_29/install/myagv_description/share/myagv_description/config
[3.236s] -- Installing: /home/jucy/ydlidar_ws_11_29/install/myagv_description/share/myagv_description/config/joint_names_aseembly.yaml
[3.236s] -- Installing: /home/jucy/ydlidar_ws_11_29/install/myagv_description/share/myagv_description/launch
[3.236s] -- Installing: /home/jucy/ydlidar_ws_11_29/install/myagv_description/share/myagv_description/launch/display_s.launch.py
[3.236s] -- Installing: /home/jucy/ydlidar_ws_11_29/install/myagv_description/share/myagv_description/launch/gazebo.launch
[3.236s] -- Installing: /home/jucy/ydlidar_ws_11_29/install/myagv_description/share/myagv_description/launch/transform_publisher.launch.py
[3.237s] -- Installing: /home/jucy/ydlidar_ws_11_29/install/myagv_description/share/myagv_description/launch/display.launch.py
[3.237s] -- Installing: /home/jucy/ydlidar_ws_11_29/install/myagv_description/share/myagv_description/launch/robot_state_publisher.launch.py
[3.237s] -- Installing: /home/jucy/ydlidar_ws_11_29/install/myagv_description/share/myagv_description/meshes
[3.237s] -- Installing: /home/jucy/ydlidar_ws_11_29/install/myagv_description/share/myagv_description/meshes/wheele4_link.STL
[3.237s] -- Installing: /home/jucy/ydlidar_ws_11_29/install/myagv_description/share/myagv_description/meshes/wheele2_link.STL
[3.237s] -- Installing: /home/jucy/ydlidar_ws_11_29/install/myagv_description/share/myagv_description/meshes/wheele3_link.STL
[3.237s] -- Installing: /home/jucy/ydlidar_ws_11_29/install/myagv_description/share/myagv_description/meshes/base_link.STL
[3.237s] -- Installing: /home/jucy/ydlidar_ws_11_29/install/myagv_description/share/myagv_description/meshes/wheele1_link.STL
[3.238s] -- Installing: /home/jucy/ydlidar_ws_11_29/install/myagv_description/share/myagv_description/meshes/lidar_link.STL
[3.238s] -- Installing: /home/jucy/ydlidar_ws_11_29/install/myagv_description/share/myagv_description/urdf
[3.238s] -- Installing: /home/jucy/ydlidar_ws_11_29/install/myagv_description/share/myagv_description/urdf/aseembly.urdf
[3.238s] -- Installing: /home/jucy/ydlidar_ws_11_29/install/myagv_description/share/myagv_description/urdf/aseembly.csv
[3.238s] -- Installing: /home/jucy/ydlidar_ws_11_29/install/myagv_description/share/ament_index/resource_index/package_run_dependencies/myagv_description
[3.238s] -- Installing: /home/jucy/ydlidar_ws_11_29/install/myagv_description/share/ament_index/resource_index/parent_prefix_path/myagv_description
[3.239s] -- Installing: /home/jucy/ydlidar_ws_11_29/install/myagv_description/share/myagv_description/environment/ament_prefix_path.sh
[3.239s] -- Installing: /home/jucy/ydlidar_ws_11_29/install/myagv_description/share/myagv_description/environment/ament_prefix_path.dsv
[3.239s] -- Installing: /home/jucy/ydlidar_ws_11_29/install/myagv_description/share/myagv_description/environment/path.sh
[3.239s] -- Installing: /home/jucy/ydlidar_ws_11_29/install/myagv_description/share/myagv_description/environment/path.dsv
[3.239s] -- Installing: /home/jucy/ydlidar_ws_11_29/install/myagv_description/share/myagv_description/local_setup.bash
[3.239s] -- Installing: /home/jucy/ydlidar_ws_11_29/install/myagv_description/share/myagv_description/local_setup.sh
[3.239s] -- Installing: /home/jucy/ydlidar_ws_11_29/install/myagv_description/share/myagv_description/local_setup.zsh
[3.239s] -- Installing: /home/jucy/ydlidar_ws_11_29/install/myagv_description/share/myagv_description/local_setup.dsv
[3.240s] -- Installing: /home/jucy/ydlidar_ws_11_29/install/myagv_description/share/myagv_description/package.dsv
[3.240s] -- Installing: /home/jucy/ydlidar_ws_11_29/install/myagv_description/share/ament_index/resource_index/packages/myagv_description
[3.240s] -- Installing: /home/jucy/ydlidar_ws_11_29/install/myagv_description/share/myagv_description/cmake/myagv_descriptionConfig.cmake
[3.240s] -- Installing: /home/jucy/ydlidar_ws_11_29/install/myagv_description/share/myagv_description/cmake/myagv_descriptionConfig-version.cmake
[3.240s] -- Installing: /home/jucy/ydlidar_ws_11_29/install/myagv_description/share/myagv_description/package.xml
[3.242s] Invoked command in '/home/jucy/ydlidar_ws_11_29/build/myagv_description' returned '0': CMAKE_PREFIX_PATH=${CMAKE_PREFIX_PATH}:/home/jucy/ydlidar_ws_11_29/install/jdamr200_node /usr/bin/cmake --install /home/jucy/ydlidar_ws_11_29/build/myagv_description
