[0.116s] Invoking command in '/home/jucy/ydlidar_ws_11_29/build/nav2_rviz_plugins': AMENT_PREFIX_PATH=/home/jucy/ydlidar_ws_11_29/install/nav2_lifecycle_manager:/home/jucy/ydlidar_ws_11_29/install/nav2_util:/home/jucy/ydlidar_ws_11_29/install/nav2_msgs:/home/jucy/ydlidar_ws_11_29/install/nav2_common:${AMENT_PREFIX_PATH} CMAKE_PREFIX_PATH=/home/jucy/ydlidar_ws_11_29/install/nav2_lifecycle_manager:/home/jucy/ydlidar_ws_11_29/install/nav2_util:/home/jucy/ydlidar_ws_11_29/install/nav2_msgs:/home/jucy/ydlidar_ws_11_29/install/nav2_common:/opt/ros/foxy:/opt/ros/foxy LD_LIBRARY_PATH=/home/jucy/ydlidar_ws_11_29/install/nav2_lifecycle_manager/lib:/home/jucy/ydlidar_ws_11_29/install/nav2_util/lib:/home/jucy/ydlidar_ws_11_29/install/nav2_msgs/lib:${LD_LIBRARY_PATH} PYTHONPATH=/home/jucy/ydlidar_ws_11_29/install/nav2_msgs/lib/python3.8/site-packages:/home/jucy/ydlidar_ws_11_29/install/nav2_common/lib/python3.8/site-packages:${PYTHONPATH} /usr/bin/cmake --build /home/jucy/ydlidar_ws_11_29/build/nav2_rviz_plugins -- -j12 -l12
[0.201s] [ 20%] [34m[1mAutomatic MOC for target nav2_rviz_plugins[0m
[0.221s] [ 20%] Built target nav2_rviz_plugins_autogen
[0.282s] [100%] Built target nav2_rviz_plugins
[0.300s] Invoked command in '/home/jucy/ydlidar_ws_11_29/build/nav2_rviz_plugins' returned '0': AMENT_PREFIX_PATH=/home/jucy/ydlidar_ws_11_29/install/nav2_lifecycle_manager:/home/jucy/ydlidar_ws_11_29/install/nav2_util:/home/jucy/ydlidar_ws_11_29/install/nav2_msgs:/home/jucy/ydlidar_ws_11_29/install/nav2_common:${AMENT_PREFIX_PATH} CMAKE_PREFIX_PATH=/home/jucy/ydlidar_ws_11_29/install/nav2_lifecycle_manager:/home/jucy/ydlidar_ws_11_29/install/nav2_util:/home/jucy/ydlidar_ws_11_29/install/nav2_msgs:/home/jucy/ydlidar_ws_11_29/install/nav2_common:/opt/ros/foxy:/opt/ros/foxy LD_LIBRARY_PATH=/home/jucy/ydlidar_ws_11_29/install/nav2_lifecycle_manager/lib:/home/jucy/ydlidar_ws_11_29/install/nav2_util/lib:/home/jucy/ydlidar_ws_11_29/install/nav2_msgs/lib:${LD_LIBRARY_PATH} PYTHONPATH=/home/jucy/ydlidar_ws_11_29/install/nav2_msgs/lib/python3.8/site-packages:/home/jucy/ydlidar_ws_11_29/install/nav2_common/lib/python3.8/site-packages:${PYTHONPATH} /usr/bin/cmake --build /home/jucy/ydlidar_ws_11_29/build/nav2_rviz_plugins -- -j12 -l12
[0.301s] Invoking command in '/home/jucy/ydlidar_ws_11_29/build/nav2_rviz_plugins': AMENT_PREFIX_PATH=/home/jucy/ydlidar_ws_11_29/install/nav2_lifecycle_manager:/home/jucy/ydlidar_ws_11_29/install/nav2_util:/home/jucy/ydlidar_ws_11_29/install/nav2_msgs:/home/jucy/ydlidar_ws_11_29/install/nav2_common:${AMENT_PREFIX_PATH} CMAKE_PREFIX_PATH=/home/jucy/ydlidar_ws_11_29/install/nav2_lifecycle_manager:/home/jucy/ydlidar_ws_11_29/install/nav2_util:/home/jucy/ydlidar_ws_11_29/install/nav2_msgs:/home/jucy/ydlidar_ws_11_29/install/nav2_common:/opt/ros/foxy:/opt/ros/foxy LD_LIBRARY_PATH=/home/jucy/ydlidar_ws_11_29/install/nav2_lifecycle_manager/lib:/home/jucy/ydlidar_ws_11_29/install/nav2_util/lib:/home/jucy/ydlidar_ws_11_29/install/nav2_msgs/lib:${LD_LIBRARY_PATH} PYTHONPATH=/home/jucy/ydlidar_ws_11_29/install/nav2_msgs/lib/python3.8/site-packages:/home/jucy/ydlidar_ws_11_29/install/nav2_common/lib/python3.8/site-packages:${PYTHONPATH} /usr/bin/cmake --install /home/jucy/ydlidar_ws_11_29/build/nav2_rviz_plugins
[0.308s] -- Install configuration: ""
[0.308s] -- Up-to-date: /home/jucy/ydlidar_ws_11_29/install/nav2_rviz_plugins/share/nav2_rviz_plugins/plugins_description.xml
[0.308s] -- Up-to-date: /home/jucy/ydlidar_ws_11_29/install/nav2_rviz_plugins/lib/libnav2_rviz_plugins.so
[0.308s] -- Up-to-date: /home/jucy/ydlidar_ws_11_29/install/nav2_rviz_plugins/include/
[0.308s] -- Up-to-date: /home/jucy/ydlidar_ws_11_29/install/nav2_rviz_plugins/include//nav2_rviz_plugins
[0.308s] -- Up-to-date: /home/jucy/ydlidar_ws_11_29/install/nav2_rviz_plugins/include//nav2_rviz_plugins/nav2_panel.hpp
[0.308s] -- Up-to-date: /home/jucy/ydlidar_ws_11_29/install/nav2_rviz_plugins/include//nav2_rviz_plugins/goal_pose_updater.hpp
[0.308s] -- Up-to-date: /home/jucy/ydlidar_ws_11_29/install/nav2_rviz_plugins/include//nav2_rviz_plugins/goal_common.hpp
[0.309s] -- Up-to-date: /home/jucy/ydlidar_ws_11_29/install/nav2_rviz_plugins/include//nav2_rviz_plugins/ros_action_qevent.hpp
[0.309s] -- Up-to-date: /home/jucy/ydlidar_ws_11_29/install/nav2_rviz_plugins/include//nav2_rviz_plugins/goal_tool.hpp
[0.309s] -- Up-to-date: /home/jucy/ydlidar_ws_11_29/install/nav2_rviz_plugins/share/nav2_rviz_plugins/environment/library_path.sh
[0.309s] -- Up-to-date: /home/jucy/ydlidar_ws_11_29/install/nav2_rviz_plugins/share/nav2_rviz_plugins/environment/library_path.dsv
[0.309s] -- Up-to-date: /home/jucy/ydlidar_ws_11_29/install/nav2_rviz_plugins/share/ament_index/resource_index/package_run_dependencies/nav2_rviz_plugins
[0.309s] -- Up-to-date: /home/jucy/ydlidar_ws_11_29/install/nav2_rviz_plugins/share/ament_index/resource_index/parent_prefix_path/nav2_rviz_plugins
[0.309s] -- Up-to-date: /home/jucy/ydlidar_ws_11_29/install/nav2_rviz_plugins/share/nav2_rviz_plugins/environment/ament_prefix_path.sh
[0.309s] -- Up-to-date: /home/jucy/ydlidar_ws_11_29/install/nav2_rviz_plugins/share/nav2_rviz_plugins/environment/ament_prefix_path.dsv
[0.309s] -- Up-to-date: /home/jucy/ydlidar_ws_11_29/install/nav2_rviz_plugins/share/nav2_rviz_plugins/environment/path.sh
[0.309s] -- Up-to-date: /home/jucy/ydlidar_ws_11_29/install/nav2_rviz_plugins/share/nav2_rviz_plugins/environment/path.dsv
[0.309s] -- Up-to-date: /home/jucy/ydlidar_ws_11_29/install/nav2_rviz_plugins/share/nav2_rviz_plugins/local_setup.bash
[0.309s] -- Up-to-date: /home/jucy/ydlidar_ws_11_29/install/nav2_rviz_plugins/share/nav2_rviz_plugins/local_setup.sh
[0.309s] -- Up-to-date: /home/jucy/ydlidar_ws_11_29/install/nav2_rviz_plugins/share/nav2_rviz_plugins/local_setup.zsh
[0.309s] -- Up-to-date: /home/jucy/ydlidar_ws_11_29/install/nav2_rviz_plugins/share/nav2_rviz_plugins/local_setup.dsv
[0.309s] -- Installing: /home/jucy/ydlidar_ws_11_29/install/nav2_rviz_plugins/share/nav2_rviz_plugins/package.dsv
[0.310s] -- Up-to-date: /home/jucy/ydlidar_ws_11_29/install/nav2_rviz_plugins/share/ament_index/resource_index/packages/nav2_rviz_plugins
[0.310s] -- Up-to-date: /home/jucy/ydlidar_ws_11_29/install/nav2_rviz_plugins/share/ament_index/resource_index/rviz_common__pluginlib__plugin/nav2_rviz_plugins
[0.310s] -- Up-to-date: /home/jucy/ydlidar_ws_11_29/install/nav2_rviz_plugins/share/nav2_rviz_plugins/cmake/nav2_rviz_pluginsExport.cmake
[0.310s] -- Up-to-date: /home/jucy/ydlidar_ws_11_29/install/nav2_rviz_plugins/share/nav2_rviz_plugins/cmake/nav2_rviz_pluginsExport-noconfig.cmake
[0.310s] -- Up-to-date: /home/jucy/ydlidar_ws_11_29/install/nav2_rviz_plugins/share/nav2_rviz_plugins/cmake/ament_cmake_export_include_directories-extras.cmake
[0.310s] -- Up-to-date: /home/jucy/ydlidar_ws_11_29/install/nav2_rviz_plugins/share/nav2_rviz_plugins/cmake/ament_cmake_export_targets-extras.cmake
[0.310s] -- Up-to-date: /home/jucy/ydlidar_ws_11_29/install/nav2_rviz_plugins/share/nav2_rviz_plugins/cmake/ament_cmake_export_dependencies-extras.cmake
[0.310s] -- Up-to-date: /home/jucy/ydlidar_ws_11_29/install/nav2_rviz_plugins/share/nav2_rviz_plugins/cmake/nav2_rviz_pluginsConfig.cmake
[0.310s] -- Up-to-date: /home/jucy/ydlidar_ws_11_29/install/nav2_rviz_plugins/share/nav2_rviz_plugins/cmake/nav2_rviz_pluginsConfig-version.cmake
[0.310s] -- Up-to-date: /home/jucy/ydlidar_ws_11_29/install/nav2_rviz_plugins/share/nav2_rviz_plugins/package.xml
[0.312s] Invoked command in '/home/jucy/ydlidar_ws_11_29/build/nav2_rviz_plugins' returned '0': AMENT_PREFIX_PATH=/home/jucy/ydlidar_ws_11_29/install/nav2_lifecycle_manager:/home/jucy/ydlidar_ws_11_29/install/nav2_util:/home/jucy/ydlidar_ws_11_29/install/nav2_msgs:/home/jucy/ydlidar_ws_11_29/install/nav2_common:${AMENT_PREFIX_PATH} CMAKE_PREFIX_PATH=/home/jucy/ydlidar_ws_11_29/install/nav2_lifecycle_manager:/home/jucy/ydlidar_ws_11_29/install/nav2_util:/home/jucy/ydlidar_ws_11_29/install/nav2_msgs:/home/jucy/ydlidar_ws_11_29/install/nav2_common:/opt/ros/foxy:/opt/ros/foxy LD_LIBRARY_PATH=/home/jucy/ydlidar_ws_11_29/install/nav2_lifecycle_manager/lib:/home/jucy/ydlidar_ws_11_29/install/nav2_util/lib:/home/jucy/ydlidar_ws_11_29/install/nav2_msgs/lib:${LD_LIBRARY_PATH} PYTHONPATH=/home/jucy/ydlidar_ws_11_29/install/nav2_msgs/lib/python3.8/site-packages:/home/jucy/ydlidar_ws_11_29/install/nav2_common/lib/python3.8/site-packages:${PYTHONPATH} /usr/bin/cmake --install /home/jucy/ydlidar_ws_11_29/build/nav2_rviz_plugins
