[0.348s] Invoking command in '/home/jucy/ydlidar_ws_11_29/ydlidar_ws/build/nav_2d_msgs': CMAKE_PREFIX_PATH=${CMAKE_PREFIX_PATH}:/home/jucy/ydlidar_ws_11_29/install/nav2_gazebo_spawner:/home/jucy/ydlidar_ws_11_29/install/jdamr200_node:/home/jucy/ydlidar_ws_11_29/ydlidar_ws/install/nav2_gazebo_spawner:/home/jucy/ydlidar_ws_11_29/ydlidar_ws/install/jdamr200_node:/home/jucy/turtlebot3_ws/install/turtlebot3_teleop:/home/jucy/turtlebot3_ws/install/turtlebot3_example:/home/jucy/turtlebot3_ws/install/nav2_goal_pulisher_test:/home/jucy/turtlebot3_ws/install/nav2_goal_publisher:/home/jucy/ros2_ws/install/nav2_simple_commander:/home/jucy/ros2_ws/install/nav2_gazebo_spawner:/home/jucy/ros2_ws/install/camera_udp_communication:/home/jucy/ros2_ws/install/agv_control_py:/home/jucy/ydlidar_ros2_ws/install/jdamr200_teleop:/home/jucy/ydlidar_ros2_ws/install/jdamr200_node /usr/bin/cmake --build /home/jucy/ydlidar_ws_11_29/ydlidar_ws/build/nav_2d_msgs -- -j12 -l12
[1.021s] [  1%] Built target nav_2d_msgs__cpp
[1.021s] [ 12%] Built target nav_2d_msgs__rosidl_typesupport_cpp
[1.022s] [ 23%] Built target nav_2d_msgs__rosidl_generator_c
[1.023s] [ 35%] Built target nav_2d_msgs__rosidl_typesupport_introspection_cpp
[1.023s] [ 46%] Built target nav_2d_msgs__rosidl_typesupport_c
[1.023s] [ 57%] Built target nav_2d_msgs__rosidl_typesupport_fastrtps_cpp
[1.023s] [ 69%] Built target nav_2d_msgs__rosidl_typesupport_introspection_c
[1.023s] [ 80%] Built target nav_2d_msgs__rosidl_typesupport_fastrtps_c
[1.128s] [ 80%] Built target nav_2d_msgs
[1.183s] [ 81%] Built target nav_2d_msgs__py
[1.774s] [ 91%] Built target nav_2d_msgs__python
[1.925s] [ 94%] Built target nav_2d_msgs__rosidl_typesupport_fastrtps_c__pyext
[1.951s] [100%] Built target nav_2d_msgs__rosidl_typesupport_c__pyext
[1.952s] [100%] Built target nav_2d_msgs__rosidl_typesupport_introspection_c__pyext
[1.972s] Invoked command in '/home/jucy/ydlidar_ws_11_29/ydlidar_ws/build/nav_2d_msgs' returned '0': CMAKE_PREFIX_PATH=${CMAKE_PREFIX_PATH}:/home/jucy/ydlidar_ws_11_29/install/nav2_gazebo_spawner:/home/jucy/ydlidar_ws_11_29/install/jdamr200_node:/home/jucy/ydlidar_ws_11_29/ydlidar_ws/install/nav2_gazebo_spawner:/home/jucy/ydlidar_ws_11_29/ydlidar_ws/install/jdamr200_node:/home/jucy/turtlebot3_ws/install/turtlebot3_teleop:/home/jucy/turtlebot3_ws/install/turtlebot3_example:/home/jucy/turtlebot3_ws/install/nav2_goal_pulisher_test:/home/jucy/turtlebot3_ws/install/nav2_goal_publisher:/home/jucy/ros2_ws/install/nav2_simple_commander:/home/jucy/ros2_ws/install/nav2_gazebo_spawner:/home/jucy/ros2_ws/install/camera_udp_communication:/home/jucy/ros2_ws/install/agv_control_py:/home/jucy/ydlidar_ros2_ws/install/jdamr200_teleop:/home/jucy/ydlidar_ros2_ws/install/jdamr200_node /usr/bin/cmake --build /home/jucy/ydlidar_ws_11_29/ydlidar_ws/build/nav_2d_msgs -- -j12 -l12
[1.977s] Invoking command in '/home/jucy/ydlidar_ws_11_29/ydlidar_ws/build/nav_2d_msgs': CMAKE_PREFIX_PATH=${CMAKE_PREFIX_PATH}:/home/jucy/ydlidar_ws_11_29/install/nav2_gazebo_spawner:/home/jucy/ydlidar_ws_11_29/install/jdamr200_node:/home/jucy/ydlidar_ws_11_29/ydlidar_ws/install/nav2_gazebo_spawner:/home/jucy/ydlidar_ws_11_29/ydlidar_ws/install/jdamr200_node:/home/jucy/turtlebot3_ws/install/turtlebot3_teleop:/home/jucy/turtlebot3_ws/install/turtlebot3_example:/home/jucy/turtlebot3_ws/install/nav2_goal_pulisher_test:/home/jucy/turtlebot3_ws/install/nav2_goal_publisher:/home/jucy/ros2_ws/install/nav2_simple_commander:/home/jucy/ros2_ws/install/nav2_gazebo_spawner:/home/jucy/ros2_ws/install/camera_udp_communication:/home/jucy/ros2_ws/install/agv_control_py:/home/jucy/ydlidar_ros2_ws/install/jdamr200_teleop:/home/jucy/ydlidar_ros2_ws/install/jdamr200_node /usr/bin/cmake --install /home/jucy/ydlidar_ws_11_29/ydlidar_ws/build/nav_2d_msgs
[1.998s] -- Install configuration: ""
[1.999s] -- Up-to-date: /home/jucy/ydlidar_ws_11_29/ydlidar_ws/install/nav_2d_msgs/share/ament_index/resource_index/rosidl_interfaces/nav_2d_msgs
[2.000s] -- Up-to-date: /home/jucy/ydlidar_ws_11_29/ydlidar_ws/install/nav_2d_msgs/include/nav_2d_msgs
[2.000s] -- Up-to-date: /home/jucy/ydlidar_ws_11_29/ydlidar_ws/install/nav_2d_msgs/include/nav_2d_msgs/msg
[2.000s] -- Up-to-date: /home/jucy/ydlidar_ws_11_29/ydlidar_ws/install/nav_2d_msgs/include/nav_2d_msgs/msg/twist2_d.h
[2.001s] -- Up-to-date: /home/jucy/ydlidar_ws_11_29/ydlidar_ws/install/nav_2d_msgs/include/nav_2d_msgs/msg/rosidl_generator_c__visibility_control.h
[2.001s] -- Up-to-date: /home/jucy/ydlidar_ws_11_29/ydlidar_ws/install/nav_2d_msgs/include/nav_2d_msgs/msg/twist2_d32.h
[2.001s] -- Up-to-date: /home/jucy/ydlidar_ws_11_29/ydlidar_ws/install/nav_2d_msgs/include/nav_2d_msgs/msg/pose2_d32.h
[2.001s] -- Up-to-date: /home/jucy/ydlidar_ws_11_29/ydlidar_ws/install/nav_2d_msgs/include/nav_2d_msgs/msg/twist2_d_stamped.h
[2.001s] -- Up-to-date: /home/jucy/ydlidar_ws_11_29/ydlidar_ws/install/nav_2d_msgs/include/nav_2d_msgs/msg/path2_d.h
[2.002s] -- Up-to-date: /home/jucy/ydlidar_ws_11_29/ydlidar_ws/install/nav_2d_msgs/include/nav_2d_msgs/msg/detail
[2.002s] -- Up-to-date: /home/jucy/ydlidar_ws_11_29/ydlidar_ws/install/nav_2d_msgs/include/nav_2d_msgs/msg/detail/twist2_d__type_support.h
[2.002s] -- Up-to-date: /home/jucy/ydlidar_ws_11_29/ydlidar_ws/install/nav_2d_msgs/include/nav_2d_msgs/msg/detail/twist2_d32__functions.h
[2.002s] -- Up-to-date: /home/jucy/ydlidar_ws_11_29/ydlidar_ws/install/nav_2d_msgs/include/nav_2d_msgs/msg/detail/pose2_d32__functions.h
[2.002s] -- Up-to-date: /home/jucy/ydlidar_ws_11_29/ydlidar_ws/install/nav_2d_msgs/include/nav_2d_msgs/msg/detail/twist2_d_stamped__type_support.h
[2.002s] -- Up-to-date: /home/jucy/ydlidar_ws_11_29/ydlidar_ws/install/nav_2d_msgs/include/nav_2d_msgs/msg/detail/pose2_d32__struct.h
[2.002s] -- Up-to-date: /home/jucy/ydlidar_ws_11_29/ydlidar_ws/install/nav_2d_msgs/include/nav_2d_msgs/msg/detail/twist2_d_stamped__functions.h
[2.002s] -- Up-to-date: /home/jucy/ydlidar_ws_11_29/ydlidar_ws/install/nav_2d_msgs/include/nav_2d_msgs/msg/detail/twist2_d32__type_support.h
[2.002s] -- Up-to-date: /home/jucy/ydlidar_ws_11_29/ydlidar_ws/install/nav_2d_msgs/include/nav_2d_msgs/msg/detail/twist2_d__struct.h
[2.002s] -- Up-to-date: /home/jucy/ydlidar_ws_11_29/ydlidar_ws/install/nav_2d_msgs/include/nav_2d_msgs/msg/detail/pose2_d_stamped__functions.c
[2.003s] -- Up-to-date: /home/jucy/ydlidar_ws_11_29/ydlidar_ws/install/nav_2d_msgs/include/nav_2d_msgs/msg/detail/pose2_d_stamped__functions.h
[2.003s] -- Up-to-date: /home/jucy/ydlidar_ws_11_29/ydlidar_ws/install/nav_2d_msgs/include/nav_2d_msgs/msg/detail/path2_d__functions.c
[2.003s] -- Up-to-date: /home/jucy/ydlidar_ws_11_29/ydlidar_ws/install/nav_2d_msgs/include/nav_2d_msgs/msg/detail/path2_d__type_support.h
[2.003s] -- Up-to-date: /home/jucy/ydlidar_ws_11_29/ydlidar_ws/install/nav_2d_msgs/include/nav_2d_msgs/msg/detail/twist2_d32__functions.c
[2.003s] -- Up-to-date: /home/jucy/ydlidar_ws_11_29/ydlidar_ws/install/nav_2d_msgs/include/nav_2d_msgs/msg/detail/twist2_d__functions.c
[2.003s] -- Up-to-date: /home/jucy/ydlidar_ws_11_29/ydlidar_ws/install/nav_2d_msgs/include/nav_2d_msgs/msg/detail/twist2_d_stamped__struct.h
[2.003s] -- Up-to-date: /home/jucy/ydlidar_ws_11_29/ydlidar_ws/install/nav_2d_msgs/include/nav_2d_msgs/msg/detail/twist2_d__functions.h
[2.003s] -- Up-to-date: /home/jucy/ydlidar_ws_11_29/ydlidar_ws/install/nav_2d_msgs/include/nav_2d_msgs/msg/detail/twist2_d32__struct.h
[2.003s] -- Up-to-date: /home/jucy/ydlidar_ws_11_29/ydlidar_ws/install/nav_2d_msgs/include/nav_2d_msgs/msg/detail/path2_d__struct.h
[2.003s] -- Up-to-date: /home/jucy/ydlidar_ws_11_29/ydlidar_ws/install/nav_2d_msgs/include/nav_2d_msgs/msg/detail/path2_d__functions.h
[2.004s] -- Up-to-date: /home/jucy/ydlidar_ws_11_29/ydlidar_ws/install/nav_2d_msgs/include/nav_2d_msgs/msg/detail/twist2_d_stamped__functions.c
[2.004s] -- Up-to-date: /home/jucy/ydlidar_ws_11_29/ydlidar_ws/install/nav_2d_msgs/include/nav_2d_msgs/msg/detail/pose2_d_stamped__struct.h
[2.004s] -- Up-to-date: /home/jucy/ydlidar_ws_11_29/ydlidar_ws/install/nav_2d_msgs/include/nav_2d_msgs/msg/detail/pose2_d32__functions.c
[2.004s] -- Up-to-date: /home/jucy/ydlidar_ws_11_29/ydlidar_ws/install/nav_2d_msgs/include/nav_2d_msgs/msg/detail/pose2_d_stamped__type_support.h
[2.004s] -- Up-to-date: /home/jucy/ydlidar_ws_11_29/ydlidar_ws/install/nav_2d_msgs/include/nav_2d_msgs/msg/detail/pose2_d32__type_support.h
[2.004s] -- Up-to-date: /home/jucy/ydlidar_ws_11_29/ydlidar_ws/install/nav_2d_msgs/include/nav_2d_msgs/msg/pose2_d_stamped.h
[2.004s] -- Up-to-date: /home/jucy/ydlidar_ws_11_29/ydlidar_ws/install/nav_2d_msgs/share/nav_2d_msgs/environment/library_path.sh
[2.004s] -- Up-to-date: /home/jucy/ydlidar_ws_11_29/ydlidar_ws/install/nav_2d_msgs/share/nav_2d_msgs/environment/library_path.dsv
[2.024s] -- Up-to-date: /home/jucy/ydlidar_ws_11_29/ydlidar_ws/install/nav_2d_msgs/lib/libnav_2d_msgs__rosidl_generator_c.so
[2.024s] -- Up-to-date: /home/jucy/ydlidar_ws_11_29/ydlidar_ws/install/nav_2d_msgs/include/nav_2d_msgs
[2.024s] -- Up-to-date: /home/jucy/ydlidar_ws_11_29/ydlidar_ws/install/nav_2d_msgs/include/nav_2d_msgs/msg
[2.024s] -- Up-to-date: /home/jucy/ydlidar_ws_11_29/ydlidar_ws/install/nav_2d_msgs/include/nav_2d_msgs/msg/rosidl_typesupport_fastrtps_c__visibility_control.h
[2.024s] -- Up-to-date: /home/jucy/ydlidar_ws_11_29/ydlidar_ws/install/nav_2d_msgs/include/nav_2d_msgs/msg/detail
[2.024s] -- Up-to-date: /home/jucy/ydlidar_ws_11_29/ydlidar_ws/install/nav_2d_msgs/include/nav_2d_msgs/msg/detail/twist2_d32__rosidl_typesupport_fastrtps_c.h
[2.025s] -- Up-to-date: /home/jucy/ydlidar_ws_11_29/ydlidar_ws/install/nav_2d_msgs/include/nav_2d_msgs/msg/detail/pose2_d_stamped__rosidl_typesupport_fastrtps_c.h
[2.025s] -- Up-to-date: /home/jucy/ydlidar_ws_11_29/ydlidar_ws/install/nav_2d_msgs/include/nav_2d_msgs/msg/detail/pose2_d32__rosidl_typesupport_fastrtps_c.h
[2.025s] -- Up-to-date: /home/jucy/ydlidar_ws_11_29/ydlidar_ws/install/nav_2d_msgs/include/nav_2d_msgs/msg/detail/path2_d__rosidl_typesupport_fastrtps_c.h
[2.025s] -- Up-to-date: /home/jucy/ydlidar_ws_11_29/ydlidar_ws/install/nav_2d_msgs/include/nav_2d_msgs/msg/detail/twist2_d__rosidl_typesupport_fastrtps_c.h
[2.025s] -- Up-to-date: /home/jucy/ydlidar_ws_11_29/ydlidar_ws/install/nav_2d_msgs/include/nav_2d_msgs/msg/detail/twist2_d_stamped__rosidl_typesupport_fastrtps_c.h
[2.120s] -- Up-to-date: /home/jucy/ydlidar_ws_11_29/ydlidar_ws/install/nav_2d_msgs/lib/libnav_2d_msgs__rosidl_typesupport_fastrtps_c.so
[2.121s] -- Up-to-date: /home/jucy/ydlidar_ws_11_29/ydlidar_ws/install/nav_2d_msgs/include/nav_2d_msgs
[2.121s] -- Up-to-date: /home/jucy/ydlidar_ws_11_29/ydlidar_ws/install/nav_2d_msgs/include/nav_2d_msgs/msg
[2.121s] -- Up-to-date: /home/jucy/ydlidar_ws_11_29/ydlidar_ws/install/nav_2d_msgs/include/nav_2d_msgs/msg/rosidl_typesupport_fastrtps_cpp__visibility_control.h
[2.121s] -- Up-to-date: /home/jucy/ydlidar_ws_11_29/ydlidar_ws/install/nav_2d_msgs/include/nav_2d_msgs/msg/detail
[2.121s] -- Up-to-date: /home/jucy/ydlidar_ws_11_29/ydlidar_ws/install/nav_2d_msgs/include/nav_2d_msgs/msg/detail/twist2_d32__rosidl_typesupport_fastrtps_cpp.hpp
[2.121s] -- Up-to-date: /home/jucy/ydlidar_ws_11_29/ydlidar_ws/install/nav_2d_msgs/include/nav_2d_msgs/msg/detail/twist2_d_stamped__rosidl_typesupport_fastrtps_cpp.hpp
[2.121s] -- Up-to-date: /home/jucy/ydlidar_ws_11_29/ydlidar_ws/install/nav_2d_msgs/include/nav_2d_msgs/msg/detail/pose2_d32__rosidl_typesupport_fastrtps_cpp.hpp
[2.122s] -- Up-to-date: /home/jucy/ydlidar_ws_11_29/ydlidar_ws/install/nav_2d_msgs/include/nav_2d_msgs/msg/detail/pose2_d_stamped__rosidl_typesupport_fastrtps_cpp.hpp
[2.122s] -- Up-to-date: /home/jucy/ydlidar_ws_11_29/ydlidar_ws/install/nav_2d_msgs/include/nav_2d_msgs/msg/detail/path2_d__rosidl_typesupport_fastrtps_cpp.hpp
[2.122s] -- Up-to-date: /home/jucy/ydlidar_ws_11_29/ydlidar_ws/install/nav_2d_msgs/include/nav_2d_msgs/msg/detail/twist2_d__rosidl_typesupport_fastrtps_cpp.hpp
[2.122s] -- Up-to-date: /home/jucy/ydlidar_ws_11_29/ydlidar_ws/install/nav_2d_msgs/include/nav_2d_msgs/msg/detail/dds_fastrtps
[2.181s] -- Up-to-date: /home/jucy/ydlidar_ws_11_29/ydlidar_ws/install/nav_2d_msgs/lib/libnav_2d_msgs__rosidl_typesupport_fastrtps_cpp.so
[2.181s] -- Up-to-date: /home/jucy/ydlidar_ws_11_29/ydlidar_ws/install/nav_2d_msgs/include/nav_2d_msgs
[2.181s] -- Up-to-date: /home/jucy/ydlidar_ws_11_29/ydlidar_ws/install/nav_2d_msgs/include/nav_2d_msgs/msg
[2.181s] -- Up-to-date: /home/jucy/ydlidar_ws_11_29/ydlidar_ws/install/nav_2d_msgs/include/nav_2d_msgs/msg/rosidl_typesupport_introspection_c__visibility_control.h
[2.182s] -- Up-to-date: /home/jucy/ydlidar_ws_11_29/ydlidar_ws/install/nav_2d_msgs/include/nav_2d_msgs/msg/detail
[2.182s] -- Up-to-date: /home/jucy/ydlidar_ws_11_29/ydlidar_ws/install/nav_2d_msgs/include/nav_2d_msgs/msg/detail/twist2_d_stamped__rosidl_typesupport_introspection_c.h
[2.182s] -- Up-to-date: /home/jucy/ydlidar_ws_11_29/ydlidar_ws/install/nav_2d_msgs/include/nav_2d_msgs/msg/detail/twist2_d__rosidl_typesupport_introspection_c.h
[2.182s] -- Up-to-date: /home/jucy/ydlidar_ws_11_29/ydlidar_ws/install/nav_2d_msgs/include/nav_2d_msgs/msg/detail/pose2_d_stamped__rosidl_typesupport_introspection_c.h
[2.182s] -- Up-to-date: /home/jucy/ydlidar_ws_11_29/ydlidar_ws/install/nav_2d_msgs/include/nav_2d_msgs/msg/detail/pose2_d_stamped__type_support.c
[2.182s] -- Up-to-date: /home/jucy/ydlidar_ws_11_29/ydlidar_ws/install/nav_2d_msgs/include/nav_2d_msgs/msg/detail/pose2_d32__rosidl_typesupport_introspection_c.h
[2.182s] -- Up-to-date: /home/jucy/ydlidar_ws_11_29/ydlidar_ws/install/nav_2d_msgs/include/nav_2d_msgs/msg/detail/path2_d__rosidl_typesupport_introspection_c.h
[2.182s] -- Up-to-date: /home/jucy/ydlidar_ws_11_29/ydlidar_ws/install/nav_2d_msgs/include/nav_2d_msgs/msg/detail/path2_d__type_support.c
[2.182s] -- Up-to-date: /home/jucy/ydlidar_ws_11_29/ydlidar_ws/install/nav_2d_msgs/include/nav_2d_msgs/msg/detail/twist2_d_stamped__type_support.c
[2.182s] -- Up-to-date: /home/jucy/ydlidar_ws_11_29/ydlidar_ws/install/nav_2d_msgs/include/nav_2d_msgs/msg/detail/twist2_d32__rosidl_typesupport_introspection_c.h
[2.182s] -- Up-to-date: /home/jucy/ydlidar_ws_11_29/ydlidar_ws/install/nav_2d_msgs/include/nav_2d_msgs/msg/detail/twist2_d__type_support.c
[2.182s] -- Up-to-date: /home/jucy/ydlidar_ws_11_29/ydlidar_ws/install/nav_2d_msgs/include/nav_2d_msgs/msg/detail/pose2_d32__type_support.c
[2.182s] -- Up-to-date: /home/jucy/ydlidar_ws_11_29/ydlidar_ws/install/nav_2d_msgs/include/nav_2d_msgs/msg/detail/twist2_d32__type_support.c
[2.182s] -- Up-to-date: /home/jucy/ydlidar_ws_11_29/ydlidar_ws/install/nav_2d_msgs/lib/libnav_2d_msgs__rosidl_typesupport_introspection_c.so
[2.183s] -- Up-to-date: /home/jucy/ydlidar_ws_11_29/ydlidar_ws/install/nav_2d_msgs/lib/libnav_2d_msgs__rosidl_typesupport_c.so
[2.183s] -- Up-to-date: /home/jucy/ydlidar_ws_11_29/ydlidar_ws/install/nav_2d_msgs/include/nav_2d_msgs
[2.183s] -- Up-to-date: /home/jucy/ydlidar_ws_11_29/ydlidar_ws/install/nav_2d_msgs/include/nav_2d_msgs/msg
[2.184s] -- Up-to-date: /home/jucy/ydlidar_ws_11_29/ydlidar_ws/install/nav_2d_msgs/include/nav_2d_msgs/msg/path2_d.hpp
[2.184s] -- Up-to-date: /home/jucy/ydlidar_ws_11_29/ydlidar_ws/install/nav_2d_msgs/include/nav_2d_msgs/msg/rosidl_generator_cpp__visibility_control.hpp
[2.184s] -- Up-to-date: /home/jucy/ydlidar_ws_11_29/ydlidar_ws/install/nav_2d_msgs/include/nav_2d_msgs/msg/twist2_d_stamped.hpp
[2.185s] -- Up-to-date: /home/jucy/ydlidar_ws_11_29/ydlidar_ws/install/nav_2d_msgs/include/nav_2d_msgs/msg/pose2_d32.hpp
[2.185s] -- Up-to-date: /home/jucy/ydlidar_ws_11_29/ydlidar_ws/install/nav_2d_msgs/include/nav_2d_msgs/msg/pose2_d_stamped.hpp
[2.185s] -- Up-to-date: /home/jucy/ydlidar_ws_11_29/ydlidar_ws/install/nav_2d_msgs/include/nav_2d_msgs/msg/detail
[2.185s] -- Up-to-date: /home/jucy/ydlidar_ws_11_29/ydlidar_ws/install/nav_2d_msgs/include/nav_2d_msgs/msg/detail/pose2_d_stamped__traits.hpp
[2.187s] -- Up-to-date: /home/jucy/ydlidar_ws_11_29/ydlidar_ws/install/nav_2d_msgs/include/nav_2d_msgs/msg/detail/twist2_d_stamped__traits.hpp
[2.188s] -- Up-to-date: /home/jucy/ydlidar_ws_11_29/ydlidar_ws/install/nav_2d_msgs/include/nav_2d_msgs/msg/detail/twist2_d32__builder.hpp
[2.189s] -- Up-to-date: /home/jucy/ydlidar_ws_11_29/ydlidar_ws/install/nav_2d_msgs/include/nav_2d_msgs/msg/detail/twist2_d__type_support.hpp
[2.189s] -- Up-to-date: /home/jucy/ydlidar_ws_11_29/ydlidar_ws/install/nav_2d_msgs/include/nav_2d_msgs/msg/detail/twist2_d_stamped__struct.hpp
[2.189s] -- Up-to-date: /home/jucy/ydlidar_ws_11_29/ydlidar_ws/install/nav_2d_msgs/include/nav_2d_msgs/msg/detail/path2_d__traits.hpp
[2.189s] -- Up-to-date: /home/jucy/ydlidar_ws_11_29/ydlidar_ws/install/nav_2d_msgs/include/nav_2d_msgs/msg/detail/pose2_d32__type_support.hpp
[2.189s] -- Up-to-date: /home/jucy/ydlidar_ws_11_29/ydlidar_ws/install/nav_2d_msgs/include/nav_2d_msgs/msg/detail/path2_d__builder.hpp
[2.189s] -- Up-to-date: /home/jucy/ydlidar_ws_11_29/ydlidar_ws/install/nav_2d_msgs/include/nav_2d_msgs/msg/detail/pose2_d_stamped__type_support.hpp
[2.190s] -- Up-to-date: /home/jucy/ydlidar_ws_11_29/ydlidar_ws/install/nav_2d_msgs/include/nav_2d_msgs/msg/detail/twist2_d__struct.hpp
[2.190s] -- Up-to-date: /home/jucy/ydlidar_ws_11_29/ydlidar_ws/install/nav_2d_msgs/include/nav_2d_msgs/msg/detail/path2_d__type_support.hpp
[2.190s] -- Up-to-date: /home/jucy/ydlidar_ws_11_29/ydlidar_ws/install/nav_2d_msgs/include/nav_2d_msgs/msg/detail/pose2_d32__builder.hpp
[2.190s] -- Up-to-date: /home/jucy/ydlidar_ws_11_29/ydlidar_ws/install/nav_2d_msgs/include/nav_2d_msgs/msg/detail/twist2_d__traits.hpp
[2.190s] -- Up-to-date: /home/jucy/ydlidar_ws_11_29/ydlidar_ws/install/nav_2d_msgs/include/nav_2d_msgs/msg/detail/twist2_d_stamped__type_support.hpp
[2.190s] -- Up-to-date: /home/jucy/ydlidar_ws_11_29/ydlidar_ws/install/nav_2d_msgs/include/nav_2d_msgs/msg/detail/pose2_d32__struct.hpp
[2.190s] -- Up-to-date: /home/jucy/ydlidar_ws_11_29/ydlidar_ws/install/nav_2d_msgs/include/nav_2d_msgs/msg/detail/twist2_d32__type_support.hpp
[2.191s] -- Up-to-date: /home/jucy/ydlidar_ws_11_29/ydlidar_ws/install/nav_2d_msgs/include/nav_2d_msgs/msg/detail/path2_d__struct.hpp
[2.191s] -- Up-to-date: /home/jucy/ydlidar_ws_11_29/ydlidar_ws/install/nav_2d_msgs/include/nav_2d_msgs/msg/detail/twist2_d32__struct.hpp
[2.191s] -- Up-to-date: /home/jucy/ydlidar_ws_11_29/ydlidar_ws/install/nav_2d_msgs/include/nav_2d_msgs/msg/detail/pose2_d32__traits.hpp
[2.191s] -- Up-to-date: /home/jucy/ydlidar_ws_11_29/ydlidar_ws/install/nav_2d_msgs/include/nav_2d_msgs/msg/detail/pose2_d_stamped__builder.hpp
[2.191s] -- Up-to-date: /home/jucy/ydlidar_ws_11_29/ydlidar_ws/install/nav_2d_msgs/include/nav_2d_msgs/msg/detail/twist2_d32__traits.hpp
[2.191s] -- Up-to-date: /home/jucy/ydlidar_ws_11_29/ydlidar_ws/install/nav_2d_msgs/include/nav_2d_msgs/msg/detail/twist2_d_stamped__builder.hpp
[2.191s] -- Up-to-date: /home/jucy/ydlidar_ws_11_29/ydlidar_ws/install/nav_2d_msgs/include/nav_2d_msgs/msg/detail/pose2_d_stamped__struct.hpp
[2.191s] -- Up-to-date: /home/jucy/ydlidar_ws_11_29/ydlidar_ws/install/nav_2d_msgs/include/nav_2d_msgs/msg/detail/twist2_d__builder.hpp
[2.192s] -- Up-to-date: /home/jucy/ydlidar_ws_11_29/ydlidar_ws/install/nav_2d_msgs/include/nav_2d_msgs/msg/twist2_d32.hpp
[2.192s] -- Up-to-date: /home/jucy/ydlidar_ws_11_29/ydlidar_ws/install/nav_2d_msgs/include/nav_2d_msgs/msg/twist2_d.hpp
[2.192s] -- Up-to-date: /home/jucy/ydlidar_ws_11_29/ydlidar_ws/install/nav_2d_msgs/include/nav_2d_msgs
[2.192s] -- Up-to-date: /home/jucy/ydlidar_ws_11_29/ydlidar_ws/install/nav_2d_msgs/include/nav_2d_msgs/msg
[2.192s] -- Up-to-date: /home/jucy/ydlidar_ws_11_29/ydlidar_ws/install/nav_2d_msgs/include/nav_2d_msgs/msg/detail
[2.192s] -- Up-to-date: /home/jucy/ydlidar_ws_11_29/ydlidar_ws/install/nav_2d_msgs/include/nav_2d_msgs/msg/detail/path2_d__rosidl_typesupport_introspection_cpp.hpp
[2.192s] -- Up-to-date: /home/jucy/ydlidar_ws_11_29/ydlidar_ws/install/nav_2d_msgs/include/nav_2d_msgs/msg/detail/twist2_d_stamped__rosidl_typesupport_introspection_cpp.hpp
[2.193s] -- Up-to-date: /home/jucy/ydlidar_ws_11_29/ydlidar_ws/install/nav_2d_msgs/include/nav_2d_msgs/msg/detail/twist2_d__type_support.cpp
[2.193s] -- Up-to-date: /home/jucy/ydlidar_ws_11_29/ydlidar_ws/install/nav_2d_msgs/include/nav_2d_msgs/msg/detail/twist2_d32__type_support.cpp
[2.193s] -- Up-to-date: /home/jucy/ydlidar_ws_11_29/ydlidar_ws/install/nav_2d_msgs/include/nav_2d_msgs/msg/detail/twist2_d__rosidl_typesupport_introspection_cpp.hpp
[2.193s] -- Up-to-date: /home/jucy/ydlidar_ws_11_29/ydlidar_ws/install/nav_2d_msgs/include/nav_2d_msgs/msg/detail/pose2_d32__rosidl_typesupport_introspection_cpp.hpp
[2.193s] -- Up-to-date: /home/jucy/ydlidar_ws_11_29/ydlidar_ws/install/nav_2d_msgs/include/nav_2d_msgs/msg/detail/twist2_d_stamped__type_support.cpp
[2.193s] -- Up-to-date: /home/jucy/ydlidar_ws_11_29/ydlidar_ws/install/nav_2d_msgs/include/nav_2d_msgs/msg/detail/pose2_d_stamped__type_support.cpp
[2.193s] -- Up-to-date: /home/jucy/ydlidar_ws_11_29/ydlidar_ws/install/nav_2d_msgs/include/nav_2d_msgs/msg/detail/twist2_d32__rosidl_typesupport_introspection_cpp.hpp
[2.194s] -- Up-to-date: /home/jucy/ydlidar_ws_11_29/ydlidar_ws/install/nav_2d_msgs/include/nav_2d_msgs/msg/detail/pose2_d32__type_support.cpp
[2.194s] -- Up-to-date: /home/jucy/ydlidar_ws_11_29/ydlidar_ws/install/nav_2d_msgs/include/nav_2d_msgs/msg/detail/path2_d__type_support.cpp
[2.194s] -- Up-to-date: /home/jucy/ydlidar_ws_11_29/ydlidar_ws/install/nav_2d_msgs/include/nav_2d_msgs/msg/detail/pose2_d_stamped__rosidl_typesupport_introspection_cpp.hpp
[2.427s] -- Up-to-date: /home/jucy/ydlidar_ws_11_29/ydlidar_ws/install/nav_2d_msgs/lib/libnav_2d_msgs__rosidl_typesupport_introspection_cpp.so
[2.568s] -- Up-to-date: /home/jucy/ydlidar_ws_11_29/ydlidar_ws/install/nav_2d_msgs/lib/libnav_2d_msgs__rosidl_typesupport_cpp.so
[2.569s] -- Up-to-date: /home/jucy/ydlidar_ws_11_29/ydlidar_ws/install/nav_2d_msgs/share/nav_2d_msgs/environment/pythonpath.sh
[2.570s] -- Up-to-date: /home/jucy/ydlidar_ws_11_29/ydlidar_ws/install/nav_2d_msgs/share/nav_2d_msgs/environment/pythonpath.dsv
[2.652s] -- Up-to-date: /home/jucy/ydlidar_ws_11_29/ydlidar_ws/install/nav_2d_msgs/lib/python3.8/site-packages/nav_2d_msgs/__init__.py
[2.776s] -- Up-to-date: /home/jucy/ydlidar_ws_11_29/ydlidar_ws/install/nav_2d_msgs/lib/python3.8/site-packages/nav_2d_msgs/msg
[2.790s] -- Up-to-date: /home/jucy/ydlidar_ws_11_29/ydlidar_ws/install/nav_2d_msgs/lib/python3.8/site-packages/nav_2d_msgs/msg/_twist2_d32.py
[2.791s] -- Up-to-date: /home/jucy/ydlidar_ws_11_29/ydlidar_ws/install/nav_2d_msgs/lib/python3.8/site-packages/nav_2d_msgs/msg/_pose2_d32_s.c
[2.791s] -- Up-to-date: /home/jucy/ydlidar_ws_11_29/ydlidar_ws/install/nav_2d_msgs/lib/python3.8/site-packages/nav_2d_msgs/msg/_path2_d_s.c
[2.791s] -- Up-to-date: /home/jucy/ydlidar_ws_11_29/ydlidar_ws/install/nav_2d_msgs/lib/python3.8/site-packages/nav_2d_msgs/msg/_twist2_d32_s.c
[2.791s] -- Up-to-date: /home/jucy/ydlidar_ws_11_29/ydlidar_ws/install/nav_2d_msgs/lib/python3.8/site-packages/nav_2d_msgs/msg/_twist2_d_s.c
[2.791s] -- Up-to-date: /home/jucy/ydlidar_ws_11_29/ydlidar_ws/install/nav_2d_msgs/lib/python3.8/site-packages/nav_2d_msgs/msg/_twist2_d.py
[2.791s] -- Up-to-date: /home/jucy/ydlidar_ws_11_29/ydlidar_ws/install/nav_2d_msgs/lib/python3.8/site-packages/nav_2d_msgs/msg/_twist2_d_stamped.py
[2.791s] -- Up-to-date: /home/jucy/ydlidar_ws_11_29/ydlidar_ws/install/nav_2d_msgs/lib/python3.8/site-packages/nav_2d_msgs/msg/_pose2_d_stamped.py
[2.791s] -- Up-to-date: /home/jucy/ydlidar_ws_11_29/ydlidar_ws/install/nav_2d_msgs/lib/python3.8/site-packages/nav_2d_msgs/msg/_pose2_d_stamped_s.c
[2.791s] -- Up-to-date: /home/jucy/ydlidar_ws_11_29/ydlidar_ws/install/nav_2d_msgs/lib/python3.8/site-packages/nav_2d_msgs/msg/_path2_d.py
[2.791s] -- Up-to-date: /home/jucy/ydlidar_ws_11_29/ydlidar_ws/install/nav_2d_msgs/lib/python3.8/site-packages/nav_2d_msgs/msg/__init__.py
[2.791s] -- Up-to-date: /home/jucy/ydlidar_ws_11_29/ydlidar_ws/install/nav_2d_msgs/lib/python3.8/site-packages/nav_2d_msgs/msg/_twist2_d_stamped_s.c
[2.791s] -- Up-to-date: /home/jucy/ydlidar_ws_11_29/ydlidar_ws/install/nav_2d_msgs/lib/python3.8/site-packages/nav_2d_msgs/msg/_pose2_d32.py
[2.844s] -- Up-to-date: /home/jucy/ydlidar_ws_11_29/ydlidar_ws/install/nav_2d_msgs/lib/python3.8/site-packages/nav_2d_msgs/nav_2d_msgs_s__rosidl_typesupport_fastrtps_c.cpython-38-x86_64-linux-gnu.so
[2.846s] -- Up-to-date: /home/jucy/ydlidar_ws_11_29/ydlidar_ws/install/nav_2d_msgs/lib/python3.8/site-packages/nav_2d_msgs/nav_2d_msgs_s__rosidl_typesupport_introspection_c.cpython-38-x86_64-linux-gnu.so
[2.847s] -- Up-to-date: /home/jucy/ydlidar_ws_11_29/ydlidar_ws/install/nav_2d_msgs/lib/python3.8/site-packages/nav_2d_msgs/nav_2d_msgs_s__rosidl_typesupport_c.cpython-38-x86_64-linux-gnu.so
[2.848s] -- Up-to-date: /home/jucy/ydlidar_ws_11_29/ydlidar_ws/install/nav_2d_msgs/lib/libnav_2d_msgs__python.so
[2.848s] -- Up-to-date: /home/jucy/ydlidar_ws_11_29/ydlidar_ws/install/nav_2d_msgs/share/nav_2d_msgs/msg/Path2D.idl
[2.848s] -- Up-to-date: /home/jucy/ydlidar_ws_11_29/ydlidar_ws/install/nav_2d_msgs/share/nav_2d_msgs/msg/Pose2D32.idl
[2.849s] -- Up-to-date: /home/jucy/ydlidar_ws_11_29/ydlidar_ws/install/nav_2d_msgs/share/nav_2d_msgs/msg/Pose2DStamped.idl
[2.849s] -- Up-to-date: /home/jucy/ydlidar_ws_11_29/ydlidar_ws/install/nav_2d_msgs/share/nav_2d_msgs/msg/Twist2D.idl
[2.849s] -- Up-to-date: /home/jucy/ydlidar_ws_11_29/ydlidar_ws/install/nav_2d_msgs/share/nav_2d_msgs/msg/Twist2D32.idl
[2.849s] -- Up-to-date: /home/jucy/ydlidar_ws_11_29/ydlidar_ws/install/nav_2d_msgs/share/nav_2d_msgs/msg/Twist2DStamped.idl
[2.849s] -- Up-to-date: /home/jucy/ydlidar_ws_11_29/ydlidar_ws/install/nav_2d_msgs/share/nav_2d_msgs/msg/Path2D.msg
[2.849s] -- Up-to-date: /home/jucy/ydlidar_ws_11_29/ydlidar_ws/install/nav_2d_msgs/share/nav_2d_msgs/msg/Pose2D32.msg
[2.849s] -- Up-to-date: /home/jucy/ydlidar_ws_11_29/ydlidar_ws/install/nav_2d_msgs/share/nav_2d_msgs/msg/Pose2DStamped.msg
[2.849s] -- Up-to-date: /home/jucy/ydlidar_ws_11_29/ydlidar_ws/install/nav_2d_msgs/share/nav_2d_msgs/msg/Twist2D.msg
[2.849s] -- Up-to-date: /home/jucy/ydlidar_ws_11_29/ydlidar_ws/install/nav_2d_msgs/share/nav_2d_msgs/msg/Twist2D32.msg
[2.849s] -- Up-to-date: /home/jucy/ydlidar_ws_11_29/ydlidar_ws/install/nav_2d_msgs/share/nav_2d_msgs/msg/Twist2DStamped.msg
[2.850s] -- Up-to-date: /home/jucy/ydlidar_ws_11_29/ydlidar_ws/install/nav_2d_msgs/share/ament_index/resource_index/package_run_dependencies/nav_2d_msgs
[2.850s] -- Up-to-date: /home/jucy/ydlidar_ws_11_29/ydlidar_ws/install/nav_2d_msgs/share/ament_index/resource_index/parent_prefix_path/nav_2d_msgs
[2.850s] -- Up-to-date: /home/jucy/ydlidar_ws_11_29/ydlidar_ws/install/nav_2d_msgs/share/nav_2d_msgs/environment/ament_prefix_path.sh
[2.850s] -- Up-to-date: /home/jucy/ydlidar_ws_11_29/ydlidar_ws/install/nav_2d_msgs/share/nav_2d_msgs/environment/ament_prefix_path.dsv
[2.850s] -- Up-to-date: /home/jucy/ydlidar_ws_11_29/ydlidar_ws/install/nav_2d_msgs/share/nav_2d_msgs/environment/path.sh
[2.850s] -- Up-to-date: /home/jucy/ydlidar_ws_11_29/ydlidar_ws/install/nav_2d_msgs/share/nav_2d_msgs/environment/path.dsv
[2.850s] -- Up-to-date: /home/jucy/ydlidar_ws_11_29/ydlidar_ws/install/nav_2d_msgs/share/nav_2d_msgs/local_setup.bash
[2.850s] -- Up-to-date: /home/jucy/ydlidar_ws_11_29/ydlidar_ws/install/nav_2d_msgs/share/nav_2d_msgs/local_setup.sh
[2.851s] -- Up-to-date: /home/jucy/ydlidar_ws_11_29/ydlidar_ws/install/nav_2d_msgs/share/nav_2d_msgs/local_setup.zsh
[2.851s] -- Up-to-date: /home/jucy/ydlidar_ws_11_29/ydlidar_ws/install/nav_2d_msgs/share/nav_2d_msgs/local_setup.dsv
[2.851s] -- Installing: /home/jucy/ydlidar_ws_11_29/ydlidar_ws/install/nav_2d_msgs/share/nav_2d_msgs/package.dsv
[2.851s] -- Up-to-date: /home/jucy/ydlidar_ws_11_29/ydlidar_ws/install/nav_2d_msgs/share/ament_index/resource_index/packages/nav_2d_msgs
[2.853s] -- Up-to-date: /home/jucy/ydlidar_ws_11_29/ydlidar_ws/install/nav_2d_msgs/share/nav_2d_msgs/cmake/nav_2d_msgs__rosidl_generator_cExport.cmake
[2.853s] -- Up-to-date: /home/jucy/ydlidar_ws_11_29/ydlidar_ws/install/nav_2d_msgs/share/nav_2d_msgs/cmake/nav_2d_msgs__rosidl_generator_cExport-noconfig.cmake
[2.853s] -- Up-to-date: /home/jucy/ydlidar_ws_11_29/ydlidar_ws/install/nav_2d_msgs/share/nav_2d_msgs/cmake/nav_2d_msgs__rosidl_typesupport_introspection_cExport.cmake
[2.853s] -- Up-to-date: /home/jucy/ydlidar_ws_11_29/ydlidar_ws/install/nav_2d_msgs/share/nav_2d_msgs/cmake/nav_2d_msgs__rosidl_typesupport_introspection_cExport-noconfig.cmake
[2.854s] -- Up-to-date: /home/jucy/ydlidar_ws_11_29/ydlidar_ws/install/nav_2d_msgs/share/nav_2d_msgs/cmake/nav_2d_msgs__rosidl_typesupport_cExport.cmake
[2.854s] -- Up-to-date: /home/jucy/ydlidar_ws_11_29/ydlidar_ws/install/nav_2d_msgs/share/nav_2d_msgs/cmake/nav_2d_msgs__rosidl_typesupport_cExport-noconfig.cmake
[2.855s] -- Up-to-date: /home/jucy/ydlidar_ws_11_29/ydlidar_ws/install/nav_2d_msgs/share/nav_2d_msgs/cmake/nav_2d_msgs__rosidl_generator_cppExport.cmake
[2.856s] -- Up-to-date: /home/jucy/ydlidar_ws_11_29/ydlidar_ws/install/nav_2d_msgs/share/nav_2d_msgs/cmake/nav_2d_msgs__rosidl_typesupport_introspection_cppExport.cmake
[2.856s] -- Up-to-date: /home/jucy/ydlidar_ws_11_29/ydlidar_ws/install/nav_2d_msgs/share/nav_2d_msgs/cmake/nav_2d_msgs__rosidl_typesupport_introspection_cppExport-noconfig.cmake
[2.857s] -- Up-to-date: /home/jucy/ydlidar_ws_11_29/ydlidar_ws/install/nav_2d_msgs/share/nav_2d_msgs/cmake/nav_2d_msgs__rosidl_typesupport_cppExport.cmake
[2.857s] -- Up-to-date: /home/jucy/ydlidar_ws_11_29/ydlidar_ws/install/nav_2d_msgs/share/nav_2d_msgs/cmake/nav_2d_msgs__rosidl_typesupport_cppExport-noconfig.cmake
[2.857s] -- Up-to-date: /home/jucy/ydlidar_ws_11_29/ydlidar_ws/install/nav_2d_msgs/share/nav_2d_msgs/cmake/rosidl_cmake-extras.cmake
[2.857s] -- Up-to-date: /home/jucy/ydlidar_ws_11_29/ydlidar_ws/install/nav_2d_msgs/share/nav_2d_msgs/cmake/ament_cmake_export_dependencies-extras.cmake
[2.857s] -- Up-to-date: /home/jucy/ydlidar_ws_11_29/ydlidar_ws/install/nav_2d_msgs/share/nav_2d_msgs/cmake/ament_cmake_export_libraries-extras.cmake
[2.858s] -- Up-to-date: /home/jucy/ydlidar_ws_11_29/ydlidar_ws/install/nav_2d_msgs/share/nav_2d_msgs/cmake/ament_cmake_export_targets-extras.cmake
[2.858s] -- Up-to-date: /home/jucy/ydlidar_ws_11_29/ydlidar_ws/install/nav_2d_msgs/share/nav_2d_msgs/cmake/ament_cmake_export_include_directories-extras.cmake
[2.858s] -- Up-to-date: /home/jucy/ydlidar_ws_11_29/ydlidar_ws/install/nav_2d_msgs/share/nav_2d_msgs/cmake/rosidl_cmake_export_typesupport_libraries-extras.cmake
[2.858s] -- Up-to-date: /home/jucy/ydlidar_ws_11_29/ydlidar_ws/install/nav_2d_msgs/share/nav_2d_msgs/cmake/rosidl_cmake_export_typesupport_targets-extras.cmake
[2.858s] -- Up-to-date: /home/jucy/ydlidar_ws_11_29/ydlidar_ws/install/nav_2d_msgs/share/nav_2d_msgs/cmake/nav_2d_msgsConfig.cmake
[2.858s] -- Up-to-date: /home/jucy/ydlidar_ws_11_29/ydlidar_ws/install/nav_2d_msgs/share/nav_2d_msgs/cmake/nav_2d_msgsConfig-version.cmake
[2.858s] -- Up-to-date: /home/jucy/ydlidar_ws_11_29/ydlidar_ws/install/nav_2d_msgs/share/nav_2d_msgs/package.xml
[2.862s] Invoked command in '/home/jucy/ydlidar_ws_11_29/ydlidar_ws/build/nav_2d_msgs' returned '0': CMAKE_PREFIX_PATH=${CMAKE_PREFIX_PATH}:/home/jucy/ydlidar_ws_11_29/install/nav2_gazebo_spawner:/home/jucy/ydlidar_ws_11_29/install/jdamr200_node:/home/jucy/ydlidar_ws_11_29/ydlidar_ws/install/nav2_gazebo_spawner:/home/jucy/ydlidar_ws_11_29/ydlidar_ws/install/jdamr200_node:/home/jucy/turtlebot3_ws/install/turtlebot3_teleop:/home/jucy/turtlebot3_ws/install/turtlebot3_example:/home/jucy/turtlebot3_ws/install/nav2_goal_pulisher_test:/home/jucy/turtlebot3_ws/install/nav2_goal_publisher:/home/jucy/ros2_ws/install/nav2_simple_commander:/home/jucy/ros2_ws/install/nav2_gazebo_spawner:/home/jucy/ros2_ws/install/camera_udp_communication:/home/jucy/ros2_ws/install/agv_control_py:/home/jucy/ydlidar_ros2_ws/install/jdamr200_teleop:/home/jucy/ydlidar_ros2_ws/install/jdamr200_node /usr/bin/cmake --install /home/jucy/ydlidar_ws_11_29/ydlidar_ws/build/nav_2d_msgs
