[0.219s] Invoking command in '/home/jucy/ydlidar_ws_11_29/ydlidar_ws/build/ydlidar_ros2_driver': CMAKE_PREFIX_PATH=${CMAKE_PREFIX_PATH}:/home/jucy/ydlidar_ws_11_29/install/nav2_gazebo_spawner:/home/jucy/ydlidar_ws_11_29/install/jdamr200_node:/home/jucy/ydlidar_ws_11_29/ydlidar_ws/install/nav2_gazebo_spawner:/home/jucy/ydlidar_ws_11_29/ydlidar_ws/install/jdamr200_node:/home/jucy/turtlebot3_ws/install/turtlebot3_teleop:/home/jucy/turtlebot3_ws/install/turtlebot3_example:/home/jucy/turtlebot3_ws/install/nav2_goal_pulisher_test:/home/jucy/turtlebot3_ws/install/nav2_goal_publisher:/home/jucy/ros2_ws/install/nav2_simple_commander:/home/jucy/ros2_ws/install/nav2_gazebo_spawner:/home/jucy/ros2_ws/install/camera_udp_communication:/home/jucy/ros2_ws/install/agv_control_py:/home/jucy/ydlidar_ros2_ws/install/jdamr200_teleop:/home/jucy/ydlidar_ros2_ws/install/jdamr200_node /usr/bin/cmake --build /home/jucy/ydlidar_ws_11_29/ydlidar_ws/build/ydlidar_ros2_driver -- -j12 -l12
[1.473s] [ 50%] Built target ydlidar_ros2_driver_client
[1.482s] [100%] Built target ydlidar_ros2_driver_node
[1.521s] Invoked command in '/home/jucy/ydlidar_ws_11_29/ydlidar_ws/build/ydlidar_ros2_driver' returned '0': CMAKE_PREFIX_PATH=${CMAKE_PREFIX_PATH}:/home/jucy/ydlidar_ws_11_29/install/nav2_gazebo_spawner:/home/jucy/ydlidar_ws_11_29/install/jdamr200_node:/home/jucy/ydlidar_ws_11_29/ydlidar_ws/install/nav2_gazebo_spawner:/home/jucy/ydlidar_ws_11_29/ydlidar_ws/install/jdamr200_node:/home/jucy/turtlebot3_ws/install/turtlebot3_teleop:/home/jucy/turtlebot3_ws/install/turtlebot3_example:/home/jucy/turtlebot3_ws/install/nav2_goal_pulisher_test:/home/jucy/turtlebot3_ws/install/nav2_goal_publisher:/home/jucy/ros2_ws/install/nav2_simple_commander:/home/jucy/ros2_ws/install/nav2_gazebo_spawner:/home/jucy/ros2_ws/install/camera_udp_communication:/home/jucy/ros2_ws/install/agv_control_py:/home/jucy/ydlidar_ros2_ws/install/jdamr200_teleop:/home/jucy/ydlidar_ros2_ws/install/jdamr200_node /usr/bin/cmake --build /home/jucy/ydlidar_ws_11_29/ydlidar_ws/build/ydlidar_ros2_driver -- -j12 -l12
[1.593s] Invoking command in '/home/jucy/ydlidar_ws_11_29/ydlidar_ws/build/ydlidar_ros2_driver': CMAKE_PREFIX_PATH=${CMAKE_PREFIX_PATH}:/home/jucy/ydlidar_ws_11_29/install/nav2_gazebo_spawner:/home/jucy/ydlidar_ws_11_29/install/jdamr200_node:/home/jucy/ydlidar_ws_11_29/ydlidar_ws/install/nav2_gazebo_spawner:/home/jucy/ydlidar_ws_11_29/ydlidar_ws/install/jdamr200_node:/home/jucy/turtlebot3_ws/install/turtlebot3_teleop:/home/jucy/turtlebot3_ws/install/turtlebot3_example:/home/jucy/turtlebot3_ws/install/nav2_goal_pulisher_test:/home/jucy/turtlebot3_ws/install/nav2_goal_publisher:/home/jucy/ros2_ws/install/nav2_simple_commander:/home/jucy/ros2_ws/install/nav2_gazebo_spawner:/home/jucy/ros2_ws/install/camera_udp_communication:/home/jucy/ros2_ws/install/agv_control_py:/home/jucy/ydlidar_ros2_ws/install/jdamr200_teleop:/home/jucy/ydlidar_ros2_ws/install/jdamr200_node /usr/bin/cmake --install /home/jucy/ydlidar_ws_11_29/ydlidar_ws/build/ydlidar_ros2_driver
[1.613s] -- Install configuration: ""
[1.648s] -- Up-to-date: /home/jucy/ydlidar_ws_11_29/ydlidar_ws/install/ydlidar_ros2_driver/lib/ydlidar_ros2_driver/ydlidar_ros2_driver_node
[1.663s] -- Up-to-date: /home/jucy/ydlidar_ws_11_29/ydlidar_ws/install/ydlidar_ros2_driver/lib/ydlidar_ros2_driver/ydlidar_ros2_driver_client
[1.664s] -- Up-to-date: /home/jucy/ydlidar_ws_11_29/ydlidar_ws/install/ydlidar_ros2_driver/share/ydlidar_ros2_driver/launch
[1.666s] -- Up-to-date: /home/jucy/ydlidar_ws_11_29/ydlidar_ws/install/ydlidar_ros2_driver/share/ydlidar_ros2_driver/launch/ydlidar_launch_view.py
[1.666s] -- Up-to-date: /home/jucy/ydlidar_ws_11_29/ydlidar_ws/install/ydlidar_ros2_driver/share/ydlidar_ros2_driver/launch/ydlidar_launch.py
[1.667s] -- Up-to-date: /home/jucy/ydlidar_ws_11_29/ydlidar_ws/install/ydlidar_ros2_driver/share/ydlidar_ros2_driver/launch/ydlidar.py
[1.667s] -- Installing: /home/jucy/ydlidar_ws_11_29/ydlidar_ws/install/ydlidar_ros2_driver/share/ydlidar_ros2_driver/launch/ydlidar_cartographer.launch.py
[1.667s] -- Up-to-date: /home/jucy/ydlidar_ws_11_29/ydlidar_ws/install/ydlidar_ros2_driver/share/ydlidar_ros2_driver/launch/ydlidar_cartographer2.launch.py
[1.667s] -- Up-to-date: /home/jucy/ydlidar_ws_11_29/ydlidar_ws/install/ydlidar_ros2_driver/share/ydlidar_ros2_driver/params
[1.676s] -- Up-to-date: /home/jucy/ydlidar_ws_11_29/ydlidar_ws/install/ydlidar_ros2_driver/share/ydlidar_ros2_driver/params/old.yaml
[1.677s] -- Up-to-date: /home/jucy/ydlidar_ws_11_29/ydlidar_ws/install/ydlidar_ros2_driver/share/ydlidar_ros2_driver/params/X4.yaml
[1.677s] -- Up-to-date: /home/jucy/ydlidar_ws_11_29/ydlidar_ws/install/ydlidar_ros2_driver/share/ydlidar_ros2_driver/params/G1.yaml
[1.677s] -- Up-to-date: /home/jucy/ydlidar_ws_11_29/ydlidar_ws/install/ydlidar_ros2_driver/share/ydlidar_ros2_driver/params/X4-Pro.yaml
[1.678s] -- Up-to-date: /home/jucy/ydlidar_ws_11_29/ydlidar_ws/install/ydlidar_ros2_driver/share/ydlidar_ros2_driver/params/TEA.yaml
[1.678s] -- Up-to-date: /home/jucy/ydlidar_ws_11_29/ydlidar_ws/install/ydlidar_ros2_driver/share/ydlidar_ros2_driver/params/TminiPro.yaml
[1.678s] -- Up-to-date: /home/jucy/ydlidar_ws_11_29/ydlidar_ws/install/ydlidar_ros2_driver/share/ydlidar_ros2_driver/params/TG.yaml
[1.678s] -- Up-to-date: /home/jucy/ydlidar_ws_11_29/ydlidar_ws/install/ydlidar_ros2_driver/share/ydlidar_ros2_driver/params/G6.yaml
[1.679s] -- Up-to-date: /home/jucy/ydlidar_ws_11_29/ydlidar_ws/install/ydlidar_ros2_driver/share/ydlidar_ros2_driver/params/GS2.yaml
[1.679s] -- Up-to-date: /home/jucy/ydlidar_ws_11_29/ydlidar_ws/install/ydlidar_ros2_driver/share/ydlidar_ros2_driver/params/G2.yaml
[1.680s] -- Up-to-date: /home/jucy/ydlidar_ws_11_29/ydlidar_ws/install/ydlidar_ros2_driver/share/ydlidar_ros2_driver/params/ydlidar.yaml
[1.680s] -- Up-to-date: /home/jucy/ydlidar_ws_11_29/ydlidar_ws/install/ydlidar_ros2_driver/share/ydlidar_ros2_driver/startup
[1.680s] -- Up-to-date: /home/jucy/ydlidar_ws_11_29/ydlidar_ws/install/ydlidar_ros2_driver/share/ydlidar_ros2_driver/startup/initenv.sh
[1.680s] -- Up-to-date: /home/jucy/ydlidar_ws_11_29/ydlidar_ws/install/ydlidar_ros2_driver/share/ydlidar_ros2_driver/config
[1.681s] -- Up-to-date: /home/jucy/ydlidar_ws_11_29/ydlidar_ws/install/ydlidar_ros2_driver/share/ydlidar_ros2_driver/config/ydlidar_cartographer.lua
[1.681s] -- Up-to-date: /home/jucy/ydlidar_ws_11_29/ydlidar_ws/install/ydlidar_ros2_driver/share/ydlidar_ros2_driver/config/ydlidar.rviz
[1.681s] -- Up-to-date: /home/jucy/ydlidar_ws_11_29/ydlidar_ws/install/ydlidar_ros2_driver/share/ydlidar_ros2_driver/config/ydlidar_cartographer.rviz
[1.682s] -- Up-to-date: /home/jucy/ydlidar_ws_11_29/ydlidar_ws/install/ydlidar_ros2_driver/lib/ydlidar_ros2_driver/dynamic_tf_broadcaster.py
[1.682s] -- Up-to-date: /home/jucy/ydlidar_ws_11_29/ydlidar_ws/install/ydlidar_ros2_driver/share/ament_index/resource_index/package_run_dependencies/ydlidar_ros2_driver
[1.683s] -- Up-to-date: /home/jucy/ydlidar_ws_11_29/ydlidar_ws/install/ydlidar_ros2_driver/share/ament_index/resource_index/parent_prefix_path/ydlidar_ros2_driver
[1.683s] -- Up-to-date: /home/jucy/ydlidar_ws_11_29/ydlidar_ws/install/ydlidar_ros2_driver/share/ydlidar_ros2_driver/environment/ament_prefix_path.sh
[1.684s] -- Up-to-date: /home/jucy/ydlidar_ws_11_29/ydlidar_ws/install/ydlidar_ros2_driver/share/ydlidar_ros2_driver/environment/ament_prefix_path.dsv
[1.685s] -- Up-to-date: /home/jucy/ydlidar_ws_11_29/ydlidar_ws/install/ydlidar_ros2_driver/share/ydlidar_ros2_driver/environment/path.sh
[1.685s] -- Up-to-date: /home/jucy/ydlidar_ws_11_29/ydlidar_ws/install/ydlidar_ros2_driver/share/ydlidar_ros2_driver/environment/path.dsv
[1.686s] -- Up-to-date: /home/jucy/ydlidar_ws_11_29/ydlidar_ws/install/ydlidar_ros2_driver/share/ydlidar_ros2_driver/local_setup.bash
[1.687s] -- Up-to-date: /home/jucy/ydlidar_ws_11_29/ydlidar_ws/install/ydlidar_ros2_driver/share/ydlidar_ros2_driver/local_setup.sh
[1.687s] -- Up-to-date: /home/jucy/ydlidar_ws_11_29/ydlidar_ws/install/ydlidar_ros2_driver/share/ydlidar_ros2_driver/local_setup.zsh
[1.687s] -- Up-to-date: /home/jucy/ydlidar_ws_11_29/ydlidar_ws/install/ydlidar_ros2_driver/share/ydlidar_ros2_driver/local_setup.dsv
[1.687s] -- Installing: /home/jucy/ydlidar_ws_11_29/ydlidar_ws/install/ydlidar_ros2_driver/share/ydlidar_ros2_driver/package.dsv
[1.688s] -- Up-to-date: /home/jucy/ydlidar_ws_11_29/ydlidar_ws/install/ydlidar_ros2_driver/share/ament_index/resource_index/packages/ydlidar_ros2_driver
[1.689s] -- Up-to-date: /home/jucy/ydlidar_ws_11_29/ydlidar_ws/install/ydlidar_ros2_driver/share/ydlidar_ros2_driver/cmake/ydlidar_ros2_driverConfig.cmake
[1.690s] -- Up-to-date: /home/jucy/ydlidar_ws_11_29/ydlidar_ws/install/ydlidar_ros2_driver/share/ydlidar_ros2_driver/cmake/ydlidar_ros2_driverConfig-version.cmake
[1.690s] -- Up-to-date: /home/jucy/ydlidar_ws_11_29/ydlidar_ws/install/ydlidar_ros2_driver/share/ydlidar_ros2_driver/package.xml
[1.698s] Invoked command in '/home/jucy/ydlidar_ws_11_29/ydlidar_ws/build/ydlidar_ros2_driver' returned '0': CMAKE_PREFIX_PATH=${CMAKE_PREFIX_PATH}:/home/jucy/ydlidar_ws_11_29/install/nav2_gazebo_spawner:/home/jucy/ydlidar_ws_11_29/install/jdamr200_node:/home/jucy/ydlidar_ws_11_29/ydlidar_ws/install/nav2_gazebo_spawner:/home/jucy/ydlidar_ws_11_29/ydlidar_ws/install/jdamr200_node:/home/jucy/turtlebot3_ws/install/turtlebot3_teleop:/home/jucy/turtlebot3_ws/install/turtlebot3_example:/home/jucy/turtlebot3_ws/install/nav2_goal_pulisher_test:/home/jucy/turtlebot3_ws/install/nav2_goal_publisher:/home/jucy/ros2_ws/install/nav2_simple_commander:/home/jucy/ros2_ws/install/nav2_gazebo_spawner:/home/jucy/ros2_ws/install/camera_udp_communication:/home/jucy/ros2_ws/install/agv_control_py:/home/jucy/ydlidar_ros2_ws/install/jdamr200_teleop:/home/jucy/ydlidar_ros2_ws/install/jdamr200_node /usr/bin/cmake --install /home/jucy/ydlidar_ws_11_29/ydlidar_ws/build/ydlidar_ros2_driver
