[0.081s] Invoking command in '/home/jucy/ydlidar_ws_11_29/build/nav2_costmap_2d': AMENT_PREFIX_PATH=/home/jucy/ydlidar_ws_11_29/install/nav2_map_server:/home/jucy/ydlidar_ws_11_29/install/nav2_lifecycle_manager:/home/jucy/ydlidar_ws_11_29/install/nav2_util:/home/jucy/ydlidar_ws_11_29/install/nav2_voxel_grid:/home/jucy/ydlidar_ws_11_29/install/nav2_msgs:/home/jucy/ydlidar_ws_11_29/install/nav2_common:${AMENT_PREFIX_PATH} CMAKE_PREFIX_PATH=/home/jucy/ydlidar_ws_11_29/install/nav2_map_server:/home/jucy/ydlidar_ws_11_29/install/nav2_lifecycle_manager:/home/jucy/ydlidar_ws_11_29/install/nav2_util:/home/jucy/ydlidar_ws_11_29/install/nav2_voxel_grid:/home/jucy/ydlidar_ws_11_29/install/nav2_msgs:/home/jucy/ydlidar_ws_11_29/install/nav2_common:/home/jucy/ydlidar_ws_11_29/install/ydlidar_ros2_driver:/home/jucy/ydlidar_ws_11_29/install/myagv_navigation2:/home/jucy/ydlidar_ws_11_29/install/myagv_bringup:/home/jucy/ydlidar_ws_11_29/install/myagv_description:/home/jucy/new_ws/install/myagv_description:/home/jucy/new_ws/install/aseembly:/home/jucy/turtlebot3_ws/install/turtlebot3:/home/jucy/turtlebot3_ws/install/turtlebot3_simulations:/home/jucy/turtlebot3_ws/install/turtlebot3_bringup:/home/jucy/turtlebot3_ws/install/turtlebot3_node:/home/jucy/turtlebot3_ws/install/turtlebot3_navigation2:/home/jucy/turtlebot3_ws/install/turtlebot3_fake_node:/home/jucy/turtlebot3_ws/install/turtlebot3_msgs:/home/jucy/turtlebot3_ws/install/turtlebot3_gazebo:/home/jucy/turtlebot3_ws/install/turtlebot3_description:/home/jucy/turtlebot3_ws/install/turtlebot3_cartographer:/home/jucy/turtlebot3_ws/install/dynamixel_sdk_examples:/home/jucy/turtlebot3_ws/install/dynamixel_sdk_custom_interfaces:/home/jucy/turtlebot3_ws/install/dynamixel_sdk:/home/jucy/ros2_ws/install/ps2_controller:/home/jucy/ydlidar_ros2_ws/install/ydlidar_ros2_driver:/home/jucy/ydlidar_ros2_ws/install/ps2_controller:/home/jucy/ydlidar_ros2_ws/install/myagv_navigation2:/home/jucy/ydlidar_ros2_ws/install/myagv_bringup:/home/jucy/ydlidar_ros2_ws/install/myagv_description:/home/jucy/ydlidar_ros2_wss/install/ydlidar_ros2_driver:/opt/ros/foxy:/opt/ros/foxy:/home/jucy/ydlidar_ws_11_29/install/jdamr200_node:/home/jucy/turtlebot3_ws/install/turtlebot3_teleop:/home/jucy/turtlebot3_ws/install/turtlebot3_example:/home/jucy/turtlebot3_ws/install/nav2_goal_pulisher_test:/home/jucy/turtlebot3_ws/install/nav2_goal_publisher:/home/jucy/ros2_ws/install/camera_udp_communication:/home/jucy/ros2_ws/install/agv_control_py:/home/jucy/ydlidar_ros2_ws/install/jdamr200_teleop:/home/jucy/ydlidar_ros2_ws/install/jdamr200_node LD_LIBRARY_PATH=/home/jucy/ydlidar_ws_11_29/install/nav2_map_server/lib:/home/jucy/ydlidar_ws_11_29/install/nav2_lifecycle_manager/lib:/home/jucy/ydlidar_ws_11_29/install/nav2_util/lib:/home/jucy/ydlidar_ws_11_29/install/nav2_voxel_grid/lib:/home/jucy/ydlidar_ws_11_29/install/nav2_msgs/lib:${LD_LIBRARY_PATH} PYTHONPATH=/home/jucy/ydlidar_ws_11_29/install/nav2_msgs/lib/python3.8/site-packages:/home/jucy/ydlidar_ws_11_29/install/nav2_common/lib/python3.8/site-packages:${PYTHONPATH} /usr/bin/cmake /home/jucy/ydlidar_ws_11_29/ydlidar_ws/src/navigation2/nav2_costmap_2d -DCMAKE_INSTALL_PREFIX=/home/jucy/ydlidar_ws_11_29/install/nav2_costmap_2d
[0.226s] -- The C compiler identification is GNU 9.4.0
[0.349s] -- The CXX compiler identification is GNU 9.4.0
[0.358s] -- Check for working C compiler: /usr/bin/cc
[0.491s] -- Check for working C compiler: /usr/bin/cc -- works
[0.492s] -- Detecting C compiler ABI info
[0.642s] -- Detecting C compiler ABI info - done
[0.674s] -- Detecting C compile features
[0.675s] -- Detecting C compile features - done
[0.679s] -- Check for working CXX compiler: /usr/bin/c++
[0.879s] -- Check for working CXX compiler: /usr/bin/c++ -- works
[0.880s] -- Detecting CXX compiler ABI info
[1.036s] -- Detecting CXX compiler ABI info - done
[1.058s] -- Detecting CXX compile features
[1.059s] -- Detecting CXX compile features - done
[1.066s] -- Found ament_cmake: 0.9.12 (/opt/ros/foxy/share/ament_cmake/cmake)
[1.137s] -- Found PythonInterp: /usr/bin/python3 (found suitable version "3.8.10", minimum required is "3") 
[1.137s] -- Using PYTHON_EXECUTABLE: /usr/bin/python3
[1.615s] -- Found geometry_msgs: 2.0.5 (/opt/ros/foxy/share/geometry_msgs/cmake)
[1.728s] -- Using all available rosidl_typesupport_c: rosidl_typesupport_fastrtps_c;rosidl_typesupport_introspection_c
[1.758s] -- Found rosidl_adapter: 1.3.1 (/opt/ros/foxy/share/rosidl_adapter/cmake)
[2.009s] -- Found OpenSSL: /usr/lib/x86_64-linux-gnu/libcrypto.so (found version "1.1.1f")  
[2.110s] -- Found FastRTPS: /opt/ros/foxy/include  
[2.339s] -- Using all available rosidl_typesupport_cpp: rosidl_typesupport_fastrtps_cpp;rosidl_typesupport_introspection_cpp
[2.528s] -- Found laser_geometry: 2.2.0 (/opt/ros/foxy/share/laser_geometry/cmake)
[2.560s] -- Found map_msgs: 2.0.2 (/opt/ros/foxy/share/map_msgs/cmake)
[3.374s] -- Found message_filters: 3.2.7 (/opt/ros/foxy/share/message_filters/cmake)
[3.382s] -- Found nav2_common: 0.4.7 (/home/jucy/ydlidar_ws_11_29/install/nav2_common/share/nav2_common/cmake)
[3.384s] -- Found nav2_msgs: 0.4.7 (/home/jucy/ydlidar_ws_11_29/install/nav2_msgs/share/nav2_msgs/cmake)
[4.145s] -- Found nav2_util: 0.4.7 (/home/jucy/ydlidar_ws_11_29/install/nav2_util/share/nav2_util/cmake)
[4.316s] -- Found rmw_implementation_cmake: 1.0.4 (/opt/ros/foxy/share/rmw_implementation_cmake/cmake)
[4.319s] -- Using RMW implementation 'rmw_fastrtps_cpp' as default
[4.321s] -- Looking for pthread.h
[4.488s] -- Looking for pthread.h - found
[4.489s] -- Performing Test CMAKE_HAVE_LIBC_PTHREAD
[4.685s] -- Performing Test CMAKE_HAVE_LIBC_PTHREAD - Failed
[4.685s] -- Looking for pthread_create in pthreads
[4.944s] -- Looking for pthread_create in pthreads - not found
[4.945s] -- Looking for pthread_create in pthread
[5.087s] -- Looking for pthread_create in pthread - found
[5.089s] -- Found Threads: TRUE  
[6.001s] -- Found Eigen3: TRUE (found version "3.3.7") 
[6.306s] -- Found nav2_voxel_grid: 0.4.7 (/home/jucy/ydlidar_ws_11_29/install/nav2_voxel_grid/share/nav2_voxel_grid/cmake)
[6.328s] -- Found pluginlib: 2.5.4 (/opt/ros/foxy/share/pluginlib/cmake)
[6.466s] -- Found tf2_sensor_msgs: 0.13.14 (/opt/ros/foxy/share/tf2_sensor_msgs/cmake)
[6.519s] -- Found visualization_msgs: 2.0.5 (/opt/ros/foxy/share/visualization_msgs/cmake)
[7.141s] -- Found angles: 1.12.6 (/opt/ros/foxy/share/angles/cmake)
[7.209s] -- Setting build type to Release as none was specified.
[11.098s] -- Found ament_lint_auto: 0.9.8 (/opt/ros/foxy/share/ament_lint_auto/cmake)
[12.072s] -- Found gtest sources under '/opt/ros/foxy/src/gtest_vendor': C++ tests using 'Google Test' will be built
[12.081s] -- Check if compiler accepts -pthread
[12.202s] -- Check if compiler accepts -pthread - yes
[12.212s] -- Found gtest sources under '/opt/ros/foxy/src/gtest_vendor': C++ tests using 'Google Test' will be built
[15.071s] -- Added test 'cppcheck' to perform static code analysis on C / C++ code
[15.073s] -- Configured cppcheck include dirs: /home/jucy/ydlidar_ws_11_29/ydlidar_ws/src/navigation2/nav2_costmap_2d/include
[15.074s] -- Configured cppcheck exclude dirs and/or files: 
[15.076s] -- Added test 'flake8' to check Python code syntax and style conventions
[15.099s] -- Added test 'lint_cmake' to check CMake code style
[15.105s] -- Added test 'pep257' to check Python code against some of the style conventions in PEP 257
[15.132s] -- Added test 'uncrustify' to check C / C++ code style
[15.132s] -- Configured uncrustify additional arguments: 
[15.135s] -- Added test 'xmllint' to check XML markup files
[15.299s] -- Configuring done
[17.318s] -- Generating done
[18.105s] -- Build files have been written to: /home/jucy/ydlidar_ws_11_29/build/nav2_costmap_2d
[18.145s] Invoked command in '/home/jucy/ydlidar_ws_11_29/build/nav2_costmap_2d' returned '0': AMENT_PREFIX_PATH=/home/jucy/ydlidar_ws_11_29/install/nav2_map_server:/home/jucy/ydlidar_ws_11_29/install/nav2_lifecycle_manager:/home/jucy/ydlidar_ws_11_29/install/nav2_util:/home/jucy/ydlidar_ws_11_29/install/nav2_voxel_grid:/home/jucy/ydlidar_ws_11_29/install/nav2_msgs:/home/jucy/ydlidar_ws_11_29/install/nav2_common:${AMENT_PREFIX_PATH} CMAKE_PREFIX_PATH=/home/jucy/ydlidar_ws_11_29/install/nav2_map_server:/home/jucy/ydlidar_ws_11_29/install/nav2_lifecycle_manager:/home/jucy/ydlidar_ws_11_29/install/nav2_util:/home/jucy/ydlidar_ws_11_29/install/nav2_voxel_grid:/home/jucy/ydlidar_ws_11_29/install/nav2_msgs:/home/jucy/ydlidar_ws_11_29/install/nav2_common:/home/jucy/ydlidar_ws_11_29/install/ydlidar_ros2_driver:/home/jucy/ydlidar_ws_11_29/install/myagv_navigation2:/home/jucy/ydlidar_ws_11_29/install/myagv_bringup:/home/jucy/ydlidar_ws_11_29/install/myagv_description:/home/jucy/new_ws/install/myagv_description:/home/jucy/new_ws/install/aseembly:/home/jucy/turtlebot3_ws/install/turtlebot3:/home/jucy/turtlebot3_ws/install/turtlebot3_simulations:/home/jucy/turtlebot3_ws/install/turtlebot3_bringup:/home/jucy/turtlebot3_ws/install/turtlebot3_node:/home/jucy/turtlebot3_ws/install/turtlebot3_navigation2:/home/jucy/turtlebot3_ws/install/turtlebot3_fake_node:/home/jucy/turtlebot3_ws/install/turtlebot3_msgs:/home/jucy/turtlebot3_ws/install/turtlebot3_gazebo:/home/jucy/turtlebot3_ws/install/turtlebot3_description:/home/jucy/turtlebot3_ws/install/turtlebot3_cartographer:/home/jucy/turtlebot3_ws/install/dynamixel_sdk_examples:/home/jucy/turtlebot3_ws/install/dynamixel_sdk_custom_interfaces:/home/jucy/turtlebot3_ws/install/dynamixel_sdk:/home/jucy/ros2_ws/install/ps2_controller:/home/jucy/ydlidar_ros2_ws/install/ydlidar_ros2_driver:/home/jucy/ydlidar_ros2_ws/install/ps2_controller:/home/jucy/ydlidar_ros2_ws/install/myagv_navigation2:/home/jucy/ydlidar_ros2_ws/install/myagv_bringup:/home/jucy/ydlidar_ros2_ws/install/myagv_description:/home/jucy/ydlidar_ros2_wss/install/ydlidar_ros2_driver:/opt/ros/foxy:/opt/ros/foxy:/home/jucy/ydlidar_ws_11_29/install/jdamr200_node:/home/jucy/turtlebot3_ws/install/turtlebot3_teleop:/home/jucy/turtlebot3_ws/install/turtlebot3_example:/home/jucy/turtlebot3_ws/install/nav2_goal_pulisher_test:/home/jucy/turtlebot3_ws/install/nav2_goal_publisher:/home/jucy/ros2_ws/install/camera_udp_communication:/home/jucy/ros2_ws/install/agv_control_py:/home/jucy/ydlidar_ros2_ws/install/jdamr200_teleop:/home/jucy/ydlidar_ros2_ws/install/jdamr200_node LD_LIBRARY_PATH=/home/jucy/ydlidar_ws_11_29/install/nav2_map_server/lib:/home/jucy/ydlidar_ws_11_29/install/nav2_lifecycle_manager/lib:/home/jucy/ydlidar_ws_11_29/install/nav2_util/lib:/home/jucy/ydlidar_ws_11_29/install/nav2_voxel_grid/lib:/home/jucy/ydlidar_ws_11_29/install/nav2_msgs/lib:${LD_LIBRARY_PATH} PYTHONPATH=/home/jucy/ydlidar_ws_11_29/install/nav2_msgs/lib/python3.8/site-packages:/home/jucy/ydlidar_ws_11_29/install/nav2_common/lib/python3.8/site-packages:${PYTHONPATH} /usr/bin/cmake /home/jucy/ydlidar_ws_11_29/ydlidar_ws/src/navigation2/nav2_costmap_2d -DCMAKE_INSTALL_PREFIX=/home/jucy/ydlidar_ws_11_29/install/nav2_costmap_2d
[18.150s] Invoking command in '/home/jucy/ydlidar_ws_11_29/build/nav2_costmap_2d': AMENT_PREFIX_PATH=/home/jucy/ydlidar_ws_11_29/install/nav2_map_server:/home/jucy/ydlidar_ws_11_29/install/nav2_lifecycle_manager:/home/jucy/ydlidar_ws_11_29/install/nav2_util:/home/jucy/ydlidar_ws_11_29/install/nav2_voxel_grid:/home/jucy/ydlidar_ws_11_29/install/nav2_msgs:/home/jucy/ydlidar_ws_11_29/install/nav2_common:${AMENT_PREFIX_PATH} CMAKE_PREFIX_PATH=/home/jucy/ydlidar_ws_11_29/install/nav2_map_server:/home/jucy/ydlidar_ws_11_29/install/nav2_lifecycle_manager:/home/jucy/ydlidar_ws_11_29/install/nav2_util:/home/jucy/ydlidar_ws_11_29/install/nav2_voxel_grid:/home/jucy/ydlidar_ws_11_29/install/nav2_msgs:/home/jucy/ydlidar_ws_11_29/install/nav2_common:/home/jucy/ydlidar_ws_11_29/install/ydlidar_ros2_driver:/home/jucy/ydlidar_ws_11_29/install/myagv_navigation2:/home/jucy/ydlidar_ws_11_29/install/myagv_bringup:/home/jucy/ydlidar_ws_11_29/install/myagv_description:/home/jucy/new_ws/install/myagv_description:/home/jucy/new_ws/install/aseembly:/home/jucy/turtlebot3_ws/install/turtlebot3:/home/jucy/turtlebot3_ws/install/turtlebot3_simulations:/home/jucy/turtlebot3_ws/install/turtlebot3_bringup:/home/jucy/turtlebot3_ws/install/turtlebot3_node:/home/jucy/turtlebot3_ws/install/turtlebot3_navigation2:/home/jucy/turtlebot3_ws/install/turtlebot3_fake_node:/home/jucy/turtlebot3_ws/install/turtlebot3_msgs:/home/jucy/turtlebot3_ws/install/turtlebot3_gazebo:/home/jucy/turtlebot3_ws/install/turtlebot3_description:/home/jucy/turtlebot3_ws/install/turtlebot3_cartographer:/home/jucy/turtlebot3_ws/install/dynamixel_sdk_examples:/home/jucy/turtlebot3_ws/install/dynamixel_sdk_custom_interfaces:/home/jucy/turtlebot3_ws/install/dynamixel_sdk:/home/jucy/ros2_ws/install/ps2_controller:/home/jucy/ydlidar_ros2_ws/install/ydlidar_ros2_driver:/home/jucy/ydlidar_ros2_ws/install/ps2_controller:/home/jucy/ydlidar_ros2_ws/install/myagv_navigation2:/home/jucy/ydlidar_ros2_ws/install/myagv_bringup:/home/jucy/ydlidar_ros2_ws/install/myagv_description:/home/jucy/ydlidar_ros2_wss/install/ydlidar_ros2_driver:/opt/ros/foxy:/opt/ros/foxy:/home/jucy/ydlidar_ws_11_29/install/jdamr200_node:/home/jucy/turtlebot3_ws/install/turtlebot3_teleop:/home/jucy/turtlebot3_ws/install/turtlebot3_example:/home/jucy/turtlebot3_ws/install/nav2_goal_pulisher_test:/home/jucy/turtlebot3_ws/install/nav2_goal_publisher:/home/jucy/ros2_ws/install/camera_udp_communication:/home/jucy/ros2_ws/install/agv_control_py:/home/jucy/ydlidar_ros2_ws/install/jdamr200_teleop:/home/jucy/ydlidar_ros2_ws/install/jdamr200_node LD_LIBRARY_PATH=/home/jucy/ydlidar_ws_11_29/install/nav2_map_server/lib:/home/jucy/ydlidar_ws_11_29/install/nav2_lifecycle_manager/lib:/home/jucy/ydlidar_ws_11_29/install/nav2_util/lib:/home/jucy/ydlidar_ws_11_29/install/nav2_voxel_grid/lib:/home/jucy/ydlidar_ws_11_29/install/nav2_msgs/lib:${LD_LIBRARY_PATH} PYTHONPATH=/home/jucy/ydlidar_ws_11_29/install/nav2_msgs/lib/python3.8/site-packages:/home/jucy/ydlidar_ws_11_29/install/nav2_common/lib/python3.8/site-packages:${PYTHONPATH} /usr/bin/cmake --build /home/jucy/ydlidar_ws_11_29/build/nav2_costmap_2d -- -j12 -l12
[18.460s] [35m[1mScanning dependencies of target nav2_costmap_2d_core[0m
[18.467s] [35m[1mScanning dependencies of target gtest[0m
[18.493s] [35m[1mScanning dependencies of target gtest_main[0m
[18.597s] [  2%] [32mBuilding CXX object gtest/CMakeFiles/gtest.dir/src/gtest-all.cc.o[0m
[18.636s] [  4%] [32mBuilding CXX object gtest/CMakeFiles/gtest_main.dir/src/gtest_main.cc.o[0m
[19.694s] [  6%] [32mBuilding CXX object CMakeFiles/nav2_costmap_2d_core.dir/src/array_parser.cpp.o[0m
[19.705s] [  8%] [32mBuilding CXX object CMakeFiles/nav2_costmap_2d_core.dir/src/costmap_2d.cpp.o[0m
[19.750s] [ 10%] [32mBuilding CXX object CMakeFiles/nav2_costmap_2d_core.dir/src/layer.cpp.o[0m
[19.763s] [ 12%] [32mBuilding CXX object CMakeFiles/nav2_costmap_2d_core.dir/src/layered_costmap.cpp.o[0m
[19.819s] [ 14%] [32mBuilding CXX object CMakeFiles/nav2_costmap_2d_core.dir/src/costmap_2d_ros.cpp.o[0m
[20.905s] [ 16%] [32mBuilding CXX object CMakeFiles/nav2_costmap_2d_core.dir/src/costmap_layer.cpp.o[0m
[20.907s] [ 18%] [32mBuilding CXX object CMakeFiles/nav2_costmap_2d_core.dir/src/observation_buffer.cpp.o[0m
[20.907s] [ 20%] [32mBuilding CXX object CMakeFiles/nav2_costmap_2d_core.dir/src/footprint.cpp.o[0m
[21.582s] [ 22%] [32m[1mLinking CXX static library libgtest_main.a[0m
[21.939s] [ 22%] Built target gtest_main
[23.549s] [ 25%] [32mBuilding CXX object CMakeFiles/nav2_costmap_2d_core.dir/src/footprint_collision_checker.cpp.o[0m
[41.803s] [ 27%] [32m[1mLinking CXX static library libgtest.a[0m
[41.842s] [ 27%] Built target gtest
[48.355s] [ 31%] [32mBuilding CXX object CMakeFiles/nav2_costmap_2d_core.dir/src/clear_costmap_service.cpp.o[0m
[48.355s] [ 31%] [32mBuilding CXX object CMakeFiles/nav2_costmap_2d_core.dir/src/costmap_math.cpp.o[0m
[48.677s] [ 33%] [32mBuilding CXX object CMakeFiles/nav2_costmap_2d_core.dir/src/costmap_2d_publisher.cpp.o[0m
[54.031s] [ 35%] [32m[1mLinking CXX shared library libnav2_costmap_2d_core.so[0m
[54.323s] [ 35%] Built target nav2_costmap_2d_core
[54.368s] [35m[1mScanning dependencies of target layers[0m
[54.369s] [35m[1mScanning dependencies of target nav2_costmap_2d_client[0m
[54.369s] [35m[1mScanning dependencies of target nav2_costmap_2d_cloud[0m
[54.371s] [35m[1mScanning dependencies of target nav2_costmap_2d_markers[0m
[54.482s] [ 37%] [32mBuilding CXX object CMakeFiles/nav2_costmap_2d_client.dir/src/costmap_subscriber.cpp.o[0m
[54.483s] [ 39%] [32mBuilding CXX object CMakeFiles/nav2_costmap_2d_client.dir/src/footprint_subscriber.cpp.o[0m
[54.486s] [ 41%] [32mBuilding CXX object CMakeFiles/nav2_costmap_2d_client.dir/src/costmap_topic_collision_checker.cpp.o[0m
[54.511s] [ 43%] [32mBuilding CXX object CMakeFiles/nav2_costmap_2d_markers.dir/src/costmap_2d_markers.cpp.o[0m
[54.521s] [ 45%] [32mBuilding CXX object CMakeFiles/nav2_costmap_2d_cloud.dir/src/costmap_2d_cloud.cpp.o[0m
[55.149s] [ 47%] [32mBuilding CXX object CMakeFiles/layers.dir/plugins/inflation_layer.cpp.o[0m
[55.151s] [ 50%] [32mBuilding CXX object CMakeFiles/layers.dir/plugins/static_layer.cpp.o[0m
[55.164s] [ 52%] [32mBuilding CXX object CMakeFiles/layers.dir/plugins/obstacle_layer.cpp.o[0m
[55.164s] [ 54%] [32mBuilding CXX object CMakeFiles/layers.dir/src/observation_buffer.cpp.o[0m
[56.184s] [ 56%] [32mBuilding CXX object CMakeFiles/layers.dir/plugins/voxel_layer.cpp.o[0m
[61.360s] [ 58%] [32mBuilding CXX object CMakeFiles/layers.dir/plugins/range_sensor_layer.cpp.o[0m
[71.817s] [ 60%] [32m[1mLinking CXX shared library libnav2_costmap_2d_client.so[0m
[72.713s] [ 60%] Built target nav2_costmap_2d_client
[72.736s] [35m[1mScanning dependencies of target collision_footprint_test[0m
[72.736s] [35m[1mScanning dependencies of target array_parser_test[0m
[72.797s] [ 62%] [32mBuilding CXX object test/unit/CMakeFiles/array_parser_test.dir/array_parser_test.cpp.o[0m
[72.921s] [ 64%] [32mBuilding CXX object test/unit/CMakeFiles/collision_footprint_test.dir/footprint_collision_checker_test.cpp.o[0m
[73.943s] [ 66%] [32m[1mLinking CXX executable nav2_costmap_2d_markers[0m
[74.641s] [ 66%] Built target nav2_costmap_2d_markers
[74.933s] [ 68%] [32m[1mLinking CXX executable nav2_costmap_2d_cloud[0m
[75.471s] [ 68%] Built target nav2_costmap_2d_cloud
[75.909s] [ 70%] [32m[1mLinking CXX executable array_parser_test[0m
[76.439s] [ 70%] Built target array_parser_test
[78.532s] [ 72%] [32m[1mLinking CXX executable collision_footprint_test[0m
[78.918s] [ 72%] Built target collision_footprint_test
[85.223s] [ 75%] [32m[1mLinking CXX shared library liblayers.so[0m
[85.666s] [ 75%] Built target layers
[85.717s] [35m[1mScanning dependencies of target obstacle_tests_exec[0m
[85.718s] [35m[1mScanning dependencies of target test_collision_checker_exec[0m
[85.722s] [35m[1mScanning dependencies of target footprint_tests_exec[0m
[85.730s] [35m[1mScanning dependencies of target range_tests_exec[0m
[85.730s] [35m[1mScanning dependencies of target nav2_costmap_2d[0m
[85.734s] [35m[1mScanning dependencies of target inflation_tests_exec[0m
[85.826s] [ 77%] [32mBuilding CXX object test/integration/CMakeFiles/footprint_tests_exec.dir/footprint_tests.cpp.o[0m
[85.860s] [ 79%] [32mBuilding CXX object CMakeFiles/nav2_costmap_2d.dir/src/costmap_2d_node.cpp.o[0m
[85.897s] [ 81%] [32mBuilding CXX object test/integration/CMakeFiles/test_collision_checker_exec.dir/test_costmap_topic_collision_checker.cpp.o[0m
[85.897s] [ 83%] [32mBuilding CXX object test/integration/CMakeFiles/inflation_tests_exec.dir/inflation_tests.cpp.o[0m
[85.913s] [ 85%] [32mBuilding CXX object test/integration/CMakeFiles/obstacle_tests_exec.dir/obstacle_tests.cpp.o[0m
[85.945s] [ 87%] [32mBuilding CXX object test/integration/CMakeFiles/range_tests_exec.dir/range_tests.cpp.o[0m
[90.784s] [ 89%] [32m[1mLinking CXX executable nav2_costmap_2d[0m
[91.214s] [ 89%] Built target nav2_costmap_2d
[91.370s] [ 91%] [32m[1mLinking CXX executable footprint_tests_exec[0m
[91.854s] [ 91%] Built target footprint_tests_exec
[93.888s] [ 93%] [32m[1mLinking CXX executable obstacle_tests_exec[0m
[94.261s] [ 93%] Built target obstacle_tests_exec
[94.768s] [ 95%] [32m[1mLinking CXX executable inflation_tests_exec[0m
[94.841s] [ 97%] [32m[1mLinking CXX executable range_tests_exec[0m
[95.214s] [ 97%] Built target inflation_tests_exec
[95.275s] [ 97%] Built target range_tests_exec
[95.409s] [100%] [32m[1mLinking CXX executable test_collision_checker_exec[0m
[95.820s] [100%] Built target test_collision_checker_exec
[95.839s] Invoked command in '/home/jucy/ydlidar_ws_11_29/build/nav2_costmap_2d' returned '0': AMENT_PREFIX_PATH=/home/jucy/ydlidar_ws_11_29/install/nav2_map_server:/home/jucy/ydlidar_ws_11_29/install/nav2_lifecycle_manager:/home/jucy/ydlidar_ws_11_29/install/nav2_util:/home/jucy/ydlidar_ws_11_29/install/nav2_voxel_grid:/home/jucy/ydlidar_ws_11_29/install/nav2_msgs:/home/jucy/ydlidar_ws_11_29/install/nav2_common:${AMENT_PREFIX_PATH} CMAKE_PREFIX_PATH=/home/jucy/ydlidar_ws_11_29/install/nav2_map_server:/home/jucy/ydlidar_ws_11_29/install/nav2_lifecycle_manager:/home/jucy/ydlidar_ws_11_29/install/nav2_util:/home/jucy/ydlidar_ws_11_29/install/nav2_voxel_grid:/home/jucy/ydlidar_ws_11_29/install/nav2_msgs:/home/jucy/ydlidar_ws_11_29/install/nav2_common:/home/jucy/ydlidar_ws_11_29/install/ydlidar_ros2_driver:/home/jucy/ydlidar_ws_11_29/install/myagv_navigation2:/home/jucy/ydlidar_ws_11_29/install/myagv_bringup:/home/jucy/ydlidar_ws_11_29/install/myagv_description:/home/jucy/new_ws/install/myagv_description:/home/jucy/new_ws/install/aseembly:/home/jucy/turtlebot3_ws/install/turtlebot3:/home/jucy/turtlebot3_ws/install/turtlebot3_simulations:/home/jucy/turtlebot3_ws/install/turtlebot3_bringup:/home/jucy/turtlebot3_ws/install/turtlebot3_node:/home/jucy/turtlebot3_ws/install/turtlebot3_navigation2:/home/jucy/turtlebot3_ws/install/turtlebot3_fake_node:/home/jucy/turtlebot3_ws/install/turtlebot3_msgs:/home/jucy/turtlebot3_ws/install/turtlebot3_gazebo:/home/jucy/turtlebot3_ws/install/turtlebot3_description:/home/jucy/turtlebot3_ws/install/turtlebot3_cartographer:/home/jucy/turtlebot3_ws/install/dynamixel_sdk_examples:/home/jucy/turtlebot3_ws/install/dynamixel_sdk_custom_interfaces:/home/jucy/turtlebot3_ws/install/dynamixel_sdk:/home/jucy/ros2_ws/install/ps2_controller:/home/jucy/ydlidar_ros2_ws/install/ydlidar_ros2_driver:/home/jucy/ydlidar_ros2_ws/install/ps2_controller:/home/jucy/ydlidar_ros2_ws/install/myagv_navigation2:/home/jucy/ydlidar_ros2_ws/install/myagv_bringup:/home/jucy/ydlidar_ros2_ws/install/myagv_description:/home/jucy/ydlidar_ros2_wss/install/ydlidar_ros2_driver:/opt/ros/foxy:/opt/ros/foxy:/home/jucy/ydlidar_ws_11_29/install/jdamr200_node:/home/jucy/turtlebot3_ws/install/turtlebot3_teleop:/home/jucy/turtlebot3_ws/install/turtlebot3_example:/home/jucy/turtlebot3_ws/install/nav2_goal_pulisher_test:/home/jucy/turtlebot3_ws/install/nav2_goal_publisher:/home/jucy/ros2_ws/install/camera_udp_communication:/home/jucy/ros2_ws/install/agv_control_py:/home/jucy/ydlidar_ros2_ws/install/jdamr200_teleop:/home/jucy/ydlidar_ros2_ws/install/jdamr200_node LD_LIBRARY_PATH=/home/jucy/ydlidar_ws_11_29/install/nav2_map_server/lib:/home/jucy/ydlidar_ws_11_29/install/nav2_lifecycle_manager/lib:/home/jucy/ydlidar_ws_11_29/install/nav2_util/lib:/home/jucy/ydlidar_ws_11_29/install/nav2_voxel_grid/lib:/home/jucy/ydlidar_ws_11_29/install/nav2_msgs/lib:${LD_LIBRARY_PATH} PYTHONPATH=/home/jucy/ydlidar_ws_11_29/install/nav2_msgs/lib/python3.8/site-packages:/home/jucy/ydlidar_ws_11_29/install/nav2_common/lib/python3.8/site-packages:${PYTHONPATH} /usr/bin/cmake --build /home/jucy/ydlidar_ws_11_29/build/nav2_costmap_2d -- -j12 -l12
[95.850s] Invoking command in '/home/jucy/ydlidar_ws_11_29/build/nav2_costmap_2d': AMENT_PREFIX_PATH=/home/jucy/ydlidar_ws_11_29/install/nav2_map_server:/home/jucy/ydlidar_ws_11_29/install/nav2_lifecycle_manager:/home/jucy/ydlidar_ws_11_29/install/nav2_util:/home/jucy/ydlidar_ws_11_29/install/nav2_voxel_grid:/home/jucy/ydlidar_ws_11_29/install/nav2_msgs:/home/jucy/ydlidar_ws_11_29/install/nav2_common:${AMENT_PREFIX_PATH} CMAKE_PREFIX_PATH=/home/jucy/ydlidar_ws_11_29/install/nav2_map_server:/home/jucy/ydlidar_ws_11_29/install/nav2_lifecycle_manager:/home/jucy/ydlidar_ws_11_29/install/nav2_util:/home/jucy/ydlidar_ws_11_29/install/nav2_voxel_grid:/home/jucy/ydlidar_ws_11_29/install/nav2_msgs:/home/jucy/ydlidar_ws_11_29/install/nav2_common:/home/jucy/ydlidar_ws_11_29/install/ydlidar_ros2_driver:/home/jucy/ydlidar_ws_11_29/install/myagv_navigation2:/home/jucy/ydlidar_ws_11_29/install/myagv_bringup:/home/jucy/ydlidar_ws_11_29/install/myagv_description:/home/jucy/new_ws/install/myagv_description:/home/jucy/new_ws/install/aseembly:/home/jucy/turtlebot3_ws/install/turtlebot3:/home/jucy/turtlebot3_ws/install/turtlebot3_simulations:/home/jucy/turtlebot3_ws/install/turtlebot3_bringup:/home/jucy/turtlebot3_ws/install/turtlebot3_node:/home/jucy/turtlebot3_ws/install/turtlebot3_navigation2:/home/jucy/turtlebot3_ws/install/turtlebot3_fake_node:/home/jucy/turtlebot3_ws/install/turtlebot3_msgs:/home/jucy/turtlebot3_ws/install/turtlebot3_gazebo:/home/jucy/turtlebot3_ws/install/turtlebot3_description:/home/jucy/turtlebot3_ws/install/turtlebot3_cartographer:/home/jucy/turtlebot3_ws/install/dynamixel_sdk_examples:/home/jucy/turtlebot3_ws/install/dynamixel_sdk_custom_interfaces:/home/jucy/turtlebot3_ws/install/dynamixel_sdk:/home/jucy/ros2_ws/install/ps2_controller:/home/jucy/ydlidar_ros2_ws/install/ydlidar_ros2_driver:/home/jucy/ydlidar_ros2_ws/install/ps2_controller:/home/jucy/ydlidar_ros2_ws/install/myagv_navigation2:/home/jucy/ydlidar_ros2_ws/install/myagv_bringup:/home/jucy/ydlidar_ros2_ws/install/myagv_description:/home/jucy/ydlidar_ros2_wss/install/ydlidar_ros2_driver:/opt/ros/foxy:/opt/ros/foxy:/home/jucy/ydlidar_ws_11_29/install/jdamr200_node:/home/jucy/turtlebot3_ws/install/turtlebot3_teleop:/home/jucy/turtlebot3_ws/install/turtlebot3_example:/home/jucy/turtlebot3_ws/install/nav2_goal_pulisher_test:/home/jucy/turtlebot3_ws/install/nav2_goal_publisher:/home/jucy/ros2_ws/install/camera_udp_communication:/home/jucy/ros2_ws/install/agv_control_py:/home/jucy/ydlidar_ros2_ws/install/jdamr200_teleop:/home/jucy/ydlidar_ros2_ws/install/jdamr200_node LD_LIBRARY_PATH=/home/jucy/ydlidar_ws_11_29/install/nav2_map_server/lib:/home/jucy/ydlidar_ws_11_29/install/nav2_lifecycle_manager/lib:/home/jucy/ydlidar_ws_11_29/install/nav2_util/lib:/home/jucy/ydlidar_ws_11_29/install/nav2_voxel_grid/lib:/home/jucy/ydlidar_ws_11_29/install/nav2_msgs/lib:${LD_LIBRARY_PATH} PYTHONPATH=/home/jucy/ydlidar_ws_11_29/install/nav2_msgs/lib/python3.8/site-packages:/home/jucy/ydlidar_ws_11_29/install/nav2_common/lib/python3.8/site-packages:${PYTHONPATH} /usr/bin/cmake --install /home/jucy/ydlidar_ws_11_29/build/nav2_costmap_2d
[95.867s] -- Install configuration: "Release"
[95.868s] -- Installing: /home/jucy/ydlidar_ws_11_29/install/nav2_costmap_2d/lib/libnav2_costmap_2d_core.so
[95.871s] -- Set runtime path of "/home/jucy/ydlidar_ws_11_29/install/nav2_costmap_2d/lib/libnav2_costmap_2d_core.so" to ""
[95.871s] -- Installing: /home/jucy/ydlidar_ws_11_29/install/nav2_costmap_2d/lib/liblayers.so
[95.874s] -- Set runtime path of "/home/jucy/ydlidar_ws_11_29/install/nav2_costmap_2d/lib/liblayers.so" to ""
[95.874s] -- Installing: /home/jucy/ydlidar_ws_11_29/install/nav2_costmap_2d/lib/libnav2_costmap_2d_client.so
[95.875s] -- Set runtime path of "/home/jucy/ydlidar_ws_11_29/install/nav2_costmap_2d/lib/libnav2_costmap_2d_client.so" to ""
[95.875s] -- Installing: /home/jucy/ydlidar_ws_11_29/install/nav2_costmap_2d/lib/nav2_costmap_2d/nav2_costmap_2d
[95.876s] -- Set runtime path of "/home/jucy/ydlidar_ws_11_29/install/nav2_costmap_2d/lib/nav2_costmap_2d/nav2_costmap_2d" to ""
[95.876s] -- Installing: /home/jucy/ydlidar_ws_11_29/install/nav2_costmap_2d/lib/nav2_costmap_2d/nav2_costmap_2d_markers
[95.877s] -- Set runtime path of "/home/jucy/ydlidar_ws_11_29/install/nav2_costmap_2d/lib/nav2_costmap_2d/nav2_costmap_2d_markers" to ""
[95.877s] -- Installing: /home/jucy/ydlidar_ws_11_29/install/nav2_costmap_2d/lib/nav2_costmap_2d/nav2_costmap_2d_cloud
[95.878s] -- Set runtime path of "/home/jucy/ydlidar_ws_11_29/install/nav2_costmap_2d/lib/nav2_costmap_2d/nav2_costmap_2d_cloud" to ""
[95.878s] -- Installing: /home/jucy/ydlidar_ws_11_29/install/nav2_costmap_2d/share/nav2_costmap_2d/costmap_plugins.xml
[95.879s] -- Installing: /home/jucy/ydlidar_ws_11_29/install/nav2_costmap_2d/include/
[95.879s] -- Installing: /home/jucy/ydlidar_ws_11_29/install/nav2_costmap_2d/include//nav2_costmap_2d
[95.879s] -- Installing: /home/jucy/ydlidar_ws_11_29/install/nav2_costmap_2d/include//nav2_costmap_2d/inflation_layer.hpp
[95.879s] -- Installing: /home/jucy/ydlidar_ws_11_29/install/nav2_costmap_2d/include//nav2_costmap_2d/observation_buffer.hpp
[95.879s] -- Installing: /home/jucy/ydlidar_ws_11_29/install/nav2_costmap_2d/include//nav2_costmap_2d/footprint_collision_checker.hpp
[95.879s] -- Installing: /home/jucy/ydlidar_ws_11_29/install/nav2_costmap_2d/include//nav2_costmap_2d/clear_costmap_service.hpp
[95.880s] -- Installing: /home/jucy/ydlidar_ws_11_29/install/nav2_costmap_2d/include//nav2_costmap_2d/costmap_2d_ros.hpp
[95.880s] -- Installing: /home/jucy/ydlidar_ws_11_29/install/nav2_costmap_2d/include//nav2_costmap_2d/exceptions.hpp
[95.880s] -- Installing: /home/jucy/ydlidar_ws_11_29/install/nav2_costmap_2d/include//nav2_costmap_2d/range_sensor_layer.hpp
[95.880s] -- Installing: /home/jucy/ydlidar_ws_11_29/install/nav2_costmap_2d/include//nav2_costmap_2d/array_parser.hpp
[95.880s] -- Installing: /home/jucy/ydlidar_ws_11_29/install/nav2_costmap_2d/include//nav2_costmap_2d/costmap_math.hpp
[95.880s] -- Installing: /home/jucy/ydlidar_ws_11_29/install/nav2_costmap_2d/include//nav2_costmap_2d/footprint_subscriber.hpp
[95.880s] -- Installing: /home/jucy/ydlidar_ws_11_29/install/nav2_costmap_2d/include//nav2_costmap_2d/static_layer.hpp
[95.881s] -- Installing: /home/jucy/ydlidar_ws_11_29/install/nav2_costmap_2d/include//nav2_costmap_2d/layered_costmap.hpp
[95.881s] -- Installing: /home/jucy/ydlidar_ws_11_29/install/nav2_costmap_2d/include//nav2_costmap_2d/costmap_2d.hpp
[95.881s] -- Installing: /home/jucy/ydlidar_ws_11_29/install/nav2_costmap_2d/include//nav2_costmap_2d/cost_values.hpp
[95.881s] -- Installing: /home/jucy/ydlidar_ws_11_29/install/nav2_costmap_2d/include//nav2_costmap_2d/footprint.hpp
[95.881s] -- Installing: /home/jucy/ydlidar_ws_11_29/install/nav2_costmap_2d/include//nav2_costmap_2d/costmap_topic_collision_checker.hpp
[95.881s] -- Installing: /home/jucy/ydlidar_ws_11_29/install/nav2_costmap_2d/include//nav2_costmap_2d/layer.hpp
[95.881s] -- Installing: /home/jucy/ydlidar_ws_11_29/install/nav2_costmap_2d/include//nav2_costmap_2d/costmap_2d_publisher.hpp
[95.881s] -- Installing: /home/jucy/ydlidar_ws_11_29/install/nav2_costmap_2d/include//nav2_costmap_2d/costmap_subscriber.hpp
[95.881s] -- Installing: /home/jucy/ydlidar_ws_11_29/install/nav2_costmap_2d/include//nav2_costmap_2d/obstacle_layer.hpp
[95.882s] -- Installing: /home/jucy/ydlidar_ws_11_29/install/nav2_costmap_2d/include//nav2_costmap_2d/costmap_layer.hpp
[95.882s] -- Installing: /home/jucy/ydlidar_ws_11_29/install/nav2_costmap_2d/include//nav2_costmap_2d/voxel_layer.hpp
[95.882s] -- Installing: /home/jucy/ydlidar_ws_11_29/install/nav2_costmap_2d/include//nav2_costmap_2d/observation.hpp
[95.882s] -- Installing: /home/jucy/ydlidar_ws_11_29/install/nav2_costmap_2d/share/nav2_costmap_2d/environment/library_path.sh
[95.882s] -- Installing: /home/jucy/ydlidar_ws_11_29/install/nav2_costmap_2d/share/nav2_costmap_2d/environment/library_path.dsv
[95.882s] -- Up-to-date: /home/jucy/ydlidar_ws_11_29/install/nav2_costmap_2d/share/nav2_costmap_2d/costmap_plugins.xml
[95.882s] -- Installing: /home/jucy/ydlidar_ws_11_29/install/nav2_costmap_2d/share/ament_index/resource_index/package_run_dependencies/nav2_costmap_2d
[95.882s] -- Installing: /home/jucy/ydlidar_ws_11_29/install/nav2_costmap_2d/share/ament_index/resource_index/parent_prefix_path/nav2_costmap_2d
[95.882s] -- Installing: /home/jucy/ydlidar_ws_11_29/install/nav2_costmap_2d/share/nav2_costmap_2d/environment/ament_prefix_path.sh
[95.882s] -- Installing: /home/jucy/ydlidar_ws_11_29/install/nav2_costmap_2d/share/nav2_costmap_2d/environment/ament_prefix_path.dsv
[95.882s] -- Installing: /home/jucy/ydlidar_ws_11_29/install/nav2_costmap_2d/share/nav2_costmap_2d/environment/path.sh
[95.882s] -- Installing: /home/jucy/ydlidar_ws_11_29/install/nav2_costmap_2d/share/nav2_costmap_2d/environment/path.dsv
[95.883s] -- Installing: /home/jucy/ydlidar_ws_11_29/install/nav2_costmap_2d/share/nav2_costmap_2d/local_setup.bash
[95.883s] -- Installing: /home/jucy/ydlidar_ws_11_29/install/nav2_costmap_2d/share/nav2_costmap_2d/local_setup.sh
[95.883s] -- Installing: /home/jucy/ydlidar_ws_11_29/install/nav2_costmap_2d/share/nav2_costmap_2d/local_setup.zsh
[95.883s] -- Installing: /home/jucy/ydlidar_ws_11_29/install/nav2_costmap_2d/share/nav2_costmap_2d/local_setup.dsv
[95.883s] -- Installing: /home/jucy/ydlidar_ws_11_29/install/nav2_costmap_2d/share/nav2_costmap_2d/package.dsv
[95.883s] -- Installing: /home/jucy/ydlidar_ws_11_29/install/nav2_costmap_2d/share/ament_index/resource_index/packages/nav2_costmap_2d
[95.884s] -- Installing: /home/jucy/ydlidar_ws_11_29/install/nav2_costmap_2d/share/ament_index/resource_index/nav2_costmap_2d__pluginlib__plugin/nav2_costmap_2d
[95.884s] -- Installing: /home/jucy/ydlidar_ws_11_29/install/nav2_costmap_2d/share/nav2_costmap_2d/cmake/ament_cmake_export_include_directories-extras.cmake
[95.884s] -- Installing: /home/jucy/ydlidar_ws_11_29/install/nav2_costmap_2d/share/nav2_costmap_2d/cmake/ament_cmake_export_libraries-extras.cmake
[95.884s] -- Installing: /home/jucy/ydlidar_ws_11_29/install/nav2_costmap_2d/share/nav2_costmap_2d/cmake/ament_cmake_export_dependencies-extras.cmake
[95.884s] -- Installing: /home/jucy/ydlidar_ws_11_29/install/nav2_costmap_2d/share/nav2_costmap_2d/cmake/ament_cmake_export_definitions-extras.cmake
[95.884s] -- Installing: /home/jucy/ydlidar_ws_11_29/install/nav2_costmap_2d/share/nav2_costmap_2d/cmake/nav2_costmap_2dConfig.cmake
[95.884s] -- Installing: /home/jucy/ydlidar_ws_11_29/install/nav2_costmap_2d/share/nav2_costmap_2d/cmake/nav2_costmap_2dConfig-version.cmake
[95.885s] -- Installing: /home/jucy/ydlidar_ws_11_29/install/nav2_costmap_2d/share/nav2_costmap_2d/package.xml
[95.888s] Invoked command in '/home/jucy/ydlidar_ws_11_29/build/nav2_costmap_2d' returned '0': AMENT_PREFIX_PATH=/home/jucy/ydlidar_ws_11_29/install/nav2_map_server:/home/jucy/ydlidar_ws_11_29/install/nav2_lifecycle_manager:/home/jucy/ydlidar_ws_11_29/install/nav2_util:/home/jucy/ydlidar_ws_11_29/install/nav2_voxel_grid:/home/jucy/ydlidar_ws_11_29/install/nav2_msgs:/home/jucy/ydlidar_ws_11_29/install/nav2_common:${AMENT_PREFIX_PATH} CMAKE_PREFIX_PATH=/home/jucy/ydlidar_ws_11_29/install/nav2_map_server:/home/jucy/ydlidar_ws_11_29/install/nav2_lifecycle_manager:/home/jucy/ydlidar_ws_11_29/install/nav2_util:/home/jucy/ydlidar_ws_11_29/install/nav2_voxel_grid:/home/jucy/ydlidar_ws_11_29/install/nav2_msgs:/home/jucy/ydlidar_ws_11_29/install/nav2_common:/home/jucy/ydlidar_ws_11_29/install/ydlidar_ros2_driver:/home/jucy/ydlidar_ws_11_29/install/myagv_navigation2:/home/jucy/ydlidar_ws_11_29/install/myagv_bringup:/home/jucy/ydlidar_ws_11_29/install/myagv_description:/home/jucy/new_ws/install/myagv_description:/home/jucy/new_ws/install/aseembly:/home/jucy/turtlebot3_ws/install/turtlebot3:/home/jucy/turtlebot3_ws/install/turtlebot3_simulations:/home/jucy/turtlebot3_ws/install/turtlebot3_bringup:/home/jucy/turtlebot3_ws/install/turtlebot3_node:/home/jucy/turtlebot3_ws/install/turtlebot3_navigation2:/home/jucy/turtlebot3_ws/install/turtlebot3_fake_node:/home/jucy/turtlebot3_ws/install/turtlebot3_msgs:/home/jucy/turtlebot3_ws/install/turtlebot3_gazebo:/home/jucy/turtlebot3_ws/install/turtlebot3_description:/home/jucy/turtlebot3_ws/install/turtlebot3_cartographer:/home/jucy/turtlebot3_ws/install/dynamixel_sdk_examples:/home/jucy/turtlebot3_ws/install/dynamixel_sdk_custom_interfaces:/home/jucy/turtlebot3_ws/install/dynamixel_sdk:/home/jucy/ros2_ws/install/ps2_controller:/home/jucy/ydlidar_ros2_ws/install/ydlidar_ros2_driver:/home/jucy/ydlidar_ros2_ws/install/ps2_controller:/home/jucy/ydlidar_ros2_ws/install/myagv_navigation2:/home/jucy/ydlidar_ros2_ws/install/myagv_bringup:/home/jucy/ydlidar_ros2_ws/install/myagv_description:/home/jucy/ydlidar_ros2_wss/install/ydlidar_ros2_driver:/opt/ros/foxy:/opt/ros/foxy:/home/jucy/ydlidar_ws_11_29/install/jdamr200_node:/home/jucy/turtlebot3_ws/install/turtlebot3_teleop:/home/jucy/turtlebot3_ws/install/turtlebot3_example:/home/jucy/turtlebot3_ws/install/nav2_goal_pulisher_test:/home/jucy/turtlebot3_ws/install/nav2_goal_publisher:/home/jucy/ros2_ws/install/camera_udp_communication:/home/jucy/ros2_ws/install/agv_control_py:/home/jucy/ydlidar_ros2_ws/install/jdamr200_teleop:/home/jucy/ydlidar_ros2_ws/install/jdamr200_node LD_LIBRARY_PATH=/home/jucy/ydlidar_ws_11_29/install/nav2_map_server/lib:/home/jucy/ydlidar_ws_11_29/install/nav2_lifecycle_manager/lib:/home/jucy/ydlidar_ws_11_29/install/nav2_util/lib:/home/jucy/ydlidar_ws_11_29/install/nav2_voxel_grid/lib:/home/jucy/ydlidar_ws_11_29/install/nav2_msgs/lib:${LD_LIBRARY_PATH} PYTHONPATH=/home/jucy/ydlidar_ws_11_29/install/nav2_msgs/lib/python3.8/site-packages:/home/jucy/ydlidar_ws_11_29/install/nav2_common/lib/python3.8/site-packages:${PYTHONPATH} /usr/bin/cmake --install /home/jucy/ydlidar_ws_11_29/build/nav2_costmap_2d
