[0.073s] Invoking command in '/home/jucy/ydlidar_ws_11_29/build/nav_2d_msgs': CMAKE_PREFIX_PATH=${CMAKE_PREFIX_PATH}:/home/jucy/ydlidar_ws_11_29/install/nav2_gazebo_spawner:/home/jucy/ydlidar_ws_11_29/install/jdamr200_node:/home/jucy/turtlebot3_ws/install/turtlebot3_teleop:/home/jucy/turtlebot3_ws/install/turtlebot3_example:/home/jucy/turtlebot3_ws/install/nav2_goal_pulisher_test:/home/jucy/turtlebot3_ws/install/nav2_goal_publisher:/home/jucy/ros2_ws/install/camera_udp_communication:/home/jucy/ros2_ws/install/agv_control_py:/home/jucy/ydlidar_ros2_ws/install/jdamr200_teleop:/home/jucy/ydlidar_ros2_ws/install/jdamr200_node /usr/bin/cmake --build /home/jucy/ydlidar_ws_11_29/build/nav_2d_msgs -- -j12 -l12
[0.562s] [  1%] Built target nav_2d_msgs__cpp
[0.562s] [ 12%] Built target nav_2d_msgs__rosidl_generator_c
[0.563s] [ 42%] Built target nav_2d_msgs__rosidl_typesupport_introspection_cpp
[0.563s] [ 42%] Built target nav_2d_msgs__rosidl_typesupport_cpp
[0.564s] [ 46%] Built target nav_2d_msgs__rosidl_typesupport_c
[0.564s] [ 57%] Built target nav_2d_msgs__rosidl_typesupport_introspection_c
[0.564s] [ 69%] Built target nav_2d_msgs__rosidl_typesupport_fastrtps_cpp
[0.564s] [ 80%] Built target nav_2d_msgs__rosidl_typesupport_fastrtps_c
[0.564s] [ 80%] Built target nav_2d_msgs
[0.564s] [ 81%] Built target nav_2d_msgs__py
[0.564s] [ 91%] Built target nav_2d_msgs__python
[0.564s] [ 98%] Built target nav_2d_msgs__rosidl_typesupport_introspection_c__pyext
[0.565s] [ 98%] Built target nav_2d_msgs__rosidl_typesupport_c__pyext
[0.565s] [100%] Built target nav_2d_msgs__rosidl_typesupport_fastrtps_c__pyext
[0.585s] Invoked command in '/home/jucy/ydlidar_ws_11_29/build/nav_2d_msgs' returned '0': CMAKE_PREFIX_PATH=${CMAKE_PREFIX_PATH}:/home/jucy/ydlidar_ws_11_29/install/nav2_gazebo_spawner:/home/jucy/ydlidar_ws_11_29/install/jdamr200_node:/home/jucy/turtlebot3_ws/install/turtlebot3_teleop:/home/jucy/turtlebot3_ws/install/turtlebot3_example:/home/jucy/turtlebot3_ws/install/nav2_goal_pulisher_test:/home/jucy/turtlebot3_ws/install/nav2_goal_publisher:/home/jucy/ros2_ws/install/camera_udp_communication:/home/jucy/ros2_ws/install/agv_control_py:/home/jucy/ydlidar_ros2_ws/install/jdamr200_teleop:/home/jucy/ydlidar_ros2_ws/install/jdamr200_node /usr/bin/cmake --build /home/jucy/ydlidar_ws_11_29/build/nav_2d_msgs -- -j12 -l12
[0.586s] Invoking command in '/home/jucy/ydlidar_ws_11_29/build/nav_2d_msgs': CMAKE_PREFIX_PATH=${CMAKE_PREFIX_PATH}:/home/jucy/ydlidar_ws_11_29/install/nav2_gazebo_spawner:/home/jucy/ydlidar_ws_11_29/install/jdamr200_node:/home/jucy/turtlebot3_ws/install/turtlebot3_teleop:/home/jucy/turtlebot3_ws/install/turtlebot3_example:/home/jucy/turtlebot3_ws/install/nav2_goal_pulisher_test:/home/jucy/turtlebot3_ws/install/nav2_goal_publisher:/home/jucy/ros2_ws/install/camera_udp_communication:/home/jucy/ros2_ws/install/agv_control_py:/home/jucy/ydlidar_ros2_ws/install/jdamr200_teleop:/home/jucy/ydlidar_ros2_ws/install/jdamr200_node /usr/bin/cmake --install /home/jucy/ydlidar_ws_11_29/build/nav_2d_msgs
[0.605s] -- Install configuration: ""
[0.606s] -- Up-to-date: /home/jucy/ydlidar_ws_11_29/install/nav_2d_msgs/share/ament_index/resource_index/rosidl_interfaces/nav_2d_msgs
[0.606s] -- Up-to-date: /home/jucy/ydlidar_ws_11_29/install/nav_2d_msgs/include/nav_2d_msgs
[0.607s] -- Up-to-date: /home/jucy/ydlidar_ws_11_29/install/nav_2d_msgs/include/nav_2d_msgs/msg
[0.607s] -- Up-to-date: /home/jucy/ydlidar_ws_11_29/install/nav_2d_msgs/include/nav_2d_msgs/msg/twist2_d.h
[0.608s] -- Up-to-date: /home/jucy/ydlidar_ws_11_29/install/nav_2d_msgs/include/nav_2d_msgs/msg/rosidl_generator_c__visibility_control.h
[0.608s] -- Up-to-date: /home/jucy/ydlidar_ws_11_29/install/nav_2d_msgs/include/nav_2d_msgs/msg/twist2_d32.h
[0.608s] -- Up-to-date: /home/jucy/ydlidar_ws_11_29/install/nav_2d_msgs/include/nav_2d_msgs/msg/pose2_d32.h
[0.609s] -- Up-to-date: /home/jucy/ydlidar_ws_11_29/install/nav_2d_msgs/include/nav_2d_msgs/msg/twist2_d_stamped.h
[0.609s] -- Up-to-date: /home/jucy/ydlidar_ws_11_29/install/nav_2d_msgs/include/nav_2d_msgs/msg/path2_d.h
[0.609s] -- Up-to-date: /home/jucy/ydlidar_ws_11_29/install/nav_2d_msgs/include/nav_2d_msgs/msg/detail
[0.609s] -- Up-to-date: /home/jucy/ydlidar_ws_11_29/install/nav_2d_msgs/include/nav_2d_msgs/msg/detail/twist2_d__type_support.h
[0.609s] -- Up-to-date: /home/jucy/ydlidar_ws_11_29/install/nav_2d_msgs/include/nav_2d_msgs/msg/detail/twist2_d32__functions.h
[0.610s] -- Up-to-date: /home/jucy/ydlidar_ws_11_29/install/nav_2d_msgs/include/nav_2d_msgs/msg/detail/pose2_d32__functions.h
[0.610s] -- Up-to-date: /home/jucy/ydlidar_ws_11_29/install/nav_2d_msgs/include/nav_2d_msgs/msg/detail/twist2_d_stamped__type_support.h
[0.611s] -- Up-to-date: /home/jucy/ydlidar_ws_11_29/install/nav_2d_msgs/include/nav_2d_msgs/msg/detail/pose2_d32__struct.h
[0.611s] -- Up-to-date: /home/jucy/ydlidar_ws_11_29/install/nav_2d_msgs/include/nav_2d_msgs/msg/detail/twist2_d_stamped__functions.h
[0.611s] -- Up-to-date: /home/jucy/ydlidar_ws_11_29/install/nav_2d_msgs/include/nav_2d_msgs/msg/detail/twist2_d32__type_support.h
[0.611s] -- Up-to-date: /home/jucy/ydlidar_ws_11_29/install/nav_2d_msgs/include/nav_2d_msgs/msg/detail/twist2_d__struct.h
[0.611s] -- Up-to-date: /home/jucy/ydlidar_ws_11_29/install/nav_2d_msgs/include/nav_2d_msgs/msg/detail/pose2_d_stamped__functions.c
[0.612s] -- Up-to-date: /home/jucy/ydlidar_ws_11_29/install/nav_2d_msgs/include/nav_2d_msgs/msg/detail/pose2_d_stamped__functions.h
[0.612s] -- Up-to-date: /home/jucy/ydlidar_ws_11_29/install/nav_2d_msgs/include/nav_2d_msgs/msg/detail/path2_d__functions.c
[0.612s] -- Up-to-date: /home/jucy/ydlidar_ws_11_29/install/nav_2d_msgs/include/nav_2d_msgs/msg/detail/path2_d__type_support.h
[0.613s] -- Up-to-date: /home/jucy/ydlidar_ws_11_29/install/nav_2d_msgs/include/nav_2d_msgs/msg/detail/twist2_d32__functions.c
[0.613s] -- Up-to-date: /home/jucy/ydlidar_ws_11_29/install/nav_2d_msgs/include/nav_2d_msgs/msg/detail/twist2_d__functions.c
[0.613s] -- Up-to-date: /home/jucy/ydlidar_ws_11_29/install/nav_2d_msgs/include/nav_2d_msgs/msg/detail/twist2_d_stamped__struct.h
[0.613s] -- Up-to-date: /home/jucy/ydlidar_ws_11_29/install/nav_2d_msgs/include/nav_2d_msgs/msg/detail/twist2_d__functions.h
[0.614s] -- Up-to-date: /home/jucy/ydlidar_ws_11_29/install/nav_2d_msgs/include/nav_2d_msgs/msg/detail/twist2_d32__struct.h
[0.614s] -- Up-to-date: /home/jucy/ydlidar_ws_11_29/install/nav_2d_msgs/include/nav_2d_msgs/msg/detail/path2_d__struct.h
[0.614s] -- Up-to-date: /home/jucy/ydlidar_ws_11_29/install/nav_2d_msgs/include/nav_2d_msgs/msg/detail/path2_d__functions.h
[0.615s] -- Up-to-date: /home/jucy/ydlidar_ws_11_29/install/nav_2d_msgs/include/nav_2d_msgs/msg/detail/twist2_d_stamped__functions.c
[0.616s] -- Up-to-date: /home/jucy/ydlidar_ws_11_29/install/nav_2d_msgs/include/nav_2d_msgs/msg/detail/pose2_d_stamped__struct.h
[0.616s] -- Up-to-date: /home/jucy/ydlidar_ws_11_29/install/nav_2d_msgs/include/nav_2d_msgs/msg/detail/pose2_d32__functions.c
[0.616s] -- Up-to-date: /home/jucy/ydlidar_ws_11_29/install/nav_2d_msgs/include/nav_2d_msgs/msg/detail/pose2_d_stamped__type_support.h
[0.616s] -- Up-to-date: /home/jucy/ydlidar_ws_11_29/install/nav_2d_msgs/include/nav_2d_msgs/msg/detail/pose2_d32__type_support.h
[0.616s] -- Up-to-date: /home/jucy/ydlidar_ws_11_29/install/nav_2d_msgs/include/nav_2d_msgs/msg/pose2_d_stamped.h
[0.617s] -- Up-to-date: /home/jucy/ydlidar_ws_11_29/install/nav_2d_msgs/share/nav_2d_msgs/environment/library_path.sh
[0.617s] -- Up-to-date: /home/jucy/ydlidar_ws_11_29/install/nav_2d_msgs/share/nav_2d_msgs/environment/library_path.dsv
[0.617s] -- Up-to-date: /home/jucy/ydlidar_ws_11_29/install/nav_2d_msgs/lib/libnav_2d_msgs__rosidl_generator_c.so
[0.617s] -- Up-to-date: /home/jucy/ydlidar_ws_11_29/install/nav_2d_msgs/include/nav_2d_msgs
[0.617s] -- Up-to-date: /home/jucy/ydlidar_ws_11_29/install/nav_2d_msgs/include/nav_2d_msgs/msg
[0.618s] -- Up-to-date: /home/jucy/ydlidar_ws_11_29/install/nav_2d_msgs/include/nav_2d_msgs/msg/rosidl_typesupport_fastrtps_c__visibility_control.h
[0.618s] -- Up-to-date: /home/jucy/ydlidar_ws_11_29/install/nav_2d_msgs/include/nav_2d_msgs/msg/detail
[0.618s] -- Up-to-date: /home/jucy/ydlidar_ws_11_29/install/nav_2d_msgs/include/nav_2d_msgs/msg/detail/twist2_d32__rosidl_typesupport_fastrtps_c.h
[0.618s] -- Up-to-date: /home/jucy/ydlidar_ws_11_29/install/nav_2d_msgs/include/nav_2d_msgs/msg/detail/pose2_d_stamped__rosidl_typesupport_fastrtps_c.h
[0.618s] -- Up-to-date: /home/jucy/ydlidar_ws_11_29/install/nav_2d_msgs/include/nav_2d_msgs/msg/detail/pose2_d32__rosidl_typesupport_fastrtps_c.h
[0.618s] -- Up-to-date: /home/jucy/ydlidar_ws_11_29/install/nav_2d_msgs/include/nav_2d_msgs/msg/detail/path2_d__rosidl_typesupport_fastrtps_c.h
[0.618s] -- Up-to-date: /home/jucy/ydlidar_ws_11_29/install/nav_2d_msgs/include/nav_2d_msgs/msg/detail/twist2_d__rosidl_typesupport_fastrtps_c.h
[0.619s] -- Up-to-date: /home/jucy/ydlidar_ws_11_29/install/nav_2d_msgs/include/nav_2d_msgs/msg/detail/twist2_d_stamped__rosidl_typesupport_fastrtps_c.h
[0.619s] -- Up-to-date: /home/jucy/ydlidar_ws_11_29/install/nav_2d_msgs/lib/libnav_2d_msgs__rosidl_typesupport_fastrtps_c.so
[0.619s] -- Up-to-date: /home/jucy/ydlidar_ws_11_29/install/nav_2d_msgs/include/nav_2d_msgs
[0.619s] -- Up-to-date: /home/jucy/ydlidar_ws_11_29/install/nav_2d_msgs/include/nav_2d_msgs/msg
[0.619s] -- Up-to-date: /home/jucy/ydlidar_ws_11_29/install/nav_2d_msgs/include/nav_2d_msgs/msg/rosidl_typesupport_fastrtps_cpp__visibility_control.h
[0.619s] -- Up-to-date: /home/jucy/ydlidar_ws_11_29/install/nav_2d_msgs/include/nav_2d_msgs/msg/detail
[0.620s] -- Up-to-date: /home/jucy/ydlidar_ws_11_29/install/nav_2d_msgs/include/nav_2d_msgs/msg/detail/twist2_d32__rosidl_typesupport_fastrtps_cpp.hpp
[0.620s] -- Up-to-date: /home/jucy/ydlidar_ws_11_29/install/nav_2d_msgs/include/nav_2d_msgs/msg/detail/twist2_d_stamped__rosidl_typesupport_fastrtps_cpp.hpp
[0.621s] -- Up-to-date: /home/jucy/ydlidar_ws_11_29/install/nav_2d_msgs/include/nav_2d_msgs/msg/detail/pose2_d32__rosidl_typesupport_fastrtps_cpp.hpp
[0.621s] -- Up-to-date: /home/jucy/ydlidar_ws_11_29/install/nav_2d_msgs/include/nav_2d_msgs/msg/detail/pose2_d_stamped__rosidl_typesupport_fastrtps_cpp.hpp
[0.621s] -- Up-to-date: /home/jucy/ydlidar_ws_11_29/install/nav_2d_msgs/include/nav_2d_msgs/msg/detail/path2_d__rosidl_typesupport_fastrtps_cpp.hpp
[0.621s] -- Up-to-date: /home/jucy/ydlidar_ws_11_29/install/nav_2d_msgs/include/nav_2d_msgs/msg/detail/twist2_d__rosidl_typesupport_fastrtps_cpp.hpp
[0.622s] -- Up-to-date: /home/jucy/ydlidar_ws_11_29/install/nav_2d_msgs/include/nav_2d_msgs/msg/detail/dds_fastrtps
[0.622s] -- Up-to-date: /home/jucy/ydlidar_ws_11_29/install/nav_2d_msgs/lib/libnav_2d_msgs__rosidl_typesupport_fastrtps_cpp.so
[0.622s] -- Up-to-date: /home/jucy/ydlidar_ws_11_29/install/nav_2d_msgs/include/nav_2d_msgs
[0.622s] -- Up-to-date: /home/jucy/ydlidar_ws_11_29/install/nav_2d_msgs/include/nav_2d_msgs/msg
[0.623s] -- Up-to-date: /home/jucy/ydlidar_ws_11_29/install/nav_2d_msgs/include/nav_2d_msgs/msg/rosidl_typesupport_introspection_c__visibility_control.h
[0.623s] -- Up-to-date: /home/jucy/ydlidar_ws_11_29/install/nav_2d_msgs/include/nav_2d_msgs/msg/detail
[0.624s] -- Up-to-date: /home/jucy/ydlidar_ws_11_29/install/nav_2d_msgs/include/nav_2d_msgs/msg/detail/twist2_d_stamped__rosidl_typesupport_introspection_c.h
[0.624s] -- Up-to-date: /home/jucy/ydlidar_ws_11_29/install/nav_2d_msgs/include/nav_2d_msgs/msg/detail/twist2_d__rosidl_typesupport_introspection_c.h
[0.625s] -- Up-to-date: /home/jucy/ydlidar_ws_11_29/install/nav_2d_msgs/include/nav_2d_msgs/msg/detail/pose2_d_stamped__rosidl_typesupport_introspection_c.h
[0.627s] -- Up-to-date: /home/jucy/ydlidar_ws_11_29/install/nav_2d_msgs/include/nav_2d_msgs/msg/detail/pose2_d_stamped__type_support.c
[0.627s] -- Up-to-date: /home/jucy/ydlidar_ws_11_29/install/nav_2d_msgs/include/nav_2d_msgs/msg/detail/pose2_d32__rosidl_typesupport_introspection_c.h
[0.627s] -- Up-to-date: /home/jucy/ydlidar_ws_11_29/install/nav_2d_msgs/include/nav_2d_msgs/msg/detail/path2_d__rosidl_typesupport_introspection_c.h
[0.628s] -- Up-to-date: /home/jucy/ydlidar_ws_11_29/install/nav_2d_msgs/include/nav_2d_msgs/msg/detail/path2_d__type_support.c
[0.628s] -- Up-to-date: /home/jucy/ydlidar_ws_11_29/install/nav_2d_msgs/include/nav_2d_msgs/msg/detail/twist2_d_stamped__type_support.c
[0.629s] -- Up-to-date: /home/jucy/ydlidar_ws_11_29/install/nav_2d_msgs/include/nav_2d_msgs/msg/detail/twist2_d32__rosidl_typesupport_introspection_c.h
[0.629s] -- Up-to-date: /home/jucy/ydlidar_ws_11_29/install/nav_2d_msgs/include/nav_2d_msgs/msg/detail/twist2_d__type_support.c
[0.630s] -- Up-to-date: /home/jucy/ydlidar_ws_11_29/install/nav_2d_msgs/include/nav_2d_msgs/msg/detail/pose2_d32__type_support.c
[0.631s] -- Up-to-date: /home/jucy/ydlidar_ws_11_29/install/nav_2d_msgs/include/nav_2d_msgs/msg/detail/twist2_d32__type_support.c
[0.631s] -- Up-to-date: /home/jucy/ydlidar_ws_11_29/install/nav_2d_msgs/lib/libnav_2d_msgs__rosidl_typesupport_introspection_c.so
[0.631s] -- Up-to-date: /home/jucy/ydlidar_ws_11_29/install/nav_2d_msgs/lib/libnav_2d_msgs__rosidl_typesupport_c.so
[0.632s] -- Up-to-date: /home/jucy/ydlidar_ws_11_29/install/nav_2d_msgs/include/nav_2d_msgs
[0.633s] -- Up-to-date: /home/jucy/ydlidar_ws_11_29/install/nav_2d_msgs/include/nav_2d_msgs/msg
[0.633s] -- Up-to-date: /home/jucy/ydlidar_ws_11_29/install/nav_2d_msgs/include/nav_2d_msgs/msg/path2_d.hpp
[0.633s] -- Up-to-date: /home/jucy/ydlidar_ws_11_29/install/nav_2d_msgs/include/nav_2d_msgs/msg/rosidl_generator_cpp__visibility_control.hpp
[0.633s] -- Up-to-date: /home/jucy/ydlidar_ws_11_29/install/nav_2d_msgs/include/nav_2d_msgs/msg/twist2_d_stamped.hpp
[0.634s] -- Up-to-date: /home/jucy/ydlidar_ws_11_29/install/nav_2d_msgs/include/nav_2d_msgs/msg/pose2_d32.hpp
[0.635s] -- Up-to-date: /home/jucy/ydlidar_ws_11_29/install/nav_2d_msgs/include/nav_2d_msgs/msg/pose2_d_stamped.hpp
[0.635s] -- Up-to-date: /home/jucy/ydlidar_ws_11_29/install/nav_2d_msgs/include/nav_2d_msgs/msg/detail
[0.635s] -- Up-to-date: /home/jucy/ydlidar_ws_11_29/install/nav_2d_msgs/include/nav_2d_msgs/msg/detail/pose2_d_stamped__traits.hpp
[0.636s] -- Up-to-date: /home/jucy/ydlidar_ws_11_29/install/nav_2d_msgs/include/nav_2d_msgs/msg/detail/twist2_d_stamped__traits.hpp
[0.636s] -- Up-to-date: /home/jucy/ydlidar_ws_11_29/install/nav_2d_msgs/include/nav_2d_msgs/msg/detail/twist2_d32__builder.hpp
[0.636s] -- Up-to-date: /home/jucy/ydlidar_ws_11_29/install/nav_2d_msgs/include/nav_2d_msgs/msg/detail/twist2_d__type_support.hpp
[0.636s] -- Up-to-date: /home/jucy/ydlidar_ws_11_29/install/nav_2d_msgs/include/nav_2d_msgs/msg/detail/twist2_d_stamped__struct.hpp
[0.636s] -- Up-to-date: /home/jucy/ydlidar_ws_11_29/install/nav_2d_msgs/include/nav_2d_msgs/msg/detail/path2_d__traits.hpp
[0.637s] -- Up-to-date: /home/jucy/ydlidar_ws_11_29/install/nav_2d_msgs/include/nav_2d_msgs/msg/detail/pose2_d32__type_support.hpp
[0.637s] -- Up-to-date: /home/jucy/ydlidar_ws_11_29/install/nav_2d_msgs/include/nav_2d_msgs/msg/detail/path2_d__builder.hpp
[0.637s] -- Up-to-date: /home/jucy/ydlidar_ws_11_29/install/nav_2d_msgs/include/nav_2d_msgs/msg/detail/pose2_d_stamped__type_support.hpp
[0.637s] -- Up-to-date: /home/jucy/ydlidar_ws_11_29/install/nav_2d_msgs/include/nav_2d_msgs/msg/detail/twist2_d__struct.hpp
[0.637s] -- Up-to-date: /home/jucy/ydlidar_ws_11_29/install/nav_2d_msgs/include/nav_2d_msgs/msg/detail/path2_d__type_support.hpp
[0.637s] -- Up-to-date: /home/jucy/ydlidar_ws_11_29/install/nav_2d_msgs/include/nav_2d_msgs/msg/detail/pose2_d32__builder.hpp
[0.637s] -- Up-to-date: /home/jucy/ydlidar_ws_11_29/install/nav_2d_msgs/include/nav_2d_msgs/msg/detail/twist2_d__traits.hpp
[0.638s] -- Up-to-date: /home/jucy/ydlidar_ws_11_29/install/nav_2d_msgs/include/nav_2d_msgs/msg/detail/twist2_d_stamped__type_support.hpp
[0.638s] -- Up-to-date: /home/jucy/ydlidar_ws_11_29/install/nav_2d_msgs/include/nav_2d_msgs/msg/detail/pose2_d32__struct.hpp
[0.638s] -- Up-to-date: /home/jucy/ydlidar_ws_11_29/install/nav_2d_msgs/include/nav_2d_msgs/msg/detail/twist2_d32__type_support.hpp
[0.638s] -- Up-to-date: /home/jucy/ydlidar_ws_11_29/install/nav_2d_msgs/include/nav_2d_msgs/msg/detail/path2_d__struct.hpp
[0.638s] -- Up-to-date: /home/jucy/ydlidar_ws_11_29/install/nav_2d_msgs/include/nav_2d_msgs/msg/detail/twist2_d32__struct.hpp
[0.638s] -- Up-to-date: /home/jucy/ydlidar_ws_11_29/install/nav_2d_msgs/include/nav_2d_msgs/msg/detail/pose2_d32__traits.hpp
[0.639s] -- Up-to-date: /home/jucy/ydlidar_ws_11_29/install/nav_2d_msgs/include/nav_2d_msgs/msg/detail/pose2_d_stamped__builder.hpp
[0.639s] -- Up-to-date: /home/jucy/ydlidar_ws_11_29/install/nav_2d_msgs/include/nav_2d_msgs/msg/detail/twist2_d32__traits.hpp
[0.639s] -- Up-to-date: /home/jucy/ydlidar_ws_11_29/install/nav_2d_msgs/include/nav_2d_msgs/msg/detail/twist2_d_stamped__builder.hpp
[0.639s] -- Up-to-date: /home/jucy/ydlidar_ws_11_29/install/nav_2d_msgs/include/nav_2d_msgs/msg/detail/pose2_d_stamped__struct.hpp
[0.639s] -- Up-to-date: /home/jucy/ydlidar_ws_11_29/install/nav_2d_msgs/include/nav_2d_msgs/msg/detail/twist2_d__builder.hpp
[0.640s] -- Up-to-date: /home/jucy/ydlidar_ws_11_29/install/nav_2d_msgs/include/nav_2d_msgs/msg/twist2_d32.hpp
[0.640s] -- Up-to-date: /home/jucy/ydlidar_ws_11_29/install/nav_2d_msgs/include/nav_2d_msgs/msg/twist2_d.hpp
[0.641s] -- Up-to-date: /home/jucy/ydlidar_ws_11_29/install/nav_2d_msgs/include/nav_2d_msgs
[0.641s] -- Up-to-date: /home/jucy/ydlidar_ws_11_29/install/nav_2d_msgs/include/nav_2d_msgs/msg
[0.641s] -- Up-to-date: /home/jucy/ydlidar_ws_11_29/install/nav_2d_msgs/include/nav_2d_msgs/msg/detail
[0.641s] -- Up-to-date: /home/jucy/ydlidar_ws_11_29/install/nav_2d_msgs/include/nav_2d_msgs/msg/detail/path2_d__rosidl_typesupport_introspection_cpp.hpp
[0.655s] -- Up-to-date: /home/jucy/ydlidar_ws_11_29/install/nav_2d_msgs/include/nav_2d_msgs/msg/detail/twist2_d_stamped__rosidl_typesupport_introspection_cpp.hpp
[0.655s] -- Up-to-date: /home/jucy/ydlidar_ws_11_29/install/nav_2d_msgs/include/nav_2d_msgs/msg/detail/twist2_d__type_support.cpp
[0.655s] -- Up-to-date: /home/jucy/ydlidar_ws_11_29/install/nav_2d_msgs/include/nav_2d_msgs/msg/detail/twist2_d32__type_support.cpp
[0.656s] -- Up-to-date: /home/jucy/ydlidar_ws_11_29/install/nav_2d_msgs/include/nav_2d_msgs/msg/detail/twist2_d__rosidl_typesupport_introspection_cpp.hpp
[0.656s] -- Up-to-date: /home/jucy/ydlidar_ws_11_29/install/nav_2d_msgs/include/nav_2d_msgs/msg/detail/pose2_d32__rosidl_typesupport_introspection_cpp.hpp
[0.656s] -- Up-to-date: /home/jucy/ydlidar_ws_11_29/install/nav_2d_msgs/include/nav_2d_msgs/msg/detail/twist2_d_stamped__type_support.cpp
[0.656s] -- Up-to-date: /home/jucy/ydlidar_ws_11_29/install/nav_2d_msgs/include/nav_2d_msgs/msg/detail/pose2_d_stamped__type_support.cpp
[0.657s] -- Up-to-date: /home/jucy/ydlidar_ws_11_29/install/nav_2d_msgs/include/nav_2d_msgs/msg/detail/twist2_d32__rosidl_typesupport_introspection_cpp.hpp
[0.657s] -- Up-to-date: /home/jucy/ydlidar_ws_11_29/install/nav_2d_msgs/include/nav_2d_msgs/msg/detail/pose2_d32__type_support.cpp
[0.657s] -- Up-to-date: /home/jucy/ydlidar_ws_11_29/install/nav_2d_msgs/include/nav_2d_msgs/msg/detail/path2_d__type_support.cpp
[0.657s] -- Up-to-date: /home/jucy/ydlidar_ws_11_29/install/nav_2d_msgs/include/nav_2d_msgs/msg/detail/pose2_d_stamped__rosidl_typesupport_introspection_cpp.hpp
[0.657s] -- Up-to-date: /home/jucy/ydlidar_ws_11_29/install/nav_2d_msgs/lib/libnav_2d_msgs__rosidl_typesupport_introspection_cpp.so
[0.657s] -- Up-to-date: /home/jucy/ydlidar_ws_11_29/install/nav_2d_msgs/lib/libnav_2d_msgs__rosidl_typesupport_cpp.so
[0.658s] -- Up-to-date: /home/jucy/ydlidar_ws_11_29/install/nav_2d_msgs/share/nav_2d_msgs/environment/pythonpath.sh
[0.658s] -- Up-to-date: /home/jucy/ydlidar_ws_11_29/install/nav_2d_msgs/share/nav_2d_msgs/environment/pythonpath.dsv
[0.658s] -- Up-to-date: /home/jucy/ydlidar_ws_11_29/install/nav_2d_msgs/lib/python3.8/site-packages/nav_2d_msgs/__init__.py
[0.659s] -- Up-to-date: /home/jucy/ydlidar_ws_11_29/install/nav_2d_msgs/lib/python3.8/site-packages/nav_2d_msgs/msg
[0.659s] -- Up-to-date: /home/jucy/ydlidar_ws_11_29/install/nav_2d_msgs/lib/python3.8/site-packages/nav_2d_msgs/msg/_twist2_d32.py
[0.659s] -- Up-to-date: /home/jucy/ydlidar_ws_11_29/install/nav_2d_msgs/lib/python3.8/site-packages/nav_2d_msgs/msg/_pose2_d32_s.c
[0.659s] -- Up-to-date: /home/jucy/ydlidar_ws_11_29/install/nav_2d_msgs/lib/python3.8/site-packages/nav_2d_msgs/msg/_path2_d_s.c
[0.659s] -- Up-to-date: /home/jucy/ydlidar_ws_11_29/install/nav_2d_msgs/lib/python3.8/site-packages/nav_2d_msgs/msg/_twist2_d32_s.c
[0.660s] -- Up-to-date: /home/jucy/ydlidar_ws_11_29/install/nav_2d_msgs/lib/python3.8/site-packages/nav_2d_msgs/msg/_twist2_d_s.c
[0.660s] -- Up-to-date: /home/jucy/ydlidar_ws_11_29/install/nav_2d_msgs/lib/python3.8/site-packages/nav_2d_msgs/msg/_twist2_d.py
[0.660s] -- Up-to-date: /home/jucy/ydlidar_ws_11_29/install/nav_2d_msgs/lib/python3.8/site-packages/nav_2d_msgs/msg/_twist2_d_stamped.py
[0.660s] -- Up-to-date: /home/jucy/ydlidar_ws_11_29/install/nav_2d_msgs/lib/python3.8/site-packages/nav_2d_msgs/msg/_pose2_d_stamped.py
[0.660s] -- Up-to-date: /home/jucy/ydlidar_ws_11_29/install/nav_2d_msgs/lib/python3.8/site-packages/nav_2d_msgs/msg/_pose2_d_stamped_s.c
[0.660s] -- Up-to-date: /home/jucy/ydlidar_ws_11_29/install/nav_2d_msgs/lib/python3.8/site-packages/nav_2d_msgs/msg/_path2_d.py
[0.660s] -- Up-to-date: /home/jucy/ydlidar_ws_11_29/install/nav_2d_msgs/lib/python3.8/site-packages/nav_2d_msgs/msg/__init__.py
[0.661s] -- Up-to-date: /home/jucy/ydlidar_ws_11_29/install/nav_2d_msgs/lib/python3.8/site-packages/nav_2d_msgs/msg/_twist2_d_stamped_s.c
[0.661s] -- Up-to-date: /home/jucy/ydlidar_ws_11_29/install/nav_2d_msgs/lib/python3.8/site-packages/nav_2d_msgs/msg/_pose2_d32.py
[0.661s] -- Up-to-date: /home/jucy/ydlidar_ws_11_29/install/nav_2d_msgs/lib/python3.8/site-packages/nav_2d_msgs/nav_2d_msgs_s__rosidl_typesupport_fastrtps_c.cpython-38-x86_64-linux-gnu.so
[0.662s] -- Up-to-date: /home/jucy/ydlidar_ws_11_29/install/nav_2d_msgs/lib/python3.8/site-packages/nav_2d_msgs/nav_2d_msgs_s__rosidl_typesupport_introspection_c.cpython-38-x86_64-linux-gnu.so
[0.664s] -- Up-to-date: /home/jucy/ydlidar_ws_11_29/install/nav_2d_msgs/lib/python3.8/site-packages/nav_2d_msgs/nav_2d_msgs_s__rosidl_typesupport_c.cpython-38-x86_64-linux-gnu.so
[0.665s] -- Up-to-date: /home/jucy/ydlidar_ws_11_29/install/nav_2d_msgs/lib/libnav_2d_msgs__python.so
[0.665s] -- Up-to-date: /home/jucy/ydlidar_ws_11_29/install/nav_2d_msgs/share/nav_2d_msgs/msg/Path2D.idl
[0.665s] -- Up-to-date: /home/jucy/ydlidar_ws_11_29/install/nav_2d_msgs/share/nav_2d_msgs/msg/Pose2D32.idl
[0.665s] -- Up-to-date: /home/jucy/ydlidar_ws_11_29/install/nav_2d_msgs/share/nav_2d_msgs/msg/Pose2DStamped.idl
[0.665s] -- Up-to-date: /home/jucy/ydlidar_ws_11_29/install/nav_2d_msgs/share/nav_2d_msgs/msg/Twist2D.idl
[0.665s] -- Up-to-date: /home/jucy/ydlidar_ws_11_29/install/nav_2d_msgs/share/nav_2d_msgs/msg/Twist2D32.idl
[0.665s] -- Up-to-date: /home/jucy/ydlidar_ws_11_29/install/nav_2d_msgs/share/nav_2d_msgs/msg/Twist2DStamped.idl
[0.666s] -- Up-to-date: /home/jucy/ydlidar_ws_11_29/install/nav_2d_msgs/share/nav_2d_msgs/msg/Path2D.msg
[0.666s] -- Up-to-date: /home/jucy/ydlidar_ws_11_29/install/nav_2d_msgs/share/nav_2d_msgs/msg/Pose2D32.msg
[0.666s] -- Up-to-date: /home/jucy/ydlidar_ws_11_29/install/nav_2d_msgs/share/nav_2d_msgs/msg/Pose2DStamped.msg
[0.666s] -- Up-to-date: /home/jucy/ydlidar_ws_11_29/install/nav_2d_msgs/share/nav_2d_msgs/msg/Twist2D.msg
[0.666s] -- Up-to-date: /home/jucy/ydlidar_ws_11_29/install/nav_2d_msgs/share/nav_2d_msgs/msg/Twist2D32.msg
[0.666s] -- Up-to-date: /home/jucy/ydlidar_ws_11_29/install/nav_2d_msgs/share/nav_2d_msgs/msg/Twist2DStamped.msg
[0.666s] -- Up-to-date: /home/jucy/ydlidar_ws_11_29/install/nav_2d_msgs/share/ament_index/resource_index/package_run_dependencies/nav_2d_msgs
[0.667s] -- Up-to-date: /home/jucy/ydlidar_ws_11_29/install/nav_2d_msgs/share/ament_index/resource_index/parent_prefix_path/nav_2d_msgs
[0.667s] -- Up-to-date: /home/jucy/ydlidar_ws_11_29/install/nav_2d_msgs/share/nav_2d_msgs/environment/ament_prefix_path.sh
[0.667s] -- Up-to-date: /home/jucy/ydlidar_ws_11_29/install/nav_2d_msgs/share/nav_2d_msgs/environment/ament_prefix_path.dsv
[0.667s] -- Up-to-date: /home/jucy/ydlidar_ws_11_29/install/nav_2d_msgs/share/nav_2d_msgs/environment/path.sh
[0.667s] -- Up-to-date: /home/jucy/ydlidar_ws_11_29/install/nav_2d_msgs/share/nav_2d_msgs/environment/path.dsv
[0.667s] -- Up-to-date: /home/jucy/ydlidar_ws_11_29/install/nav_2d_msgs/share/nav_2d_msgs/local_setup.bash
[0.667s] -- Up-to-date: /home/jucy/ydlidar_ws_11_29/install/nav_2d_msgs/share/nav_2d_msgs/local_setup.sh
[0.668s] -- Up-to-date: /home/jucy/ydlidar_ws_11_29/install/nav_2d_msgs/share/nav_2d_msgs/local_setup.zsh
[0.668s] -- Up-to-date: /home/jucy/ydlidar_ws_11_29/install/nav_2d_msgs/share/nav_2d_msgs/local_setup.dsv
[0.668s] -- Installing: /home/jucy/ydlidar_ws_11_29/install/nav_2d_msgs/share/nav_2d_msgs/package.dsv
[0.668s] -- Up-to-date: /home/jucy/ydlidar_ws_11_29/install/nav_2d_msgs/share/ament_index/resource_index/packages/nav_2d_msgs
[0.668s] -- Up-to-date: /home/jucy/ydlidar_ws_11_29/install/nav_2d_msgs/share/nav_2d_msgs/cmake/nav_2d_msgs__rosidl_generator_cExport.cmake
[0.668s] -- Up-to-date: /home/jucy/ydlidar_ws_11_29/install/nav_2d_msgs/share/nav_2d_msgs/cmake/nav_2d_msgs__rosidl_generator_cExport-noconfig.cmake
[0.668s] -- Up-to-date: /home/jucy/ydlidar_ws_11_29/install/nav_2d_msgs/share/nav_2d_msgs/cmake/nav_2d_msgs__rosidl_typesupport_introspection_cExport.cmake
[0.669s] -- Up-to-date: /home/jucy/ydlidar_ws_11_29/install/nav_2d_msgs/share/nav_2d_msgs/cmake/nav_2d_msgs__rosidl_typesupport_introspection_cExport-noconfig.cmake
[0.669s] -- Up-to-date: /home/jucy/ydlidar_ws_11_29/install/nav_2d_msgs/share/nav_2d_msgs/cmake/nav_2d_msgs__rosidl_typesupport_cExport.cmake
[0.669s] -- Up-to-date: /home/jucy/ydlidar_ws_11_29/install/nav_2d_msgs/share/nav_2d_msgs/cmake/nav_2d_msgs__rosidl_typesupport_cExport-noconfig.cmake
[0.669s] -- Up-to-date: /home/jucy/ydlidar_ws_11_29/install/nav_2d_msgs/share/nav_2d_msgs/cmake/nav_2d_msgs__rosidl_generator_cppExport.cmake
[0.669s] -- Up-to-date: /home/jucy/ydlidar_ws_11_29/install/nav_2d_msgs/share/nav_2d_msgs/cmake/nav_2d_msgs__rosidl_typesupport_introspection_cppExport.cmake
[0.669s] -- Up-to-date: /home/jucy/ydlidar_ws_11_29/install/nav_2d_msgs/share/nav_2d_msgs/cmake/nav_2d_msgs__rosidl_typesupport_introspection_cppExport-noconfig.cmake
[0.669s] -- Up-to-date: /home/jucy/ydlidar_ws_11_29/install/nav_2d_msgs/share/nav_2d_msgs/cmake/nav_2d_msgs__rosidl_typesupport_cppExport.cmake
[0.669s] -- Up-to-date: /home/jucy/ydlidar_ws_11_29/install/nav_2d_msgs/share/nav_2d_msgs/cmake/nav_2d_msgs__rosidl_typesupport_cppExport-noconfig.cmake
[0.670s] -- Up-to-date: /home/jucy/ydlidar_ws_11_29/install/nav_2d_msgs/share/nav_2d_msgs/cmake/rosidl_cmake-extras.cmake
[0.670s] -- Up-to-date: /home/jucy/ydlidar_ws_11_29/install/nav_2d_msgs/share/nav_2d_msgs/cmake/ament_cmake_export_dependencies-extras.cmake
[0.670s] -- Up-to-date: /home/jucy/ydlidar_ws_11_29/install/nav_2d_msgs/share/nav_2d_msgs/cmake/ament_cmake_export_libraries-extras.cmake
[0.670s] -- Up-to-date: /home/jucy/ydlidar_ws_11_29/install/nav_2d_msgs/share/nav_2d_msgs/cmake/ament_cmake_export_targets-extras.cmake
[0.670s] -- Up-to-date: /home/jucy/ydlidar_ws_11_29/install/nav_2d_msgs/share/nav_2d_msgs/cmake/ament_cmake_export_include_directories-extras.cmake
[0.670s] -- Up-to-date: /home/jucy/ydlidar_ws_11_29/install/nav_2d_msgs/share/nav_2d_msgs/cmake/rosidl_cmake_export_typesupport_libraries-extras.cmake
[0.670s] -- Up-to-date: /home/jucy/ydlidar_ws_11_29/install/nav_2d_msgs/share/nav_2d_msgs/cmake/rosidl_cmake_export_typesupport_targets-extras.cmake
[0.671s] -- Up-to-date: /home/jucy/ydlidar_ws_11_29/install/nav_2d_msgs/share/nav_2d_msgs/cmake/nav_2d_msgsConfig.cmake
[0.671s] -- Up-to-date: /home/jucy/ydlidar_ws_11_29/install/nav_2d_msgs/share/nav_2d_msgs/cmake/nav_2d_msgsConfig-version.cmake
[0.671s] -- Up-to-date: /home/jucy/ydlidar_ws_11_29/install/nav_2d_msgs/share/nav_2d_msgs/package.xml
[0.729s] Invoked command in '/home/jucy/ydlidar_ws_11_29/build/nav_2d_msgs' returned '0': CMAKE_PREFIX_PATH=${CMAKE_PREFIX_PATH}:/home/jucy/ydlidar_ws_11_29/install/nav2_gazebo_spawner:/home/jucy/ydlidar_ws_11_29/install/jdamr200_node:/home/jucy/turtlebot3_ws/install/turtlebot3_teleop:/home/jucy/turtlebot3_ws/install/turtlebot3_example:/home/jucy/turtlebot3_ws/install/nav2_goal_pulisher_test:/home/jucy/turtlebot3_ws/install/nav2_goal_publisher:/home/jucy/ros2_ws/install/camera_udp_communication:/home/jucy/ros2_ws/install/agv_control_py:/home/jucy/ydlidar_ros2_ws/install/jdamr200_teleop:/home/jucy/ydlidar_ros2_ws/install/jdamr200_node /usr/bin/cmake --install /home/jucy/ydlidar_ws_11_29/build/nav_2d_msgs
