[0.060s] Invoking command in '/home/jucy/ydlidar_ws_11_29/build/nav2_planner': AMENT_PREFIX_PATH=/home/jucy/ydlidar_ws_11_29/install/nav2_core:/home/jucy/ydlidar_ws_11_29/install/nav2_costmap_2d:/home/jucy/ydlidar_ws_11_29/install/nav2_map_server:/home/jucy/ydlidar_ws_11_29/install/nav2_lifecycle_manager:/home/jucy/ydlidar_ws_11_29/install/nav2_util:/home/jucy/ydlidar_ws_11_29/install/nav2_voxel_grid:/home/jucy/ydlidar_ws_11_29/install/nav2_msgs:/home/jucy/ydlidar_ws_11_29/install/nav2_common:${AMENT_PREFIX_PATH} CMAKE_PREFIX_PATH=/home/jucy/ydlidar_ws_11_29/install/nav2_core:/home/jucy/ydlidar_ws_11_29/install/nav2_costmap_2d:/home/jucy/ydlidar_ws_11_29/install/nav2_map_server:/home/jucy/ydlidar_ws_11_29/install/nav2_lifecycle_manager:/home/jucy/ydlidar_ws_11_29/install/nav2_util:/home/jucy/ydlidar_ws_11_29/install/nav2_voxel_grid:/home/jucy/ydlidar_ws_11_29/install/nav2_msgs:/home/jucy/ydlidar_ws_11_29/install/nav2_common:/opt/ros/foxy:/opt/ros/foxy LD_LIBRARY_PATH=/home/jucy/ydlidar_ws_11_29/install/nav2_costmap_2d/lib:/home/jucy/ydlidar_ws_11_29/install/nav2_map_server/lib:/home/jucy/ydlidar_ws_11_29/install/nav2_lifecycle_manager/lib:/home/jucy/ydlidar_ws_11_29/install/nav2_util/lib:/home/jucy/ydlidar_ws_11_29/install/nav2_voxel_grid/lib:/home/jucy/ydlidar_ws_11_29/install/nav2_msgs/lib:${LD_LIBRARY_PATH} PYTHONPATH=/home/jucy/ydlidar_ws_11_29/install/nav2_msgs/lib/python3.8/site-packages:/home/jucy/ydlidar_ws_11_29/install/nav2_common/lib/python3.8/site-packages:${PYTHONPATH} /usr/bin/cmake --build /home/jucy/ydlidar_ws_11_29/build/nav2_planner -- -j12 -l12
[0.168s] [ 50%] Built target planner_server_core
[0.264s] [100%] Built target planner_server
[0.284s] Invoked command in '/home/jucy/ydlidar_ws_11_29/build/nav2_planner' returned '0': AMENT_PREFIX_PATH=/home/jucy/ydlidar_ws_11_29/install/nav2_core:/home/jucy/ydlidar_ws_11_29/install/nav2_costmap_2d:/home/jucy/ydlidar_ws_11_29/install/nav2_map_server:/home/jucy/ydlidar_ws_11_29/install/nav2_lifecycle_manager:/home/jucy/ydlidar_ws_11_29/install/nav2_util:/home/jucy/ydlidar_ws_11_29/install/nav2_voxel_grid:/home/jucy/ydlidar_ws_11_29/install/nav2_msgs:/home/jucy/ydlidar_ws_11_29/install/nav2_common:${AMENT_PREFIX_PATH} CMAKE_PREFIX_PATH=/home/jucy/ydlidar_ws_11_29/install/nav2_core:/home/jucy/ydlidar_ws_11_29/install/nav2_costmap_2d:/home/jucy/ydlidar_ws_11_29/install/nav2_map_server:/home/jucy/ydlidar_ws_11_29/install/nav2_lifecycle_manager:/home/jucy/ydlidar_ws_11_29/install/nav2_util:/home/jucy/ydlidar_ws_11_29/install/nav2_voxel_grid:/home/jucy/ydlidar_ws_11_29/install/nav2_msgs:/home/jucy/ydlidar_ws_11_29/install/nav2_common:/opt/ros/foxy:/opt/ros/foxy LD_LIBRARY_PATH=/home/jucy/ydlidar_ws_11_29/install/nav2_costmap_2d/lib:/home/jucy/ydlidar_ws_11_29/install/nav2_map_server/lib:/home/jucy/ydlidar_ws_11_29/install/nav2_lifecycle_manager/lib:/home/jucy/ydlidar_ws_11_29/install/nav2_util/lib:/home/jucy/ydlidar_ws_11_29/install/nav2_voxel_grid/lib:/home/jucy/ydlidar_ws_11_29/install/nav2_msgs/lib:${LD_LIBRARY_PATH} PYTHONPATH=/home/jucy/ydlidar_ws_11_29/install/nav2_msgs/lib/python3.8/site-packages:/home/jucy/ydlidar_ws_11_29/install/nav2_common/lib/python3.8/site-packages:${PYTHONPATH} /usr/bin/cmake --build /home/jucy/ydlidar_ws_11_29/build/nav2_planner -- -j12 -l12
[0.289s] Invoking command in '/home/jucy/ydlidar_ws_11_29/build/nav2_planner': AMENT_PREFIX_PATH=/home/jucy/ydlidar_ws_11_29/install/nav2_core:/home/jucy/ydlidar_ws_11_29/install/nav2_costmap_2d:/home/jucy/ydlidar_ws_11_29/install/nav2_map_server:/home/jucy/ydlidar_ws_11_29/install/nav2_lifecycle_manager:/home/jucy/ydlidar_ws_11_29/install/nav2_util:/home/jucy/ydlidar_ws_11_29/install/nav2_voxel_grid:/home/jucy/ydlidar_ws_11_29/install/nav2_msgs:/home/jucy/ydlidar_ws_11_29/install/nav2_common:${AMENT_PREFIX_PATH} CMAKE_PREFIX_PATH=/home/jucy/ydlidar_ws_11_29/install/nav2_core:/home/jucy/ydlidar_ws_11_29/install/nav2_costmap_2d:/home/jucy/ydlidar_ws_11_29/install/nav2_map_server:/home/jucy/ydlidar_ws_11_29/install/nav2_lifecycle_manager:/home/jucy/ydlidar_ws_11_29/install/nav2_util:/home/jucy/ydlidar_ws_11_29/install/nav2_voxel_grid:/home/jucy/ydlidar_ws_11_29/install/nav2_msgs:/home/jucy/ydlidar_ws_11_29/install/nav2_common:/opt/ros/foxy:/opt/ros/foxy LD_LIBRARY_PATH=/home/jucy/ydlidar_ws_11_29/install/nav2_costmap_2d/lib:/home/jucy/ydlidar_ws_11_29/install/nav2_map_server/lib:/home/jucy/ydlidar_ws_11_29/install/nav2_lifecycle_manager/lib:/home/jucy/ydlidar_ws_11_29/install/nav2_util/lib:/home/jucy/ydlidar_ws_11_29/install/nav2_voxel_grid/lib:/home/jucy/ydlidar_ws_11_29/install/nav2_msgs/lib:${LD_LIBRARY_PATH} PYTHONPATH=/home/jucy/ydlidar_ws_11_29/install/nav2_msgs/lib/python3.8/site-packages:/home/jucy/ydlidar_ws_11_29/install/nav2_common/lib/python3.8/site-packages:${PYTHONPATH} /usr/bin/cmake --install /home/jucy/ydlidar_ws_11_29/build/nav2_planner
[0.300s] -- Install configuration: "Release"
[0.303s] -- Up-to-date: /home/jucy/ydlidar_ws_11_29/install/nav2_planner/lib/libplanner_server_core.so
[0.304s] -- Up-to-date: /home/jucy/ydlidar_ws_11_29/install/nav2_planner/lib/nav2_planner/planner_server
[0.304s] -- Up-to-date: /home/jucy/ydlidar_ws_11_29/install/nav2_planner/include/
[0.305s] -- Up-to-date: /home/jucy/ydlidar_ws_11_29/install/nav2_planner/include//nav2_planner
[0.305s] -- Up-to-date: /home/jucy/ydlidar_ws_11_29/install/nav2_planner/include//nav2_planner/planner_server.hpp
[0.307s] -- Up-to-date: /home/jucy/ydlidar_ws_11_29/install/nav2_planner/share/nav2_planner/environment/library_path.sh
[0.308s] -- Up-to-date: /home/jucy/ydlidar_ws_11_29/install/nav2_planner/share/nav2_planner/environment/library_path.dsv
[0.310s] -- Up-to-date: /home/jucy/ydlidar_ws_11_29/install/nav2_planner/share/ament_index/resource_index/package_run_dependencies/nav2_planner
[0.312s] -- Up-to-date: /home/jucy/ydlidar_ws_11_29/install/nav2_planner/share/ament_index/resource_index/parent_prefix_path/nav2_planner
[0.312s] -- Up-to-date: /home/jucy/ydlidar_ws_11_29/install/nav2_planner/share/nav2_planner/environment/ament_prefix_path.sh
[0.312s] -- Up-to-date: /home/jucy/ydlidar_ws_11_29/install/nav2_planner/share/nav2_planner/environment/ament_prefix_path.dsv
[0.313s] -- Up-to-date: /home/jucy/ydlidar_ws_11_29/install/nav2_planner/share/nav2_planner/environment/path.sh
[0.313s] -- Up-to-date: /home/jucy/ydlidar_ws_11_29/install/nav2_planner/share/nav2_planner/environment/path.dsv
[0.313s] -- Up-to-date: /home/jucy/ydlidar_ws_11_29/install/nav2_planner/share/nav2_planner/local_setup.bash
[0.313s] -- Up-to-date: /home/jucy/ydlidar_ws_11_29/install/nav2_planner/share/nav2_planner/local_setup.sh
[0.314s] -- Up-to-date: /home/jucy/ydlidar_ws_11_29/install/nav2_planner/share/nav2_planner/local_setup.zsh
[0.314s] -- Up-to-date: /home/jucy/ydlidar_ws_11_29/install/nav2_planner/share/nav2_planner/local_setup.dsv
[0.314s] -- Installing: /home/jucy/ydlidar_ws_11_29/install/nav2_planner/share/nav2_planner/package.dsv
[0.314s] -- Up-to-date: /home/jucy/ydlidar_ws_11_29/install/nav2_planner/share/ament_index/resource_index/packages/nav2_planner
[0.314s] -- Up-to-date: /home/jucy/ydlidar_ws_11_29/install/nav2_planner/share/nav2_planner/cmake/ament_cmake_export_include_directories-extras.cmake
[0.315s] -- Up-to-date: /home/jucy/ydlidar_ws_11_29/install/nav2_planner/share/nav2_planner/cmake/ament_cmake_export_libraries-extras.cmake
[0.315s] -- Up-to-date: /home/jucy/ydlidar_ws_11_29/install/nav2_planner/share/nav2_planner/cmake/ament_cmake_export_dependencies-extras.cmake
[0.315s] -- Up-to-date: /home/jucy/ydlidar_ws_11_29/install/nav2_planner/share/nav2_planner/cmake/ament_cmake_export_definitions-extras.cmake
[0.315s] -- Up-to-date: /home/jucy/ydlidar_ws_11_29/install/nav2_planner/share/nav2_planner/cmake/nav2_plannerConfig.cmake
[0.315s] -- Up-to-date: /home/jucy/ydlidar_ws_11_29/install/nav2_planner/share/nav2_planner/cmake/nav2_plannerConfig-version.cmake
[0.315s] -- Up-to-date: /home/jucy/ydlidar_ws_11_29/install/nav2_planner/share/nav2_planner/package.xml
[0.384s] Invoked command in '/home/jucy/ydlidar_ws_11_29/build/nav2_planner' returned '0': AMENT_PREFIX_PATH=/home/jucy/ydlidar_ws_11_29/install/nav2_core:/home/jucy/ydlidar_ws_11_29/install/nav2_costmap_2d:/home/jucy/ydlidar_ws_11_29/install/nav2_map_server:/home/jucy/ydlidar_ws_11_29/install/nav2_lifecycle_manager:/home/jucy/ydlidar_ws_11_29/install/nav2_util:/home/jucy/ydlidar_ws_11_29/install/nav2_voxel_grid:/home/jucy/ydlidar_ws_11_29/install/nav2_msgs:/home/jucy/ydlidar_ws_11_29/install/nav2_common:${AMENT_PREFIX_PATH} CMAKE_PREFIX_PATH=/home/jucy/ydlidar_ws_11_29/install/nav2_core:/home/jucy/ydlidar_ws_11_29/install/nav2_costmap_2d:/home/jucy/ydlidar_ws_11_29/install/nav2_map_server:/home/jucy/ydlidar_ws_11_29/install/nav2_lifecycle_manager:/home/jucy/ydlidar_ws_11_29/install/nav2_util:/home/jucy/ydlidar_ws_11_29/install/nav2_voxel_grid:/home/jucy/ydlidar_ws_11_29/install/nav2_msgs:/home/jucy/ydlidar_ws_11_29/install/nav2_common:/opt/ros/foxy:/opt/ros/foxy LD_LIBRARY_PATH=/home/jucy/ydlidar_ws_11_29/install/nav2_costmap_2d/lib:/home/jucy/ydlidar_ws_11_29/install/nav2_map_server/lib:/home/jucy/ydlidar_ws_11_29/install/nav2_lifecycle_manager/lib:/home/jucy/ydlidar_ws_11_29/install/nav2_util/lib:/home/jucy/ydlidar_ws_11_29/install/nav2_voxel_grid/lib:/home/jucy/ydlidar_ws_11_29/install/nav2_msgs/lib:${LD_LIBRARY_PATH} PYTHONPATH=/home/jucy/ydlidar_ws_11_29/install/nav2_msgs/lib/python3.8/site-packages:/home/jucy/ydlidar_ws_11_29/install/nav2_common/lib/python3.8/site-packages:${PYTHONPATH} /usr/bin/cmake --install /home/jucy/ydlidar_ws_11_29/build/nav2_planner
